#
# There is insufficient memory for the Java Runtime Environment to continue.
# Native memory allocation (mmap) failed to map 320864256 bytes for G1 virtual space
# Possible reasons:
#   The system is out of physical RAM or swap space
#   The process is running with CompressedOops enabled, and the Java Heap may be blocking the growth of the native heap
# Possible solutions:
#   Reduce memory load on the system
#   Increase physical memory or swap space
#   Check if swap backing store is full
#   Decrease Java heap size (-Xmx/-Xms)
#   Decrease number of Java threads
#   Decrease Java thread stack sizes (-Xss)
#   Set larger code cache with -XX:ReservedCodeCacheSize=
#   JVM is running with Unscaled Compressed Oops mode in which the Java heap is
#     placed in the first 4GB address space. The Java Heap base address is the
#     maximum limit for the native heap growth. Please use -XX:HeapBaseMinAddress
#     to set the Java Heap base and to place the Java Heap above 4GB virtual address.
# This output file may be truncated or incomplete.
#
#  Out of Memory Error (os_windows.cpp:3769), pid=4636, tid=11880
#
# JRE version: OpenJDK Runtime Environment (17.0.6) (build 17.0.6+0-b2043.56-10027231)
# Java VM: OpenJDK 64-Bit Server VM (17.0.6+0-b2043.56-10027231, mixed mode, tiered, compressed oops, compressed class ptrs, g1 gc, windows-amd64)
# No core dump will be written. Minidumps are not enabled by default on client versions of Windows
#

---------------  S U M M A R Y ------------

Command Line: --add-opens=java.base/java.util=ALL-UNNAMED --add-opens=java.base/java.lang=ALL-UNNAMED --add-opens=java.base/java.lang.invoke=ALL-UNNAMED --add-opens=java.prefs/java.util.prefs=ALL-UNNAMED --add-opens=java.base/java.nio.charset=ALL-UNNAMED --add-opens=java.base/java.net=ALL-UNNAMED --add-opens=java.base/java.util.concurrent.atomic=ALL-UNNAMED -Xmx2048m -Dfile.encoding=UTF-8 -Duser.country=BR -Duser.language=pt -Duser.variant org.gradle.launcher.daemon.bootstrap.GradleDaemon 8.0

Host: AMD Ryzen 3 2200G with Radeon Vega Graphics    , 4 cores, 13G,  Windows 10 , 64 bit Build 19041 (10.0.19041.3155)
Time: Mon Aug 28 20:42:55 2023 Hora oficial do Brasil elapsed time: 39.045151 seconds (0d 0h 0m 39s)

---------------  T H R E A D  ---------------

Current thread (0x000001eafea5c250):  VMThread "VM Thread" [stack: 0x0000006e5c300000,0x0000006e5c400000] [id=11880]

Stack: [0x0000006e5c300000,0x0000006e5c400000]
Native frames: (J=compiled Java code, j=interpreted, Vv=VM code, C=native code)
V  [jvm.dll+0x683c9a]
V  [jvm.dll+0x8427a4]
V  [jvm.dll+0x843f9e]
V  [jvm.dll+0x844603]
V  [jvm.dll+0x249b75]
V  [jvm.dll+0x680b69]
V  [jvm.dll+0x67505a]
V  [jvm.dll+0x309acb]
V  [jvm.dll+0x310f86]
V  [jvm.dll+0x3608ee]
V  [jvm.dll+0x360b1f]
V  [jvm.dll+0x2dfbf8]
V  [jvm.dll+0x2ddec4]
V  [jvm.dll+0x2dd4cc]
V  [jvm.dll+0x321f3b]
V  [jvm.dll+0x848ccb]
V  [jvm.dll+0x849a04]
V  [jvm.dll+0x849f1d]
V  [jvm.dll+0x84a2f4]
V  [jvm.dll+0x84a3c0]
V  [jvm.dll+0x7f274a]
V  [jvm.dll+0x682ad5]
C  [ucrtbase.dll+0x21bb2]
C  [KERNEL32.DLL+0x17614]
C  [ntdll.dll+0x526b1]

VM_Operation (0x0000006e62cfe6a0): G1CollectForAllocation, mode: safepoint, requested by thread 0x000001ea943c80f0


---------------  P R O C E S S  ---------------

Threads class SMR info:
_java_thread_list=0x000001ea86270750, length=100, elements={
0x000001eae9539360, 0x000001eaff433a70, 0x000001eafea5f680, 0x000001eaff40cfc0,
0x000001eaff40d880, 0x000001eaff40f150, 0x000001eaff43bf50, 0x000001eaff441c90,
0x000001eaff462430, 0x000001eaff462d30, 0x000001eaff5f8b00, 0x000001eaff5f6480,
0x000001eaff5f8630, 0x000001eaff5f8fd0, 0x000001eaff5f94a0, 0x000001eaff5f9970,
0x000001eaff5f6e20, 0x000001ea87f89640, 0x000001ea87f8ae50, 0x000001ea87f8a980,
0x000001ea87f8b320, 0x000001ea87f88ca0, 0x000001ea87f89fe0, 0x000001ea87f8bcc0,
0x000001ea87f8c190, 0x000001ea87f8c660, 0x000001ea88da49b0, 0x000001ea88da1e60,
0x000001eaff5f72f0, 0x000001ea87f1c220, 0x000001ea87f1c6f0, 0x000001ea87f1d560,
0x000001ea87f1cbc0, 0x000001ea87f1bd50, 0x000001ea87f1da30, 0x000001ea87f1aee0,
0x000001ea87f1d090, 0x000001ea87f1aa10, 0x000001ea87f1a070, 0x000001ea87f1a540,
0x000001ea87f1b3b0, 0x000001ea862830f0, 0x000001ea879ccfb0, 0x000001ea879cc610,
0x000001ea879cd480, 0x000001ea879d0970, 0x000001ea879cec90, 0x000001ea879cf630,
0x000001ea879cd950, 0x000001ea879cfb00, 0x000001ea879c9f90, 0x000001ea879cffd0,
0x000001ea879d04a0, 0x000001ea879ca460, 0x000001ea879cbc70, 0x000001ea879ccae0,
0x000001ea879cde20, 0x000001ea879ca930, 0x000001ea879c9120, 0x000001ea879ce7c0,
0x000001ea879cf160, 0x000001ea879cb2d0, 0x000001ea879c95f0, 0x000001ea879c9ac0,
0x000001ea88da31a0, 0x000001ea88da2800, 0x000001ea88da6b60, 0x000001ea88da2330,
0x000001ea88da3670, 0x000001ea88da2cd0, 0x000001ea88da3b40, 0x000001ea88da4010,
0x000001ea88da5350, 0x000001ea88da5cf0, 0x000001ea88da5820, 0x000001ea88da44e0,
0x000001ea88da61c0, 0x000001ea88da6690, 0x000001ea88da7030, 0x000001ea88da7500,
0x000001ea88da79d0, 0x000001ea88da14c0, 0x000001ea88da8840, 0x000001eaff5f5fb0,
0x000001eaff5f7c90, 0x000001eaff5f8160, 0x000001ea87f89b10, 0x000001ea87f8b7f0,
0x000001ea8d6116c0, 0x000001ea90724590, 0x000001ea8d944ad0, 0x000001ea8d60feb0,
0x000001ea8970c950, 0x000001eaff9aaed0, 0x000001eaff9aaa00, 0x000001eaff9ad550,
0x000001ea8970dc90, 0x000001ea8d947620, 0x000001ea943c80f0, 0x000001ea943c85c0
}

Java Threads: ( => current thread )
  0x000001eae9539360 JavaThread "main" [_thread_blocked, id=8300, stack(0x0000006e5bd00000,0x0000006e5be00000)]
  0x000001eaff433a70 JavaThread "Reference Handler" daemon [_thread_blocked, id=11168, stack(0x0000006e5c400000,0x0000006e5c500000)]
  0x000001eafea5f680 JavaThread "Finalizer" daemon [_thread_blocked, id=9684, stack(0x0000006e5c500000,0x0000006e5c600000)]
  0x000001eaff40cfc0 JavaThread "Signal Dispatcher" daemon [_thread_blocked, id=2908, stack(0x0000006e5c600000,0x0000006e5c700000)]
  0x000001eaff40d880 JavaThread "Attach Listener" daemon [_thread_blocked, id=11088, stack(0x0000006e5c700000,0x0000006e5c800000)]
  0x000001eaff40f150 JavaThread "Service Thread" daemon [_thread_blocked, id=3500, stack(0x0000006e5c800000,0x0000006e5c900000)]
  0x000001eaff43bf50 JavaThread "Monitor Deflation Thread" daemon [_thread_blocked, id=6440, stack(0x0000006e5c900000,0x0000006e5ca00000)]
  0x000001eaff441c90 JavaThread "C2 CompilerThread0" daemon [_thread_in_native, id=6184, stack(0x0000006e5ca00000,0x0000006e5cb00000)]
  0x000001eaff462430 JavaThread "C1 CompilerThread0" daemon [_thread_blocked, id=1064, stack(0x0000006e5cb00000,0x0000006e5cc00000)]
  0x000001eaff462d30 JavaThread "Sweeper thread" daemon [_thread_blocked, id=11524, stack(0x0000006e5cc00000,0x0000006e5cd00000)]
  0x000001eaff5f8b00 JavaThread "Common-Cleaner" daemon [_thread_blocked, id=7192, stack(0x0000006e5cd00000,0x0000006e5ce00000)]
  0x000001eaff5f6480 JavaThread "Notification Thread" daemon [_thread_blocked, id=672, stack(0x0000006e5ce00000,0x0000006e5cf00000)]
  0x000001eaff5f8630 JavaThread "Daemon health stats" [_thread_blocked, id=6208, stack(0x0000006e5d400000,0x0000006e5d500000)]
  0x000001eaff5f8fd0 JavaThread "Incoming local TCP Connector on port 53023" [_thread_in_native, id=12032, stack(0x0000006e5d500000,0x0000006e5d600000)]
  0x000001eaff5f94a0 JavaThread "Daemon periodic checks" [_thread_blocked, id=6588, stack(0x0000006e5d600000,0x0000006e5d700000)]
  0x000001eaff5f9970 JavaThread "Daemon" [_thread_blocked, id=8432, stack(0x0000006e5d700000,0x0000006e5d800000)]
  0x000001eaff5f6e20 JavaThread "Daemon worker" [_thread_blocked, id=8672, stack(0x0000006e5da00000,0x0000006e5db00000)]
  0x000001ea87f89640 JavaThread "Cache worker for journal cache (C:\Users\Pichau\.gradle\caches\journal-1)" [_thread_blocked, id=2168, stack(0x0000006e5d300000,0x0000006e5d400000)]
  0x000001ea87f8ae50 JavaThread "File lock request listener" [_thread_in_native, id=1788, stack(0x0000006e5de00000,0x0000006e5df00000)]
  0x000001ea87f8a980 JavaThread "Cache worker for file hash cache (C:\Users\Pichau\.gradle\caches\8.0\fileHashes)" [_thread_blocked, id=11312, stack(0x0000006e5df00000,0x0000006e5e000000)]
  0x000001ea87f8b320 JavaThread "File watcher server" daemon [_thread_blocked, id=11528, stack(0x0000006e5e100000,0x0000006e5e200000)]
  0x000001ea87f88ca0 JavaThread "File watcher consumer" daemon [_thread_blocked, id=3268, stack(0x0000006e5e200000,0x0000006e5e300000)]
  0x000001ea87f89fe0 JavaThread "Cache worker for file content cache (C:\Users\Pichau\.gradle\caches\8.0\fileContent)" [_thread_blocked, id=7072, stack(0x0000006e5e500000,0x0000006e5e600000)]
  0x000001ea87f8bcc0 JavaThread "Cache worker for execution history cache (C:\Users\Pichau\.gradle\caches\8.0\executionHistory)" [_thread_blocked, id=6568, stack(0x0000006e5e800000,0x0000006e5e900000)]
  0x000001ea87f8c190 JavaThread "jar transforms" [_thread_blocked, id=10176, stack(0x0000006e5e900000,0x0000006e5ea00000)]
  0x000001ea87f8c660 JavaThread "jar transforms Thread 2" [_thread_blocked, id=7036, stack(0x0000006e5ea00000,0x0000006e5eb00000)]
  0x000001ea88da49b0 JavaThread "jar transforms Thread 3" [_thread_blocked, id=7828, stack(0x0000006e5eb00000,0x0000006e5ec00000)]
  0x000001ea88da1e60 JavaThread "jar transforms Thread 4" [_thread_blocked, id=2504, stack(0x0000006e5ec00000,0x0000006e5ed00000)]
  0x000001eaff5f72f0 JavaThread "Memory manager" [_thread_blocked, id=8796, stack(0x0000006e61900000,0x0000006e61a00000)]
  0x000001ea87f1c220 JavaThread "included builds" [_thread_blocked, id=6088, stack(0x0000006e61a00000,0x0000006e61b00000)]
  0x000001ea87f1c6f0 JavaThread "Handler for socket connection from /127.0.0.1:53023 to /127.0.0.1:53027" [_thread_in_native, id=11476, stack(0x0000006e5d800000,0x0000006e5d900000)]
  0x000001ea87f1d560 JavaThread "Cancel handler" [_thread_blocked, id=8276, stack(0x0000006e5d900000,0x0000006e5da00000)]
  0x000001ea87f1cbc0 JavaThread "Asynchronous log dispatcher for DefaultDaemonConnection: socket connection from /127.0.0.1:53023 to /127.0.0.1:53027" [_thread_blocked, id=6812, stack(0x0000006e5db00000,0x0000006e5dc00000)]
  0x000001ea87f1bd50 JavaThread "Stdin handler" [_thread_blocked, id=5728, stack(0x0000006e5dc00000,0x0000006e5dd00000)]
  0x000001ea87f1da30 JavaThread "Daemon client event forwarder" [_thread_blocked, id=5672, stack(0x0000006e5dd00000,0x0000006e5de00000)]
  0x000001ea87f1aee0 JavaThread "Cache worker for checksums cache (C:\Users\Pichau\AndroidStudioProjects\Tcc_funcionario\.gradle\8.0\checksums)" [_thread_blocked, id=9672, stack(0x0000006e5e000000,0x0000006e5e100000)]
  0x000001ea87f1d090 JavaThread "Cache worker for cache directory md-rule (C:\Users\Pichau\.gradle\caches\8.0\md-rule)" [_thread_blocked, id=9724, stack(0x0000006e5e300000,0x0000006e5e400000)]
  0x000001ea87f1aa10 JavaThread "Cache worker for file hash cache (C:\Users\Pichau\AndroidStudioProjects\Tcc_funcionario\.gradle\8.0\fileHashes)" [_thread_blocked, id=1280, stack(0x0000006e5e400000,0x0000006e5e500000)]
  0x000001ea87f1a070 JavaThread "Cache worker for cache directory md-supplier (C:\Users\Pichau\.gradle\caches\8.0\md-supplier)" [_thread_blocked, id=8848, stack(0x0000006e5e600000,0x0000006e5e700000)]
  0x000001ea87f1a540 JavaThread "Cache worker for dependencies-accessors (C:\Users\Pichau\AndroidStudioProjects\Tcc_funcionario\.gradle\8.0\dependencies-accessors)" [_thread_blocked, id=9712, stack(0x0000006e5e700000,0x0000006e5e800000)]
  0x000001ea87f1b3b0 JavaThread "Cache worker for Build Output Cleanup Cache (C:\Users\Pichau\AndroidStudioProjects\Tcc_funcionario\.gradle\buildOutputCleanup)" [_thread_blocked, id=12000, stack(0x0000006e5ed00000,0x0000006e5ee00000)]
  0x000001ea862830f0 JavaThread "C2 CompilerThread1" daemon [_thread_blocked, id=6488, stack(0x0000006e5ee00000,0x0000006e5ef00000)]
  0x000001ea879ccfb0 JavaThread "Unconstrained build operations" [_thread_blocked, id=7064, stack(0x0000006e5ef00000,0x0000006e5f000000)]
  0x000001ea879cc610 JavaThread "Unconstrained build operations Thread 2" [_thread_blocked, id=11084, stack(0x0000006e5f000000,0x0000006e5f100000)]
  0x000001ea879cd480 JavaThread "Unconstrained build operations Thread 3" [_thread_blocked, id=8740, stack(0x0000006e5f100000,0x0000006e5f200000)]
  0x000001ea879d0970 JavaThread "Unconstrained build operations Thread 4" [_thread_blocked, id=2344, stack(0x0000006e5f200000,0x0000006e5f300000)]
  0x000001ea879cec90 JavaThread "Unconstrained build operations Thread 5" [_thread_blocked, id=10820, stack(0x0000006e5f300000,0x0000006e5f400000)]
  0x000001ea879cf630 JavaThread "Unconstrained build operations Thread 6" [_thread_blocked, id=8972, stack(0x0000006e5f400000,0x0000006e5f500000)]
  0x000001ea879cd950 JavaThread "Unconstrained build operations Thread 7" [_thread_blocked, id=3844, stack(0x0000006e5f500000,0x0000006e5f600000)]
  0x000001ea879cfb00 JavaThread "Unconstrained build operations Thread 8" [_thread_blocked, id=6520, stack(0x0000006e5f600000,0x0000006e5f700000)]
  0x000001ea879c9f90 JavaThread "Unconstrained build operations Thread 9" [_thread_blocked, id=10352, stack(0x0000006e5f700000,0x0000006e5f800000)]
  0x000001ea879cffd0 JavaThread "Unconstrained build operations Thread 10" [_thread_blocked, id=9716, stack(0x0000006e5f800000,0x0000006e5f900000)]
  0x000001ea879d04a0 JavaThread "Unconstrained build operations Thread 11" [_thread_blocked, id=3428, stack(0x0000006e5f900000,0x0000006e5fa00000)]
  0x000001ea879ca460 JavaThread "Unconstrained build operations Thread 12" [_thread_blocked, id=4000, stack(0x0000006e5fa00000,0x0000006e5fb00000)]
  0x000001ea879cbc70 JavaThread "Unconstrained build operations Thread 13" [_thread_blocked, id=1644, stack(0x0000006e5fb00000,0x0000006e5fc00000)]
  0x000001ea879ccae0 JavaThread "Unconstrained build operations Thread 14" [_thread_blocked, id=7052, stack(0x0000006e5fc00000,0x0000006e5fd00000)]
  0x000001ea879cde20 JavaThread "Unconstrained build operations Thread 15" [_thread_blocked, id=4796, stack(0x0000006e5fd00000,0x0000006e5fe00000)]
  0x000001ea879ca930 JavaThread "Unconstrained build operations Thread 16" [_thread_blocked, id=6404, stack(0x0000006e5fe00000,0x0000006e5ff00000)]
  0x000001ea879c9120 JavaThread "Unconstrained build operations Thread 17" [_thread_blocked, id=8800, stack(0x0000006e5ff00000,0x0000006e60000000)]
  0x000001ea879ce7c0 JavaThread "Unconstrained build operations Thread 18" [_thread_blocked, id=4340, stack(0x0000006e60000000,0x0000006e60100000)]
  0x000001ea879cf160 JavaThread "Unconstrained build operations Thread 19" [_thread_blocked, id=5632, stack(0x0000006e60100000,0x0000006e60200000)]
  0x000001ea879cb2d0 JavaThread "Unconstrained build operations Thread 20" [_thread_blocked, id=5232, stack(0x0000006e60200000,0x0000006e60300000)]
  0x000001ea879c95f0 JavaThread "Unconstrained build operations Thread 21" [_thread_blocked, id=11048, stack(0x0000006e60300000,0x0000006e60400000)]
  0x000001ea879c9ac0 JavaThread "Unconstrained build operations Thread 22" [_thread_blocked, id=3080, stack(0x0000006e60400000,0x0000006e60500000)]
  0x000001ea88da31a0 JavaThread "Unconstrained build operations Thread 23" [_thread_blocked, id=9628, stack(0x0000006e60500000,0x0000006e60600000)]
  0x000001ea88da2800 JavaThread "Unconstrained build operations Thread 24" [_thread_blocked, id=10896, stack(0x0000006e60600000,0x0000006e60700000)]
  0x000001ea88da6b60 JavaThread "Unconstrained build operations Thread 25" [_thread_blocked, id=2992, stack(0x0000006e60700000,0x0000006e60800000)]
  0x000001ea88da2330 JavaThread "Unconstrained build operations Thread 26" [_thread_blocked, id=8196, stack(0x0000006e60800000,0x0000006e60900000)]
  0x000001ea88da3670 JavaThread "Unconstrained build operations Thread 27" [_thread_blocked, id=8328, stack(0x0000006e60900000,0x0000006e60a00000)]
  0x000001ea88da2cd0 JavaThread "Unconstrained build operations Thread 28" [_thread_blocked, id=11532, stack(0x0000006e60a00000,0x0000006e60b00000)]
  0x000001ea88da3b40 JavaThread "Unconstrained build operations Thread 29" [_thread_blocked, id=8748, stack(0x0000006e60b00000,0x0000006e60c00000)]
  0x000001ea88da4010 JavaThread "Unconstrained build operations Thread 30" [_thread_blocked, id=5372, stack(0x0000006e60c00000,0x0000006e60d00000)]
  0x000001ea88da5350 JavaThread "Unconstrained build operations Thread 31" [_thread_blocked, id=7460, stack(0x0000006e60d00000,0x0000006e60e00000)]
  0x000001ea88da5cf0 JavaThread "Unconstrained build operations Thread 32" [_thread_blocked, id=2676, stack(0x0000006e60e00000,0x0000006e60f00000)]
  0x000001ea88da5820 JavaThread "Unconstrained build operations Thread 33" [_thread_blocked, id=3648, stack(0x0000006e60f00000,0x0000006e61000000)]
  0x000001ea88da44e0 JavaThread "Unconstrained build operations Thread 34" [_thread_blocked, id=5816, stack(0x0000006e61000000,0x0000006e61100000)]
  0x000001ea88da61c0 JavaThread "Unconstrained build operations Thread 35" [_thread_blocked, id=6976, stack(0x0000006e61100000,0x0000006e61200000)]
  0x000001ea88da6690 JavaThread "Unconstrained build operations Thread 36" [_thread_blocked, id=8604, stack(0x0000006e61200000,0x0000006e61300000)]
  0x000001ea88da7030 JavaThread "Unconstrained build operations Thread 37" [_thread_blocked, id=11812, stack(0x0000006e61300000,0x0000006e61400000)]
  0x000001ea88da7500 JavaThread "Unconstrained build operations Thread 38" [_thread_blocked, id=11748, stack(0x0000006e61400000,0x0000006e61500000)]
  0x000001ea88da79d0 JavaThread "Unconstrained build operations Thread 39" [_thread_blocked, id=6032, stack(0x0000006e61500000,0x0000006e61600000)]
  0x000001ea88da14c0 JavaThread "Unconstrained build operations Thread 40" [_thread_blocked, id=3252, stack(0x0000006e61600000,0x0000006e61700000)]
  0x000001ea88da8840 JavaThread "build event listener" [_thread_blocked, id=5776, stack(0x0000006e61700000,0x0000006e61800000)]
  0x000001eaff5f5fb0 JavaThread "included builds" [_thread_blocked, id=3656, stack(0x0000006e61b00000,0x0000006e61c00000)]
  0x000001eaff5f7c90 JavaThread "Execution worker" [_thread_blocked, id=2280, stack(0x0000006e61c00000,0x0000006e61d00000)]
  0x000001eaff5f8160 JavaThread "Execution worker Thread 2" [_thread_blocked, id=12192, stack(0x0000006e61d00000,0x0000006e61e00000)]
  0x000001ea87f89b10 JavaThread "Execution worker Thread 3" [_thread_blocked, id=11616, stack(0x0000006e61e00000,0x0000006e61f00000)]
  0x000001ea87f8b7f0 JavaThread "Cache worker for execution history cache (C:\Users\Pichau\AndroidStudioProjects\Tcc_funcionario\.gradle\8.0\executionHistory)" [_thread_blocked, id=9396, stack(0x0000006e61f00000,0x0000006e62000000)]
  0x000001ea8d6116c0 JavaThread "WorkerExecutor Queue" [_thread_blocked, id=3784, stack(0x0000006e62000000,0x0000006e62100000)]
  0x000001ea90724590 JavaThread "WorkerExecutor Queue Thread 2" [_thread_blocked, id=12172, stack(0x0000006e62100000,0x0000006e62200000)]
  0x000001ea8d944ad0 JavaThread "WorkerExecutor Queue Thread 3" [_thread_blocked, id=6052, stack(0x0000006e62300000,0x0000006e62400000)]
  0x000001ea8d60feb0 JavaThread "WorkerExecutor Queue Thread 4" [_thread_blocked, id=7868, stack(0x0000006e62400000,0x0000006e62500000)]
  0x000001ea8970c950 JavaThread "pool-4-thread-1" [_thread_blocked, id=11884, stack(0x0000006e62600000,0x0000006e62700000)]
  0x000001eaff9aaed0 JavaThread "stderr" [_thread_in_native, id=4300, stack(0x0000006e62700000,0x0000006e62800000)]
  0x000001eaff9aaa00 JavaThread "stdout" [_thread_in_native, id=2176, stack(0x0000006e62800000,0x0000006e62900000)]
  0x000001eaff9ad550 JavaThread "WorkerExecutor Queue Thread 6" [_thread_blocked, id=1316, stack(0x0000006e62900000,0x0000006e62a00000)]
  0x000001ea8970dc90 JavaThread "ForkJoinPool-1-worker-1" daemon [_thread_blocked, id=1060, stack(0x0000006e62a00000,0x0000006e62b00000)]
  0x000001ea8d947620 JavaThread "ForkJoinPool-1-worker-2" daemon [_thread_blocked, id=10568, stack(0x0000006e62b00000,0x0000006e62c00000)]
  0x000001ea943c80f0 JavaThread "ForkJoinPool-1-worker-3" daemon [_thread_blocked, id=4896, stack(0x0000006e62c00000,0x0000006e62d00000)]
  0x000001ea943c85c0 JavaThread "ForkJoinPool-1-worker-4" daemon [_thread_blocked, id=1724, stack(0x0000006e62d00000,0x0000006e62e00000)]

Other Threads:
=>0x000001eafea5c250 VMThread "VM Thread" [stack: 0x0000006e5c300000,0x0000006e5c400000] [id=11880]
  0x000001eae95b5fc0 WatcherThread [stack: 0x0000006e5cf00000,0x0000006e5d000000] [id=10756]
  0x000001eae9595820 GCTaskThread "GC Thread#0" [stack: 0x0000006e5be00000,0x0000006e5bf00000] [id=2672]
  0x000001eaff877b20 GCTaskThread "GC Thread#1" [stack: 0x0000006e5d000000,0x0000006e5d100000] [id=9220]
  0x000001eaffbc5080 GCTaskThread "GC Thread#2" [stack: 0x0000006e5d100000,0x0000006e5d200000] [id=11808]
  0x000001eafffaf4a0 GCTaskThread "GC Thread#3" [stack: 0x0000006e5d200000,0x0000006e5d300000] [id=2448]
  0x000001eae95a6670 ConcurrentGCThread "G1 Main Marker" [stack: 0x0000006e5bf00000,0x0000006e5c000000] [id=5100]
  0x000001eae95a6f90 ConcurrentGCThread "G1 Conc#0" [stack: 0x0000006e5c000000,0x0000006e5c100000] [id=5284]
  0x000001eae960d810 ConcurrentGCThread "G1 Refine#0" [stack: 0x0000006e5c100000,0x0000006e5c200000] [id=8252]
  0x000001ea8bfc1d10 ConcurrentGCThread "G1 Refine#1" [stack: 0x0000006e61800000,0x0000006e61900000] [id=8068]
  0x000001ea908235f0 ConcurrentGCThread "G1 Refine#2" [stack: 0x0000006e62200000,0x0000006e62300000] [id=2700]
  0x000001eae960e140 ConcurrentGCThread "G1 Service" [stack: 0x0000006e5c200000,0x0000006e5c300000] [id=11912]

Threads with active compile tasks:
C2 CompilerThread0    39067 22041       4       com.android.tools.r8.dex.B::a (829 bytes)
C2 CompilerThread1    39067 22138   !   4       com.android.tools.r8.graph.p2::x0 (122 bytes)

VM state: at safepoint (normal execution)

VM Mutex/Monitor currently owned by a thread:  ([mutex/lock_event])
[0x000001eae9534dd0] Threads_lock - owner thread: 0x000001eafea5c250
[0x000001eae95336c0] Heap_lock - owner thread: 0x000001ea943c80f0

Heap address: 0x0000000080000000, size: 2048 MB, Compressed Oops mode: 32-bit

CDS archive(s) not mapped
Compressed class space mapped at: 0x0000000100000000-0x0000000140000000, reserved size: 1073741824
Narrow klass base: 0x0000000000000000, Narrow klass shift: 3, Narrow klass range: 0x140000000

GC Precious Log:
 CPUs: 4 total, 4 available
 Memory: 14264M
 Large Page Support: Disabled
 NUMA Support: Disabled
 Compressed Oops: Enabled (32-bit)
 Heap Region Size: 1M
 Heap Min Capacity: 8M
 Heap Initial Capacity: 224M
 Heap Max Capacity: 2G
 Pre-touch: Disabled
 Parallel Workers: 4
 Concurrent Workers: 1
 Concurrent Refinement Workers: 4
 Periodic GC: Disabled

Heap:
 garbage-first heap   total 311296K, used 204288K [0x0000000080000000, 0x0000000100000000)
  region size 1024K, 9 young (9216K), 9 survivors (9216K)
 Metaspace       used 126532K, committed 127360K, reserved 1163264K
  class space    used 16585K, committed 16960K, reserved 1048576K

Heap Regions: E=young(eden), S=young(survivor), O=old, HS=humongous(starts), HC=humongous(continues), CS=collection set, F=free, OA=open archive, CA=closed archive, TAMS=top-at-mark-start (previous, next)
|   0|0x0000000080000000, 0x0000000080100000, 0x0000000080100000|100%| O|  |TAMS 0x0000000080100000, 0x0000000080100000| Untracked 
|   1|0x0000000080100000, 0x0000000080200000, 0x0000000080200000|100%| O|  |TAMS 0x0000000080200000, 0x0000000080200000| Untracked 
|   2|0x0000000080200000, 0x0000000080300000, 0x0000000080300000|100%|HS|  |TAMS 0x0000000080300000, 0x0000000080300000| Complete 
|   3|0x0000000080300000, 0x0000000080400000, 0x0000000080400000|100%|HC|  |TAMS 0x0000000080400000, 0x0000000080400000| Complete 
|   4|0x0000000080400000, 0x0000000080500000, 0x0000000080500000|100%|HC|  |TAMS 0x0000000080500000, 0x0000000080500000| Complete 
|   5|0x0000000080500000, 0x0000000080600000, 0x0000000080600000|100%|HC|  |TAMS 0x0000000080600000, 0x0000000080600000| Complete 
|   6|0x0000000080600000, 0x0000000080700000, 0x0000000080700000|100%| O|  |TAMS 0x0000000080700000, 0x0000000080700000| Untracked 
|   7|0x0000000080700000, 0x0000000080800000, 0x0000000080800000|100%| O|  |TAMS 0x0000000080800000, 0x0000000080800000| Untracked 
|   8|0x0000000080800000, 0x0000000080900000, 0x0000000080900000|100%| O|  |TAMS 0x0000000080900000, 0x0000000080900000| Untracked 
|   9|0x0000000080900000, 0x0000000080a00000, 0x0000000080a00000|100%| O|  |TAMS 0x0000000080a00000, 0x0000000080a00000| Untracked 
|  10|0x0000000080a00000, 0x0000000080b00000, 0x0000000080b00000|100%| O|  |TAMS 0x0000000080b00000, 0x0000000080b00000| Untracked 
|  11|0x0000000080b00000, 0x0000000080c00000, 0x0000000080c00000|100%| O|  |TAMS 0x0000000080c00000, 0x0000000080c00000| Untracked 
|  12|0x0000000080c00000, 0x0000000080d00000, 0x0000000080d00000|100%| O|  |TAMS 0x0000000080d00000, 0x0000000080d00000| Untracked 
|  13|0x0000000080d00000, 0x0000000080e00000, 0x0000000080e00000|100%| O|  |TAMS 0x0000000080e00000, 0x0000000080e00000| Untracked 
|  14|0x0000000080e00000, 0x0000000080f00000, 0x0000000080f00000|100%| O|  |TAMS 0x0000000080f00000, 0x0000000080f00000| Untracked 
|  15|0x0000000080f00000, 0x0000000081000000, 0x0000000081000000|100%| O|  |TAMS 0x0000000081000000, 0x0000000081000000| Untracked 
|  16|0x0000000081000000, 0x0000000081100000, 0x0000000081100000|100%| O|  |TAMS 0x0000000081100000, 0x0000000081100000| Untracked 
|  17|0x0000000081100000, 0x0000000081200000, 0x0000000081200000|100%| O|  |TAMS 0x0000000081200000, 0x0000000081200000| Untracked 
|  18|0x0000000081200000, 0x0000000081300000, 0x0000000081300000|100%| O|  |TAMS 0x0000000081300000, 0x0000000081300000| Untracked 
|  19|0x0000000081300000, 0x0000000081400000, 0x0000000081400000|100%| O|  |TAMS 0x0000000081400000, 0x0000000081400000| Untracked 
|  20|0x0000000081400000, 0x0000000081500000, 0x0000000081500000|100%|HS|  |TAMS 0x0000000081500000, 0x0000000081500000| Complete 
|  21|0x0000000081500000, 0x0000000081600000, 0x0000000081600000|100%| O|  |TAMS 0x0000000081600000, 0x0000000081600000| Untracked 
|  22|0x0000000081600000, 0x0000000081700000, 0x0000000081700000|100%| O|  |TAMS 0x0000000081700000, 0x0000000081700000| Untracked 
|  23|0x0000000081700000, 0x0000000081800000, 0x0000000081800000|100%| O|  |TAMS 0x0000000081800000, 0x0000000081800000| Untracked 
|  24|0x0000000081800000, 0x0000000081900000, 0x0000000081900000|100%| O|  |TAMS 0x0000000081900000, 0x0000000081900000| Untracked 
|  25|0x0000000081900000, 0x0000000081a00000, 0x0000000081a00000|100%| O|  |TAMS 0x0000000081a00000, 0x0000000081a00000| Untracked 
|  26|0x0000000081a00000, 0x0000000081b00000, 0x0000000081b00000|100%| O|  |TAMS 0x0000000081a00000, 0x0000000081a00000| Untracked 
|  27|0x0000000081b00000, 0x0000000081c00000, 0x0000000081c00000|100%|HS|  |TAMS 0x0000000081c00000, 0x0000000081c00000| Complete 
|  28|0x0000000081c00000, 0x0000000081d00000, 0x0000000081d00000|100%| O|  |TAMS 0x0000000081d00000, 0x0000000081d00000| Untracked 
|  29|0x0000000081d00000, 0x0000000081e00000, 0x0000000081e00000|100%| O|  |TAMS 0x0000000081e00000, 0x0000000081e00000| Untracked 
|  30|0x0000000081e00000, 0x0000000081f00000, 0x0000000081f00000|100%| O|  |TAMS 0x0000000081f00000, 0x0000000081f00000| Untracked 
|  31|0x0000000081f00000, 0x0000000082000000, 0x0000000082000000|100%| O|  |TAMS 0x0000000081f00000, 0x0000000081f00000| Untracked 
|  32|0x0000000082000000, 0x0000000082100000, 0x0000000082100000|100%| O|  |TAMS 0x0000000082100000, 0x0000000082100000| Untracked 
|  33|0x0000000082100000, 0x0000000082200000, 0x0000000082200000|100%| O|  |TAMS 0x0000000082100000, 0x0000000082100000| Untracked 
|  34|0x0000000082200000, 0x0000000082300000, 0x0000000082300000|100%| O|  |TAMS 0x0000000082300000, 0x0000000082300000| Untracked 
|  35|0x0000000082300000, 0x0000000082400000, 0x0000000082400000|100%| O|  |TAMS 0x0000000082400000, 0x0000000082400000| Untracked 
|  36|0x0000000082400000, 0x0000000082500000, 0x0000000082500000|100%| O|  |TAMS 0x0000000082500000, 0x0000000082500000| Untracked 
|  37|0x0000000082500000, 0x0000000082600000, 0x0000000082600000|100%| O|  |TAMS 0x0000000082600000, 0x0000000082600000| Untracked 
|  38|0x0000000082600000, 0x0000000082700000, 0x0000000082700000|100%| O|  |TAMS 0x0000000082700000, 0x0000000082700000| Untracked 
|  39|0x0000000082700000, 0x0000000082800000, 0x0000000082800000|100%| O|  |TAMS 0x0000000082800000, 0x0000000082800000| Untracked 
|  40|0x0000000082800000, 0x0000000082900000, 0x0000000082900000|100%| O|  |TAMS 0x0000000082900000, 0x0000000082900000| Untracked 
|  41|0x0000000082900000, 0x0000000082a00000, 0x0000000082a00000|100%| O|  |TAMS 0x0000000082a00000, 0x0000000082a00000| Untracked 
|  42|0x0000000082a00000, 0x0000000082b00000, 0x0000000082b00000|100%| O|  |TAMS 0x0000000082b00000, 0x0000000082b00000| Untracked 
|  43|0x0000000082b00000, 0x0000000082c00000, 0x0000000082c00000|100%| O|  |TAMS 0x0000000082c00000, 0x0000000082c00000| Untracked 
|  44|0x0000000082c00000, 0x0000000082d00000, 0x0000000082d00000|100%| O|  |TAMS 0x0000000082c00000, 0x0000000082c00000| Untracked 
|  45|0x0000000082d00000, 0x0000000082e00000, 0x0000000082e00000|100%| O|  |TAMS 0x0000000082e00000, 0x0000000082e00000| Untracked 
|  46|0x0000000082e00000, 0x0000000082f00000, 0x0000000082f00000|100%| O|  |TAMS 0x0000000082f00000, 0x0000000082f00000| Untracked 
|  47|0x0000000082f00000, 0x0000000083000000, 0x0000000083000000|100%| O|  |TAMS 0x0000000083000000, 0x0000000083000000| Untracked 
|  48|0x0000000083000000, 0x0000000083100000, 0x0000000083100000|100%| O|  |TAMS 0x0000000083100000, 0x0000000083100000| Untracked 
|  49|0x0000000083100000, 0x0000000083200000, 0x0000000083200000|100%| O|  |TAMS 0x0000000083200000, 0x0000000083200000| Untracked 
|  50|0x0000000083200000, 0x0000000083300000, 0x0000000083300000|100%| O|  |TAMS 0x0000000083300000, 0x0000000083300000| Untracked 
|  51|0x0000000083300000, 0x0000000083400000, 0x0000000083400000|100%| O|  |TAMS 0x0000000083400000, 0x0000000083400000| Untracked 
|  52|0x0000000083400000, 0x0000000083500000, 0x0000000083500000|100%| O|  |TAMS 0x0000000083500000, 0x0000000083500000| Untracked 
|  53|0x0000000083500000, 0x0000000083600000, 0x0000000083600000|100%| O|  |TAMS 0x0000000083600000, 0x0000000083600000| Untracked 
|  54|0x0000000083600000, 0x0000000083700000, 0x0000000083700000|100%| O|  |TAMS 0x0000000083700000, 0x0000000083700000| Untracked 
|  55|0x0000000083700000, 0x0000000083800000, 0x0000000083800000|100%| O|  |TAMS 0x0000000083800000, 0x0000000083800000| Untracked 
|  56|0x0000000083800000, 0x0000000083900000, 0x0000000083900000|100%| O|  |TAMS 0x0000000083900000, 0x0000000083900000| Untracked 
|  57|0x0000000083900000, 0x0000000083a00000, 0x0000000083a00000|100%| O|  |TAMS 0x0000000083a00000, 0x0000000083a00000| Untracked 
|  58|0x0000000083a00000, 0x0000000083b00000, 0x0000000083b00000|100%| O|  |TAMS 0x0000000083b00000, 0x0000000083b00000| Untracked 
|  59|0x0000000083b00000, 0x0000000083c00000, 0x0000000083c00000|100%| O|  |TAMS 0x0000000083c00000, 0x0000000083c00000| Untracked 
|  60|0x0000000083c00000, 0x0000000083d00000, 0x0000000083d00000|100%| O|  |TAMS 0x0000000083d00000, 0x0000000083d00000| Untracked 
|  61|0x0000000083d00000, 0x0000000083e00000, 0x0000000083e00000|100%| O|  |TAMS 0x0000000083e00000, 0x0000000083e00000| Untracked 
|  62|0x0000000083e00000, 0x0000000083f00000, 0x0000000083f00000|100%| O|  |TAMS 0x0000000083e00000, 0x0000000083e00000| Untracked 
|  63|0x0000000083f00000, 0x0000000084000000, 0x0000000084000000|100%| O|  |TAMS 0x0000000084000000, 0x0000000084000000| Untracked 
|  64|0x0000000084000000, 0x0000000084100000, 0x0000000084100000|100%| O|  |TAMS 0x0000000084100000, 0x0000000084100000| Untracked 
|  65|0x0000000084100000, 0x0000000084200000, 0x0000000084200000|100%| O|  |TAMS 0x0000000084200000, 0x0000000084200000| Untracked 
|  66|0x0000000084200000, 0x0000000084300000, 0x0000000084300000|100%| O|  |TAMS 0x0000000084300000, 0x0000000084300000| Untracked 
|  67|0x0000000084300000, 0x0000000084400000, 0x0000000084400000|100%| O|  |TAMS 0x0000000084400000, 0x0000000084400000| Untracked 
|  68|0x0000000084400000, 0x0000000084500000, 0x0000000084500000|100%| O|  |TAMS 0x0000000084500000, 0x0000000084500000| Untracked 
|  69|0x0000000084500000, 0x0000000084600000, 0x0000000084600000|100%| O|  |TAMS 0x0000000084600000, 0x0000000084600000| Untracked 
|  70|0x0000000084600000, 0x0000000084700000, 0x0000000084700000|100%| O|  |TAMS 0x0000000084700000, 0x0000000084700000| Untracked 
|  71|0x0000000084700000, 0x0000000084800000, 0x0000000084800000|100%| O|  |TAMS 0x0000000084800000, 0x0000000084800000| Untracked 
|  72|0x0000000084800000, 0x0000000084900000, 0x0000000084900000|100%| O|  |TAMS 0x0000000084900000, 0x0000000084900000| Untracked 
|  73|0x0000000084900000, 0x0000000084a00000, 0x0000000084a00000|100%| O|  |TAMS 0x0000000084a00000, 0x0000000084a00000| Untracked 
|  74|0x0000000084a00000, 0x0000000084b00000, 0x0000000084b00000|100%| O|  |TAMS 0x0000000084b00000, 0x0000000084b00000| Untracked 
|  75|0x0000000084b00000, 0x0000000084c00000, 0x0000000084c00000|100%| O|  |TAMS 0x0000000084c00000, 0x0000000084c00000| Untracked 
|  76|0x0000000084c00000, 0x0000000084d00000, 0x0000000084d00000|100%| O|  |TAMS 0x0000000084d00000, 0x0000000084d00000| Untracked 
|  77|0x0000000084d00000, 0x0000000084e00000, 0x0000000084e00000|100%| O|  |TAMS 0x0000000084e00000, 0x0000000084e00000| Untracked 
|  78|0x0000000084e00000, 0x0000000084f00000, 0x0000000084f00000|100%| O|  |TAMS 0x0000000084f00000, 0x0000000084f00000| Untracked 
|  79|0x0000000084f00000, 0x0000000085000000, 0x0000000085000000|100%| O|  |TAMS 0x0000000085000000, 0x0000000085000000| Untracked 
|  80|0x0000000085000000, 0x0000000085100000, 0x0000000085100000|100%| O|  |TAMS 0x0000000085100000, 0x0000000085100000| Untracked 
|  81|0x0000000085100000, 0x0000000085200000, 0x0000000085200000|100%| O|  |TAMS 0x0000000085200000, 0x0000000085200000| Untracked 
|  82|0x0000000085200000, 0x0000000085300000, 0x0000000085300000|100%| O|  |TAMS 0x0000000085300000, 0x0000000085300000| Untracked 
|  83|0x0000000085300000, 0x0000000085400000, 0x0000000085400000|100%| O|  |TAMS 0x0000000085300000, 0x0000000085300000| Untracked 
|  84|0x0000000085400000, 0x0000000085500000, 0x0000000085500000|100%|HS|  |TAMS 0x0000000085400000, 0x0000000085500000| Complete 
|  85|0x0000000085500000, 0x0000000085600000, 0x0000000085600000|100%| O|  |TAMS 0x0000000085600000, 0x0000000085600000| Untracked 
|  86|0x0000000085600000, 0x0000000085700000, 0x0000000085700000|100%| O|  |TAMS 0x0000000085600000, 0x0000000085600000| Untracked 
|  87|0x0000000085700000, 0x0000000085800000, 0x0000000085800000|100%| O|  |TAMS 0x0000000085800000, 0x0000000085800000| Untracked 
|  88|0x0000000085800000, 0x0000000085900000, 0x0000000085900000|100%| O|  |TAMS 0x0000000085900000, 0x0000000085900000| Untracked 
|  89|0x0000000085900000, 0x0000000085a00000, 0x0000000085a00000|100%| O|  |TAMS 0x0000000085900000, 0x0000000085900000| Untracked 
|  90|0x0000000085a00000, 0x0000000085b00000, 0x0000000085b00000|100%|HS|  |TAMS 0x0000000085a00000, 0x0000000085b00000| Complete 
|  91|0x0000000085b00000, 0x0000000085c00000, 0x0000000085c00000|100%| O|  |TAMS 0x0000000085b00000, 0x0000000085b00000| Untracked 
|  92|0x0000000085c00000, 0x0000000085d00000, 0x0000000085d00000|100%| O|  |TAMS 0x0000000085c00000, 0x0000000085d00000| Untracked 
|  93|0x0000000085d00000, 0x0000000085e00000, 0x0000000085e00000|100%| O|  |TAMS 0x0000000085d00000, 0x0000000085e00000| Untracked 
|  94|0x0000000085e00000, 0x0000000085f00000, 0x0000000085f00000|100%| O|  |TAMS 0x0000000085e00000, 0x0000000085f00000| Untracked 
|  95|0x0000000085f00000, 0x0000000086000000, 0x0000000086000000|100%| O|  |TAMS 0x0000000085f00000, 0x0000000086000000| Untracked 
|  96|0x0000000086000000, 0x0000000086100000, 0x0000000086100000|100%| O|  |TAMS 0x0000000086000000, 0x0000000086100000| Untracked 
|  97|0x0000000086100000, 0x0000000086200000, 0x0000000086200000|100%| O|  |TAMS 0x0000000086100000, 0x0000000086200000| Untracked 
|  98|0x0000000086200000, 0x0000000086300000, 0x0000000086300000|100%| O|  |TAMS 0x0000000086200000, 0x0000000086300000| Untracked 
|  99|0x0000000086300000, 0x0000000086400000, 0x0000000086400000|100%| O|  |TAMS 0x0000000086300000, 0x0000000086400000| Untracked 
| 100|0x0000000086400000, 0x0000000086500000, 0x0000000086500000|100%| O|  |TAMS 0x0000000086400000, 0x0000000086500000| Untracked 
| 101|0x0000000086500000, 0x0000000086600000, 0x0000000086600000|100%| O|  |TAMS 0x0000000086500000, 0x0000000086600000| Untracked 
| 102|0x0000000086600000, 0x0000000086700000, 0x0000000086700000|100%| O|  |TAMS 0x0000000086600000, 0x0000000086600000| Untracked 
| 103|0x0000000086700000, 0x0000000086800000, 0x0000000086800000|100%| O|  |TAMS 0x0000000086700000, 0x0000000086800000| Untracked 
| 104|0x0000000086800000, 0x0000000086900000, 0x0000000086900000|100%| O|  |TAMS 0x0000000086800000, 0x0000000086800000| Untracked 
| 105|0x0000000086900000, 0x0000000086a00000, 0x0000000086a00000|100%| O|  |TAMS 0x0000000086900000, 0x0000000086a00000| Untracked 
| 106|0x0000000086a00000, 0x0000000086b00000, 0x0000000086b00000|100%| O|  |TAMS 0x0000000086b00000, 0x0000000086b00000| Untracked 
| 107|0x0000000086b00000, 0x0000000086c00000, 0x0000000086c00000|100%| O|  |TAMS 0x0000000086c00000, 0x0000000086c00000| Untracked 
| 108|0x0000000086c00000, 0x0000000086d00000, 0x0000000086d00000|100%| O|  |TAMS 0x0000000086c00000, 0x0000000086d00000| Untracked 
| 109|0x0000000086d00000, 0x0000000086e00000, 0x0000000086e00000|100%| O|  |TAMS 0x0000000086d00000, 0x0000000086d00000| Untracked 
| 110|0x0000000086e00000, 0x0000000086f00000, 0x0000000086f00000|100%| O|  |TAMS 0x0000000086e00000, 0x0000000086e00000| Untracked 
| 111|0x0000000086f00000, 0x0000000087000000, 0x0000000087000000|100%| O|  |TAMS 0x0000000086f00000, 0x0000000086f00000| Untracked 
| 112|0x0000000087000000, 0x0000000087100000, 0x0000000087100000|100%| O|  |TAMS 0x0000000087100000, 0x0000000087100000| Untracked 
| 113|0x0000000087100000, 0x0000000087200000, 0x0000000087200000|100%| O|  |TAMS 0x0000000087200000, 0x0000000087200000| Untracked 
| 114|0x0000000087200000, 0x0000000087300000, 0x0000000087300000|100%| O|  |TAMS 0x0000000087300000, 0x0000000087300000| Untracked 
| 115|0x0000000087300000, 0x0000000087400000, 0x0000000087400000|100%| O|  |TAMS 0x0000000087400000, 0x0000000087400000| Untracked 
| 116|0x0000000087400000, 0x0000000087500000, 0x0000000087500000|100%| O|  |TAMS 0x0000000087500000, 0x0000000087500000| Untracked 
| 117|0x0000000087500000, 0x0000000087600000, 0x0000000087600000|100%| O|  |TAMS 0x0000000087600000, 0x0000000087600000| Untracked 
| 118|0x0000000087600000, 0x0000000087700000, 0x0000000087700000|100%| O|  |TAMS 0x0000000087700000, 0x0000000087700000| Untracked 
| 119|0x0000000087700000, 0x0000000087800000, 0x0000000087800000|100%| O|  |TAMS 0x0000000087800000, 0x0000000087800000| Untracked 
| 120|0x0000000087800000, 0x0000000087900000, 0x0000000087900000|100%| O|  |TAMS 0x0000000087900000, 0x0000000087900000| Untracked 
| 121|0x0000000087900000, 0x0000000087a00000, 0x0000000087a00000|100%| O|  |TAMS 0x0000000087900000, 0x0000000087900000| Untracked 
| 122|0x0000000087a00000, 0x0000000087b00000, 0x0000000087b00000|100%| O|  |TAMS 0x0000000087a00000, 0x0000000087a00000| Untracked 
| 123|0x0000000087b00000, 0x0000000087c00000, 0x0000000087c00000|100%| O|  |TAMS 0x0000000087c00000, 0x0000000087c00000| Untracked 
| 124|0x0000000087c00000, 0x0000000087d00000, 0x0000000087d00000|100%| O|  |TAMS 0x0000000087c00000, 0x0000000087c00000| Untracked 
| 125|0x0000000087d00000, 0x0000000087e00000, 0x0000000087e00000|100%| O|  |TAMS 0x0000000087e00000, 0x0000000087e00000| Untracked 
| 126|0x0000000087e00000, 0x0000000087f00000, 0x0000000087f00000|100%| O|  |TAMS 0x0000000087f00000, 0x0000000087f00000| Untracked 
| 127|0x0000000087f00000, 0x0000000088000000, 0x0000000088000000|100%| O|  |TAMS 0x0000000088000000, 0x0000000088000000| Untracked 
| 128|0x0000000088000000, 0x0000000088100000, 0x0000000088100000|100%| O|  |TAMS 0x0000000088000000, 0x0000000088000000| Untracked 
| 129|0x0000000088100000, 0x0000000088200000, 0x0000000088200000|100%| O|  |TAMS 0x0000000088100000, 0x0000000088100000| Untracked 
| 130|0x0000000088200000, 0x0000000088300000, 0x0000000088300000|100%| O|  |TAMS 0x0000000088200000, 0x0000000088200000| Untracked 
| 131|0x0000000088300000, 0x0000000088400000, 0x0000000088400000|100%| O|  |TAMS 0x0000000088400000, 0x0000000088400000| Untracked 
| 132|0x0000000088400000, 0x0000000088500000, 0x0000000088500000|100%| O|  |TAMS 0x0000000088500000, 0x0000000088500000| Untracked 
| 133|0x0000000088500000, 0x0000000088600000, 0x0000000088600000|100%| O|  |TAMS 0x0000000088600000, 0x0000000088600000| Untracked 
| 134|0x0000000088600000, 0x0000000088700000, 0x0000000088700000|100%| O|  |TAMS 0x0000000088600000, 0x0000000088600000| Untracked 
| 135|0x0000000088700000, 0x0000000088800000, 0x0000000088800000|100%| O|  |TAMS 0x0000000088800000, 0x0000000088800000| Untracked 
| 136|0x0000000088800000, 0x0000000088900000, 0x0000000088900000|100%| O|  |TAMS 0x0000000088900000, 0x0000000088900000| Untracked 
| 137|0x0000000088900000, 0x0000000088a00000, 0x0000000088a00000|100%| O|  |TAMS 0x0000000088a00000, 0x0000000088a00000| Untracked 
| 138|0x0000000088a00000, 0x0000000088b00000, 0x0000000088b00000|100%| O|  |TAMS 0x0000000088a00000, 0x0000000088a00000| Untracked 
| 139|0x0000000088b00000, 0x0000000088c00000, 0x0000000088c00000|100%| O|  |TAMS 0x0000000088c00000, 0x0000000088c00000| Untracked 
| 140|0x0000000088c00000, 0x0000000088d00000, 0x0000000088d00000|100%| O|  |TAMS 0x0000000088c00000, 0x0000000088c00000| Untracked 
| 141|0x0000000088d00000, 0x0000000088e00000, 0x0000000088e00000|100%| O|  |TAMS 0x0000000088d00000, 0x0000000088d00000| Untracked 
| 142|0x0000000088e00000, 0x0000000088f00000, 0x0000000088f00000|100%| O|  |TAMS 0x0000000088e00000, 0x0000000088e00000| Untracked 
| 143|0x0000000088f00000, 0x0000000089000000, 0x0000000089000000|100%| O|  |TAMS 0x0000000088f00000, 0x0000000088f00000| Untracked 
| 144|0x0000000089000000, 0x0000000089100000, 0x0000000089100000|100%| O|  |TAMS 0x0000000089000000, 0x0000000089000000| Untracked 
| 145|0x0000000089100000, 0x0000000089180000, 0x0000000089200000| 50%| O|  |TAMS 0x0000000089100000, 0x0000000089100000| Untracked 
| 146|0x0000000089200000, 0x0000000089300000, 0x0000000089300000|100%| O|  |TAMS 0x0000000089300000, 0x0000000089300000| Untracked 
| 147|0x0000000089300000, 0x0000000089400000, 0x0000000089400000|100%| O|  |TAMS 0x0000000089300000, 0x0000000089400000| Untracked 
| 148|0x0000000089400000, 0x0000000089500000, 0x0000000089500000|100%|HS|  |TAMS 0x0000000089500000, 0x0000000089500000| Complete 
| 149|0x0000000089500000, 0x0000000089600000, 0x0000000089600000|100%|HC|  |TAMS 0x0000000089600000, 0x0000000089600000| Complete 
| 150|0x0000000089600000, 0x0000000089700000, 0x0000000089700000|100%|HS|  |TAMS 0x0000000089700000, 0x0000000089700000| Complete 
| 151|0x0000000089700000, 0x0000000089800000, 0x0000000089800000|100%|HS|  |TAMS 0x0000000089800000, 0x0000000089800000| Complete 
| 152|0x0000000089800000, 0x0000000089900000, 0x0000000089900000|100%|HC|  |TAMS 0x0000000089900000, 0x0000000089900000| Complete 
| 153|0x0000000089900000, 0x0000000089a00000, 0x0000000089a00000|100%|HS|  |TAMS 0x0000000089a00000, 0x0000000089a00000| Complete 
| 154|0x0000000089a00000, 0x0000000089b00000, 0x0000000089b00000|100%|HC|  |TAMS 0x0000000089b00000, 0x0000000089b00000| Complete 
| 155|0x0000000089b00000, 0x0000000089c00000, 0x0000000089c00000|100%|HS|  |TAMS 0x0000000089c00000, 0x0000000089c00000| Complete 
| 156|0x0000000089c00000, 0x0000000089d00000, 0x0000000089d00000|100%|HC|  |TAMS 0x0000000089d00000, 0x0000000089d00000| Complete 
| 157|0x0000000089d00000, 0x0000000089e00000, 0x0000000089e00000|100%|HC|  |TAMS 0x0000000089e00000, 0x0000000089e00000| Complete 
| 158|0x0000000089e00000, 0x0000000089f00000, 0x0000000089f00000|100%| O|  |TAMS 0x0000000089e00000, 0x0000000089f00000| Untracked 
| 159|0x0000000089f00000, 0x000000008a000000, 0x000000008a000000|100%| O|  |TAMS 0x0000000089f00000, 0x000000008a000000| Untracked 
| 160|0x000000008a000000, 0x000000008a100000, 0x000000008a100000|100%|HS|  |TAMS 0x000000008a100000, 0x000000008a100000| Complete 
| 161|0x000000008a100000, 0x000000008a200000, 0x000000008a200000|100%|HC|  |TAMS 0x000000008a200000, 0x000000008a200000| Complete 
| 162|0x000000008a200000, 0x000000008a300000, 0x000000008a300000|100%| O|  |TAMS 0x000000008a200000, 0x000000008a300000| Untracked 
| 163|0x000000008a300000, 0x000000008a400000, 0x000000008a400000|100%|HS|  |TAMS 0x000000008a400000, 0x000000008a400000| Complete 
| 164|0x000000008a400000, 0x000000008a500000, 0x000000008a500000|100%| O|  |TAMS 0x000000008a400000, 0x000000008a500000| Untracked 
| 165|0x000000008a500000, 0x000000008a600000, 0x000000008a600000|100%| O|  |TAMS 0x000000008a500000, 0x000000008a600000| Untracked 
| 166|0x000000008a600000, 0x000000008a700000, 0x000000008a700000|100%| O|  |TAMS 0x000000008a600000, 0x000000008a700000| Untracked 
| 167|0x000000008a700000, 0x000000008a800000, 0x000000008a800000|100%|HS|  |TAMS 0x000000008a800000, 0x000000008a800000| Complete 
| 168|0x000000008a800000, 0x000000008a900000, 0x000000008a900000|100%|HC|  |TAMS 0x000000008a900000, 0x000000008a900000| Complete 
| 169|0x000000008a900000, 0x000000008aa00000, 0x000000008aa00000|100%| O|  |TAMS 0x000000008a900000, 0x000000008aa00000| Untracked 
| 170|0x000000008aa00000, 0x000000008ab00000, 0x000000008ab00000|100%| O|  |TAMS 0x000000008aa04800, 0x000000008ab00000| Untracked 
| 171|0x000000008ab00000, 0x000000008ac00000, 0x000000008ac00000|100%| O|  |TAMS 0x000000008ab00000, 0x000000008ac00000| Untracked 
| 172|0x000000008ac00000, 0x000000008ad00000, 0x000000008ad00000|100%| O|  |TAMS 0x000000008ac00000, 0x000000008ad00000| Untracked 
| 173|0x000000008ad00000, 0x000000008ae00000, 0x000000008ae00000|100%| O|  |TAMS 0x000000008ad00000, 0x000000008ae00000| Untracked 
| 174|0x000000008ae00000, 0x000000008af00000, 0x000000008af00000|100%|HS|  |TAMS 0x000000008ae00000, 0x000000008af00000| Complete 
| 175|0x000000008af00000, 0x000000008b000000, 0x000000008b000000|100%|HC|  |TAMS 0x000000008af00000, 0x000000008b000000| Complete 
| 176|0x000000008b000000, 0x000000008b100000, 0x000000008b100000|100%|HC|  |TAMS 0x000000008b000000, 0x000000008b100000| Complete 
| 177|0x000000008b100000, 0x000000008b200000, 0x000000008b200000|100%| O|  |TAMS 0x000000008b100000, 0x000000008b200000| Untracked 
| 178|0x000000008b200000, 0x000000008b300000, 0x000000008b300000|100%| O|  |TAMS 0x000000008b200000, 0x000000008b300000| Untracked 
| 179|0x000000008b300000, 0x000000008b400000, 0x000000008b400000|100%| O|  |TAMS 0x000000008b300000, 0x000000008b400000| Untracked 
| 180|0x000000008b400000, 0x000000008b500000, 0x000000008b500000|100%| O|  |TAMS 0x000000008b400000, 0x000000008b500000| Untracked 
| 181|0x000000008b500000, 0x000000008b600000, 0x000000008b600000|100%|HS|  |TAMS 0x000000008b600000, 0x000000008b600000| Complete 
| 182|0x000000008b600000, 0x000000008b700000, 0x000000008b700000|100%|HC|  |TAMS 0x000000008b700000, 0x000000008b700000| Complete 
| 183|0x000000008b700000, 0x000000008b800000, 0x000000008b800000|100%| O|  |TAMS 0x000000008b700000, 0x000000008b800000| Untracked 
| 184|0x000000008b800000, 0x000000008b900000, 0x000000008b900000|100%| O|  |TAMS 0x000000008b800000, 0x000000008b900000| Untracked 
| 185|0x000000008b900000, 0x000000008ba00000, 0x000000008ba00000|100%| O|  |TAMS 0x000000008b900000, 0x000000008ba00000| Untracked 
| 186|0x000000008ba00000, 0x000000008bb00000, 0x000000008bb00000|100%| O|  |TAMS 0x000000008ba00000, 0x000000008bb00000| Untracked 
| 187|0x000000008bb00000, 0x000000008bc00000, 0x000000008bc00000|100%| O|  |TAMS 0x000000008bb00000, 0x000000008bc00000| Untracked 
| 188|0x000000008bc00000, 0x000000008bd00000, 0x000000008bd00000|100%| O|  |TAMS 0x000000008bc00000, 0x000000008bd00000| Untracked 
| 189|0x000000008bd00000, 0x000000008be00000, 0x000000008be00000|100%| O|  |TAMS 0x000000008bd00000, 0x000000008be00000| Untracked 
| 190|0x000000008be00000, 0x000000008bf00000, 0x000000008bf00000|100%| O|  |TAMS 0x000000008be00000, 0x000000008be7c200| Untracked 
| 191|0x000000008bf00000, 0x000000008bf00000, 0x000000008c000000|  0%| F|  |TAMS 0x000000008bf00000, 0x000000008bf00000| Untracked 
| 192|0x000000008c000000, 0x000000008c000000, 0x000000008c100000|  0%| F|  |TAMS 0x000000008c000000, 0x000000008c000000| Untracked 
| 193|0x000000008c100000, 0x000000008c100000, 0x000000008c200000|  0%| F|  |TAMS 0x000000008c100000, 0x000000008c100000| Untracked 
| 194|0x000000008c200000, 0x000000008c200000, 0x000000008c300000|  0%| F|  |TAMS 0x000000008c200000, 0x000000008c200000| Untracked 
| 195|0x000000008c300000, 0x000000008c300000, 0x000000008c400000|  0%| F|  |TAMS 0x000000008c300000, 0x000000008c300000| Untracked 
| 196|0x000000008c400000, 0x000000008c400000, 0x000000008c500000|  0%| F|  |TAMS 0x000000008c400000, 0x000000008c400000| Untracked 
| 197|0x000000008c500000, 0x000000008c500000, 0x000000008c600000|  0%| F|  |TAMS 0x000000008c500000, 0x000000008c500000| Untracked 
| 198|0x000000008c600000, 0x000000008c600000, 0x000000008c700000|  0%| F|  |TAMS 0x000000008c600000, 0x000000008c600000| Untracked 
| 199|0x000000008c700000, 0x000000008c700000, 0x000000008c800000|  0%| F|  |TAMS 0x000000008c700000, 0x000000008c700000| Untracked 
| 200|0x000000008c800000, 0x000000008c800000, 0x000000008c900000|  0%| F|  |TAMS 0x000000008c800000, 0x000000008c800000| Untracked 
| 201|0x000000008c900000, 0x000000008c900000, 0x000000008ca00000|  0%| F|  |TAMS 0x000000008c900000, 0x000000008c900000| Untracked 
| 202|0x000000008ca00000, 0x000000008ca00000, 0x000000008cb00000|  0%| F|  |TAMS 0x000000008ca00000, 0x000000008ca00000| Untracked 
| 203|0x000000008cb00000, 0x000000008cb00000, 0x000000008cc00000|  0%| F|  |TAMS 0x000000008cb00000, 0x000000008cb00000| Untracked 
| 204|0x000000008cc00000, 0x000000008cc00000, 0x000000008cd00000|  0%| F|  |TAMS 0x000000008cc00000, 0x000000008cc00000| Untracked 
| 205|0x000000008cd00000, 0x000000008cd00000, 0x000000008ce00000|  0%| F|  |TAMS 0x000000008cd00000, 0x000000008cd00000| Untracked 
| 206|0x000000008ce00000, 0x000000008ce00000, 0x000000008cf00000|  0%| F|  |TAMS 0x000000008ce00000, 0x000000008ce00000| Untracked 
| 207|0x000000008cf00000, 0x000000008cf00000, 0x000000008d000000|  0%| F|  |TAMS 0x000000008cf00000, 0x000000008cf00000| Untracked 
| 208|0x000000008d000000, 0x000000008d000000, 0x000000008d100000|  0%| F|  |TAMS 0x000000008d000000, 0x000000008d000000| Untracked 
| 209|0x000000008d100000, 0x000000008d100000, 0x000000008d200000|  0%| F|  |TAMS 0x000000008d100000, 0x000000008d100000| Untracked 
| 210|0x000000008d200000, 0x000000008d200000, 0x000000008d300000|  0%| F|  |TAMS 0x000000008d200000, 0x000000008d200000| Untracked 
| 211|0x000000008d300000, 0x000000008d300000, 0x000000008d400000|  0%| F|  |TAMS 0x000000008d300000, 0x000000008d300000| Untracked 
| 212|0x000000008d400000, 0x000000008d400000, 0x000000008d500000|  0%| F|  |TAMS 0x000000008d400000, 0x000000008d400000| Untracked 
| 213|0x000000008d500000, 0x000000008d500000, 0x000000008d600000|  0%| F|  |TAMS 0x000000008d500000, 0x000000008d500000| Untracked 
| 214|0x000000008d600000, 0x000000008d600000, 0x000000008d700000|  0%| F|  |TAMS 0x000000008d600000, 0x000000008d600000| Untracked 
| 215|0x000000008d700000, 0x000000008d700000, 0x000000008d800000|  0%| F|  |TAMS 0x000000008d700000, 0x000000008d700000| Untracked 
| 216|0x000000008d800000, 0x000000008d800000, 0x000000008d900000|  0%| F|  |TAMS 0x000000008d800000, 0x000000008d800000| Untracked 
| 217|0x000000008d900000, 0x000000008d900000, 0x000000008da00000|  0%| F|  |TAMS 0x000000008d900000, 0x000000008d900000| Untracked 
| 218|0x000000008da00000, 0x000000008da00000, 0x000000008db00000|  0%| F|  |TAMS 0x000000008da00000, 0x000000008da00000| Untracked 
| 219|0x000000008db00000, 0x000000008db00000, 0x000000008dc00000|  0%| F|  |TAMS 0x000000008db00000, 0x000000008db00000| Untracked 
| 220|0x000000008dc00000, 0x000000008dc00000, 0x000000008dd00000|  0%| F|  |TAMS 0x000000008dc00000, 0x000000008dc00000| Untracked 
| 221|0x000000008dd00000, 0x000000008dd00000, 0x000000008de00000|  0%| F|  |TAMS 0x000000008dd00000, 0x000000008dd00000| Untracked 
| 222|0x000000008de00000, 0x000000008de00000, 0x000000008df00000|  0%| F|  |TAMS 0x000000008de00000, 0x000000008de00000| Untracked 
| 223|0x000000008df00000, 0x000000008e000000, 0x000000008e000000|100%| S|CS|TAMS 0x000000008df00000, 0x000000008df00000| Complete 
| 224|0x000000008e000000, 0x000000008e100000, 0x000000008e100000|100%| S|CS|TAMS 0x000000008e000000, 0x000000008e000000| Complete 
| 225|0x000000008e100000, 0x000000008e200000, 0x000000008e200000|100%| S|CS|TAMS 0x000000008e100000, 0x000000008e100000| Complete 
| 226|0x000000008e200000, 0x000000008e300000, 0x000000008e300000|100%| S|CS|TAMS 0x000000008e200000, 0x000000008e200000| Complete 
| 227|0x000000008e300000, 0x000000008e400000, 0x000000008e400000|100%| S|CS|TAMS 0x000000008e300000, 0x000000008e300000| Complete 
| 228|0x000000008e400000, 0x000000008e500000, 0x000000008e500000|100%| S|CS|TAMS 0x000000008e400000, 0x000000008e400000| Complete 
| 229|0x000000008e500000, 0x000000008e600000, 0x000000008e600000|100%| S|CS|TAMS 0x000000008e500000, 0x000000008e500000| Complete 
| 230|0x000000008e600000, 0x000000008e700000, 0x000000008e700000|100%| S|CS|TAMS 0x000000008e600000, 0x000000008e600000| Complete 
| 231|0x000000008e700000, 0x000000008e800000, 0x000000008e800000|100%| S|CS|TAMS 0x000000008e700000, 0x000000008e700000| Complete 
| 232|0x000000008e800000, 0x000000008e800000, 0x000000008e900000|  0%| F|  |TAMS 0x000000008e800000, 0x000000008e800000| Untracked 
| 233|0x000000008e900000, 0x000000008e900000, 0x000000008ea00000|  0%| F|  |TAMS 0x000000008e900000, 0x000000008e900000| Untracked 
| 234|0x000000008ea00000, 0x000000008ea00000, 0x000000008eb00000|  0%| F|  |TAMS 0x000000008ea00000, 0x000000008ea00000| Untracked 
| 235|0x000000008eb00000, 0x000000008eb00000, 0x000000008ec00000|  0%| F|  |TAMS 0x000000008eb00000, 0x000000008eb00000| Untracked 
| 236|0x000000008ec00000, 0x000000008ec00000, 0x000000008ed00000|  0%| F|  |TAMS 0x000000008ec00000, 0x000000008ec00000| Untracked 
| 237|0x000000008ed00000, 0x000000008ed00000, 0x000000008ee00000|  0%| F|  |TAMS 0x000000008ed00000, 0x000000008ed00000| Untracked 
| 238|0x000000008ee00000, 0x000000008ee00000, 0x000000008ef00000|  0%| F|  |TAMS 0x000000008ee00000, 0x000000008ee00000| Untracked 
| 239|0x000000008ef00000, 0x000000008ef00000, 0x000000008f000000|  0%| F|  |TAMS 0x000000008ef00000, 0x000000008ef00000| Untracked 
| 240|0x000000008f000000, 0x000000008f000000, 0x000000008f100000|  0%| F|  |TAMS 0x000000008f000000, 0x000000008f000000| Untracked 
| 241|0x000000008f100000, 0x000000008f100000, 0x000000008f200000|  0%| F|  |TAMS 0x000000008f100000, 0x000000008f100000| Untracked 
| 242|0x000000008f200000, 0x000000008f200000, 0x000000008f300000|  0%| F|  |TAMS 0x000000008f200000, 0x000000008f200000| Untracked 
| 243|0x000000008f300000, 0x000000008f300000, 0x000000008f400000|  0%| F|  |TAMS 0x000000008f300000, 0x000000008f300000| Untracked 
| 244|0x000000008f400000, 0x000000008f400000, 0x000000008f500000|  0%| F|  |TAMS 0x000000008f400000, 0x000000008f400000| Untracked 
| 245|0x000000008f500000, 0x000000008f500000, 0x000000008f600000|  0%| F|  |TAMS 0x000000008f500000, 0x000000008f500000| Untracked 
| 246|0x000000008f600000, 0x000000008f600000, 0x000000008f700000|  0%| F|  |TAMS 0x000000008f600000, 0x000000008f600000| Untracked 
| 247|0x000000008f700000, 0x000000008f700000, 0x000000008f800000|  0%| F|  |TAMS 0x000000008f700000, 0x000000008f700000| Untracked 
| 248|0x000000008f800000, 0x000000008f800000, 0x000000008f900000|  0%| F|  |TAMS 0x000000008f800000, 0x000000008f800000| Untracked 
| 249|0x000000008f900000, 0x000000008f900000, 0x000000008fa00000|  0%| F|  |TAMS 0x000000008f900000, 0x000000008f900000| Untracked 
| 250|0x000000008fa00000, 0x000000008fa00000, 0x000000008fb00000|  0%| F|  |TAMS 0x000000008fa00000, 0x000000008fa00000| Untracked 
| 251|0x000000008fb00000, 0x000000008fb00000, 0x000000008fc00000|  0%| F|  |TAMS 0x000000008fb00000, 0x000000008fb00000| Untracked 
| 252|0x000000008fc00000, 0x000000008fc00000, 0x000000008fd00000|  0%| F|  |TAMS 0x000000008fc00000, 0x000000008fc00000| Untracked 
| 253|0x000000008fd00000, 0x000000008fd00000, 0x000000008fe00000|  0%| F|  |TAMS 0x000000008fd00000, 0x000000008fd00000| Untracked 
| 254|0x000000008fe00000, 0x000000008fe00000, 0x000000008ff00000|  0%| F|  |TAMS 0x000000008fe00000, 0x000000008fe00000| Untracked 
| 255|0x000000008ff00000, 0x000000008ff00000, 0x0000000090000000|  0%| F|  |TAMS 0x000000008ff00000, 0x000000008ff00000| Untracked 
| 256|0x0000000090000000, 0x0000000090000000, 0x0000000090100000|  0%| F|  |TAMS 0x0000000090000000, 0x0000000090000000| Untracked 
| 257|0x0000000090100000, 0x0000000090100000, 0x0000000090200000|  0%| F|  |TAMS 0x0000000090100000, 0x0000000090100000| Untracked 
| 258|0x0000000090200000, 0x0000000090200000, 0x0000000090300000|  0%| F|  |TAMS 0x0000000090200000, 0x0000000090200000| Untracked 
| 259|0x0000000090300000, 0x0000000090300000, 0x0000000090400000|  0%| F|  |TAMS 0x0000000090300000, 0x0000000090300000| Untracked 
| 260|0x0000000090400000, 0x0000000090400000, 0x0000000090500000|  0%| F|  |TAMS 0x0000000090400000, 0x0000000090400000| Untracked 
| 261|0x0000000090500000, 0x0000000090500000, 0x0000000090600000|  0%| F|  |TAMS 0x0000000090500000, 0x0000000090500000| Untracked 
| 262|0x0000000090600000, 0x0000000090600000, 0x0000000090700000|  0%| F|  |TAMS 0x0000000090600000, 0x0000000090600000| Untracked 
| 263|0x0000000090700000, 0x0000000090700000, 0x0000000090800000|  0%| F|  |TAMS 0x0000000090700000, 0x0000000090700000| Untracked 
| 264|0x0000000090800000, 0x0000000090800000, 0x0000000090900000|  0%| F|  |TAMS 0x0000000090800000, 0x0000000090800000| Untracked 
| 265|0x0000000090900000, 0x0000000090900000, 0x0000000090a00000|  0%| F|  |TAMS 0x0000000090900000, 0x0000000090900000| Untracked 
| 266|0x0000000090a00000, 0x0000000090a00000, 0x0000000090b00000|  0%| F|  |TAMS 0x0000000090a00000, 0x0000000090a00000| Untracked 
| 267|0x0000000090b00000, 0x0000000090b00000, 0x0000000090c00000|  0%| F|  |TAMS 0x0000000090b00000, 0x0000000090b00000| Untracked 
| 268|0x0000000090c00000, 0x0000000090c00000, 0x0000000090d00000|  0%| F|  |TAMS 0x0000000090c00000, 0x0000000090c00000| Untracked 
| 269|0x0000000090d00000, 0x0000000090d00000, 0x0000000090e00000|  0%| F|  |TAMS 0x0000000090d00000, 0x0000000090d00000| Untracked 
| 270|0x0000000090e00000, 0x0000000090e00000, 0x0000000090f00000|  0%| F|  |TAMS 0x0000000090e00000, 0x0000000090e00000| Untracked 
| 271|0x0000000090f00000, 0x0000000090f00000, 0x0000000091000000|  0%| F|  |TAMS 0x0000000090f00000, 0x0000000090f00000| Untracked 
| 272|0x0000000091000000, 0x0000000091000000, 0x0000000091100000|  0%| F|  |TAMS 0x0000000091000000, 0x0000000091000000| Untracked 
| 273|0x0000000091100000, 0x0000000091100000, 0x0000000091200000|  0%| F|  |TAMS 0x0000000091100000, 0x0000000091100000| Untracked 
| 274|0x0000000091200000, 0x0000000091200000, 0x0000000091300000|  0%| F|  |TAMS 0x0000000091200000, 0x0000000091200000| Untracked 
| 275|0x0000000091300000, 0x0000000091300000, 0x0000000091400000|  0%| F|  |TAMS 0x0000000091300000, 0x0000000091300000| Untracked 
| 276|0x0000000091400000, 0x0000000091400000, 0x0000000091500000|  0%| F|  |TAMS 0x0000000091400000, 0x0000000091400000| Untracked 
| 277|0x0000000091500000, 0x0000000091500000, 0x0000000091600000|  0%| F|  |TAMS 0x0000000091500000, 0x0000000091500000| Untracked 
| 278|0x0000000091600000, 0x0000000091600000, 0x0000000091700000|  0%| F|  |TAMS 0x0000000091600000, 0x0000000091600000| Untracked 
| 279|0x0000000091700000, 0x0000000091700000, 0x0000000091800000|  0%| F|  |TAMS 0x0000000091700000, 0x0000000091700000| Untracked 
| 280|0x0000000091800000, 0x0000000091800000, 0x0000000091900000|  0%| F|  |TAMS 0x0000000091800000, 0x0000000091800000| Untracked 
| 281|0x0000000091900000, 0x0000000091900000, 0x0000000091a00000|  0%| F|  |TAMS 0x0000000091900000, 0x0000000091900000| Untracked 
| 282|0x0000000091a00000, 0x0000000091a00000, 0x0000000091b00000|  0%| F|  |TAMS 0x0000000091a00000, 0x0000000091a00000| Untracked 
| 283|0x0000000091b00000, 0x0000000091b00000, 0x0000000091c00000|  0%| F|  |TAMS 0x0000000091b00000, 0x0000000091b00000| Untracked 
| 284|0x0000000091c00000, 0x0000000091c00000, 0x0000000091d00000|  0%| F|  |TAMS 0x0000000091c00000, 0x0000000091c00000| Untracked 
| 285|0x0000000091d00000, 0x0000000091d00000, 0x0000000091e00000|  0%| F|  |TAMS 0x0000000091d00000, 0x0000000091d00000| Untracked 
| 286|0x0000000091e00000, 0x0000000091e00000, 0x0000000091f00000|  0%| F|  |TAMS 0x0000000091e00000, 0x0000000091e00000| Untracked 
| 287|0x0000000091f00000, 0x0000000091f00000, 0x0000000092000000|  0%| F|  |TAMS 0x0000000091f00000, 0x0000000091f00000| Untracked 
| 288|0x0000000092000000, 0x0000000092000000, 0x0000000092100000|  0%| F|  |TAMS 0x0000000092000000, 0x0000000092000000| Untracked 
| 289|0x0000000092100000, 0x0000000092100000, 0x0000000092200000|  0%| F|  |TAMS 0x0000000092100000, 0x0000000092100000| Untracked 
| 290|0x0000000092200000, 0x0000000092200000, 0x0000000092300000|  0%| F|  |TAMS 0x0000000092200000, 0x0000000092200000| Untracked 
| 291|0x0000000092300000, 0x0000000092300000, 0x0000000092400000|  0%| F|  |TAMS 0x0000000092300000, 0x0000000092300000| Untracked 
| 292|0x0000000092400000, 0x0000000092400000, 0x0000000092500000|  0%| F|  |TAMS 0x0000000092400000, 0x0000000092400000| Untracked 
| 293|0x0000000092500000, 0x0000000092500000, 0x0000000092600000|  0%| F|  |TAMS 0x0000000092500000, 0x0000000092500000| Untracked 
| 294|0x0000000092600000, 0x0000000092600000, 0x0000000092700000|  0%| F|  |TAMS 0x0000000092600000, 0x0000000092600000| Untracked 
| 295|0x0000000092700000, 0x0000000092700000, 0x0000000092800000|  0%| F|  |TAMS 0x0000000092700000, 0x0000000092700000| Untracked 
| 296|0x0000000092800000, 0x0000000092800000, 0x0000000092900000|  0%| F|  |TAMS 0x0000000092800000, 0x0000000092800000| Untracked 
| 297|0x0000000092900000, 0x0000000092900000, 0x0000000092a00000|  0%| F|  |TAMS 0x0000000092900000, 0x0000000092900000| Untracked 
| 298|0x0000000092a00000, 0x0000000092a00000, 0x0000000092b00000|  0%| F|  |TAMS 0x0000000092a00000, 0x0000000092a00000| Untracked 
| 299|0x0000000092b00000, 0x0000000092b00000, 0x0000000092c00000|  0%| F|  |TAMS 0x0000000092b00000, 0x0000000092b00000| Untracked 
| 300|0x0000000092c00000, 0x0000000092c00000, 0x0000000092d00000|  0%| F|  |TAMS 0x0000000092c00000, 0x0000000092c00000| Untracked 
| 301|0x0000000092d00000, 0x0000000092d00000, 0x0000000092e00000|  0%| F|  |TAMS 0x0000000092d00000, 0x0000000092d00000| Untracked 
| 302|0x0000000092e00000, 0x0000000092e00000, 0x0000000092f00000|  0%| F|  |TAMS 0x0000000092e00000, 0x0000000092e00000| Untracked 
| 303|0x0000000092f00000, 0x0000000092f00000, 0x0000000093000000|  0%| F|  |TAMS 0x0000000092f00000, 0x0000000092f00000| Untracked 

Card table byte_map: [0x000001eafdc30000,0x000001eafe030000] _byte_map_base: 0x000001eafd830000

Marking Bits (Prev, Next): (CMBitMap*) 0x000001eae9595d80, (CMBitMap*) 0x000001eae9595d40
 Prev Bits: [0x000001ea82000000, 0x000001ea84000000)
 Next Bits: [0x000001ea80000000, 0x000001ea82000000)

Polling page: 0x000001eae93c0000

Metaspace:

Usage:
  Non-class:    107.37 MB used.
      Class:     16.20 MB used.
       Both:    123.57 MB used.

Virtual space:
  Non-class space:      112.00 MB reserved,     107.81 MB ( 96%) committed,  14 nodes.
      Class space:        1.00 GB reserved,      16.56 MB (  2%) committed,  1 nodes.
             Both:        1.11 GB reserved,     124.38 MB ( 11%) committed. 

Chunk freelists:
   Non-Class:  3.83 MB
       Class:  3.25 MB
        Both:  7.08 MB

MaxMetaspaceSize: unlimited
CompressedClassSpaceSize: 1.00 GB
Initial GC threshold: 21.00 MB
Current GC threshold: 206.81 MB
CDS: off
MetaspaceReclaimPolicy: balanced
 - commit_granule_bytes: 65536.
 - commit_granule_words: 8192.
 - virtual_space_node_default_size: 1048576.
 - enlarge_chunks_in_place: 1.
 - new_chunks_are_fully_committed: 0.
 - uncommit_free_chunks: 1.
 - use_allocation_guard: 0.
 - handle_deallocations: 1.


Internal statistics:

num_allocs_failed_limit: 12.
num_arena_births: 1308.
num_arena_deaths: 0.
num_vsnodes_births: 15.
num_vsnodes_deaths: 0.
num_space_committed: 1989.
num_space_uncommitted: 0.
num_chunks_returned_to_freelist: 12.
num_chunks_taken_from_freelist: 6121.
num_chunk_merges: 9.
num_chunk_splits: 4101.
num_chunks_enlarged: 2804.
num_purges: 0.
num_inconsistent_stats: 0.

CodeHeap 'non-profiled nmethods': size=120000Kb used=11282Kb max_used=12045Kb free=108717Kb
 bounds [0x000001eaf5ce0000, 0x000001eaf68b0000, 0x000001eafd210000]
CodeHeap 'profiled nmethods': size=120000Kb used=36169Kb max_used=38199Kb free=83830Kb
 bounds [0x000001eaee210000, 0x000001eaf0760000, 0x000001eaf5740000]
CodeHeap 'non-nmethods': size=5760Kb used=2450Kb max_used=2559Kb free=3309Kb
 bounds [0x000001eaf5740000, 0x000001eaf59e0000, 0x000001eaf5ce0000]
 total_blobs=18804 nmethods=17817 adapters=896
 compilation: enabled
              stopped_count=0, restarted_count=0
 full_count=0

Compilation events (20 events):
Event: 38.885 Thread 0x000001eaff462430 22149       2       com.android.tools.r8.dex.code.N3::<init> (85 bytes)
Event: 38.886 Thread 0x000001eaff462430 nmethod 22149 0x000001eaefe40210 code [0x000001eaefe40420, 0x000001eaefe40b48]
Event: 38.902 Thread 0x000001eaff462430 22153       2       com.android.tools.r8.graph.D2::<init> (5 bytes)
Event: 38.902 Thread 0x000001eaff462430 nmethod 22153 0x000001eaf008fc90 code [0x000001eaf008fe20, 0x000001eaf008ff18]
Event: 38.911 Thread 0x000001eaff462430 22154 %     3       com.android.tools.r8.dex.B::f @ 34 (109 bytes)
Event: 38.912 Thread 0x000001eaff462430 nmethod 22154% 0x000001eaf017ff90 code [0x000001eaf0180200, 0x000001eaf0180df8]
Event: 38.924 Thread 0x000001eaff462430 22156       3       com.android.tools.r8.dex.B::f (109 bytes)
Event: 38.924 Thread 0x000001eaff462430 nmethod 22156 0x000001eaf0387d10 code [0x000001eaf0387f80, 0x000001eaf0388ab8]
Event: 38.932 Thread 0x000001eaff462430 22157 %     3       com.android.tools.r8.dex.B::a @ 27 (273 bytes)
Event: 38.933 Thread 0x000001eaff462430 nmethod 22157% 0x000001eaeff51f10 code [0x000001eaeff522a0, 0x000001eaeff53cc8]
Event: 38.934 Thread 0x000001eaff462430 22158       3       com.android.tools.r8.dex.B::a (273 bytes)
Event: 38.935 Thread 0x000001eaff462430 nmethod 22158 0x000001eaeffbcd90 code [0x000001eaeffbd100, 0x000001eaeffbe9a8]
Event: 38.942 Thread 0x000001eaff462430 22160       2       java.util.stream.FindOps$FindSink$OfRef::<init> (5 bytes)
Event: 38.942 Thread 0x000001eaff462430 nmethod 22160 0x000001eaee641f90 code [0x000001eaee642120, 0x000001eaee642218]
Event: 38.942 Thread 0x000001eaff462430 22161       2       java.util.stream.FindOps$FindSink$OfRef::get (5 bytes)
Event: 38.942 Thread 0x000001eaff462430 nmethod 22161 0x000001eaee7b8990 code [0x000001eaee7b8b40, 0x000001eaee7b8e08]
Event: 38.944 Thread 0x000001eaff462430 22162 %     3       com.android.tools.r8.graph.H4::g @ 15 (64 bytes)
Event: 38.945 Thread 0x000001eaff462430 nmethod 22162% 0x000001eaee686690 code [0x000001eaee6868e0, 0x000001eaee687408]
Event: 38.999 Thread 0x000001ea862830f0 

Event: 38.999 Thread 0x000001ea862830f0 22138   !   4       com.android.tools.r8.graph.p2::x0 (122 bytes)

GC Heap History (20 events):
Event: 34.988 GC heap after
{Heap after GC invocations=57 (full 0):
 garbage-first heap   total 233472K, used 152506K [0x0000000080000000, 0x0000000100000000)
  region size 1024K, 4 young (4096K), 4 survivors (4096K)
 Metaspace       used 123569K, committed 124352K, reserved 1163264K
  class space    used 16187K, committed 16576K, reserved 1048576K
}
Event: 35.241 GC heap before
{Heap before GC invocations=57 (full 0):
 garbage-first heap   total 233472K, used 204730K [0x0000000080000000, 0x0000000100000000)
  region size 1024K, 55 young (56320K), 4 survivors (4096K)
 Metaspace       used 123572K, committed 124416K, reserved 1163264K
  class space    used 16187K, committed 16576K, reserved 1048576K
}
Event: 35.249 GC heap after
{Heap after GC invocations=58 (full 0):
 garbage-first heap   total 233472K, used 153588K [0x0000000080000000, 0x0000000100000000)
  region size 1024K, 5 young (5120K), 5 survivors (5120K)
 Metaspace       used 123572K, committed 124416K, reserved 1163264K
  class space    used 16187K, committed 16576K, reserved 1048576K
}
Event: 35.519 GC heap before
{Heap before GC invocations=58 (full 0):
 garbage-first heap   total 233472K, used 203764K [0x0000000080000000, 0x0000000100000000)
  region size 1024K, 54 young (55296K), 5 survivors (5120K)
 Metaspace       used 123577K, committed 124416K, reserved 1163264K
  class space    used 16187K, committed 16576K, reserved 1048576K
}
Event: 35.525 GC heap after
{Heap after GC invocations=59 (full 0):
 garbage-first heap   total 233472K, used 152821K [0x0000000080000000, 0x0000000100000000)
  region size 1024K, 3 young (3072K), 3 survivors (3072K)
 Metaspace       used 123577K, committed 124416K, reserved 1163264K
  class space    used 16187K, committed 16576K, reserved 1048576K
}
Event: 35.805 GC heap before
{Heap before GC invocations=59 (full 0):
 garbage-first heap   total 233472K, used 206069K [0x0000000080000000, 0x0000000100000000)
  region size 1024K, 55 young (56320K), 3 survivors (3072K)
 Metaspace       used 123586K, committed 124416K, reserved 1163264K
  class space    used 16188K, committed 16576K, reserved 1048576K
}
Event: 35.811 GC heap after
{Heap after GC invocations=60 (full 0):
 garbage-first heap   total 233472K, used 152523K [0x0000000080000000, 0x0000000100000000)
  region size 1024K, 3 young (3072K), 3 survivors (3072K)
 Metaspace       used 123586K, committed 124416K, reserved 1163264K
  class space    used 16188K, committed 16576K, reserved 1048576K
}
Event: 36.156 GC heap before
{Heap before GC invocations=60 (full 0):
 garbage-first heap   total 233472K, used 205771K [0x0000000080000000, 0x0000000100000000)
  region size 1024K, 55 young (56320K), 3 survivors (3072K)
 Metaspace       used 123607K, committed 124416K, reserved 1163264K
  class space    used 16191K, committed 16576K, reserved 1048576K
}
Event: 36.164 GC heap after
{Heap after GC invocations=61 (full 0):
 garbage-first heap   total 280576K, used 152701K [0x0000000080000000, 0x0000000100000000)
  region size 1024K, 3 young (3072K), 3 survivors (3072K)
 Metaspace       used 123607K, committed 124416K, reserved 1163264K
  class space    used 16191K, committed 16576K, reserved 1048576K
}
Event: 37.935 GC heap before
{Heap before GC invocations=61 (full 0):
 garbage-first heap   total 280576K, used 258173K [0x0000000080000000, 0x0000000100000000)
  region size 1024K, 96 young (98304K), 3 survivors (3072K)
 Metaspace       used 125745K, committed 126592K, reserved 1163264K
  class space    used 16485K, committed 16896K, reserved 1048576K
}
Event: 37.942 GC heap after
{Heap after GC invocations=62 (full 0):
 garbage-first heap   total 280576K, used 166906K [0x0000000080000000, 0x0000000100000000)
  region size 1024K, 7 young (7168K), 7 survivors (7168K)
 Metaspace       used 125745K, committed 126592K, reserved 1163264K
  class space    used 16485K, committed 16896K, reserved 1048576K
}
Event: 37.984 GC heap before
{Heap before GC invocations=62 (full 0):
 garbage-first heap   total 280576K, used 193530K [0x0000000080000000, 0x0000000100000000)
  region size 1024K, 18 young (18432K), 7 survivors (7168K)
 Metaspace       used 126090K, committed 126976K, reserved 1163264K
  class space    used 16540K, committed 16960K, reserved 1048576K
}
Event: 37.991 GC heap after
{Heap after GC invocations=63 (full 0):
 garbage-first heap   total 280576K, used 177449K [0x0000000080000000, 0x0000000100000000)
  region size 1024K, 10 young (10240K), 10 survivors (10240K)
 Metaspace       used 126090K, committed 126976K, reserved 1163264K
  class space    used 16540K, committed 16960K, reserved 1048576K
}
Event: 37.992 GC heap before
{Heap before GC invocations=63 (full 0):
 garbage-first heap   total 280576K, used 183593K [0x0000000080000000, 0x0000000100000000)
  region size 1024K, 10 young (10240K), 10 survivors (10240K)
 Metaspace       used 126090K, committed 126976K, reserved 1163264K
  class space    used 16540K, committed 16960K, reserved 1048576K
}
Event: 37.996 GC heap after
{Heap after GC invocations=64 (full 0):
 garbage-first heap   total 280576K, used 184085K [0x0000000080000000, 0x0000000100000000)
  region size 1024K, 5 young (5120K), 5 survivors (5120K)
 Metaspace       used 126090K, committed 126976K, reserved 1163264K
  class space    used 16540K, committed 16960K, reserved 1048576K
}
Event: 38.588 GC heap before
{Heap before GC invocations=65 (full 0):
 garbage-first heap   total 311296K, used 226069K [0x0000000080000000, 0x0000000100000000)
  region size 1024K, 57 young (58368K), 5 survivors (5120K)
 Metaspace       used 126494K, committed 127296K, reserved 1163264K
  class space    used 16584K, committed 16960K, reserved 1048576K
}
Event: 38.613 GC heap after
{Heap after GC invocations=66 (full 0):
 garbage-first heap   total 311296K, used 188657K [0x0000000080000000, 0x0000000100000000)
  region size 1024K, 8 young (8192K), 8 survivors (8192K)
 Metaspace       used 126494K, committed 127296K, reserved 1163264K
  class space    used 16584K, committed 16960K, reserved 1048576K
}
Event: 38.648 GC heap before
{Heap before GC invocations=66 (full 0):
 garbage-first heap   total 311296K, used 195825K [0x0000000080000000, 0x0000000100000000)
  region size 1024K, 15 young (15360K), 8 survivors (8192K)
 Metaspace       used 126500K, committed 127360K, reserved 1163264K
  class space    used 16584K, committed 16960K, reserved 1048576K
}
Event: 38.664 GC heap after
{Heap after GC invocations=67 (full 0):
 garbage-first heap   total 311296K, used 168432K [0x0000000080000000, 0x0000000100000000)
  region size 1024K, 2 young (2048K), 2 survivors (2048K)
 Metaspace       used 126500K, committed 127360K, reserved 1163264K
  class space    used 16584K, committed 16960K, reserved 1048576K
}
Event: 39.006 GC heap before
{Heap before GC invocations=67 (full 0):
 garbage-first heap   total 311296K, used 239088K [0x0000000080000000, 0x0000000100000000)
  region size 1024K, 72 young (73728K), 2 survivors (2048K)
 Metaspace       used 126532K, committed 127360K, reserved 1163264K
  class space    used 16585K, committed 16960K, reserved 1048576K
}

Dll operation events (2 events):
Event: 0.008 Loaded shared library C:\Program Files\Android\Android Studio\jbr\bin\java.dll
Event: 0.676 Loaded shared library C:\Program Files\Android\Android Studio\jbr\bin\verify.dll

Deoptimization events (20 events):
Event: 38.633 Thread 0x000001ea943c85c0 Uncommon trap: trap_request=0xffffff45 fr.pc=0x000001eaf687654c relative=0x00000000000002ac
Event: 38.633 Thread 0x000001ea943c85c0 Uncommon trap: reason=unstable_if action=reinterpret pc=0x000001eaf687654c method=com.android.tools.r8.graph.m2.h(Ljava/lang/Object;)Z @ 37 c2
Event: 38.633 Thread 0x000001ea943c85c0 DEOPT PACKING pc=0x000001eaf687654c sp=0x0000006e62dfeee0
Event: 38.633 Thread 0x000001ea943c85c0 DEOPT UNPACKING pc=0x000001eaf57969a3 sp=0x0000006e62dfee70 mode 2
Event: 38.695 Thread 0x000001ea943c85c0 DEOPT PACKING pc=0x000001eaf06ef36c sp=0x0000006e62dfef60
Event: 38.695 Thread 0x000001ea943c85c0 DEOPT UNPACKING pc=0x000001eaf5797143 sp=0x0000006e62dfe468 mode 0
Event: 38.706 Thread 0x000001ea943c80f0 DEOPT PACKING pc=0x000001eaf06ef36c sp=0x0000006e62cfee10
Event: 38.706 Thread 0x000001ea943c80f0 DEOPT UNPACKING pc=0x000001eaf5797143 sp=0x0000006e62cfe318 mode 0
Event: 38.788 Thread 0x000001ea943c85c0 Uncommon trap: trap_request=0xffffff45 fr.pc=0x000001eaf5ef99a0 relative=0x0000000000000380
Event: 38.788 Thread 0x000001ea943c85c0 Uncommon trap: reason=unstable_if action=reinterpret pc=0x000001eaf5ef99a0 method=java.util.concurrent.ConcurrentLinkedQueue.offer(Ljava/lang/Object;)Z @ 96 c2
Event: 38.788 Thread 0x000001ea943c85c0 DEOPT PACKING pc=0x000001eaf5ef99a0 sp=0x0000006e62dff1a0
Event: 38.788 Thread 0x000001ea943c85c0 DEOPT UNPACKING pc=0x000001eaf57969a3 sp=0x0000006e62dff0d0 mode 2
Event: 38.795 Thread 0x000001ea8d947620 DEOPT PACKING pc=0x000001eaf06d0ad0 sp=0x0000006e62bfebc0
Event: 38.795 Thread 0x000001ea8d947620 DEOPT UNPACKING pc=0x000001eaf5797143 sp=0x0000006e62bfe098 mode 0
Event: 38.820 Thread 0x000001ea943c80f0 Uncommon trap: trap_request=0xffffff45 fr.pc=0x000001eaf689c750 relative=0x0000000000006d10
Event: 38.820 Thread 0x000001ea943c80f0 Uncommon trap: reason=unstable_if action=reinterpret pc=0x000001eaf689c750 method=com.android.tools.r8.dex.code.O.a(IILcom/android/tools/r8/dex/code/a;Lcom/android/tools/r8/graph/p5;)Lcom/android/tools/r8/dex/code/B1; @ 505 c2
Event: 38.820 Thread 0x000001ea943c80f0 DEOPT PACKING pc=0x000001eaf689c750 sp=0x0000006e62cfed90
Event: 38.820 Thread 0x000001ea943c80f0 DEOPT UNPACKING pc=0x000001eaf57969a3 sp=0x0000006e62cfed50 mode 2
Event: 38.936 Thread 0x000001ea943c85c0 DEOPT PACKING pc=0x000001eaf0700d28 sp=0x0000006e62dff0e0
Event: 38.936 Thread 0x000001ea943c85c0 DEOPT UNPACKING pc=0x000001eaf5797143 sp=0x0000006e62dfe638 mode 0

Classes unloaded (0 events):
No events

Classes redefined (0 events):
No events

Internal exceptions (20 events):
Event: 29.646 Thread 0x000001ea90724590 Exception <a 'java/lang/IncompatibleClassChangeError'{0x000000008b68dea0}: Found class java.lang.Object, but interface was expected> (0x000000008b68dea0) 
thrown [s\src\hotspot\share\interpreter\linkResolver.cpp, line 838]
Event: 29.732 Thread 0x000001eaff5f5fb0 Exception <a 'sun/nio/fs/WindowsException'{0x000000008afe0270}> (0x000000008afe0270) 
thrown [s\src\hotspot\share\prims\jni.cpp, line 517]
Event: 29.732 Thread 0x000001eaff5f5fb0 Exception <a 'sun/nio/fs/WindowsException'{0x000000008afe13e0}> (0x000000008afe13e0) 
thrown [s\src\hotspot\share\prims\jni.cpp, line 517]
Event: 29.733 Thread 0x000001eaff5f5fb0 Exception <a 'sun/nio/fs/WindowsException'{0x000000008afe1450}> (0x000000008afe1450) 
thrown [s\src\hotspot\share\prims\jni.cpp, line 517]
Event: 29.733 Thread 0x000001eaff5f5fb0 Exception <a 'sun/nio/fs/WindowsException'{0x000000008afe18b8}> (0x000000008afe18b8) 
thrown [s\src\hotspot\share\prims\jni.cpp, line 517]
Event: 29.762 Thread 0x000001ea90724590 Exception <a 'java/lang/NoSuchMethodError'{0x000000008ae9d148}: 'void java.lang.invoke.DirectMethodHandle$Holder.invokeSpecial(java.lang.Object, java.lang.Object, int, java.lang.Object)'> (0x000000008ae9d148) 
thrown [s\src\hotspot\share\interpreter\linkResolver.cpp, line 771]
Event: 29.877 Thread 0x000001ea90724590 Exception <a 'java/lang/NoSuchMethodError'{0x000000008d837508}: 'int java.lang.invoke.DirectMethodHandle$Holder.invokeSpecial(java.lang.Object, java.lang.Object, java.lang.Object, int, java.lang.Object)'> (0x000000008d837508) 
thrown [s\src\hotspot\share\interpreter\linkResolver.cpp, line 771]
Event: 29.990 Thread 0x000001ea90724590 Exception <a 'java/lang/NoSuchMethodError'{0x000000008c75b7f0}: 'int java.lang.invoke.DirectMethodHandle$Holder.invokeSpecial(java.lang.Object, java.lang.Object, java.lang.Object, int)'> (0x000000008c75b7f0) 
thrown [s\src\hotspot\share\interpreter\linkResolver.cpp, line 771]
Event: 30.094 Thread 0x000001ea90724590 Exception <a 'java/lang/NoSuchMethodError'{0x000000008c5bc448}: 'java.lang.Object java.lang.invoke.DirectMethodHandle$Holder.invokeInterface(java.lang.Object, java.lang.Object, int)'> (0x000000008c5bc448) 
thrown [s\src\hotspot\share\interpreter\linkResolver.cpp, line 771]
Event: 31.062 Thread 0x000001ea90724590 Implicit null exception at 0x000001eaf6558770 to 0x000001eaf655885c
Event: 31.375 Thread 0x000001ea90724590 Exception <a 'java/lang/NoSuchMethodError'{0x000000008d8e80f0}: 'int java.lang.invoke.DirectMethodHandle$Holder.invokeStatic(java.lang.Object, java.lang.Object, int, java.lang.Object)'> (0x000000008d8e80f0) 
thrown [s\src\hotspot\share\interpreter\linkResolver.cpp, line 771]
Event: 31.497 Thread 0x000001ea90724590 Exception <a 'java/lang/NoSuchMethodError'{0x000000008cd9e480}: 'int java.lang.invoke.DirectMethodHandle$Holder.invokeInterface(java.lang.Object, java.lang.Object, int)'> (0x000000008cd9e480) 
thrown [s\src\hotspot\share\interpreter\linkResolver.cpp, line 771]
Event: 36.970 Thread 0x000001ea90724590 Exception <a 'java/lang/NoSuchMethodError'{0x000000008d893a18}: 'java.lang.Object java.lang.invoke.DirectMethodHandle$Holder.newInvokeSpecial(java.lang.Object, java.lang.Object, int, java.lang.Object, java.lang.Object, java.lang.Object)'> (0x000000008d893a18) 
thrown [s\src\hotspot\share\interpreter\linkResolver.cpp, line 771]
Event: 36.971 Thread 0x000001ea90724590 Exception <a 'java/lang/NoSuchMethodError'{0x000000008d89b490}: 'java.lang.Object java.lang.invoke.Invokers$Holder.linkToTargetMethod(java.lang.Object, int, java.lang.Object, java.lang.Object, java.lang.Object, java.lang.Object)'> (0x000000008d89b490) 
thrown [s\src\hotspot\share\interpreter\linkResolver.cpp, line 771]
Event: 36.975 Thread 0x000001ea90724590 Exception <a 'java/lang/NoSuchMethodError'{0x000000008d8bfd50}: 'void java.lang.invoke.DirectMethodHandle$Holder.invokeStatic(java.lang.Object, java.lang.Object, java.lang.Object, java.lang.Object, java.lang.Object, java.lang.Object, java.lang.Object, java.lang.Object)'> (0x000000008d8bfd50) 
thrown [s\src\hotspot\share\interpreter\linkResolver.cpp, line 771]
Event: 37.102 Thread 0x000001ea90724590 Exception <a 'java/lang/IncompatibleClassChangeError'{0x000000008d3bb828}: Found class java.lang.Object, but interface was expected> (0x000000008d3bb828) 
thrown [s\src\hotspot\share\interpreter\linkResolver.cpp, line 838]
Event: 37.230 Thread 0x000001ea90724590 Exception <a 'java/lang/NoSuchMethodError'{0x000000008ccdfda8}: 'void java.lang.invoke.DirectMethodHandle$Holder.invokeSpecial(java.lang.Object, java.lang.Object, int)'> (0x000000008ccdfda8) 
thrown [s\src\hotspot\share\interpreter\linkResolver.cpp, line 771]
Event: 37.351 Thread 0x000001ea90724590 Implicit null exception at 0x000001eaf63871a9 to 0x000001eaf63874e4
Event: 37.931 Thread 0x000001ea8d60feb0 Exception <a 'sun/nio/fs/WindowsException'{0x000000008b6f8688}> (0x000000008b6f8688) 
thrown [s\src\hotspot\share\prims\jni.cpp, line 517]
Event: 38.460 Thread 0x000001ea8970dc90 Exception <a 'java/lang/NoSuchMethodError'{0x000000008ffa7468}: 'long java.lang.invoke.DirectMethodHandle$Holder.invokeStatic(java.lang.Object, java.lang.Object, java.lang.Object)'> (0x000000008ffa7468) 
thrown [s\src\hotspot\share\interpreter\linkResolver.cpp, line 771]

VM Operations (20 events):
Event: 38.176 Executing VM operation: G1Concurrent done
Event: 38.254 Executing VM operation: G1Concurrent
Event: 38.254 Executing VM operation: G1Concurrent done
Event: 38.465 Executing VM operation: HandshakeAllThreads
Event: 38.465 Executing VM operation: HandshakeAllThreads done
Event: 38.468 Executing VM operation: HandshakeAllThreads
Event: 38.468 Executing VM operation: HandshakeAllThreads done
Event: 38.544 Executing VM operation: HandshakeAllThreads
Event: 38.544 Executing VM operation: HandshakeAllThreads done
Event: 38.578 Executing VM operation: G1CollectForAllocation
Event: 38.621 Executing VM operation: G1CollectForAllocation done
Event: 38.647 Executing VM operation: G1CollectForAllocation
Event: 38.665 Executing VM operation: G1CollectForAllocation done
Event: 38.686 Executing VM operation: HandshakeAllThreads
Event: 38.686 Executing VM operation: HandshakeAllThreads done
Event: 38.731 Executing VM operation: HandshakeAllThreads
Event: 38.820 Executing VM operation: HandshakeAllThreads done
Event: 38.860 Executing VM operation: HandshakeAllThreads
Event: 38.910 Executing VM operation: HandshakeAllThreads done
Event: 39.006 Executing VM operation: G1CollectForAllocation

Events (20 events):
Event: 38.935 Thread 0x000001eaff462d30 flushing nmethod 0x000001eaf0684310
Event: 38.935 Thread 0x000001eaff462d30 flushing nmethod 0x000001eaf0685210
Event: 38.935 Thread 0x000001eaff462d30 flushing nmethod 0x000001eaf0687f90
Event: 38.935 Thread 0x000001eaff462d30 flushing nmethod 0x000001eaf0688810
Event: 38.935 Thread 0x000001eaff462d30 flushing nmethod 0x000001eaf0688d90
Event: 38.935 Thread 0x000001eaff462d30 flushing nmethod 0x000001eaf0689810
Event: 38.935 Thread 0x000001eaff462d30 flushing nmethod 0x000001eaf068a190
Event: 38.935 Thread 0x000001eaff462d30 flushing nmethod 0x000001eaf068a810
Event: 38.935 Thread 0x000001eaff462d30 flushing nmethod 0x000001eaf068ab90
Event: 38.935 Thread 0x000001eaff462d30 flushing nmethod 0x000001eaf068b510
Event: 38.935 Thread 0x000001eaff462d30 flushing nmethod 0x000001eaf068b910
Event: 38.935 Thread 0x000001eaff462d30 flushing nmethod 0x000001eaf068bd10
Event: 38.935 Thread 0x000001eaff462d30 flushing nmethod 0x000001eaf068dc10
Event: 38.935 Thread 0x000001eaff462d30 flushing nmethod 0x000001eaf06ad210
Event: 38.935 Thread 0x000001eaff462d30 flushing nmethod 0x000001eaf06ad610
Event: 38.935 Thread 0x000001eaff462d30 flushing nmethod 0x000001eaf06adb10
Event: 38.935 Thread 0x000001eaff462d30 flushing nmethod 0x000001eaf06b0190
Event: 38.935 Thread 0x000001eaff462d30 flushing nmethod 0x000001eaf06b0510
Event: 38.935 Thread 0x000001eaff462d30 flushing nmethod 0x000001eaf06d4710
Event: 38.935 Thread 0x000001eaff462d30 flushing nmethod 0x000001eaf06e3b10


Dynamic libraries:
0x00007ff72dc70000 - 0x00007ff72dc7a000 	C:\Program Files\Android\Android Studio\jbr\bin\java.exe
0x00007ffb7dd70000 - 0x00007ffb7df68000 	C:\WINDOWS\SYSTEM32\ntdll.dll
0x00007ffb7d690000 - 0x00007ffb7d74f000 	C:\WINDOWS\System32\KERNEL32.DLL
0x00007ffb7b980000 - 0x00007ffb7bc76000 	C:\WINDOWS\System32\KERNELBASE.dll
0x00007ffb7b5b0000 - 0x00007ffb7b6b0000 	C:\WINDOWS\System32\ucrtbase.dll
0x00007ffb5ec80000 - 0x00007ffb5ec97000 	C:\Program Files\Android\Android Studio\jbr\bin\jli.dll
0x00007ffb5ec60000 - 0x00007ffb5ec7b000 	C:\Program Files\Android\Android Studio\jbr\bin\VCRUNTIME140.dll
0x00007ffb7bfb0000 - 0x00007ffb7c14d000 	C:\WINDOWS\System32\USER32.dll
0x00007ffb7b800000 - 0x00007ffb7b822000 	C:\WINDOWS\System32\win32u.dll
0x00007ffb61420000 - 0x00007ffb616ba000 	C:\WINDOWS\WinSxS\amd64_microsoft.windows.common-controls_6595b64144ccf1df_6.0.19041.1110_none_60b5254171f9507e\COMCTL32.dll
0x00007ffb7d750000 - 0x00007ffb7d77c000 	C:\WINDOWS\System32\GDI32.dll
0x00007ffb7cf30000 - 0x00007ffb7cfce000 	C:\WINDOWS\System32\msvcrt.dll
0x00007ffb7b860000 - 0x00007ffb7b975000 	C:\WINDOWS\System32\gdi32full.dll
0x00007ffb7b760000 - 0x00007ffb7b7fd000 	C:\WINDOWS\System32\msvcp_win.dll
0x00007ffb7d160000 - 0x00007ffb7d190000 	C:\WINDOWS\System32\IMM32.DLL
0x00007ffb62310000 - 0x00007ffb6231c000 	C:\Program Files\Android\Android Studio\jbr\bin\vcruntime140_1.dll
0x00007ffb51990000 - 0x00007ffb51a1d000 	C:\Program Files\Android\Android Studio\jbr\bin\msvcp140.dll
0x00007ffb49f70000 - 0x00007ffb4abde000 	C:\Program Files\Android\Android Studio\jbr\bin\server\jvm.dll
0x00007ffb7c450000 - 0x00007ffb7c4ff000 	C:\WINDOWS\System32\ADVAPI32.dll
0x00007ffb7d780000 - 0x00007ffb7d81c000 	C:\WINDOWS\System32\sechost.dll
0x00007ffb7be80000 - 0x00007ffb7bfa6000 	C:\WINDOWS\System32\RPCRT4.dll
0x00007ffb61f50000 - 0x00007ffb61f59000 	C:\WINDOWS\SYSTEM32\WSOCK32.dll
0x00007ffb73410000 - 0x00007ffb73437000 	C:\WINDOWS\SYSTEM32\WINMM.dll
0x00007ffb75ea0000 - 0x00007ffb75eaa000 	C:\WINDOWS\SYSTEM32\VERSION.dll
0x00007ffb7cfd0000 - 0x00007ffb7d03b000 	C:\WINDOWS\System32\WS2_32.dll
0x00007ffb79310000 - 0x00007ffb79322000 	C:\WINDOWS\SYSTEM32\kernel.appcore.dll
0x00007ffb76f70000 - 0x00007ffb76f7a000 	C:\Program Files\Android\Android Studio\jbr\bin\jimage.dll
0x00007ffb74c40000 - 0x00007ffb74e24000 	C:\WINDOWS\SYSTEM32\DBGHELP.DLL
0x00007ffb6dd00000 - 0x00007ffb6dd34000 	C:\WINDOWS\SYSTEM32\dbgcore.DLL
0x00007ffb7bcd0000 - 0x00007ffb7bd52000 	C:\WINDOWS\System32\bcryptPrimitives.dll
0x00007ffb5efe0000 - 0x00007ffb5f005000 	C:\Program Files\Android\Android Studio\jbr\bin\java.dll
0x00007ffb76a70000 - 0x00007ffb76a88000 	C:\Program Files\Android\Android Studio\jbr\bin\zip.dll
0x00007ffb7c5d0000 - 0x00007ffb7cd14000 	C:\WINDOWS\System32\SHELL32.dll
0x00007ffb79510000 - 0x00007ffb79ca3000 	C:\WINDOWS\SYSTEM32\windows.storage.dll
0x00007ffb7d940000 - 0x00007ffb7dc94000 	C:\WINDOWS\System32\combase.dll
0x00007ffb7adc0000 - 0x00007ffb7adee000 	C:\WINDOWS\SYSTEM32\Wldp.dll
0x00007ffb7d820000 - 0x00007ffb7d8cd000 	C:\WINDOWS\System32\SHCORE.dll
0x00007ffb7c230000 - 0x00007ffb7c285000 	C:\WINDOWS\System32\shlwapi.dll
0x00007ffb7b380000 - 0x00007ffb7b3a5000 	C:\WINDOWS\SYSTEM32\profapi.dll
0x00007ffb5efc0000 - 0x00007ffb5efd9000 	C:\Program Files\Android\Android Studio\jbr\bin\net.dll
0x00007ffb747d0000 - 0x00007ffb748da000 	C:\WINDOWS\SYSTEM32\WINHTTP.dll
0x00007ffb7ab20000 - 0x00007ffb7ab8a000 	C:\WINDOWS\system32\mswsock.dll
0x00007ffb5ee80000 - 0x00007ffb5ee96000 	C:\Program Files\Android\Android Studio\jbr\bin\nio.dll
0x00007ffb76ad0000 - 0x00007ffb76ae0000 	C:\Program Files\Android\Android Studio\jbr\bin\verify.dll
0x00007ffb6c3d0000 - 0x00007ffb6c3f7000 	C:\Users\Pichau\.gradle\native\68d5fa5c4cc2d200863cafc0d521ce42e7d3e7ee720ec0a83991735586a16f82\windows-amd64\native-platform.dll
0x00007ffb4be00000 - 0x00007ffb4bf44000 	C:\Users\Pichau\.gradle\native\e376f236ea51e6404a007f0833ffe2c6e607c4080706a723a18a27aeea778392\windows-amd64\native-platform-file-events.dll
0x00007ffb6bf20000 - 0x00007ffb6bf29000 	C:\Program Files\Android\Android Studio\jbr\bin\management.dll
0x00007ffb5ecb0000 - 0x00007ffb5ecbb000 	C:\Program Files\Android\Android Studio\jbr\bin\management_ext.dll
0x00007ffb7d190000 - 0x00007ffb7d198000 	C:\WINDOWS\System32\PSAPI.DLL
0x00007ffb7ad10000 - 0x00007ffb7ad28000 	C:\WINDOWS\SYSTEM32\CRYPTSP.dll
0x00007ffb7a430000 - 0x00007ffb7a464000 	C:\WINDOWS\system32\rsaenh.dll
0x00007ffb7b830000 - 0x00007ffb7b857000 	C:\WINDOWS\System32\bcrypt.dll
0x00007ffb7b340000 - 0x00007ffb7b36e000 	C:\WINDOWS\SYSTEM32\USERENV.dll
0x00007ffb7ad30000 - 0x00007ffb7ad3c000 	C:\WINDOWS\SYSTEM32\CRYPTBASE.dll
0x00007ffb7a810000 - 0x00007ffb7a84b000 	C:\WINDOWS\SYSTEM32\IPHLPAPI.DLL
0x00007ffb7d930000 - 0x00007ffb7d938000 	C:\WINDOWS\System32\NSI.dll
0x00007ffb75960000 - 0x00007ffb75977000 	C:\WINDOWS\SYSTEM32\dhcpcsvc6.DLL
0x00007ffb75940000 - 0x00007ffb7595d000 	C:\WINDOWS\SYSTEM32\dhcpcsvc.DLL
0x00007ffb7a850000 - 0x00007ffb7a91a000 	C:\WINDOWS\SYSTEM32\DNSAPI.dll
0x00007ffb5eae0000 - 0x00007ffb5eae7000 	C:\WINDOWS\system32\wshunix.dll
0x00007ffb7a550000 - 0x00007ffb7a583000 	C:\WINDOWS\SYSTEM32\ntmarta.dll

dbghelp: loaded successfully - version: 4.0.5 - missing functions: none
symbol engine: initialized successfully - sym options: 0x614 - pdb path: .;C:\Program Files\Android\Android Studio\jbr\bin;C:\WINDOWS\SYSTEM32;C:\WINDOWS\WinSxS\amd64_microsoft.windows.common-controls_6595b64144ccf1df_6.0.19041.1110_none_60b5254171f9507e;C:\Program Files\Android\Android Studio\jbr\bin\server;C:\Users\Pichau\.gradle\native\68d5fa5c4cc2d200863cafc0d521ce42e7d3e7ee720ec0a83991735586a16f82\windows-amd64;C:\Users\Pichau\.gradle\native\e376f236ea51e6404a007f0833ffe2c6e607c4080706a723a18a27aeea778392\windows-amd64

VM Arguments:
jvm_args: --add-opens=java.base/java.util=ALL-UNNAMED --add-opens=java.base/java.lang=ALL-UNNAMED --add-opens=java.base/java.lang.invoke=ALL-UNNAMED --add-opens=java.prefs/java.util.prefs=ALL-UNNAMED --add-opens=java.base/java.nio.charset=ALL-UNNAMED --add-opens=java.base/java.net=ALL-UNNAMED --add-opens=java.base/java.util.concurrent.atomic=ALL-UNNAMED -Xmx2048m -Dfile.encoding=UTF-8 -Duser.country=BR -Duser.language=pt -Duser.variant 
java_command: org.gradle.launcher.daemon.bootstrap.GradleDaemon 8.0
java_class_path (initial): C:\Users\Pichau\.gradle\wrapper\dists\gradle-8.0-bin\ca5e32bp14vu59qr306oxotwh\gradle-8.0\lib\gradle-launcher-8.0.jar
Launcher Type: SUN_STANDARD

[Global flags]
     intx CICompilerCount                          = 3                                         {product} {ergonomic}
     uint ConcGCThreads                            = 1                                         {product} {ergonomic}
     uint G1ConcRefinementThreads                  = 4                                         {product} {ergonomic}
   size_t G1HeapRegionSize                         = 1048576                                   {product} {ergonomic}
    uintx GCDrainStackTargetSize                   = 64                                        {product} {ergonomic}
   size_t InitialHeapSize                          = 234881024                                 {product} {ergonomic}
   size_t MarkStackSize                            = 4194304                                   {product} {ergonomic}
   size_t MaxHeapSize                              = 2147483648                                {product} {command line}
   size_t MaxNewSize                               = 1287651328                                {product} {ergonomic}
   size_t MinHeapDeltaBytes                        = 1048576                                   {product} {ergonomic}
   size_t MinHeapSize                              = 8388608                                   {product} {ergonomic}
    uintx NonNMethodCodeHeapSize                   = 5832780                                {pd product} {ergonomic}
    uintx NonProfiledCodeHeapSize                  = 122912730                              {pd product} {ergonomic}
    uintx ProfiledCodeHeapSize                     = 122912730                              {pd product} {ergonomic}
    uintx ReservedCodeCacheSize                    = 251658240                              {pd product} {ergonomic}
     bool SegmentedCodeCache                       = true                                      {product} {ergonomic}
   size_t SoftMaxHeapSize                          = 2147483648                             {manageable} {ergonomic}
     bool UseCompressedClassPointers               = true                           {product lp64_product} {ergonomic}
     bool UseCompressedOops                        = true                           {product lp64_product} {ergonomic}
     bool UseG1GC                                  = true                                      {product} {ergonomic}
     bool UseLargePagesIndividualAllocation        = false                                  {pd product} {ergonomic}

Logging:
Log output configuration:
 #0: stdout all=warning uptime,level,tags
 #1: stderr all=off uptime,level,tags

Environment Variables:
PATH=C:\WINDOWS\system32;C:\WINDOWS;C:\WINDOWS\System32\Wbem;C:\WINDOWS\System32\WindowsPowerShell\v1.0\;C:\WINDOWS\System32\OpenSSH\;C:\Program Files\Microsoft SQL Server\150\Tools\Binn\;C:\Program Files\Microsoft SQL Server\Client SDK\ODBC\170\Tools\Binn\;C:\Program Files\dotnet\;C:\Program Files\Microsoft SQL Server\Client SDK\ODBC\110\Tools\Binn\;C:\Program Files (x86)\Microsoft SQL Server\120\Tools\Binn\;C:\Program Files\Microsoft SQL Server\120\Tools\Binn\;C:\Program Files\Microsoft SQL Server\120\DTS\Binn\;C:\Program Files (x86)\Microsoft SQL Server\120\Tools\Binn\ManagementStudio\;C:\Program Files (x86)\Microsoft SQL Server\120\DTS\Binn\;C:\Users\Pichau\AppData\Local\Microsoft\WindowsApps;;C:\Users\Pichau\AppData\Local\Programs\Microsoft VS Code\bin;C:\Users\Pichau\.dotnet\tools
USERNAME=Tho
OS=Windows_NT
PROCESSOR_IDENTIFIER=AMD64 Family 23 Model 17 Stepping 0, AuthenticAMD
TMP=C:\Users\Pichau\AppData\Local\Temp
TEMP=C:\Users\Pichau\AppData\Local\Temp


JNI global refs:
JNI global refs: 26, weak refs: 41

JNI global refs memory usage: 843, weak refs: 841


---------------  S Y S T E M  ---------------

OS:
 Windows 10 , 64 bit Build 19041 (10.0.19041.3155)
OS uptime: 0 days 3:29 hours

CPU: total 4 (initial active 4) (4 cores per cpu, 1 threads per core) family 23 model 17 stepping 0 microcode 0x0, cx8, cmov, fxsr, mmx, 3dnowpref, sse, sse2, sse3, ssse3, sse4a, sse4.1, sse4.2, popcnt, lzcnt, tsc, tscinvbit, avx, avx2, aes, clmul, bmi1, bmi2, adx, sha, fma, vzeroupper, clflush, clflushopt

Memory: 4k page, system-wide physical 14264M (3022M free)
TotalPageFile size 14264M (AvailPageFile size 78M)
current process WorkingSet (physical memory assigned to process): 673M, peak: 677M
current process commit charge ("private bytes"): 700M, peak: 1006M

vm_info: OpenJDK 64-Bit Server VM (17.0.6+0-b2043.56-10027231) for windows-amd64 JRE (17.0.6+0-b2043.56-10027231), built on Apr 28 2023 00:43:19 by "androidbuild" with MS VC++ 16.10 / 16.11 (VS2019)

END.
