#
# There is insufficient memory for the Java Runtime Environment to continue.
# Native memory allocation (mmap) failed to map 29360128 bytes for G1 virtual space
# Possible reasons:
#   The system is out of physical RAM or swap space
#   The process is running with CompressedOops enabled, and the Java Heap may be blocking the growth of the native heap
# Possible solutions:
#   Reduce memory load on the system
#   Increase physical memory or swap space
#   Check if swap backing store is full
#   Decrease Java heap size (-Xmx/-Xms)
#   Decrease number of Java threads
#   Decrease Java thread stack sizes (-Xss)
#   Set larger code cache with -XX:ReservedCodeCacheSize=
#   JVM is running with Unscaled Compressed Oops mode in which the Java heap is
#     placed in the first 4GB address space. The Java Heap base address is the
#     maximum limit for the native heap growth. Please use -XX:HeapBaseMinAddress
#     to set the Java Heap base and to place the Java Heap above 4GB virtual address.
# This output file may be truncated or incomplete.
#
#  Out of Memory Error (os_windows.cpp:3769), pid=7272, tid=9096
#
# JRE version: OpenJDK Runtime Environment (17.0.6) (build 17.0.6+0-b2043.56-10027231)
# Java VM: OpenJDK 64-Bit Server VM (17.0.6+0-b2043.56-10027231, mixed mode, tiered, compressed oops, compressed class ptrs, g1 gc, windows-amd64)
# No core dump will be written. Minidumps are not enabled by default on client versions of Windows
#

---------------  S U M M A R Y ------------

Command Line: --add-opens=java.base/java.util=ALL-UNNAMED --add-opens=java.base/java.lang=ALL-UNNAMED --add-opens=java.base/java.lang.invoke=ALL-UNNAMED --add-opens=java.prefs/java.util.prefs=ALL-UNNAMED --add-opens=java.base/java.nio.charset=ALL-UNNAMED --add-opens=java.base/java.net=ALL-UNNAMED --add-opens=java.base/java.util.concurrent.atomic=ALL-UNNAMED -Xmx2048m -Dfile.encoding=UTF-8 -Duser.country=BR -Duser.language=pt -Duser.variant org.gradle.launcher.daemon.bootstrap.GradleDaemon 8.0

Host: AMD Ryzen 3 2200G with Radeon Vega Graphics    , 4 cores, 13G,  Windows 10 , 64 bit Build 19041 (10.0.19041.3155)
Time: Sun Aug 27 15:56:52 2023 Hora oficial do Brasil elapsed time: 14.915123 seconds (0d 0h 0m 14s)

---------------  T H R E A D  ---------------

Current thread (0x0000021e694028e0):  VMThread "VM Thread" [stack: 0x000000c357000000,0x000000c357100000] [id=9096]

Stack: [0x000000c357000000,0x000000c357100000]
Native frames: (J=compiled Java code, j=interpreted, Vv=VM code, C=native code)
V  [jvm.dll+0x683c9a]
V  [jvm.dll+0x8427a4]
V  [jvm.dll+0x843f9e]
V  [jvm.dll+0x844603]
V  [jvm.dll+0x249b75]
V  [jvm.dll+0x680b69]
V  [jvm.dll+0x67505a]
V  [jvm.dll+0x309acb]
V  [jvm.dll+0x310f86]
V  [jvm.dll+0x3608ee]
V  [jvm.dll+0x360b1f]
V  [jvm.dll+0x2dfbf8]
V  [jvm.dll+0x2ddec4]
V  [jvm.dll+0x2dd4cc]
V  [jvm.dll+0x321f3b]
V  [jvm.dll+0x848ccb]
V  [jvm.dll+0x849a04]
V  [jvm.dll+0x849f1d]
V  [jvm.dll+0x84a2f4]
V  [jvm.dll+0x84a3c0]
V  [jvm.dll+0x7f274a]
V  [jvm.dll+0x682ad5]
C  [ucrtbase.dll+0x21bb2]
C  [KERNEL32.DLL+0x17614]
C  [ntdll.dll+0x526b1]

VM_Operation (0x000000c35cdfc0a0): G1CollectForAllocation, mode: safepoint, requested by thread 0x0000021e6d5f90f0


---------------  P R O C E S S  ---------------

Threads class SMR info:
_java_thread_list=0x0000021e740030f0, length=92, elements={
0x0000021e4d5582f0, 0x0000021e68accdd0, 0x0000021e69422150, 0x0000021e69427600,
0x0000021e69427fc0, 0x0000021e69428880, 0x0000021e69429140, 0x0000021e6940d760,
0x0000021e69410530, 0x0000021e694cac50, 0x0000021e695c2690, 0x0000021e695e7410,
0x0000021e6a9fc470, 0x0000021e6a41b800, 0x0000021e6a269dd0, 0x0000021e6ae4ffe0,
0x0000021e6ae1d8d0, 0x0000021e6a770800, 0x0000021e6aaef520, 0x0000021e6bc87f40,
0x0000021e6aea2bb0, 0x0000021e6c00f420, 0x0000021e6c010290, 0x0000021e6c010760,
0x0000021e6c00f8f0, 0x0000021e6c00ef50, 0x0000021e6c00fdc0, 0x0000021e6d6d2020,
0x0000021e6d6d41d0, 0x0000021e6d6d4b70, 0x0000021e6d6d0810, 0x0000021e6d6d3830,
0x0000021e6d6cfe70, 0x0000021e6d6d3d00, 0x0000021e6d6d57b0, 0x0000021e6d6d5040,
0x0000021e6d6ceb30, 0x0000021e6d6cf000, 0x0000021e6d6d0340, 0x0000021e6d6ce190,
0x0000021e6d6d2e90, 0x0000021e6d6d11b0, 0x0000021e6d6d1680, 0x0000021e6d6d1b50,
0x0000021e6d6d29c0, 0x0000021e6d6d3360, 0x0000021e6d0bdce0, 0x0000021e6d0c3d20,
0x0000021e6d0beb50, 0x0000021e6d0c4b90, 0x0000021e6d0c5530, 0x0000021e6d0c2510,
0x0000021e6d0c11d0, 0x0000021e6d0c3850, 0x0000021e6d0be1b0, 0x0000021e6d0bf9c0,
0x0000021e6d0bf4f0, 0x0000021e6d0c29e0, 0x0000021e6d0bf020, 0x0000021e6d0bfe90,
0x0000021e6d0c5060, 0x0000021e6d0c1b70, 0x0000021e6d0be680, 0x0000021e6d0c41f0,
0x0000021e6d0c2eb0, 0x0000021e6d0c0360, 0x0000021e6d0c0d00, 0x0000021e6d0c46c0,
0x0000021e6d0c16a0, 0x0000021e6d0c0830, 0x0000021e6d0c2040, 0x0000021e6d0c3380,
0x0000021e6c2370e0, 0x0000021e6c2358d0, 0x0000021e6c239760, 0x0000021e6c2340c0,
0x0000021e6c231f10, 0x0000021e6c2323e0, 0x0000021e6c2328b0, 0x0000021e6c237f50,
0x0000021e6c238dc0, 0x0000021e6c2375b0, 0x0000021e6c234a60, 0x0000021e6c235da0,
0x0000021e6c234f30, 0x0000021e6c236740, 0x0000021e6c236c10, 0x0000021e6c590fd0,
0x0000021e6d5f90f0, 0x0000021e72163110, 0x0000021e72164450, 0x0000021e72163f80
}

Java Threads: ( => current thread )
  0x0000021e4d5582f0 JavaThread "main" [_thread_blocked, id=2424, stack(0x000000c356a00000,0x000000c356b00000)]
  0x0000021e68accdd0 JavaThread "Reference Handler" daemon [_thread_blocked, id=5460, stack(0x000000c357100000,0x000000c357200000)]
  0x0000021e69422150 JavaThread "Finalizer" daemon [_thread_blocked, id=11052, stack(0x000000c357200000,0x000000c357300000)]
  0x0000021e69427600 JavaThread "Signal Dispatcher" daemon [_thread_blocked, id=1680, stack(0x000000c357300000,0x000000c357400000)]
  0x0000021e69427fc0 JavaThread "Attach Listener" daemon [_thread_blocked, id=6312, stack(0x000000c357400000,0x000000c357500000)]
  0x0000021e69428880 JavaThread "Service Thread" daemon [_thread_blocked, id=6196, stack(0x000000c357500000,0x000000c357600000)]
  0x0000021e69429140 JavaThread "Monitor Deflation Thread" daemon [_thread_blocked, id=3612, stack(0x000000c357600000,0x000000c357700000)]
  0x0000021e6940d760 JavaThread "C2 CompilerThread0" daemon [_thread_blocked, id=11040, stack(0x000000c357700000,0x000000c357800000)]
  0x0000021e69410530 JavaThread "C1 CompilerThread0" daemon [_thread_blocked, id=9656, stack(0x000000c357800000,0x000000c357900000)]
  0x0000021e694cac50 JavaThread "Sweeper thread" daemon [_thread_blocked, id=2624, stack(0x000000c357900000,0x000000c357a00000)]
  0x0000021e695c2690 JavaThread "Common-Cleaner" daemon [_thread_blocked, id=9056, stack(0x000000c357a00000,0x000000c357b00000)]
  0x0000021e695e7410 JavaThread "Notification Thread" daemon [_thread_blocked, id=7160, stack(0x000000c357b00000,0x000000c357c00000)]
  0x0000021e6a9fc470 JavaThread "Daemon health stats" [_thread_blocked, id=8444, stack(0x000000c358100000,0x000000c358200000)]
  0x0000021e6a41b800 JavaThread "Incoming local TCP Connector on port 53492" [_thread_in_native, id=1268, stack(0x000000c358200000,0x000000c358300000)]
  0x0000021e6a269dd0 JavaThread "Daemon periodic checks" [_thread_blocked, id=7744, stack(0x000000c358300000,0x000000c358400000)]
  0x0000021e6ae4ffe0 JavaThread "Daemon" [_thread_blocked, id=1484, stack(0x000000c358400000,0x000000c358500000)]
  0x0000021e6ae1d8d0 JavaThread "Handler for socket connection from /127.0.0.1:53492 to /127.0.0.1:53493" [_thread_in_native, id=2208, stack(0x000000c358500000,0x000000c358600000)]
  0x0000021e6a770800 JavaThread "Cancel handler" [_thread_blocked, id=2708, stack(0x000000c358600000,0x000000c358700000)]
  0x0000021e6aaef520 JavaThread "Daemon worker" [_thread_blocked, id=2736, stack(0x000000c358700000,0x000000c358800000)]
  0x0000021e6bc87f40 JavaThread "Asynchronous log dispatcher for DefaultDaemonConnection: socket connection from /127.0.0.1:53492 to /127.0.0.1:53493" [_thread_blocked, id=10752, stack(0x000000c358800000,0x000000c358900000)]
  0x0000021e6aea2bb0 JavaThread "Stdin handler" [_thread_blocked, id=3504, stack(0x000000c358900000,0x000000c358a00000)]
  0x0000021e6c00f420 JavaThread "Daemon client event forwarder" [_thread_blocked, id=11180, stack(0x000000c358a00000,0x000000c358b00000)]
  0x0000021e6c010290 JavaThread "Cache worker for journal cache (C:\Users\Pichau\.gradle\caches\journal-1)" [_thread_blocked, id=2744, stack(0x000000c358b00000,0x000000c358c00000)]
  0x0000021e6c010760 JavaThread "File lock request listener" [_thread_in_native, id=8304, stack(0x000000c358c00000,0x000000c358d00000)]
  0x0000021e6c00f8f0 JavaThread "Cache worker for file hash cache (C:\Users\Pichau\.gradle\caches\8.0\fileHashes)" [_thread_blocked, id=4828, stack(0x000000c358d00000,0x000000c358e00000)]
  0x0000021e6c00ef50 JavaThread "File watcher server" daemon [_thread_blocked, id=248, stack(0x000000c358e00000,0x000000c358f00000)]
  0x0000021e6c00fdc0 JavaThread "File watcher consumer" daemon [_thread_blocked, id=6332, stack(0x000000c358f00000,0x000000c359000000)]
  0x0000021e6d6d2020 JavaThread "Cache worker for checksums cache (C:\Users\Pichau\AndroidStudioProjects\Tcc_funcionario\.gradle\8.0\checksums)" [_thread_blocked, id=6088, stack(0x000000c359000000,0x000000c359100000)]
  0x0000021e6d6d41d0 JavaThread "Cache worker for cache directory md-rule (C:\Users\Pichau\.gradle\caches\8.0\md-rule)" [_thread_blocked, id=2592, stack(0x000000c359100000,0x000000c359200000)]
  0x0000021e6d6d4b70 JavaThread "Cache worker for file content cache (C:\Users\Pichau\.gradle\caches\8.0\fileContent)" [_thread_blocked, id=10888, stack(0x000000c359200000,0x000000c359300000)]
  0x0000021e6d6d0810 JavaThread "Cache worker for file hash cache (C:\Users\Pichau\AndroidStudioProjects\Tcc_funcionario\.gradle\8.0\fileHashes)" [_thread_blocked, id=6072, stack(0x000000c359300000,0x000000c359400000)]
  0x0000021e6d6d3830 JavaThread "Cache worker for cache directory md-supplier (C:\Users\Pichau\.gradle\caches\8.0\md-supplier)" [_thread_blocked, id=4800, stack(0x000000c359400000,0x000000c359500000)]
  0x0000021e6d6cfe70 JavaThread "Cache worker for execution history cache (C:\Users\Pichau\.gradle\caches\8.0\executionHistory)" [_thread_blocked, id=2756, stack(0x000000c359500000,0x000000c359600000)]
  0x0000021e6d6d3d00 JavaThread "jar transforms" [_thread_blocked, id=4132, stack(0x000000c357d00000,0x000000c357e00000)]
  0x0000021e6d6d57b0 JavaThread "C2 CompilerThread1" daemon [_thread_blocked, id=5448, stack(0x000000c359600000,0x000000c359700000)]
  0x0000021e6d6d5040 JavaThread "jar transforms Thread 2" [_thread_blocked, id=1216, stack(0x000000c359700000,0x000000c359800000)]
  0x0000021e6d6ceb30 JavaThread "jar transforms Thread 3" [_thread_blocked, id=9136, stack(0x000000c359900000,0x000000c359a00000)]
  0x0000021e6d6cf000 JavaThread "jar transforms Thread 4" [_thread_blocked, id=908, stack(0x000000c359a00000,0x000000c359b00000)]
  0x0000021e6d6d0340 JavaThread "Cache worker for dependencies-accessors (C:\Users\Pichau\AndroidStudioProjects\Tcc_funcionario\.gradle\8.0\dependencies-accessors)" [_thread_blocked, id=2720, stack(0x000000c359b00000,0x000000c359c00000)]
  0x0000021e6d6ce190 JavaThread "Cache worker for Build Output Cleanup Cache (C:\Users\Pichau\AndroidStudioProjects\Tcc_funcionario\.gradle\buildOutputCleanup)" [_thread_blocked, id=6892, stack(0x000000c359c00000,0x000000c359d00000)]
  0x0000021e6d6d2e90 JavaThread "Unconstrained build operations" [_thread_blocked, id=6976, stack(0x000000c359d00000,0x000000c359e00000)]
  0x0000021e6d6d11b0 JavaThread "Unconstrained build operations Thread 2" [_thread_blocked, id=7124, stack(0x000000c359e00000,0x000000c359f00000)]
  0x0000021e6d6d1680 JavaThread "Unconstrained build operations Thread 3" [_thread_blocked, id=10860, stack(0x000000c359f00000,0x000000c35a000000)]
  0x0000021e6d6d1b50 JavaThread "Unconstrained build operations Thread 4" [_thread_blocked, id=2168, stack(0x000000c35a000000,0x000000c35a100000)]
  0x0000021e6d6d29c0 JavaThread "Unconstrained build operations Thread 5" [_thread_blocked, id=4848, stack(0x000000c35a100000,0x000000c35a200000)]
  0x0000021e6d6d3360 JavaThread "Unconstrained build operations Thread 6" [_thread_blocked, id=4504, stack(0x000000c35a200000,0x000000c35a300000)]
  0x0000021e6d0bdce0 JavaThread "Unconstrained build operations Thread 7" [_thread_blocked, id=7028, stack(0x000000c35a300000,0x000000c35a400000)]
  0x0000021e6d0c3d20 JavaThread "Unconstrained build operations Thread 8" [_thread_blocked, id=6200, stack(0x000000c35a400000,0x000000c35a500000)]
  0x0000021e6d0beb50 JavaThread "Unconstrained build operations Thread 9" [_thread_blocked, id=10656, stack(0x000000c35a500000,0x000000c35a600000)]
  0x0000021e6d0c4b90 JavaThread "Unconstrained build operations Thread 10" [_thread_blocked, id=6964, stack(0x000000c35a600000,0x000000c35a700000)]
  0x0000021e6d0c5530 JavaThread "Unconstrained build operations Thread 11" [_thread_blocked, id=11260, stack(0x000000c35a700000,0x000000c35a800000)]
  0x0000021e6d0c2510 JavaThread "Unconstrained build operations Thread 12" [_thread_blocked, id=4612, stack(0x000000c35a800000,0x000000c35a900000)]
  0x0000021e6d0c11d0 JavaThread "Unconstrained build operations Thread 13" [_thread_blocked, id=11080, stack(0x000000c35a900000,0x000000c35aa00000)]
  0x0000021e6d0c3850 JavaThread "Unconstrained build operations Thread 14" [_thread_blocked, id=2096, stack(0x000000c35aa00000,0x000000c35ab00000)]
  0x0000021e6d0be1b0 JavaThread "Unconstrained build operations Thread 15" [_thread_blocked, id=10892, stack(0x000000c35ab00000,0x000000c35ac00000)]
  0x0000021e6d0bf9c0 JavaThread "Unconstrained build operations Thread 16" [_thread_blocked, id=4532, stack(0x000000c35ac00000,0x000000c35ad00000)]
  0x0000021e6d0bf4f0 JavaThread "Unconstrained build operations Thread 17" [_thread_blocked, id=8240, stack(0x000000c35ad00000,0x000000c35ae00000)]
  0x0000021e6d0c29e0 JavaThread "Unconstrained build operations Thread 18" [_thread_blocked, id=7496, stack(0x000000c35ae00000,0x000000c35af00000)]
  0x0000021e6d0bf020 JavaThread "Unconstrained build operations Thread 19" [_thread_blocked, id=10872, stack(0x000000c35af00000,0x000000c35b000000)]
  0x0000021e6d0bfe90 JavaThread "Unconstrained build operations Thread 20" [_thread_blocked, id=8836, stack(0x000000c35b000000,0x000000c35b100000)]
  0x0000021e6d0c5060 JavaThread "Unconstrained build operations Thread 21" [_thread_blocked, id=9812, stack(0x000000c35b100000,0x000000c35b200000)]
  0x0000021e6d0c1b70 JavaThread "Unconstrained build operations Thread 22" [_thread_blocked, id=7228, stack(0x000000c35b200000,0x000000c35b300000)]
  0x0000021e6d0be680 JavaThread "Unconstrained build operations Thread 23" [_thread_blocked, id=5372, stack(0x000000c35b300000,0x000000c35b400000)]
  0x0000021e6d0c41f0 JavaThread "Unconstrained build operations Thread 24" [_thread_blocked, id=9776, stack(0x000000c35b400000,0x000000c35b500000)]
  0x0000021e6d0c2eb0 JavaThread "Unconstrained build operations Thread 25" [_thread_blocked, id=2316, stack(0x000000c35b500000,0x000000c35b600000)]
  0x0000021e6d0c0360 JavaThread "Unconstrained build operations Thread 26" [_thread_blocked, id=1612, stack(0x000000c35b600000,0x000000c35b700000)]
  0x0000021e6d0c0d00 JavaThread "Unconstrained build operations Thread 27" [_thread_blocked, id=7372, stack(0x000000c35b700000,0x000000c35b800000)]
  0x0000021e6d0c46c0 JavaThread "Unconstrained build operations Thread 28" [_thread_blocked, id=9888, stack(0x000000c35b800000,0x000000c35b900000)]
  0x0000021e6d0c16a0 JavaThread "Unconstrained build operations Thread 29" [_thread_blocked, id=9128, stack(0x000000c35b900000,0x000000c35ba00000)]
  0x0000021e6d0c0830 JavaThread "Unconstrained build operations Thread 30" [_thread_blocked, id=6148, stack(0x000000c35ba00000,0x000000c35bb00000)]
  0x0000021e6d0c2040 JavaThread "Unconstrained build operations Thread 31" [_thread_blocked, id=2356, stack(0x000000c35bb00000,0x000000c35bc00000)]
  0x0000021e6d0c3380 JavaThread "Unconstrained build operations Thread 32" [_thread_blocked, id=9340, stack(0x000000c35bc00000,0x000000c35bd00000)]
  0x0000021e6c2370e0 JavaThread "Unconstrained build operations Thread 33" [_thread_blocked, id=7784, stack(0x000000c35bd00000,0x000000c35be00000)]
  0x0000021e6c2358d0 JavaThread "Unconstrained build operations Thread 34" [_thread_blocked, id=10944, stack(0x000000c35be00000,0x000000c35bf00000)]
  0x0000021e6c239760 JavaThread "Unconstrained build operations Thread 35" [_thread_blocked, id=1988, stack(0x000000c35bf00000,0x000000c35c000000)]
  0x0000021e6c2340c0 JavaThread "Unconstrained build operations Thread 36" [_thread_blocked, id=8656, stack(0x000000c35c000000,0x000000c35c100000)]
  0x0000021e6c231f10 JavaThread "Unconstrained build operations Thread 37" [_thread_blocked, id=1832, stack(0x000000c35c100000,0x000000c35c200000)]
  0x0000021e6c2323e0 JavaThread "Unconstrained build operations Thread 38" [_thread_blocked, id=6812, stack(0x000000c35c200000,0x000000c35c300000)]
  0x0000021e6c2328b0 JavaThread "Unconstrained build operations Thread 39" [_thread_blocked, id=4332, stack(0x000000c35c300000,0x000000c35c400000)]
  0x0000021e6c237f50 JavaThread "Unconstrained build operations Thread 40" [_thread_blocked, id=9364, stack(0x000000c35c400000,0x000000c35c500000)]
  0x0000021e6c238dc0 JavaThread "build event listener" [_thread_blocked, id=3312, stack(0x000000c35c500000,0x000000c35c600000)]
  0x0000021e6c2375b0 JavaThread "Memory manager" [_thread_blocked, id=3420, stack(0x000000c35c600000,0x000000c35c700000)]
  0x0000021e6c234a60 JavaThread "included builds" [_thread_blocked, id=9468, stack(0x000000c35c700000,0x000000c35c800000)]
  0x0000021e6c235da0 JavaThread "Execution worker" [_thread_blocked, id=8340, stack(0x000000c35c800000,0x000000c35c900000)]
  0x0000021e6c234f30 JavaThread "Execution worker Thread 2" [_thread_blocked, id=1408, stack(0x000000c35c900000,0x000000c35ca00000)]
  0x0000021e6c236740 JavaThread "Execution worker Thread 3" [_thread_blocked, id=7116, stack(0x000000c35ca00000,0x000000c35cb00000)]
  0x0000021e6c236c10 JavaThread "Cache worker for execution history cache (C:\Users\Pichau\AndroidStudioProjects\Tcc_funcionario\.gradle\8.0\executionHistory)" [_thread_blocked, id=3600, stack(0x000000c35cb00000,0x000000c35cc00000)]
  0x0000021e6c590fd0 JavaThread "WorkerExecutor Queue" [_thread_blocked, id=7636, stack(0x000000c35cc00000,0x000000c35cd00000)]
  0x0000021e6d5f90f0 JavaThread "WorkerExecutor Queue Thread 2" [_thread_blocked, id=5052, stack(0x000000c35cd00000,0x000000c35ce00000)]
  0x0000021e72163110 JavaThread "pool-3-thread-1" [_thread_blocked, id=7364, stack(0x000000c35ce00000,0x000000c35cf00000)]
  0x0000021e72164450 JavaThread "stderr" [_thread_in_native, id=5808, stack(0x000000c35cf00000,0x000000c35d000000)]
  0x0000021e72163f80 JavaThread "stdout" [_thread_in_native, id=7132, stack(0x000000c35d000000,0x000000c35d100000)]

Other Threads:
=>0x0000021e694028e0 VMThread "VM Thread" [stack: 0x000000c357000000,0x000000c357100000] [id=9096]
  0x0000021e694f3320 WatcherThread [stack: 0x000000c357c00000,0x000000c357d00000] [id=6452]
  0x0000021e4d5b6520 GCTaskThread "GC Thread#0" [stack: 0x000000c356b00000,0x000000c356c00000] [id=9188]
  0x0000021e6994ea10 GCTaskThread "GC Thread#1" [stack: 0x000000c357e00000,0x000000c357f00000] [id=6544]
  0x0000021e69d1a060 GCTaskThread "GC Thread#2" [stack: 0x000000c357f00000,0x000000c358000000] [id=6856]
  0x0000021e69d1a310 GCTaskThread "GC Thread#3" [stack: 0x000000c358000000,0x000000c358100000] [id=5764]
  0x0000021e4d5c7370 ConcurrentGCThread "G1 Main Marker" [stack: 0x000000c356c00000,0x000000c356d00000] [id=2988]
  0x0000021e4d5ca440 ConcurrentGCThread "G1 Conc#0" [stack: 0x000000c356d00000,0x000000c356e00000] [id=10156]
  0x0000021e4d62d9d0 ConcurrentGCThread "G1 Refine#0" [stack: 0x000000c356e00000,0x000000c356f00000] [id=5308]
  0x0000021e6c0a16f0 ConcurrentGCThread "G1 Refine#1" [stack: 0x000000c359800000,0x000000c359900000] [id=8236]
  0x0000021e4d62e700 ConcurrentGCThread "G1 Service" [stack: 0x000000c356f00000,0x000000c357000000] [id=10416]

Threads with active compile tasks:
C2 CompilerThread0    14935 12882       4       java.util.IdentityHashMap::put (137 bytes)
C1 CompilerThread0    14935 12928       3       com.android.tools.r8.ir.regalloc.b::a (270 bytes)
C2 CompilerThread1    14935 12914       4       java.util.IdentityHashMap::containsKey (55 bytes)

VM state: at safepoint (normal execution)

VM Mutex/Monitor currently owned by a thread:  ([mutex/lock_event])
[0x0000021e4d5541e0] Threads_lock - owner thread: 0x0000021e694028e0
[0x0000021e4d553c40] Heap_lock - owner thread: 0x0000021e6d5f90f0

Heap address: 0x0000000080000000, size: 2048 MB, Compressed Oops mode: 32-bit

CDS archive(s) not mapped
Compressed class space mapped at: 0x0000000100000000-0x0000000140000000, reserved size: 1073741824
Narrow klass base: 0x0000000000000000, Narrow klass shift: 3, Narrow klass range: 0x140000000

GC Precious Log:
 CPUs: 4 total, 4 available
 Memory: 14264M
 Large Page Support: Disabled
 NUMA Support: Disabled
 Compressed Oops: Enabled (32-bit)
 Heap Region Size: 1M
 Heap Min Capacity: 8M
 Heap Initial Capacity: 224M
 Heap Max Capacity: 2G
 Pre-touch: Disabled
 Parallel Workers: 4
 Concurrent Workers: 1
 Concurrent Refinement Workers: 4
 Periodic GC: Disabled

Heap:
 garbage-first heap   total 200704K, used 103626K [0x0000000080000000, 0x0000000100000000)
  region size 1024K, 8 young (8192K), 8 survivors (8192K)
 Metaspace       used 103079K, committed 103808K, reserved 1138688K
  class space    used 14090K, committed 14464K, reserved 1048576K

Heap Regions: E=young(eden), S=young(survivor), O=old, HS=humongous(starts), HC=humongous(continues), CS=collection set, F=free, OA=open archive, CA=closed archive, TAMS=top-at-mark-start (previous, next)
|   0|0x0000000080000000, 0x0000000080100000, 0x0000000080100000|100%| O|  |TAMS 0x0000000080100000, 0x0000000080100000| Untracked 
|   1|0x0000000080100000, 0x0000000080200000, 0x0000000080200000|100%| O|  |TAMS 0x0000000080200000, 0x0000000080200000| Untracked 
|   2|0x0000000080200000, 0x0000000080300000, 0x0000000080300000|100%|HS|  |TAMS 0x0000000080300000, 0x0000000080300000| Complete 
|   3|0x0000000080300000, 0x0000000080400000, 0x0000000080400000|100%|HC|  |TAMS 0x0000000080400000, 0x0000000080400000| Complete 
|   4|0x0000000080400000, 0x0000000080500000, 0x0000000080500000|100%|HC|  |TAMS 0x0000000080500000, 0x0000000080500000| Complete 
|   5|0x0000000080500000, 0x0000000080600000, 0x0000000080600000|100%|HC|  |TAMS 0x0000000080600000, 0x0000000080600000| Complete 
|   6|0x0000000080600000, 0x0000000080700000, 0x0000000080700000|100%| O|  |TAMS 0x0000000080700000, 0x0000000080700000| Untracked 
|   7|0x0000000080700000, 0x0000000080800000, 0x0000000080800000|100%| O|  |TAMS 0x0000000080800000, 0x0000000080800000| Untracked 
|   8|0x0000000080800000, 0x0000000080900000, 0x0000000080900000|100%| O|  |TAMS 0x0000000080900000, 0x0000000080900000| Untracked 
|   9|0x0000000080900000, 0x0000000080a00000, 0x0000000080a00000|100%| O|  |TAMS 0x0000000080a00000, 0x0000000080a00000| Untracked 
|  10|0x0000000080a00000, 0x0000000080b00000, 0x0000000080b00000|100%| O|  |TAMS 0x0000000080b00000, 0x0000000080b00000| Untracked 
|  11|0x0000000080b00000, 0x0000000080c00000, 0x0000000080c00000|100%| O|  |TAMS 0x0000000080b00000, 0x0000000080c00000| Untracked 
|  12|0x0000000080c00000, 0x0000000080d00000, 0x0000000080d00000|100%| O|  |TAMS 0x0000000080d00000, 0x0000000080d00000| Untracked 
|  13|0x0000000080d00000, 0x0000000080e00000, 0x0000000080e00000|100%| O|  |TAMS 0x0000000080e00000, 0x0000000080e00000| Untracked 
|  14|0x0000000080e00000, 0x0000000080f00000, 0x0000000080f00000|100%| O|  |TAMS 0x0000000080f00000, 0x0000000080f00000| Untracked 
|  15|0x0000000080f00000, 0x0000000081000000, 0x0000000081000000|100%| O|  |TAMS 0x0000000081000000, 0x0000000081000000| Untracked 
|  16|0x0000000081000000, 0x0000000081100000, 0x0000000081100000|100%| O|  |TAMS 0x0000000081100000, 0x0000000081100000| Untracked 
|  17|0x0000000081100000, 0x0000000081200000, 0x0000000081200000|100%| O|  |TAMS 0x0000000081200000, 0x0000000081200000| Untracked 
|  18|0x0000000081200000, 0x0000000081300000, 0x0000000081300000|100%| O|  |TAMS 0x0000000081300000, 0x0000000081300000| Untracked 
|  19|0x0000000081300000, 0x0000000081400000, 0x0000000081400000|100%| O|  |TAMS 0x0000000081400000, 0x0000000081400000| Untracked 
|  20|0x0000000081400000, 0x0000000081500000, 0x0000000081500000|100%| O|  |TAMS 0x0000000081500000, 0x0000000081500000| Untracked 
|  21|0x0000000081500000, 0x0000000081600000, 0x0000000081600000|100%| O|  |TAMS 0x0000000081600000, 0x0000000081600000| Untracked 
|  22|0x0000000081600000, 0x0000000081700000, 0x0000000081700000|100%| O|  |TAMS 0x0000000081700000, 0x0000000081700000| Untracked 
|  23|0x0000000081700000, 0x0000000081800000, 0x0000000081800000|100%| O|  |TAMS 0x0000000081700000, 0x0000000081700000| Untracked 
|  24|0x0000000081800000, 0x0000000081900000, 0x0000000081900000|100%| O|  |TAMS 0x0000000081900000, 0x0000000081900000| Untracked 
|  25|0x0000000081900000, 0x0000000081a00000, 0x0000000081a00000|100%| O|  |TAMS 0x0000000081a00000, 0x0000000081a00000| Untracked 
|  26|0x0000000081a00000, 0x0000000081b00000, 0x0000000081b00000|100%| O|  |TAMS 0x0000000081b00000, 0x0000000081b00000| Untracked 
|  27|0x0000000081b00000, 0x0000000081c00000, 0x0000000081c00000|100%| O|  |TAMS 0x0000000081c00000, 0x0000000081c00000| Untracked 
|  28|0x0000000081c00000, 0x0000000081d00000, 0x0000000081d00000|100%| O|  |TAMS 0x0000000081d00000, 0x0000000081d00000| Untracked 
|  29|0x0000000081d00000, 0x0000000081e00000, 0x0000000081e00000|100%| O|  |TAMS 0x0000000081e00000, 0x0000000081e00000| Untracked 
|  30|0x0000000081e00000, 0x0000000081f00000, 0x0000000081f00000|100%| O|  |TAMS 0x0000000081f00000, 0x0000000081f00000| Untracked 
|  31|0x0000000081f00000, 0x0000000082000000, 0x0000000082000000|100%| O|  |TAMS 0x0000000082000000, 0x0000000082000000| Untracked 
|  32|0x0000000082000000, 0x0000000082100000, 0x0000000082100000|100%| O|  |TAMS 0x0000000082100000, 0x0000000082100000| Untracked 
|  33|0x0000000082100000, 0x0000000082200000, 0x0000000082200000|100%|HS|  |TAMS 0x0000000082200000, 0x0000000082200000| Complete 
|  34|0x0000000082200000, 0x0000000082300000, 0x0000000082300000|100%|HS|  |TAMS 0x0000000082300000, 0x0000000082300000| Complete 
|  35|0x0000000082300000, 0x0000000082400000, 0x0000000082400000|100%| O|  |TAMS 0x0000000082400000, 0x0000000082400000| Untracked 
|  36|0x0000000082400000, 0x0000000082500000, 0x0000000082500000|100%| O|  |TAMS 0x0000000082500000, 0x0000000082500000| Untracked 
|  37|0x0000000082500000, 0x0000000082600000, 0x0000000082600000|100%| O|  |TAMS 0x0000000082600000, 0x0000000082600000| Untracked 
|  38|0x0000000082600000, 0x0000000082700000, 0x0000000082700000|100%| O|  |TAMS 0x0000000082700000, 0x0000000082700000| Untracked 
|  39|0x0000000082700000, 0x0000000082800000, 0x0000000082800000|100%| O|  |TAMS 0x0000000082800000, 0x0000000082800000| Untracked 
|  40|0x0000000082800000, 0x0000000082900000, 0x0000000082900000|100%| O|  |TAMS 0x0000000082900000, 0x0000000082900000| Untracked 
|  41|0x0000000082900000, 0x0000000082a00000, 0x0000000082a00000|100%| O|  |TAMS 0x0000000082a00000, 0x0000000082a00000| Untracked 
|  42|0x0000000082a00000, 0x0000000082b00000, 0x0000000082b00000|100%| O|  |TAMS 0x0000000082b00000, 0x0000000082b00000| Untracked 
|  43|0x0000000082b00000, 0x0000000082c00000, 0x0000000082c00000|100%| O|  |TAMS 0x0000000082c00000, 0x0000000082c00000| Untracked 
|  44|0x0000000082c00000, 0x0000000082d00000, 0x0000000082d00000|100%| O|  |TAMS 0x0000000082d00000, 0x0000000082d00000| Untracked 
|  45|0x0000000082d00000, 0x0000000082e00000, 0x0000000082e00000|100%| O|  |TAMS 0x0000000082e00000, 0x0000000082e00000| Untracked 
|  46|0x0000000082e00000, 0x0000000082f00000, 0x0000000082f00000|100%| O|  |TAMS 0x0000000082f00000, 0x0000000082f00000| Untracked 
|  47|0x0000000082f00000, 0x0000000083000000, 0x0000000083000000|100%| O|  |TAMS 0x0000000082fd5400, 0x0000000083000000| Untracked 
|  48|0x0000000083000000, 0x0000000083100000, 0x0000000083100000|100%| O|  |TAMS 0x0000000083000000, 0x0000000083085200| Untracked 
|  49|0x0000000083100000, 0x0000000083200000, 0x0000000083200000|100%| O|  |TAMS 0x0000000083100000, 0x0000000083100000| Untracked 
|  50|0x0000000083200000, 0x0000000083300000, 0x0000000083300000|100%| O|  |TAMS 0x0000000083200000, 0x0000000083200000| Untracked 
|  51|0x0000000083300000, 0x0000000083400000, 0x0000000083400000|100%| O|  |TAMS 0x0000000083300000, 0x0000000083400000| Untracked 
|  52|0x0000000083400000, 0x0000000083500000, 0x0000000083500000|100%| O|  |TAMS 0x0000000083400000, 0x0000000083400000| Untracked 
|  53|0x0000000083500000, 0x0000000083600000, 0x0000000083600000|100%| O|  |TAMS 0x0000000083500000, 0x0000000083600000| Untracked 
|  54|0x0000000083600000, 0x0000000083700000, 0x0000000083700000|100%| O|  |TAMS 0x0000000083600000, 0x0000000083700000| Untracked 
|  55|0x0000000083700000, 0x0000000083800000, 0x0000000083800000|100%| O|  |TAMS 0x0000000083700000, 0x0000000083700000| Untracked 
|  56|0x0000000083800000, 0x0000000083900000, 0x0000000083900000|100%| O|  |TAMS 0x0000000083800000, 0x0000000083800000| Untracked 
|  57|0x0000000083900000, 0x0000000083a00000, 0x0000000083a00000|100%| O|  |TAMS 0x0000000083900000, 0x0000000083900000| Untracked 
|  58|0x0000000083a00000, 0x0000000083b00000, 0x0000000083b00000|100%| O|  |TAMS 0x0000000083a00000, 0x0000000083a00000| Untracked 
|  59|0x0000000083b00000, 0x0000000083c00000, 0x0000000083c00000|100%| O|  |TAMS 0x0000000083b00000, 0x0000000083b00000| Untracked 
|  60|0x0000000083c00000, 0x0000000083d00000, 0x0000000083d00000|100%| O|  |TAMS 0x0000000083c00000, 0x0000000083c00000| Untracked 
|  61|0x0000000083d00000, 0x0000000083e00000, 0x0000000083e00000|100%| O|  |TAMS 0x0000000083d00000, 0x0000000083d00000| Untracked 
|  62|0x0000000083e00000, 0x0000000083f00000, 0x0000000083f00000|100%| O|  |TAMS 0x0000000083e00000, 0x0000000083e00000| Untracked 
|  63|0x0000000083f00000, 0x0000000084000000, 0x0000000084000000|100%| O|  |TAMS 0x0000000083f00000, 0x0000000083f00000| Untracked 
|  64|0x0000000084000000, 0x0000000084100000, 0x0000000084100000|100%| O|  |TAMS 0x0000000084000000, 0x0000000084000000| Untracked 
|  65|0x0000000084100000, 0x0000000084200000, 0x0000000084200000|100%| O|  |TAMS 0x0000000084100000, 0x0000000084100000| Untracked 
|  66|0x0000000084200000, 0x0000000084300000, 0x0000000084300000|100%| O|  |TAMS 0x0000000084200000, 0x0000000084200000| Untracked 
|  67|0x0000000084300000, 0x0000000084400000, 0x0000000084400000|100%| O|  |TAMS 0x0000000084300000, 0x0000000084300000| Untracked 
|  68|0x0000000084400000, 0x0000000084500000, 0x0000000084500000|100%| O|  |TAMS 0x0000000084400000, 0x0000000084400000| Untracked 
|  69|0x0000000084500000, 0x0000000084600000, 0x0000000084600000|100%| O|  |TAMS 0x0000000084500000, 0x0000000084500000| Untracked 
|  70|0x0000000084600000, 0x0000000084700000, 0x0000000084700000|100%| O|  |TAMS 0x0000000084600000, 0x0000000084600000| Untracked 
|  71|0x0000000084700000, 0x0000000084800000, 0x0000000084800000|100%| O|  |TAMS 0x0000000084700000, 0x0000000084700000| Untracked 
|  72|0x0000000084800000, 0x0000000084900000, 0x0000000084900000|100%| O|  |TAMS 0x0000000084800000, 0x0000000084800000| Untracked 
|  73|0x0000000084900000, 0x0000000084a00000, 0x0000000084a00000|100%| O|  |TAMS 0x0000000084900000, 0x0000000084900000| Untracked 
|  74|0x0000000084a00000, 0x0000000084b00000, 0x0000000084b00000|100%| O|  |TAMS 0x0000000084a00000, 0x0000000084a00000| Untracked 
|  75|0x0000000084b00000, 0x0000000084c00000, 0x0000000084c00000|100%| O|  |TAMS 0x0000000084b00000, 0x0000000084b00000| Untracked 
|  76|0x0000000084c00000, 0x0000000084d00000, 0x0000000084d00000|100%| O|  |TAMS 0x0000000084c00000, 0x0000000084c00000| Untracked 
|  77|0x0000000084d00000, 0x0000000084e00000, 0x0000000084e00000|100%| O|  |TAMS 0x0000000084d00000, 0x0000000084d00000| Untracked 
|  78|0x0000000084e00000, 0x0000000084f00000, 0x0000000084f00000|100%| O|  |TAMS 0x0000000084e00000, 0x0000000084e00000| Untracked 
|  79|0x0000000084f00000, 0x0000000085000000, 0x0000000085000000|100%| O|  |TAMS 0x0000000084f00000, 0x0000000084f00000| Untracked 
|  80|0x0000000085000000, 0x0000000085100000, 0x0000000085100000|100%| O|  |TAMS 0x0000000085000000, 0x0000000085000000| Untracked 
|  81|0x0000000085100000, 0x0000000085200000, 0x0000000085200000|100%| O|  |TAMS 0x0000000085100000, 0x0000000085100000| Untracked 
|  82|0x0000000085200000, 0x0000000085300000, 0x0000000085300000|100%| O|  |TAMS 0x0000000085200000, 0x0000000085200000| Untracked 
|  83|0x0000000085300000, 0x0000000085400000, 0x0000000085400000|100%| O|  |TAMS 0x0000000085300000, 0x0000000085300000| Untracked 
|  84|0x0000000085400000, 0x0000000085500000, 0x0000000085500000|100%| O|  |TAMS 0x0000000085400000, 0x0000000085400000| Untracked 
|  85|0x0000000085500000, 0x0000000085600000, 0x0000000085600000|100%| O|  |TAMS 0x0000000085500000, 0x0000000085500000| Untracked 
|  86|0x0000000085600000, 0x0000000085700000, 0x0000000085700000|100%| O|  |TAMS 0x0000000085600000, 0x0000000085600000| Untracked 
|  87|0x0000000085700000, 0x0000000085800000, 0x0000000085800000|100%| O|  |TAMS 0x0000000085700000, 0x0000000085700000| Untracked 
|  88|0x0000000085800000, 0x0000000085900000, 0x0000000085900000|100%| O|  |TAMS 0x0000000085800000, 0x0000000085800000| Untracked 
|  89|0x0000000085900000, 0x0000000085a00000, 0x0000000085a00000|100%| O|  |TAMS 0x0000000085900000, 0x0000000085900000| Untracked 
|  90|0x0000000085a00000, 0x0000000085b00000, 0x0000000085b00000|100%| O|  |TAMS 0x0000000085a00000, 0x0000000085a00000| Untracked 
|  91|0x0000000085b00000, 0x0000000085c00000, 0x0000000085c00000|100%| O|  |TAMS 0x0000000085b00000, 0x0000000085b00000| Untracked 
|  92|0x0000000085c00000, 0x0000000085d00000, 0x0000000085d00000|100%| O|  |TAMS 0x0000000085c00000, 0x0000000085c00000| Untracked 
|  93|0x0000000085d00000, 0x0000000085dcf600, 0x0000000085e00000| 81%| O|  |TAMS 0x0000000085d00000, 0x0000000085d00000| Untracked 
|  94|0x0000000085e00000, 0x0000000085e00000, 0x0000000085f00000|  0%| F|  |TAMS 0x0000000085e00000, 0x0000000085e00000| Untracked 
|  95|0x0000000085f00000, 0x0000000085f00000, 0x0000000086000000|  0%| F|  |TAMS 0x0000000085f00000, 0x0000000085f00000| Untracked 
|  96|0x0000000086000000, 0x0000000086000000, 0x0000000086100000|  0%| F|  |TAMS 0x0000000086000000, 0x0000000086000000| Untracked 
|  97|0x0000000086100000, 0x0000000086100000, 0x0000000086200000|  0%| F|  |TAMS 0x0000000086100000, 0x0000000086100000| Untracked 
|  98|0x0000000086200000, 0x0000000086200000, 0x0000000086300000|  0%| F|  |TAMS 0x0000000086200000, 0x0000000086200000| Untracked 
|  99|0x0000000086300000, 0x0000000086300000, 0x0000000086400000|  0%| F|  |TAMS 0x0000000086300000, 0x0000000086300000| Untracked 
| 100|0x0000000086400000, 0x0000000086400000, 0x0000000086500000|  0%| F|  |TAMS 0x0000000086400000, 0x0000000086400000| Untracked 
| 101|0x0000000086500000, 0x0000000086500000, 0x0000000086600000|  0%| F|  |TAMS 0x0000000086500000, 0x0000000086500000| Untracked 
| 102|0x0000000086600000, 0x0000000086600000, 0x0000000086700000|  0%| F|  |TAMS 0x0000000086600000, 0x0000000086600000| Untracked 
| 103|0x0000000086700000, 0x0000000086700000, 0x0000000086800000|  0%| F|  |TAMS 0x0000000086700000, 0x0000000086700000| Untracked 
| 104|0x0000000086800000, 0x0000000086800000, 0x0000000086900000|  0%| F|  |TAMS 0x0000000086800000, 0x0000000086800000| Untracked 
| 105|0x0000000086900000, 0x0000000086900000, 0x0000000086a00000|  0%| F|  |TAMS 0x0000000086900000, 0x0000000086900000| Untracked 
| 106|0x0000000086a00000, 0x0000000086a00000, 0x0000000086b00000|  0%| F|  |TAMS 0x0000000086a00000, 0x0000000086a00000| Untracked 
| 107|0x0000000086b00000, 0x0000000086b00000, 0x0000000086c00000|  0%| F|  |TAMS 0x0000000086b00000, 0x0000000086b00000| Untracked 
| 108|0x0000000086c00000, 0x0000000086c00000, 0x0000000086d00000|  0%| F|  |TAMS 0x0000000086c00000, 0x0000000086c00000| Untracked 
| 109|0x0000000086d00000, 0x0000000086d00000, 0x0000000086e00000|  0%| F|  |TAMS 0x0000000086d00000, 0x0000000086d00000| Untracked 
| 110|0x0000000086e00000, 0x0000000086e00000, 0x0000000086f00000|  0%| F|  |TAMS 0x0000000086e00000, 0x0000000086e00000| Untracked 
| 111|0x0000000086f00000, 0x0000000086f00000, 0x0000000087000000|  0%| F|  |TAMS 0x0000000086f00000, 0x0000000086f00000| Untracked 
| 112|0x0000000087000000, 0x0000000087000000, 0x0000000087100000|  0%| F|  |TAMS 0x0000000087000000, 0x0000000087000000| Untracked 
| 113|0x0000000087100000, 0x0000000087100000, 0x0000000087200000|  0%| F|  |TAMS 0x0000000087100000, 0x0000000087100000| Untracked 
| 114|0x0000000087200000, 0x0000000087200000, 0x0000000087300000|  0%| F|  |TAMS 0x0000000087200000, 0x0000000087200000| Untracked 
| 115|0x0000000087300000, 0x0000000087300000, 0x0000000087400000|  0%| F|  |TAMS 0x0000000087300000, 0x0000000087300000| Untracked 
| 116|0x0000000087400000, 0x0000000087400000, 0x0000000087500000|  0%| F|  |TAMS 0x0000000087400000, 0x0000000087400000| Untracked 
| 117|0x0000000087500000, 0x0000000087500000, 0x0000000087600000|  0%| F|  |TAMS 0x0000000087500000, 0x0000000087500000| Untracked 
| 118|0x0000000087600000, 0x0000000087600000, 0x0000000087700000|  0%| F|  |TAMS 0x0000000087600000, 0x0000000087600000| Untracked 
| 119|0x0000000087700000, 0x0000000087700000, 0x0000000087800000|  0%| F|  |TAMS 0x0000000087700000, 0x0000000087700000| Untracked 
| 120|0x0000000087800000, 0x0000000087800000, 0x0000000087900000|  0%| F|  |TAMS 0x0000000087800000, 0x0000000087800000| Untracked 
| 121|0x0000000087900000, 0x0000000087900000, 0x0000000087a00000|  0%| F|  |TAMS 0x0000000087900000, 0x0000000087900000| Untracked 
| 122|0x0000000087a00000, 0x0000000087a00000, 0x0000000087b00000|  0%| F|  |TAMS 0x0000000087a00000, 0x0000000087a00000| Untracked 
| 123|0x0000000087b00000, 0x0000000087b00000, 0x0000000087c00000|  0%| F|  |TAMS 0x0000000087b00000, 0x0000000087b00000| Untracked 
| 124|0x0000000087c00000, 0x0000000087c00000, 0x0000000087d00000|  0%| F|  |TAMS 0x0000000087c00000, 0x0000000087c00000| Untracked 
| 125|0x0000000087d00000, 0x0000000087d635a0, 0x0000000087e00000| 38%| S|CS|TAMS 0x0000000087d00000, 0x0000000087d00000| Complete 
| 126|0x0000000087e00000, 0x0000000087e00000, 0x0000000087f00000|  0%| F|  |TAMS 0x0000000087e00000, 0x0000000087e00000| Untracked 
| 127|0x0000000087f00000, 0x0000000087f00000, 0x0000000088000000|  0%| F|  |TAMS 0x0000000087f00000, 0x0000000087f00000| Untracked 
| 128|0x0000000088000000, 0x0000000088000000, 0x0000000088100000|  0%| F|  |TAMS 0x0000000088000000, 0x0000000088000000| Untracked 
| 129|0x0000000088100000, 0x0000000088200000, 0x0000000088200000|100%| S|CS|TAMS 0x0000000088100000, 0x0000000088100000| Complete 
| 130|0x0000000088200000, 0x0000000088300000, 0x0000000088300000|100%| S|CS|TAMS 0x0000000088200000, 0x0000000088200000| Complete 
| 131|0x0000000088300000, 0x0000000088400000, 0x0000000088400000|100%| S|CS|TAMS 0x0000000088300000, 0x0000000088300000| Complete 
| 132|0x0000000088400000, 0x0000000088500000, 0x0000000088500000|100%| S|CS|TAMS 0x0000000088400000, 0x0000000088400000| Complete 
| 133|0x0000000088500000, 0x0000000088600000, 0x0000000088600000|100%| S|CS|TAMS 0x0000000088500000, 0x0000000088500000| Complete 
| 134|0x0000000088600000, 0x0000000088700000, 0x0000000088700000|100%| S|CS|TAMS 0x0000000088600000, 0x0000000088600000| Complete 
| 135|0x0000000088700000, 0x0000000088800000, 0x0000000088800000|100%| S|CS|TAMS 0x0000000088700000, 0x0000000088700000| Complete 
| 136|0x0000000088800000, 0x0000000088800000, 0x0000000088900000|  0%| F|  |TAMS 0x0000000088800000, 0x0000000088800000| Untracked 
| 137|0x0000000088900000, 0x0000000088900000, 0x0000000088a00000|  0%| F|  |TAMS 0x0000000088900000, 0x0000000088900000| Untracked 
| 138|0x0000000088a00000, 0x0000000088a00000, 0x0000000088b00000|  0%| F|  |TAMS 0x0000000088a00000, 0x0000000088a00000| Untracked 
| 139|0x0000000088b00000, 0x0000000088b00000, 0x0000000088c00000|  0%| F|  |TAMS 0x0000000088b00000, 0x0000000088b00000| Untracked 
| 140|0x0000000088c00000, 0x0000000088c00000, 0x0000000088d00000|  0%| F|  |TAMS 0x0000000088c00000, 0x0000000088c00000| Untracked 
| 141|0x0000000088d00000, 0x0000000088d00000, 0x0000000088e00000|  0%| F|  |TAMS 0x0000000088d00000, 0x0000000088d00000| Untracked 
| 142|0x0000000088e00000, 0x0000000088e00000, 0x0000000088f00000|  0%| F|  |TAMS 0x0000000088e00000, 0x0000000088e00000| Untracked 
| 143|0x0000000088f00000, 0x0000000088f00000, 0x0000000089000000|  0%| F|  |TAMS 0x0000000088f00000, 0x0000000088f00000| Untracked 
| 144|0x0000000089000000, 0x0000000089000000, 0x0000000089100000|  0%| F|  |TAMS 0x0000000089000000, 0x0000000089000000| Untracked 
| 145|0x0000000089100000, 0x0000000089100000, 0x0000000089200000|  0%| F|  |TAMS 0x0000000089100000, 0x0000000089100000| Untracked 
| 146|0x0000000089200000, 0x0000000089200000, 0x0000000089300000|  0%| F|  |TAMS 0x0000000089200000, 0x0000000089200000| Untracked 
| 147|0x0000000089300000, 0x0000000089300000, 0x0000000089400000|  0%| F|  |TAMS 0x0000000089300000, 0x0000000089300000| Untracked 
| 148|0x0000000089400000, 0x0000000089400000, 0x0000000089500000|  0%| F|  |TAMS 0x0000000089400000, 0x0000000089400000| Untracked 
| 149|0x0000000089500000, 0x0000000089500000, 0x0000000089600000|  0%| F|  |TAMS 0x0000000089500000, 0x0000000089500000| Untracked 
| 150|0x0000000089600000, 0x0000000089600000, 0x0000000089700000|  0%| F|  |TAMS 0x0000000089600000, 0x0000000089600000| Untracked 
| 151|0x0000000089700000, 0x0000000089700000, 0x0000000089800000|  0%| F|  |TAMS 0x0000000089700000, 0x0000000089700000| Untracked 
| 152|0x0000000089800000, 0x0000000089800000, 0x0000000089900000|  0%| F|  |TAMS 0x0000000089800000, 0x0000000089800000| Untracked 
| 153|0x0000000089900000, 0x0000000089900000, 0x0000000089a00000|  0%| F|  |TAMS 0x0000000089900000, 0x0000000089900000| Untracked 
| 154|0x0000000089a00000, 0x0000000089a00000, 0x0000000089b00000|  0%| F|  |TAMS 0x0000000089a00000, 0x0000000089a00000| Untracked 
| 155|0x0000000089b00000, 0x0000000089b00000, 0x0000000089c00000|  0%| F|  |TAMS 0x0000000089b00000, 0x0000000089b00000| Untracked 
| 156|0x0000000089c00000, 0x0000000089c00000, 0x0000000089d00000|  0%| F|  |TAMS 0x0000000089c00000, 0x0000000089c00000| Untracked 
| 157|0x0000000089d00000, 0x0000000089d00000, 0x0000000089e00000|  0%| F|  |TAMS 0x0000000089d00000, 0x0000000089d00000| Untracked 
| 158|0x0000000089e00000, 0x0000000089e00000, 0x0000000089f00000|  0%| F|  |TAMS 0x0000000089e00000, 0x0000000089e00000| Untracked 
| 159|0x0000000089f00000, 0x0000000089f00000, 0x000000008a000000|  0%| F|  |TAMS 0x0000000089f00000, 0x0000000089f00000| Untracked 
| 160|0x000000008a000000, 0x000000008a000000, 0x000000008a100000|  0%| F|  |TAMS 0x000000008a000000, 0x000000008a000000| Untracked 
| 161|0x000000008a100000, 0x000000008a100000, 0x000000008a200000|  0%| F|  |TAMS 0x000000008a100000, 0x000000008a100000| Untracked 
| 162|0x000000008a200000, 0x000000008a200000, 0x000000008a300000|  0%| F|  |TAMS 0x000000008a200000, 0x000000008a200000| Untracked 
| 163|0x000000008a300000, 0x000000008a300000, 0x000000008a400000|  0%| F|  |TAMS 0x000000008a300000, 0x000000008a300000| Untracked 
| 164|0x000000008a400000, 0x000000008a400000, 0x000000008a500000|  0%| F|  |TAMS 0x000000008a400000, 0x000000008a400000| Untracked 
| 165|0x000000008a500000, 0x000000008a500000, 0x000000008a600000|  0%| F|  |TAMS 0x000000008a500000, 0x000000008a500000| Untracked 
| 166|0x000000008a600000, 0x000000008a600000, 0x000000008a700000|  0%| F|  |TAMS 0x000000008a600000, 0x000000008a600000| Untracked 
| 167|0x000000008a700000, 0x000000008a700000, 0x000000008a800000|  0%| F|  |TAMS 0x000000008a700000, 0x000000008a700000| Untracked 
| 168|0x000000008a800000, 0x000000008a800000, 0x000000008a900000|  0%| F|  |TAMS 0x000000008a800000, 0x000000008a800000| Untracked 
| 169|0x000000008a900000, 0x000000008a900000, 0x000000008aa00000|  0%| F|  |TAMS 0x000000008a900000, 0x000000008a900000| Untracked 
| 170|0x000000008aa00000, 0x000000008aa00000, 0x000000008ab00000|  0%| F|  |TAMS 0x000000008aa00000, 0x000000008aa00000| Untracked 
| 171|0x000000008ab00000, 0x000000008ab00000, 0x000000008ac00000|  0%| F|  |TAMS 0x000000008ab00000, 0x000000008ab00000| Untracked 
| 172|0x000000008ac00000, 0x000000008ac00000, 0x000000008ad00000|  0%| F|  |TAMS 0x000000008ac00000, 0x000000008ac00000| Untracked 
| 173|0x000000008ad00000, 0x000000008ad00000, 0x000000008ae00000|  0%| F|  |TAMS 0x000000008ad00000, 0x000000008ad00000| Untracked 
| 174|0x000000008ae00000, 0x000000008ae00000, 0x000000008af00000|  0%| F|  |TAMS 0x000000008ae00000, 0x000000008ae00000| Untracked 
| 175|0x000000008af00000, 0x000000008af00000, 0x000000008b000000|  0%| F|  |TAMS 0x000000008af00000, 0x000000008af00000| Untracked 
| 176|0x000000008b000000, 0x000000008b000000, 0x000000008b100000|  0%| F|  |TAMS 0x000000008b000000, 0x000000008b000000| Untracked 
| 177|0x000000008b100000, 0x000000008b100000, 0x000000008b200000|  0%| F|  |TAMS 0x000000008b100000, 0x000000008b100000| Untracked 
| 178|0x000000008b200000, 0x000000008b200000, 0x000000008b300000|  0%| F|  |TAMS 0x000000008b200000, 0x000000008b200000| Untracked 
| 179|0x000000008b300000, 0x000000008b300000, 0x000000008b400000|  0%| F|  |TAMS 0x000000008b300000, 0x000000008b300000| Untracked 
| 180|0x000000008b400000, 0x000000008b400000, 0x000000008b500000|  0%| F|  |TAMS 0x000000008b400000, 0x000000008b400000| Untracked 
| 181|0x000000008b500000, 0x000000008b500000, 0x000000008b600000|  0%| F|  |TAMS 0x000000008b500000, 0x000000008b500000| Untracked 
| 182|0x000000008b600000, 0x000000008b600000, 0x000000008b700000|  0%| F|  |TAMS 0x000000008b600000, 0x000000008b600000| Untracked 
| 183|0x000000008b700000, 0x000000008b700000, 0x000000008b800000|  0%| F|  |TAMS 0x000000008b700000, 0x000000008b700000| Untracked 
| 184|0x000000008b800000, 0x000000008b800000, 0x000000008b900000|  0%| F|  |TAMS 0x000000008b800000, 0x000000008b800000| Untracked 
| 185|0x000000008b900000, 0x000000008b900000, 0x000000008ba00000|  0%| F|  |TAMS 0x000000008b900000, 0x000000008b900000| Untracked 
| 186|0x000000008ba00000, 0x000000008ba00000, 0x000000008bb00000|  0%| F|  |TAMS 0x000000008ba00000, 0x000000008ba00000| Untracked 
| 187|0x000000008bb00000, 0x000000008bb00000, 0x000000008bc00000|  0%| F|  |TAMS 0x000000008bb00000, 0x000000008bb00000| Untracked 
| 188|0x000000008bc00000, 0x000000008bc00000, 0x000000008bd00000|  0%| F|  |TAMS 0x000000008bc00000, 0x000000008bc00000| Untracked 
| 189|0x000000008bd00000, 0x000000008bd00000, 0x000000008be00000|  0%| F|  |TAMS 0x000000008bd00000, 0x000000008bd00000| Untracked 
| 190|0x000000008be00000, 0x000000008be00000, 0x000000008bf00000|  0%| F|  |TAMS 0x000000008be00000, 0x000000008be00000| Untracked 
| 191|0x000000008bf00000, 0x000000008bf00000, 0x000000008c000000|  0%| F|  |TAMS 0x000000008bf00000, 0x000000008bf00000| Untracked 
| 192|0x000000008c000000, 0x000000008c000000, 0x000000008c100000|  0%| F|  |TAMS 0x000000008c000000, 0x000000008c000000| Untracked 
| 193|0x000000008c100000, 0x000000008c100000, 0x000000008c200000|  0%| F|  |TAMS 0x000000008c100000, 0x000000008c100000| Untracked 
| 194|0x000000008c200000, 0x000000008c200000, 0x000000008c300000|  0%| F|  |TAMS 0x000000008c200000, 0x000000008c200000| Untracked 
| 223|0x000000008df00000, 0x000000008df00000, 0x000000008e000000|  0%| F|  |TAMS 0x000000008df00000, 0x000000008df00000| Untracked 

Card table byte_map: [0x0000021e61c30000,0x0000021e62030000] _byte_map_base: 0x0000021e61830000

Marking Bits (Prev, Next): (CMBitMap*) 0x0000021e4d5b6a40, (CMBitMap*) 0x0000021e4d5b6a80
 Prev Bits: [0x0000021e62430000, 0x0000021e64430000)
 Next Bits: [0x0000021e64430000, 0x0000021e66430000)

Polling page: 0x0000021e4d630000

Metaspace:

Usage:
  Non-class:     86.90 MB used.
      Class:     13.76 MB used.
       Both:    100.66 MB used.

Virtual space:
  Non-class space:       88.00 MB reserved,      87.25 MB (>99%) committed,  11 nodes.
      Class space:        1.00 GB reserved,      14.12 MB (  1%) committed,  1 nodes.
             Both:        1.09 GB reserved,     101.38 MB (  9%) committed. 

Chunk freelists:
   Non-Class:  272.00 KB
       Class:  1.92 MB
        Both:  2.19 MB

MaxMetaspaceSize: unlimited
CompressedClassSpaceSize: 1.00 GB
Initial GC threshold: 21.00 MB
Current GC threshold: 102.50 MB
CDS: off
MetaspaceReclaimPolicy: balanced
 - commit_granule_bytes: 65536.
 - commit_granule_words: 8192.
 - virtual_space_node_default_size: 1048576.
 - enlarge_chunks_in_place: 1.
 - new_chunks_are_fully_committed: 0.
 - uncommit_free_chunks: 1.
 - use_allocation_guard: 0.
 - handle_deallocations: 1.


Internal statistics:

num_allocs_failed_limit: 6.
num_arena_births: 940.
num_arena_deaths: 0.
num_vsnodes_births: 12.
num_vsnodes_deaths: 0.
num_space_committed: 1622.
num_space_uncommitted: 0.
num_chunks_returned_to_freelist: 6.
num_chunks_taken_from_freelist: 4769.
num_chunk_merges: 6.
num_chunk_splits: 3185.
num_chunks_enlarged: 2152.
num_purges: 0.
num_inconsistent_stats: 0.

CodeHeap 'non-profiled nmethods': size=120000Kb used=6387Kb max_used=6387Kb free=113612Kb
 bounds [0x0000021e59cd0000, 0x0000021e5a310000, 0x0000021e61200000]
CodeHeap 'profiled nmethods': size=120000Kb used=22102Kb max_used=22102Kb free=97897Kb
 bounds [0x0000021e52200000, 0x0000021e537a0000, 0x0000021e59730000]
CodeHeap 'non-nmethods': size=5760Kb used=2422Kb max_used=2472Kb free=3337Kb
 bounds [0x0000021e59730000, 0x0000021e599b0000, 0x0000021e59cd0000]
 total_blobs=12170 nmethods=11226 adapters=854
 compilation: enabled
              stopped_count=0, restarted_count=0
 full_count=0

Compilation events (20 events):
Event: 14.895 Thread 0x0000021e69410530 nmethod 12918 0x0000021e5378dc90 code [0x0000021e5378de40, 0x0000021e5378e158]
Event: 14.895 Thread 0x0000021e69410530 12919       3       com.android.tools.r8.internal.h7::a (1 bytes)
Event: 14.895 Thread 0x0000021e69410530 nmethod 12919 0x0000021e5378e290 code [0x0000021e5378e420, 0x0000021e5378e538]
Event: 14.895 Thread 0x0000021e69410530 12920       3       com.android.tools.r8.internal.Z7::c (37 bytes)
Event: 14.896 Thread 0x0000021e69410530 nmethod 12920 0x0000021e5378e610 code [0x0000021e5378e7c0, 0x0000021e5378ea68]
Event: 14.896 Thread 0x0000021e69410530 12921       3       com.android.tools.r8.internal.Z7::d (6 bytes)
Event: 14.896 Thread 0x0000021e69410530 nmethod 12921 0x0000021e5378ec10 code [0x0000021e5378eda0, 0x0000021e5378eeb8]
Event: 14.896 Thread 0x0000021e69410530 12922       3       com.android.tools.r8.internal.KW::a (14 bytes)
Event: 14.896 Thread 0x0000021e69410530 nmethod 12922 0x0000021e5378ef90 code [0x0000021e5378f140, 0x0000021e5378f2a8]
Event: 14.896 Thread 0x0000021e69410530 12923       3       com.android.tools.r8.internal.i8::a (64 bytes)
Event: 14.897 Thread 0x0000021e69410530 nmethod 12923 0x0000021e5378f410 code [0x0000021e5378f620, 0x0000021e5378fc38]
Event: 14.897 Thread 0x0000021e69410530 12924       3       com.android.tools.r8.internal.e8::<init> (10 bytes)
Event: 14.897 Thread 0x0000021e69410530 nmethod 12924 0x0000021e5378ff10 code [0x0000021e537900c0, 0x0000021e537902d8]
Event: 14.898 Thread 0x0000021e69410530 12925       3       com.android.tools.r8.internal.fa::equals (62 bytes)
Event: 14.898 Thread 0x0000021e69410530 nmethod 12925 0x0000021e53790410 code [0x0000021e53790680, 0x0000021e53791298]
Event: 14.898 Thread 0x0000021e69410530 12927       3       com.android.tools.r8.ir.optimize.C::j (696 bytes)
Event: 14.899 Thread 0x0000021e6d6d57b0 nmethod 12913 0x0000021e5a30c690 code [0x0000021e5a30c820, 0x0000021e5a30cd78]
Event: 14.899 Thread 0x0000021e6d6d57b0 12914       4       java.util.IdentityHashMap::containsKey (55 bytes)
Event: 14.900 Thread 0x0000021e69410530 nmethod 12927 0x0000021e53791590 code [0x0000021e53791ae0, 0x0000021e53794a38]
Event: 14.900 Thread 0x0000021e69410530 12928       3       com.android.tools.r8.ir.regalloc.b::a (270 bytes)

GC Heap History (20 events):
Event: 7.815 GC heap after
{Heap after GC invocations=23 (full 0):
 garbage-first heap   total 114688K, used 55441K [0x0000000080000000, 0x0000000100000000)
  region size 1024K, 4 young (4096K), 4 survivors (4096K)
 Metaspace       used 62470K, committed 62976K, reserved 1105920K
  class space    used 8265K, committed 8512K, reserved 1048576K
}
Event: 8.178 GC heap before
{Heap before GC invocations=24 (full 0):
 garbage-first heap   total 114688K, used 80017K [0x0000000080000000, 0x0000000100000000)
  region size 1024K, 26 young (26624K), 4 survivors (4096K)
 Metaspace       used 64719K, committed 65216K, reserved 1105920K
  class space    used 8549K, committed 8768K, reserved 1048576K
}
Event: 8.184 GC heap after
{Heap after GC invocations=25 (full 0):
 garbage-first heap   total 114688K, used 52378K [0x0000000080000000, 0x0000000100000000)
  region size 1024K, 2 young (2048K), 2 survivors (2048K)
 Metaspace       used 64719K, committed 65216K, reserved 1105920K
  class space    used 8549K, committed 8768K, reserved 1048576K
}
Event: 8.225 GC heap before
{Heap before GC invocations=25 (full 0):
 garbage-first heap   total 114688K, used 55450K [0x0000000080000000, 0x0000000100000000)
  region size 1024K, 5 young (5120K), 2 survivors (2048K)
 Metaspace       used 64957K, committed 65472K, reserved 1105920K
  class space    used 8576K, committed 8768K, reserved 1048576K
}
Event: 8.228 GC heap after
{Heap after GC invocations=26 (full 0):
 garbage-first heap   total 114688K, used 52148K [0x0000000080000000, 0x0000000100000000)
  region size 1024K, 1 young (1024K), 1 survivors (1024K)
 Metaspace       used 64957K, committed 65472K, reserved 1105920K
  class space    used 8576K, committed 8768K, reserved 1048576K
}
Event: 8.451 GC heap before
{Heap before GC invocations=26 (full 0):
 garbage-first heap   total 114688K, used 72628K [0x0000000080000000, 0x0000000100000000)
  region size 1024K, 22 young (22528K), 1 survivors (1024K)
 Metaspace       used 66670K, committed 67264K, reserved 1114112K
  class space    used 8778K, committed 9088K, reserved 1048576K
}
Event: 8.454 GC heap after
{Heap after GC invocations=27 (full 0):
 garbage-first heap   total 200704K, used 54102K [0x0000000080000000, 0x0000000100000000)
  region size 1024K, 3 young (3072K), 3 survivors (3072K)
 Metaspace       used 66670K, committed 67264K, reserved 1114112K
  class space    used 8778K, committed 9088K, reserved 1048576K
}
Event: 9.282 GC heap before
{Heap before GC invocations=27 (full 0):
 garbage-first heap   total 200704K, used 128854K [0x0000000080000000, 0x0000000100000000)
  region size 1024K, 75 young (76800K), 3 survivors (3072K)
 Metaspace       used 71543K, committed 72192K, reserved 1114112K
  class space    used 9658K, committed 9984K, reserved 1048576K
}
Event: 9.291 GC heap after
{Heap after GC invocations=28 (full 0):
 garbage-first heap   total 200704K, used 59239K [0x0000000080000000, 0x0000000100000000)
  region size 1024K, 8 young (8192K), 8 survivors (8192K)
 Metaspace       used 71543K, committed 72192K, reserved 1114112K
  class space    used 9658K, committed 9984K, reserved 1048576K
}
Event: 10.573 GC heap before
{Heap before GC invocations=28 (full 0):
 garbage-first heap   total 200704K, used 143207K [0x0000000080000000, 0x0000000100000000)
  region size 1024K, 90 young (92160K), 8 survivors (8192K)
 Metaspace       used 80851K, committed 81472K, reserved 1122304K
  class space    used 11008K, committed 11328K, reserved 1048576K
}
Event: 10.587 GC heap after
{Heap after GC invocations=29 (full 0):
 garbage-first heap   total 200704K, used 65872K [0x0000000080000000, 0x0000000100000000)
  region size 1024K, 12 young (12288K), 12 survivors (12288K)
 Metaspace       used 80851K, committed 81472K, reserved 1122304K
  class space    used 11008K, committed 11328K, reserved 1048576K
}
Event: 11.497 GC heap before
{Heap before GC invocations=29 (full 0):
 garbage-first heap   total 200704K, used 148816K [0x0000000080000000, 0x0000000100000000)
  region size 1024K, 93 young (95232K), 12 survivors (12288K)
 Metaspace       used 84285K, committed 84928K, reserved 1130496K
  class space    used 11607K, committed 11904K, reserved 1048576K
}
Event: 11.515 GC heap after
{Heap after GC invocations=30 (full 0):
 garbage-first heap   total 200704K, used 77452K [0x0000000080000000, 0x0000000100000000)
  region size 1024K, 12 young (12288K), 12 survivors (12288K)
 Metaspace       used 84285K, committed 84928K, reserved 1130496K
  class space    used 11607K, committed 11904K, reserved 1048576K
}
Event: 12.377 GC heap before
{Heap before GC invocations=30 (full 0):
 garbage-first heap   total 200704K, used 150156K [0x0000000080000000, 0x0000000100000000)
  region size 1024K, 84 young (86016K), 12 survivors (12288K)
 Metaspace       used 85130K, committed 85760K, reserved 1130496K
  class space    used 11653K, committed 11968K, reserved 1048576K
}
Event: 12.391 GC heap after
{Heap after GC invocations=31 (full 0):
 garbage-first heap   total 200704K, used 83381K [0x0000000080000000, 0x0000000100000000)
  region size 1024K, 7 young (7168K), 7 survivors (7168K)
 Metaspace       used 85130K, committed 85760K, reserved 1130496K
  class space    used 11653K, committed 11968K, reserved 1048576K
}
Event: 13.146 GC heap before
{Heap before GC invocations=31 (full 0):
 garbage-first heap   total 200704K, used 154037K [0x0000000080000000, 0x0000000100000000)
  region size 1024K, 77 young (78848K), 7 survivors (7168K)
 Metaspace       used 88351K, committed 89024K, reserved 1130496K
  class space    used 12048K, committed 12352K, reserved 1048576K
}
Event: 13.158 GC heap after
{Heap after GC invocations=32 (full 0):
 garbage-first heap   total 200704K, used 88426K [0x0000000080000000, 0x0000000100000000)
  region size 1024K, 7 young (7168K), 7 survivors (7168K)
 Metaspace       used 88351K, committed 89024K, reserved 1130496K
  class space    used 12048K, committed 12352K, reserved 1048576K
}
Event: 14.025 GC heap before
{Heap before GC invocations=32 (full 0):
 garbage-first heap   total 200704K, used 156010K [0x0000000080000000, 0x0000000100000000)
  region size 1024K, 74 young (75776K), 7 survivors (7168K)
 Metaspace       used 96640K, committed 97280K, reserved 1138688K
  class space    used 13170K, committed 13440K, reserved 1048576K
}
Event: 14.041 GC heap after
{Heap after GC invocations=33 (full 0):
 garbage-first heap   total 200704K, used 96795K [0x0000000080000000, 0x0000000100000000)
  region size 1024K, 9 young (9216K), 9 survivors (9216K)
 Metaspace       used 96640K, committed 97280K, reserved 1138688K
  class space    used 13170K, committed 13440K, reserved 1048576K
}
Event: 14.901 GC heap before
{Heap before GC invocations=33 (full 0):
 garbage-first heap   total 200704K, used 157211K [0x0000000080000000, 0x0000000100000000)
  region size 1024K, 69 young (70656K), 9 survivors (9216K)
 Metaspace       used 103079K, committed 103808K, reserved 1138688K
  class space    used 14090K, committed 14464K, reserved 1048576K
}

Dll operation events (2 events):
Event: 0.007 Loaded shared library C:\Program Files\Android\Android Studio\jbr\bin\java.dll
Event: 0.738 Loaded shared library C:\Program Files\Android\Android Studio\jbr\bin\verify.dll

Deoptimization events (20 events):
Event: 14.728 Thread 0x0000021e6d5f90f0 Uncommon trap: trap_request=0xffffff45 fr.pc=0x0000021e5a2b4d04 relative=0x0000000000000164
Event: 14.728 Thread 0x0000021e6d5f90f0 Uncommon trap: reason=unstable_if action=reinterpret pc=0x0000021e5a2b4d04 method=com.android.tools.r8.utils.t0.a(C)Z @ 3 c2
Event: 14.728 Thread 0x0000021e6d5f90f0 DEOPT PACKING pc=0x0000021e5a2b4d04 sp=0x000000c35cdfc9b0
Event: 14.728 Thread 0x0000021e6d5f90f0 DEOPT UNPACKING pc=0x0000021e597869a3 sp=0x000000c35cdfc888 mode 2
Event: 14.730 Thread 0x0000021e6d5f90f0 Uncommon trap: trap_request=0xffffffc6 fr.pc=0x0000021e5a15576c relative=0x00000000000002ac
Event: 14.730 Thread 0x0000021e6d5f90f0 Uncommon trap: reason=bimorphic_or_optimized_type_check action=maybe_recompile pc=0x0000021e5a15576c method=java.util.stream.StreamOpFlag.fromCharacteristics(Ljava/util/Spliterator;)I @ 14 c2
Event: 14.730 Thread 0x0000021e6d5f90f0 DEOPT PACKING pc=0x0000021e5a15576c sp=0x000000c35cdfcc70
Event: 14.730 Thread 0x0000021e6d5f90f0 DEOPT UNPACKING pc=0x0000021e597869a3 sp=0x000000c35cdfcb58 mode 2
Event: 14.737 Thread 0x0000021e6d5f90f0 Uncommon trap: trap_request=0xffffffc6 fr.pc=0x0000021e5a15576c relative=0x00000000000002ac
Event: 14.737 Thread 0x0000021e6d5f90f0 Uncommon trap: reason=bimorphic_or_optimized_type_check action=maybe_recompile pc=0x0000021e5a15576c method=java.util.stream.StreamOpFlag.fromCharacteristics(Ljava/util/Spliterator;)I @ 14 c2
Event: 14.737 Thread 0x0000021e6d5f90f0 DEOPT PACKING pc=0x0000021e5a15576c sp=0x000000c35cdfcc70
Event: 14.737 Thread 0x0000021e6d5f90f0 DEOPT UNPACKING pc=0x0000021e597869a3 sp=0x000000c35cdfcb58 mode 2
Event: 14.742 Thread 0x0000021e6d5f90f0 Uncommon trap: trap_request=0xffffffc6 fr.pc=0x0000021e59f12ea8 relative=0x0000000000000288
Event: 14.742 Thread 0x0000021e6d5f90f0 Uncommon trap: reason=bimorphic_or_optimized_type_check action=maybe_recompile pc=0x0000021e59f12ea8 method=java.util.stream.StreamOpFlag.fromCharacteristics(Ljava/util/Spliterator;)I @ 14 c2
Event: 14.742 Thread 0x0000021e6d5f90f0 DEOPT PACKING pc=0x0000021e59f12ea8 sp=0x000000c35cdfcc10
Event: 14.742 Thread 0x0000021e6d5f90f0 DEOPT UNPACKING pc=0x0000021e597869a3 sp=0x000000c35cdfcb60 mode 2
Event: 14.748 Thread 0x0000021e6d5f90f0 Uncommon trap: trap_request=0xffffffc6 fr.pc=0x0000021e5a20111c relative=0x000000000000007c
Event: 14.748 Thread 0x0000021e6d5f90f0 Uncommon trap: reason=bimorphic_or_optimized_type_check action=maybe_recompile pc=0x0000021e5a20111c method=java.util.stream.StreamOpFlag.fromCharacteristics(Ljava/util/Spliterator;)I @ 14 c2
Event: 14.748 Thread 0x0000021e6d5f90f0 DEOPT PACKING pc=0x0000021e5a20111c sp=0x000000c35cdfcbc0
Event: 14.748 Thread 0x0000021e6d5f90f0 DEOPT UNPACKING pc=0x0000021e597869a3 sp=0x000000c35cdfcb58 mode 2

Classes unloaded (0 events):
No events

Classes redefined (0 events):
No events

Internal exceptions (20 events):
Event: 12.913 Thread 0x0000021e6c236740 Exception <a 'sun/nio/fs/WindowsException'{0x00000000895ae8f0}> (0x00000000895ae8f0) 
thrown [s\src\hotspot\share\prims\jni.cpp, line 517]
Event: 13.340 Thread 0x0000021e6c234a60 Exception <a 'sun/nio/fs/WindowsException'{0x000000008b547008}> (0x000000008b547008) 
thrown [s\src\hotspot\share\prims\jni.cpp, line 517]
Event: 13.504 Thread 0x0000021e6c234a60 Exception <a 'sun/nio/fs/WindowsException'{0x000000008a3d6470}> (0x000000008a3d6470) 
thrown [s\src\hotspot\share\prims\jni.cpp, line 517]
Event: 13.748 Thread 0x0000021e6d5f90f0 Exception <a 'java/lang/NoSuchMethodError'{0x0000000089373038}: 'java.lang.Object java.lang.invoke.DirectMethodHandle$Holder.invokeStaticInit(java.lang.Object, java.lang.Object, java.lang.Object, java.lang.Object, java.lang.Object, java.lang.Object, java.lang.Object, java.lang.Object, java.lang.Object, java.lang.Object, java.lang.Object, java.lang.Object, java.lang.Object, java.lang.Object, java.lang.Object, java.lang.Object, java.lang.Object, java.lang.Object, java.lang.Object, int, java.lang.Object, java
Event: 13.774 Thread 0x0000021e6d5f90f0 Exception <a 'java/lang/IncompatibleClassChangeError'{0x0000000089127af8}: Found class java.lang.Object, but interface was expected> (0x0000000089127af8) 
thrown [s\src\hotspot\share\interpreter\linkResolver.cpp, line 838]
Event: 13.839 Thread 0x0000021e6d5f90f0 Exception <a 'java/lang/NoSuchMethodError'{0x0000000088d581c8}: 'java.lang.Object java.lang.invoke.DirectMethodHandle$Holder.newInvokeSpecial(java.lang.Object, long)'> (0x0000000088d581c8) 
thrown [s\src\hotspot\share\interpreter\linkResolver.cpp, line 771]
Event: 13.870 Thread 0x0000021e6c590fd0 Exception <a 'java/lang/NoSuchMethodError'{0x0000000088cc3ac0}: 'void java.lang.invoke.DirectMethodHandle$Holder.invokeStatic(java.lang.Object, long)'> (0x0000000088cc3ac0) 
thrown [s\src\hotspot\share\interpreter\linkResolver.cpp, line 771]
Event: 13.873 Thread 0x0000021e6c590fd0 Exception <a 'java/lang/NoSuchMethodError'{0x0000000088ccbfa0}: 'java.lang.Object java.lang.invoke.DirectMethodHandle$Holder.invokeStatic(java.lang.Object, java.lang.Object, long, java.lang.Object)'> (0x0000000088ccbfa0) 
thrown [s\src\hotspot\share\interpreter\linkResolver.cpp, line 771]
Event: 13.874 Thread 0x0000021e6c590fd0 Exception <a 'java/lang/NoSuchMethodError'{0x0000000088b64398}: 'java.lang.Object java.lang.invoke.DirectMethodHandle$Holder.invokeStaticInit(java.lang.Object, java.lang.Object, long, java.lang.Object)'> (0x0000000088b64398) 
thrown [s\src\hotspot\share\interpreter\linkResolver.cpp, line 771]
Event: 14.016 Thread 0x0000021e6d5f90f0 Exception <a 'java/lang/NoSuchMethodError'{0x00000000881590d8}: 'void java.lang.invoke.DirectMethodHandle$Holder.invokeStatic(java.lang.Object, java.lang.Object, java.lang.Object, int)'> (0x00000000881590d8) 
thrown [s\src\hotspot\share\interpreter\linkResolver.cpp, line 771]
Event: 14.017 Thread 0x0000021e6d5f90f0 Exception <a 'java/lang/IncompatibleClassChangeError'{0x0000000088162240}: Found class java.lang.Object, but interface was expected> (0x0000000088162240) 
thrown [s\src\hotspot\share\interpreter\linkResolver.cpp, line 838]
Event: 14.052 Thread 0x0000021e6c590fd0 Exception <a 'java/lang/NoSuchMethodError'{0x000000008c2c9d00}: 'int java.lang.invoke.DirectMethodHandle$Holder.invokeSpecialIFC(java.lang.Object, java.lang.Object, java.lang.Object)'> (0x000000008c2c9d00) 
thrown [s\src\hotspot\share\interpreter\linkResolver.cpp, line 771]
Event: 14.295 Thread 0x0000021e6d5f90f0 Exception <a 'java/lang/NoSuchMethodError'{0x000000008abfd398}: 'java.lang.Object java.lang.invoke.DirectMethodHandle$Holder.invokeStatic(java.lang.Object, int, java.lang.Object, java.lang.Object)'> (0x000000008abfd398) 
thrown [s\src\hotspot\share\interpreter\linkResolver.cpp, line 771]
Event: 14.297 Thread 0x0000021e6d5f90f0 Exception <a 'java/lang/NoSuchMethodError'{0x000000008aa12990}: 'java.lang.Object java.lang.invoke.DirectMethodHandle$Holder.invokeStatic(java.lang.Object, java.lang.Object, int, java.lang.Object, java.lang.Object)'> (0x000000008aa12990) 
thrown [s\src\hotspot\share\interpreter\linkResolver.cpp, line 771]
Event: 14.449 Thread 0x0000021e6d5f90f0 Exception <a 'java/lang/IncompatibleClassChangeError'{0x0000000089b09ae0}: Found class java.lang.Object, but interface was expected> (0x0000000089b09ae0) 
thrown [s\src\hotspot\share\interpreter\linkResolver.cpp, line 838]
Event: 14.450 Thread 0x0000021e6d5f90f0 Exception <a 'java/lang/IncompatibleClassChangeError'{0x0000000089b123a8}: Found class java.lang.Object, but interface was expected> (0x0000000089b123a8) 
thrown [s\src\hotspot\share\interpreter\linkResolver.cpp, line 838]
Event: 14.508 Thread 0x0000021e6d5f90f0 Exception <a 'java/lang/NoSuchMethodError'{0x00000000899c7308}: 'void java.lang.invoke.DirectMethodHandle$Holder.invokeSpecial(java.lang.Object, java.lang.Object, int, java.lang.Object)'> (0x00000000899c7308) 
thrown [s\src\hotspot\share\interpreter\linkResolver.cpp, line 771]
Event: 14.570 Thread 0x0000021e6d5f90f0 Exception <a 'java/lang/NoSuchMethodError'{0x00000000896a89c0}: 'int java.lang.invoke.DirectMethodHandle$Holder.invokeSpecial(java.lang.Object, java.lang.Object, java.lang.Object, int, java.lang.Object)'> (0x00000000896a89c0) 
thrown [s\src\hotspot\share\interpreter\linkResolver.cpp, line 771]
Event: 14.628 Thread 0x0000021e6d5f90f0 Exception <a 'java/lang/NoSuchMethodError'{0x00000000894e8cc8}: 'int java.lang.invoke.DirectMethodHandle$Holder.invokeSpecial(java.lang.Object, java.lang.Object, java.lang.Object, int)'> (0x00000000894e8cc8) 
thrown [s\src\hotspot\share\interpreter\linkResolver.cpp, line 771]
Event: 14.692 Thread 0x0000021e6d5f90f0 Exception <a 'java/lang/NoSuchMethodError'{0x0000000089106888}: 'java.lang.Object java.lang.invoke.DirectMethodHandle$Holder.invokeInterface(java.lang.Object, java.lang.Object, int)'> (0x0000000089106888) 
thrown [s\src\hotspot\share\interpreter\linkResolver.cpp, line 771]

VM Operations (20 events):
Event: 14.424 Executing VM operation: HandshakeAllThreads done
Event: 14.430 Executing VM operation: HandshakeAllThreads
Event: 14.430 Executing VM operation: HandshakeAllThreads done
Event: 14.470 Executing VM operation: HandshakeAllThreads
Event: 14.470 Executing VM operation: HandshakeAllThreads done
Event: 14.619 Executing VM operation: HandshakeAllThreads
Event: 14.620 Executing VM operation: HandshakeAllThreads done
Event: 14.623 Executing VM operation: HandshakeAllThreads
Event: 14.623 Executing VM operation: HandshakeAllThreads done
Event: 14.633 Executing VM operation: ICBufferFull
Event: 14.634 Executing VM operation: ICBufferFull done
Event: 14.720 Executing VM operation: HandshakeAllThreads
Event: 14.720 Executing VM operation: HandshakeAllThreads done
Event: 14.766 Executing VM operation: HandshakeAllThreads
Event: 14.766 Executing VM operation: HandshakeAllThreads done
Event: 14.771 Executing VM operation: ICBufferFull
Event: 14.771 Executing VM operation: ICBufferFull done
Event: 14.858 Executing VM operation: ICBufferFull
Event: 14.858 Executing VM operation: ICBufferFull done
Event: 14.901 Executing VM operation: G1CollectForAllocation

Events (20 events):
Event: 14.086 Thread 0x0000021e694cac50 flushing nmethod 0x0000021e531eee10
Event: 14.086 Thread 0x0000021e694cac50 flushing nmethod 0x0000021e531efd90
Event: 14.087 Thread 0x0000021e694cac50 flushing nmethod 0x0000021e5329ca90
Event: 14.087 Thread 0x0000021e694cac50 flushing nmethod 0x0000021e532eea90
Event: 14.551 loading class java/util/PriorityQueue
Event: 14.552 loading class java/util/PriorityQueue done
Event: 14.559 loading class java/util/IdentityHashMap$ValueIterator
Event: 14.559 loading class java/util/IdentityHashMap$ValueIterator done
Event: 14.618 loading class java/util/SortedSet$1
Event: 14.618 loading class java/util/SortedSet$1 done
Event: 14.621 loading class java/util/stream/SliceOps
Event: 14.621 loading class java/util/stream/SliceOps done
Event: 14.621 loading class java/util/stream/SliceOps$1
Event: 14.622 loading class java/util/stream/SliceOps$1 done
Event: 14.623 loading class java/util/stream/SliceOps$1$1
Event: 14.623 loading class java/util/stream/SliceOps$1$1 done
Event: 14.663 loading class java/util/AbstractList$SubList
Event: 14.664 loading class java/util/AbstractList$SubList done
Event: 14.664 loading class java/util/AbstractList$SubList$1
Event: 14.664 loading class java/util/AbstractList$SubList$1 done


Dynamic libraries:
0x00007ff6a5be0000 - 0x00007ff6a5bea000 	C:\Program Files\Android\Android Studio\jbr\bin\java.exe
0x00007ffc2edb0000 - 0x00007ffc2efa8000 	C:\WINDOWS\SYSTEM32\ntdll.dll
0x00007ffc2eb10000 - 0x00007ffc2ebcf000 	C:\WINDOWS\System32\KERNEL32.DLL
0x00007ffc2c9c0000 - 0x00007ffc2ccb6000 	C:\WINDOWS\System32\KERNELBASE.dll
0x00007ffc2c8c0000 - 0x00007ffc2c9c0000 	C:\WINDOWS\System32\ucrtbase.dll
0x00007ffc0fc80000 - 0x00007ffc0fc97000 	C:\Program Files\Android\Android Studio\jbr\bin\jli.dll
0x00007ffc107e0000 - 0x00007ffc107fb000 	C:\Program Files\Android\Android Studio\jbr\bin\VCRUNTIME140.dll
0x00007ffc2ebd0000 - 0x00007ffc2ed6d000 	C:\WINDOWS\System32\USER32.dll
0x00007ffc2c6a0000 - 0x00007ffc2c6c2000 	C:\WINDOWS\System32\win32u.dll
0x00007ffc124a0000 - 0x00007ffc1273a000 	C:\WINDOWS\WinSxS\amd64_microsoft.windows.common-controls_6595b64144ccf1df_6.0.19041.1110_none_60b5254171f9507e\COMCTL32.dll
0x00007ffc2ea10000 - 0x00007ffc2ea3c000 	C:\WINDOWS\System32\GDI32.dll
0x00007ffc2d440000 - 0x00007ffc2d4de000 	C:\WINDOWS\System32\msvcrt.dll
0x00007ffc2ccc0000 - 0x00007ffc2cdd5000 	C:\WINDOWS\System32\gdi32full.dll
0x00007ffc2c820000 - 0x00007ffc2c8bd000 	C:\WINDOWS\System32\msvcp_win.dll
0x00007ffc2e0a0000 - 0x00007ffc2e0d0000 	C:\WINDOWS\System32\IMM32.DLL
0x00007ffc1a2b0000 - 0x00007ffc1a2bc000 	C:\Program Files\Android\Android Studio\jbr\bin\vcruntime140_1.dll
0x00007ffc08fd0000 - 0x00007ffc0905d000 	C:\Program Files\Android\Android Studio\jbr\bin\msvcp140.dll
0x00007ffbc8ab0000 - 0x00007ffbc971e000 	C:\Program Files\Android\Android Studio\jbr\bin\server\jvm.dll
0x00007ffc2e200000 - 0x00007ffc2e2af000 	C:\WINDOWS\System32\ADVAPI32.dll
0x00007ffc2ce10000 - 0x00007ffc2ceac000 	C:\WINDOWS\System32\sechost.dll
0x00007ffc2dcf0000 - 0x00007ffc2de16000 	C:\WINDOWS\System32\RPCRT4.dll
0x00007ffc24090000 - 0x00007ffc240b7000 	C:\WINDOWS\SYSTEM32\WINMM.dll
0x00007ffc0ae40000 - 0x00007ffc0ae49000 	C:\WINDOWS\SYSTEM32\WSOCK32.dll
0x00007ffc2e940000 - 0x00007ffc2e9ab000 	C:\WINDOWS\System32\WS2_32.dll
0x00007ffc259b0000 - 0x00007ffc259ba000 	C:\WINDOWS\SYSTEM32\VERSION.dll
0x00007ffc2a350000 - 0x00007ffc2a362000 	C:\WINDOWS\SYSTEM32\kernel.appcore.dll
0x00007ffc28030000 - 0x00007ffc2803a000 	C:\Program Files\Android\Android Studio\jbr\bin\jimage.dll
0x00007ffc25b30000 - 0x00007ffc25d14000 	C:\WINDOWS\SYSTEM32\DBGHELP.DLL
0x00007ffc20360000 - 0x00007ffc20394000 	C:\WINDOWS\SYSTEM32\dbgcore.DLL
0x00007ffc2c6d0000 - 0x00007ffc2c752000 	C:\WINDOWS\System32\bcryptPrimitives.dll
0x00007ffc1d300000 - 0x00007ffc1d325000 	C:\Program Files\Android\Android Studio\jbr\bin\java.dll
0x00007ffc1d010000 - 0x00007ffc1d028000 	C:\Program Files\Android\Android Studio\jbr\bin\zip.dll
0x00007ffc2d5a0000 - 0x00007ffc2dce4000 	C:\WINDOWS\System32\SHELL32.dll
0x00007ffc2a550000 - 0x00007ffc2ace3000 	C:\WINDOWS\SYSTEM32\windows.storage.dll
0x00007ffc2e550000 - 0x00007ffc2e8a4000 	C:\WINDOWS\System32\combase.dll
0x00007ffc2be00000 - 0x00007ffc2be2e000 	C:\WINDOWS\SYSTEM32\Wldp.dll
0x00007ffc2dfd0000 - 0x00007ffc2e07d000 	C:\WINDOWS\System32\SHCORE.dll
0x00007ffc2e9b0000 - 0x00007ffc2ea05000 	C:\WINDOWS\System32\shlwapi.dll
0x00007ffc2c3c0000 - 0x00007ffc2c3e5000 	C:\WINDOWS\SYSTEM32\profapi.dll
0x00007ffc12930000 - 0x00007ffc12949000 	C:\Program Files\Android\Android Studio\jbr\bin\net.dll
0x00007ffc25a20000 - 0x00007ffc25b2a000 	C:\WINDOWS\SYSTEM32\WINHTTP.dll
0x00007ffc2bb60000 - 0x00007ffc2bbca000 	C:\WINDOWS\system32\mswsock.dll
0x00007ffc0fca0000 - 0x00007ffc0fcb6000 	C:\Program Files\Android\Android Studio\jbr\bin\nio.dll
0x00007ffc28020000 - 0x00007ffc28030000 	C:\Program Files\Android\Android Studio\jbr\bin\verify.dll
0x00007ffc0aff0000 - 0x00007ffc0b017000 	C:\Users\Pichau\.gradle\native\68d5fa5c4cc2d200863cafc0d521ce42e7d3e7ee720ec0a83991735586a16f82\windows-amd64\native-platform.dll
0x00007ffbf9f60000 - 0x00007ffbfa0a4000 	C:\Users\Pichau\.gradle\native\e376f236ea51e6404a007f0833ffe2c6e607c4080706a723a18a27aeea778392\windows-amd64\native-platform-file-events.dll
0x00007ffc27fd0000 - 0x00007ffc27fd9000 	C:\Program Files\Android\Android Studio\jbr\bin\management.dll
0x00007ffc21470000 - 0x00007ffc2147b000 	C:\Program Files\Android\Android Studio\jbr\bin\management_ext.dll
0x00007ffc2e930000 - 0x00007ffc2e938000 	C:\WINDOWS\System32\PSAPI.DLL
0x00007ffc2bd50000 - 0x00007ffc2bd68000 	C:\WINDOWS\SYSTEM32\CRYPTSP.dll
0x00007ffc2b470000 - 0x00007ffc2b4a4000 	C:\WINDOWS\system32\rsaenh.dll
0x00007ffc2cde0000 - 0x00007ffc2ce07000 	C:\WINDOWS\System32\bcrypt.dll
0x00007ffc2c340000 - 0x00007ffc2c36e000 	C:\WINDOWS\SYSTEM32\USERENV.dll
0x00007ffc2bd70000 - 0x00007ffc2bd7c000 	C:\WINDOWS\SYSTEM32\CRYPTBASE.dll
0x00007ffc2b850000 - 0x00007ffc2b88b000 	C:\WINDOWS\SYSTEM32\IPHLPAPI.DLL
0x00007ffc2e080000 - 0x00007ffc2e088000 	C:\WINDOWS\System32\NSI.dll
0x00007ffc269b0000 - 0x00007ffc269c7000 	C:\WINDOWS\SYSTEM32\dhcpcsvc6.DLL
0x00007ffc26990000 - 0x00007ffc269ad000 	C:\WINDOWS\SYSTEM32\dhcpcsvc.DLL
0x00007ffc2b890000 - 0x00007ffc2b95a000 	C:\WINDOWS\SYSTEM32\DNSAPI.dll
0x00007ffc12920000 - 0x00007ffc12927000 	C:\WINDOWS\system32\wshunix.dll

dbghelp: loaded successfully - version: 4.0.5 - missing functions: none
symbol engine: initialized successfully - sym options: 0x614 - pdb path: .;C:\Program Files\Android\Android Studio\jbr\bin;C:\WINDOWS\SYSTEM32;C:\WINDOWS\WinSxS\amd64_microsoft.windows.common-controls_6595b64144ccf1df_6.0.19041.1110_none_60b5254171f9507e;C:\Program Files\Android\Android Studio\jbr\bin\server;C:\Users\Pichau\.gradle\native\68d5fa5c4cc2d200863cafc0d521ce42e7d3e7ee720ec0a83991735586a16f82\windows-amd64;C:\Users\Pichau\.gradle\native\e376f236ea51e6404a007f0833ffe2c6e607c4080706a723a18a27aeea778392\windows-amd64

VM Arguments:
jvm_args: --add-opens=java.base/java.util=ALL-UNNAMED --add-opens=java.base/java.lang=ALL-UNNAMED --add-opens=java.base/java.lang.invoke=ALL-UNNAMED --add-opens=java.prefs/java.util.prefs=ALL-UNNAMED --add-opens=java.base/java.nio.charset=ALL-UNNAMED --add-opens=java.base/java.net=ALL-UNNAMED --add-opens=java.base/java.util.concurrent.atomic=ALL-UNNAMED -Xmx2048m -Dfile.encoding=UTF-8 -Duser.country=BR -Duser.language=pt -Duser.variant 
java_command: org.gradle.launcher.daemon.bootstrap.GradleDaemon 8.0
java_class_path (initial): C:\Users\Pichau\.gradle\wrapper\dists\gradle-8.0-bin\ca5e32bp14vu59qr306oxotwh\gradle-8.0\lib\gradle-launcher-8.0.jar
Launcher Type: SUN_STANDARD

[Global flags]
     intx CICompilerCount                          = 3                                         {product} {ergonomic}
     uint ConcGCThreads                            = 1                                         {product} {ergonomic}
     uint G1ConcRefinementThreads                  = 4                                         {product} {ergonomic}
   size_t G1HeapRegionSize                         = 1048576                                   {product} {ergonomic}
    uintx GCDrainStackTargetSize                   = 64                                        {product} {ergonomic}
   size_t InitialHeapSize                          = 234881024                                 {product} {ergonomic}
   size_t MarkStackSize                            = 4194304                                   {product} {ergonomic}
   size_t MaxHeapSize                              = 2147483648                                {product} {command line}
   size_t MaxNewSize                               = 1287651328                                {product} {ergonomic}
   size_t MinHeapDeltaBytes                        = 1048576                                   {product} {ergonomic}
   size_t MinHeapSize                              = 8388608                                   {product} {ergonomic}
    uintx NonNMethodCodeHeapSize                   = 5832780                                {pd product} {ergonomic}
    uintx NonProfiledCodeHeapSize                  = 122912730                              {pd product} {ergonomic}
    uintx ProfiledCodeHeapSize                     = 122912730                              {pd product} {ergonomic}
    uintx ReservedCodeCacheSize                    = 251658240                              {pd product} {ergonomic}
     bool SegmentedCodeCache                       = true                                      {product} {ergonomic}
   size_t SoftMaxHeapSize                          = 2147483648                             {manageable} {ergonomic}
     bool UseCompressedClassPointers               = true                           {product lp64_product} {ergonomic}
     bool UseCompressedOops                        = true                           {product lp64_product} {ergonomic}
     bool UseG1GC                                  = true                                      {product} {ergonomic}
     bool UseLargePagesIndividualAllocation        = false                                  {pd product} {ergonomic}

Logging:
Log output configuration:
 #0: stdout all=warning uptime,level,tags
 #1: stderr all=off uptime,level,tags

Environment Variables:
PATH=C:\WINDOWS\system32;C:\WINDOWS;C:\WINDOWS\System32\Wbem;C:\WINDOWS\System32\WindowsPowerShell\v1.0\;C:\WINDOWS\System32\OpenSSH\;C:\Program Files\Microsoft SQL Server\150\Tools\Binn\;C:\Program Files\Microsoft SQL Server\Client SDK\ODBC\170\Tools\Binn\;C:\Program Files\dotnet\;C:\Program Files\Microsoft SQL Server\Client SDK\ODBC\110\Tools\Binn\;C:\Program Files (x86)\Microsoft SQL Server\120\Tools\Binn\;C:\Program Files\Microsoft SQL Server\120\Tools\Binn\;C:\Program Files\Microsoft SQL Server\120\DTS\Binn\;C:\Program Files (x86)\Microsoft SQL Server\120\Tools\Binn\ManagementStudio\;C:\Program Files (x86)\Microsoft SQL Server\120\DTS\Binn\;C:\Users\Pichau\AppData\Local\Microsoft\WindowsApps;;C:\Users\Pichau\AppData\Local\Programs\Microsoft VS Code\bin;C:\Users\Pichau\.dotnet\tools
USERNAME=Tho
OS=Windows_NT
PROCESSOR_IDENTIFIER=AMD64 Family 23 Model 17 Stepping 0, AuthenticAMD
TMP=C:\Users\Pichau\AppData\Local\Temp
TEMP=C:\Users\Pichau\AppData\Local\Temp


JNI global refs:
JNI global refs: 25, weak refs: 7

JNI global refs memory usage: 843, weak refs: 841


---------------  S Y S T E M  ---------------

OS:
 Windows 10 , 64 bit Build 19041 (10.0.19041.3155)
OS uptime: 0 days 6:30 hours

CPU: total 4 (initial active 4) (4 cores per cpu, 1 threads per core) family 23 model 17 stepping 0 microcode 0x0, cx8, cmov, fxsr, mmx, 3dnowpref, sse, sse2, sse3, ssse3, sse4a, sse4.1, sse4.2, popcnt, lzcnt, tsc, tscinvbit, avx, avx2, aes, clmul, bmi1, bmi2, adx, sha, fma, vzeroupper, clflush, clflushopt

Memory: 4k page, system-wide physical 14264M (3150M free)
TotalPageFile size 14264M (AvailPageFile size 8M)
current process WorkingSet (physical memory assigned to process): 468M, peak: 469M
current process commit charge ("private bytes"): 495M, peak: 523M

vm_info: OpenJDK 64-Bit Server VM (17.0.6+0-b2043.56-10027231) for windows-amd64 JRE (17.0.6+0-b2043.56-10027231), built on Apr 28 2023 00:43:19 by "androidbuild" with MS VC++ 16.10 / 16.11 (VS2019)

END.
