#
# There is insufficient memory for the Java Runtime Environment to continue.
# Native memory allocation (mmap) failed to map 169869312 bytes for G1 virtual space
# Possible reasons:
#   The system is out of physical RAM or swap space
#   The process is running with CompressedOops enabled, and the Java Heap may be blocking the growth of the native heap
# Possible solutions:
#   Reduce memory load on the system
#   Increase physical memory or swap space
#   Check if swap backing store is full
#   Decrease Java heap size (-Xmx/-Xms)
#   Decrease number of Java threads
#   Decrease Java thread stack sizes (-Xss)
#   Set larger code cache with -XX:ReservedCodeCacheSize=
#   JVM is running with Unscaled Compressed Oops mode in which the Java heap is
#     placed in the first 4GB address space. The Java Heap base address is the
#     maximum limit for the native heap growth. Please use -XX:HeapBaseMinAddress
#     to set the Java Heap base and to place the Java Heap above 4GB virtual address.
# This output file may be truncated or incomplete.
#
#  Out of Memory Error (os_windows.cpp:3769), pid=9684, tid=2004
#
# JRE version: OpenJDK Runtime Environment (17.0.6) (build 17.0.6+0-b2043.56-10027231)
# Java VM: OpenJDK 64-Bit Server VM (17.0.6+0-b2043.56-10027231, mixed mode, tiered, compressed oops, compressed class ptrs, g1 gc, windows-amd64)
# No core dump will be written. Minidumps are not enabled by default on client versions of Windows
#

---------------  S U M M A R Y ------------

Command Line: --add-opens=java.base/java.util=ALL-UNNAMED --add-opens=java.base/java.lang=ALL-UNNAMED --add-opens=java.base/java.lang.invoke=ALL-UNNAMED --add-opens=java.prefs/java.util.prefs=ALL-UNNAMED --add-opens=java.base/java.nio.charset=ALL-UNNAMED --add-opens=java.base/java.net=ALL-UNNAMED --add-opens=java.base/java.util.concurrent.atomic=ALL-UNNAMED -Xmx2048m -Dfile.encoding=UTF-8 -Duser.country=BR -Duser.language=pt -Duser.variant org.gradle.launcher.daemon.bootstrap.GradleDaemon 8.0

Host: AMD Ryzen 3 2200G with Radeon Vega Graphics    , 4 cores, 13G,  Windows 10 , 64 bit Build 19041 (10.0.19041.3155)
Time: Sun Aug 27 15:57:18 2023 Hora oficial do Brasil elapsed time: 19.407881 seconds (0d 0h 0m 19s)

---------------  T H R E A D  ---------------

Current thread (0x000001e7151fced0):  VMThread "VM Thread" [stack: 0x0000006a75000000,0x0000006a75100000] [id=2004]

Stack: [0x0000006a75000000,0x0000006a75100000]
Native frames: (J=compiled Java code, j=interpreted, Vv=VM code, C=native code)
V  [jvm.dll+0x683c9a]
V  [jvm.dll+0x8427a4]
V  [jvm.dll+0x843f9e]
V  [jvm.dll+0x844603]
V  [jvm.dll+0x249b75]
V  [jvm.dll+0x680b69]
V  [jvm.dll+0x67505a]
V  [jvm.dll+0x309acb]
V  [jvm.dll+0x310f86]
V  [jvm.dll+0x3608ee]
V  [jvm.dll+0x360b1f]
V  [jvm.dll+0x2dfbf8]
V  [jvm.dll+0x2ddec4]
V  [jvm.dll+0x2dd4cc]
V  [jvm.dll+0x322261]
V  [jvm.dll+0x848ccb]
V  [jvm.dll+0x849a04]
V  [jvm.dll+0x849f1d]
V  [jvm.dll+0x84a2f4]
V  [jvm.dll+0x84a3c0]
V  [jvm.dll+0x7f274a]
V  [jvm.dll+0x682ad5]
C  [ucrtbase.dll+0x21bb2]
C  [KERNEL32.DLL+0x17614]
C  [ntdll.dll+0x526b1]

VM_Operation (0x0000006a7a9f7b00): G1TryInitiateConcMark, mode: safepoint, requested by thread 0x000001e7188f6470


---------------  P R O C E S S  ---------------

Threads class SMR info:
_java_thread_list=0x000001e71e12ffd0, length=90, elements={
0x000001e77bba7f10, 0x000001e7151da770, 0x000001e7151dd880, 0x000001e7151f69e0,
0x000001e715c40020, 0x000001e715c408e0, 0x000001e715c411a0, 0x000001e715c41d90,
0x000001e715c52a40, 0x000001e715cc79b0, 0x000001e715de8010, 0x000001e715df2c00,
0x000001e718ab6010, 0x000001e718126b10, 0x000001e718536890, 0x000001e7172bcb70,
0x000001e718795510, 0x000001e71777be70, 0x000001e71777a190, 0x000001e71777c810,
0x000001e71777a660, 0x000001e7177797f0, 0x000001e71777ab30, 0x000001e71a16e320,
0x000001e71a16c640, 0x000001e71a171810, 0x000001e71a16fb30, 0x000001e71a16f190,
0x000001e7187c3d40, 0x000001e7187c2530, 0x000001e7187bd360, 0x000001e7187c11f0,
0x000001e7187c33a0, 0x000001e7187c2ed0, 0x000001e7187bc9c0, 0x000001e7187c3870,
0x000001e7187bd830, 0x000001e7187bdd00, 0x000001e7187be1d0, 0x000001e71bbd2240,
0x000001e7187be6a0, 0x000001e7187c16c0, 0x000001e7187bf510, 0x000001e7187c0d20,
0x000001e7187c0380, 0x000001e7187c0850, 0x000001e7187c1b90, 0x000001e7187c2060,
0x000001e71a16de50, 0x000001e71a16f660, 0x000001e71a172680, 0x000001e71a16ae30,
0x000001e71a16b300, 0x000001e71a16d4b0, 0x000001e71a16cb10, 0x000001e71a16b7d0,
0x000001e71a171340, 0x000001e71a16bca0, 0x000001e71a16c170, 0x000001e71a16cfe0,
0x000001e717778e50, 0x000001e71777b000, 0x000001e71777b9a0, 0x000001e71777b4d0,
0x000001e71777c340, 0x000001e717779cc0, 0x000001e7188f4c60, 0x000001e7188f9960,
0x000001e7188f9490, 0x000001e7188f5130, 0x000001e7188f8620, 0x000001e7188f8150,
0x000001e7188f9e30, 0x000001e7188f5600, 0x000001e7188fa300, 0x000001e7188f72e0,
0x000001e7188f4790, 0x000001e7188f77b0, 0x000001e7188fb640, 0x000001e7188f8af0,
0x000001e7188fa7d0, 0x000001e7188faca0, 0x000001e7188fb170, 0x000001e7188f6470,
0x000001e7188f6940, 0x000001e7188f42c0, 0x000001e7188f3df0, 0x000001e71b893f30,
0x000001e71b895c10, 0x000001e71b895270
}

Java Threads: ( => current thread )
  0x000001e77bba7f10 JavaThread "main" [_thread_blocked, id=2856, stack(0x0000006a74900000,0x0000006a74a00000)]
  0x000001e7151da770 JavaThread "Reference Handler" daemon [_thread_blocked, id=5928, stack(0x0000006a75100000,0x0000006a75200000)]
  0x000001e7151dd880 JavaThread "Finalizer" daemon [_thread_blocked, id=11152, stack(0x0000006a75200000,0x0000006a75300000)]
  0x000001e7151f69e0 JavaThread "Signal Dispatcher" daemon [_thread_blocked, id=10032, stack(0x0000006a75300000,0x0000006a75400000)]
  0x000001e715c40020 JavaThread "Attach Listener" daemon [_thread_blocked, id=1792, stack(0x0000006a75400000,0x0000006a75500000)]
  0x000001e715c408e0 JavaThread "Service Thread" daemon [_thread_blocked, id=5304, stack(0x0000006a75500000,0x0000006a75600000)]
  0x000001e715c411a0 JavaThread "Monitor Deflation Thread" daemon [_thread_blocked, id=6352, stack(0x0000006a75600000,0x0000006a75700000)]
  0x000001e715c41d90 JavaThread "C2 CompilerThread0" daemon [_thread_blocked, id=5524, stack(0x0000006a75700000,0x0000006a75800000)]
  0x000001e715c52a40 JavaThread "C1 CompilerThread0" daemon [_thread_blocked, id=8040, stack(0x0000006a75800000,0x0000006a75900000)]
  0x000001e715cc79b0 JavaThread "Sweeper thread" daemon [_thread_blocked, id=5856, stack(0x0000006a75900000,0x0000006a75a00000)]
  0x000001e715de8010 JavaThread "Common-Cleaner" daemon [_thread_blocked, id=4436, stack(0x0000006a75a00000,0x0000006a75b00000)]
  0x000001e715df2c00 JavaThread "Notification Thread" daemon [_thread_blocked, id=3244, stack(0x0000006a75b00000,0x0000006a75c00000)]
  0x000001e718ab6010 JavaThread "Daemon health stats" [_thread_blocked, id=9544, stack(0x0000006a76200000,0x0000006a76300000)]
  0x000001e718126b10 JavaThread "Incoming local TCP Connector on port 53501" [_thread_in_native, id=7584, stack(0x0000006a76300000,0x0000006a76400000)]
  0x000001e718536890 JavaThread "Daemon periodic checks" [_thread_blocked, id=5404, stack(0x0000006a76400000,0x0000006a76500000)]
  0x000001e7172bcb70 JavaThread "Daemon" [_thread_blocked, id=10808, stack(0x0000006a76500000,0x0000006a76600000)]
  0x000001e718795510 JavaThread "Daemon worker" [_thread_blocked, id=5776, stack(0x0000006a76800000,0x0000006a76900000)]
  0x000001e71777be70 JavaThread "Cache worker for journal cache (C:\Users\Pichau\.gradle\caches\journal-1)" [_thread_blocked, id=1396, stack(0x0000006a76c00000,0x0000006a76d00000)]
  0x000001e71777a190 JavaThread "File lock request listener" [_thread_in_native, id=7772, stack(0x0000006a76d00000,0x0000006a76e00000)]
  0x000001e71777c810 JavaThread "Cache worker for file hash cache (C:\Users\Pichau\.gradle\caches\8.0\fileHashes)" [_thread_blocked, id=4488, stack(0x0000006a76e00000,0x0000006a76f00000)]
  0x000001e71777a660 JavaThread "File watcher server" daemon [_thread_blocked, id=5072, stack(0x0000006a76f00000,0x0000006a77000000)]
  0x000001e7177797f0 JavaThread "File watcher consumer" daemon [_thread_blocked, id=5236, stack(0x0000006a77000000,0x0000006a77100000)]
  0x000001e71777ab30 JavaThread "Cache worker for file content cache (C:\Users\Pichau\.gradle\caches\8.0\fileContent)" [_thread_blocked, id=5968, stack(0x0000006a77300000,0x0000006a77400000)]
  0x000001e71a16e320 JavaThread "Cache worker for execution history cache (C:\Users\Pichau\.gradle\caches\8.0\executionHistory)" [_thread_blocked, id=8148, stack(0x0000006a77600000,0x0000006a77700000)]
  0x000001e71a16c640 JavaThread "jar transforms" [_thread_blocked, id=4728, stack(0x0000006a77700000,0x0000006a77800000)]
  0x000001e71a171810 JavaThread "jar transforms Thread 2" [_thread_blocked, id=6216, stack(0x0000006a77800000,0x0000006a77900000)]
  0x000001e71a16fb30 JavaThread "jar transforms Thread 3" [_thread_blocked, id=2820, stack(0x0000006a77a00000,0x0000006a77b00000)]
  0x000001e71a16f190 JavaThread "jar transforms Thread 4" [_thread_blocked, id=2584, stack(0x0000006a77b00000,0x0000006a77c00000)]
  0x000001e7187c3d40 JavaThread "Memory manager" [_thread_blocked, id=3472, stack(0x0000006a7a700000,0x0000006a7a800000)]
  0x000001e7187c2530 JavaThread "included builds" [_thread_blocked, id=5716, stack(0x0000006a7a800000,0x0000006a7a900000)]
  0x000001e7187bd360 JavaThread "Handler for socket connection from /127.0.0.1:53501 to /127.0.0.1:53506" [_thread_in_native, id=1588, stack(0x0000006a75e00000,0x0000006a75f00000)]
  0x000001e7187c11f0 JavaThread "Cancel handler" [_thread_blocked, id=5568, stack(0x0000006a76600000,0x0000006a76700000)]
  0x000001e7187c33a0 JavaThread "Asynchronous log dispatcher for DefaultDaemonConnection: socket connection from /127.0.0.1:53501 to /127.0.0.1:53506" [_thread_blocked, id=5576, stack(0x0000006a76700000,0x0000006a76800000)]
  0x000001e7187c2ed0 JavaThread "Stdin handler" [_thread_blocked, id=8144, stack(0x0000006a76900000,0x0000006a76a00000)]
  0x000001e7187bc9c0 JavaThread "Daemon client event forwarder" [_thread_blocked, id=5572, stack(0x0000006a76a00000,0x0000006a76b00000)]
  0x000001e7187c3870 JavaThread "Cache worker for checksums cache (C:\Users\Pichau\AndroidStudioProjects\Tcc_funcionario\.gradle\8.0\checksums)" [_thread_blocked, id=3280, stack(0x0000006a76b00000,0x0000006a76c00000)]
  0x000001e7187bd830 JavaThread "Cache worker for cache directory md-rule (C:\Users\Pichau\.gradle\caches\8.0\md-rule)" [_thread_blocked, id=4284, stack(0x0000006a77100000,0x0000006a77200000)]
  0x000001e7187bdd00 JavaThread "Cache worker for file hash cache (C:\Users\Pichau\AndroidStudioProjects\Tcc_funcionario\.gradle\8.0\fileHashes)" [_thread_blocked, id=7248, stack(0x0000006a77200000,0x0000006a77300000)]
  0x000001e7187be1d0 JavaThread "Cache worker for cache directory md-supplier (C:\Users\Pichau\.gradle\caches\8.0\md-supplier)" [_thread_blocked, id=4188, stack(0x0000006a77400000,0x0000006a77500000)]
  0x000001e71bbd2240 JavaThread "C2 CompilerThread1" daemon [_thread_blocked, id=8272, stack(0x0000006a77500000,0x0000006a77600000)]
  0x000001e7187be6a0 JavaThread "Cache worker for dependencies-accessors (C:\Users\Pichau\AndroidStudioProjects\Tcc_funcionario\.gradle\8.0\dependencies-accessors)" [_thread_blocked, id=2576, stack(0x0000006a77c00000,0x0000006a77d00000)]
  0x000001e7187c16c0 JavaThread "Cache worker for Build Output Cleanup Cache (C:\Users\Pichau\AndroidStudioProjects\Tcc_funcionario\.gradle\buildOutputCleanup)" [_thread_blocked, id=9328, stack(0x0000006a77d00000,0x0000006a77e00000)]
  0x000001e7187bf510 JavaThread "Unconstrained build operations" [_thread_blocked, id=1488, stack(0x0000006a77e00000,0x0000006a77f00000)]
  0x000001e7187c0d20 JavaThread "Unconstrained build operations Thread 2" [_thread_blocked, id=10216, stack(0x0000006a77f00000,0x0000006a78000000)]
  0x000001e7187c0380 JavaThread "Unconstrained build operations Thread 3" [_thread_blocked, id=9724, stack(0x0000006a78000000,0x0000006a78100000)]
  0x000001e7187c0850 JavaThread "Unconstrained build operations Thread 4" [_thread_blocked, id=5920, stack(0x0000006a78100000,0x0000006a78200000)]
  0x000001e7187c1b90 JavaThread "Unconstrained build operations Thread 5" [_thread_blocked, id=5888, stack(0x0000006a78200000,0x0000006a78300000)]
  0x000001e7187c2060 JavaThread "Unconstrained build operations Thread 6" [_thread_blocked, id=1368, stack(0x0000006a78300000,0x0000006a78400000)]
  0x000001e71a16de50 JavaThread "Unconstrained build operations Thread 7" [_thread_blocked, id=6056, stack(0x0000006a78400000,0x0000006a78500000)]
  0x000001e71a16f660 JavaThread "Unconstrained build operations Thread 8" [_thread_blocked, id=6036, stack(0x0000006a78500000,0x0000006a78600000)]
  0x000001e71a172680 JavaThread "Unconstrained build operations Thread 9" [_thread_blocked, id=5984, stack(0x0000006a78600000,0x0000006a78700000)]
  0x000001e71a16ae30 JavaThread "Unconstrained build operations Thread 10" [_thread_blocked, id=2740, stack(0x0000006a78700000,0x0000006a78800000)]
  0x000001e71a16b300 JavaThread "Unconstrained build operations Thread 11" [_thread_blocked, id=4808, stack(0x0000006a78800000,0x0000006a78900000)]
  0x000001e71a16d4b0 JavaThread "Unconstrained build operations Thread 12" [_thread_blocked, id=1276, stack(0x0000006a78900000,0x0000006a78a00000)]
  0x000001e71a16cb10 JavaThread "Unconstrained build operations Thread 13" [_thread_blocked, id=2288, stack(0x0000006a78a00000,0x0000006a78b00000)]
  0x000001e71a16b7d0 JavaThread "Unconstrained build operations Thread 14" [_thread_blocked, id=9060, stack(0x0000006a78b00000,0x0000006a78c00000)]
  0x000001e71a171340 JavaThread "Unconstrained build operations Thread 15" [_thread_blocked, id=10636, stack(0x0000006a78c00000,0x0000006a78d00000)]
  0x000001e71a16bca0 JavaThread "Unconstrained build operations Thread 16" [_thread_blocked, id=7660, stack(0x0000006a78d00000,0x0000006a78e00000)]
  0x000001e71a16c170 JavaThread "Unconstrained build operations Thread 17" [_thread_blocked, id=6132, stack(0x0000006a78e00000,0x0000006a78f00000)]
  0x000001e71a16cfe0 JavaThread "Unconstrained build operations Thread 18" [_thread_blocked, id=5132, stack(0x0000006a78f00000,0x0000006a79000000)]
  0x000001e717778e50 JavaThread "Unconstrained build operations Thread 19" [_thread_blocked, id=1508, stack(0x0000006a79000000,0x0000006a79100000)]
  0x000001e71777b000 JavaThread "Unconstrained build operations Thread 20" [_thread_blocked, id=5700, stack(0x0000006a79100000,0x0000006a79200000)]
  0x000001e71777b9a0 JavaThread "Unconstrained build operations Thread 21" [_thread_blocked, id=9856, stack(0x0000006a79200000,0x0000006a79300000)]
  0x000001e71777b4d0 JavaThread "Unconstrained build operations Thread 22" [_thread_blocked, id=10568, stack(0x0000006a79300000,0x0000006a79400000)]
  0x000001e71777c340 JavaThread "Unconstrained build operations Thread 23" [_thread_blocked, id=8996, stack(0x0000006a79400000,0x0000006a79500000)]
  0x000001e717779cc0 JavaThread "Unconstrained build operations Thread 24" [_thread_blocked, id=4496, stack(0x0000006a79500000,0x0000006a79600000)]
  0x000001e7188f4c60 JavaThread "Unconstrained build operations Thread 25" [_thread_blocked, id=1040, stack(0x0000006a79600000,0x0000006a79700000)]
  0x000001e7188f9960 JavaThread "Unconstrained build operations Thread 26" [_thread_blocked, id=668, stack(0x0000006a79700000,0x0000006a79800000)]
  0x000001e7188f9490 JavaThread "Unconstrained build operations Thread 27" [_thread_blocked, id=9720, stack(0x0000006a79800000,0x0000006a79900000)]
  0x000001e7188f5130 JavaThread "Unconstrained build operations Thread 28" [_thread_blocked, id=1388, stack(0x0000006a79900000,0x0000006a79a00000)]
  0x000001e7188f8620 JavaThread "Unconstrained build operations Thread 29" [_thread_blocked, id=9892, stack(0x0000006a79a00000,0x0000006a79b00000)]
  0x000001e7188f8150 JavaThread "Unconstrained build operations Thread 30" [_thread_blocked, id=5960, stack(0x0000006a79b00000,0x0000006a79c00000)]
  0x000001e7188f9e30 JavaThread "Unconstrained build operations Thread 31" [_thread_blocked, id=11048, stack(0x0000006a79c00000,0x0000006a79d00000)]
  0x000001e7188f5600 JavaThread "Unconstrained build operations Thread 32" [_thread_blocked, id=6048, stack(0x0000006a79d00000,0x0000006a79e00000)]
  0x000001e7188fa300 JavaThread "Unconstrained build operations Thread 33" [_thread_blocked, id=8280, stack(0x0000006a79e00000,0x0000006a79f00000)]
  0x000001e7188f72e0 JavaThread "Unconstrained build operations Thread 34" [_thread_blocked, id=1964, stack(0x0000006a79f00000,0x0000006a7a000000)]
  0x000001e7188f4790 JavaThread "Unconstrained build operations Thread 35" [_thread_blocked, id=9884, stack(0x0000006a7a000000,0x0000006a7a100000)]
  0x000001e7188f77b0 JavaThread "Unconstrained build operations Thread 36" [_thread_blocked, id=6100, stack(0x0000006a7a100000,0x0000006a7a200000)]
  0x000001e7188fb640 JavaThread "Unconstrained build operations Thread 37" [_thread_blocked, id=396, stack(0x0000006a7a200000,0x0000006a7a300000)]
  0x000001e7188f8af0 JavaThread "Unconstrained build operations Thread 38" [_thread_blocked, id=8488, stack(0x0000006a7a300000,0x0000006a7a400000)]
  0x000001e7188fa7d0 JavaThread "Unconstrained build operations Thread 39" [_thread_blocked, id=6880, stack(0x0000006a7a400000,0x0000006a7a500000)]
  0x000001e7188faca0 JavaThread "Unconstrained build operations Thread 40" [_thread_blocked, id=6152, stack(0x0000006a7a500000,0x0000006a7a600000)]
  0x000001e7188fb170 JavaThread "build event listener" [_thread_blocked, id=6476, stack(0x0000006a7a600000,0x0000006a7a700000)]
  0x000001e7188f6470 JavaThread "included builds" [_thread_blocked, id=6052, stack(0x0000006a7a900000,0x0000006a7aa00000)]
  0x000001e7188f6940 JavaThread "Execution worker" [_thread_blocked, id=9348, stack(0x0000006a7aa00000,0x0000006a7ab00000)]
  0x000001e7188f42c0 JavaThread "Execution worker Thread 2" [_thread_blocked, id=4276, stack(0x0000006a7ab00000,0x0000006a7ac00000)]
  0x000001e7188f3df0 JavaThread "Execution worker Thread 3" [_thread_blocked, id=10556, stack(0x0000006a7ac00000,0x0000006a7ad00000)]
  0x000001e71b893f30 JavaThread "Cache worker for execution history cache (C:\Users\Pichau\AndroidStudioProjects\Tcc_funcionario\.gradle\8.0\executionHistory)" [_thread_blocked, id=3052, stack(0x0000006a7ad00000,0x0000006a7ae00000)]
  0x000001e71b895c10 JavaThread "WorkerExecutor Queue" [_thread_blocked, id=10536, stack(0x0000006a7ae00000,0x0000006a7af00000)]
  0x000001e71b895270 JavaThread "WorkerExecutor Queue Thread 2" [_thread_blocked, id=7752, stack(0x0000006a7af00000,0x0000006a7b000000)]

Other Threads:
=>0x000001e7151fced0 VMThread "VM Thread" [stack: 0x0000006a75000000,0x0000006a75100000] [id=2004]
  0x000001e715deaf10 WatcherThread [stack: 0x0000006a75c00000,0x0000006a75d00000] [id=7608]
  0x000001e77bc06280 GCTaskThread "GC Thread#0" [stack: 0x0000006a74b00000,0x0000006a74c00000] [id=6772]
  0x000001e716837de0 GCTaskThread "GC Thread#1" [stack: 0x0000006a75f00000,0x0000006a76000000] [id=7832]
  0x000001e716035710 GCTaskThread "GC Thread#2" [stack: 0x0000006a76000000,0x0000006a76100000] [id=8408]
  0x000001e7160cd750 GCTaskThread "GC Thread#3" [stack: 0x0000006a76100000,0x0000006a76200000] [id=4256]
  0x000001e77bc170d0 ConcurrentGCThread "G1 Main Marker" [stack: 0x0000006a74c00000,0x0000006a74d00000] [id=10376]
  0x000001e77bc18190 ConcurrentGCThread "G1 Conc#0" [stack: 0x0000006a74d00000,0x0000006a74e00000] [id=3008]
  0x000001e77bc7e340 ConcurrentGCThread "G1 Refine#0" [stack: 0x0000006a74e00000,0x0000006a74f00000] [id=4312]
  0x000001e71a03cc30 ConcurrentGCThread "G1 Refine#1" [stack: 0x0000006a77900000,0x0000006a77a00000] [id=6984]
  0x000001e77bc7ec70 ConcurrentGCThread "G1 Service" [stack: 0x0000006a74f00000,0x0000006a75000000] [id=3060]

Threads with active compile tasks:
C2 CompilerThread0    19427 12533       4       com.android.utils.XmlUtils::toXmlAttributeValue (89 bytes)
C2 CompilerThread1    19427 12518       4       com.android.ide.common.resources.NodeUtils::duplicateNode (315 bytes)

VM state: at safepoint (normal execution)

VM Mutex/Monitor currently owned by a thread:  ([mutex/lock_event])
[0x000001e77bba2660] Threads_lock - owner thread: 0x000001e7151fced0
[0x000001e77bba3d70] Heap_lock - owner thread: 0x000001e7188f6470

Heap address: 0x0000000080000000, size: 2048 MB, Compressed Oops mode: 32-bit

CDS archive(s) not mapped
Compressed class space mapped at: 0x0000000100000000-0x0000000140000000, reserved size: 1073741824
Narrow klass base: 0x0000000000000000, Narrow klass shift: 3, Narrow klass range: 0x140000000

GC Precious Log:
 CPUs: 4 total, 4 available
 Memory: 14264M
 Large Page Support: Disabled
 NUMA Support: Disabled
 Compressed Oops: Enabled (32-bit)
 Heap Region Size: 1M
 Heap Min Capacity: 8M
 Heap Initial Capacity: 224M
 Heap Max Capacity: 2G
 Pre-touch: Disabled
 Parallel Workers: 4
 Concurrent Workers: 1
 Concurrent Refinement Workers: 4
 Periodic GC: Disabled

Heap:
 garbage-first heap   total 229376K, used 115584K [0x0000000080000000, 0x0000000100000000)
  region size 1024K, 5 young (5120K), 5 survivors (5120K)
 Metaspace       used 94239K, committed 94976K, reserved 1138688K
  class space    used 12641K, committed 12992K, reserved 1048576K

Heap Regions: E=young(eden), S=young(survivor), O=old, HS=humongous(starts), HC=humongous(continues), CS=collection set, F=free, OA=open archive, CA=closed archive, TAMS=top-at-mark-start (previous, next)
|   0|0x0000000080000000, 0x0000000080100000, 0x0000000080100000|100%| O|  |TAMS 0x0000000080100000, 0x0000000080100000| Untracked 
|   1|0x0000000080100000, 0x0000000080200000, 0x0000000080200000|100%| O|  |TAMS 0x0000000080200000, 0x0000000080200000| Untracked 
|   2|0x0000000080200000, 0x0000000080300000, 0x0000000080300000|100%|HS|  |TAMS 0x0000000080300000, 0x0000000080300000| Complete 
|   3|0x0000000080300000, 0x0000000080400000, 0x0000000080400000|100%|HC|  |TAMS 0x0000000080400000, 0x0000000080400000| Complete 
|   4|0x0000000080400000, 0x0000000080500000, 0x0000000080500000|100%|HC|  |TAMS 0x0000000080500000, 0x0000000080500000| Complete 
|   5|0x0000000080500000, 0x0000000080600000, 0x0000000080600000|100%|HC|  |TAMS 0x0000000080600000, 0x0000000080600000| Complete 
|   6|0x0000000080600000, 0x0000000080700000, 0x0000000080700000|100%| O|  |TAMS 0x0000000080700000, 0x0000000080700000| Untracked 
|   7|0x0000000080700000, 0x0000000080800000, 0x0000000080800000|100%| O|  |TAMS 0x0000000080800000, 0x0000000080800000| Untracked 
|   8|0x0000000080800000, 0x0000000080900000, 0x0000000080900000|100%| O|  |TAMS 0x0000000080900000, 0x0000000080900000| Untracked 
|   9|0x0000000080900000, 0x0000000080a00000, 0x0000000080a00000|100%| O|  |TAMS 0x0000000080a00000, 0x0000000080a00000| Untracked 
|  10|0x0000000080a00000, 0x0000000080b00000, 0x0000000080b00000|100%| O|  |TAMS 0x0000000080b00000, 0x0000000080b00000| Untracked 
|  11|0x0000000080b00000, 0x0000000080c00000, 0x0000000080c00000|100%| O|  |TAMS 0x0000000080c00000, 0x0000000080c00000| Untracked 
|  12|0x0000000080c00000, 0x0000000080d00000, 0x0000000080d00000|100%| O|  |TAMS 0x0000000080d00000, 0x0000000080d00000| Untracked 
|  13|0x0000000080d00000, 0x0000000080e00000, 0x0000000080e00000|100%| O|  |TAMS 0x0000000080e00000, 0x0000000080e00000| Untracked 
|  14|0x0000000080e00000, 0x0000000080f00000, 0x0000000080f00000|100%| O|  |TAMS 0x0000000080f00000, 0x0000000080f00000| Untracked 
|  15|0x0000000080f00000, 0x0000000081000000, 0x0000000081000000|100%| O|  |TAMS 0x0000000081000000, 0x0000000081000000| Untracked 
|  16|0x0000000081000000, 0x0000000081100000, 0x0000000081100000|100%| O|  |TAMS 0x0000000081100000, 0x0000000081100000| Untracked 
|  17|0x0000000081100000, 0x0000000081200000, 0x0000000081200000|100%| O|  |TAMS 0x0000000081200000, 0x0000000081200000| Untracked 
|  18|0x0000000081200000, 0x0000000081300000, 0x0000000081300000|100%| O|  |TAMS 0x0000000081300000, 0x0000000081300000| Untracked 
|  19|0x0000000081300000, 0x0000000081400000, 0x0000000081400000|100%| O|  |TAMS 0x0000000081400000, 0x0000000081400000| Untracked 
|  20|0x0000000081400000, 0x0000000081500000, 0x0000000081500000|100%| O|  |TAMS 0x0000000081500000, 0x0000000081500000| Untracked 
|  21|0x0000000081500000, 0x0000000081600000, 0x0000000081600000|100%| O|  |TAMS 0x0000000081600000, 0x0000000081600000| Untracked 
|  22|0x0000000081600000, 0x0000000081700000, 0x0000000081700000|100%| O|  |TAMS 0x0000000081700000, 0x0000000081700000| Untracked 
|  23|0x0000000081700000, 0x0000000081800000, 0x0000000081800000|100%| O|  |TAMS 0x0000000081800000, 0x0000000081800000| Untracked 
|  24|0x0000000081800000, 0x0000000081900000, 0x0000000081900000|100%|HS|  |TAMS 0x0000000081900000, 0x0000000081900000| Complete 
|  25|0x0000000081900000, 0x0000000081a00000, 0x0000000081a00000|100%| O|  |TAMS 0x0000000081a00000, 0x0000000081a00000| Untracked 
|  26|0x0000000081a00000, 0x0000000081b00000, 0x0000000081b00000|100%| O|  |TAMS 0x0000000081b00000, 0x0000000081b00000| Untracked 
|  27|0x0000000081b00000, 0x0000000081c00000, 0x0000000081c00000|100%| O|  |TAMS 0x0000000081c00000, 0x0000000081c00000| Untracked 
|  28|0x0000000081c00000, 0x0000000081d00000, 0x0000000081d00000|100%| O|  |TAMS 0x0000000081d00000, 0x0000000081d00000| Untracked 
|  29|0x0000000081d00000, 0x0000000081e00000, 0x0000000081e00000|100%| O|  |TAMS 0x0000000081e00000, 0x0000000081e00000| Untracked 
|  30|0x0000000081e00000, 0x0000000081f00000, 0x0000000081f00000|100%| O|  |TAMS 0x0000000081f00000, 0x0000000081f00000| Untracked 
|  31|0x0000000081f00000, 0x0000000082000000, 0x0000000082000000|100%| O|  |TAMS 0x0000000082000000, 0x0000000082000000| Untracked 
|  32|0x0000000082000000, 0x0000000082100000, 0x0000000082100000|100%| O|  |TAMS 0x0000000082100000, 0x0000000082100000| Untracked 
|  33|0x0000000082100000, 0x0000000082200000, 0x0000000082200000|100%|HS|  |TAMS 0x0000000082200000, 0x0000000082200000| Complete 
|  34|0x0000000082200000, 0x0000000082300000, 0x0000000082300000|100%| O|  |TAMS 0x0000000082300000, 0x0000000082300000| Untracked 
|  35|0x0000000082300000, 0x0000000082400000, 0x0000000082400000|100%| O|  |TAMS 0x0000000082300000, 0x0000000082300000| Untracked 
|  36|0x0000000082400000, 0x0000000082500000, 0x0000000082500000|100%| O|  |TAMS 0x0000000082400000, 0x0000000082500000| Untracked 
|  37|0x0000000082500000, 0x0000000082600000, 0x0000000082600000|100%| O|  |TAMS 0x0000000082600000, 0x0000000082600000| Untracked 
|  38|0x0000000082600000, 0x0000000082700000, 0x0000000082700000|100%| O|  |TAMS 0x0000000082700000, 0x0000000082700000| Untracked 
|  39|0x0000000082700000, 0x0000000082800000, 0x0000000082800000|100%| O|  |TAMS 0x0000000082800000, 0x0000000082800000| Untracked 
|  40|0x0000000082800000, 0x0000000082900000, 0x0000000082900000|100%| O|  |TAMS 0x0000000082900000, 0x0000000082900000| Untracked 
|  41|0x0000000082900000, 0x0000000082a00000, 0x0000000082a00000|100%| O|  |TAMS 0x0000000082a00000, 0x0000000082a00000| Untracked 
|  42|0x0000000082a00000, 0x0000000082b00000, 0x0000000082b00000|100%| O|  |TAMS 0x0000000082b00000, 0x0000000082b00000| Untracked 
|  43|0x0000000082b00000, 0x0000000082c00000, 0x0000000082c00000|100%| O|  |TAMS 0x0000000082c00000, 0x0000000082c00000| Untracked 
|  44|0x0000000082c00000, 0x0000000082d00000, 0x0000000082d00000|100%| O|  |TAMS 0x0000000082d00000, 0x0000000082d00000| Untracked 
|  45|0x0000000082d00000, 0x0000000082e00000, 0x0000000082e00000|100%| O|  |TAMS 0x0000000082e00000, 0x0000000082e00000| Untracked 
|  46|0x0000000082e00000, 0x0000000082f00000, 0x0000000082f00000|100%| O|  |TAMS 0x0000000082f00000, 0x0000000082f00000| Untracked 
|  47|0x0000000082f00000, 0x0000000083000000, 0x0000000083000000|100%| O|  |TAMS 0x0000000083000000, 0x0000000083000000| Untracked 
|  48|0x0000000083000000, 0x0000000083100000, 0x0000000083100000|100%| O|  |TAMS 0x0000000083100000, 0x0000000083100000| Untracked 
|  49|0x0000000083100000, 0x0000000083200000, 0x0000000083200000|100%| O|  |TAMS 0x0000000083200000, 0x0000000083200000| Untracked 
|  50|0x0000000083200000, 0x0000000083300000, 0x0000000083300000|100%| O|  |TAMS 0x0000000083300000, 0x0000000083300000| Untracked 
|  51|0x0000000083300000, 0x0000000083400000, 0x0000000083400000|100%| O|  |TAMS 0x0000000083400000, 0x0000000083400000| Untracked 
|  52|0x0000000083400000, 0x0000000083500000, 0x0000000083500000|100%| O|  |TAMS 0x0000000083500000, 0x0000000083500000| Untracked 
|  53|0x0000000083500000, 0x00000000835e0000, 0x0000000083600000| 87%| O|  |TAMS 0x0000000083500000, 0x0000000083500000| Untracked 
|  54|0x0000000083600000, 0x0000000083700000, 0x0000000083700000|100%| O|  |TAMS 0x0000000083700000, 0x0000000083700000| Untracked 
|  55|0x0000000083700000, 0x0000000083800000, 0x0000000083800000|100%| O|  |TAMS 0x0000000083800000, 0x0000000083800000| Untracked 
|  56|0x0000000083800000, 0x0000000083900000, 0x0000000083900000|100%| O|  |TAMS 0x0000000083900000, 0x0000000083900000| Untracked 
|  57|0x0000000083900000, 0x0000000083a00000, 0x0000000083a00000|100%| O|  |TAMS 0x0000000083a00000, 0x0000000083a00000| Untracked 
|  58|0x0000000083a00000, 0x0000000083b00000, 0x0000000083b00000|100%| O|  |TAMS 0x0000000083b00000, 0x0000000083b00000| Untracked 
|  59|0x0000000083b00000, 0x0000000083c00000, 0x0000000083c00000|100%| O|  |TAMS 0x0000000083c00000, 0x0000000083c00000| Untracked 
|  60|0x0000000083c00000, 0x0000000083d00000, 0x0000000083d00000|100%| O|  |TAMS 0x0000000083d00000, 0x0000000083d00000| Untracked 
|  61|0x0000000083d00000, 0x0000000083e00000, 0x0000000083e00000|100%| O|  |TAMS 0x0000000083e00000, 0x0000000083e00000| Untracked 
|  62|0x0000000083e00000, 0x0000000083f00000, 0x0000000083f00000|100%| O|  |TAMS 0x0000000083e00000, 0x0000000083f00000| Untracked 
|  63|0x0000000083f00000, 0x0000000084000000, 0x0000000084000000|100%| O|  |TAMS 0x0000000084000000, 0x0000000084000000| Untracked 
|  64|0x0000000084000000, 0x0000000084100000, 0x0000000084100000|100%| O|  |TAMS 0x0000000084100000, 0x0000000084100000| Untracked 
|  65|0x0000000084100000, 0x0000000084200000, 0x0000000084200000|100%| O|  |TAMS 0x0000000084200000, 0x0000000084200000| Untracked 
|  66|0x0000000084200000, 0x0000000084300000, 0x0000000084300000|100%| O|  |TAMS 0x0000000084300000, 0x0000000084300000| Untracked 
|  67|0x0000000084300000, 0x0000000084400000, 0x0000000084400000|100%| O|  |TAMS 0x0000000084400000, 0x0000000084400000| Untracked 
|  68|0x0000000084400000, 0x0000000084500000, 0x0000000084500000|100%| O|  |TAMS 0x0000000084500000, 0x0000000084500000| Untracked 
|  69|0x0000000084500000, 0x0000000084600000, 0x0000000084600000|100%| O|  |TAMS 0x0000000084600000, 0x0000000084600000| Untracked 
|  70|0x0000000084600000, 0x0000000084700000, 0x0000000084700000|100%| O|  |TAMS 0x0000000084700000, 0x0000000084700000| Untracked 
|  71|0x0000000084700000, 0x0000000084800000, 0x0000000084800000|100%| O|  |TAMS 0x0000000084800000, 0x0000000084800000| Untracked 
|  72|0x0000000084800000, 0x0000000084900000, 0x0000000084900000|100%| O|  |TAMS 0x0000000084900000, 0x0000000084900000| Untracked 
|  73|0x0000000084900000, 0x0000000084a00000, 0x0000000084a00000|100%| O|  |TAMS 0x0000000084a00000, 0x0000000084a00000| Untracked 
|  74|0x0000000084a00000, 0x0000000084b00000, 0x0000000084b00000|100%| O|  |TAMS 0x0000000084b00000, 0x0000000084b00000| Untracked 
|  75|0x0000000084b00000, 0x0000000084c00000, 0x0000000084c00000|100%| O|  |TAMS 0x0000000084c00000, 0x0000000084c00000| Untracked 
|  76|0x0000000084c00000, 0x0000000084d00000, 0x0000000084d00000|100%| O|  |TAMS 0x0000000084d00000, 0x0000000084d00000| Untracked 
|  77|0x0000000084d00000, 0x0000000084e00000, 0x0000000084e00000|100%| O|  |TAMS 0x0000000084e00000, 0x0000000084e00000| Untracked 
|  78|0x0000000084e00000, 0x0000000084f00000, 0x0000000084f00000|100%| O|  |TAMS 0x0000000084f00000, 0x0000000084f00000| Untracked 
|  79|0x0000000084f00000, 0x0000000085000000, 0x0000000085000000|100%| O|  |TAMS 0x0000000085000000, 0x0000000085000000| Untracked 
|  80|0x0000000085000000, 0x0000000085100000, 0x0000000085100000|100%| O|  |TAMS 0x0000000085100000, 0x0000000085100000| Untracked 
|  81|0x0000000085100000, 0x0000000085200000, 0x0000000085200000|100%| O|  |TAMS 0x0000000085200000, 0x0000000085200000| Untracked 
|  82|0x0000000085200000, 0x0000000085300000, 0x0000000085300000|100%| O|  |TAMS 0x0000000085300000, 0x0000000085300000| Untracked 
|  83|0x0000000085300000, 0x0000000085400000, 0x0000000085400000|100%| O|  |TAMS 0x0000000085400000, 0x0000000085400000| Untracked 
|  84|0x0000000085400000, 0x0000000085500000, 0x0000000085500000|100%| O|  |TAMS 0x0000000085500000, 0x0000000085500000| Untracked 
|  85|0x0000000085500000, 0x0000000085600000, 0x0000000085600000|100%| O|  |TAMS 0x0000000085600000, 0x0000000085600000| Untracked 
|  86|0x0000000085600000, 0x0000000085600000, 0x0000000085700000|  0%| F|  |TAMS 0x0000000085600000, 0x0000000085600000| Untracked 
|  87|0x0000000085700000, 0x0000000085800000, 0x0000000085800000|100%| O|  |TAMS 0x000000008574be00, 0x0000000085800000| Untracked 
|  88|0x0000000085800000, 0x0000000085900000, 0x0000000085900000|100%|HS|  |TAMS 0x0000000085800000, 0x0000000085900000| Complete 
|  89|0x0000000085900000, 0x0000000085a00000, 0x0000000085a00000|100%| O|  |TAMS 0x0000000085900000, 0x0000000085a00000| Untracked 
|  90|0x0000000085a00000, 0x0000000085b00000, 0x0000000085b00000|100%| O|  |TAMS 0x0000000085a00000, 0x0000000085b00000| Untracked 
|  91|0x0000000085b00000, 0x0000000085c00000, 0x0000000085c00000|100%| O|  |TAMS 0x0000000085b00000, 0x0000000085c00000| Untracked 
|  92|0x0000000085c00000, 0x0000000085d00000, 0x0000000085d00000|100%| O|  |TAMS 0x0000000085c00000, 0x0000000085d00000| Untracked 
|  93|0x0000000085d00000, 0x0000000085e00000, 0x0000000085e00000|100%| O|  |TAMS 0x0000000085d00000, 0x0000000085e00000| Untracked 
|  94|0x0000000085e00000, 0x0000000085f00000, 0x0000000085f00000|100%| O|  |TAMS 0x0000000085e00000, 0x0000000085f00000| Untracked 
|  95|0x0000000085f00000, 0x0000000086000000, 0x0000000086000000|100%| O|  |TAMS 0x0000000085f00000, 0x0000000086000000| Untracked 
|  96|0x0000000086000000, 0x0000000086000000, 0x0000000086100000|  0%| F|  |TAMS 0x0000000086000000, 0x0000000086000000| Untracked 
|  97|0x0000000086100000, 0x0000000086200000, 0x0000000086200000|100%| O|  |TAMS 0x0000000086100000, 0x0000000086200000| Untracked 
|  98|0x0000000086200000, 0x0000000086300000, 0x0000000086300000|100%| O|  |TAMS 0x0000000086200000, 0x0000000086300000| Untracked 
|  99|0x0000000086300000, 0x0000000086400000, 0x0000000086400000|100%| O|  |TAMS 0x0000000086300000, 0x0000000086400000| Untracked 
| 100|0x0000000086400000, 0x0000000086500000, 0x0000000086500000|100%| O|  |TAMS 0x0000000086400000, 0x0000000086500000| Untracked 
| 101|0x0000000086500000, 0x0000000086600000, 0x0000000086600000|100%| O|  |TAMS 0x0000000086500000, 0x0000000086600000| Untracked 
| 102|0x0000000086600000, 0x0000000086700000, 0x0000000086700000|100%| O|  |TAMS 0x0000000086600000, 0x0000000086700000| Untracked 
| 103|0x0000000086700000, 0x0000000086800000, 0x0000000086800000|100%| O|  |TAMS 0x0000000086700000, 0x0000000086800000| Untracked 
| 104|0x0000000086800000, 0x0000000086900000, 0x0000000086900000|100%| O|  |TAMS 0x0000000086800000, 0x0000000086900000| Untracked 
| 105|0x0000000086900000, 0x0000000086a00000, 0x0000000086a00000|100%| O|  |TAMS 0x0000000086900000, 0x0000000086a00000| Untracked 
| 106|0x0000000086a00000, 0x0000000086b00000, 0x0000000086b00000|100%| O|  |TAMS 0x0000000086a00000, 0x0000000086b00000| Untracked 
| 107|0x0000000086b00000, 0x0000000086c00000, 0x0000000086c00000|100%| O|  |TAMS 0x0000000086b00000, 0x0000000086c00000| Untracked 
| 108|0x0000000086c00000, 0x0000000086d00000, 0x0000000086d00000|100%| O|  |TAMS 0x0000000086c00000, 0x0000000086d00000| Untracked 
| 109|0x0000000086d00000, 0x0000000086e00000, 0x0000000086e00000|100%| O|  |TAMS 0x0000000086d00000, 0x0000000086e00000| Untracked 
| 110|0x0000000086e00000, 0x0000000086e00000, 0x0000000086f00000|  0%| F|  |TAMS 0x0000000086e00000, 0x0000000086e00000| Untracked 
| 111|0x0000000086f00000, 0x0000000086f00000, 0x0000000087000000|  0%| F|  |TAMS 0x0000000086f00000, 0x0000000086f00000| Untracked 
| 112|0x0000000087000000, 0x0000000087000000, 0x0000000087100000|  0%| F|  |TAMS 0x0000000087000000, 0x0000000087000000| Untracked 
| 113|0x0000000087100000, 0x0000000087100000, 0x0000000087200000|  0%| F|  |TAMS 0x0000000087100000, 0x0000000087100000| Untracked 
| 114|0x0000000087200000, 0x0000000087200000, 0x0000000087300000|  0%| F|  |TAMS 0x0000000087200000, 0x0000000087200000| Untracked 
| 115|0x0000000087300000, 0x0000000087300000, 0x0000000087400000|  0%| F|  |TAMS 0x0000000087300000, 0x0000000087300000| Untracked 
| 116|0x0000000087400000, 0x0000000087400000, 0x0000000087500000|  0%| F|  |TAMS 0x0000000087400000, 0x0000000087400000| Untracked 
| 117|0x0000000087500000, 0x0000000087500000, 0x0000000087600000|  0%| F|  |TAMS 0x0000000087500000, 0x0000000087500000| Untracked 
| 118|0x0000000087600000, 0x0000000087600000, 0x0000000087700000|  0%| F|  |TAMS 0x0000000087600000, 0x0000000087600000| Untracked 
| 119|0x0000000087700000, 0x0000000087700000, 0x0000000087800000|  0%| F|  |TAMS 0x0000000087700000, 0x0000000087700000| Untracked 
| 120|0x0000000087800000, 0x0000000087800000, 0x0000000087900000|  0%| F|  |TAMS 0x0000000087800000, 0x0000000087800000| Untracked 
| 121|0x0000000087900000, 0x0000000087900000, 0x0000000087a00000|  0%| F|  |TAMS 0x0000000087900000, 0x0000000087900000| Untracked 
| 122|0x0000000087a00000, 0x0000000087a00000, 0x0000000087b00000|  0%| F|  |TAMS 0x0000000087a00000, 0x0000000087a00000| Untracked 
| 123|0x0000000087b00000, 0x0000000087b00000, 0x0000000087c00000|  0%| F|  |TAMS 0x0000000087b00000, 0x0000000087b00000| Untracked 
| 124|0x0000000087c00000, 0x0000000087c00000, 0x0000000087d00000|  0%| F|  |TAMS 0x0000000087c00000, 0x0000000087c00000| Untracked 
| 125|0x0000000087d00000, 0x0000000087d00000, 0x0000000087e00000|  0%| F|  |TAMS 0x0000000087d00000, 0x0000000087d00000| Untracked 
| 126|0x0000000087e00000, 0x0000000087e00000, 0x0000000087f00000|  0%| F|  |TAMS 0x0000000087e00000, 0x0000000087e00000| Untracked 
| 127|0x0000000087f00000, 0x0000000087f00000, 0x0000000088000000|  0%| F|  |TAMS 0x0000000087f00000, 0x0000000087f00000| Untracked 
| 128|0x0000000088000000, 0x0000000088000000, 0x0000000088100000|  0%| F|  |TAMS 0x0000000088000000, 0x0000000088000000| Untracked 
| 129|0x0000000088100000, 0x0000000088100000, 0x0000000088200000|  0%| F|  |TAMS 0x0000000088100000, 0x0000000088100000| Untracked 
| 130|0x0000000088200000, 0x0000000088200000, 0x0000000088300000|  0%| F|  |TAMS 0x0000000088200000, 0x0000000088200000| Untracked 
| 131|0x0000000088300000, 0x0000000088300000, 0x0000000088400000|  0%| F|  |TAMS 0x0000000088300000, 0x0000000088300000| Untracked 
| 132|0x0000000088400000, 0x0000000088400000, 0x0000000088500000|  0%| F|  |TAMS 0x0000000088400000, 0x0000000088400000| Untracked 
| 133|0x0000000088500000, 0x0000000088500000, 0x0000000088600000|  0%| F|  |TAMS 0x0000000088500000, 0x0000000088500000| Untracked 
| 134|0x0000000088600000, 0x0000000088600000, 0x0000000088700000|  0%| F|  |TAMS 0x0000000088600000, 0x0000000088600000| Untracked 
| 135|0x0000000088700000, 0x0000000088700000, 0x0000000088800000|  0%| F|  |TAMS 0x0000000088700000, 0x0000000088700000| Untracked 
| 136|0x0000000088800000, 0x0000000088800000, 0x0000000088900000|  0%| F|  |TAMS 0x0000000088800000, 0x0000000088800000| Untracked 
| 137|0x0000000088900000, 0x0000000088900000, 0x0000000088a00000|  0%| F|  |TAMS 0x0000000088900000, 0x0000000088900000| Untracked 
| 138|0x0000000088a00000, 0x0000000088a00000, 0x0000000088b00000|  0%| F|  |TAMS 0x0000000088a00000, 0x0000000088a00000| Untracked 
| 139|0x0000000088b00000, 0x0000000088b00000, 0x0000000088c00000|  0%| F|  |TAMS 0x0000000088b00000, 0x0000000088b00000| Untracked 
| 140|0x0000000088c00000, 0x0000000088c00000, 0x0000000088d00000|  0%| F|  |TAMS 0x0000000088c00000, 0x0000000088c00000| Untracked 
| 141|0x0000000088d00000, 0x0000000088d00000, 0x0000000088e00000|  0%| F|  |TAMS 0x0000000088d00000, 0x0000000088d00000| Untracked 
| 142|0x0000000088e00000, 0x0000000088e00000, 0x0000000088f00000|  0%| F|  |TAMS 0x0000000088e00000, 0x0000000088e00000| Untracked 
| 143|0x0000000088f00000, 0x0000000088f00000, 0x0000000089000000|  0%| F|  |TAMS 0x0000000088f00000, 0x0000000088f00000| Untracked 
| 144|0x0000000089000000, 0x0000000089000000, 0x0000000089100000|  0%| F|  |TAMS 0x0000000089000000, 0x0000000089000000| Untracked 
| 145|0x0000000089100000, 0x0000000089100000, 0x0000000089200000|  0%| F|  |TAMS 0x0000000089100000, 0x0000000089100000| Untracked 
| 146|0x0000000089200000, 0x0000000089200000, 0x0000000089300000|  0%| F|  |TAMS 0x0000000089200000, 0x0000000089200000| Untracked 
| 147|0x0000000089300000, 0x0000000089300000, 0x0000000089400000|  0%| F|  |TAMS 0x0000000089300000, 0x0000000089300000| Untracked 
| 148|0x0000000089400000, 0x0000000089500000, 0x0000000089500000|100%| S|CS|TAMS 0x0000000089400000, 0x0000000089400000| Complete 
| 149|0x0000000089500000, 0x0000000089600000, 0x0000000089600000|100%| S|CS|TAMS 0x0000000089500000, 0x0000000089500000| Complete 
| 150|0x0000000089600000, 0x0000000089700000, 0x0000000089700000|100%| S|CS|TAMS 0x0000000089600000, 0x0000000089600000| Complete 
| 151|0x0000000089700000, 0x0000000089800000, 0x0000000089800000|100%| S|CS|TAMS 0x0000000089700000, 0x0000000089700000| Complete 
| 152|0x0000000089800000, 0x0000000089900000, 0x0000000089900000|100%| S|CS|TAMS 0x0000000089800000, 0x0000000089800000| Complete 
| 153|0x0000000089900000, 0x0000000089900000, 0x0000000089a00000|  0%| F|  |TAMS 0x0000000089900000, 0x0000000089900000| Untracked 
| 154|0x0000000089a00000, 0x0000000089a00000, 0x0000000089b00000|  0%| F|  |TAMS 0x0000000089a00000, 0x0000000089a00000| Untracked 
| 155|0x0000000089b00000, 0x0000000089b00000, 0x0000000089c00000|  0%| F|  |TAMS 0x0000000089b00000, 0x0000000089b00000| Untracked 
| 156|0x0000000089c00000, 0x0000000089c00000, 0x0000000089d00000|  0%| F|  |TAMS 0x0000000089c00000, 0x0000000089c00000| Untracked 
| 157|0x0000000089d00000, 0x0000000089d00000, 0x0000000089e00000|  0%| F|  |TAMS 0x0000000089d00000, 0x0000000089d00000| Untracked 
| 158|0x0000000089e00000, 0x0000000089e00000, 0x0000000089f00000|  0%| F|  |TAMS 0x0000000089e00000, 0x0000000089e00000| Untracked 
| 159|0x0000000089f00000, 0x0000000089f00000, 0x000000008a000000|  0%| F|  |TAMS 0x0000000089f00000, 0x0000000089f00000| Untracked 
| 160|0x000000008a000000, 0x000000008a000000, 0x000000008a100000|  0%| F|  |TAMS 0x000000008a000000, 0x000000008a000000| Untracked 
| 161|0x000000008a100000, 0x000000008a100000, 0x000000008a200000|  0%| F|  |TAMS 0x000000008a100000, 0x000000008a100000| Untracked 
| 162|0x000000008a200000, 0x000000008a200000, 0x000000008a300000|  0%| F|  |TAMS 0x000000008a200000, 0x000000008a200000| Untracked 
| 163|0x000000008a300000, 0x000000008a300000, 0x000000008a400000|  0%| F|  |TAMS 0x000000008a300000, 0x000000008a300000| Untracked 
| 164|0x000000008a400000, 0x000000008a400000, 0x000000008a500000|  0%| F|  |TAMS 0x000000008a400000, 0x000000008a400000| Untracked 
| 165|0x000000008a500000, 0x000000008a500000, 0x000000008a600000|  0%| F|  |TAMS 0x000000008a500000, 0x000000008a500000| Untracked 
| 166|0x000000008a600000, 0x000000008a600000, 0x000000008a700000|  0%| F|  |TAMS 0x000000008a600000, 0x000000008a600000| Untracked 
| 167|0x000000008a700000, 0x000000008a700000, 0x000000008a800000|  0%| F|  |TAMS 0x000000008a700000, 0x000000008a700000| Untracked 
| 168|0x000000008a800000, 0x000000008a800000, 0x000000008a900000|  0%| F|  |TAMS 0x000000008a800000, 0x000000008a800000| Untracked 
| 169|0x000000008a900000, 0x000000008a900000, 0x000000008aa00000|  0%| F|  |TAMS 0x000000008a900000, 0x000000008a900000| Untracked 
| 170|0x000000008aa00000, 0x000000008aa00000, 0x000000008ab00000|  0%| F|  |TAMS 0x000000008aa00000, 0x000000008aa00000| Untracked 
| 171|0x000000008ab00000, 0x000000008ab00000, 0x000000008ac00000|  0%| F|  |TAMS 0x000000008ab00000, 0x000000008ab00000| Untracked 
| 172|0x000000008ac00000, 0x000000008ac00000, 0x000000008ad00000|  0%| F|  |TAMS 0x000000008ac00000, 0x000000008ac00000| Untracked 
| 173|0x000000008ad00000, 0x000000008ad00000, 0x000000008ae00000|  0%| F|  |TAMS 0x000000008ad00000, 0x000000008ad00000| Untracked 
| 174|0x000000008ae00000, 0x000000008ae00000, 0x000000008af00000|  0%| F|  |TAMS 0x000000008ae00000, 0x000000008ae00000| Untracked 
| 175|0x000000008af00000, 0x000000008af00000, 0x000000008b000000|  0%| F|  |TAMS 0x000000008af00000, 0x000000008af00000| Untracked 
| 176|0x000000008b000000, 0x000000008b000000, 0x000000008b100000|  0%| F|  |TAMS 0x000000008b000000, 0x000000008b000000| Untracked 
| 177|0x000000008b100000, 0x000000008b100000, 0x000000008b200000|  0%| F|  |TAMS 0x000000008b100000, 0x000000008b100000| Untracked 
| 178|0x000000008b200000, 0x000000008b200000, 0x000000008b300000|  0%| F|  |TAMS 0x000000008b200000, 0x000000008b200000| Untracked 
| 179|0x000000008b300000, 0x000000008b300000, 0x000000008b400000|  0%| F|  |TAMS 0x000000008b300000, 0x000000008b300000| Untracked 
| 180|0x000000008b400000, 0x000000008b400000, 0x000000008b500000|  0%| F|  |TAMS 0x000000008b400000, 0x000000008b400000| Untracked 
| 181|0x000000008b500000, 0x000000008b500000, 0x000000008b600000|  0%| F|  |TAMS 0x000000008b500000, 0x000000008b500000| Untracked 
| 182|0x000000008b600000, 0x000000008b600000, 0x000000008b700000|  0%| F|  |TAMS 0x000000008b600000, 0x000000008b600000| Untracked 
| 183|0x000000008b700000, 0x000000008b700000, 0x000000008b800000|  0%| F|  |TAMS 0x000000008b700000, 0x000000008b700000| Untracked 
| 184|0x000000008b800000, 0x000000008b800000, 0x000000008b900000|  0%| F|  |TAMS 0x000000008b800000, 0x000000008b800000| Untracked 
| 185|0x000000008b900000, 0x000000008b900000, 0x000000008ba00000|  0%| F|  |TAMS 0x000000008b900000, 0x000000008b900000| Untracked 
| 186|0x000000008ba00000, 0x000000008ba00000, 0x000000008bb00000|  0%| F|  |TAMS 0x000000008ba00000, 0x000000008ba00000| Untracked 
| 187|0x000000008bb00000, 0x000000008bb00000, 0x000000008bc00000|  0%| F|  |TAMS 0x000000008bb00000, 0x000000008bb00000| Untracked 
| 188|0x000000008bc00000, 0x000000008bc00000, 0x000000008bd00000|  0%| F|  |TAMS 0x000000008bc00000, 0x000000008bc00000| Untracked 
| 189|0x000000008bd00000, 0x000000008bd00000, 0x000000008be00000|  0%| F|  |TAMS 0x000000008bd00000, 0x000000008bd00000| Untracked 
| 190|0x000000008be00000, 0x000000008be00000, 0x000000008bf00000|  0%| F|  |TAMS 0x000000008be00000, 0x000000008be00000| Untracked 
| 191|0x000000008bf00000, 0x000000008bf00000, 0x000000008c000000|  0%| F|  |TAMS 0x000000008bf00000, 0x000000008bf00000| Untracked 
| 192|0x000000008c000000, 0x000000008c000000, 0x000000008c100000|  0%| F|  |TAMS 0x000000008c000000, 0x000000008c000000| Untracked 
| 193|0x000000008c100000, 0x000000008c100000, 0x000000008c200000|  0%| F|  |TAMS 0x000000008c100000, 0x000000008c100000| Untracked 
| 194|0x000000008c200000, 0x000000008c200000, 0x000000008c300000|  0%| F|  |TAMS 0x000000008c200000, 0x000000008c200000| Untracked 
| 195|0x000000008c300000, 0x000000008c300000, 0x000000008c400000|  0%| F|  |TAMS 0x000000008c300000, 0x000000008c300000| Untracked 
| 196|0x000000008c400000, 0x000000008c400000, 0x000000008c500000|  0%| F|  |TAMS 0x000000008c400000, 0x000000008c400000| Untracked 
| 197|0x000000008c500000, 0x000000008c500000, 0x000000008c600000|  0%| F|  |TAMS 0x000000008c500000, 0x000000008c500000| Untracked 
| 198|0x000000008c600000, 0x000000008c600000, 0x000000008c700000|  0%| F|  |TAMS 0x000000008c600000, 0x000000008c600000| Untracked 
| 199|0x000000008c700000, 0x000000008c700000, 0x000000008c800000|  0%| F|  |TAMS 0x000000008c700000, 0x000000008c700000| Untracked 
| 200|0x000000008c800000, 0x000000008c800000, 0x000000008c900000|  0%| F|  |TAMS 0x000000008c800000, 0x000000008c800000| Untracked 
| 201|0x000000008c900000, 0x000000008c900000, 0x000000008ca00000|  0%| F|  |TAMS 0x000000008c900000, 0x000000008c900000| Untracked 
| 202|0x000000008ca00000, 0x000000008ca00000, 0x000000008cb00000|  0%| F|  |TAMS 0x000000008ca00000, 0x000000008ca00000| Untracked 
| 203|0x000000008cb00000, 0x000000008cb00000, 0x000000008cc00000|  0%| F|  |TAMS 0x000000008cb00000, 0x000000008cb00000| Untracked 
| 204|0x000000008cc00000, 0x000000008cc00000, 0x000000008cd00000|  0%| F|  |TAMS 0x000000008cc00000, 0x000000008cc00000| Untracked 
| 205|0x000000008cd00000, 0x000000008cd00000, 0x000000008ce00000|  0%| F|  |TAMS 0x000000008cd00000, 0x000000008cd00000| Untracked 
| 206|0x000000008ce00000, 0x000000008ce00000, 0x000000008cf00000|  0%| F|  |TAMS 0x000000008ce00000, 0x000000008ce00000| Untracked 
| 207|0x000000008cf00000, 0x000000008cf00000, 0x000000008d000000|  0%| F|  |TAMS 0x000000008cf00000, 0x000000008cf00000| Untracked 
| 208|0x000000008d000000, 0x000000008d000000, 0x000000008d100000|  0%| F|  |TAMS 0x000000008d000000, 0x000000008d000000| Untracked 
| 209|0x000000008d100000, 0x000000008d100000, 0x000000008d200000|  0%| F|  |TAMS 0x000000008d100000, 0x000000008d100000| Untracked 
| 210|0x000000008d200000, 0x000000008d200000, 0x000000008d300000|  0%| F|  |TAMS 0x000000008d200000, 0x000000008d200000| Untracked 
| 211|0x000000008d300000, 0x000000008d300000, 0x000000008d400000|  0%| F|  |TAMS 0x000000008d300000, 0x000000008d300000| Untracked 
| 212|0x000000008d400000, 0x000000008d400000, 0x000000008d500000|  0%| F|  |TAMS 0x000000008d400000, 0x000000008d400000| Untracked 
| 213|0x000000008d500000, 0x000000008d500000, 0x000000008d600000|  0%| F|  |TAMS 0x000000008d500000, 0x000000008d500000| Untracked 
| 214|0x000000008d600000, 0x000000008d600000, 0x000000008d700000|  0%| F|  |TAMS 0x000000008d600000, 0x000000008d600000| Untracked 
| 215|0x000000008d700000, 0x000000008d700000, 0x000000008d800000|  0%| F|  |TAMS 0x000000008d700000, 0x000000008d700000| Untracked 
| 216|0x000000008d800000, 0x000000008d800000, 0x000000008d900000|  0%| F|  |TAMS 0x000000008d800000, 0x000000008d800000| Untracked 
| 217|0x000000008d900000, 0x000000008d900000, 0x000000008da00000|  0%| F|  |TAMS 0x000000008d900000, 0x000000008d900000| Untracked 
| 218|0x000000008da00000, 0x000000008da00000, 0x000000008db00000|  0%| F|  |TAMS 0x000000008da00000, 0x000000008da00000| Untracked 
| 219|0x000000008db00000, 0x000000008db00000, 0x000000008dc00000|  0%| F|  |TAMS 0x000000008db00000, 0x000000008db00000| Untracked 
| 220|0x000000008dc00000, 0x000000008dc00000, 0x000000008dd00000|  0%| F|  |TAMS 0x000000008dc00000, 0x000000008dc00000| Untracked 
| 221|0x000000008dd00000, 0x000000008dd00000, 0x000000008de00000|  0%| F|  |TAMS 0x000000008dd00000, 0x000000008dd00000| Untracked 
| 222|0x000000008de00000, 0x000000008de00000, 0x000000008df00000|  0%| F|  |TAMS 0x000000008de00000, 0x000000008de00000| Untracked 
| 223|0x000000008df00000, 0x000000008df00000, 0x000000008e000000|  0%| F|  |TAMS 0x000000008df00000, 0x000000008df00000| Untracked 

Card table byte_map: [0x000001e77f480000,0x000001e77f880000] _byte_map_base: 0x000001e77f080000

Marking Bits (Prev, Next): (CMBitMap*) 0x000001e77bc067a0, (CMBitMap*) 0x000001e77bc067e0
 Prev Bits: [0x000001e70f000000, 0x000001e711000000)
 Next Bits: [0x000001e711000000, 0x000001e713000000)

Polling page: 0x000001e779ae0000

Metaspace:

Usage:
  Non-class:     79.69 MB used.
      Class:     12.35 MB used.
       Both:     92.03 MB used.

Virtual space:
  Non-class space:       88.00 MB reserved,      80.06 MB ( 91%) committed,  11 nodes.
      Class space:        1.00 GB reserved,      12.69 MB (  1%) committed,  1 nodes.
             Both:        1.09 GB reserved,      92.75 MB (  8%) committed. 

Chunk freelists:
   Non-Class:  3.27 MB
       Class:  3.33 MB
        Both:  6.59 MB

MaxMetaspaceSize: unlimited
CompressedClassSpaceSize: 1.00 GB
Initial GC threshold: 21.00 MB
Current GC threshold: 148.12 MB
CDS: off
MetaspaceReclaimPolicy: balanced
 - commit_granule_bytes: 65536.
 - commit_granule_words: 8192.
 - virtual_space_node_default_size: 1048576.
 - enlarge_chunks_in_place: 1.
 - new_chunks_are_fully_committed: 0.
 - uncommit_free_chunks: 1.
 - use_allocation_guard: 0.
 - handle_deallocations: 1.


Internal statistics:

num_allocs_failed_limit: 6.
num_arena_births: 988.
num_arena_deaths: 4.
num_vsnodes_births: 12.
num_vsnodes_deaths: 0.
num_space_committed: 1484.
num_space_uncommitted: 0.
num_chunks_returned_to_freelist: 10.
num_chunks_taken_from_freelist: 4427.
num_chunk_merges: 6.
num_chunk_splits: 2906.
num_chunks_enlarged: 1917.
num_purges: 2.
num_inconsistent_stats: 0.

CodeHeap 'non-profiled nmethods': size=120000Kb used=6946Kb max_used=6946Kb free=113053Kb
 bounds [0x000001e707ad0000, 0x000001e7081a0000, 0x000001e70f000000]
CodeHeap 'profiled nmethods': size=120000Kb used=21558Kb max_used=21558Kb free=98441Kb
 bounds [0x000001e700000000, 0x000001e701510000, 0x000001e707530000]
CodeHeap 'non-nmethods': size=5760Kb used=2382Kb max_used=2458Kb free=3377Kb
 bounds [0x000001e707530000, 0x000001e7077a0000, 0x000001e707ad0000]
 total_blobs=11835 nmethods=10919 adapters=828
 compilation: enabled
              stopped_count=0, restarted_count=0
 full_count=0

Compilation events (20 events):
Event: 19.376 Thread 0x000001e71bbd2240 nmethod 12516 0x000001e708194c90 code [0x000001e708194e40, 0x000001e7081952b8]
Event: 19.376 Thread 0x000001e71bbd2240 12519       4       org.apache.xerces.dom.CharacterDataImpl::getNodeValue (16 bytes)
Event: 19.376 Thread 0x000001e715c52a40 12521       3       org.apache.xerces.dom.AttrNSImpl::getLocalName (16 bytes)
Event: 19.377 Thread 0x000001e715c52a40 nmethod 12521 0x000001e701506c90 code [0x000001e701506e40, 0x000001e701507198]
Event: 19.377 Thread 0x000001e71bbd2240 nmethod 12519 0x000001e708195690 code [0x000001e708195820, 0x000001e708195908]
Event: 19.377 Thread 0x000001e71bbd2240 12518       4       com.android.ide.common.resources.NodeUtils::duplicateNode (315 bytes)
Event: 19.377 Thread 0x000001e715c52a40 12523       3       org.apache.xerces.dom.CoreDocumentImpl::createAttributeNS (11 bytes)
Event: 19.377 Thread 0x000001e715c52a40 nmethod 12523 0x000001e701507290 code [0x000001e701507480, 0x000001e701507908]
Event: 19.377 Thread 0x000001e715c52a40 12524       3       org.apache.xerces.dom.AttrNSImpl::<init> (13 bytes)
Event: 19.378 Thread 0x000001e715c52a40 nmethod 12524 0x000001e701507b10 code [0x000001e701507ce0, 0x000001e701508148]
Event: 19.381 Thread 0x000001e715c52a40 12526       3       com.android.ide.common.resources.DataFile::hasNotRemovedItems (48 bytes)
Event: 19.381 Thread 0x000001e715c52a40 nmethod 12526 0x000001e701508310 code [0x000001e701508520, 0x000001e701508c58]
Event: 19.381 Thread 0x000001e715c52a40 12527       3       com.android.ide.common.resources.DataSet::createFileElement (81 bytes)
Event: 19.381 Thread 0x000001e715c52a40 nmethod 12527 0x000001e701508e10 code [0x000001e701509080, 0x000001e701509a98]
Event: 19.387 Thread 0x000001e715c52a40 12528       3       com.android.utils.XmlUtils::toXmlAttributeValue (89 bytes)
Event: 19.388 Thread 0x000001e715c52a40 nmethod 12528 0x000001e701509e90 code [0x000001e70150a160, 0x000001e70150b038]
Event: 19.389 Thread 0x000001e715c52a40 12529 %     2       com.android.utils.XmlUtils::append @ 348 (597 bytes)
Event: 19.390 Thread 0x000001e715c52a40 nmethod 12529% 0x000001e70150b610 code [0x000001e70150bb00, 0x000001e70150cf18]
Event: 19.399 Thread 0x000001e715c41d90 nmethod 12514 0x000001e708195a10 code [0x000001e708195ca0, 0x000001e708197980]
Event: 19.399 Thread 0x000001e715c41d90 12533       4       com.android.utils.XmlUtils::toXmlAttributeValue (89 bytes)

GC Heap History (20 events):
Event: 9.464 GC heap after
{Heap after GC invocations=29 (full 0):
 garbage-first heap   total 191488K, used 59217K [0x0000000080000000, 0x0000000100000000)
  region size 1024K, 8 young (8192K), 8 survivors (8192K)
 Metaspace       used 71724K, committed 72320K, reserved 1114112K
  class space    used 9679K, committed 9984K, reserved 1048576K
}
Event: 9.494 GC heap before
{Heap before GC invocations=29 (full 0):
 garbage-first heap   total 191488K, used 60241K [0x0000000080000000, 0x0000000100000000)
  region size 1024K, 9 young (9216K), 8 survivors (8192K)
 Metaspace       used 71870K, committed 72448K, reserved 1114112K
  class space    used 9705K, committed 9984K, reserved 1048576K
}
Event: 9.502 GC heap after
{Heap after GC invocations=30 (full 0):
 garbage-first heap   total 191488K, used 60054K [0x0000000080000000, 0x0000000100000000)
  region size 1024K, 1 young (1024K), 1 survivors (1024K)
 Metaspace       used 71870K, committed 72448K, reserved 1114112K
  class space    used 9705K, committed 9984K, reserved 1048576K
}
Event: 13.813 GC heap before
{Heap before GC invocations=30 (full 0):
 garbage-first heap   total 191488K, used 135830K [0x0000000080000000, 0x0000000100000000)
  region size 1024K, 76 young (77824K), 1 survivors (1024K)
 Metaspace       used 76699K, committed 77312K, reserved 1122304K
  class space    used 10452K, committed 10752K, reserved 1048576K
}
Event: 13.820 GC heap after
{Heap after GC invocations=31 (full 0):
 garbage-first heap   total 191488K, used 65128K [0x0000000080000000, 0x0000000100000000)
  region size 1024K, 6 young (6144K), 6 survivors (6144K)
 Metaspace       used 76699K, committed 77312K, reserved 1122304K
  class space    used 10452K, committed 10752K, reserved 1048576K
}
Event: 15.025 GC heap before
{Heap before GC invocations=31 (full 0):
 garbage-first heap   total 191488K, used 140904K [0x0000000080000000, 0x0000000100000000)
  region size 1024K, 81 young (82944K), 6 survivors (6144K)
 Metaspace       used 83755K, committed 84416K, reserved 1122304K
  class space    used 11444K, committed 11776K, reserved 1048576K
}
Event: 15.036 GC heap after
{Heap after GC invocations=32 (full 0):
 garbage-first heap   total 191488K, used 71680K [0x0000000080000000, 0x0000000100000000)
  region size 1024K, 7 young (7168K), 7 survivors (7168K)
 Metaspace       used 83755K, committed 84416K, reserved 1122304K
  class space    used 11444K, committed 11776K, reserved 1048576K
}
Event: 15.896 GC heap before
{Heap before GC invocations=32 (full 0):
 garbage-first heap   total 191488K, used 144384K [0x0000000080000000, 0x0000000100000000)
  region size 1024K, 79 young (80896K), 7 survivors (7168K)
 Metaspace       used 87106K, committed 87808K, reserved 1130496K
  class space    used 11841K, committed 12160K, reserved 1048576K
}
Event: 15.912 GC heap after
{Heap after GC invocations=33 (full 0):
 garbage-first heap   total 191488K, used 82561K [0x0000000080000000, 0x0000000100000000)
  region size 1024K, 10 young (10240K), 10 survivors (10240K)
 Metaspace       used 87106K, committed 87808K, reserved 1130496K
  class space    used 11841K, committed 12160K, reserved 1048576K
}
Event: 17.041 GC heap before
{Heap before GC invocations=34 (full 0):
 garbage-first heap   total 191488K, used 146049K [0x0000000080000000, 0x0000000100000000)
  region size 1024K, 73 young (74752K), 10 survivors (10240K)
 Metaspace       used 90158K, committed 90880K, reserved 1130496K
  class space    used 12190K, committed 12544K, reserved 1048576K
}
Event: 17.054 GC heap after
{Heap after GC invocations=35 (full 0):
 garbage-first heap   total 191488K, used 88522K [0x0000000080000000, 0x0000000100000000)
  region size 1024K, 7 young (7168K), 7 survivors (7168K)
 Metaspace       used 90158K, committed 90880K, reserved 1130496K
  class space    used 12190K, committed 12544K, reserved 1048576K
}
Event: 17.094 GC heap before
{Heap before GC invocations=35 (full 0):
 garbage-first heap   total 191488K, used 90570K [0x0000000080000000, 0x0000000100000000)
  region size 1024K, 9 young (9216K), 7 survivors (7168K)
 Metaspace       used 90207K, committed 90880K, reserved 1130496K
  class space    used 12190K, committed 12544K, reserved 1048576K
}
Event: 17.105 GC heap after
{Heap after GC invocations=36 (full 0):
 garbage-first heap   total 191488K, used 89365K [0x0000000080000000, 0x0000000100000000)
  region size 1024K, 2 young (2048K), 2 survivors (2048K)
 Metaspace       used 90207K, committed 90880K, reserved 1130496K
  class space    used 12190K, committed 12544K, reserved 1048576K
}
Event: 17.352 GC heap before
{Heap before GC invocations=36 (full 0):
 garbage-first heap   total 191488K, used 102677K [0x0000000080000000, 0x0000000100000000)
  region size 1024K, 16 young (16384K), 2 survivors (2048K)
 Metaspace       used 90288K, committed 90944K, reserved 1130496K
  class space    used 12190K, committed 12544K, reserved 1048576K
}
Event: 17.357 GC heap after
{Heap after GC invocations=37 (full 0):
 garbage-first heap   total 191488K, used 94071K [0x0000000080000000, 0x0000000100000000)
  region size 1024K, 7 young (7168K), 7 survivors (7168K)
 Metaspace       used 90288K, committed 90944K, reserved 1130496K
  class space    used 12190K, committed 12544K, reserved 1048576K
}
Event: 18.502 GC heap before
{Heap before GC invocations=38 (full 0):
 garbage-first heap   total 191488K, used 152439K [0x0000000080000000, 0x0000000100000000)
  region size 1024K, 54 young (55296K), 7 survivors (7168K)
 Metaspace       used 91337K, committed 92032K, reserved 1130496K
  class space    used 12288K, committed 12608K, reserved 1048576K
}
Event: 18.516 GC heap after
{Heap after GC invocations=39 (full 0):
 garbage-first heap   total 191488K, used 109209K [0x0000000080000000, 0x0000000100000000)
  region size 1024K, 7 young (7168K), 7 survivors (7168K)
 Metaspace       used 91337K, committed 92032K, reserved 1130496K
  class space    used 12288K, committed 12608K, reserved 1048576K
}
Event: 18.574 GC heap before
{Heap before GC invocations=39 (full 0):
 garbage-first heap   total 191488K, used 110233K [0x0000000080000000, 0x0000000100000000)
  region size 1024K, 9 young (9216K), 7 survivors (7168K)
 Metaspace       used 91362K, committed 92032K, reserved 1130496K
  class space    used 12288K, committed 12608K, reserved 1048576K
}
Event: 18.581 GC heap after
{Heap after GC invocations=40 (full 0):
 garbage-first heap   total 191488K, used 109545K [0x0000000080000000, 0x0000000100000000)
  region size 1024K, 1 young (1024K), 1 survivors (1024K)
 Metaspace       used 91362K, committed 92032K, reserved 1130496K
  class space    used 12288K, committed 12608K, reserved 1048576K
}
Event: 19.400 GC heap before
{Heap before GC invocations=40 (full 0):
 garbage-first heap   total 191488K, used 142313K [0x0000000080000000, 0x0000000100000000)
  region size 1024K, 34 young (34816K), 1 survivors (1024K)
 Metaspace       used 94239K, committed 94976K, reserved 1138688K
  class space    used 12641K, committed 12992K, reserved 1048576K
}

Dll operation events (2 events):
Event: 0.011 Loaded shared library C:\Program Files\Android\Android Studio\jbr\bin\java.dll
Event: 0.577 Loaded shared library C:\Program Files\Android\Android Studio\jbr\bin\verify.dll

Deoptimization events (20 events):
Event: 19.355 Thread 0x000001e7188f6470 Uncommon trap: trap_request=0xffffffde fr.pc=0x000001e70813e088 relative=0x0000000000000268
Event: 19.355 Thread 0x000001e7188f6470 Uncommon trap: reason=class_check action=maybe_recompile pc=0x000001e70813e088 method=org.apache.xerces.dom.ElementImpl.getAttributes()Lorg/w3c/dom/NamedNodeMap; @ 8 c2
Event: 19.355 Thread 0x000001e7188f6470 DEOPT PACKING pc=0x000001e70813e088 sp=0x0000006a7a9f9580
Event: 19.355 Thread 0x000001e7188f6470 DEOPT UNPACKING pc=0x000001e7075869a3 sp=0x0000006a7a9f9558 mode 2
Event: 19.361 Thread 0x000001e7188f6470 Uncommon trap: trap_request=0xffffffde fr.pc=0x000001e70813e088 relative=0x0000000000000268
Event: 19.361 Thread 0x000001e7188f6470 Uncommon trap: reason=class_check action=maybe_recompile pc=0x000001e70813e088 method=org.apache.xerces.dom.ElementImpl.getAttributes()Lorg/w3c/dom/NamedNodeMap; @ 8 c2
Event: 19.361 Thread 0x000001e7188f6470 DEOPT PACKING pc=0x000001e70813e088 sp=0x0000006a7a9f9580
Event: 19.361 Thread 0x000001e7188f6470 DEOPT UNPACKING pc=0x000001e7075869a3 sp=0x0000006a7a9f9558 mode 2
Event: 19.361 Thread 0x000001e7188f6470 Uncommon trap: trap_request=0xffffffde fr.pc=0x000001e70813e088 relative=0x0000000000000268
Event: 19.361 Thread 0x000001e7188f6470 Uncommon trap: reason=class_check action=maybe_recompile pc=0x000001e70813e088 method=org.apache.xerces.dom.ElementImpl.getAttributes()Lorg/w3c/dom/NamedNodeMap; @ 8 c2
Event: 19.361 Thread 0x000001e7188f6470 DEOPT PACKING pc=0x000001e70813e088 sp=0x0000006a7a9f9580
Event: 19.361 Thread 0x000001e7188f6470 DEOPT UNPACKING pc=0x000001e7075869a3 sp=0x0000006a7a9f9558 mode 2
Event: 19.361 Thread 0x000001e7188f6470 Uncommon trap: trap_request=0xffffffde fr.pc=0x000001e70813e088 relative=0x0000000000000268
Event: 19.361 Thread 0x000001e7188f6470 Uncommon trap: reason=class_check action=maybe_recompile pc=0x000001e70813e088 method=org.apache.xerces.dom.ElementImpl.getAttributes()Lorg/w3c/dom/NamedNodeMap; @ 8 c2
Event: 19.361 Thread 0x000001e7188f6470 DEOPT PACKING pc=0x000001e70813e088 sp=0x0000006a7a9f9580
Event: 19.361 Thread 0x000001e7188f6470 DEOPT UNPACKING pc=0x000001e7075869a3 sp=0x0000006a7a9f9558 mode 2
Event: 19.387 Thread 0x000001e7188f6470 Uncommon trap: trap_request=0xffffff45 fr.pc=0x000001e7080e45ec relative=0x000000000000052c
Event: 19.387 Thread 0x000001e7188f6470 Uncommon trap: reason=unstable_if action=reinterpret pc=0x000001e7080e45ec method=com.android.utils.XmlUtils.toXmlAttributeValue(Ljava/lang/String;)Ljava/lang/String; @ 33 c2
Event: 19.387 Thread 0x000001e7188f6470 DEOPT PACKING pc=0x000001e7080e45ec sp=0x0000006a7a9f9560
Event: 19.387 Thread 0x000001e7188f6470 DEOPT UNPACKING pc=0x000001e7075869a3 sp=0x0000006a7a9f9508 mode 2

Classes unloaded (2 events):
Event: 17.476 Thread 0x000001e7151fced0 Unloading class 0x0000000100c00800 'java/lang/invoke/LambdaForm$DMH+0x0000000100c00800'
Event: 17.476 Thread 0x000001e7151fced0 Unloading class 0x0000000100c00400 'java/lang/invoke/LambdaForm$DMH+0x0000000100c00400'

Classes redefined (0 events):
No events

Internal exceptions (20 events):
Event: 17.823 Thread 0x000001e7188f6470 Exception <a 'java/lang/NoSuchMethodError'{0x00000000896940b0}: static Lcom/android/ide/common/resources/GeneratedResourceMergerItem;.<clinit>()V> (0x00000000896940b0) 
thrown [s\src\hotspot\share\prims\jni.cpp, line 1108]
Event: 17.823 Thread 0x000001e7188f6470 Exception <a 'java/lang/NoSuchMethodError'{0x0000000089696ec0}: static Lcom/android/ide/common/resources/SourcelessResourceMergerItem;.<clinit>()V> (0x0000000089696ec0) 
thrown [s\src\hotspot\share\prims\jni.cpp, line 1108]
Event: 17.824 Thread 0x000001e7188f6470 Exception <a 'java/lang/NoSuchMethodError'{0x000000008969ba78}: static Lcom/android/ide/common/resources/DataItem;.<clinit>()V> (0x000000008969ba78) 
thrown [s\src\hotspot\share\prims\jni.cpp, line 1108]
Event: 17.824 Thread 0x000001e7188f6470 Exception <a 'java/lang/NoSuchMethodError'{0x00000000896a7058}: static Lcom/android/ide/common/resources/DataItem;.<clinit>()V> (0x00000000896a7058) 
thrown [s\src\hotspot\share\prims\jni.cpp, line 1108]
Event: 17.826 Thread 0x000001e7188f6470 Exception <a 'java/lang/NoSuchMethodError'{0x00000000896d1d28}: static Ljava/lang/Object;.<clinit>()V> (0x00000000896d1d28) 
thrown [s\src\hotspot\share\prims\jni.cpp, line 1108]
Event: 17.831 Thread 0x000001e7188f6470 Exception <a 'java/lang/NoSuchMethodError'{0x0000000089513288}: static Ljava/lang/Object;.<clinit>()V> (0x0000000089513288) 
thrown [s\src\hotspot\share\prims\jni.cpp, line 1108]
Event: 17.832 Thread 0x000001e7188f6470 Exception <a 'java/lang/NoSuchMethodError'{0x0000000089529078}: static [Lcom/android/ide/common/resources/configuration/ResourceQualifier;.<clinit>()V> (0x0000000089529078) 
thrown [s\src\hotspot\share\prims\jni.cpp, line 1108]
Event: 17.834 Thread 0x000001e7188f6470 Exception <a 'java/lang/NoSuchMethodError'{0x0000000089562658}: static Lcom/android/ide/common/resources/configuration/EnumBasedResourceQualifier;.<clinit>()V> (0x0000000089562658) 
thrown [s\src\hotspot\share\prims\jni.cpp, line 1108]
Event: 17.834 Thread 0x000001e7188f6470 Exception <a 'java/lang/NoSuchMethodError'{0x0000000089565d00}: static Lcom/android/ide/common/resources/configuration/EnumBasedResourceQualifier;.<clinit>()V> (0x0000000089565d00) 
thrown [s\src\hotspot\share\prims\jni.cpp, line 1108]
Event: 17.834 Thread 0x000001e7188f6470 Exception <a 'java/lang/NoSuchMethodError'{0x0000000089568bc0}: static Lcom/android/ide/common/resources/configuration/ResourceQualifier;.<clinit>()V> (0x0000000089568bc0) 
thrown [s\src\hotspot\share\prims\jni.cpp, line 1108]
Event: 17.835 Thread 0x000001e7188f6470 Exception <a 'java/lang/NoSuchMethodError'{0x00000000895829b0}: static Lcom/android/ide/common/resources/configuration/EnumBasedResourceQualifier;.<clinit>()V> (0x00000000895829b0) 
thrown [s\src\hotspot\share\prims\jni.cpp, line 1108]
Event: 17.836 Thread 0x000001e7188f6470 Exception <a 'java/lang/NoSuchMethodError'{0x000000008959b868}: static Lcom/android/ide/common/resources/configuration/EnumBasedResourceQualifier;.<clinit>()V> (0x000000008959b868) 
thrown [s\src\hotspot\share\prims\jni.cpp, line 1108]
Event: 17.837 Thread 0x000001e7188f6470 Exception <a 'java/lang/NoSuchMethodError'{0x00000000895b1bf0}: static Lcom/android/ide/common/resources/configuration/ResourceQualifier;.<clinit>()V> (0x00000000895b1bf0) 
thrown [s\src\hotspot\share\prims\jni.cpp, line 1108]
Event: 17.839 Thread 0x000001e7188f6470 Exception <a 'java/lang/NoSuchMethodError'{0x00000000895d1ac8}: static Lcom/android/ide/common/rendering/api/ResourceNamespace$ResAutoNamespace;.<clinit>()V> (0x00000000895d1ac8) 
thrown [s\src\hotspot\share\prims\jni.cpp, line 1108]
Event: 17.839 Thread 0x000001e7188f6470 Exception <a 'java/lang/NoSuchMethodError'{0x00000000895d52e8}: static Ljava/lang/Object;.<clinit>()V> (0x00000000895d52e8) 
thrown [s\src\hotspot\share\prims\jni.cpp, line 1108]
Event: 17.841 Thread 0x000001e7188f6470 Exception <a 'java/lang/NoSuchMethodError'{0x00000000895fa8a0}: static Lcom/android/build/gradle/tasks/MergeResources$MergeResourcesVectorDrawableRenderer;.<clinit>()V> (0x00000000895fa8a0) 
thrown [s\src\hotspot\share\prims\jni.cpp, line 1108]
Event: 17.841 Thread 0x000001e7188f6470 Exception <a 'java/lang/NoSuchMethodError'{0x00000000895fd588}: static Ljava/lang/Object;.<clinit>()V> (0x00000000895fd588) 
thrown [s\src\hotspot\share\prims\jni.cpp, line 1108]
Event: 17.842 Thread 0x000001e7188f6470 Exception <a 'java/lang/NoSuchMethodError'{0x0000000089411ee0}: static Lcom/android/build/gradle/internal/LoggerWrapper$LoggerSupplier;.<clinit>()V> (0x0000000089411ee0) 
thrown [s\src\hotspot\share\prims\jni.cpp, line 1108]
Event: 17.943 Thread 0x000001e7188f6470 Implicit null exception at 0x000001e7080be234 to 0x000001e7080be8ec
Event: 18.710 Thread 0x000001e7188f6470 Exception <a 'java/lang/NoSuchMethodError'{0x000000008b526b08}: 'java.lang.Object java.lang.invoke.Invokers$Holder.invoke_MT(java.lang.Object, java.lang.Object, java.lang.Object)'> (0x000000008b526b08) 
thrown [s\src\hotspot\share\interpreter\linkResolver.cpp, line 771]

VM Operations (20 events):
Event: 18.662 Executing VM operation: HandshakeAllThreads done
Event: 18.664 Executing VM operation: HandshakeAllThreads
Event: 18.664 Executing VM operation: HandshakeAllThreads done
Event: 18.669 Executing VM operation: HandshakeAllThreads
Event: 18.669 Executing VM operation: HandshakeAllThreads done
Event: 18.688 Executing VM operation: HandshakeAllThreads
Event: 18.688 Executing VM operation: HandshakeAllThreads done
Event: 18.688 Executing VM operation: HandshakeAllThreads
Event: 18.688 Executing VM operation: HandshakeAllThreads done
Event: 18.695 Executing VM operation: HandshakeAllThreads
Event: 18.695 Executing VM operation: HandshakeAllThreads done
Event: 18.696 Executing VM operation: HandshakeAllThreads
Event: 18.696 Executing VM operation: HandshakeAllThreads done
Event: 18.698 Executing VM operation: HandshakeAllThreads
Event: 18.698 Executing VM operation: HandshakeAllThreads done
Event: 18.855 Executing VM operation: ICBufferFull
Event: 18.855 Executing VM operation: ICBufferFull done
Event: 19.367 Executing VM operation: ICBufferFull
Event: 19.367 Executing VM operation: ICBufferFull done
Event: 19.400 Executing VM operation: G1TryInitiateConcMark

Events (20 events):
Event: 18.710 loading class jdk/internal/misc/ExtendedMapMode
Event: 18.710 loading class jdk/internal/misc/ExtendedMapMode done
Event: 18.710 loading class sun/nio/ch/FileChannelImpl$DefaultUnmapper
Event: 18.711 loading class sun/nio/ch/FileChannelImpl$Unmapper
Event: 18.711 loading class jdk/internal/access/foreign/UnmapperProxy
Event: 18.711 loading class jdk/internal/access/foreign/UnmapperProxy done
Event: 18.711 loading class sun/nio/ch/FileChannelImpl$Unmapper done
Event: 18.711 loading class sun/nio/ch/FileChannelImpl$DefaultUnmapper done
Event: 18.711 loading class sun/nio/ch/Util$4
Event: 18.711 loading class sun/nio/ch/Util$4 done
Event: 18.715 loading class java/util/EmptyStackException
Event: 18.715 loading class java/util/EmptyStackException done
Event: 18.720 loading class java/io/InvalidClassException
Event: 18.720 loading class java/io/InvalidClassException done
Event: 19.323 loading class javax/xml/transform/stream/StreamResult
Event: 19.323 loading class javax/xml/transform/stream/StreamResult done
Event: 19.323 loading class javax/xml/transform/sax/SAXResult
Event: 19.323 loading class javax/xml/transform/sax/SAXResult done
Event: 19.323 loading class javax/xml/transform/dom/DOMResult
Event: 19.323 loading class javax/xml/transform/dom/DOMResult done


Dynamic libraries:
0x00007ff6a5be0000 - 0x00007ff6a5bea000 	C:\Program Files\Android\Android Studio\jbr\bin\java.exe
0x00007ffc2edb0000 - 0x00007ffc2efa8000 	C:\WINDOWS\SYSTEM32\ntdll.dll
0x00007ffc2eb10000 - 0x00007ffc2ebcf000 	C:\WINDOWS\System32\KERNEL32.DLL
0x00007ffc2c9c0000 - 0x00007ffc2ccb6000 	C:\WINDOWS\System32\KERNELBASE.dll
0x00007ffc2c8c0000 - 0x00007ffc2c9c0000 	C:\WINDOWS\System32\ucrtbase.dll
0x00007ffc0fc80000 - 0x00007ffc0fc97000 	C:\Program Files\Android\Android Studio\jbr\bin\jli.dll
0x00007ffc2ebd0000 - 0x00007ffc2ed6d000 	C:\WINDOWS\System32\USER32.dll
0x00007ffc2c6a0000 - 0x00007ffc2c6c2000 	C:\WINDOWS\System32\win32u.dll
0x00007ffc2ea10000 - 0x00007ffc2ea3c000 	C:\WINDOWS\System32\GDI32.dll
0x00007ffc2ccc0000 - 0x00007ffc2cdd5000 	C:\WINDOWS\System32\gdi32full.dll
0x00007ffc2c820000 - 0x00007ffc2c8bd000 	C:\WINDOWS\System32\msvcp_win.dll
0x00007ffc107e0000 - 0x00007ffc107fb000 	C:\Program Files\Android\Android Studio\jbr\bin\VCRUNTIME140.dll
0x00007ffc124a0000 - 0x00007ffc1273a000 	C:\WINDOWS\WinSxS\amd64_microsoft.windows.common-controls_6595b64144ccf1df_6.0.19041.1110_none_60b5254171f9507e\COMCTL32.dll
0x00007ffc2d440000 - 0x00007ffc2d4de000 	C:\WINDOWS\System32\msvcrt.dll
0x00007ffc2e0a0000 - 0x00007ffc2e0d0000 	C:\WINDOWS\System32\IMM32.DLL
0x00007ffc1a2b0000 - 0x00007ffc1a2bc000 	C:\Program Files\Android\Android Studio\jbr\bin\vcruntime140_1.dll
0x00007ffc08fd0000 - 0x00007ffc0905d000 	C:\Program Files\Android\Android Studio\jbr\bin\msvcp140.dll
0x00007ffbc8ab0000 - 0x00007ffbc971e000 	C:\Program Files\Android\Android Studio\jbr\bin\server\jvm.dll
0x00007ffc2e200000 - 0x00007ffc2e2af000 	C:\WINDOWS\System32\ADVAPI32.dll
0x00007ffc2ce10000 - 0x00007ffc2ceac000 	C:\WINDOWS\System32\sechost.dll
0x00007ffc2dcf0000 - 0x00007ffc2de16000 	C:\WINDOWS\System32\RPCRT4.dll
0x00007ffc0ae40000 - 0x00007ffc0ae49000 	C:\WINDOWS\SYSTEM32\WSOCK32.dll
0x00007ffc2e940000 - 0x00007ffc2e9ab000 	C:\WINDOWS\System32\WS2_32.dll
0x00007ffc24090000 - 0x00007ffc240b7000 	C:\WINDOWS\SYSTEM32\WINMM.dll
0x00007ffc259b0000 - 0x00007ffc259ba000 	C:\WINDOWS\SYSTEM32\VERSION.dll
0x00007ffc2a350000 - 0x00007ffc2a362000 	C:\WINDOWS\SYSTEM32\kernel.appcore.dll
0x00007ffc28030000 - 0x00007ffc2803a000 	C:\Program Files\Android\Android Studio\jbr\bin\jimage.dll
0x00007ffc25b30000 - 0x00007ffc25d14000 	C:\WINDOWS\SYSTEM32\DBGHELP.DLL
0x00007ffc20360000 - 0x00007ffc20394000 	C:\WINDOWS\SYSTEM32\dbgcore.DLL
0x00007ffc2c6d0000 - 0x00007ffc2c752000 	C:\WINDOWS\System32\bcryptPrimitives.dll
0x00007ffc1d300000 - 0x00007ffc1d325000 	C:\Program Files\Android\Android Studio\jbr\bin\java.dll
0x00007ffc1d010000 - 0x00007ffc1d028000 	C:\Program Files\Android\Android Studio\jbr\bin\zip.dll
0x00007ffc2d5a0000 - 0x00007ffc2dce4000 	C:\WINDOWS\System32\SHELL32.dll
0x00007ffc2a550000 - 0x00007ffc2ace3000 	C:\WINDOWS\SYSTEM32\windows.storage.dll
0x00007ffc2e550000 - 0x00007ffc2e8a4000 	C:\WINDOWS\System32\combase.dll
0x00007ffc2be00000 - 0x00007ffc2be2e000 	C:\WINDOWS\SYSTEM32\Wldp.dll
0x00007ffc2dfd0000 - 0x00007ffc2e07d000 	C:\WINDOWS\System32\SHCORE.dll
0x00007ffc2e9b0000 - 0x00007ffc2ea05000 	C:\WINDOWS\System32\shlwapi.dll
0x00007ffc2c3c0000 - 0x00007ffc2c3e5000 	C:\WINDOWS\SYSTEM32\profapi.dll
0x00007ffc12930000 - 0x00007ffc12949000 	C:\Program Files\Android\Android Studio\jbr\bin\net.dll
0x00007ffc25a20000 - 0x00007ffc25b2a000 	C:\WINDOWS\SYSTEM32\WINHTTP.dll
0x00007ffc2bb60000 - 0x00007ffc2bbca000 	C:\WINDOWS\system32\mswsock.dll
0x00007ffc0fca0000 - 0x00007ffc0fcb6000 	C:\Program Files\Android\Android Studio\jbr\bin\nio.dll
0x00007ffc28020000 - 0x00007ffc28030000 	C:\Program Files\Android\Android Studio\jbr\bin\verify.dll
0x00007ffc0aff0000 - 0x00007ffc0b017000 	C:\Users\Pichau\.gradle\native\68d5fa5c4cc2d200863cafc0d521ce42e7d3e7ee720ec0a83991735586a16f82\windows-amd64\native-platform.dll
0x00007ffbf9f60000 - 0x00007ffbfa0a4000 	C:\Users\Pichau\.gradle\native\e376f236ea51e6404a007f0833ffe2c6e607c4080706a723a18a27aeea778392\windows-amd64\native-platform-file-events.dll
0x00007ffc27fd0000 - 0x00007ffc27fd9000 	C:\Program Files\Android\Android Studio\jbr\bin\management.dll
0x00007ffc21470000 - 0x00007ffc2147b000 	C:\Program Files\Android\Android Studio\jbr\bin\management_ext.dll
0x00007ffc2e930000 - 0x00007ffc2e938000 	C:\WINDOWS\System32\PSAPI.DLL
0x00007ffc2bd50000 - 0x00007ffc2bd68000 	C:\WINDOWS\SYSTEM32\CRYPTSP.dll
0x00007ffc2b470000 - 0x00007ffc2b4a4000 	C:\WINDOWS\system32\rsaenh.dll
0x00007ffc2cde0000 - 0x00007ffc2ce07000 	C:\WINDOWS\System32\bcrypt.dll
0x00007ffc2c340000 - 0x00007ffc2c36e000 	C:\WINDOWS\SYSTEM32\USERENV.dll
0x00007ffc2bd70000 - 0x00007ffc2bd7c000 	C:\WINDOWS\SYSTEM32\CRYPTBASE.dll
0x00007ffc2b850000 - 0x00007ffc2b88b000 	C:\WINDOWS\SYSTEM32\IPHLPAPI.DLL
0x00007ffc2e080000 - 0x00007ffc2e088000 	C:\WINDOWS\System32\NSI.dll
0x00007ffc269b0000 - 0x00007ffc269c7000 	C:\WINDOWS\SYSTEM32\dhcpcsvc6.DLL
0x00007ffc26990000 - 0x00007ffc269ad000 	C:\WINDOWS\SYSTEM32\dhcpcsvc.DLL
0x00007ffc2b890000 - 0x00007ffc2b95a000 	C:\WINDOWS\SYSTEM32\DNSAPI.dll
0x00007ffc12920000 - 0x00007ffc12927000 	C:\WINDOWS\system32\wshunix.dll

dbghelp: loaded successfully - version: 4.0.5 - missing functions: none
symbol engine: initialized successfully - sym options: 0x614 - pdb path: .;C:\Program Files\Android\Android Studio\jbr\bin;C:\WINDOWS\SYSTEM32;C:\WINDOWS\WinSxS\amd64_microsoft.windows.common-controls_6595b64144ccf1df_6.0.19041.1110_none_60b5254171f9507e;C:\Program Files\Android\Android Studio\jbr\bin\server;C:\Users\Pichau\.gradle\native\68d5fa5c4cc2d200863cafc0d521ce42e7d3e7ee720ec0a83991735586a16f82\windows-amd64;C:\Users\Pichau\.gradle\native\e376f236ea51e6404a007f0833ffe2c6e607c4080706a723a18a27aeea778392\windows-amd64

VM Arguments:
jvm_args: --add-opens=java.base/java.util=ALL-UNNAMED --add-opens=java.base/java.lang=ALL-UNNAMED --add-opens=java.base/java.lang.invoke=ALL-UNNAMED --add-opens=java.prefs/java.util.prefs=ALL-UNNAMED --add-opens=java.base/java.nio.charset=ALL-UNNAMED --add-opens=java.base/java.net=ALL-UNNAMED --add-opens=java.base/java.util.concurrent.atomic=ALL-UNNAMED -Xmx2048m -Dfile.encoding=UTF-8 -Duser.country=BR -Duser.language=pt -Duser.variant 
java_command: org.gradle.launcher.daemon.bootstrap.GradleDaemon 8.0
java_class_path (initial): C:\Users\Pichau\.gradle\wrapper\dists\gradle-8.0-bin\ca5e32bp14vu59qr306oxotwh\gradle-8.0\lib\gradle-launcher-8.0.jar
Launcher Type: SUN_STANDARD

[Global flags]
     intx CICompilerCount                          = 3                                         {product} {ergonomic}
     uint ConcGCThreads                            = 1                                         {product} {ergonomic}
     uint G1ConcRefinementThreads                  = 4                                         {product} {ergonomic}
   size_t G1HeapRegionSize                         = 1048576                                   {product} {ergonomic}
    uintx GCDrainStackTargetSize                   = 64                                        {product} {ergonomic}
   size_t InitialHeapSize                          = 234881024                                 {product} {ergonomic}
   size_t MarkStackSize                            = 4194304                                   {product} {ergonomic}
   size_t MaxHeapSize                              = 2147483648                                {product} {command line}
   size_t MaxNewSize                               = 1287651328                                {product} {ergonomic}
   size_t MinHeapDeltaBytes                        = 1048576                                   {product} {ergonomic}
   size_t MinHeapSize                              = 8388608                                   {product} {ergonomic}
    uintx NonNMethodCodeHeapSize                   = 5832780                                {pd product} {ergonomic}
    uintx NonProfiledCodeHeapSize                  = 122912730                              {pd product} {ergonomic}
    uintx ProfiledCodeHeapSize                     = 122912730                              {pd product} {ergonomic}
    uintx ReservedCodeCacheSize                    = 251658240                              {pd product} {ergonomic}
     bool SegmentedCodeCache                       = true                                      {product} {ergonomic}
   size_t SoftMaxHeapSize                          = 2147483648                             {manageable} {ergonomic}
     bool UseCompressedClassPointers               = true                           {product lp64_product} {ergonomic}
     bool UseCompressedOops                        = true                           {product lp64_product} {ergonomic}
     bool UseG1GC                                  = true                                      {product} {ergonomic}
     bool UseLargePagesIndividualAllocation        = false                                  {pd product} {ergonomic}

Logging:
Log output configuration:
 #0: stdout all=warning uptime,level,tags
 #1: stderr all=off uptime,level,tags

Environment Variables:
PATH=C:\WINDOWS\system32;C:\WINDOWS;C:\WINDOWS\System32\Wbem;C:\WINDOWS\System32\WindowsPowerShell\v1.0\;C:\WINDOWS\System32\OpenSSH\;C:\Program Files\Microsoft SQL Server\150\Tools\Binn\;C:\Program Files\Microsoft SQL Server\Client SDK\ODBC\170\Tools\Binn\;C:\Program Files\dotnet\;C:\Program Files\Microsoft SQL Server\Client SDK\ODBC\110\Tools\Binn\;C:\Program Files (x86)\Microsoft SQL Server\120\Tools\Binn\;C:\Program Files\Microsoft SQL Server\120\Tools\Binn\;C:\Program Files\Microsoft SQL Server\120\DTS\Binn\;C:\Program Files (x86)\Microsoft SQL Server\120\Tools\Binn\ManagementStudio\;C:\Program Files (x86)\Microsoft SQL Server\120\DTS\Binn\;C:\Users\Pichau\AppData\Local\Microsoft\WindowsApps;;C:\Users\Pichau\AppData\Local\Programs\Microsoft VS Code\bin;C:\Users\Pichau\.dotnet\tools
USERNAME=Tho
OS=Windows_NT
PROCESSOR_IDENTIFIER=AMD64 Family 23 Model 17 Stepping 0, AuthenticAMD
TMP=C:\Users\Pichau\AppData\Local\Temp
TEMP=C:\Users\Pichau\AppData\Local\Temp


JNI global refs:
JNI global refs: 26, weak refs: 10

JNI global refs memory usage: 843, weak refs: 841


---------------  S Y S T E M  ---------------

OS:
 Windows 10 , 64 bit Build 19041 (10.0.19041.3155)
OS uptime: 0 days 6:30 hours

CPU: total 4 (initial active 4) (4 cores per cpu, 1 threads per core) family 23 model 17 stepping 0 microcode 0x0, cx8, cmov, fxsr, mmx, 3dnowpref, sse, sse2, sse3, ssse3, sse4a, sse4.1, sse4.2, popcnt, lzcnt, tsc, tscinvbit, avx, avx2, aes, clmul, bmi1, bmi2, adx, sha, fma, vzeroupper, clflush, clflushopt

Memory: 4k page, system-wide physical 14264M (3240M free)
TotalPageFile size 14264M (AvailPageFile size 72M)
current process WorkingSet (physical memory assigned to process): 443M, peak: 450M
current process commit charge ("private bytes"): 508M, peak: 670M

vm_info: OpenJDK 64-Bit Server VM (17.0.6+0-b2043.56-10027231) for windows-amd64 JRE (17.0.6+0-b2043.56-10027231), built on Apr 28 2023 00:43:19 by "androidbuild" with MS VC++ 16.10 / 16.11 (VS2019)

END.
