#
# There is insufficient memory for the Java Runtime Environment to continue.
# Native memory allocation (mmap) failed to map 296747008 bytes for G1 virtual space
# Possible reasons:
#   The system is out of physical RAM or swap space
#   The process is running with CompressedOops enabled, and the Java Heap may be blocking the growth of the native heap
# Possible solutions:
#   Reduce memory load on the system
#   Increase physical memory or swap space
#   Check if swap backing store is full
#   Decrease Java heap size (-Xmx/-Xms)
#   Decrease number of Java threads
#   Decrease Java thread stack sizes (-Xss)
#   Set larger code cache with -XX:ReservedCodeCacheSize=
#   JVM is running with Unscaled Compressed Oops mode in which the Java heap is
#     placed in the first 4GB address space. The Java Heap base address is the
#     maximum limit for the native heap growth. Please use -XX:HeapBaseMinAddress
#     to set the Java Heap base and to place the Java Heap above 4GB virtual address.
# This output file may be truncated or incomplete.
#
#  Out of Memory Error (os_windows.cpp:3769), pid=7124, tid=228
#
# JRE version: OpenJDK Runtime Environment (17.0.6) (build 17.0.6+0-b2043.56-10027231)
# Java VM: OpenJDK 64-Bit Server VM (17.0.6+0-b2043.56-10027231, mixed mode, tiered, compressed oops, compressed class ptrs, g1 gc, windows-amd64)
# No core dump will be written. Minidumps are not enabled by default on client versions of Windows
#

---------------  S U M M A R Y ------------

Command Line: --add-opens=java.base/java.util=ALL-UNNAMED --add-opens=java.base/java.lang=ALL-UNNAMED --add-opens=java.base/java.lang.invoke=ALL-UNNAMED --add-opens=java.prefs/java.util.prefs=ALL-UNNAMED --add-opens=java.base/java.nio.charset=ALL-UNNAMED --add-opens=java.base/java.net=ALL-UNNAMED --add-opens=java.base/java.util.concurrent.atomic=ALL-UNNAMED -Xmx2048m -Dfile.encoding=UTF-8 -Duser.country=BR -Duser.language=pt -Duser.variant org.gradle.launcher.daemon.bootstrap.GradleDaemon 8.0

Host: AMD Ryzen 3 2200G with Radeon Vega Graphics    , 4 cores, 13G,  Windows 10 , 64 bit Build 19041 (10.0.19041.3393)
Time: Sun Oct  1 16:03:48 2023 Hora oficial do Brasil elapsed time: 1875.942482 seconds (0d 0h 31m 15s)

---------------  T H R E A D  ---------------

Current thread (0x00000209153086b0):  VMThread "VM Thread" [stack: 0x000000bddbe00000,0x000000bddbf00000] [id=228]

Stack: [0x000000bddbe00000,0x000000bddbf00000]
Native frames: (J=compiled Java code, j=interpreted, Vv=VM code, C=native code)
V  [jvm.dll+0x683c9a]
V  [jvm.dll+0x8427a4]
V  [jvm.dll+0x843f9e]
V  [jvm.dll+0x844603]
V  [jvm.dll+0x249b75]
V  [jvm.dll+0x680b69]
V  [jvm.dll+0x67505a]
V  [jvm.dll+0x309acb]
V  [jvm.dll+0x310f86]
V  [jvm.dll+0x3608ee]
V  [jvm.dll+0x360b1f]
V  [jvm.dll+0x2dfbf8]
V  [jvm.dll+0x2ddec4]
V  [jvm.dll+0x2dd4cc]
V  [jvm.dll+0x322261]
V  [jvm.dll+0x848ccb]
V  [jvm.dll+0x849a04]
V  [jvm.dll+0x849f1d]
V  [jvm.dll+0x84a2f4]
V  [jvm.dll+0x84a3c0]
V  [jvm.dll+0x7f274a]
V  [jvm.dll+0x682ad5]
C  [ucrtbase.dll+0x21bb2]
C  [KERNEL32.DLL+0x17344]
C  [ntdll.dll+0x526b1]

VM_Operation (0x000000bdde2fc850): G1TryInitiateConcMark, mode: safepoint, requested by thread 0x0000020915f02500


---------------  P R O C E S S  ---------------

Threads class SMR info:
_java_thread_list=0x000002091e546270, length=99, elements={
0x0000020979c793e0, 0x0000020915c31610, 0x00000209152f79a0, 0x0000020915302f90,
0x0000020915303950, 0x0000020915304210, 0x0000020915304ad0, 0x0000020915c1a330,
0x0000020915c1efc0, 0x000002091530c640, 0x0000020915dbe800, 0x0000020915dd33c0,
0x0000020918e90d60, 0x0000020918628460, 0x0000020917149ce0, 0x00000209170db900,
0x00000209170da0f0, 0x00000209170dbdd0, 0x00000209170daa90, 0x00000209170daf60,
0x00000209170dc770, 0x000002091ad26cd0, 0x000002091ad2ab60, 0x000002091ad24180,
0x000002091ad284e0, 0x000002091ad254c0, 0x000002091b267590, 0x000002091e4fafc0,
0x0000020918c6da30, 0x000002091a8ff230, 0x000002091a900a40, 0x000002091a8fdef0,
0x0000020918c6ed70, 0x0000020918c6f240, 0x0000020918c70a50, 0x0000020918c6d090,
0x00000209214c8020, 0x0000020918c6e3d0, 0x0000020918c700b0, 0x0000020918c6df00,
0x0000020918c6e8a0, 0x0000020920d05e20, 0x0000020920d032d0, 0x0000020920d062f0,
0x0000020920d02930, 0x0000020920d04ae0, 0x0000020920d037a0, 0x0000020920d04140,
0x0000020920d02e00, 0x0000020920d03c70, 0x0000020920d04fb0, 0x0000020920d05480,
0x00000209212f70f0, 0x00000209212f6c20, 0x00000209212f5db0, 0x00000209212f4a70,
0x00000209212f40d0, 0x00000209212f5410, 0x00000209212f75c0, 0x00000209212f58e0,
0x000002091b4b44c0, 0x000002091b4b3ff0, 0x000002091b4b4e60, 0x000002091b4b5800,
0x000002091b4b4990, 0x000002091e4cdaf0, 0x000002091e4cee30, 0x000002091e4d0170,
0x000002091e4cdfc0, 0x000002091e4ce960, 0x000002091e4cd150, 0x000002091e4cf7d0,
0x000002091e4cf300, 0x000002091e4cfca0, 0x000002091e4ce490, 0x000002091e4cc7b0,
0x000002091e4ccc80, 0x000002091e4cd620, 0x000002091b192320, 0x000002091b18fca0,
0x000002091b1914b0, 0x00000209214c6810, 0x0000020918c70580, 0x0000020918c6d560,
0x0000020915f01690, 0x0000020915f03840, 0x0000020915f011c0, 0x000002091b190640,
0x000002091a8fe890, 0x000002091a900570, 0x000002091a8fcbb0, 0x000002091a9000a0,
0x000002091a900f10, 0x000002091a8fb3a0, 0x000002091a8fb870, 0x000002091a9018b0,
0x000002091a8fd080, 0x0000020915f02500, 0x000002092092aed0
}

Java Threads: ( => current thread )
  0x0000020979c793e0 JavaThread "main" [_thread_blocked, id=9120, stack(0x000000bddb700000,0x000000bddb800000)]
  0x0000020915c31610 JavaThread "Reference Handler" daemon [_thread_blocked, id=8916, stack(0x000000bddbf00000,0x000000bddc000000)]
  0x00000209152f79a0 JavaThread "Finalizer" daemon [_thread_blocked, id=5220, stack(0x000000bddc000000,0x000000bddc100000)]
  0x0000020915302f90 JavaThread "Signal Dispatcher" daemon [_thread_blocked, id=9688, stack(0x000000bddc100000,0x000000bddc200000)]
  0x0000020915303950 JavaThread "Attach Listener" daemon [_thread_blocked, id=10024, stack(0x000000bddc200000,0x000000bddc300000)]
  0x0000020915304210 JavaThread "Service Thread" daemon [_thread_blocked, id=6480, stack(0x000000bddc300000,0x000000bddc400000)]
  0x0000020915304ad0 JavaThread "Monitor Deflation Thread" daemon [_thread_blocked, id=1832, stack(0x000000bddc400000,0x000000bddc500000)]
  0x0000020915c1a330 JavaThread "C2 CompilerThread0" daemon [_thread_blocked, id=3924, stack(0x000000bddc500000,0x000000bddc600000)]
  0x0000020915c1efc0 JavaThread "C1 CompilerThread0" daemon [_thread_blocked, id=3932, stack(0x000000bddc600000,0x000000bddc700000)]
  0x000002091530c640 JavaThread "Sweeper thread" daemon [_thread_blocked, id=1668, stack(0x000000bddc700000,0x000000bddc800000)]
  0x0000020915dbe800 JavaThread "Common-Cleaner" daemon [_thread_blocked, id=6720, stack(0x000000bddc800000,0x000000bddc900000)]
  0x0000020915dd33c0 JavaThread "Notification Thread" daemon [_thread_blocked, id=9912, stack(0x000000bddc900000,0x000000bddca00000)]
  0x0000020918e90d60 JavaThread "Daemon health stats" [_thread_blocked, id=4660, stack(0x000000bddcf00000,0x000000bddd000000)]
  0x0000020918628460 JavaThread "Incoming local TCP Connector on port 51904" [_thread_in_native, id=2400, stack(0x000000bddd000000,0x000000bddd100000)]
  0x0000020917149ce0 JavaThread "Daemon periodic checks" [_thread_blocked, id=2368, stack(0x000000bddd100000,0x000000bddd200000)]
  0x00000209170db900 JavaThread "Cache worker for journal cache (C:\Users\Pichau\.gradle\caches\journal-1)" [_thread_blocked, id=6160, stack(0x000000bddd900000,0x000000bddda00000)]
  0x00000209170da0f0 JavaThread "File lock request listener" [_thread_in_native, id=3580, stack(0x000000bddda00000,0x000000bdddb00000)]
  0x00000209170dbdd0 JavaThread "Cache worker for file hash cache (C:\Users\Pichau\.gradle\caches\8.0\fileHashes)" [_thread_blocked, id=9388, stack(0x000000bdddb00000,0x000000bdddc00000)]
  0x00000209170daa90 JavaThread "File watcher server" daemon [_thread_blocked, id=8040, stack(0x000000bdddc00000,0x000000bdddd00000)]
  0x00000209170daf60 JavaThread "File watcher consumer" daemon [_thread_blocked, id=5656, stack(0x000000bdddd00000,0x000000bddde00000)]
  0x00000209170dc770 JavaThread "Cache worker for file content cache (C:\Users\Pichau\.gradle\caches\8.0\fileContent)" [_thread_blocked, id=8064, stack(0x000000bdddf00000,0x000000bdde000000)]
  0x000002091ad26cd0 JavaThread "Cache worker for execution history cache (C:\Users\Pichau\.gradle\caches\8.0\executionHistory)" [_thread_blocked, id=8960, stack(0x000000bdde300000,0x000000bdde400000)]
  0x000002091ad2ab60 JavaThread "jar transforms" [_thread_blocked, id=132, stack(0x000000bdde400000,0x000000bdde500000)]
  0x000002091ad24180 JavaThread "jar transforms Thread 2" [_thread_blocked, id=6852, stack(0x000000bdde500000,0x000000bdde600000)]
  0x000002091ad284e0 JavaThread "jar transforms Thread 3" [_thread_blocked, id=5924, stack(0x000000bdde700000,0x000000bdde800000)]
  0x000002091ad254c0 JavaThread "jar transforms Thread 4" [_thread_blocked, id=3812, stack(0x000000bdde800000,0x000000bdde900000)]
  0x000002091b267590 JavaThread "Memory manager" [_thread_blocked, id=660, stack(0x000000bde1400000,0x000000bde1500000)]
  0x000002091e4fafc0 JavaThread "Cache worker for Java compile cache (C:\Users\Pichau\.gradle\caches\8.0\javaCompile)" [_thread_blocked, id=5856, stack(0x000000bde1b00000,0x000000bde1c00000)]
  0x0000020918c6da30 JavaThread "Daemon Thread 6" [_thread_blocked, id=8820, stack(0x000000bddb600000,0x000000bddb700000)]
  0x000002091a8ff230 JavaThread "Handler for socket connection from /127.0.0.1:51904 to /127.0.0.1:52665" [_thread_in_native, id=4568, stack(0x000000bddb800000,0x000000bddb900000)]
  0x000002091a900a40 JavaThread "Cancel handler" [_thread_blocked, id=4116, stack(0x000000bddcb00000,0x000000bddcc00000)]
  0x000002091a8fdef0 JavaThread "Daemon worker Thread 6" [_thread_blocked, id=6344, stack(0x000000bddd200000,0x000000bddd300000)]
  0x0000020918c6ed70 JavaThread "Asynchronous log dispatcher for DefaultDaemonConnection: socket connection from /127.0.0.1:51904 to /127.0.0.1:52665" [_thread_blocked, id=8740, stack(0x000000bddd300000,0x000000bddd400000)]
  0x0000020918c6f240 JavaThread "Stdin handler" [_thread_blocked, id=7696, stack(0x000000bddd400000,0x000000bddd500000)]
  0x0000020918c70a50 JavaThread "Daemon client event forwarder" [_thread_blocked, id=3632, stack(0x000000bddd500000,0x000000bddd600000)]
  0x0000020918c6d090 JavaThread "Cache worker for checksums cache (C:\Users\Pichau\AndroidStudioProjects\Tcc_funcionario\Tcc_funcionario\.gradle\8.0\checksums)" [_thread_blocked, id=9452, stack(0x000000bddd600000,0x000000bddd700000)]
  0x00000209214c8020 JavaThread "Cache worker for cache directory md-rule (C:\Users\Pichau\.gradle\caches\8.0\md-rule)" [_thread_blocked, id=1616, stack(0x000000bddd700000,0x000000bddd800000)]
  0x0000020918c6e3d0 JavaThread "Cache worker for file hash cache (C:\Users\Pichau\AndroidStudioProjects\Tcc_funcionario\Tcc_funcionario\.gradle\8.0\fileHashes)" [_thread_blocked, id=5372, stack(0x000000bddd800000,0x000000bddd900000)]
  0x0000020918c700b0 JavaThread "Cache worker for cache directory md-supplier (C:\Users\Pichau\.gradle\caches\8.0\md-supplier)" [_thread_blocked, id=5248, stack(0x000000bddde00000,0x000000bdddf00000)]
  0x0000020918c6df00 JavaThread "Cache worker for dependencies-accessors (C:\Users\Pichau\AndroidStudioProjects\Tcc_funcionario\Tcc_funcionario\.gradle\8.0\dependencies-accessors)" [_thread_blocked, id=7068, stack(0x000000bdde000000,0x000000bdde100000)]
  0x0000020918c6e8a0 JavaThread "Cache worker for Build Output Cleanup Cache (C:\Users\Pichau\AndroidStudioProjects\Tcc_funcionario\Tcc_funcionario\.gradle\buildOutputCleanup)" [_thread_blocked, id=6516, stack(0x000000bdde100000,0x000000bdde200000)]
  0x0000020920d05e20 JavaThread "Unconstrained build operations" [_thread_blocked, id=6404, stack(0x000000bdde900000,0x000000bddea00000)]
  0x0000020920d032d0 JavaThread "Unconstrained build operations Thread 2" [_thread_blocked, id=6316, stack(0x000000bddea00000,0x000000bddeb00000)]
  0x0000020920d062f0 JavaThread "Unconstrained build operations Thread 3" [_thread_blocked, id=2064, stack(0x000000bddeb00000,0x000000bddec00000)]
  0x0000020920d02930 JavaThread "Unconstrained build operations Thread 4" [_thread_blocked, id=1692, stack(0x000000bddec00000,0x000000bdded00000)]
  0x0000020920d04ae0 JavaThread "Unconstrained build operations Thread 5" [_thread_blocked, id=840, stack(0x000000bdded00000,0x000000bddee00000)]
  0x0000020920d037a0 JavaThread "Unconstrained build operations Thread 6" [_thread_blocked, id=7228, stack(0x000000bddee00000,0x000000bddef00000)]
  0x0000020920d04140 JavaThread "Unconstrained build operations Thread 7" [_thread_blocked, id=5884, stack(0x000000bddef00000,0x000000bddf000000)]
  0x0000020920d02e00 JavaThread "Unconstrained build operations Thread 8" [_thread_blocked, id=8548, stack(0x000000bddf000000,0x000000bddf100000)]
  0x0000020920d03c70 JavaThread "Unconstrained build operations Thread 9" [_thread_blocked, id=8748, stack(0x000000bddf100000,0x000000bddf200000)]
  0x0000020920d04fb0 JavaThread "Unconstrained build operations Thread 10" [_thread_blocked, id=6660, stack(0x000000bddf200000,0x000000bddf300000)]
  0x0000020920d05480 JavaThread "Unconstrained build operations Thread 11" [_thread_blocked, id=7212, stack(0x000000bddf300000,0x000000bddf400000)]
  0x00000209212f70f0 JavaThread "Unconstrained build operations Thread 12" [_thread_blocked, id=7400, stack(0x000000bddf400000,0x000000bddf500000)]
  0x00000209212f6c20 JavaThread "Unconstrained build operations Thread 13" [_thread_blocked, id=8340, stack(0x000000bddf500000,0x000000bddf600000)]
  0x00000209212f5db0 JavaThread "Unconstrained build operations Thread 14" [_thread_blocked, id=912, stack(0x000000bddf600000,0x000000bddf700000)]
  0x00000209212f4a70 JavaThread "Unconstrained build operations Thread 15" [_thread_blocked, id=7176, stack(0x000000bddf700000,0x000000bddf800000)]
  0x00000209212f40d0 JavaThread "Unconstrained build operations Thread 16" [_thread_blocked, id=3636, stack(0x000000bddf800000,0x000000bddf900000)]
  0x00000209212f5410 JavaThread "Unconstrained build operations Thread 17" [_thread_blocked, id=4032, stack(0x000000bddf900000,0x000000bddfa00000)]
  0x00000209212f75c0 JavaThread "Unconstrained build operations Thread 18" [_thread_blocked, id=6916, stack(0x000000bddfa00000,0x000000bddfb00000)]
  0x00000209212f58e0 JavaThread "Unconstrained build operations Thread 19" [_thread_blocked, id=9976, stack(0x000000bddfb00000,0x000000bddfc00000)]
  0x000002091b4b44c0 JavaThread "Unconstrained build operations Thread 20" [_thread_blocked, id=7856, stack(0x000000bddfc00000,0x000000bddfd00000)]
  0x000002091b4b3ff0 JavaThread "Unconstrained build operations Thread 21" [_thread_blocked, id=3860, stack(0x000000bddfd00000,0x000000bddfe00000)]
  0x000002091b4b4e60 JavaThread "Unconstrained build operations Thread 22" [_thread_blocked, id=1820, stack(0x000000bddfe00000,0x000000bddff00000)]
  0x000002091b4b5800 JavaThread "Unconstrained build operations Thread 23" [_thread_blocked, id=5368, stack(0x000000bddff00000,0x000000bde0000000)]
  0x000002091b4b4990 JavaThread "Unconstrained build operations Thread 24" [_thread_blocked, id=8744, stack(0x000000bde0000000,0x000000bde0100000)]
  0x000002091e4cdaf0 JavaThread "Unconstrained build operations Thread 25" [_thread_blocked, id=6856, stack(0x000000bde0100000,0x000000bde0200000)]
  0x000002091e4cee30 JavaThread "Unconstrained build operations Thread 26" [_thread_blocked, id=6644, stack(0x000000bde0200000,0x000000bde0300000)]
  0x000002091e4d0170 JavaThread "Unconstrained build operations Thread 27" [_thread_blocked, id=10072, stack(0x000000bde0300000,0x000000bde0400000)]
  0x000002091e4cdfc0 JavaThread "Unconstrained build operations Thread 28" [_thread_blocked, id=7372, stack(0x000000bde0400000,0x000000bde0500000)]
  0x000002091e4ce960 JavaThread "Unconstrained build operations Thread 29" [_thread_blocked, id=1272, stack(0x000000bde0500000,0x000000bde0600000)]
  0x000002091e4cd150 JavaThread "Unconstrained build operations Thread 30" [_thread_blocked, id=6028, stack(0x000000bde0600000,0x000000bde0700000)]
  0x000002091e4cf7d0 JavaThread "Unconstrained build operations Thread 31" [_thread_blocked, id=9360, stack(0x000000bde0700000,0x000000bde0800000)]
  0x000002091e4cf300 JavaThread "Unconstrained build operations Thread 32" [_thread_blocked, id=5108, stack(0x000000bde0800000,0x000000bde0900000)]
  0x000002091e4cfca0 JavaThread "Unconstrained build operations Thread 33" [_thread_blocked, id=4072, stack(0x000000bde0900000,0x000000bde0a00000)]
  0x000002091e4ce490 JavaThread "Unconstrained build operations Thread 34" [_thread_blocked, id=9896, stack(0x000000bde0a00000,0x000000bde0b00000)]
  0x000002091e4cc7b0 JavaThread "Unconstrained build operations Thread 35" [_thread_blocked, id=7348, stack(0x000000bde0b00000,0x000000bde0c00000)]
  0x000002091e4ccc80 JavaThread "Unconstrained build operations Thread 36" [_thread_blocked, id=1512, stack(0x000000bde0c00000,0x000000bde0d00000)]
  0x000002091e4cd620 JavaThread "Unconstrained build operations Thread 37" [_thread_blocked, id=4864, stack(0x000000bde0d00000,0x000000bde0e00000)]
  0x000002091b192320 JavaThread "Unconstrained build operations Thread 38" [_thread_blocked, id=5392, stack(0x000000bde0e00000,0x000000bde0f00000)]
  0x000002091b18fca0 JavaThread "Unconstrained build operations Thread 39" [_thread_blocked, id=4584, stack(0x000000bde0f00000,0x000000bde1000000)]
  0x000002091b1914b0 JavaThread "Unconstrained build operations Thread 40" [_thread_blocked, id=9448, stack(0x000000bde1000000,0x000000bde1100000)]
  0x00000209214c6810 JavaThread "build event listener" [_thread_blocked, id=2936, stack(0x000000bde1100000,0x000000bde1200000)]
  0x0000020918c70580 JavaThread "included builds" [_thread_blocked, id=8908, stack(0x000000bde1200000,0x000000bde1300000)]
  0x0000020918c6d560 JavaThread "Execution worker" [_thread_blocked, id=3304, stack(0x000000bde1300000,0x000000bde1400000)]
  0x0000020915f01690 JavaThread "Execution worker Thread 2" [_thread_blocked, id=9800, stack(0x000000bde1500000,0x000000bde1600000)]
  0x0000020915f03840 JavaThread "Execution worker Thread 3" [_thread_blocked, id=5024, stack(0x000000bde1600000,0x000000bde1700000)]
  0x0000020915f011c0 JavaThread "Cache worker for execution history cache (C:\Users\Pichau\AndroidStudioProjects\Tcc_funcionario\Tcc_funcionario\.gradle\8.0\executionHistory)" [_thread_blocked, id=2720, stack(0x000000bde1700000,0x000000bde1800000)]
  0x000002091b190640 JavaThread "WorkerExecutor Queue" [_thread_blocked, id=5608, stack(0x000000bde1800000,0x000000bde1900000)]
  0x000002091a8fe890 JavaThread "WorkerExecutor Queue Thread 2" [_thread_blocked, id=664, stack(0x000000bde1900000,0x000000bde1a00000)]
  0x000002091a900570 JavaThread "WorkerExecutor Queue Thread 3" [_thread_blocked, id=1900, stack(0x000000bde1a00000,0x000000bde1b00000)]
  0x000002091a8fcbb0 JavaThread "pool-32-thread-1" [_thread_blocked, id=7824, stack(0x000000bde1c00000,0x000000bde1d00000)]
  0x000002091a9000a0 JavaThread "stderr" [_thread_in_native, id=2524, stack(0x000000bde1d00000,0x000000bde1e00000)]
  0x000002091a900f10 JavaThread "stdout" [_thread_in_native, id=8200, stack(0x000000bde1e00000,0x000000bde1f00000)]
  0x000002091a8fb3a0 JavaThread "Build operations" [_thread_blocked, id=8968, stack(0x000000bde1f00000,0x000000bde2000000)]
  0x000002091a8fb870 JavaThread "Build operations Thread 2" [_thread_blocked, id=4988, stack(0x000000bde2100000,0x000000bde2200000)]
  0x000002091a9018b0 JavaThread "Build operations Thread 3" [_thread_blocked, id=5768, stack(0x000000bde2200000,0x000000bde2300000)]
  0x000002091a8fd080 JavaThread "Build operations Thread 4" [_thread_blocked, id=2508, stack(0x000000bde2300000,0x000000bde2400000)]
  0x0000020915f02500 JavaThread "WorkerExecutor Queue Thread 4" [_thread_blocked, id=6936, stack(0x000000bdde200000,0x000000bdde300000)]
  0x000002092092aed0 JavaThread "C2 CompilerThread1" daemon [_thread_blocked, id=9592, stack(0x000000bde2400000,0x000000bde2500000)]

Other Threads:
=>0x00000209153086b0 VMThread "VM Thread" [stack: 0x000000bddbe00000,0x000000bddbf00000] [id=228]
  0x0000020915dbf0e0 WatcherThread [stack: 0x000000bddca00000,0x000000bddcb00000] [id=3644]
  0x0000020979cd7a50 GCTaskThread "GC Thread#0" [stack: 0x000000bddb900000,0x000000bddba00000] [id=5724]
  0x000002091649cca0 GCTaskThread "GC Thread#1" [stack: 0x000000bddcc00000,0x000000bddcd00000] [id=9348]
  0x000002091649cf50 GCTaskThread "GC Thread#2" [stack: 0x000000bddcd00000,0x000000bddce00000] [id=6204]
  0x000002091618e530 GCTaskThread "GC Thread#3" [stack: 0x000000bddce00000,0x000000bddcf00000] [id=2000]
  0x0000020979ce88a0 ConcurrentGCThread "G1 Main Marker" [stack: 0x000000bddba00000,0x000000bddbb00000] [id=1256]
  0x0000020979ce91c0 ConcurrentGCThread "G1 Conc#0" [stack: 0x000000bddbb00000,0x000000bddbc00000] [id=7944]
  0x0000020979d4e130 ConcurrentGCThread "G1 Refine#0" [stack: 0x000000bddbc00000,0x000000bddbd00000] [id=1536]
  0x0000020917299f70 ConcurrentGCThread "G1 Refine#1" [stack: 0x000000bdde600000,0x000000bdde700000] [id=6384]
  0x000002091729bc30 ConcurrentGCThread "G1 Refine#2" [stack: 0x000000bde2000000,0x000000bde2100000] [id=3116]
  0x0000020979d4ea60 ConcurrentGCThread "G1 Service" [stack: 0x000000bddbd00000,0x000000bddbe00000] [id=6504]

Threads with active compile tasks:
C2 CompilerThread0  1875971 27952 %     4       java.util.TimSort::mergeHi @ 191 (732 bytes)
C2 CompilerThread1  1875971 27960       4       com.android.tools.r8.internal.qM::containsKey (74 bytes)

VM state: at safepoint (normal execution)

VM Mutex/Monitor currently owned by a thread:  ([mutex/lock_event])
[0x0000020979c74190] Threads_lock - owner thread: 0x00000209153086b0
[0x0000020979c74b20] Heap_lock - owner thread: 0x0000020915f02500

Heap address: 0x0000000080000000, size: 2048 MB, Compressed Oops mode: 32-bit

CDS archive(s) not mapped
Compressed class space mapped at: 0x0000000100000000-0x0000000140000000, reserved size: 1073741824
Narrow klass base: 0x0000000000000000, Narrow klass shift: 3, Narrow klass range: 0x140000000

GC Precious Log:
 CPUs: 4 total, 4 available
 Memory: 14264M
 Large Page Support: Disabled
 NUMA Support: Disabled
 Compressed Oops: Enabled (32-bit)
 Heap Region Size: 1M
 Heap Min Capacity: 8M
 Heap Initial Capacity: 224M
 Heap Max Capacity: 2G
 Pre-touch: Disabled
 Parallel Workers: 4
 Concurrent Workers: 1
 Concurrent Refinement Workers: 4
 Periodic GC: Disabled

Heap:
 garbage-first heap   total 289792K, used 119315K [0x0000000080000000, 0x0000000100000000)
  region size 1024K, 2 young (2048K), 2 survivors (2048K)
 Metaspace       used 136540K, committed 137856K, reserved 1171456K
  class space    used 17853K, committed 18432K, reserved 1048576K

Heap Regions: E=young(eden), S=young(survivor), O=old, HS=humongous(starts), HC=humongous(continues), CS=collection set, F=free, OA=open archive, CA=closed archive, TAMS=top-at-mark-start (previous, next)
|   0|0x0000000080000000, 0x0000000080100000, 0x0000000080100000|100%| O|  |TAMS 0x0000000080100000, 0x0000000080100000| Untracked 
|   1|0x0000000080100000, 0x0000000080200000, 0x0000000080200000|100%| O|  |TAMS 0x0000000080200000, 0x0000000080200000| Untracked 
|   2|0x0000000080200000, 0x0000000080300000, 0x0000000080300000|100%|HS|  |TAMS 0x0000000080300000, 0x0000000080300000| Complete 
|   3|0x0000000080300000, 0x0000000080400000, 0x0000000080400000|100%|HC|  |TAMS 0x0000000080400000, 0x0000000080400000| Complete 
|   4|0x0000000080400000, 0x0000000080500000, 0x0000000080500000|100%|HC|  |TAMS 0x0000000080500000, 0x0000000080500000| Complete 
|   5|0x0000000080500000, 0x0000000080600000, 0x0000000080600000|100%|HC|  |TAMS 0x0000000080600000, 0x0000000080600000| Complete 
|   6|0x0000000080600000, 0x0000000080700000, 0x0000000080700000|100%| O|  |TAMS 0x0000000080700000, 0x0000000080700000| Untracked 
|   7|0x0000000080700000, 0x0000000080800000, 0x0000000080800000|100%| O|  |TAMS 0x0000000080800000, 0x0000000080800000| Untracked 
|   8|0x0000000080800000, 0x0000000080900000, 0x0000000080900000|100%| O|  |TAMS 0x0000000080900000, 0x0000000080900000| Untracked 
|   9|0x0000000080900000, 0x0000000080a00000, 0x0000000080a00000|100%| O|  |TAMS 0x0000000080a00000, 0x0000000080a00000| Untracked 
|  10|0x0000000080a00000, 0x0000000080b00000, 0x0000000080b00000|100%| O|  |TAMS 0x0000000080b00000, 0x0000000080b00000| Untracked 
|  11|0x0000000080b00000, 0x0000000080c00000, 0x0000000080c00000|100%| O|  |TAMS 0x0000000080c00000, 0x0000000080c00000| Untracked 
|  12|0x0000000080c00000, 0x0000000080d00000, 0x0000000080d00000|100%| O|  |TAMS 0x0000000080d00000, 0x0000000080d00000| Untracked 
|  13|0x0000000080d00000, 0x0000000080e00000, 0x0000000080e00000|100%| O|  |TAMS 0x0000000080e00000, 0x0000000080e00000| Untracked 
|  14|0x0000000080e00000, 0x0000000080f00000, 0x0000000080f00000|100%| O|  |TAMS 0x0000000080f00000, 0x0000000080f00000| Untracked 
|  15|0x0000000080f00000, 0x0000000081000000, 0x0000000081000000|100%| O|  |TAMS 0x0000000081000000, 0x0000000081000000| Untracked 
|  16|0x0000000081000000, 0x0000000081100000, 0x0000000081100000|100%| O|  |TAMS 0x0000000081100000, 0x0000000081100000| Untracked 
|  17|0x0000000081100000, 0x0000000081200000, 0x0000000081200000|100%| O|  |TAMS 0x0000000081200000, 0x0000000081200000| Untracked 
|  18|0x0000000081200000, 0x0000000081300000, 0x0000000081300000|100%| O|  |TAMS 0x0000000081300000, 0x0000000081300000| Untracked 
|  19|0x0000000081300000, 0x0000000081400000, 0x0000000081400000|100%| O|  |TAMS 0x0000000081400000, 0x0000000081400000| Untracked 
|  20|0x0000000081400000, 0x0000000081500000, 0x0000000081500000|100%| O|  |TAMS 0x0000000081500000, 0x0000000081500000| Untracked 
|  21|0x0000000081500000, 0x0000000081600000, 0x0000000081600000|100%| O|  |TAMS 0x0000000081600000, 0x0000000081600000| Untracked 
|  22|0x0000000081600000, 0x0000000081700000, 0x0000000081700000|100%| O|  |TAMS 0x0000000081700000, 0x0000000081700000| Untracked 
|  23|0x0000000081700000, 0x0000000081800000, 0x0000000081800000|100%| O|  |TAMS 0x0000000081800000, 0x0000000081800000| Untracked 
|  24|0x0000000081800000, 0x0000000081900000, 0x0000000081900000|100%| O|  |TAMS 0x0000000081900000, 0x0000000081900000| Untracked 
|  25|0x0000000081900000, 0x0000000081a00000, 0x0000000081a00000|100%| O|  |TAMS 0x0000000081a00000, 0x0000000081a00000| Untracked 
|  26|0x0000000081a00000, 0x0000000081b00000, 0x0000000081b00000|100%| O|  |TAMS 0x0000000081b00000, 0x0000000081b00000| Untracked 
|  27|0x0000000081b00000, 0x0000000081c00000, 0x0000000081c00000|100%| O|  |TAMS 0x0000000081c00000, 0x0000000081c00000| Untracked 
|  28|0x0000000081c00000, 0x0000000081d00000, 0x0000000081d00000|100%| O|  |TAMS 0x0000000081d00000, 0x0000000081d00000| Untracked 
|  29|0x0000000081d00000, 0x0000000081e00000, 0x0000000081e00000|100%| O|  |TAMS 0x0000000081e00000, 0x0000000081e00000| Untracked 
|  30|0x0000000081e00000, 0x0000000081f00000, 0x0000000081f00000|100%| O|  |TAMS 0x0000000081f00000, 0x0000000081f00000| Untracked 
|  31|0x0000000081f00000, 0x0000000082000000, 0x0000000082000000|100%| O|  |TAMS 0x0000000082000000, 0x0000000082000000| Untracked 
|  32|0x0000000082000000, 0x0000000082100000, 0x0000000082100000|100%| O|  |TAMS 0x0000000082100000, 0x0000000082100000| Untracked 
|  33|0x0000000082100000, 0x0000000082200000, 0x0000000082200000|100%| O|  |TAMS 0x0000000082200000, 0x0000000082200000| Untracked 
|  34|0x0000000082200000, 0x0000000082300000, 0x0000000082300000|100%| O|  |TAMS 0x0000000082300000, 0x0000000082300000| Untracked 
|  35|0x0000000082300000, 0x0000000082400000, 0x0000000082400000|100%|HS|  |TAMS 0x0000000082400000, 0x0000000082400000| Complete 
|  36|0x0000000082400000, 0x0000000082400000, 0x0000000082500000|  0%| F|  |TAMS 0x0000000082400000, 0x0000000082400000| Untracked 
|  37|0x0000000082500000, 0x0000000082600000, 0x0000000082600000|100%| O|  |TAMS 0x0000000082600000, 0x0000000082600000| Untracked 
|  38|0x0000000082600000, 0x0000000082700000, 0x0000000082700000|100%| O|  |TAMS 0x0000000082600000, 0x0000000082700000| Untracked 
|  39|0x0000000082700000, 0x0000000082800000, 0x0000000082800000|100%|HS|  |TAMS 0x0000000082800000, 0x0000000082800000| Complete 
|  40|0x0000000082800000, 0x0000000082900000, 0x0000000082900000|100%| O|  |TAMS 0x0000000082900000, 0x0000000082900000| Untracked 
|  41|0x0000000082900000, 0x0000000082a00000, 0x0000000082a00000|100%| O|  |TAMS 0x0000000082a00000, 0x0000000082a00000| Untracked 
|  42|0x0000000082a00000, 0x0000000082b00000, 0x0000000082b00000|100%| O|  |TAMS 0x0000000082b00000, 0x0000000082b00000| Untracked 
|  43|0x0000000082b00000, 0x0000000082c00000, 0x0000000082c00000|100%| O|  |TAMS 0x0000000082c00000, 0x0000000082c00000| Untracked 
|  44|0x0000000082c00000, 0x0000000082d00000, 0x0000000082d00000|100%| O|  |TAMS 0x0000000082d00000, 0x0000000082d00000| Untracked 
|  45|0x0000000082d00000, 0x0000000082e00000, 0x0000000082e00000|100%| O|  |TAMS 0x0000000082e00000, 0x0000000082e00000| Untracked 
|  46|0x0000000082e00000, 0x0000000082f00000, 0x0000000082f00000|100%| O|  |TAMS 0x0000000082f00000, 0x0000000082f00000| Untracked 
|  47|0x0000000082f00000, 0x0000000083000000, 0x0000000083000000|100%| O|  |TAMS 0x0000000083000000, 0x0000000083000000| Untracked 
|  48|0x0000000083000000, 0x0000000083100000, 0x0000000083100000|100%| O|  |TAMS 0x0000000083100000, 0x0000000083100000| Untracked 
|  49|0x0000000083100000, 0x0000000083200000, 0x0000000083200000|100%| O|  |TAMS 0x0000000083200000, 0x0000000083200000| Untracked 
|  50|0x0000000083200000, 0x0000000083300000, 0x0000000083300000|100%| O|  |TAMS 0x0000000083300000, 0x0000000083300000| Untracked 
|  51|0x0000000083300000, 0x0000000083400000, 0x0000000083400000|100%| O|  |TAMS 0x0000000083400000, 0x0000000083400000| Untracked 
|  52|0x0000000083400000, 0x0000000083500000, 0x0000000083500000|100%| O|  |TAMS 0x0000000083500000, 0x0000000083500000| Untracked 
|  53|0x0000000083500000, 0x0000000083600000, 0x0000000083600000|100%| O|  |TAMS 0x0000000083600000, 0x0000000083600000| Untracked 
|  54|0x0000000083600000, 0x0000000083700000, 0x0000000083700000|100%| O|  |TAMS 0x0000000083700000, 0x0000000083700000| Untracked 
|  55|0x0000000083700000, 0x0000000083800000, 0x0000000083800000|100%| O|  |TAMS 0x0000000083800000, 0x0000000083800000| Untracked 
|  56|0x0000000083800000, 0x0000000083900000, 0x0000000083900000|100%| O|  |TAMS 0x0000000083900000, 0x0000000083900000| Untracked 
|  57|0x0000000083900000, 0x0000000083a00000, 0x0000000083a00000|100%| O|  |TAMS 0x0000000083a00000, 0x0000000083a00000| Untracked 
|  58|0x0000000083a00000, 0x0000000083b00000, 0x0000000083b00000|100%| O|  |TAMS 0x0000000083b00000, 0x0000000083b00000| Untracked 
|  59|0x0000000083b00000, 0x0000000083c00000, 0x0000000083c00000|100%| O|  |TAMS 0x0000000083c00000, 0x0000000083c00000| Untracked 
|  60|0x0000000083c00000, 0x0000000083d00000, 0x0000000083d00000|100%| O|  |TAMS 0x0000000083d00000, 0x0000000083d00000| Untracked 
|  61|0x0000000083d00000, 0x0000000083e00000, 0x0000000083e00000|100%| O|  |TAMS 0x0000000083e00000, 0x0000000083e00000| Untracked 
|  62|0x0000000083e00000, 0x0000000083f00000, 0x0000000083f00000|100%| O|  |TAMS 0x0000000083f00000, 0x0000000083f00000| Untracked 
|  63|0x0000000083f00000, 0x0000000084000000, 0x0000000084000000|100%| O|  |TAMS 0x0000000084000000, 0x0000000084000000| Untracked 
|  64|0x0000000084000000, 0x0000000084100000, 0x0000000084100000|100%| O|  |TAMS 0x0000000084100000, 0x0000000084100000| Untracked 
|  65|0x0000000084100000, 0x0000000084200000, 0x0000000084200000|100%| O|  |TAMS 0x0000000084200000, 0x0000000084200000| Untracked 
|  66|0x0000000084200000, 0x0000000084300000, 0x0000000084300000|100%| O|  |TAMS 0x0000000084300000, 0x0000000084300000| Untracked 
|  67|0x0000000084300000, 0x0000000084400000, 0x0000000084400000|100%| O|  |TAMS 0x0000000084400000, 0x0000000084400000| Untracked 
|  68|0x0000000084400000, 0x0000000084500000, 0x0000000084500000|100%| O|  |TAMS 0x0000000084500000, 0x0000000084500000| Untracked 
|  69|0x0000000084500000, 0x0000000084600000, 0x0000000084600000|100%| O|  |TAMS 0x0000000084600000, 0x0000000084600000| Untracked 
|  70|0x0000000084600000, 0x0000000084700000, 0x0000000084700000|100%| O|  |TAMS 0x0000000084600000, 0x0000000084700000| Untracked 
|  71|0x0000000084700000, 0x0000000084800000, 0x0000000084800000|100%| O|  |TAMS 0x0000000084800000, 0x0000000084800000| Untracked 
|  72|0x0000000084800000, 0x0000000084900000, 0x0000000084900000|100%| O|  |TAMS 0x0000000084900000, 0x0000000084900000| Untracked 
|  73|0x0000000084900000, 0x0000000084a00000, 0x0000000084a00000|100%| O|  |TAMS 0x0000000084a00000, 0x0000000084a00000| Untracked 
|  74|0x0000000084a00000, 0x0000000084b00000, 0x0000000084b00000|100%| O|  |TAMS 0x0000000084b00000, 0x0000000084b00000| Untracked 
|  75|0x0000000084b00000, 0x0000000084c00000, 0x0000000084c00000|100%| O|  |TAMS 0x0000000084c00000, 0x0000000084c00000| Untracked 
|  76|0x0000000084c00000, 0x0000000084d00000, 0x0000000084d00000|100%| O|  |TAMS 0x0000000084d00000, 0x0000000084d00000| Untracked 
|  77|0x0000000084d00000, 0x0000000084e00000, 0x0000000084e00000|100%| O|  |TAMS 0x0000000084e00000, 0x0000000084e00000| Untracked 
|  78|0x0000000084e00000, 0x0000000084f00000, 0x0000000084f00000|100%| O|  |TAMS 0x0000000084f00000, 0x0000000084f00000| Untracked 
|  79|0x0000000084f00000, 0x0000000085000000, 0x0000000085000000|100%| O|  |TAMS 0x0000000085000000, 0x0000000085000000| Untracked 
|  80|0x0000000085000000, 0x0000000085100000, 0x0000000085100000|100%| O|  |TAMS 0x0000000085100000, 0x0000000085100000| Untracked 
|  81|0x0000000085100000, 0x0000000085200000, 0x0000000085200000|100%| O|  |TAMS 0x0000000085200000, 0x0000000085200000| Untracked 
|  82|0x0000000085200000, 0x0000000085300000, 0x0000000085300000|100%| O|  |TAMS 0x0000000085300000, 0x0000000085300000| Untracked 
|  83|0x0000000085300000, 0x0000000085400000, 0x0000000085400000|100%| O|  |TAMS 0x0000000085400000, 0x0000000085400000| Untracked 
|  84|0x0000000085400000, 0x0000000085400000, 0x0000000085500000|  0%| F|  |TAMS 0x0000000085400000, 0x0000000085400000| Untracked 
|  85|0x0000000085500000, 0x0000000085500000, 0x0000000085600000|  0%| F|  |TAMS 0x0000000085500000, 0x0000000085500000| Untracked 
|  86|0x0000000085600000, 0x0000000085700000, 0x0000000085700000|100%| O|  |TAMS 0x0000000085600000, 0x0000000085700000| Untracked 
|  87|0x0000000085700000, 0x0000000085800000, 0x0000000085800000|100%| O|  |TAMS 0x0000000085700000, 0x0000000085800000| Untracked 
|  88|0x0000000085800000, 0x0000000085900000, 0x0000000085900000|100%| O|  |TAMS 0x0000000085900000, 0x0000000085900000| Untracked 
|  89|0x0000000085900000, 0x0000000085a00000, 0x0000000085a00000|100%| O|  |TAMS 0x0000000085a00000, 0x0000000085a00000| Untracked 
|  90|0x0000000085a00000, 0x0000000085b00000, 0x0000000085b00000|100%| O|  |TAMS 0x0000000085b00000, 0x0000000085b00000| Untracked 
|  91|0x0000000085b00000, 0x0000000085c00000, 0x0000000085c00000|100%| O|  |TAMS 0x0000000085c00000, 0x0000000085c00000| Untracked 
|  92|0x0000000085c00000, 0x0000000085d00000, 0x0000000085d00000|100%| O|  |TAMS 0x0000000085d00000, 0x0000000085d00000| Untracked 
|  93|0x0000000085d00000, 0x0000000085e00000, 0x0000000085e00000|100%| O|  |TAMS 0x0000000085e00000, 0x0000000085e00000| Untracked 
|  94|0x0000000085e00000, 0x0000000085f00000, 0x0000000085f00000|100%| O|  |TAMS 0x0000000085e00000, 0x0000000085f00000| Untracked 
|  95|0x0000000085f00000, 0x0000000086000000, 0x0000000086000000|100%| O|  |TAMS 0x0000000086000000, 0x0000000086000000| Untracked 
|  96|0x0000000086000000, 0x0000000086000000, 0x0000000086100000|  0%| F|  |TAMS 0x0000000086000000, 0x0000000086000000| Untracked 
|  97|0x0000000086100000, 0x0000000086200000, 0x0000000086200000|100%| O|  |TAMS 0x0000000086200000, 0x0000000086200000| Untracked 
|  98|0x0000000086200000, 0x0000000086300000, 0x0000000086300000|100%| O|  |TAMS 0x0000000086300000, 0x0000000086300000| Untracked 
|  99|0x0000000086300000, 0x0000000086400000, 0x0000000086400000|100%| O|  |TAMS 0x0000000086400000, 0x0000000086400000| Untracked 
| 100|0x0000000086400000, 0x0000000086500000, 0x0000000086500000|100%| O|  |TAMS 0x0000000086500000, 0x0000000086500000| Untracked 
| 101|0x0000000086500000, 0x0000000086600000, 0x0000000086600000|100%| O|  |TAMS 0x0000000086600000, 0x0000000086600000| Untracked 
| 102|0x0000000086600000, 0x0000000086700000, 0x0000000086700000|100%| O|  |TAMS 0x0000000086700000, 0x0000000086700000| Untracked 
| 103|0x0000000086700000, 0x0000000086800000, 0x0000000086800000|100%| O|  |TAMS 0x0000000086800000, 0x0000000086800000| Untracked 
| 104|0x0000000086800000, 0x0000000086900000, 0x0000000086900000|100%| O|  |TAMS 0x0000000086900000, 0x0000000086900000| Untracked 
| 105|0x0000000086900000, 0x0000000086a00000, 0x0000000086a00000|100%| O|  |TAMS 0x0000000086a00000, 0x0000000086a00000| Untracked 
| 106|0x0000000086a00000, 0x0000000086b00000, 0x0000000086b00000|100%| O|  |TAMS 0x0000000086aeb000, 0x0000000086b00000| Untracked 
| 107|0x0000000086b00000, 0x0000000086c00000, 0x0000000086c00000|100%| O|  |TAMS 0x0000000086b00000, 0x0000000086c00000| Untracked 
| 108|0x0000000086c00000, 0x0000000086d00000, 0x0000000086d00000|100%| O|  |TAMS 0x0000000086c00000, 0x0000000086d00000| Untracked 
| 109|0x0000000086d00000, 0x0000000086e00000, 0x0000000086e00000|100%| O|  |TAMS 0x0000000086d00000, 0x0000000086e00000| Untracked 
| 110|0x0000000086e00000, 0x0000000086f00000, 0x0000000086f00000|100%| O|  |TAMS 0x0000000086e00000, 0x0000000086f00000| Untracked 
| 111|0x0000000086f00000, 0x0000000086f00000, 0x0000000087000000|  0%| F|  |TAMS 0x0000000086f00000, 0x0000000086f00000| Untracked 
| 112|0x0000000087000000, 0x0000000087100000, 0x0000000087100000|100%| O|  |TAMS 0x0000000087100000, 0x0000000087100000| Untracked 
| 113|0x0000000087100000, 0x0000000087200000, 0x0000000087200000|100%| O|  |TAMS 0x0000000087200000, 0x0000000087200000| Untracked 
| 114|0x0000000087200000, 0x0000000087300000, 0x0000000087300000|100%| O|  |TAMS 0x0000000087300000, 0x0000000087300000| Untracked 
| 115|0x0000000087300000, 0x0000000087400000, 0x0000000087400000|100%| O|  |TAMS 0x0000000087400000, 0x0000000087400000| Untracked 
| 116|0x0000000087400000, 0x0000000087500000, 0x0000000087500000|100%| O|  |TAMS 0x0000000087500000, 0x0000000087500000| Untracked 
| 117|0x0000000087500000, 0x0000000087600000, 0x0000000087600000|100%| O|  |TAMS 0x0000000087600000, 0x0000000087600000| Untracked 
| 118|0x0000000087600000, 0x0000000087700000, 0x0000000087700000|100%| O|  |TAMS 0x0000000087700000, 0x0000000087700000| Untracked 
| 119|0x0000000087700000, 0x0000000087704e00, 0x0000000087800000|  1%| O|  |TAMS 0x0000000087700000, 0x0000000087704e00| Untracked 
| 120|0x0000000087800000, 0x0000000087800000, 0x0000000087900000|  0%| F|  |TAMS 0x0000000087800000, 0x0000000087800000| Untracked 
| 121|0x0000000087900000, 0x0000000087900000, 0x0000000087a00000|  0%| F|  |TAMS 0x0000000087900000, 0x0000000087900000| Untracked 
| 122|0x0000000087a00000, 0x0000000087a00000, 0x0000000087b00000|  0%| F|  |TAMS 0x0000000087a00000, 0x0000000087a00000| Untracked 
| 123|0x0000000087b00000, 0x0000000087b00000, 0x0000000087c00000|  0%| F|  |TAMS 0x0000000087b00000, 0x0000000087b00000| Untracked 
| 124|0x0000000087c00000, 0x0000000087c00000, 0x0000000087d00000|  0%| F|  |TAMS 0x0000000087c00000, 0x0000000087c00000| Untracked 
| 125|0x0000000087d00000, 0x0000000087d00000, 0x0000000087e00000|  0%| F|  |TAMS 0x0000000087d00000, 0x0000000087d00000| Untracked 
| 126|0x0000000087e00000, 0x0000000087e00000, 0x0000000087f00000|  0%| F|  |TAMS 0x0000000087e00000, 0x0000000087e00000| Untracked 
| 127|0x0000000087f00000, 0x0000000087f00000, 0x0000000088000000|  0%| F|  |TAMS 0x0000000087f00000, 0x0000000087f00000| Untracked 
| 128|0x0000000088000000, 0x0000000088000000, 0x0000000088100000|  0%| F|  |TAMS 0x0000000088000000, 0x0000000088000000| Untracked 
| 129|0x0000000088100000, 0x0000000088200000, 0x0000000088200000|100%| O|  |TAMS 0x0000000088200000, 0x0000000088200000| Untracked 
| 130|0x0000000088200000, 0x0000000088200000, 0x0000000088300000|  0%| F|  |TAMS 0x0000000088200000, 0x0000000088200000| Untracked 
| 131|0x0000000088300000, 0x0000000088300000, 0x0000000088400000|  0%| F|  |TAMS 0x0000000088300000, 0x0000000088300000| Untracked 
| 132|0x0000000088400000, 0x0000000088400000, 0x0000000088500000|  0%| F|  |TAMS 0x0000000088400000, 0x0000000088400000| Untracked 
| 133|0x0000000088500000, 0x0000000088500000, 0x0000000088600000|  0%| F|  |TAMS 0x0000000088500000, 0x0000000088500000| Untracked 
| 134|0x0000000088600000, 0x0000000088600000, 0x0000000088700000|  0%| F|  |TAMS 0x0000000088600000, 0x0000000088600000| Untracked 
| 135|0x0000000088700000, 0x0000000088700000, 0x0000000088800000|  0%| F|  |TAMS 0x0000000088700000, 0x0000000088700000| Untracked 
| 136|0x0000000088800000, 0x0000000088800000, 0x0000000088900000|  0%| F|  |TAMS 0x0000000088800000, 0x0000000088800000| Untracked 
| 137|0x0000000088900000, 0x0000000088900000, 0x0000000088a00000|  0%| F|  |TAMS 0x0000000088900000, 0x0000000088900000| Untracked 
| 138|0x0000000088a00000, 0x0000000088a00000, 0x0000000088b00000|  0%| F|  |TAMS 0x0000000088a00000, 0x0000000088a00000| Untracked 
| 139|0x0000000088b00000, 0x0000000088b00000, 0x0000000088c00000|  0%| F|  |TAMS 0x0000000088b00000, 0x0000000088b00000| Untracked 
| 140|0x0000000088c00000, 0x0000000088c00000, 0x0000000088d00000|  0%| F|  |TAMS 0x0000000088c00000, 0x0000000088c00000| Untracked 
| 141|0x0000000088d00000, 0x0000000088d00000, 0x0000000088e00000|  0%| F|  |TAMS 0x0000000088d00000, 0x0000000088d00000| Untracked 
| 142|0x0000000088e00000, 0x0000000088e00000, 0x0000000088f00000|  0%| F|  |TAMS 0x0000000088e00000, 0x0000000088e00000| Untracked 
| 143|0x0000000088f00000, 0x0000000088f00000, 0x0000000089000000|  0%| F|  |TAMS 0x0000000088f00000, 0x0000000088f00000| Untracked 
| 144|0x0000000089000000, 0x0000000089000000, 0x0000000089100000|  0%| F|  |TAMS 0x0000000089000000, 0x0000000089000000| Untracked 
| 145|0x0000000089100000, 0x0000000089100000, 0x0000000089200000|  0%| F|  |TAMS 0x0000000089100000, 0x0000000089100000| Untracked 
| 146|0x0000000089200000, 0x0000000089200000, 0x0000000089300000|  0%| F|  |TAMS 0x0000000089200000, 0x0000000089200000| Untracked 
| 147|0x0000000089300000, 0x0000000089300000, 0x0000000089400000|  0%| F|  |TAMS 0x0000000089300000, 0x0000000089300000| Untracked 
| 148|0x0000000089400000, 0x0000000089400000, 0x0000000089500000|  0%| F|  |TAMS 0x0000000089400000, 0x0000000089400000| Untracked 
| 149|0x0000000089500000, 0x0000000089500000, 0x0000000089600000|  0%| F|  |TAMS 0x0000000089500000, 0x0000000089500000| Untracked 
| 150|0x0000000089600000, 0x0000000089600000, 0x0000000089700000|  0%| F|  |TAMS 0x0000000089600000, 0x0000000089600000| Untracked 
| 151|0x0000000089700000, 0x0000000089700000, 0x0000000089800000|  0%| F|  |TAMS 0x0000000089700000, 0x0000000089700000| Untracked 
| 152|0x0000000089800000, 0x0000000089800000, 0x0000000089900000|  0%| F|  |TAMS 0x0000000089800000, 0x0000000089800000| Untracked 
| 153|0x0000000089900000, 0x0000000089900000, 0x0000000089a00000|  0%| F|  |TAMS 0x0000000089900000, 0x0000000089900000| Untracked 
| 154|0x0000000089a00000, 0x0000000089a00000, 0x0000000089b00000|  0%| F|  |TAMS 0x0000000089a00000, 0x0000000089a00000| Untracked 
| 155|0x0000000089b00000, 0x0000000089b00000, 0x0000000089c00000|  0%| F|  |TAMS 0x0000000089b00000, 0x0000000089b00000| Untracked 
| 156|0x0000000089c00000, 0x0000000089c00000, 0x0000000089d00000|  0%| F|  |TAMS 0x0000000089c00000, 0x0000000089c00000| Untracked 
| 157|0x0000000089d00000, 0x0000000089d00000, 0x0000000089e00000|  0%| F|  |TAMS 0x0000000089d00000, 0x0000000089d00000| Untracked 
| 158|0x0000000089e00000, 0x0000000089e00000, 0x0000000089f00000|  0%| F|  |TAMS 0x0000000089e00000, 0x0000000089e00000| Untracked 
| 159|0x0000000089f00000, 0x0000000089f00000, 0x000000008a000000|  0%| F|  |TAMS 0x0000000089f00000, 0x0000000089f00000| Untracked 
| 160|0x000000008a000000, 0x000000008a000000, 0x000000008a100000|  0%| F|  |TAMS 0x000000008a000000, 0x000000008a000000| Untracked 
| 161|0x000000008a100000, 0x000000008a100000, 0x000000008a200000|  0%| F|  |TAMS 0x000000008a100000, 0x000000008a100000| Untracked 
| 162|0x000000008a200000, 0x000000008a200000, 0x000000008a300000|  0%| F|  |TAMS 0x000000008a200000, 0x000000008a200000| Untracked 
| 163|0x000000008a300000, 0x000000008a300000, 0x000000008a400000|  0%| F|  |TAMS 0x000000008a300000, 0x000000008a300000| Untracked 
| 164|0x000000008a400000, 0x000000008a400000, 0x000000008a500000|  0%| F|  |TAMS 0x000000008a400000, 0x000000008a400000| Untracked 
| 165|0x000000008a500000, 0x000000008a500000, 0x000000008a600000|  0%| F|  |TAMS 0x000000008a500000, 0x000000008a500000| Untracked 
| 166|0x000000008a600000, 0x000000008a600000, 0x000000008a700000|  0%| F|  |TAMS 0x000000008a600000, 0x000000008a600000| Untracked 
| 167|0x000000008a700000, 0x000000008a700000, 0x000000008a800000|  0%| F|  |TAMS 0x000000008a700000, 0x000000008a700000| Untracked 
| 168|0x000000008a800000, 0x000000008a800000, 0x000000008a900000|  0%| F|  |TAMS 0x000000008a800000, 0x000000008a800000| Untracked 
| 169|0x000000008a900000, 0x000000008a900000, 0x000000008aa00000|  0%| F|  |TAMS 0x000000008a900000, 0x000000008a900000| Untracked 
| 170|0x000000008aa00000, 0x000000008aa00000, 0x000000008ab00000|  0%| F|  |TAMS 0x000000008aa00000, 0x000000008aa00000| Untracked 
| 171|0x000000008ab00000, 0x000000008ab00000, 0x000000008ac00000|  0%| F|  |TAMS 0x000000008ab00000, 0x000000008ab00000| Untracked 
| 172|0x000000008ac00000, 0x000000008ac00000, 0x000000008ad00000|  0%| F|  |TAMS 0x000000008ac00000, 0x000000008ac00000| Untracked 
| 173|0x000000008ad00000, 0x000000008ad00000, 0x000000008ae00000|  0%| F|  |TAMS 0x000000008ad00000, 0x000000008ad00000| Untracked 
| 174|0x000000008ae00000, 0x000000008ae00000, 0x000000008af00000|  0%| F|  |TAMS 0x000000008ae00000, 0x000000008ae00000| Untracked 
| 175|0x000000008af00000, 0x000000008af00000, 0x000000008b000000|  0%| F|  |TAMS 0x000000008af00000, 0x000000008af00000| Untracked 
| 176|0x000000008b000000, 0x000000008b000000, 0x000000008b100000|  0%| F|  |TAMS 0x000000008b000000, 0x000000008b000000| Untracked 
| 177|0x000000008b100000, 0x000000008b100000, 0x000000008b200000|  0%| F|  |TAMS 0x000000008b100000, 0x000000008b100000| Untracked 
| 178|0x000000008b200000, 0x000000008b200000, 0x000000008b300000|  0%| F|  |TAMS 0x000000008b200000, 0x000000008b200000| Untracked 
| 179|0x000000008b300000, 0x000000008b300000, 0x000000008b400000|  0%| F|  |TAMS 0x000000008b300000, 0x000000008b300000| Untracked 
| 180|0x000000008b400000, 0x000000008b400000, 0x000000008b500000|  0%| F|  |TAMS 0x000000008b400000, 0x000000008b400000| Untracked 
| 181|0x000000008b500000, 0x000000008b500000, 0x000000008b600000|  0%| F|  |TAMS 0x000000008b500000, 0x000000008b500000| Untracked 
| 182|0x000000008b600000, 0x000000008b600000, 0x000000008b700000|  0%| F|  |TAMS 0x000000008b600000, 0x000000008b600000| Untracked 
| 183|0x000000008b700000, 0x000000008b700000, 0x000000008b800000|  0%| F|  |TAMS 0x000000008b700000, 0x000000008b700000| Untracked 
| 184|0x000000008b800000, 0x000000008b800000, 0x000000008b900000|  0%| F|  |TAMS 0x000000008b800000, 0x000000008b800000| Untracked 
| 185|0x000000008b900000, 0x000000008b900000, 0x000000008ba00000|  0%| F|  |TAMS 0x000000008b900000, 0x000000008b900000| Untracked 
| 186|0x000000008ba00000, 0x000000008ba00000, 0x000000008bb00000|  0%| F|  |TAMS 0x000000008ba00000, 0x000000008ba00000| Untracked 
| 187|0x000000008bb00000, 0x000000008bb00000, 0x000000008bc00000|  0%| F|  |TAMS 0x000000008bb00000, 0x000000008bb00000| Untracked 
| 188|0x000000008bc00000, 0x000000008bc00000, 0x000000008bd00000|  0%| F|  |TAMS 0x000000008bc00000, 0x000000008bc00000| Untracked 
| 189|0x000000008bd00000, 0x000000008bd00000, 0x000000008be00000|  0%| F|  |TAMS 0x000000008bd00000, 0x000000008bd00000| Untracked 
| 190|0x000000008be00000, 0x000000008be00000, 0x000000008bf00000|  0%| F|  |TAMS 0x000000008be00000, 0x000000008be00000| Untracked 
| 191|0x000000008bf00000, 0x000000008bf00000, 0x000000008c000000|  0%| F|  |TAMS 0x000000008bf00000, 0x000000008bf00000| Untracked 
| 192|0x000000008c000000, 0x000000008c000000, 0x000000008c100000|  0%| F|  |TAMS 0x000000008c000000, 0x000000008c000000| Untracked 
| 193|0x000000008c100000, 0x000000008c100000, 0x000000008c200000|  0%| F|  |TAMS 0x000000008c100000, 0x000000008c100000| Untracked 
| 194|0x000000008c200000, 0x000000008c200000, 0x000000008c300000|  0%| F|  |TAMS 0x000000008c200000, 0x000000008c200000| Untracked 
| 195|0x000000008c300000, 0x000000008c300000, 0x000000008c400000|  0%| F|  |TAMS 0x000000008c300000, 0x000000008c300000| Untracked 
| 196|0x000000008c400000, 0x000000008c400000, 0x000000008c500000|  0%| F|  |TAMS 0x000000008c400000, 0x000000008c400000| Untracked 
| 197|0x000000008c500000, 0x000000008c500000, 0x000000008c600000|  0%| F|  |TAMS 0x000000008c500000, 0x000000008c500000| Untracked 
| 198|0x000000008c600000, 0x000000008c600000, 0x000000008c700000|  0%| F|  |TAMS 0x000000008c600000, 0x000000008c600000| Untracked 
| 199|0x000000008c700000, 0x000000008c700000, 0x000000008c800000|  0%| F|  |TAMS 0x000000008c700000, 0x000000008c700000| Untracked 
| 200|0x000000008c800000, 0x000000008c800000, 0x000000008c900000|  0%| F|  |TAMS 0x000000008c800000, 0x000000008c800000| Untracked 
| 201|0x000000008c900000, 0x000000008c900000, 0x000000008ca00000|  0%| F|  |TAMS 0x000000008c900000, 0x000000008c900000| Untracked 
| 202|0x000000008ca00000, 0x000000008ca00000, 0x000000008cb00000|  0%| F|  |TAMS 0x000000008ca00000, 0x000000008ca00000| Untracked 
| 203|0x000000008cb00000, 0x000000008cb00000, 0x000000008cc00000|  0%| F|  |TAMS 0x000000008cb00000, 0x000000008cb00000| Untracked 
| 204|0x000000008cc00000, 0x000000008cc00000, 0x000000008cd00000|  0%| F|  |TAMS 0x000000008cc00000, 0x000000008cc00000| Untracked 
| 205|0x000000008cd00000, 0x000000008cd00000, 0x000000008ce00000|  0%| F|  |TAMS 0x000000008cd00000, 0x000000008cd00000| Untracked 
| 206|0x000000008ce00000, 0x000000008ce00000, 0x000000008cf00000|  0%| F|  |TAMS 0x000000008ce00000, 0x000000008ce00000| Untracked 
| 207|0x000000008cf00000, 0x000000008cf00000, 0x000000008d000000|  0%| F|  |TAMS 0x000000008cf00000, 0x000000008cf00000| Untracked 
| 208|0x000000008d000000, 0x000000008d000000, 0x000000008d100000|  0%| F|  |TAMS 0x000000008d000000, 0x000000008d000000| Untracked 
| 209|0x000000008d100000, 0x000000008d100000, 0x000000008d200000|  0%| F|  |TAMS 0x000000008d100000, 0x000000008d100000| Untracked 
| 210|0x000000008d200000, 0x000000008d200000, 0x000000008d300000|  0%| F|  |TAMS 0x000000008d200000, 0x000000008d200000| Untracked 
| 211|0x000000008d300000, 0x000000008d300000, 0x000000008d400000|  0%| F|  |TAMS 0x000000008d300000, 0x000000008d300000| Untracked 
| 212|0x000000008d400000, 0x000000008d400000, 0x000000008d500000|  0%| F|  |TAMS 0x000000008d400000, 0x000000008d400000| Untracked 
| 213|0x000000008d500000, 0x000000008d500000, 0x000000008d600000|  0%| F|  |TAMS 0x000000008d500000, 0x000000008d500000| Untracked 
| 214|0x000000008d600000, 0x000000008d600000, 0x000000008d700000|  0%| F|  |TAMS 0x000000008d600000, 0x000000008d600000| Untracked 
| 215|0x000000008d700000, 0x000000008d700000, 0x000000008d800000|  0%| F|  |TAMS 0x000000008d700000, 0x000000008d700000| Untracked 
| 216|0x000000008d800000, 0x000000008d800000, 0x000000008d900000|  0%| F|  |TAMS 0x000000008d800000, 0x000000008d800000| Untracked 
| 217|0x000000008d900000, 0x000000008d900000, 0x000000008da00000|  0%| F|  |TAMS 0x000000008d900000, 0x000000008d900000| Untracked 
| 218|0x000000008da00000, 0x000000008da00000, 0x000000008db00000|  0%| F|  |TAMS 0x000000008da00000, 0x000000008da00000| Untracked 
| 219|0x000000008db00000, 0x000000008db00000, 0x000000008dc00000|  0%| F|  |TAMS 0x000000008db00000, 0x000000008db00000| Untracked 
| 220|0x000000008dc00000, 0x000000008dc00000, 0x000000008dd00000|  0%| F|  |TAMS 0x000000008dc00000, 0x000000008dc00000| Untracked 
| 221|0x000000008dd00000, 0x000000008dd00000, 0x000000008de00000|  0%| F|  |TAMS 0x000000008dd00000, 0x000000008dd00000| Untracked 
| 222|0x000000008de00000, 0x000000008de00000, 0x000000008df00000|  0%| F|  |TAMS 0x000000008de00000, 0x000000008de00000| Untracked 
| 223|0x000000008df00000, 0x000000008df00000, 0x000000008e000000|  0%| F|  |TAMS 0x000000008df00000, 0x000000008df00000| Untracked 
| 224|0x000000008e000000, 0x000000008e000000, 0x000000008e100000|  0%| F|  |TAMS 0x000000008e000000, 0x000000008e000000| Untracked 
| 225|0x000000008e100000, 0x000000008e100000, 0x000000008e200000|  0%| F|  |TAMS 0x000000008e100000, 0x000000008e100000| Untracked 
| 226|0x000000008e200000, 0x000000008e200000, 0x000000008e300000|  0%| F|  |TAMS 0x000000008e200000, 0x000000008e200000| Untracked 
| 227|0x000000008e300000, 0x000000008e300000, 0x000000008e400000|  0%| F|  |TAMS 0x000000008e300000, 0x000000008e300000| Untracked 
| 228|0x000000008e400000, 0x000000008e400000, 0x000000008e500000|  0%| F|  |TAMS 0x000000008e400000, 0x000000008e400000| Untracked 
| 229|0x000000008e500000, 0x000000008e500000, 0x000000008e600000|  0%| F|  |TAMS 0x000000008e500000, 0x000000008e500000| Untracked 
| 230|0x000000008e600000, 0x000000008e600000, 0x000000008e700000|  0%| F|  |TAMS 0x000000008e600000, 0x000000008e600000| Untracked 
| 231|0x000000008e700000, 0x000000008e700000, 0x000000008e800000|  0%| F|  |TAMS 0x000000008e700000, 0x000000008e700000| Untracked 
| 232|0x000000008e800000, 0x000000008e800000, 0x000000008e900000|  0%| F|  |TAMS 0x000000008e800000, 0x000000008e800000| Untracked 
| 233|0x000000008e900000, 0x000000008e900000, 0x000000008ea00000|  0%| F|  |TAMS 0x000000008e900000, 0x000000008e900000| Untracked 
| 234|0x000000008ea00000, 0x000000008ea00000, 0x000000008eb00000|  0%| F|  |TAMS 0x000000008ea00000, 0x000000008ea00000| Untracked 
| 235|0x000000008eb00000, 0x000000008eb00000, 0x000000008ec00000|  0%| F|  |TAMS 0x000000008eb00000, 0x000000008eb00000| Untracked 
| 236|0x000000008ec00000, 0x000000008ec00000, 0x000000008ed00000|  0%| F|  |TAMS 0x000000008ec00000, 0x000000008ec00000| Untracked 
| 237|0x000000008ed00000, 0x000000008ed00000, 0x000000008ee00000|  0%| F|  |TAMS 0x000000008ed00000, 0x000000008ed00000| Untracked 
| 238|0x000000008ee00000, 0x000000008ee00000, 0x000000008ef00000|  0%| F|  |TAMS 0x000000008ee00000, 0x000000008ee00000| Untracked 
| 239|0x000000008ef00000, 0x000000008ef00000, 0x000000008f000000|  0%| F|  |TAMS 0x000000008ef00000, 0x000000008ef00000| Untracked 
| 240|0x000000008f000000, 0x000000008f000000, 0x000000008f100000|  0%| F|  |TAMS 0x000000008f000000, 0x000000008f000000| Untracked 
| 241|0x000000008f100000, 0x000000008f100000, 0x000000008f200000|  0%| F|  |TAMS 0x000000008f100000, 0x000000008f100000| Untracked 
| 242|0x000000008f200000, 0x000000008f200000, 0x000000008f300000|  0%| F|  |TAMS 0x000000008f200000, 0x000000008f200000| Untracked 
| 243|0x000000008f300000, 0x000000008f300000, 0x000000008f400000|  0%| F|  |TAMS 0x000000008f300000, 0x000000008f300000| Untracked 
| 244|0x000000008f400000, 0x000000008f400000, 0x000000008f500000|  0%| F|  |TAMS 0x000000008f400000, 0x000000008f400000| Untracked 
| 245|0x000000008f500000, 0x000000008f500000, 0x000000008f600000|  0%| F|  |TAMS 0x000000008f500000, 0x000000008f500000| Untracked 
| 246|0x000000008f600000, 0x000000008f600000, 0x000000008f700000|  0%| F|  |TAMS 0x000000008f600000, 0x000000008f600000| Untracked 
| 247|0x000000008f700000, 0x000000008f700000, 0x000000008f800000|  0%| F|  |TAMS 0x000000008f700000, 0x000000008f700000| Untracked 
| 248|0x000000008f800000, 0x000000008f800000, 0x000000008f900000|  0%| F|  |TAMS 0x000000008f800000, 0x000000008f800000| Untracked 
| 249|0x000000008f900000, 0x000000008f900000, 0x000000008fa00000|  0%| F|  |TAMS 0x000000008f900000, 0x000000008f900000| Untracked 
| 250|0x000000008fa00000, 0x000000008fa00000, 0x000000008fb00000|  0%| F|  |TAMS 0x000000008fa00000, 0x000000008fa00000| Untracked 
| 251|0x000000008fb00000, 0x000000008fb00000, 0x000000008fc00000|  0%| F|  |TAMS 0x000000008fb00000, 0x000000008fb00000| Untracked 
| 252|0x000000008fc00000, 0x000000008fc00000, 0x000000008fd00000|  0%| F|  |TAMS 0x000000008fc00000, 0x000000008fc00000| Untracked 
| 253|0x000000008fd00000, 0x000000008fd00000, 0x000000008fe00000|  0%| F|  |TAMS 0x000000008fd00000, 0x000000008fd00000| Untracked 
| 254|0x000000008fe00000, 0x000000008fe00000, 0x000000008ff00000|  0%| F|  |TAMS 0x000000008fe00000, 0x000000008fe00000| Untracked 
| 255|0x000000008ff00000, 0x000000008ff80098, 0x0000000090000000| 50%| S|CS|TAMS 0x000000008ff00000, 0x000000008ff00000| Complete 
| 256|0x0000000090000000, 0x0000000090100000, 0x0000000090100000|100%| S|CS|TAMS 0x0000000090000000, 0x0000000090000000| Complete 
| 257|0x0000000090100000, 0x0000000090100000, 0x0000000090200000|  0%| F|  |TAMS 0x0000000090100000, 0x0000000090100000| Untracked 
| 258|0x0000000090200000, 0x0000000090200000, 0x0000000090300000|  0%| F|  |TAMS 0x0000000090200000, 0x0000000090200000| Untracked 
| 259|0x0000000090300000, 0x0000000090300000, 0x0000000090400000|  0%| F|  |TAMS 0x0000000090300000, 0x0000000090300000| Untracked 
| 260|0x0000000090400000, 0x0000000090400000, 0x0000000090500000|  0%| F|  |TAMS 0x0000000090400000, 0x0000000090400000| Untracked 
| 261|0x0000000090500000, 0x0000000090500000, 0x0000000090600000|  0%| F|  |TAMS 0x0000000090500000, 0x0000000090500000| Untracked 
| 262|0x0000000090600000, 0x0000000090600000, 0x0000000090700000|  0%| F|  |TAMS 0x0000000090600000, 0x0000000090600000| Untracked 
| 263|0x0000000090700000, 0x0000000090700000, 0x0000000090800000|  0%| F|  |TAMS 0x0000000090700000, 0x0000000090700000| Untracked 
| 264|0x0000000090800000, 0x0000000090800000, 0x0000000090900000|  0%| F|  |TAMS 0x0000000090800000, 0x0000000090800000| Untracked 
| 265|0x0000000090900000, 0x0000000090900000, 0x0000000090a00000|  0%| F|  |TAMS 0x0000000090900000, 0x0000000090900000| Untracked 
| 266|0x0000000090a00000, 0x0000000090a00000, 0x0000000090b00000|  0%| F|  |TAMS 0x0000000090a00000, 0x0000000090a00000| Untracked 
| 267|0x0000000090b00000, 0x0000000090b00000, 0x0000000090c00000|  0%| F|  |TAMS 0x0000000090b00000, 0x0000000090b00000| Untracked 
| 268|0x0000000090c00000, 0x0000000090c00000, 0x0000000090d00000|  0%| F|  |TAMS 0x0000000090c00000, 0x0000000090c00000| Untracked 
| 269|0x0000000090d00000, 0x0000000090d00000, 0x0000000090e00000|  0%| F|  |TAMS 0x0000000090d00000, 0x0000000090d00000| Untracked 
| 270|0x0000000090e00000, 0x0000000090e00000, 0x0000000090f00000|  0%| F|  |TAMS 0x0000000090e00000, 0x0000000090e00000| Untracked 
| 271|0x0000000090f00000, 0x0000000090f00000, 0x0000000091000000|  0%| F|  |TAMS 0x0000000090f00000, 0x0000000090f00000| Untracked 
| 272|0x0000000091000000, 0x0000000091000000, 0x0000000091100000|  0%| F|  |TAMS 0x0000000091000000, 0x0000000091000000| Untracked 
| 273|0x0000000091100000, 0x0000000091100000, 0x0000000091200000|  0%| F|  |TAMS 0x0000000091100000, 0x0000000091100000| Untracked 
| 274|0x0000000091200000, 0x0000000091200000, 0x0000000091300000|  0%| F|  |TAMS 0x0000000091200000, 0x0000000091200000| Untracked 
| 275|0x0000000091300000, 0x0000000091300000, 0x0000000091400000|  0%| F|  |TAMS 0x0000000091300000, 0x0000000091300000| Untracked 
| 276|0x0000000091400000, 0x0000000091400000, 0x0000000091500000|  0%| F|  |TAMS 0x0000000091400000, 0x0000000091400000| Untracked 
| 277|0x0000000091500000, 0x0000000091500000, 0x0000000091600000|  0%| F|  |TAMS 0x0000000091500000, 0x0000000091500000| Untracked 
| 278|0x0000000091600000, 0x0000000091600000, 0x0000000091700000|  0%| F|  |TAMS 0x0000000091600000, 0x0000000091600000| Untracked 
| 279|0x0000000091700000, 0x0000000091700000, 0x0000000091800000|  0%| F|  |TAMS 0x0000000091700000, 0x0000000091700000| Untracked 
| 280|0x0000000091800000, 0x0000000091800000, 0x0000000091900000|  0%| F|  |TAMS 0x0000000091800000, 0x0000000091800000| Untracked 
| 281|0x0000000091900000, 0x0000000091900000, 0x0000000091a00000|  0%| F|  |TAMS 0x0000000091900000, 0x0000000091900000| Untracked 
| 282|0x0000000091a00000, 0x0000000091a00000, 0x0000000091b00000|  0%| F|  |TAMS 0x0000000091a00000, 0x0000000091a00000| Untracked 

Card table byte_map: [0x000002097f390000,0x000002097f790000] _byte_map_base: 0x000002097ef90000

Marking Bits (Prev, Next): (CMBitMap*) 0x0000020979cd7fb0, (CMBitMap*) 0x0000020979cd7f70
 Prev Bits: [0x0000020911000000, 0x0000020913000000)
 Next Bits: [0x000002090f000000, 0x0000020911000000)

Polling page: 0x0000020979d50000

Metaspace:

Usage:
  Non-class:    115.91 MB used.
      Class:     17.43 MB used.
       Both:    133.34 MB used.

Virtual space:
  Non-class space:      120.00 MB reserved,     116.62 MB ( 97%) committed,  15 nodes.
      Class space:        1.00 GB reserved,      18.00 MB (  2%) committed,  1 nodes.
             Both:        1.12 GB reserved,     134.62 MB ( 12%) committed. 

Chunk freelists:
   Non-Class:  3.16 MB
       Class:  1.89 MB
        Both:  5.05 MB

MaxMetaspaceSize: unlimited
CompressedClassSpaceSize: 1.00 GB
Initial GC threshold: 21.00 MB
Current GC threshold: 221.38 MB
CDS: off
MetaspaceReclaimPolicy: balanced
 - commit_granule_bytes: 65536.
 - commit_granule_words: 8192.
 - virtual_space_node_default_size: 1048576.
 - enlarge_chunks_in_place: 1.
 - new_chunks_are_fully_committed: 0.
 - uncommit_free_chunks: 1.
 - use_allocation_guard: 0.
 - handle_deallocations: 1.


Internal statistics:

num_allocs_failed_limit: 12.
num_arena_births: 2272.
num_arena_deaths: 12.
num_vsnodes_births: 16.
num_vsnodes_deaths: 0.
num_space_committed: 2154.
num_space_uncommitted: 0.
num_chunks_returned_to_freelist: 29.
num_chunks_taken_from_freelist: 7622.
num_chunk_merges: 16.
num_chunk_splits: 4902.
num_chunks_enlarged: 2980.
num_purges: 4.
num_inconsistent_stats: 0.

CodeHeap 'non-profiled nmethods': size=120000Kb used=17929Kb max_used=17929Kb free=102070Kb
 bounds [0x0000020907ad0000, 0x0000020908c60000, 0x000002090f000000]
CodeHeap 'profiled nmethods': size=120000Kb used=46652Kb max_used=46652Kb free=73347Kb
 bounds [0x0000020900000000, 0x0000020902da0000, 0x0000020907530000]
CodeHeap 'non-nmethods': size=5760Kb used=2461Kb max_used=2524Kb free=3298Kb
 bounds [0x0000020907530000, 0x00000209077b0000, 0x0000020907ad0000]
 total_blobs=23674 nmethods=22674 adapters=910
 compilation: enabled
              stopped_count=0, restarted_count=0
 full_count=0

Compilation events (20 events):
Event: 1875.928 Thread 0x0000020915c1efc0 27957       2       com.android.tools.r8.internal.DF::iterator (12 bytes)
Event: 1875.928 Thread 0x0000020915c1efc0 nmethod 27957 0x0000020902d8f390 code [0x0000020902d8f540, 0x0000020902d8f728]
Event: 1875.928 Thread 0x0000020915c1efc0 27958       2       com.android.tools.r8.internal.zF::<init> (12 bytes)
Event: 1875.929 Thread 0x0000020915c1efc0 nmethod 27958 0x0000020902d8f810 code [0x0000020902d8f9a0, 0x0000020902d8fb08]
Event: 1875.930 Thread 0x0000020915c1a330 nmethod 27947 0x0000020908c4e890 code [0x0000020908c4ea60, 0x0000020908c4f388]
Event: 1875.930 Thread 0x0000020915c1a330 27952 %     4       java.util.TimSort::mergeHi @ 191 (732 bytes)
Event: 1875.936 Thread 0x0000020915c1efc0 27961       2       com.android.tools.r8.dex.code.z3::a (29 bytes)
Event: 1875.936 Thread 0x0000020915c1efc0 nmethod 27961 0x0000020902d8fc10 code [0x0000020902d8fde0, 0x0000020902d90078]
Event: 1875.937 Thread 0x0000020915c1efc0 27967       2       com.android.tools.r8.dex.code.y0::a (59 bytes)
Event: 1875.937 Thread 0x0000020915c1efc0 nmethod 27967 0x0000020902d90290 code [0x0000020902d90460, 0x0000020902d906d8]
Event: 1875.937 Thread 0x0000020915c1efc0 27966       2       com.android.tools.r8.dex.code.B1::a (28 bytes)
Event: 1875.937 Thread 0x000002092092aed0 nmethod 27951% 0x0000020908c4fb10 code [0x0000020908c4fd00, 0x0000020908c51358]
Event: 1875.937 Thread 0x0000020915c1efc0 nmethod 27966 0x0000020902d90890 code [0x0000020902d90a40, 0x0000020902d90bb8]
Event: 1875.937 Thread 0x0000020915c1efc0 27962       1       com.android.tools.r8.dex.code.O2::v (3 bytes)
Event: 1875.937 Thread 0x000002092092aed0 27960       4       com.android.tools.r8.internal.qM::containsKey (74 bytes)
Event: 1875.937 Thread 0x0000020915c1efc0 nmethod 27962 0x0000020908c51c10 code [0x0000020908c51da0, 0x0000020908c51e78]
Event: 1875.937 Thread 0x0000020915c1efc0 27963       1       com.android.tools.r8.dex.code.S3::v (3 bytes)
Event: 1875.937 Thread 0x0000020915c1efc0 nmethod 27963 0x0000020908c51f10 code [0x0000020908c520a0, 0x0000020908c52178]
Event: 1875.937 Thread 0x0000020915c1efc0 27964       1       com.android.tools.r8.dex.code.x0::v (3 bytes)
Event: 1875.937 Thread 0x0000020915c1efc0 nmethod 27964 0x0000020908c52210 code [0x0000020908c523a0, 0x0000020908c52478]

GC Heap History (20 events):
Event: 762.250 GC heap after
{Heap after GC invocations=68 (full 0):
 garbage-first heap   total 289792K, used 118698K [0x0000000080000000, 0x0000000100000000)
  region size 1024K, 1 young (1024K), 1 survivors (1024K)
 Metaspace       used 131138K, committed 132416K, reserved 1171456K
  class space    used 17456K, committed 18048K, reserved 1048576K
}
Event: 765.796 GC heap before
{Heap before GC invocations=68 (full 0):
 garbage-first heap   total 289792K, used 182186K [0x0000000080000000, 0x0000000100000000)
  region size 1024K, 65 young (66560K), 1 survivors (1024K)
 Metaspace       used 133130K, committed 134400K, reserved 1171456K
  class space    used 17684K, committed 18240K, reserved 1048576K
}
Event: 765.803 GC heap after
{Heap after GC invocations=69 (full 0):
 garbage-first heap   total 289792K, used 124303K [0x0000000080000000, 0x0000000100000000)
  region size 1024K, 7 young (7168K), 7 survivors (7168K)
 Metaspace       used 133130K, committed 134400K, reserved 1171456K
  class space    used 17684K, committed 18240K, reserved 1048576K
}
Event: 1869.744 GC heap before
{Heap before GC invocations=70 (full 0):
 garbage-first heap   total 289792K, used 250255K [0x0000000080000000, 0x0000000100000000)
  region size 1024K, 111 young (113664K), 7 survivors (7168K)
 Metaspace       used 133549K, committed 134784K, reserved 1171456K
  class space    used 17706K, committed 18304K, reserved 1048576K
}
Event: 1869.752 GC heap after
{Heap after GC invocations=71 (full 0):
 garbage-first heap   total 289792K, used 124819K [0x0000000080000000, 0x0000000100000000)
  region size 1024K, 5 young (5120K), 5 survivors (5120K)
 Metaspace       used 133549K, committed 134784K, reserved 1171456K
  class space    used 17706K, committed 18304K, reserved 1048576K
}
Event: 1869.936 GC heap before
{Heap before GC invocations=71 (full 0):
 garbage-first heap   total 289792K, used 134035K [0x0000000080000000, 0x0000000100000000)
  region size 1024K, 14 young (14336K), 5 survivors (5120K)
 Metaspace       used 133587K, committed 134848K, reserved 1171456K
  class space    used 17706K, committed 18304K, reserved 1048576K
}
Event: 1869.944 GC heap after
{Heap after GC invocations=72 (full 0):
 garbage-first heap   total 289792K, used 116336K [0x0000000080000000, 0x0000000100000000)
  region size 1024K, 2 young (2048K), 2 survivors (2048K)
 Metaspace       used 133587K, committed 134848K, reserved 1171456K
  class space    used 17706K, committed 18304K, reserved 1048576K
}
Event: 1870.182 GC heap before
{Heap before GC invocations=72 (full 0):
 garbage-first heap   total 289792K, used 128624K [0x0000000080000000, 0x0000000100000000)
  region size 1024K, 15 young (15360K), 2 survivors (2048K)
 Metaspace       used 133610K, committed 134848K, reserved 1171456K
  class space    used 17706K, committed 18304K, reserved 1048576K
}
Event: 1870.188 GC heap after
{Heap after GC invocations=73 (full 0):
 garbage-first heap   total 289792K, used 117988K [0x0000000080000000, 0x0000000100000000)
  region size 1024K, 4 young (4096K), 4 survivors (4096K)
 Metaspace       used 133610K, committed 134848K, reserved 1171456K
  class space    used 17706K, committed 18304K, reserved 1048576K
}
Event: 1873.167 GC heap before
{Heap before GC invocations=74 (full 0):
 garbage-first heap   total 289792K, used 236772K [0x0000000080000000, 0x0000000100000000)
  region size 1024K, 104 young (106496K), 4 survivors (4096K)
 Metaspace       used 133960K, committed 135232K, reserved 1171456K
  class space    used 17713K, committed 18304K, reserved 1048576K
}
Event: 1873.176 GC heap after
{Heap after GC invocations=75 (full 0):
 garbage-first heap   total 289792K, used 121784K [0x0000000080000000, 0x0000000100000000)
  region size 1024K, 8 young (8192K), 8 survivors (8192K)
 Metaspace       used 133960K, committed 135232K, reserved 1171456K
  class space    used 17713K, committed 18304K, reserved 1048576K
}
Event: 1873.242 GC heap before
{Heap before GC invocations=75 (full 0):
 garbage-first heap   total 289792K, used 126904K [0x0000000080000000, 0x0000000100000000)
  region size 1024K, 14 young (14336K), 8 survivors (8192K)
 Metaspace       used 134081K, committed 135360K, reserved 1171456K
  class space    used 17733K, committed 18304K, reserved 1048576K
}
Event: 1873.249 GC heap after
{Heap after GC invocations=76 (full 0):
 garbage-first heap   total 289792K, used 114917K [0x0000000080000000, 0x0000000100000000)
  region size 1024K, 2 young (2048K), 2 survivors (2048K)
 Metaspace       used 134081K, committed 135360K, reserved 1171456K
  class space    used 17733K, committed 18304K, reserved 1048576K
}
Event: 1873.791 GC heap before
{Heap before GC invocations=76 (full 0):
 garbage-first heap   total 289792K, used 143589K [0x0000000080000000, 0x0000000100000000)
  region size 1024K, 32 young (32768K), 2 survivors (2048K)
 Metaspace       used 134719K, committed 136000K, reserved 1171456K
  class space    used 17800K, committed 18368K, reserved 1048576K
}
Event: 1873.795 GC heap after
{Heap after GC invocations=77 (full 0):
 garbage-first heap   total 289792K, used 118234K [0x0000000080000000, 0x0000000100000000)
  region size 1024K, 5 young (5120K), 5 survivors (5120K)
 Metaspace       used 134719K, committed 136000K, reserved 1171456K
  class space    used 17800K, committed 18368K, reserved 1048576K
}
Event: 1875.569 GC heap before
{Heap before GC invocations=78 (full 0):
 garbage-first heap   total 289792K, used 230874K [0x0000000080000000, 0x0000000100000000)
  region size 1024K, 112 young (114688K), 5 survivors (5120K)
 Metaspace       used 135976K, committed 137280K, reserved 1171456K
  class space    used 17839K, committed 18432K, reserved 1048576K
}
Event: 1875.578 GC heap after
{Heap after GC invocations=79 (full 0):
 garbage-first heap   total 289792K, used 124349K [0x0000000080000000, 0x0000000100000000)
  region size 1024K, 9 young (9216K), 9 survivors (9216K)
 Metaspace       used 135976K, committed 137280K, reserved 1171456K
  class space    used 17839K, committed 18432K, reserved 1048576K
}
Event: 1875.663 GC heap before
{Heap before GC invocations=79 (full 0):
 garbage-first heap   total 289792K, used 129469K [0x0000000080000000, 0x0000000100000000)
  region size 1024K, 14 young (14336K), 9 survivors (9216K)
 Metaspace       used 136218K, committed 137536K, reserved 1171456K
  class space    used 17844K, committed 18432K, reserved 1048576K
}
Event: 1875.672 GC heap after
{Heap after GC invocations=80 (full 0):
 garbage-first heap   total 289792K, used 118803K [0x0000000080000000, 0x0000000100000000)
  region size 1024K, 1 young (1024K), 1 survivors (1024K)
 Metaspace       used 136218K, committed 137536K, reserved 1171456K
  class space    used 17844K, committed 18432K, reserved 1048576K
}
Event: 1875.938 GC heap before
{Heap before GC invocations=80 (full 0):
 garbage-first heap   total 289792K, used 142355K [0x0000000080000000, 0x0000000100000000)
  region size 1024K, 26 young (26624K), 1 survivors (1024K)
 Metaspace       used 136540K, committed 137856K, reserved 1171456K
  class space    used 17853K, committed 18432K, reserved 1048576K
}

Dll operation events (2 events):
Event: 0.024 Loaded shared library C:\Program Files\Android\Android Studio\jbr\bin\java.dll
Event: 0.598 Loaded shared library C:\Program Files\Android\Android Studio\jbr\bin\verify.dll

Deoptimization events (20 events):
Event: 1875.862 Thread 0x000002091a8fe890 DEOPT PACKING pc=0x0000020908a36aac sp=0x000000bde19fd230
Event: 1875.862 Thread 0x000002091a8fe890 DEOPT UNPACKING pc=0x00000209075869a3 sp=0x000000bde19fd168 mode 2
Event: 1875.866 Thread 0x000002091a8fe890 Uncommon trap: trap_request=0xffffffc6 fr.pc=0x0000020908a36aac relative=0x00000000000005ac
Event: 1875.866 Thread 0x000002091a8fe890 Uncommon trap: reason=bimorphic_or_optimized_type_check action=maybe_recompile pc=0x0000020908a36aac method=java.io.BufferedOutputStream.flushBuffer()V @ 20 c2
Event: 1875.866 Thread 0x000002091a8fe890 DEOPT PACKING pc=0x0000020908a36aac sp=0x000000bde19fd230
Event: 1875.866 Thread 0x000002091a8fe890 DEOPT UNPACKING pc=0x00000209075869a3 sp=0x000000bde19fd168 mode 2
Event: 1875.866 Thread 0x000002091a8fe890 Uncommon trap: trap_request=0xffffffc6 fr.pc=0x0000020908a36aac relative=0x00000000000005ac
Event: 1875.866 Thread 0x000002091a8fe890 Uncommon trap: reason=bimorphic_or_optimized_type_check action=maybe_recompile pc=0x0000020908a36aac method=java.io.BufferedOutputStream.flushBuffer()V @ 20 c2
Event: 1875.866 Thread 0x000002091a8fe890 DEOPT PACKING pc=0x0000020908a36aac sp=0x000000bde19fd230
Event: 1875.866 Thread 0x000002091a8fe890 DEOPT UNPACKING pc=0x00000209075869a3 sp=0x000000bde19fd168 mode 2
Event: 1875.866 Thread 0x000002091a8fe890 Uncommon trap: trap_request=0xffffffc6 fr.pc=0x0000020908a36aac relative=0x00000000000005ac
Event: 1875.866 Thread 0x000002091a8fe890 Uncommon trap: reason=bimorphic_or_optimized_type_check action=maybe_recompile pc=0x0000020908a36aac method=java.io.BufferedOutputStream.flushBuffer()V @ 20 c2
Event: 1875.866 Thread 0x000002091a8fe890 DEOPT PACKING pc=0x0000020908a36aac sp=0x000000bde19fd230
Event: 1875.866 Thread 0x000002091a8fe890 DEOPT UNPACKING pc=0x00000209075869a3 sp=0x000000bde19fd168 mode 2
Event: 1875.911 Thread 0x0000020915f02500 DEOPT PACKING pc=0x0000020902d5dbb1 sp=0x000000bdde2fdb40
Event: 1875.911 Thread 0x0000020915f02500 DEOPT UNPACKING pc=0x0000020907587143 sp=0x000000bdde2fcfe8 mode 0
Event: 1875.938 Thread 0x0000020915f02500 Uncommon trap: trap_request=0xffffff45 fr.pc=0x0000020907dbe0f4 relative=0x0000000000000074
Event: 1875.938 Thread 0x0000020915f02500 Uncommon trap: reason=unstable_if action=reinterpret pc=0x0000020907dbe0f4 method=com.android.tools.r8.dex.x.c(I)V @ 8 c2
Event: 1875.938 Thread 0x0000020915f02500 DEOPT PACKING pc=0x0000020907dbe0f4 sp=0x000000bdde2fced0
Event: 1875.938 Thread 0x0000020915f02500 DEOPT UNPACKING pc=0x00000209075869a3 sp=0x000000bdde2fce48 mode 2

Classes unloaded (6 events):
Event: 68.862 Thread 0x00000209153086b0 Unloading class 0x0000000100b9cc00 'java/lang/invoke/LambdaForm$DMH+0x0000000100b9cc00'
Event: 68.862 Thread 0x00000209153086b0 Unloading class 0x0000000100b9c800 'java/lang/invoke/LambdaForm$DMH+0x0000000100b9c800'
Event: 68.862 Thread 0x00000209153086b0 Unloading class 0x0000000100b9c400 'java/lang/invoke/LambdaForm$DMH+0x0000000100b9c400'
Event: 271.396 Thread 0x00000209153086b0 Unloading class 0x0000000100d2b400 'jdk/internal/reflect/GeneratedSerializationConstructorAccessor79'
Event: 271.396 Thread 0x00000209153086b0 Unloading class 0x0000000100d2b000 'jdk/internal/reflect/GeneratedSerializationConstructorAccessor76'
Event: 271.396 Thread 0x00000209153086b0 Unloading class 0x0000000100d2ac00 'jdk/internal/reflect/GeneratedSerializationConstructorAccessor78'

Classes redefined (0 events):
No events

Internal exceptions (20 events):
Event: 1875.199 Thread 0x0000020915f01690 Exception <a 'sun/nio/fs/WindowsException'{0x000000008d444c60}> (0x000000008d444c60) 
thrown [s\src\hotspot\share\prims\jni.cpp, line 517]
Event: 1875.201 Thread 0x0000020915f01690 Exception <a 'sun/nio/fs/WindowsException'{0x000000008d446b90}> (0x000000008d446b90) 
thrown [s\src\hotspot\share\prims\jni.cpp, line 517]
Event: 1875.203 Thread 0x0000020915f01690 Exception <a 'sun/nio/fs/WindowsException'{0x000000008d448ac0}> (0x000000008d448ac0) 
thrown [s\src\hotspot\share\prims\jni.cpp, line 517]
Event: 1875.205 Thread 0x0000020915f01690 Exception <a 'sun/nio/fs/WindowsException'{0x000000008d44a9f0}> (0x000000008d44a9f0) 
thrown [s\src\hotspot\share\prims\jni.cpp, line 517]
Event: 1875.206 Thread 0x0000020915f01690 Exception <a 'sun/nio/fs/WindowsException'{0x000000008d44c920}> (0x000000008d44c920) 
thrown [s\src\hotspot\share\prims\jni.cpp, line 517]
Event: 1875.208 Thread 0x0000020915f01690 Exception <a 'sun/nio/fs/WindowsException'{0x000000008d44e850}> (0x000000008d44e850) 
thrown [s\src\hotspot\share\prims\jni.cpp, line 517]
Event: 1875.210 Thread 0x0000020915f01690 Exception <a 'sun/nio/fs/WindowsException'{0x000000008d450750}> (0x000000008d450750) 
thrown [s\src\hotspot\share\prims\jni.cpp, line 517]
Event: 1875.212 Thread 0x0000020915f01690 Exception <a 'sun/nio/fs/WindowsException'{0x000000008d452688}> (0x000000008d452688) 
thrown [s\src\hotspot\share\prims\jni.cpp, line 517]
Event: 1875.214 Thread 0x0000020915f01690 Exception <a 'sun/nio/fs/WindowsException'{0x000000008d4545d0}> (0x000000008d4545d0) 
thrown [s\src\hotspot\share\prims\jni.cpp, line 517]
Event: 1875.216 Thread 0x0000020915f01690 Exception <a 'sun/nio/fs/WindowsException'{0x000000008d456518}> (0x000000008d456518) 
thrown [s\src\hotspot\share\prims\jni.cpp, line 517]
Event: 1875.218 Thread 0x0000020915f01690 Exception <a 'sun/nio/fs/WindowsException'{0x000000008d458450}> (0x000000008d458450) 
thrown [s\src\hotspot\share\prims\jni.cpp, line 517]
Event: 1875.220 Thread 0x0000020915f01690 Exception <a 'sun/nio/fs/WindowsException'{0x000000008d45a410}> (0x000000008d45a410) 
thrown [s\src\hotspot\share\prims\jni.cpp, line 517]
Event: 1875.222 Thread 0x0000020915f01690 Exception <a 'sun/nio/fs/WindowsException'{0x000000008d45c3f0}> (0x000000008d45c3f0) 
thrown [s\src\hotspot\share\prims\jni.cpp, line 517]
Event: 1875.224 Thread 0x0000020915f01690 Exception <a 'sun/nio/fs/WindowsException'{0x000000008d45e3a0}> (0x000000008d45e3a0) 
thrown [s\src\hotspot\share\prims\jni.cpp, line 517]
Event: 1875.225 Thread 0x0000020915f01690 Exception <a 'sun/nio/fs/WindowsException'{0x000000008d460348}> (0x000000008d460348) 
thrown [s\src\hotspot\share\prims\jni.cpp, line 517]
Event: 1875.227 Thread 0x0000020915f01690 Exception <a 'sun/nio/fs/WindowsException'{0x000000008d4622c8}> (0x000000008d4622c8) 
thrown [s\src\hotspot\share\prims\jni.cpp, line 517]
Event: 1875.284 Thread 0x0000020918c70580 Exception <a 'sun/nio/fs/WindowsException'{0x000000008cdf73f8}> (0x000000008cdf73f8) 
thrown [s\src\hotspot\share\prims\jni.cpp, line 517]
Event: 1875.290 Thread 0x000002091a900570 Exception <a 'sun/nio/fs/WindowsException'{0x000000008ca26718}> (0x000000008ca26718) 
thrown [s\src\hotspot\share\prims\jni.cpp, line 517]
Event: 1875.411 Thread 0x000002091a900570 Exception <a 'sun/nio/fs/WindowsException'{0x000000008b6ae438}> (0x000000008b6ae438) 
thrown [s\src\hotspot\share\prims\jni.cpp, line 517]
Event: 1875.613 Thread 0x000002091a8fe890 Exception <a 'java/lang/NoSuchMethodError'{0x000000009190b070}: 'int java.lang.invoke.DirectMethodHandle$Holder.invokeStatic(java.lang.Object, java.lang.Object, int, java.lang.Object)'> (0x000000009190b070) 
thrown [s\src\hotspot\share\interpreter\linkResolver.cpp, line 771]

VM Operations (20 events):
Event: 1875.329 Executing VM operation: HandshakeAllThreads done
Event: 1875.381 Executing VM operation: HandshakeAllThreads
Event: 1875.384 Executing VM operation: HandshakeAllThreads done
Event: 1875.411 Executing VM operation: HandshakeAllThreads
Event: 1875.417 Executing VM operation: HandshakeAllThreads done
Event: 1875.481 Executing VM operation: HandshakeAllThreads
Event: 1875.482 Executing VM operation: HandshakeAllThreads done
Event: 1875.488 Executing VM operation: HandshakeAllThreads
Event: 1875.488 Executing VM operation: HandshakeAllThreads done
Event: 1875.496 Executing VM operation: HandshakeAllThreads
Event: 1875.496 Executing VM operation: HandshakeAllThreads done
Event: 1875.535 Executing VM operation: ICBufferFull
Event: 1875.536 Executing VM operation: ICBufferFull done
Event: 1875.568 Executing VM operation: G1CollectForAllocation
Event: 1875.579 Executing VM operation: G1CollectForAllocation done
Event: 1875.663 Executing VM operation: G1CollectForAllocation
Event: 1875.672 Executing VM operation: G1CollectForAllocation done
Event: 1875.861 Executing VM operation: ICBufferFull
Event: 1875.861 Executing VM operation: ICBufferFull done
Event: 1875.938 Executing VM operation: G1TryInitiateConcMark

Events (20 events):
Event: 1875.456 Thread 0x000002091530c640 flushing nmethod 0x000002090279e110
Event: 1875.456 Thread 0x000002091530c640 flushing nmethod 0x00000209027a1f10
Event: 1875.456 Thread 0x000002091530c640 flushing nmethod 0x00000209027a2290
Event: 1875.456 Thread 0x000002091530c640 flushing nmethod 0x00000209027a4890
Event: 1875.456 Thread 0x000002091530c640 flushing nmethod 0x00000209027a4d10
Event: 1875.456 Thread 0x000002091530c640 flushing nmethod 0x00000209027a5590
Event: 1875.456 Thread 0x000002091530c640 flushing nmethod 0x00000209027a6990
Event: 1875.456 Thread 0x000002091530c640 flushing nmethod 0x00000209027a7810
Event: 1875.456 Thread 0x000002091530c640 flushing nmethod 0x00000209027a8c90
Event: 1875.456 Thread 0x000002091530c640 flushing nmethod 0x00000209027a9c90
Event: 1875.456 Thread 0x000002091530c640 flushing nmethod 0x00000209027abf90
Event: 1875.456 Thread 0x000002091530c640 flushing nmethod 0x00000209027ad690
Event: 1875.456 Thread 0x000002091530c640 flushing nmethod 0x00000209027d7a10
Event: 1875.456 Thread 0x000002091530c640 flushing nmethod 0x000002090280af10
Event: 1875.456 Thread 0x000002091530c640 flushing nmethod 0x000002090280b290
Event: 1875.456 Thread 0x000002091530c640 flushing nmethod 0x000002090280cf10
Event: 1875.858 loading class java/util/zip/ZipOutputStream$XEntry
Event: 1875.858 loading class java/util/zip/ZipOutputStream$XEntry done
Event: 1875.869 loading class java/util/Vector$Itr
Event: 1875.869 loading class java/util/Vector$Itr done


Dynamic libraries:
0x00007ff78b070000 - 0x00007ff78b07a000 	C:\Program Files\Android\Android Studio\jbr\bin\java.exe
0x00007fff183d0000 - 0x00007fff185c8000 	C:\WINDOWS\SYSTEM32\ntdll.dll
0x00007fff180f0000 - 0x00007fff181ad000 	C:\WINDOWS\System32\KERNEL32.DLL
0x00007fff16130000 - 0x00007fff16426000 	C:\WINDOWS\System32\KERNELBASE.dll
0x00007fff15ca0000 - 0x00007fff15da0000 	C:\WINDOWS\System32\ucrtbase.dll
0x00007ffef9680000 - 0x00007ffef9697000 	C:\Program Files\Android\Android Studio\jbr\bin\jli.dll
0x00007fff17d20000 - 0x00007fff17ebe000 	C:\WINDOWS\System32\USER32.dll
0x00007fff15ab0000 - 0x00007fff15ad2000 	C:\WINDOWS\System32\win32u.dll
0x00007fff17a50000 - 0x00007fff17a7c000 	C:\WINDOWS\System32\GDI32.dll
0x00007fff15ae0000 - 0x00007fff15bfa000 	C:\WINDOWS\System32\gdi32full.dll
0x00007fff15c00000 - 0x00007fff15c9d000 	C:\WINDOWS\System32\msvcp_win.dll
0x00007ffef2790000 - 0x00007ffef27ab000 	C:\Program Files\Android\Android Studio\jbr\bin\VCRUNTIME140.dll
0x00007ffeff6b0000 - 0x00007ffeff94a000 	C:\WINDOWS\WinSxS\amd64_microsoft.windows.common-controls_6595b64144ccf1df_6.0.19041.1110_none_60b5254171f9507e\COMCTL32.dll
0x00007fff181c0000 - 0x00007fff1825e000 	C:\WINDOWS\System32\msvcrt.dll
0x00007fff178f0000 - 0x00007fff17920000 	C:\WINDOWS\System32\IMM32.DLL
0x00007ffef33c0000 - 0x00007ffef33cc000 	C:\Program Files\Android\Android Studio\jbr\bin\vcruntime140_1.dll
0x00007ffee5fc0000 - 0x00007ffee604d000 	C:\Program Files\Android\Android Studio\jbr\bin\msvcp140.dll
0x00007ffeccb90000 - 0x00007ffecd7fe000 	C:\Program Files\Android\Android Studio\jbr\bin\server\jvm.dll
0x00007fff16a80000 - 0x00007fff16b2e000 	C:\WINDOWS\System32\ADVAPI32.dll
0x00007fff17f70000 - 0x00007fff1800c000 	C:\WINDOWS\System32\sechost.dll
0x00007fff17ab0000 - 0x00007fff17bd6000 	C:\WINDOWS\System32\RPCRT4.dll
0x00007ffef0220000 - 0x00007ffef0229000 	C:\WINDOWS\SYSTEM32\WSOCK32.dll
0x00007fff17880000 - 0x00007fff178eb000 	C:\WINDOWS\System32\WS2_32.dll
0x00007fff0dbc0000 - 0x00007fff0dbe7000 	C:\WINDOWS\SYSTEM32\WINMM.dll
0x00007fff0fd90000 - 0x00007fff0fd9a000 	C:\WINDOWS\SYSTEM32\VERSION.dll
0x00007fff13960000 - 0x00007fff13972000 	C:\WINDOWS\SYSTEM32\kernel.appcore.dll
0x00007fff118c0000 - 0x00007fff118ca000 	C:\Program Files\Android\Android Studio\jbr\bin\jimage.dll
0x00007fff0ef30000 - 0x00007fff0f114000 	C:\WINDOWS\SYSTEM32\DBGHELP.DLL
0x00007fff00010000 - 0x00007fff00044000 	C:\WINDOWS\SYSTEM32\dbgcore.DLL
0x00007fff15ec0000 - 0x00007fff15f42000 	C:\WINDOWS\System32\bcryptPrimitives.dll
0x00007fff110b0000 - 0x00007fff110d5000 	C:\Program Files\Android\Android Studio\jbr\bin\java.dll
0x00007fff09c40000 - 0x00007fff09c58000 	C:\Program Files\Android\Android Studio\jbr\bin\zip.dll
0x00007fff16d70000 - 0x00007fff174b5000 	C:\WINDOWS\System32\SHELL32.dll
0x00007fff13b60000 - 0x00007fff142fb000 	C:\WINDOWS\SYSTEM32\windows.storage.dll
0x00007fff17520000 - 0x00007fff17874000 	C:\WINDOWS\System32\combase.dll
0x00007fff15420000 - 0x00007fff1544e000 	C:\WINDOWS\SYSTEM32\Wldp.dll
0x00007fff17ec0000 - 0x00007fff17f6d000 	C:\WINDOWS\System32\SHCORE.dll
0x00007fff17cc0000 - 0x00007fff17d15000 	C:\WINDOWS\System32\shlwapi.dll
0x00007fff159e0000 - 0x00007fff15a05000 	C:\WINDOWS\SYSTEM32\profapi.dll
0x00007ffefc1b0000 - 0x00007ffefc1c9000 	C:\Program Files\Android\Android Studio\jbr\bin\net.dll
0x00007fff100c0000 - 0x00007fff101ca000 	C:\WINDOWS\SYSTEM32\WINHTTP.dll
0x00007fff15180000 - 0x00007fff151ea000 	C:\WINDOWS\system32\mswsock.dll
0x00007ffef9990000 - 0x00007ffef99a6000 	C:\Program Files\Android\Android Studio\jbr\bin\nio.dll
0x00007fff11680000 - 0x00007fff11690000 	C:\Program Files\Android\Android Studio\jbr\bin\verify.dll
0x00007ffef3970000 - 0x00007ffef3997000 	C:\Users\Pichau\.gradle\native\68d5fa5c4cc2d200863cafc0d521ce42e7d3e7ee720ec0a83991735586a16f82\windows-amd64\native-platform.dll
0x00007ffecda10000 - 0x00007ffecdb54000 	C:\Users\Pichau\.gradle\native\e376f236ea51e6404a007f0833ffe2c6e607c4080706a723a18a27aeea778392\windows-amd64\native-platform-file-events.dll
0x00007fff0fe50000 - 0x00007fff0fe59000 	C:\Program Files\Android\Android Studio\jbr\bin\management.dll
0x00007fff07b20000 - 0x00007fff07b2b000 	C:\Program Files\Android\Android Studio\jbr\bin\management_ext.dll
0x00007fff16600000 - 0x00007fff16608000 	C:\WINDOWS\System32\PSAPI.DLL
0x00007fff15370000 - 0x00007fff15388000 	C:\WINDOWS\SYSTEM32\CRYPTSP.dll
0x00007fff14a90000 - 0x00007fff14ac4000 	C:\WINDOWS\system32\rsaenh.dll
0x00007fff15f50000 - 0x00007fff15f77000 	C:\WINDOWS\System32\bcrypt.dll
0x00007fff15960000 - 0x00007fff1598e000 	C:\WINDOWS\SYSTEM32\USERENV.dll
0x00007fff15390000 - 0x00007fff1539c000 	C:\WINDOWS\SYSTEM32\CRYPTBASE.dll
0x00007fff14e70000 - 0x00007fff14eab000 	C:\WINDOWS\SYSTEM32\IPHLPAPI.DLL
0x00007fff181b0000 - 0x00007fff181b8000 	C:\WINDOWS\System32\NSI.dll
0x00007fff0fd70000 - 0x00007fff0fd87000 	C:\WINDOWS\SYSTEM32\dhcpcsvc6.DLL
0x00007fff0fe60000 - 0x00007fff0fe7d000 	C:\WINDOWS\SYSTEM32\dhcpcsvc.DLL
0x00007fff14eb0000 - 0x00007fff14f7a000 	C:\WINDOWS\SYSTEM32\DNSAPI.dll
0x00007fff07af0000 - 0x00007fff07af7000 	C:\WINDOWS\system32\wshunix.dll
0x00007fff14bb0000 - 0x00007fff14be3000 	C:\WINDOWS\SYSTEM32\ntmarta.dll

dbghelp: loaded successfully - version: 4.0.5 - missing functions: none
symbol engine: initialized successfully - sym options: 0x614 - pdb path: .;C:\Program Files\Android\Android Studio\jbr\bin;C:\WINDOWS\SYSTEM32;C:\WINDOWS\WinSxS\amd64_microsoft.windows.common-controls_6595b64144ccf1df_6.0.19041.1110_none_60b5254171f9507e;C:\Program Files\Android\Android Studio\jbr\bin\server;C:\Users\Pichau\.gradle\native\68d5fa5c4cc2d200863cafc0d521ce42e7d3e7ee720ec0a83991735586a16f82\windows-amd64;C:\Users\Pichau\.gradle\native\e376f236ea51e6404a007f0833ffe2c6e607c4080706a723a18a27aeea778392\windows-amd64

VM Arguments:
jvm_args: --add-opens=java.base/java.util=ALL-UNNAMED --add-opens=java.base/java.lang=ALL-UNNAMED --add-opens=java.base/java.lang.invoke=ALL-UNNAMED --add-opens=java.prefs/java.util.prefs=ALL-UNNAMED --add-opens=java.base/java.nio.charset=ALL-UNNAMED --add-opens=java.base/java.net=ALL-UNNAMED --add-opens=java.base/java.util.concurrent.atomic=ALL-UNNAMED -Xmx2048m -Dfile.encoding=UTF-8 -Duser.country=BR -Duser.language=pt -Duser.variant 
java_command: org.gradle.launcher.daemon.bootstrap.GradleDaemon 8.0
java_class_path (initial): C:\Users\Pichau\.gradle\wrapper\dists\gradle-8.0-bin\ca5e32bp14vu59qr306oxotwh\gradle-8.0\lib\gradle-launcher-8.0.jar
Launcher Type: SUN_STANDARD

[Global flags]
     intx CICompilerCount                          = 3                                         {product} {ergonomic}
     uint ConcGCThreads                            = 1                                         {product} {ergonomic}
     uint G1ConcRefinementThreads                  = 4                                         {product} {ergonomic}
   size_t G1HeapRegionSize                         = 1048576                                   {product} {ergonomic}
    uintx GCDrainStackTargetSize                   = 64                                        {product} {ergonomic}
   size_t InitialHeapSize                          = 234881024                                 {product} {ergonomic}
   size_t MarkStackSize                            = 4194304                                   {product} {ergonomic}
   size_t MaxHeapSize                              = 2147483648                                {product} {command line}
   size_t MaxNewSize                               = 1287651328                                {product} {ergonomic}
   size_t MinHeapDeltaBytes                        = 1048576                                   {product} {ergonomic}
   size_t MinHeapSize                              = 8388608                                   {product} {ergonomic}
    uintx NonNMethodCodeHeapSize                   = 5832780                                {pd product} {ergonomic}
    uintx NonProfiledCodeHeapSize                  = 122912730                              {pd product} {ergonomic}
    uintx ProfiledCodeHeapSize                     = 122912730                              {pd product} {ergonomic}
    uintx ReservedCodeCacheSize                    = 251658240                              {pd product} {ergonomic}
     bool SegmentedCodeCache                       = true                                      {product} {ergonomic}
   size_t SoftMaxHeapSize                          = 2147483648                             {manageable} {ergonomic}
     bool UseCompressedClassPointers               = true                           {product lp64_product} {ergonomic}
     bool UseCompressedOops                        = true                           {product lp64_product} {ergonomic}
     bool UseG1GC                                  = true                                      {product} {ergonomic}
     bool UseLargePagesIndividualAllocation        = false                                  {pd product} {ergonomic}

Logging:
Log output configuration:
 #0: stdout all=warning uptime,level,tags
 #1: stderr all=off uptime,level,tags

Environment Variables:
PATH=C:\WINDOWS\system32;C:\WINDOWS;C:\WINDOWS\System32\Wbem;C:\WINDOWS\System32\WindowsPowerShell\v1.0\;C:\WINDOWS\System32\OpenSSH\;C:\Program Files\Microsoft SQL Server\150\Tools\Binn\;C:\Program Files\Microsoft SQL Server\Client SDK\ODBC\170\Tools\Binn\;C:\Program Files\dotnet\;C:\Program Files\Microsoft SQL Server\Client SDK\ODBC\110\Tools\Binn\;C:\Program Files (x86)\Microsoft SQL Server\120\Tools\Binn\;C:\Program Files\Microsoft SQL Server\120\Tools\Binn\;C:\Program Files\Microsoft SQL Server\120\DTS\Binn\;C:\Program Files (x86)\Microsoft SQL Server\120\Tools\Binn\ManagementStudio\;C:\Program Files (x86)\Microsoft SQL Server\120\DTS\Binn\;C:\Users\Pichau\AppData\Local\Microsoft\WindowsApps;;C:\Users\Pichau\AppData\Local\Programs\Microsoft VS Code\bin;C:\Users\Pichau\.dotnet\tools
USERNAME=Tho
OS=Windows_NT
PROCESSOR_IDENTIFIER=AMD64 Family 23 Model 17 Stepping 0, AuthenticAMD
TMP=C:\Users\Pichau\AppData\Local\Temp
TEMP=C:\Users\Pichau\AppData\Local\Temp


JNI global refs:
JNI global refs: 26, weak refs: 11

JNI global refs memory usage: 843, weak refs: 841


---------------  S Y S T E M  ---------------

OS:
 Windows 10 , 64 bit Build 19041 (10.0.19041.3393)
OS uptime: 0 days 5:08 hours

CPU: total 4 (initial active 4) (4 cores per cpu, 1 threads per core) family 23 model 17 stepping 0 microcode 0x0, cx8, cmov, fxsr, mmx, 3dnowpref, sse, sse2, sse3, ssse3, sse4a, sse4.1, sse4.2, popcnt, lzcnt, tsc, tscinvbit, avx, avx2, aes, clmul, bmi1, bmi2, adx, sha, fma, vzeroupper, clflush, clflushopt

Memory: 4k page, system-wide physical 14264M (3648M free)
TotalPageFile size 14264M (AvailPageFile size 253M)
current process WorkingSet (physical memory assigned to process): 597M, peak: 637M
current process commit charge ("private bytes"): 666M, peak: 949M

vm_info: OpenJDK 64-Bit Server VM (17.0.6+0-b2043.56-10027231) for windows-amd64 JRE (17.0.6+0-b2043.56-10027231), built on Apr 28 2023 00:43:19 by "androidbuild" with MS VC++ 16.10 / 16.11 (VS2019)

END.
