#
# There is insufficient memory for the Java Runtime Environment to continue.
# Native memory allocation (mmap) failed to map 435159040 bytes for G1 virtual space
# Possible reasons:
#   The system is out of physical RAM or swap space
#   The process is running with CompressedOops enabled, and the Java Heap may be blocking the growth of the native heap
# Possible solutions:
#   Reduce memory load on the system
#   Increase physical memory or swap space
#   Check if swap backing store is full
#   Decrease Java heap size (-Xmx/-Xms)
#   Decrease number of Java threads
#   Decrease Java thread stack sizes (-Xss)
#   Set larger code cache with -XX:ReservedCodeCacheSize=
#   JVM is running with Unscaled Compressed Oops mode in which the Java heap is
#     placed in the first 4GB address space. The Java Heap base address is the
#     maximum limit for the native heap growth. Please use -XX:HeapBaseMinAddress
#     to set the Java Heap base and to place the Java Heap above 4GB virtual address.
# This output file may be truncated or incomplete.
#
#  Out of Memory Error (os_windows.cpp:3769), pid=10300, tid=11080
#
# JRE version: OpenJDK Runtime Environment (17.0.6) (build 17.0.6+0-b2043.56-10027231)
# Java VM: OpenJDK 64-Bit Server VM (17.0.6+0-b2043.56-10027231, mixed mode, tiered, compressed oops, compressed class ptrs, g1 gc, windows-amd64)
# No core dump will be written. Minidumps are not enabled by default on client versions of Windows
#

---------------  S U M M A R Y ------------

Command Line: --add-opens=java.base/java.util=ALL-UNNAMED --add-opens=java.base/java.lang=ALL-UNNAMED --add-opens=java.base/java.lang.invoke=ALL-UNNAMED --add-opens=java.prefs/java.util.prefs=ALL-UNNAMED --add-opens=java.base/java.nio.charset=ALL-UNNAMED --add-opens=java.base/java.net=ALL-UNNAMED --add-opens=java.base/java.util.concurrent.atomic=ALL-UNNAMED -Xmx2048m -Dfile.encoding=UTF-8 -Duser.country=BR -Duser.language=pt -Duser.variant org.gradle.launcher.daemon.bootstrap.GradleDaemon 8.0

Host: AMD Ryzen 3 2200G with Radeon Vega Graphics    , 4 cores, 13G,  Windows 10 , 64 bit Build 19041 (10.0.19041.3155)
Time: Mon Aug 28 20:43:29 2023 Hora oficial do Brasil elapsed time: 27.872567 seconds (0d 0h 0m 27s)

---------------  T H R E A D  ---------------

Current thread (0x0000029c7eb6e8b0):  VMThread "VM Thread" [stack: 0x000000ccd4a00000,0x000000ccd4b00000] [id=11080]

Stack: [0x000000ccd4a00000,0x000000ccd4b00000]
Native frames: (J=compiled Java code, j=interpreted, Vv=VM code, C=native code)
V  [jvm.dll+0x683c9a]
V  [jvm.dll+0x8427a4]
V  [jvm.dll+0x843f9e]
V  [jvm.dll+0x844603]
V  [jvm.dll+0x249b75]
V  [jvm.dll+0x680b69]
V  [jvm.dll+0x67505a]
V  [jvm.dll+0x309acb]
V  [jvm.dll+0x310f86]
V  [jvm.dll+0x3608ee]
V  [jvm.dll+0x360b1f]
V  [jvm.dll+0x2dfbf8]
V  [jvm.dll+0x2ddec4]
V  [jvm.dll+0x2dd4cc]
V  [jvm.dll+0x321f3b]
V  [jvm.dll+0x848ccb]
V  [jvm.dll+0x849a04]
V  [jvm.dll+0x849f1d]
V  [jvm.dll+0x84a2f4]
V  [jvm.dll+0x84a3c0]
V  [jvm.dll+0x7f274a]
V  [jvm.dll+0x682ad5]
C  [ucrtbase.dll+0x21bb2]
C  [KERNEL32.DLL+0x17614]
C  [ntdll.dll+0x526b1]

VM_Operation (0x000000ccda5fbe50): G1CollectForAllocation, mode: safepoint, requested by thread 0x0000029c1b4438b0


---------------  P R O C E S S  ---------------

Threads class SMR info:
_java_thread_list=0x0000029c1bc048e0, length=95, elements={
0x0000029c76609990, 0x0000029c7eb6a080, 0x0000029c7eb6ae00, 0x0000029c7f430370,
0x0000029c7f446010, 0x0000029c7f4464e0, 0x0000029c7f446da0, 0x0000029c7f447990,
0x0000029c7f44c350, 0x0000029c7f454c60, 0x0000029c7f5ff870, 0x0000029c7f600150,
0x0000029c140a7a00, 0x0000029c146bf380, 0x0000029c142de100, 0x0000029c13b294b0,
0x0000029c146a5bb0, 0x0000029c15334bc0, 0x0000029c1442c590, 0x0000029c140551a0,
0x0000029c14055670, 0x0000029c14055b40, 0x0000029c14054cd0, 0x0000029c14054800,
0x0000029c1719d530, 0x0000029c171a3a40, 0x0000029c171a1890, 0x0000029c171a30a0,
0x0000029c171a43e0, 0x0000029c1719e3a0, 0x0000029c171a3570, 0x0000029c1719da00,
0x0000029c171a3f10, 0x0000029c171a2bd0, 0x0000029c1719d060, 0x0000029c1719f6e0,
0x0000029c1719fbb0, 0x0000029c171a0550, 0x0000029c171a0a20, 0x0000029c171a13c0,
0x0000029c14466140, 0x0000029c14461440, 0x0000029c144622b0, 0x0000029c144657a0,
0x0000029c14462780, 0x0000029c14467480, 0x0000029c14465c70, 0x0000029c14462c50,
0x0000029c144682f0, 0x0000029c14466610, 0x0000029c14466ae0, 0x0000029c144635f0,
0x0000029c14464e00, 0x0000029c14464930, 0x0000029c14460aa0, 0x0000029c14467e20,
0x0000029c14467950, 0x0000029c144652d0, 0x0000029c14466fb0, 0x0000029c14463120,
0x0000029c14463ac0, 0x0000029c14460f70, 0x0000029c14461910, 0x0000029c14461de0,
0x0000029c14463f90, 0x0000029c14464460, 0x0000029c1446d2e0, 0x0000029c14468f80,
0x0000029c1446d7b0, 0x0000029c1446f960, 0x0000029c14469920, 0x0000029c1446fe30,
0x0000029c1446a2c0, 0x0000029c1446efc0, 0x0000029c14469450, 0x0000029c14469df0,
0x0000029c1446dc80, 0x0000029c1446bfa0, 0x0000029c1446e150, 0x0000029c1446e620,
0x0000029c1446b600, 0x0000029c1b43c060, 0x0000029c1b441bd0, 0x0000029c1b43ced0,
0x0000029c1b43c530, 0x0000029c1b442a40, 0x0000029c1b4438b0, 0x0000029c1b43ebb0,
0x0000029c1b442f10, 0x0000029c1b43f550, 0x0000029c17a44130, 0x0000029c175f2d30,
0x0000029c175f3200, 0x0000029c175f4540, 0x0000029c175f01e0
}

Java Threads: ( => current thread )
  0x0000029c76609990 JavaThread "main" [_thread_blocked, id=7336, stack(0x000000ccd4400000,0x000000ccd4500000)]
  0x0000029c7eb6a080 JavaThread "Reference Handler" daemon [_thread_blocked, id=10360, stack(0x000000ccd4b00000,0x000000ccd4c00000)]
  0x0000029c7eb6ae00 JavaThread "Finalizer" daemon [_thread_blocked, id=11068, stack(0x000000ccd4c00000,0x000000ccd4d00000)]
  0x0000029c7f430370 JavaThread "Signal Dispatcher" daemon [_thread_blocked, id=6372, stack(0x000000ccd4d00000,0x000000ccd4e00000)]
  0x0000029c7f446010 JavaThread "Attach Listener" daemon [_thread_blocked, id=5828, stack(0x000000ccd4e00000,0x000000ccd4f00000)]
  0x0000029c7f4464e0 JavaThread "Service Thread" daemon [_thread_blocked, id=12012, stack(0x000000ccd4f00000,0x000000ccd5000000)]
  0x0000029c7f446da0 JavaThread "Monitor Deflation Thread" daemon [_thread_blocked, id=11452, stack(0x000000ccd5000000,0x000000ccd5100000)]
  0x0000029c7f447990 JavaThread "C2 CompilerThread0" daemon [_thread_in_native, id=2300, stack(0x000000ccd5100000,0x000000ccd5200000)]
  0x0000029c7f44c350 JavaThread "C1 CompilerThread0" daemon [_thread_blocked, id=5440, stack(0x000000ccd5200000,0x000000ccd5300000)]
  0x0000029c7f454c60 JavaThread "Sweeper thread" daemon [_thread_blocked, id=4984, stack(0x000000ccd5300000,0x000000ccd5400000)]
  0x0000029c7f5ff870 JavaThread "Common-Cleaner" daemon [_thread_blocked, id=9000, stack(0x000000ccd5400000,0x000000ccd5500000)]
  0x0000029c7f600150 JavaThread "Notification Thread" daemon [_thread_blocked, id=6432, stack(0x000000ccd5500000,0x000000ccd5600000)]
  0x0000029c140a7a00 JavaThread "Daemon health stats" [_thread_blocked, id=12004, stack(0x000000ccd5b00000,0x000000ccd5c00000)]
  0x0000029c146bf380 JavaThread "Incoming local TCP Connector on port 53035" [_thread_in_native, id=6420, stack(0x000000ccd5c00000,0x000000ccd5d00000)]
  0x0000029c142de100 JavaThread "Daemon periodic checks" [_thread_blocked, id=6564, stack(0x000000ccd5d00000,0x000000ccd5e00000)]
  0x0000029c13b294b0 JavaThread "Daemon" [_thread_blocked, id=8624, stack(0x000000ccd5e00000,0x000000ccd5f00000)]
  0x0000029c146a5bb0 JavaThread "Handler for socket connection from /127.0.0.1:53035 to /127.0.0.1:53036" [_thread_in_native, id=9284, stack(0x000000ccd5f00000,0x000000ccd6000000)]
  0x0000029c15334bc0 JavaThread "Cancel handler" [_thread_blocked, id=2780, stack(0x000000ccd6000000,0x000000ccd6100000)]
  0x0000029c1442c590 JavaThread "Daemon worker" [_thread_blocked, id=11980, stack(0x000000ccd6100000,0x000000ccd6200000)]
  0x0000029c140551a0 JavaThread "Asynchronous log dispatcher for DefaultDaemonConnection: socket connection from /127.0.0.1:53035 to /127.0.0.1:53036" [_thread_blocked, id=3884, stack(0x000000ccd6200000,0x000000ccd6300000)]
  0x0000029c14055670 JavaThread "Stdin handler" [_thread_blocked, id=9232, stack(0x000000ccd6300000,0x000000ccd6400000)]
  0x0000029c14055b40 JavaThread "Daemon client event forwarder" [_thread_blocked, id=5452, stack(0x000000ccd6400000,0x000000ccd6500000)]
  0x0000029c14054cd0 JavaThread "Cache worker for journal cache (C:\Users\Pichau\.gradle\caches\journal-1)" [_thread_blocked, id=2960, stack(0x000000ccd6500000,0x000000ccd6600000)]
  0x0000029c14054800 JavaThread "File lock request listener" [_thread_in_native, id=11412, stack(0x000000ccd6600000,0x000000ccd6700000)]
  0x0000029c1719d530 JavaThread "Cache worker for file hash cache (C:\Users\Pichau\.gradle\caches\8.0\fileHashes)" [_thread_blocked, id=3660, stack(0x000000ccd6700000,0x000000ccd6800000)]
  0x0000029c171a3a40 JavaThread "File watcher server" daemon [_thread_blocked, id=8536, stack(0x000000ccd6800000,0x000000ccd6900000)]
  0x0000029c171a1890 JavaThread "File watcher consumer" daemon [_thread_blocked, id=2784, stack(0x000000ccd6900000,0x000000ccd6a00000)]
  0x0000029c171a30a0 JavaThread "Cache worker for checksums cache (C:\Users\Pichau\AndroidStudioProjects\Tcc_funcionario\.gradle\8.0\checksums)" [_thread_blocked, id=6312, stack(0x000000ccd6a00000,0x000000ccd6b00000)]
  0x0000029c171a43e0 JavaThread "Cache worker for cache directory md-rule (C:\Users\Pichau\.gradle\caches\8.0\md-rule)" [_thread_blocked, id=2144, stack(0x000000ccd6b00000,0x000000ccd6c00000)]
  0x0000029c1719e3a0 JavaThread "Cache worker for file content cache (C:\Users\Pichau\.gradle\caches\8.0\fileContent)" [_thread_blocked, id=1192, stack(0x000000ccd6c00000,0x000000ccd6d00000)]
  0x0000029c171a3570 JavaThread "Cache worker for file hash cache (C:\Users\Pichau\AndroidStudioProjects\Tcc_funcionario\.gradle\8.0\fileHashes)" [_thread_blocked, id=6748, stack(0x000000ccd6d00000,0x000000ccd6e00000)]
  0x0000029c1719da00 JavaThread "Cache worker for cache directory md-supplier (C:\Users\Pichau\.gradle\caches\8.0\md-supplier)" [_thread_blocked, id=5924, stack(0x000000ccd6e00000,0x000000ccd6f00000)]
  0x0000029c171a3f10 JavaThread "Cache worker for execution history cache (C:\Users\Pichau\.gradle\caches\8.0\executionHistory)" [_thread_blocked, id=3440, stack(0x000000ccd6f00000,0x000000ccd7000000)]
  0x0000029c171a2bd0 JavaThread "jar transforms" [_thread_blocked, id=640, stack(0x000000ccd7000000,0x000000ccd7100000)]
  0x0000029c1719d060 JavaThread "jar transforms Thread 2" [_thread_blocked, id=7204, stack(0x000000ccd7100000,0x000000ccd7200000)]
  0x0000029c1719f6e0 JavaThread "jar transforms Thread 3" [_thread_blocked, id=7060, stack(0x000000ccd7200000,0x000000ccd7300000)]
  0x0000029c1719fbb0 JavaThread "jar transforms Thread 4" [_thread_blocked, id=7028, stack(0x000000ccd7300000,0x000000ccd7400000)]
  0x0000029c171a0550 JavaThread "Cache worker for dependencies-accessors (C:\Users\Pichau\AndroidStudioProjects\Tcc_funcionario\.gradle\8.0\dependencies-accessors)" [_thread_blocked, id=7820, stack(0x000000ccd7400000,0x000000ccd7500000)]
  0x0000029c171a0a20 JavaThread "Cache worker for Build Output Cleanup Cache (C:\Users\Pichau\AndroidStudioProjects\Tcc_funcionario\.gradle\buildOutputCleanup)" [_thread_blocked, id=11116, stack(0x000000ccd7500000,0x000000ccd7600000)]
  0x0000029c171a13c0 JavaThread "Unconstrained build operations" [_thread_blocked, id=4752, stack(0x000000ccd7600000,0x000000ccd7700000)]
  0x0000029c14466140 JavaThread "Unconstrained build operations Thread 2" [_thread_blocked, id=3720, stack(0x000000ccd7700000,0x000000ccd7800000)]
  0x0000029c14461440 JavaThread "Unconstrained build operations Thread 3" [_thread_blocked, id=11024, stack(0x000000ccd7800000,0x000000ccd7900000)]
  0x0000029c144622b0 JavaThread "Unconstrained build operations Thread 4" [_thread_blocked, id=8120, stack(0x000000ccd7900000,0x000000ccd7a00000)]
  0x0000029c144657a0 JavaThread "Unconstrained build operations Thread 5" [_thread_blocked, id=7556, stack(0x000000ccd7a00000,0x000000ccd7b00000)]
  0x0000029c14462780 JavaThread "Unconstrained build operations Thread 6" [_thread_blocked, id=11284, stack(0x000000ccd7b00000,0x000000ccd7c00000)]
  0x0000029c14467480 JavaThread "Unconstrained build operations Thread 7" [_thread_blocked, id=9116, stack(0x000000ccd7c00000,0x000000ccd7d00000)]
  0x0000029c14465c70 JavaThread "Unconstrained build operations Thread 8" [_thread_blocked, id=4628, stack(0x000000ccd7d00000,0x000000ccd7e00000)]
  0x0000029c14462c50 JavaThread "Unconstrained build operations Thread 9" [_thread_blocked, id=3596, stack(0x000000ccd7e00000,0x000000ccd7f00000)]
  0x0000029c144682f0 JavaThread "Unconstrained build operations Thread 10" [_thread_blocked, id=5644, stack(0x000000ccd7f00000,0x000000ccd8000000)]
  0x0000029c14466610 JavaThread "Unconstrained build operations Thread 11" [_thread_blocked, id=7068, stack(0x000000ccd8000000,0x000000ccd8100000)]
  0x0000029c14466ae0 JavaThread "Unconstrained build operations Thread 12" [_thread_blocked, id=2840, stack(0x000000ccd8100000,0x000000ccd8200000)]
  0x0000029c144635f0 JavaThread "Unconstrained build operations Thread 13" [_thread_blocked, id=10424, stack(0x000000ccd8200000,0x000000ccd8300000)]
  0x0000029c14464e00 JavaThread "Unconstrained build operations Thread 14" [_thread_blocked, id=10264, stack(0x000000ccd8300000,0x000000ccd8400000)]
  0x0000029c14464930 JavaThread "Unconstrained build operations Thread 15" [_thread_blocked, id=916, stack(0x000000ccd8400000,0x000000ccd8500000)]
  0x0000029c14460aa0 JavaThread "Unconstrained build operations Thread 16" [_thread_blocked, id=1860, stack(0x000000ccd8500000,0x000000ccd8600000)]
  0x0000029c14467e20 JavaThread "Unconstrained build operations Thread 17" [_thread_blocked, id=9508, stack(0x000000ccd8600000,0x000000ccd8700000)]
  0x0000029c14467950 JavaThread "Unconstrained build operations Thread 18" [_thread_blocked, id=4596, stack(0x000000ccd8700000,0x000000ccd8800000)]
  0x0000029c144652d0 JavaThread "Unconstrained build operations Thread 19" [_thread_blocked, id=7872, stack(0x000000ccd8800000,0x000000ccd8900000)]
  0x0000029c14466fb0 JavaThread "Unconstrained build operations Thread 20" [_thread_blocked, id=8056, stack(0x000000ccd8900000,0x000000ccd8a00000)]
  0x0000029c14463120 JavaThread "Unconstrained build operations Thread 21" [_thread_blocked, id=4268, stack(0x000000ccd8a00000,0x000000ccd8b00000)]
  0x0000029c14463ac0 JavaThread "Unconstrained build operations Thread 22" [_thread_blocked, id=7876, stack(0x000000ccd8b00000,0x000000ccd8c00000)]
  0x0000029c14460f70 JavaThread "Unconstrained build operations Thread 23" [_thread_blocked, id=10272, stack(0x000000ccd8c00000,0x000000ccd8d00000)]
  0x0000029c14461910 JavaThread "Unconstrained build operations Thread 24" [_thread_blocked, id=4676, stack(0x000000ccd8d00000,0x000000ccd8e00000)]
  0x0000029c14461de0 JavaThread "Unconstrained build operations Thread 25" [_thread_blocked, id=2420, stack(0x000000ccd8e00000,0x000000ccd8f00000)]
  0x0000029c14463f90 JavaThread "Unconstrained build operations Thread 26" [_thread_blocked, id=7716, stack(0x000000ccd8f00000,0x000000ccd9000000)]
  0x0000029c14464460 JavaThread "Unconstrained build operations Thread 27" [_thread_blocked, id=5436, stack(0x000000ccd9000000,0x000000ccd9100000)]
  0x0000029c1446d2e0 JavaThread "Unconstrained build operations Thread 28" [_thread_blocked, id=8656, stack(0x000000ccd9100000,0x000000ccd9200000)]
  0x0000029c14468f80 JavaThread "Unconstrained build operations Thread 29" [_thread_blocked, id=9520, stack(0x000000ccd9200000,0x000000ccd9300000)]
  0x0000029c1446d7b0 JavaThread "Unconstrained build operations Thread 30" [_thread_blocked, id=9360, stack(0x000000ccd9300000,0x000000ccd9400000)]
  0x0000029c1446f960 JavaThread "Unconstrained build operations Thread 31" [_thread_blocked, id=11492, stack(0x000000ccd9400000,0x000000ccd9500000)]
  0x0000029c14469920 JavaThread "Unconstrained build operations Thread 32" [_thread_blocked, id=2956, stack(0x000000ccd9500000,0x000000ccd9600000)]
  0x0000029c1446fe30 JavaThread "Unconstrained build operations Thread 33" [_thread_blocked, id=540, stack(0x000000ccd9600000,0x000000ccd9700000)]
  0x0000029c1446a2c0 JavaThread "Unconstrained build operations Thread 34" [_thread_blocked, id=2432, stack(0x000000ccd9700000,0x000000ccd9800000)]
  0x0000029c1446efc0 JavaThread "Unconstrained build operations Thread 35" [_thread_blocked, id=964, stack(0x000000ccd9800000,0x000000ccd9900000)]
  0x0000029c14469450 JavaThread "Unconstrained build operations Thread 36" [_thread_blocked, id=9312, stack(0x000000ccd9900000,0x000000ccd9a00000)]
  0x0000029c14469df0 JavaThread "Unconstrained build operations Thread 37" [_thread_blocked, id=508, stack(0x000000ccd9a00000,0x000000ccd9b00000)]
  0x0000029c1446dc80 JavaThread "Unconstrained build operations Thread 38" [_thread_blocked, id=6544, stack(0x000000ccd9b00000,0x000000ccd9c00000)]
  0x0000029c1446bfa0 JavaThread "Unconstrained build operations Thread 39" [_thread_blocked, id=3696, stack(0x000000ccd9c00000,0x000000ccd9d00000)]
  0x0000029c1446e150 JavaThread "Unconstrained build operations Thread 40" [_thread_blocked, id=4780, stack(0x000000ccd9d00000,0x000000ccd9e00000)]
  0x0000029c1446e620 JavaThread "build event listener" [_thread_blocked, id=1880, stack(0x000000ccd9e00000,0x000000ccd9f00000)]
  0x0000029c1446b600 JavaThread "Memory manager" [_thread_blocked, id=7648, stack(0x000000ccd9f00000,0x000000ccda000000)]
  0x0000029c1b43c060 JavaThread "included builds" [_thread_blocked, id=7576, stack(0x000000ccda000000,0x000000ccda100000)]
  0x0000029c1b441bd0 JavaThread "Execution worker" [_thread_blocked, id=3136, stack(0x000000ccda100000,0x000000ccda200000)]
  0x0000029c1b43ced0 JavaThread "Execution worker Thread 2" [_thread_blocked, id=4372, stack(0x000000ccda200000,0x000000ccda300000)]
  0x0000029c1b43c530 JavaThread "Execution worker Thread 3" [_thread_blocked, id=4736, stack(0x000000ccda300000,0x000000ccda400000)]
  0x0000029c1b442a40 JavaThread "Cache worker for execution history cache (C:\Users\Pichau\AndroidStudioProjects\Tcc_funcionario\.gradle\8.0\executionHistory)" [_thread_blocked, id=10604, stack(0x000000ccda400000,0x000000ccda500000)]
  0x0000029c1b4438b0 JavaThread "WorkerExecutor Queue" [_thread_blocked, id=5808, stack(0x000000ccda500000,0x000000ccda600000)]
  0x0000029c1b43ebb0 JavaThread "WorkerExecutor Queue Thread 2" [_thread_blocked, id=6232, stack(0x000000ccda600000,0x000000ccda700000)]
  0x0000029c1b442f10 JavaThread "WorkerExecutor Queue Thread 3" [_thread_blocked, id=11584, stack(0x000000ccda700000,0x000000ccda800000)]
  0x0000029c1b43f550 JavaThread "WorkerExecutor Queue Thread 4" [_thread_blocked, id=5592, stack(0x000000ccdaa00000,0x000000ccdab00000)]
  0x0000029c17a44130 JavaThread "C2 CompilerThread1" daemon [_thread_in_native, id=2040, stack(0x000000ccd5700000,0x000000ccd5800000)]
  0x0000029c175f2d30 JavaThread "WorkerExecutor Queue Thread 5" [_thread_blocked, id=5092, stack(0x000000ccdab00000,0x000000ccdac00000)]
  0x0000029c175f3200 JavaThread "pool-3-thread-1" [_thread_blocked, id=9468, stack(0x000000ccdac00000,0x000000ccdad00000)]
  0x0000029c175f4540 JavaThread "stderr" [_thread_in_native, id=4484, stack(0x000000ccdad00000,0x000000ccdae00000)]
  0x0000029c175f01e0 JavaThread "stdout" [_thread_in_native, id=9240, stack(0x000000ccdae00000,0x000000ccdaf00000)]

Other Threads:
=>0x0000029c7eb6e8b0 VMThread "VM Thread" [stack: 0x000000ccd4a00000,0x000000ccd4b00000] [id=11080]
  0x0000029c76680d50 WatcherThread [stack: 0x000000ccd5600000,0x000000ccd5700000] [id=3064]
  0x0000029c76665770 GCTaskThread "GC Thread#0" [stack: 0x000000ccd4500000,0x000000ccd4600000] [id=1620]
  0x0000029c134708e0 GCTaskThread "GC Thread#1" [stack: 0x000000ccd5800000,0x000000ccd5900000] [id=4308]
  0x0000029c13470b90 GCTaskThread "GC Thread#2" [stack: 0x000000ccd5900000,0x000000ccd5a00000] [id=6712]
  0x0000029c132ef810 GCTaskThread "GC Thread#3" [stack: 0x000000ccd5a00000,0x000000ccd5b00000] [id=196]
  0x0000029c766765c0 ConcurrentGCThread "G1 Main Marker" [stack: 0x000000ccd4600000,0x000000ccd4700000] [id=7128]
  0x0000029c76676ee0 ConcurrentGCThread "G1 Conc#0" [stack: 0x000000ccd4700000,0x000000ccd4800000] [id=4564]
  0x0000029c766de3e0 ConcurrentGCThread "G1 Refine#0" [stack: 0x000000ccd4800000,0x000000ccd4900000] [id=5192]
  0x0000029c1815f8c0 ConcurrentGCThread "G1 Refine#1" [stack: 0x000000ccda800000,0x000000ccda900000] [id=5836]
  0x0000029c1815fba0 ConcurrentGCThread "G1 Refine#2" [stack: 0x000000ccda900000,0x000000ccdaa00000] [id=11092]
  0x0000029c7e9c7110 ConcurrentGCThread "G1 Service" [stack: 0x000000ccd4900000,0x000000ccd4a00000] [id=6736]

Threads with active compile tasks:
C2 CompilerThread0    27893 16667 %     4       com.android.tools.r8.internal.Y9::a @ 83 (6329 bytes)
C2 CompilerThread1    27893 16853       4       com.android.tools.r8.graph.h4::a (956 bytes)

VM state: at safepoint (normal execution)

VM Mutex/Monitor currently owned by a thread:  ([mutex/lock_event])
[0x0000029c76604050] Threads_lock - owner thread: 0x0000029c7eb6e8b0
[0x0000029c766049e0] Heap_lock - owner thread: 0x0000029c1b4438b0

Heap address: 0x0000000080000000, size: 2048 MB, Compressed Oops mode: 32-bit

CDS archive(s) not mapped
Compressed class space mapped at: 0x0000000100000000-0x0000000140000000, reserved size: 1073741824
Narrow klass base: 0x0000000000000000, Narrow klass shift: 3, Narrow klass range: 0x140000000

GC Precious Log:
 CPUs: 4 total, 4 available
 Memory: 14264M
 Large Page Support: Disabled
 NUMA Support: Disabled
 Compressed Oops: Enabled (32-bit)
 Heap Region Size: 1M
 Heap Min Capacity: 8M
 Heap Initial Capacity: 224M
 Heap Max Capacity: 2G
 Pre-touch: Disabled
 Parallel Workers: 4
 Concurrent Workers: 1
 Concurrent Refinement Workers: 4
 Periodic GC: Disabled

Heap:
 garbage-first heap   total 231424K, used 125358K [0x0000000080000000, 0x0000000100000000)
  region size 1024K, 9 young (9216K), 9 survivors (9216K)
 Metaspace       used 116655K, committed 117440K, reserved 1155072K
  class space    used 15350K, committed 15744K, reserved 1048576K

Heap Regions: E=young(eden), S=young(survivor), O=old, HS=humongous(starts), HC=humongous(continues), CS=collection set, F=free, OA=open archive, CA=closed archive, TAMS=top-at-mark-start (previous, next)
|   0|0x0000000080000000, 0x0000000080100000, 0x0000000080100000|100%| O|  |TAMS 0x0000000080100000, 0x0000000080000000| Untracked 
|   1|0x0000000080100000, 0x0000000080200000, 0x0000000080200000|100%| O|  |TAMS 0x0000000080200000, 0x0000000080100000| Untracked 
|   2|0x0000000080200000, 0x0000000080300000, 0x0000000080300000|100%|HS|  |TAMS 0x0000000080300000, 0x0000000080200000| Complete 
|   3|0x0000000080300000, 0x0000000080400000, 0x0000000080400000|100%|HC|  |TAMS 0x0000000080400000, 0x0000000080300000| Complete 
|   4|0x0000000080400000, 0x0000000080500000, 0x0000000080500000|100%|HC|  |TAMS 0x0000000080500000, 0x0000000080400000| Complete 
|   5|0x0000000080500000, 0x0000000080600000, 0x0000000080600000|100%|HC|  |TAMS 0x0000000080600000, 0x0000000080500000| Complete 
|   6|0x0000000080600000, 0x0000000080700000, 0x0000000080700000|100%| O|  |TAMS 0x0000000080700000, 0x0000000080600000| Untracked 
|   7|0x0000000080700000, 0x0000000080800000, 0x0000000080800000|100%| O|  |TAMS 0x0000000080800000, 0x0000000080700000| Untracked 
|   8|0x0000000080800000, 0x0000000080900000, 0x0000000080900000|100%| O|  |TAMS 0x0000000080900000, 0x0000000080800000| Untracked 
|   9|0x0000000080900000, 0x0000000080a00000, 0x0000000080a00000|100%| O|  |TAMS 0x0000000080a00000, 0x0000000080900000| Untracked 
|  10|0x0000000080a00000, 0x0000000080b00000, 0x0000000080b00000|100%| O|  |TAMS 0x0000000080b00000, 0x0000000080a00000| Untracked 
|  11|0x0000000080b00000, 0x0000000080c00000, 0x0000000080c00000|100%| O|  |TAMS 0x0000000080c00000, 0x0000000080b00000| Untracked 
|  12|0x0000000080c00000, 0x0000000080d00000, 0x0000000080d00000|100%| O|  |TAMS 0x0000000080d00000, 0x0000000080c00000| Untracked 
|  13|0x0000000080d00000, 0x0000000080e00000, 0x0000000080e00000|100%| O|  |TAMS 0x0000000080e00000, 0x0000000080d00000| Untracked 
|  14|0x0000000080e00000, 0x0000000080f00000, 0x0000000080f00000|100%| O|  |TAMS 0x0000000080f00000, 0x0000000080e00000| Untracked 
|  15|0x0000000080f00000, 0x0000000081000000, 0x0000000081000000|100%| O|  |TAMS 0x0000000081000000, 0x0000000080f00000| Untracked 
|  16|0x0000000081000000, 0x0000000081100000, 0x0000000081100000|100%| O|  |TAMS 0x0000000081100000, 0x0000000081000000| Untracked 
|  17|0x0000000081100000, 0x0000000081200000, 0x0000000081200000|100%| O|  |TAMS 0x0000000081200000, 0x0000000081100000| Untracked 
|  18|0x0000000081200000, 0x0000000081300000, 0x0000000081300000|100%| O|  |TAMS 0x0000000081300000, 0x0000000081200000| Untracked 
|  19|0x0000000081300000, 0x0000000081400000, 0x0000000081400000|100%| O|  |TAMS 0x0000000081400000, 0x0000000081300000| Untracked 
|  20|0x0000000081400000, 0x0000000081500000, 0x0000000081500000|100%| O|  |TAMS 0x0000000081500000, 0x0000000081400000| Untracked 
|  21|0x0000000081500000, 0x0000000081600000, 0x0000000081600000|100%| O|  |TAMS 0x0000000081600000, 0x0000000081500000| Untracked 
|  22|0x0000000081600000, 0x0000000081700000, 0x0000000081700000|100%| O|  |TAMS 0x0000000081700000, 0x0000000081600000| Untracked 
|  23|0x0000000081700000, 0x0000000081800000, 0x0000000081800000|100%| O|  |TAMS 0x0000000081800000, 0x0000000081700000| Untracked 
|  24|0x0000000081800000, 0x0000000081900000, 0x0000000081900000|100%|HS|  |TAMS 0x0000000081900000, 0x0000000081800000| Complete 
|  25|0x0000000081900000, 0x0000000081a00000, 0x0000000081a00000|100%| O|  |TAMS 0x0000000081a00000, 0x0000000081900000| Untracked 
|  26|0x0000000081a00000, 0x0000000081b00000, 0x0000000081b00000|100%| O|  |TAMS 0x0000000081b00000, 0x0000000081a00000| Untracked 
|  27|0x0000000081b00000, 0x0000000081c00000, 0x0000000081c00000|100%| O|  |TAMS 0x0000000081c00000, 0x0000000081b00000| Untracked 
|  28|0x0000000081c00000, 0x0000000081d00000, 0x0000000081d00000|100%| O|  |TAMS 0x0000000081d00000, 0x0000000081c00000| Untracked 
|  29|0x0000000081d00000, 0x0000000081e00000, 0x0000000081e00000|100%| O|  |TAMS 0x0000000081e00000, 0x0000000081d00000| Untracked 
|  30|0x0000000081e00000, 0x0000000081f00000, 0x0000000081f00000|100%| O|  |TAMS 0x0000000081f00000, 0x0000000081e00000| Untracked 
|  31|0x0000000081f00000, 0x0000000082000000, 0x0000000082000000|100%| O|  |TAMS 0x0000000082000000, 0x0000000081f00000| Untracked 
|  32|0x0000000082000000, 0x0000000082100000, 0x0000000082100000|100%| O|  |TAMS 0x0000000082100000, 0x0000000082000000| Untracked 
|  33|0x0000000082100000, 0x0000000082200000, 0x0000000082200000|100%|HS|  |TAMS 0x0000000082200000, 0x0000000082100000| Complete 
|  34|0x0000000082200000, 0x0000000082300000, 0x0000000082300000|100%| O|  |TAMS 0x0000000082300000, 0x0000000082200000| Untracked 
|  35|0x0000000082300000, 0x0000000082400000, 0x0000000082400000|100%| O|  |TAMS 0x0000000082400000, 0x0000000082300000| Untracked 
|  36|0x0000000082400000, 0x0000000082500000, 0x0000000082500000|100%| O|  |TAMS 0x0000000082500000, 0x0000000082400000| Untracked 
|  37|0x0000000082500000, 0x0000000082600000, 0x0000000082600000|100%| O|  |TAMS 0x0000000082600000, 0x0000000082500000| Untracked 
|  38|0x0000000082600000, 0x0000000082700000, 0x0000000082700000|100%| O|  |TAMS 0x0000000082700000, 0x0000000082600000| Untracked 
|  39|0x0000000082700000, 0x0000000082800000, 0x0000000082800000|100%| O|  |TAMS 0x0000000082700000, 0x0000000082700000| Untracked 
|  40|0x0000000082800000, 0x0000000082900000, 0x0000000082900000|100%| O|  |TAMS 0x0000000082900000, 0x0000000082800000| Untracked 
|  41|0x0000000082900000, 0x0000000082a00000, 0x0000000082a00000|100%| O|  |TAMS 0x0000000082a00000, 0x0000000082900000| Untracked 
|  42|0x0000000082a00000, 0x0000000082b00000, 0x0000000082b00000|100%| O|  |TAMS 0x0000000082b00000, 0x0000000082a00000| Untracked 
|  43|0x0000000082b00000, 0x0000000082c00000, 0x0000000082c00000|100%| O|  |TAMS 0x0000000082c00000, 0x0000000082b00000| Untracked 
|  44|0x0000000082c00000, 0x0000000082d00000, 0x0000000082d00000|100%| O|  |TAMS 0x0000000082d00000, 0x0000000082c00000| Untracked 
|  45|0x0000000082d00000, 0x0000000082e00000, 0x0000000082e00000|100%| O|  |TAMS 0x0000000082e00000, 0x0000000082d00000| Untracked 
|  46|0x0000000082e00000, 0x0000000082f00000, 0x0000000082f00000|100%| O|  |TAMS 0x0000000082f00000, 0x0000000082e00000| Untracked 
|  47|0x0000000082f00000, 0x0000000083000000, 0x0000000083000000|100%| O|  |TAMS 0x0000000083000000, 0x0000000082f00000| Untracked 
|  48|0x0000000083000000, 0x0000000083100000, 0x0000000083100000|100%| O|  |TAMS 0x0000000083100000, 0x0000000083000000| Untracked 
|  49|0x0000000083100000, 0x0000000083200000, 0x0000000083200000|100%| O|  |TAMS 0x0000000083200000, 0x0000000083100000| Untracked 
|  50|0x0000000083200000, 0x0000000083300000, 0x0000000083300000|100%| O|  |TAMS 0x0000000083300000, 0x0000000083200000| Untracked 
|  51|0x0000000083300000, 0x0000000083400000, 0x0000000083400000|100%| O|  |TAMS 0x0000000083400000, 0x0000000083300000| Untracked 
|  52|0x0000000083400000, 0x0000000083500000, 0x0000000083500000|100%| O|  |TAMS 0x0000000083500000, 0x0000000083400000| Untracked 
|  53|0x0000000083500000, 0x0000000083600000, 0x0000000083600000|100%| O|  |TAMS 0x0000000083600000, 0x0000000083500000| Untracked 
|  54|0x0000000083600000, 0x0000000083700000, 0x0000000083700000|100%| O|  |TAMS 0x0000000083700000, 0x0000000083600000| Untracked 
|  55|0x0000000083700000, 0x0000000083800000, 0x0000000083800000|100%| O|  |TAMS 0x0000000083800000, 0x0000000083700000| Untracked 
|  56|0x0000000083800000, 0x0000000083900000, 0x0000000083900000|100%| O|  |TAMS 0x0000000083900000, 0x0000000083800000| Untracked 
|  57|0x0000000083900000, 0x0000000083a00000, 0x0000000083a00000|100%| O|  |TAMS 0x0000000083a00000, 0x0000000083900000| Untracked 
|  58|0x0000000083a00000, 0x0000000083b00000, 0x0000000083b00000|100%| O|  |TAMS 0x0000000083b00000, 0x0000000083a00000| Untracked 
|  59|0x0000000083b00000, 0x0000000083c00000, 0x0000000083c00000|100%| O|  |TAMS 0x0000000083c00000, 0x0000000083b00000| Untracked 
|  60|0x0000000083c00000, 0x0000000083d00000, 0x0000000083d00000|100%| O|  |TAMS 0x0000000083d00000, 0x0000000083c00000| Untracked 
|  61|0x0000000083d00000, 0x0000000083e00000, 0x0000000083e00000|100%| O|  |TAMS 0x0000000083e00000, 0x0000000083d00000| Untracked 
|  62|0x0000000083e00000, 0x0000000083f00000, 0x0000000083f00000|100%| O|  |TAMS 0x0000000083f00000, 0x0000000083e00000| Untracked 
|  63|0x0000000083f00000, 0x0000000084000000, 0x0000000084000000|100%| O|  |TAMS 0x0000000084000000, 0x0000000083f00000| Untracked 
|  64|0x0000000084000000, 0x0000000084100000, 0x0000000084100000|100%| O|  |TAMS 0x0000000084100000, 0x0000000084000000| Untracked 
|  65|0x0000000084100000, 0x0000000084200000, 0x0000000084200000|100%| O|  |TAMS 0x0000000084200000, 0x0000000084100000| Untracked 
|  66|0x0000000084200000, 0x0000000084300000, 0x0000000084300000|100%| O|  |TAMS 0x0000000084300000, 0x0000000084200000| Untracked 
|  67|0x0000000084300000, 0x0000000084400000, 0x0000000084400000|100%| O|  |TAMS 0x0000000084400000, 0x0000000084300000| Untracked 
|  68|0x0000000084400000, 0x0000000084500000, 0x0000000084500000|100%| O|  |TAMS 0x0000000084500000, 0x0000000084400000| Untracked 
|  69|0x0000000084500000, 0x0000000084600000, 0x0000000084600000|100%| O|  |TAMS 0x0000000084600000, 0x0000000084500000| Untracked 
|  70|0x0000000084600000, 0x0000000084700000, 0x0000000084700000|100%| O|  |TAMS 0x0000000084700000, 0x0000000084600000| Untracked 
|  71|0x0000000084700000, 0x0000000084800000, 0x0000000084800000|100%| O|  |TAMS 0x0000000084800000, 0x0000000084700000| Untracked 
|  72|0x0000000084800000, 0x0000000084900000, 0x0000000084900000|100%| O|  |TAMS 0x0000000084900000, 0x0000000084800000| Untracked 
|  73|0x0000000084900000, 0x0000000084a00000, 0x0000000084a00000|100%| O|  |TAMS 0x0000000084a00000, 0x0000000084900000| Untracked 
|  74|0x0000000084a00000, 0x0000000084b00000, 0x0000000084b00000|100%| O|  |TAMS 0x0000000084b00000, 0x0000000084a00000| Untracked 
|  75|0x0000000084b00000, 0x0000000084c00000, 0x0000000084c00000|100%| O|  |TAMS 0x0000000084c00000, 0x0000000084b00000| Untracked 
|  76|0x0000000084c00000, 0x0000000084d00000, 0x0000000084d00000|100%| O|  |TAMS 0x0000000084d00000, 0x0000000084c00000| Untracked 
|  77|0x0000000084d00000, 0x0000000084e00000, 0x0000000084e00000|100%| O|  |TAMS 0x0000000084e00000, 0x0000000084d00000| Untracked 
|  78|0x0000000084e00000, 0x0000000084f00000, 0x0000000084f00000|100%| O|  |TAMS 0x0000000084f00000, 0x0000000084e00000| Untracked 
|  79|0x0000000084f00000, 0x0000000085000000, 0x0000000085000000|100%| O|  |TAMS 0x0000000085000000, 0x0000000084f00000| Untracked 
|  80|0x0000000085000000, 0x0000000085100000, 0x0000000085100000|100%| O|  |TAMS 0x0000000085100000, 0x0000000085000000| Untracked 
|  81|0x0000000085100000, 0x0000000085200000, 0x0000000085200000|100%| O|  |TAMS 0x0000000085200000, 0x0000000085100000| Untracked 
|  82|0x0000000085200000, 0x0000000085300000, 0x0000000085300000|100%| O|  |TAMS 0x0000000085300000, 0x0000000085200000| Untracked 
|  83|0x0000000085300000, 0x0000000085400000, 0x0000000085400000|100%| O|  |TAMS 0x0000000085400000, 0x0000000085300000| Untracked 
|  84|0x0000000085400000, 0x000000008546b800, 0x0000000085500000| 41%| O|  |TAMS 0x0000000085400000, 0x0000000085400000| Untracked 
|  85|0x0000000085500000, 0x0000000085600000, 0x0000000085600000|100%| O|  |TAMS 0x0000000085600000, 0x0000000085500000| Untracked 
|  86|0x0000000085600000, 0x0000000085700000, 0x0000000085700000|100%| O|  |TAMS 0x00000000856fca00, 0x0000000085600000| Untracked 
|  87|0x0000000085700000, 0x0000000085800000, 0x0000000085800000|100%| O|  |TAMS 0x0000000085700000, 0x0000000085700000| Untracked 
|  88|0x0000000085800000, 0x0000000085900000, 0x0000000085900000|100%| O|  |TAMS 0x0000000085800000, 0x0000000085800000| Untracked 
|  89|0x0000000085900000, 0x0000000085a00000, 0x0000000085a00000|100%| O|  |TAMS 0x0000000085900000, 0x0000000085900000| Untracked 
|  90|0x0000000085a00000, 0x0000000085b00000, 0x0000000085b00000|100%| O|  |TAMS 0x0000000085a00000, 0x0000000085a00000| Untracked 
|  91|0x0000000085b00000, 0x0000000085c00000, 0x0000000085c00000|100%| O|  |TAMS 0x0000000085b00000, 0x0000000085b00000| Untracked 
|  92|0x0000000085c00000, 0x0000000085d00000, 0x0000000085d00000|100%| O|  |TAMS 0x0000000085c00000, 0x0000000085c00000| Untracked 
|  93|0x0000000085d00000, 0x0000000085e00000, 0x0000000085e00000|100%|HS|  |TAMS 0x0000000085d00000, 0x0000000085d00000| Complete 
|  94|0x0000000085e00000, 0x0000000085f00000, 0x0000000085f00000|100%|HC|  |TAMS 0x0000000085e00000, 0x0000000085e00000| Complete 
|  95|0x0000000085f00000, 0x0000000086000000, 0x0000000086000000|100%| O|  |TAMS 0x0000000085f00000, 0x0000000085f00000| Untracked 
|  96|0x0000000086000000, 0x0000000086100000, 0x0000000086100000|100%| O|  |TAMS 0x0000000086000000, 0x0000000086000000| Untracked 
|  97|0x0000000086100000, 0x0000000086200000, 0x0000000086200000|100%| O|  |TAMS 0x0000000086100000, 0x0000000086100000| Untracked 
|  98|0x0000000086200000, 0x0000000086200000, 0x0000000086300000|  0%| F|  |TAMS 0x0000000086200000, 0x0000000086200000| Untracked 
|  99|0x0000000086300000, 0x0000000086400000, 0x0000000086400000|100%| O|  |TAMS 0x0000000086300000, 0x0000000086300000| Untracked 
| 100|0x0000000086400000, 0x0000000086500000, 0x0000000086500000|100%| O|  |TAMS 0x0000000086500000, 0x0000000086400000| Untracked 
| 101|0x0000000086500000, 0x0000000086600000, 0x0000000086600000|100%| O|  |TAMS 0x0000000086600000, 0x0000000086500000| Untracked 
| 102|0x0000000086600000, 0x0000000086700000, 0x0000000086700000|100%| O|  |TAMS 0x0000000086600000, 0x0000000086600000| Untracked 
| 103|0x0000000086700000, 0x0000000086700000, 0x0000000086800000|  0%| F|  |TAMS 0x0000000086700000, 0x0000000086700000| Untracked 
| 104|0x0000000086800000, 0x0000000086900000, 0x0000000086900000|100%| O|  |TAMS 0x0000000086800000, 0x0000000086800000| Untracked 
| 105|0x0000000086900000, 0x0000000086900000, 0x0000000086a00000|  0%| F|  |TAMS 0x0000000086900000, 0x0000000086900000| Untracked 
| 106|0x0000000086a00000, 0x0000000086b00000, 0x0000000086b00000|100%| O|  |TAMS 0x0000000086a00000, 0x0000000086a00000| Untracked 
| 107|0x0000000086b00000, 0x0000000086b00000, 0x0000000086c00000|  0%| F|  |TAMS 0x0000000086b00000, 0x0000000086b00000| Untracked 
| 108|0x0000000086c00000, 0x0000000086d00000, 0x0000000086d00000|100%| O|  |TAMS 0x0000000086d00000, 0x0000000086c00000| Untracked 
| 109|0x0000000086d00000, 0x0000000086e00000, 0x0000000086e00000|100%| O|  |TAMS 0x0000000086e00000, 0x0000000086d00000| Untracked 
| 110|0x0000000086e00000, 0x0000000086f00000, 0x0000000086f00000|100%| O|  |TAMS 0x0000000086e00000, 0x0000000086e00000| Untracked 
| 111|0x0000000086f00000, 0x0000000087000000, 0x0000000087000000|100%| O|  |TAMS 0x0000000086f00000, 0x0000000086f00000| Untracked 
| 112|0x0000000087000000, 0x0000000087100000, 0x0000000087100000|100%| O|  |TAMS 0x0000000087000000, 0x0000000087000000| Untracked 
| 113|0x0000000087100000, 0x0000000087200000, 0x0000000087200000|100%| O|  |TAMS 0x0000000087100000, 0x0000000087100000| Untracked 
| 114|0x0000000087200000, 0x0000000087300000, 0x0000000087300000|100%| O|  |TAMS 0x0000000087200000, 0x0000000087200000| Untracked 
| 115|0x0000000087300000, 0x0000000087400000, 0x0000000087400000|100%| O|  |TAMS 0x0000000087300000, 0x0000000087300000| Untracked 
| 116|0x0000000087400000, 0x0000000087500000, 0x0000000087500000|100%| O|  |TAMS 0x0000000087400000, 0x0000000087400000| Untracked 
| 117|0x0000000087500000, 0x0000000087600000, 0x0000000087600000|100%| O|  |TAMS 0x0000000087500000, 0x0000000087500000| Untracked 
| 118|0x0000000087600000, 0x0000000087600000, 0x0000000087700000|  0%| F|  |TAMS 0x0000000087600000, 0x0000000087600000| Untracked 
| 119|0x0000000087700000, 0x0000000087700000, 0x0000000087800000|  0%| F|  |TAMS 0x0000000087700000, 0x0000000087700000| Untracked 
| 120|0x0000000087800000, 0x0000000087800000, 0x0000000087900000|  0%| F|  |TAMS 0x0000000087800000, 0x0000000087800000| Untracked 
| 121|0x0000000087900000, 0x0000000087900000, 0x0000000087a00000|  0%| F|  |TAMS 0x0000000087900000, 0x0000000087900000| Untracked 
| 122|0x0000000087a00000, 0x0000000087a00000, 0x0000000087b00000|  0%| F|  |TAMS 0x0000000087a00000, 0x0000000087a00000| Untracked 
| 123|0x0000000087b00000, 0x0000000087b00000, 0x0000000087c00000|  0%| F|  |TAMS 0x0000000087b00000, 0x0000000087b00000| Untracked 
| 124|0x0000000087c00000, 0x0000000087c00000, 0x0000000087d00000|  0%| F|  |TAMS 0x0000000087c00000, 0x0000000087c00000| Untracked 
| 125|0x0000000087d00000, 0x0000000087d00000, 0x0000000087e00000|  0%| F|  |TAMS 0x0000000087d00000, 0x0000000087d00000| Untracked 
| 126|0x0000000087e00000, 0x0000000087e00000, 0x0000000087f00000|  0%| F|  |TAMS 0x0000000087e00000, 0x0000000087e00000| Untracked 
| 127|0x0000000087f00000, 0x0000000087f00000, 0x0000000088000000|  0%| F|  |TAMS 0x0000000087f00000, 0x0000000087f00000| Untracked 
| 128|0x0000000088000000, 0x0000000088000000, 0x0000000088100000|  0%| F|  |TAMS 0x0000000088000000, 0x0000000088000000| Untracked 
| 129|0x0000000088100000, 0x0000000088100000, 0x0000000088200000|  0%| F|  |TAMS 0x0000000088100000, 0x0000000088100000| Untracked 
| 130|0x0000000088200000, 0x0000000088200000, 0x0000000088300000|  0%| F|  |TAMS 0x0000000088200000, 0x0000000088200000| Untracked 
| 131|0x0000000088300000, 0x0000000088300000, 0x0000000088400000|  0%| F|  |TAMS 0x0000000088300000, 0x0000000088300000| Untracked 
| 132|0x0000000088400000, 0x0000000088400000, 0x0000000088500000|  0%| F|  |TAMS 0x0000000088400000, 0x0000000088400000| Untracked 
| 133|0x0000000088500000, 0x0000000088500000, 0x0000000088600000|  0%| F|  |TAMS 0x0000000088500000, 0x0000000088500000| Untracked 
| 134|0x0000000088600000, 0x0000000088600000, 0x0000000088700000|  0%| F|  |TAMS 0x0000000088600000, 0x0000000088600000| Untracked 
| 135|0x0000000088700000, 0x0000000088700000, 0x0000000088800000|  0%| F|  |TAMS 0x0000000088700000, 0x0000000088700000| Untracked 
| 136|0x0000000088800000, 0x0000000088800000, 0x0000000088900000|  0%| F|  |TAMS 0x0000000088800000, 0x0000000088800000| Untracked 
| 137|0x0000000088900000, 0x0000000088900000, 0x0000000088a00000|  0%| F|  |TAMS 0x0000000088900000, 0x0000000088900000| Untracked 
| 138|0x0000000088a00000, 0x0000000088a00000, 0x0000000088b00000|  0%| F|  |TAMS 0x0000000088a00000, 0x0000000088a00000| Untracked 
| 139|0x0000000088b00000, 0x0000000088b00000, 0x0000000088c00000|  0%| F|  |TAMS 0x0000000088b00000, 0x0000000088b00000| Untracked 
| 140|0x0000000088c00000, 0x0000000088c00000, 0x0000000088d00000|  0%| F|  |TAMS 0x0000000088c00000, 0x0000000088c00000| Untracked 
| 141|0x0000000088d00000, 0x0000000088d00000, 0x0000000088e00000|  0%| F|  |TAMS 0x0000000088d00000, 0x0000000088d00000| Untracked 
| 142|0x0000000088e00000, 0x0000000088e00000, 0x0000000088f00000|  0%| F|  |TAMS 0x0000000088e00000, 0x0000000088e00000| Untracked 
| 143|0x0000000088f00000, 0x0000000088f00000, 0x0000000089000000|  0%| F|  |TAMS 0x0000000088f00000, 0x0000000088f00000| Untracked 
| 144|0x0000000089000000, 0x0000000089000000, 0x0000000089100000|  0%| F|  |TAMS 0x0000000089000000, 0x0000000089000000| Untracked 
| 145|0x0000000089100000, 0x0000000089100000, 0x0000000089200000|  0%| F|  |TAMS 0x0000000089100000, 0x0000000089100000| Untracked 
| 146|0x0000000089200000, 0x0000000089200000, 0x0000000089300000|  0%| F|  |TAMS 0x0000000089200000, 0x0000000089200000| Untracked 
| 147|0x0000000089300000, 0x0000000089300000, 0x0000000089400000|  0%| F|  |TAMS 0x0000000089300000, 0x0000000089300000| Untracked 
| 148|0x0000000089400000, 0x0000000089500000, 0x0000000089500000|100%| S|CS|TAMS 0x0000000089400000, 0x0000000089400000| Complete 
| 149|0x0000000089500000, 0x0000000089600000, 0x0000000089600000|100%| S|CS|TAMS 0x0000000089500000, 0x0000000089500000| Complete 
| 150|0x0000000089600000, 0x0000000089700000, 0x0000000089700000|100%| S|CS|TAMS 0x0000000089600000, 0x0000000089600000| Complete 
| 151|0x0000000089700000, 0x0000000089800000, 0x0000000089800000|100%| S|CS|TAMS 0x0000000089700000, 0x0000000089700000| Complete 
| 152|0x0000000089800000, 0x0000000089900000, 0x0000000089900000|100%| S|CS|TAMS 0x0000000089800000, 0x0000000089800000| Complete 
| 153|0x0000000089900000, 0x0000000089a00000, 0x0000000089a00000|100%| S|CS|TAMS 0x0000000089900000, 0x0000000089900000| Complete 
| 154|0x0000000089a00000, 0x0000000089b00000, 0x0000000089b00000|100%| S|CS|TAMS 0x0000000089a00000, 0x0000000089a00000| Complete 
| 155|0x0000000089b00000, 0x0000000089c00000, 0x0000000089c00000|100%| S|CS|TAMS 0x0000000089b00000, 0x0000000089b00000| Complete 
| 156|0x0000000089c00000, 0x0000000089d00000, 0x0000000089d00000|100%| S|CS|TAMS 0x0000000089c00000, 0x0000000089c00000| Complete 
| 157|0x0000000089d00000, 0x0000000089d00000, 0x0000000089e00000|  0%| F|  |TAMS 0x0000000089d00000, 0x0000000089d00000| Untracked 
| 158|0x0000000089e00000, 0x0000000089e00000, 0x0000000089f00000|  0%| F|  |TAMS 0x0000000089e00000, 0x0000000089e00000| Untracked 
| 159|0x0000000089f00000, 0x0000000089f00000, 0x000000008a000000|  0%| F|  |TAMS 0x0000000089f00000, 0x0000000089f00000| Untracked 
| 160|0x000000008a000000, 0x000000008a000000, 0x000000008a100000|  0%| F|  |TAMS 0x000000008a000000, 0x000000008a000000| Untracked 
| 161|0x000000008a100000, 0x000000008a100000, 0x000000008a200000|  0%| F|  |TAMS 0x000000008a100000, 0x000000008a100000| Untracked 
| 162|0x000000008a200000, 0x000000008a200000, 0x000000008a300000|  0%| F|  |TAMS 0x000000008a200000, 0x000000008a200000| Untracked 
| 163|0x000000008a300000, 0x000000008a300000, 0x000000008a400000|  0%| F|  |TAMS 0x000000008a300000, 0x000000008a300000| Untracked 
| 164|0x000000008a400000, 0x000000008a400000, 0x000000008a500000|  0%| F|  |TAMS 0x000000008a400000, 0x000000008a400000| Untracked 
| 165|0x000000008a500000, 0x000000008a500000, 0x000000008a600000|  0%| F|  |TAMS 0x000000008a500000, 0x000000008a500000| Untracked 
| 166|0x000000008a600000, 0x000000008a600000, 0x000000008a700000|  0%| F|  |TAMS 0x000000008a600000, 0x000000008a600000| Untracked 
| 167|0x000000008a700000, 0x000000008a700000, 0x000000008a800000|  0%| F|  |TAMS 0x000000008a700000, 0x000000008a700000| Untracked 
| 168|0x000000008a800000, 0x000000008a800000, 0x000000008a900000|  0%| F|  |TAMS 0x000000008a800000, 0x000000008a800000| Untracked 
| 169|0x000000008a900000, 0x000000008a900000, 0x000000008aa00000|  0%| F|  |TAMS 0x000000008a900000, 0x000000008a900000| Untracked 
| 170|0x000000008aa00000, 0x000000008aa00000, 0x000000008ab00000|  0%| F|  |TAMS 0x000000008aa00000, 0x000000008aa00000| Untracked 
| 171|0x000000008ab00000, 0x000000008ab00000, 0x000000008ac00000|  0%| F|  |TAMS 0x000000008ab00000, 0x000000008ab00000| Untracked 
| 172|0x000000008ac00000, 0x000000008ac00000, 0x000000008ad00000|  0%| F|  |TAMS 0x000000008ac00000, 0x000000008ac00000| Untracked 
| 173|0x000000008ad00000, 0x000000008ad00000, 0x000000008ae00000|  0%| F|  |TAMS 0x000000008ad00000, 0x000000008ad00000| Untracked 
| 174|0x000000008ae00000, 0x000000008ae00000, 0x000000008af00000|  0%| F|  |TAMS 0x000000008ae00000, 0x000000008ae00000| Untracked 
| 175|0x000000008af00000, 0x000000008af00000, 0x000000008b000000|  0%| F|  |TAMS 0x000000008af00000, 0x000000008af00000| Untracked 
| 176|0x000000008b000000, 0x000000008b000000, 0x000000008b100000|  0%| F|  |TAMS 0x000000008b000000, 0x000000008b000000| Untracked 
| 177|0x000000008b100000, 0x000000008b100000, 0x000000008b200000|  0%| F|  |TAMS 0x000000008b100000, 0x000000008b100000| Untracked 
| 178|0x000000008b200000, 0x000000008b200000, 0x000000008b300000|  0%| F|  |TAMS 0x000000008b200000, 0x000000008b200000| Untracked 
| 179|0x000000008b300000, 0x000000008b300000, 0x000000008b400000|  0%| F|  |TAMS 0x000000008b300000, 0x000000008b300000| Untracked 
| 180|0x000000008b400000, 0x000000008b400000, 0x000000008b500000|  0%| F|  |TAMS 0x000000008b400000, 0x000000008b400000| Untracked 
| 181|0x000000008b500000, 0x000000008b500000, 0x000000008b600000|  0%| F|  |TAMS 0x000000008b500000, 0x000000008b500000| Untracked 
| 182|0x000000008b600000, 0x000000008b600000, 0x000000008b700000|  0%| F|  |TAMS 0x000000008b600000, 0x000000008b600000| Untracked 
| 183|0x000000008b700000, 0x000000008b700000, 0x000000008b800000|  0%| F|  |TAMS 0x000000008b700000, 0x000000008b700000| Untracked 
| 184|0x000000008b800000, 0x000000008b800000, 0x000000008b900000|  0%| F|  |TAMS 0x000000008b800000, 0x000000008b800000| Untracked 
| 185|0x000000008b900000, 0x000000008b900000, 0x000000008ba00000|  0%| F|  |TAMS 0x000000008b900000, 0x000000008b900000| Untracked 
| 186|0x000000008ba00000, 0x000000008ba00000, 0x000000008bb00000|  0%| F|  |TAMS 0x000000008ba00000, 0x000000008ba00000| Untracked 
| 187|0x000000008bb00000, 0x000000008bb00000, 0x000000008bc00000|  0%| F|  |TAMS 0x000000008bb00000, 0x000000008bb00000| Untracked 
| 188|0x000000008bc00000, 0x000000008bc00000, 0x000000008bd00000|  0%| F|  |TAMS 0x000000008bc00000, 0x000000008bc00000| Untracked 
| 189|0x000000008bd00000, 0x000000008bd00000, 0x000000008be00000|  0%| F|  |TAMS 0x000000008bd00000, 0x000000008bd00000| Untracked 
| 190|0x000000008be00000, 0x000000008be00000, 0x000000008bf00000|  0%| F|  |TAMS 0x000000008be00000, 0x000000008be00000| Untracked 
| 191|0x000000008bf00000, 0x000000008bf00000, 0x000000008c000000|  0%| F|  |TAMS 0x000000008bf00000, 0x000000008bf00000| Untracked 
| 192|0x000000008c000000, 0x000000008c000000, 0x000000008c100000|  0%| F|  |TAMS 0x000000008c000000, 0x000000008c000000| Untracked 
| 193|0x000000008c100000, 0x000000008c100000, 0x000000008c200000|  0%| F|  |TAMS 0x000000008c100000, 0x000000008c100000| Untracked 
| 194|0x000000008c200000, 0x000000008c200000, 0x000000008c300000|  0%| F|  |TAMS 0x000000008c200000, 0x000000008c200000| Untracked 
| 195|0x000000008c300000, 0x000000008c300000, 0x000000008c400000|  0%| F|  |TAMS 0x000000008c300000, 0x000000008c300000| Untracked 
| 196|0x000000008c400000, 0x000000008c400000, 0x000000008c500000|  0%| F|  |TAMS 0x000000008c400000, 0x000000008c400000| Untracked 
| 197|0x000000008c500000, 0x000000008c500000, 0x000000008c600000|  0%| F|  |TAMS 0x000000008c500000, 0x000000008c500000| Untracked 
| 198|0x000000008c600000, 0x000000008c600000, 0x000000008c700000|  0%| F|  |TAMS 0x000000008c600000, 0x000000008c600000| Untracked 
| 199|0x000000008c700000, 0x000000008c700000, 0x000000008c800000|  0%| F|  |TAMS 0x000000008c700000, 0x000000008c700000| Untracked 
| 200|0x000000008c800000, 0x000000008c800000, 0x000000008c900000|  0%| F|  |TAMS 0x000000008c800000, 0x000000008c800000| Untracked 
| 201|0x000000008c900000, 0x000000008c900000, 0x000000008ca00000|  0%| F|  |TAMS 0x000000008c900000, 0x000000008c900000| Untracked 
| 202|0x000000008ca00000, 0x000000008ca00000, 0x000000008cb00000|  0%| F|  |TAMS 0x000000008ca00000, 0x000000008ca00000| Untracked 
| 203|0x000000008cb00000, 0x000000008cb00000, 0x000000008cc00000|  0%| F|  |TAMS 0x000000008cb00000, 0x000000008cb00000| Untracked 
| 204|0x000000008cc00000, 0x000000008cc00000, 0x000000008cd00000|  0%| F|  |TAMS 0x000000008cc00000, 0x000000008cc00000| Untracked 
| 205|0x000000008cd00000, 0x000000008cd00000, 0x000000008ce00000|  0%| F|  |TAMS 0x000000008cd00000, 0x000000008cd00000| Untracked 
| 206|0x000000008ce00000, 0x000000008ce00000, 0x000000008cf00000|  0%| F|  |TAMS 0x000000008ce00000, 0x000000008ce00000| Untracked 
| 207|0x000000008cf00000, 0x000000008cf00000, 0x000000008d000000|  0%| F|  |TAMS 0x000000008cf00000, 0x000000008cf00000| Untracked 
| 208|0x000000008d000000, 0x000000008d000000, 0x000000008d100000|  0%| F|  |TAMS 0x000000008d000000, 0x000000008d000000| Untracked 
| 209|0x000000008d100000, 0x000000008d100000, 0x000000008d200000|  0%| F|  |TAMS 0x000000008d100000, 0x000000008d100000| Untracked 
| 210|0x000000008d200000, 0x000000008d200000, 0x000000008d300000|  0%| F|  |TAMS 0x000000008d200000, 0x000000008d200000| Untracked 
| 211|0x000000008d300000, 0x000000008d300000, 0x000000008d400000|  0%| F|  |TAMS 0x000000008d300000, 0x000000008d300000| Untracked 
| 212|0x000000008d400000, 0x000000008d400000, 0x000000008d500000|  0%| F|  |TAMS 0x000000008d400000, 0x000000008d400000| Untracked 
| 213|0x000000008d500000, 0x000000008d500000, 0x000000008d600000|  0%| F|  |TAMS 0x000000008d500000, 0x000000008d500000| Untracked 
| 214|0x000000008d600000, 0x000000008d600000, 0x000000008d700000|  0%| F|  |TAMS 0x000000008d600000, 0x000000008d600000| Untracked 
| 215|0x000000008d700000, 0x000000008d700000, 0x000000008d800000|  0%| F|  |TAMS 0x000000008d700000, 0x000000008d700000| Untracked 
| 216|0x000000008d800000, 0x000000008d800000, 0x000000008d900000|  0%| F|  |TAMS 0x000000008d800000, 0x000000008d800000| Untracked 
| 217|0x000000008d900000, 0x000000008d900000, 0x000000008da00000|  0%| F|  |TAMS 0x000000008d900000, 0x000000008d900000| Untracked 
| 218|0x000000008da00000, 0x000000008da00000, 0x000000008db00000|  0%| F|  |TAMS 0x000000008da00000, 0x000000008da00000| Untracked 
| 219|0x000000008db00000, 0x000000008db00000, 0x000000008dc00000|  0%| F|  |TAMS 0x000000008db00000, 0x000000008db00000| Untracked 
| 220|0x000000008dc00000, 0x000000008dc00000, 0x000000008dd00000|  0%| F|  |TAMS 0x000000008dc00000, 0x000000008dc00000| Untracked 
| 221|0x000000008dd00000, 0x000000008dd00000, 0x000000008de00000|  0%| F|  |TAMS 0x000000008dd00000, 0x000000008dd00000| Untracked 
| 222|0x000000008de00000, 0x000000008de00000, 0x000000008df00000|  0%| F|  |TAMS 0x000000008de00000, 0x000000008de00000| Untracked 
| 223|0x000000008df00000, 0x000000008df00000, 0x000000008e000000|  0%| F|  |TAMS 0x000000008df00000, 0x000000008df00000| Untracked 
| 224|0x000000008e000000, 0x000000008e000000, 0x000000008e100000|  0%| F|  |TAMS 0x000000008e000000, 0x000000008e000000| Untracked 
| 225|0x000000008e100000, 0x000000008e100000, 0x000000008e200000|  0%| F|  |TAMS 0x000000008e100000, 0x000000008e100000| Untracked 

Card table byte_map: [0x0000029c7bce0000,0x0000029c7c0e0000] _byte_map_base: 0x0000029c7b8e0000

Marking Bits (Prev, Next): (CMBitMap*) 0x0000029c76665cd0, (CMBitMap*) 0x0000029c76665c90
 Prev Bits: [0x0000029c0f000000, 0x0000029c11000000)
 Next Bits: [0x0000029c7c4e0000, 0x0000029c7e4e0000)

Polling page: 0x0000029c766e0000

Metaspace:

Usage:
  Non-class:     98.93 MB used.
      Class:     14.99 MB used.
       Both:    113.92 MB used.

Virtual space:
  Non-class space:      104.00 MB reserved,      99.31 MB ( 95%) committed,  13 nodes.
      Class space:        1.00 GB reserved,      15.38 MB (  2%) committed,  1 nodes.
             Both:        1.10 GB reserved,     114.69 MB ( 10%) committed. 

Chunk freelists:
   Non-Class:  400.00 KB
       Class:  465.00 KB
        Both:  865.00 KB

MaxMetaspaceSize: unlimited
CompressedClassSpaceSize: 1.00 GB
Initial GC threshold: 21.00 MB
Current GC threshold: 176.25 MB
CDS: off
MetaspaceReclaimPolicy: balanced
 - commit_granule_bytes: 65536.
 - commit_granule_words: 8192.
 - virtual_space_node_default_size: 1048576.
 - enlarge_chunks_in_place: 1.
 - new_chunks_are_fully_committed: 0.
 - uncommit_free_chunks: 1.
 - use_allocation_guard: 0.
 - handle_deallocations: 1.


Internal statistics:

num_allocs_failed_limit: 6.
num_arena_births: 1204.
num_arena_deaths: 0.
num_vsnodes_births: 14.
num_vsnodes_deaths: 0.
num_space_committed: 1834.
num_space_uncommitted: 0.
num_chunks_returned_to_freelist: 6.
num_chunks_taken_from_freelist: 5618.
num_chunk_merges: 6.
num_chunk_splits: 3707.
num_chunks_enlarged: 2515.
num_purges: 0.
num_inconsistent_stats: 0.

CodeHeap 'non-profiled nmethods': size=120000Kb used=9276Kb max_used=9276Kb free=110723Kb
 bounds [0x0000029c07ad0000, 0x0000029c083e0000, 0x0000029c0f000000]
CodeHeap 'profiled nmethods': size=120000Kb used=27448Kb max_used=27682Kb free=92551Kb
 bounds [0x0000029c00000000, 0x0000029c01b50000, 0x0000029c07530000]
CodeHeap 'non-nmethods': size=5760Kb used=2434Kb max_used=2487Kb free=3325Kb
 bounds [0x0000029c07530000, 0x0000029c077b0000, 0x0000029c07ad0000]
 total_blobs=14731 nmethods=13757 adapters=886
 compilation: enabled
              stopped_count=0, restarted_count=0
 full_count=0

Compilation events (20 events):
Event: 27.844 Thread 0x0000029c7f44c350 16890       2       java.lang.invoke.DelegatingMethodHandle::makeReinvokerForm (344 bytes)
Event: 27.845 Thread 0x0000029c7f44c350 nmethod 16890 0x0000029c00b2fb10 code [0x0000029c00b2fe00, 0x0000029c00b31058]
Event: 27.846 Thread 0x0000029c7f44c350 16891       2       java.util.Locale::getUnicodeLocaleType (55 bytes)
Event: 27.847 Thread 0x0000029c7f44c350 nmethod 16891 0x0000029c00b2f190 code [0x0000029c00b2f3a0, 0x0000029c00b2f7b8]
Event: 27.847 Thread 0x0000029c7f44c350 16892       2       sun.util.locale.LocaleUtils::isAlphaNumericString (33 bytes)
Event: 27.847 Thread 0x0000029c7f44c350 nmethod 16892 0x0000029c015bf310 code [0x0000029c015bf4e0, 0x0000029c015bf8d8]
Event: 27.848 Thread 0x0000029c7f44c350 16893       2       com.google.common.collect.HashBiMap::seekByKey (47 bytes)
Event: 27.848 Thread 0x0000029c7f44c350 nmethod 16893 0x0000029c015bed90 code [0x0000029c015bef40, 0x0000029c015bf1c8]
Event: 27.848 Thread 0x0000029c7f44c350 16894       2       com.android.tools.build.apkzlib.bytestorage.LruTracker$$Lambda$1223/0x0000000100e00df8::compare (12 bytes)
Event: 27.848 Thread 0x0000029c7f44c350 nmethod 16894 0x0000029c015be910 code [0x0000029c015beaa0, 0x0000029c015bec38]
Event: 27.850 Thread 0x0000029c7f44c350 16895       2       com.android.builder.merge.FilterIncrementalFileMergerInput::getFileStatus (21 bytes)
Event: 27.850 Thread 0x0000029c7f44c350 nmethod 16895 0x0000029c015be490 code [0x0000029c015be640, 0x0000029c015be7f8]
Event: 27.851 Thread 0x0000029c7f44c350 16896       2       com.android.builder.merge.LazyIncrementalFileMergerInput::getFileStatus (44 bytes)
Event: 27.851 Thread 0x0000029c7f44c350 nmethod 16896 0x0000029c015bda90 code [0x0000029c015bdc80, 0x0000029c015be218]
Event: 27.852 Thread 0x0000029c7f44c350 16897       1       sun.util.calendar.CalendarDate::getDayOfMonth (5 bytes)
Event: 27.853 Thread 0x0000029c7f44c350 nmethod 16897 0x0000029c083de810 code [0x0000029c083de9a0, 0x0000029c083dea78]
Event: 27.854 Thread 0x0000029c7f44c350 16899       1       java.util.Calendar::getZone (5 bytes)
Event: 27.854 Thread 0x0000029c7f44c350 nmethod 16899 0x0000029c083deb10 code [0x0000029c083deca0, 0x0000029c083ded78]
Event: 27.854 Thread 0x0000029c7f44c350 16900       1       sun.util.calendar.BaseCalendar$Date::getCachedJan1 (5 bytes)
Event: 27.854 Thread 0x0000029c7f44c350 nmethod 16900 0x0000029c083dee10 code [0x0000029c083defa0, 0x0000029c083df078]

GC Heap History (20 events):
Event: 20.646 GC heap after
{Heap after GC invocations=46 (full 0):
 garbage-first heap   total 231424K, used 109986K [0x0000000080000000, 0x0000000100000000)
  region size 1024K, 2 young (2048K), 2 survivors (2048K)
 Metaspace       used 93911K, committed 94592K, reserved 1138688K
  class space    used 12598K, committed 12928K, reserved 1048576K
}
Event: 21.356 GC heap before
{Heap before GC invocations=46 (full 0):
 garbage-first heap   total 231424K, used 166306K [0x0000000080000000, 0x0000000100000000)
  region size 1024K, 58 young (59392K), 2 survivors (2048K)
 Metaspace       used 97319K, committed 97984K, reserved 1138688K
  class space    used 12881K, committed 13184K, reserved 1048576K
}
Event: 21.368 GC heap after
{Heap after GC invocations=47 (full 0):
 garbage-first heap   total 231424K, used 117760K [0x0000000080000000, 0x0000000100000000)
  region size 1024K, 8 young (8192K), 8 survivors (8192K)
 Metaspace       used 97319K, committed 97984K, reserved 1138688K
  class space    used 12881K, committed 13184K, reserved 1048576K
}
Event: 22.150 GC heap before
{Heap before GC invocations=47 (full 0):
 garbage-first heap   total 231424K, used 173056K [0x0000000080000000, 0x0000000100000000)
  region size 1024K, 63 young (64512K), 8 survivors (8192K)
 Metaspace       used 98093K, committed 98816K, reserved 1138688K
  class space    used 12940K, committed 13248K, reserved 1048576K
}
Event: 22.153 GC heap after
{Heap after GC invocations=48 (full 0):
 garbage-first heap   total 231424K, used 115052K [0x0000000080000000, 0x0000000100000000)
  region size 1024K, 2 young (2048K), 2 survivors (2048K)
 Metaspace       used 98093K, committed 98816K, reserved 1138688K
  class space    used 12940K, committed 13248K, reserved 1048576K
}
Event: 22.218 GC heap before
{Heap before GC invocations=48 (full 0):
 garbage-first heap   total 231424K, used 118124K [0x0000000080000000, 0x0000000100000000)
  region size 1024K, 7 young (7168K), 2 survivors (2048K)
 Metaspace       used 98112K, committed 98816K, reserved 1138688K
  class space    used 12940K, committed 13248K, reserved 1048576K
}
Event: 22.220 GC heap after
{Heap after GC invocations=49 (full 0):
 garbage-first heap   total 231424K, used 114780K [0x0000000080000000, 0x0000000100000000)
  region size 1024K, 2 young (2048K), 2 survivors (2048K)
 Metaspace       used 98112K, committed 98816K, reserved 1138688K
  class space    used 12940K, committed 13248K, reserved 1048576K
}
Event: 23.621 GC heap before
{Heap before GC invocations=50 (full 0):
 garbage-first heap   total 231424K, used 181340K [0x0000000080000000, 0x0000000100000000)
  region size 1024K, 70 young (71680K), 2 survivors (2048K)
 Metaspace       used 99688K, committed 100416K, reserved 1138688K
  class space    used 13087K, committed 13440K, reserved 1048576K
}
Event: 23.628 GC heap after
{Heap after GC invocations=51 (full 0):
 garbage-first heap   total 231424K, used 109498K [0x0000000080000000, 0x0000000100000000)
  region size 1024K, 5 young (5120K), 5 survivors (5120K)
 Metaspace       used 99688K, committed 100416K, reserved 1138688K
  class space    used 13087K, committed 13440K, reserved 1048576K
}
Event: 23.767 GC heap before
{Heap before GC invocations=51 (full 0):
 garbage-first heap   total 231424K, used 114618K [0x0000000080000000, 0x0000000100000000)
  region size 1024K, 11 young (11264K), 5 survivors (5120K)
 Metaspace       used 100553K, committed 101312K, reserved 1138688K
  class space    used 13191K, committed 13568K, reserved 1048576K
}
Event: 23.772 GC heap after
{Heap after GC invocations=52 (full 0):
 garbage-first heap   total 231424K, used 98129K [0x0000000080000000, 0x0000000100000000)
  region size 1024K, 1 young (1024K), 1 survivors (1024K)
 Metaspace       used 100553K, committed 101312K, reserved 1138688K
  class space    used 13191K, committed 13568K, reserved 1048576K
}
Event: 25.475 GC heap before
{Heap before GC invocations=52 (full 0):
 garbage-first heap   total 231424K, used 187217K [0x0000000080000000, 0x0000000100000000)
  region size 1024K, 89 young (91136K), 1 survivors (1024K)
 Metaspace       used 106423K, committed 107136K, reserved 1146880K
  class space    used 13957K, committed 14336K, reserved 1048576K
}
Event: 25.483 GC heap after
{Heap after GC invocations=53 (full 0):
 garbage-first heap   total 231424K, used 104674K [0x0000000080000000, 0x0000000100000000)
  region size 1024K, 8 young (8192K), 8 survivors (8192K)
 Metaspace       used 106423K, committed 107136K, reserved 1146880K
  class space    used 13957K, committed 14336K, reserved 1048576K
}
Event: 25.916 GC heap before
{Heap before GC invocations=53 (full 0):
 garbage-first heap   total 231424K, used 142562K [0x0000000080000000, 0x0000000100000000)
  region size 1024K, 47 young (48128K), 8 survivors (8192K)
 Metaspace       used 107348K, committed 108032K, reserved 1146880K
  class space    used 14078K, committed 14400K, reserved 1048576K
}
Event: 25.926 GC heap after
{Heap after GC invocations=54 (full 0):
 garbage-first heap   total 231424K, used 108649K [0x0000000080000000, 0x0000000100000000)
  region size 1024K, 5 young (5120K), 5 survivors (5120K)
 Metaspace       used 107348K, committed 108032K, reserved 1146880K
  class space    used 14078K, committed 14400K, reserved 1048576K
}
Event: 26.893 GC heap before
{Heap before GC invocations=55 (full 0):
 garbage-first heap   total 231424K, used 186473K [0x0000000080000000, 0x0000000100000000)
  region size 1024K, 80 young (81920K), 5 survivors (5120K)
 Metaspace       used 113613K, committed 114432K, reserved 1155072K
  class space    used 14942K, committed 15360K, reserved 1048576K
}
Event: 26.907 GC heap after
{Heap after GC invocations=56 (full 0):
 garbage-first heap   total 231424K, used 120832K [0x0000000080000000, 0x0000000100000000)
  region size 1024K, 10 young (10240K), 10 survivors (10240K)
 Metaspace       used 113613K, committed 114432K, reserved 1155072K
  class space    used 14942K, committed 15360K, reserved 1048576K
}
Event: 26.912 GC heap before
{Heap before GC invocations=56 (full 0):
 garbage-first heap   total 231424K, used 121856K [0x0000000080000000, 0x0000000100000000)
  region size 1024K, 11 young (11264K), 10 survivors (10240K)
 Metaspace       used 113613K, committed 114432K, reserved 1155072K
  class space    used 14942K, committed 15360K, reserved 1048576K
}
Event: 26.919 GC heap after
{Heap after GC invocations=57 (full 0):
 garbage-first heap   total 231424K, used 116777K [0x0000000080000000, 0x0000000100000000)
  region size 1024K, 2 young (2048K), 2 survivors (2048K)
 Metaspace       used 113613K, committed 114432K, reserved 1155072K
  class space    used 14942K, committed 15360K, reserved 1048576K
}
Event: 27.855 GC heap before
{Heap before GC invocations=57 (full 0):
 garbage-first heap   total 231424K, used 185385K [0x0000000080000000, 0x0000000100000000)
  region size 1024K, 69 young (70656K), 2 survivors (2048K)
 Metaspace       used 116655K, committed 117440K, reserved 1155072K
  class space    used 15350K, committed 15744K, reserved 1048576K
}

Dll operation events (2 events):
Event: 0.008 Loaded shared library C:\Program Files\Android\Android Studio\jbr\bin\java.dll
Event: 0.481 Loaded shared library C:\Program Files\Android\Android Studio\jbr\bin\verify.dll

Deoptimization events (20 events):
Event: 27.808 Thread 0x0000029c175f2d30 Uncommon trap: trap_request=0xffffff45 fr.pc=0x0000029c08275204 relative=0x00000000000004a4
Event: 27.808 Thread 0x0000029c175f2d30 Uncommon trap: reason=unstable_if action=reinterpret pc=0x0000029c08275204 method=java.io.BufferedOutputStream.flushBuffer()V @ 4 c2
Event: 27.808 Thread 0x0000029c175f2d30 DEOPT PACKING pc=0x0000029c08275204 sp=0x000000ccdabfd6d0
Event: 27.808 Thread 0x0000029c175f2d30 DEOPT UNPACKING pc=0x0000029c075869a3 sp=0x000000ccdabfd620 mode 2
Event: 27.831 Thread 0x0000029c1b4438b0 Uncommon trap: trap_request=0xffffffde fr.pc=0x0000029c0839c294 relative=0x0000000000000074
Event: 27.831 Thread 0x0000029c1b4438b0 Uncommon trap: reason=class_check action=maybe_recompile pc=0x0000029c0839c294 method=com.android.tools.build.apkzlib.zip.CentralDirectoryHeader.getCompressionInfoWithWait()Lcom/android/tools/build/apkzlib/zip/CentralDirectoryHeaderCompressInfo; @ 4 c2
Event: 27.831 Thread 0x0000029c1b4438b0 DEOPT PACKING pc=0x0000029c0839c294 sp=0x000000ccda5fd600
Event: 27.831 Thread 0x0000029c1b4438b0 DEOPT UNPACKING pc=0x0000029c075869a3 sp=0x000000ccda5fd580 mode 2
Event: 27.831 Thread 0x0000029c1b4438b0 Uncommon trap: trap_request=0xffffffde fr.pc=0x0000029c0839c294 relative=0x0000000000000074
Event: 27.831 Thread 0x0000029c1b4438b0 Uncommon trap: reason=class_check action=maybe_recompile pc=0x0000029c0839c294 method=com.android.tools.build.apkzlib.zip.CentralDirectoryHeader.getCompressionInfoWithWait()Lcom/android/tools/build/apkzlib/zip/CentralDirectoryHeaderCompressInfo; @ 4 c2
Event: 27.831 Thread 0x0000029c1b4438b0 DEOPT PACKING pc=0x0000029c0839c294 sp=0x000000ccda5fd620
Event: 27.831 Thread 0x0000029c1b4438b0 DEOPT UNPACKING pc=0x0000029c075869a3 sp=0x000000ccda5fd5a8 mode 2
Event: 27.832 Thread 0x0000029c1b4438b0 Uncommon trap: trap_request=0xffffffde fr.pc=0x0000029c0839c294 relative=0x0000000000000074
Event: 27.832 Thread 0x0000029c1b4438b0 Uncommon trap: reason=class_check action=maybe_recompile pc=0x0000029c0839c294 method=com.android.tools.build.apkzlib.zip.CentralDirectoryHeader.getCompressionInfoWithWait()Lcom/android/tools/build/apkzlib/zip/CentralDirectoryHeaderCompressInfo; @ 4 c2
Event: 27.832 Thread 0x0000029c1b4438b0 DEOPT PACKING pc=0x0000029c0839c294 sp=0x000000ccda5fd5f0
Event: 27.832 Thread 0x0000029c1b4438b0 DEOPT UNPACKING pc=0x0000029c075869a3 sp=0x000000ccda5fd570 mode 2
Event: 27.836 Thread 0x0000029c1b4438b0 Uncommon trap: trap_request=0xffffffde fr.pc=0x0000029c0839c294 relative=0x0000000000000074
Event: 27.836 Thread 0x0000029c1b4438b0 Uncommon trap: reason=class_check action=maybe_recompile pc=0x0000029c0839c294 method=com.android.tools.build.apkzlib.zip.CentralDirectoryHeader.getCompressionInfoWithWait()Lcom/android/tools/build/apkzlib/zip/CentralDirectoryHeaderCompressInfo; @ 4 c2
Event: 27.836 Thread 0x0000029c1b4438b0 DEOPT PACKING pc=0x0000029c0839c294 sp=0x000000ccda5fd600
Event: 27.836 Thread 0x0000029c1b4438b0 DEOPT UNPACKING pc=0x0000029c075869a3 sp=0x000000ccda5fd580 mode 2

Classes unloaded (0 events):
No events

Classes redefined (0 events):
No events

Internal exceptions (20 events):
Event: 26.722 Thread 0x0000029c1b43c530 Exception <a 'java/lang/NoSuchMethodError'{0x0000000089f20c68}: static Lcom/android/builder/internal/aapt/AaptOptions;.<clinit>()V> (0x0000000089f20c68) 
thrown [s\src\hotspot\share\prims\jni.cpp, line 1108]
Event: 26.723 Thread 0x0000029c1b43c530 Exception <a 'java/lang/NoSuchMethodError'{0x0000000089f34198}: static Ljava/lang/Object;.<clinit>()V> (0x0000000089f34198) 
thrown [s\src\hotspot\share\prims\jni.cpp, line 1108]
Event: 26.725 Thread 0x0000029c1b43c530 Exception <a 'java/lang/NoSuchMethodError'{0x0000000089f51b90}: static Lcom/android/build/api/variant/impl/VariantOutputImpl$SerializedForm;.<clinit>()V> (0x0000000089f51b90) 
thrown [s\src\hotspot\share\prims\jni.cpp, line 1108]
Event: 26.727 Thread 0x0000029c1b43c530 Exception <a 'java/lang/NoSuchMethodError'{0x0000000089f64198}: static Lcom/android/build/api/variant/impl/VariantOutputConfigurationImpl;.<clinit>()V> (0x0000000089f64198) 
thrown [s\src\hotspot\share\prims\jni.cpp, line 1108]
Event: 26.794 Thread 0x0000029c175f2d30 Exception <a 'java/lang/NoSuchMethodError'{0x0000000089bc0ba8}: 'void java.lang.invoke.DirectMethodHandle$Holder.invokeStatic(java.lang.Object, long)'> (0x0000000089bc0ba8) 
thrown [s\src\hotspot\share\interpreter\linkResolver.cpp, line 771]
Event: 26.796 Thread 0x0000029c175f2d30 Exception <a 'java/lang/NoSuchMethodError'{0x00000000899856b8}: 'java.lang.Object java.lang.invoke.DirectMethodHandle$Holder.invokeStatic(java.lang.Object, java.lang.Object, long, java.lang.Object)'> (0x00000000899856b8) 
thrown [s\src\hotspot\share\interpreter\linkResolver.cpp, line 771]
Event: 26.797 Thread 0x0000029c175f2d30 Exception <a 'java/lang/NoSuchMethodError'{0x0000000089989138}: 'java.lang.Object java.lang.invoke.DirectMethodHandle$Holder.invokeStaticInit(java.lang.Object, java.lang.Object, long, java.lang.Object)'> (0x0000000089989138) 
thrown [s\src\hotspot\share\interpreter\linkResolver.cpp, line 771]
Event: 26.830 Thread 0x0000029c1b43f550 Exception <a 'java/lang/NoSuchMethodError'{0x00000000897b3dd0}: 'void java.lang.invoke.DirectMethodHandle$Holder.invokeStatic(java.lang.Object, java.lang.Object, java.lang.Object, int)'> (0x00000000897b3dd0) 
thrown [s\src\hotspot\share\interpreter\linkResolver.cpp, line 771]
Event: 26.831 Thread 0x0000029c1b43f550 Exception <a 'java/lang/IncompatibleClassChangeError'{0x00000000897bcc18}: Found class java.lang.Object, but interface was expected> (0x00000000897bcc18) 
thrown [s\src\hotspot\share\interpreter\linkResolver.cpp, line 838]
Event: 26.884 Thread 0x0000029c1b43ced0 Exception <a 'sun/nio/fs/WindowsException'{0x0000000089218758}> (0x0000000089218758) 
thrown [s\src\hotspot\share\prims\jni.cpp, line 517]
Event: 27.312 Thread 0x0000029c1b43ced0 Exception <a 'sun/nio/fs/WindowsException'{0x000000008ca03230}> (0x000000008ca03230) 
thrown [s\src\hotspot\share\prims\jni.cpp, line 517]
Event: 27.591 Thread 0x0000029c1b43f550 Exception <a 'java/lang/NoSuchMethodError'{0x000000008b614638}: 'java.lang.Object java.lang.invoke.DirectMethodHandle$Holder.invokeStatic(java.lang.Object, int, java.lang.Object, java.lang.Object)'> (0x000000008b614638) 
thrown [s\src\hotspot\share\interpreter\linkResolver.cpp, line 771]
Event: 27.596 Thread 0x0000029c1b43f550 Exception <a 'java/lang/NoSuchMethodError'{0x000000008b629ac8}: 'java.lang.Object java.lang.invoke.DirectMethodHandle$Holder.invokeStatic(java.lang.Object, java.lang.Object, int, java.lang.Object, java.lang.Object)'> (0x000000008b629ac8) 
thrown [s\src\hotspot\share\interpreter\linkResolver.cpp, line 771]
Event: 27.633 Thread 0x0000029c1b4438b0 Exception <a 'java/lang/NoSuchMethodError'{0x000000008b539370}: 'java.lang.Object java.lang.invoke.DirectMethodHandle$Holder.invokeVirtual(java.lang.Object, java.lang.Object, int)'> (0x000000008b539370) 
thrown [s\src\hotspot\share\interpreter\linkResolver.cpp, line 771]
Event: 27.650 Thread 0x0000029c1b43ced0 Exception <a 'sun/nio/fs/WindowsException'{0x000000008b764a30}> (0x000000008b764a30) 
thrown [s\src\hotspot\share\prims\jni.cpp, line 517]
Event: 27.651 Thread 0x0000029c1b43ced0 Exception <a 'sun/nio/fs/WindowsException'{0x000000008b7658d8}> (0x000000008b7658d8) 
thrown [s\src\hotspot\share\prims\jni.cpp, line 517]
Event: 27.651 Thread 0x0000029c1b43ced0 Exception <a 'sun/nio/fs/WindowsException'{0x000000008b765948}> (0x000000008b765948) 
thrown [s\src\hotspot\share\prims\jni.cpp, line 517]
Event: 27.651 Thread 0x0000029c1b43ced0 Exception <a 'sun/nio/fs/WindowsException'{0x000000008b765d50}> (0x000000008b765d50) 
thrown [s\src\hotspot\share\prims\jni.cpp, line 517]
Event: 27.651 Thread 0x0000029c1b43ced0 Exception <a 'sun/nio/fs/WindowsException'{0x000000008b767b48}> (0x000000008b767b48) 
thrown [s\src\hotspot\share\prims\jni.cpp, line 517]
Event: 27.807 Thread 0x0000029c175f2d30 Exception <a 'java/lang/NoSuchMethodError'{0x000000008a16a160}: 'int java.lang.invoke.DirectMethodHandle$Holder.invokeSpecialIFC(java.lang.Object, java.lang.Object, java.lang.Object)'> (0x000000008a16a160) 
thrown [s\src\hotspot\share\interpreter\linkResolver.cpp, line 771]

VM Operations (20 events):
Event: 26.908 Executing VM operation: G1CollectForAllocation done
Event: 26.909 Executing VM operation: HandshakeAllThreads
Event: 26.910 Executing VM operation: HandshakeAllThreads done
Event: 26.912 Executing VM operation: G1CollectForAllocation
Event: 26.926 Executing VM operation: G1CollectForAllocation done
Event: 27.173 Executing VM operation: HandshakeAllThreads
Event: 27.173 Executing VM operation: HandshakeAllThreads done
Event: 27.681 Executing VM operation: HandshakeAllThreads
Event: 27.681 Executing VM operation: HandshakeAllThreads done
Event: 27.687 Executing VM operation: HandshakeAllThreads
Event: 27.687 Executing VM operation: HandshakeAllThreads done
Event: 27.720 Executing VM operation: ICBufferFull
Event: 27.734 Executing VM operation: ICBufferFull done
Event: 27.745 Executing VM operation: HandshakeAllThreads
Event: 27.745 Executing VM operation: HandshakeAllThreads done
Event: 27.813 Executing VM operation: HandshakeAllThreads
Event: 27.820 Executing VM operation: HandshakeAllThreads done
Event: 27.835 Executing VM operation: HandshakeAllThreads
Event: 27.836 Executing VM operation: HandshakeAllThreads done
Event: 27.855 Executing VM operation: G1CollectForAllocation

Events (20 events):
Event: 27.760 loading class sun/nio/cs/US_ASCII$Encoder
Event: 27.760 loading class sun/nio/cs/US_ASCII$Encoder done
Event: 27.760 loading class java/nio/StringCharBuffer
Event: 27.761 loading class java/nio/StringCharBuffer done
Event: 27.761 loading class sun/nio/cs/ThreadLocalCoders
Event: 27.761 loading class sun/nio/cs/ThreadLocalCoders done
Event: 27.761 loading class sun/nio/cs/ThreadLocalCoders$1
Event: 27.761 loading class sun/nio/cs/ThreadLocalCoders$Cache
Event: 27.761 loading class sun/nio/cs/ThreadLocalCoders$Cache done
Event: 27.761 loading class sun/nio/cs/ThreadLocalCoders$1 done
Event: 27.761 loading class sun/nio/cs/ThreadLocalCoders$2
Event: 27.761 loading class sun/nio/cs/ThreadLocalCoders$2 done
Event: 27.762 loading class java/util/zip/Deflater
Event: 27.763 loading class java/util/zip/Deflater done
Event: 27.764 loading class java/util/zip/Deflater$DeflaterZStreamRef
Event: 27.764 loading class java/util/zip/Deflater$DeflaterZStreamRef done
Event: 27.831 loading class java/util/TreeMap$AscendingSubMap
Event: 27.832 loading class java/util/TreeMap$AscendingSubMap done
Event: 27.832 loading class java/util/TreeMap$NavigableSubMap$SubMapKeyIterator
Event: 27.832 loading class java/util/TreeMap$NavigableSubMap$SubMapKeyIterator done


Dynamic libraries:
0x00007ff72dc70000 - 0x00007ff72dc7a000 	C:\Program Files\Android\Android Studio\jbr\bin\java.exe
0x00007ffb7dd70000 - 0x00007ffb7df68000 	C:\WINDOWS\SYSTEM32\ntdll.dll
0x00007ffb7d690000 - 0x00007ffb7d74f000 	C:\WINDOWS\System32\KERNEL32.DLL
0x00007ffb7b980000 - 0x00007ffb7bc76000 	C:\WINDOWS\System32\KERNELBASE.dll
0x00007ffb7b5b0000 - 0x00007ffb7b6b0000 	C:\WINDOWS\System32\ucrtbase.dll
0x00007ffb5ec80000 - 0x00007ffb5ec97000 	C:\Program Files\Android\Android Studio\jbr\bin\jli.dll
0x00007ffb7bfb0000 - 0x00007ffb7c14d000 	C:\WINDOWS\System32\USER32.dll
0x00007ffb5ec60000 - 0x00007ffb5ec7b000 	C:\Program Files\Android\Android Studio\jbr\bin\VCRUNTIME140.dll
0x00007ffb7b800000 - 0x00007ffb7b822000 	C:\WINDOWS\System32\win32u.dll
0x00007ffb7d750000 - 0x00007ffb7d77c000 	C:\WINDOWS\System32\GDI32.dll
0x00007ffb7b860000 - 0x00007ffb7b975000 	C:\WINDOWS\System32\gdi32full.dll
0x00007ffb61420000 - 0x00007ffb616ba000 	C:\WINDOWS\WinSxS\amd64_microsoft.windows.common-controls_6595b64144ccf1df_6.0.19041.1110_none_60b5254171f9507e\COMCTL32.dll
0x00007ffb7b760000 - 0x00007ffb7b7fd000 	C:\WINDOWS\System32\msvcp_win.dll
0x00007ffb7cf30000 - 0x00007ffb7cfce000 	C:\WINDOWS\System32\msvcrt.dll
0x00007ffb7d160000 - 0x00007ffb7d190000 	C:\WINDOWS\System32\IMM32.DLL
0x00007ffb62310000 - 0x00007ffb6231c000 	C:\Program Files\Android\Android Studio\jbr\bin\vcruntime140_1.dll
0x00007ffb51990000 - 0x00007ffb51a1d000 	C:\Program Files\Android\Android Studio\jbr\bin\msvcp140.dll
0x00007ffb49f70000 - 0x00007ffb4abde000 	C:\Program Files\Android\Android Studio\jbr\bin\server\jvm.dll
0x00007ffb7c450000 - 0x00007ffb7c4ff000 	C:\WINDOWS\System32\ADVAPI32.dll
0x00007ffb7d780000 - 0x00007ffb7d81c000 	C:\WINDOWS\System32\sechost.dll
0x00007ffb7be80000 - 0x00007ffb7bfa6000 	C:\WINDOWS\System32\RPCRT4.dll
0x00007ffb61f50000 - 0x00007ffb61f59000 	C:\WINDOWS\SYSTEM32\WSOCK32.dll
0x00007ffb73410000 - 0x00007ffb73437000 	C:\WINDOWS\SYSTEM32\WINMM.dll
0x00007ffb7cfd0000 - 0x00007ffb7d03b000 	C:\WINDOWS\System32\WS2_32.dll
0x00007ffb75ea0000 - 0x00007ffb75eaa000 	C:\WINDOWS\SYSTEM32\VERSION.dll
0x00007ffb79310000 - 0x00007ffb79322000 	C:\WINDOWS\SYSTEM32\kernel.appcore.dll
0x00007ffb76f70000 - 0x00007ffb76f7a000 	C:\Program Files\Android\Android Studio\jbr\bin\jimage.dll
0x00007ffb74c40000 - 0x00007ffb74e24000 	C:\WINDOWS\SYSTEM32\DBGHELP.DLL
0x00007ffb6dd00000 - 0x00007ffb6dd34000 	C:\WINDOWS\SYSTEM32\dbgcore.DLL
0x00007ffb7bcd0000 - 0x00007ffb7bd52000 	C:\WINDOWS\System32\bcryptPrimitives.dll
0x00007ffb5efe0000 - 0x00007ffb5f005000 	C:\Program Files\Android\Android Studio\jbr\bin\java.dll
0x00007ffb76a70000 - 0x00007ffb76a88000 	C:\Program Files\Android\Android Studio\jbr\bin\zip.dll
0x00007ffb7c5d0000 - 0x00007ffb7cd14000 	C:\WINDOWS\System32\SHELL32.dll
0x00007ffb79510000 - 0x00007ffb79ca3000 	C:\WINDOWS\SYSTEM32\windows.storage.dll
0x00007ffb7d940000 - 0x00007ffb7dc94000 	C:\WINDOWS\System32\combase.dll
0x00007ffb7adc0000 - 0x00007ffb7adee000 	C:\WINDOWS\SYSTEM32\Wldp.dll
0x00007ffb7d820000 - 0x00007ffb7d8cd000 	C:\WINDOWS\System32\SHCORE.dll
0x00007ffb7c230000 - 0x00007ffb7c285000 	C:\WINDOWS\System32\shlwapi.dll
0x00007ffb7b380000 - 0x00007ffb7b3a5000 	C:\WINDOWS\SYSTEM32\profapi.dll
0x00007ffb5efc0000 - 0x00007ffb5efd9000 	C:\Program Files\Android\Android Studio\jbr\bin\net.dll
0x00007ffb747d0000 - 0x00007ffb748da000 	C:\WINDOWS\SYSTEM32\WINHTTP.dll
0x00007ffb7ab20000 - 0x00007ffb7ab8a000 	C:\WINDOWS\system32\mswsock.dll
0x00007ffb5ee80000 - 0x00007ffb5ee96000 	C:\Program Files\Android\Android Studio\jbr\bin\nio.dll
0x00007ffb76ad0000 - 0x00007ffb76ae0000 	C:\Program Files\Android\Android Studio\jbr\bin\verify.dll
0x00007ffb6c3d0000 - 0x00007ffb6c3f7000 	C:\Users\Pichau\.gradle\native\68d5fa5c4cc2d200863cafc0d521ce42e7d3e7ee720ec0a83991735586a16f82\windows-amd64\native-platform.dll
0x00007ffb4be00000 - 0x00007ffb4bf44000 	C:\Users\Pichau\.gradle\native\e376f236ea51e6404a007f0833ffe2c6e607c4080706a723a18a27aeea778392\windows-amd64\native-platform-file-events.dll
0x00007ffb6bf20000 - 0x00007ffb6bf29000 	C:\Program Files\Android\Android Studio\jbr\bin\management.dll
0x00007ffb5ecb0000 - 0x00007ffb5ecbb000 	C:\Program Files\Android\Android Studio\jbr\bin\management_ext.dll
0x00007ffb7d190000 - 0x00007ffb7d198000 	C:\WINDOWS\System32\PSAPI.DLL
0x00007ffb7ad10000 - 0x00007ffb7ad28000 	C:\WINDOWS\SYSTEM32\CRYPTSP.dll
0x00007ffb7a430000 - 0x00007ffb7a464000 	C:\WINDOWS\system32\rsaenh.dll
0x00007ffb7b830000 - 0x00007ffb7b857000 	C:\WINDOWS\System32\bcrypt.dll
0x00007ffb7b340000 - 0x00007ffb7b36e000 	C:\WINDOWS\SYSTEM32\USERENV.dll
0x00007ffb7ad30000 - 0x00007ffb7ad3c000 	C:\WINDOWS\SYSTEM32\CRYPTBASE.dll
0x00007ffb7a810000 - 0x00007ffb7a84b000 	C:\WINDOWS\SYSTEM32\IPHLPAPI.DLL
0x00007ffb7d930000 - 0x00007ffb7d938000 	C:\WINDOWS\System32\NSI.dll
0x00007ffb75960000 - 0x00007ffb75977000 	C:\WINDOWS\SYSTEM32\dhcpcsvc6.DLL
0x00007ffb75940000 - 0x00007ffb7595d000 	C:\WINDOWS\SYSTEM32\dhcpcsvc.DLL
0x00007ffb7a850000 - 0x00007ffb7a91a000 	C:\WINDOWS\SYSTEM32\DNSAPI.dll
0x00007ffb5eae0000 - 0x00007ffb5eae7000 	C:\WINDOWS\system32\wshunix.dll
0x00007ffb7a550000 - 0x00007ffb7a583000 	C:\WINDOWS\SYSTEM32\ntmarta.dll

dbghelp: loaded successfully - version: 4.0.5 - missing functions: none
symbol engine: initialized successfully - sym options: 0x614 - pdb path: .;C:\Program Files\Android\Android Studio\jbr\bin;C:\WINDOWS\SYSTEM32;C:\WINDOWS\WinSxS\amd64_microsoft.windows.common-controls_6595b64144ccf1df_6.0.19041.1110_none_60b5254171f9507e;C:\Program Files\Android\Android Studio\jbr\bin\server;C:\Users\Pichau\.gradle\native\68d5fa5c4cc2d200863cafc0d521ce42e7d3e7ee720ec0a83991735586a16f82\windows-amd64;C:\Users\Pichau\.gradle\native\e376f236ea51e6404a007f0833ffe2c6e607c4080706a723a18a27aeea778392\windows-amd64

VM Arguments:
jvm_args: --add-opens=java.base/java.util=ALL-UNNAMED --add-opens=java.base/java.lang=ALL-UNNAMED --add-opens=java.base/java.lang.invoke=ALL-UNNAMED --add-opens=java.prefs/java.util.prefs=ALL-UNNAMED --add-opens=java.base/java.nio.charset=ALL-UNNAMED --add-opens=java.base/java.net=ALL-UNNAMED --add-opens=java.base/java.util.concurrent.atomic=ALL-UNNAMED -Xmx2048m -Dfile.encoding=UTF-8 -Duser.country=BR -Duser.language=pt -Duser.variant 
java_command: org.gradle.launcher.daemon.bootstrap.GradleDaemon 8.0
java_class_path (initial): C:\Users\Pichau\.gradle\wrapper\dists\gradle-8.0-bin\ca5e32bp14vu59qr306oxotwh\gradle-8.0\lib\gradle-launcher-8.0.jar
Launcher Type: SUN_STANDARD

[Global flags]
     intx CICompilerCount                          = 3                                         {product} {ergonomic}
     uint ConcGCThreads                            = 1                                         {product} {ergonomic}
     uint G1ConcRefinementThreads                  = 4                                         {product} {ergonomic}
   size_t G1HeapRegionSize                         = 1048576                                   {product} {ergonomic}
    uintx GCDrainStackTargetSize                   = 64                                        {product} {ergonomic}
   size_t InitialHeapSize                          = 234881024                                 {product} {ergonomic}
   size_t MarkStackSize                            = 4194304                                   {product} {ergonomic}
   size_t MaxHeapSize                              = 2147483648                                {product} {command line}
   size_t MaxNewSize                               = 1287651328                                {product} {ergonomic}
   size_t MinHeapDeltaBytes                        = 1048576                                   {product} {ergonomic}
   size_t MinHeapSize                              = 8388608                                   {product} {ergonomic}
    uintx NonNMethodCodeHeapSize                   = 5832780                                {pd product} {ergonomic}
    uintx NonProfiledCodeHeapSize                  = 122912730                              {pd product} {ergonomic}
    uintx ProfiledCodeHeapSize                     = 122912730                              {pd product} {ergonomic}
    uintx ReservedCodeCacheSize                    = 251658240                              {pd product} {ergonomic}
     bool SegmentedCodeCache                       = true                                      {product} {ergonomic}
   size_t SoftMaxHeapSize                          = 2147483648                             {manageable} {ergonomic}
     bool UseCompressedClassPointers               = true                           {product lp64_product} {ergonomic}
     bool UseCompressedOops                        = true                           {product lp64_product} {ergonomic}
     bool UseG1GC                                  = true                                      {product} {ergonomic}
     bool UseLargePagesIndividualAllocation        = false                                  {pd product} {ergonomic}

Logging:
Log output configuration:
 #0: stdout all=warning uptime,level,tags
 #1: stderr all=off uptime,level,tags

Environment Variables:
PATH=C:\WINDOWS\system32;C:\WINDOWS;C:\WINDOWS\System32\Wbem;C:\WINDOWS\System32\WindowsPowerShell\v1.0\;C:\WINDOWS\System32\OpenSSH\;C:\Program Files\Microsoft SQL Server\150\Tools\Binn\;C:\Program Files\Microsoft SQL Server\Client SDK\ODBC\170\Tools\Binn\;C:\Program Files\dotnet\;C:\Program Files\Microsoft SQL Server\Client SDK\ODBC\110\Tools\Binn\;C:\Program Files (x86)\Microsoft SQL Server\120\Tools\Binn\;C:\Program Files\Microsoft SQL Server\120\Tools\Binn\;C:\Program Files\Microsoft SQL Server\120\DTS\Binn\;C:\Program Files (x86)\Microsoft SQL Server\120\Tools\Binn\ManagementStudio\;C:\Program Files (x86)\Microsoft SQL Server\120\DTS\Binn\;C:\Users\Pichau\AppData\Local\Microsoft\WindowsApps;;C:\Users\Pichau\AppData\Local\Programs\Microsoft VS Code\bin;C:\Users\Pichau\.dotnet\tools
USERNAME=Tho
OS=Windows_NT
PROCESSOR_IDENTIFIER=AMD64 Family 23 Model 17 Stepping 0, AuthenticAMD
TMP=C:\Users\Pichau\AppData\Local\Temp
TEMP=C:\Users\Pichau\AppData\Local\Temp


JNI global refs:
JNI global refs: 26, weak refs: 10

JNI global refs memory usage: 843, weak refs: 841


---------------  S Y S T E M  ---------------

OS:
 Windows 10 , 64 bit Build 19041 (10.0.19041.3155)
OS uptime: 0 days 3:29 hours

CPU: total 4 (initial active 4) (4 cores per cpu, 1 threads per core) family 23 model 17 stepping 0 microcode 0x0, cx8, cmov, fxsr, mmx, 3dnowpref, sse, sse2, sse3, ssse3, sse4a, sse4.1, sse4.2, popcnt, lzcnt, tsc, tscinvbit, avx, avx2, aes, clmul, bmi1, bmi2, adx, sha, fma, vzeroupper, clflush, clflushopt

Memory: 4k page, system-wide physical 14264M (3219M free)
TotalPageFile size 14264M (AvailPageFile size 295M)
current process WorkingSet (physical memory assigned to process): 542M, peak: 542M
current process commit charge ("private bytes"): 568M, peak: 980M

vm_info: OpenJDK 64-Bit Server VM (17.0.6+0-b2043.56-10027231) for windows-amd64 JRE (17.0.6+0-b2043.56-10027231), built on Apr 28 2023 00:43:19 by "androidbuild" with MS VC++ 16.10 / 16.11 (VS2019)

END.
