#
# There is insufficient memory for the Java Runtime Environment to continue.
# Native memory allocation (mmap) failed to map 62914560 bytes for G1 virtual space
# Possible reasons:
#   The system is out of physical RAM or swap space
#   The process is running with CompressedOops enabled, and the Java Heap may be blocking the growth of the native heap
# Possible solutions:
#   Reduce memory load on the system
#   Increase physical memory or swap space
#   Check if swap backing store is full
#   Decrease Java heap size (-Xmx/-Xms)
#   Decrease number of Java threads
#   Decrease Java thread stack sizes (-Xss)
#   Set larger code cache with -XX:ReservedCodeCacheSize=
#   JVM is running with Unscaled Compressed Oops mode in which the Java heap is
#     placed in the first 4GB address space. The Java Heap base address is the
#     maximum limit for the native heap growth. Please use -XX:HeapBaseMinAddress
#     to set the Java Heap base and to place the Java Heap above 4GB virtual address.
# This output file may be truncated or incomplete.
#
#  Out of Memory Error (os_windows.cpp:3769), pid=1684, tid=9924
#
# JRE version: OpenJDK Runtime Environment (17.0.6) (build 17.0.6+0-b2043.56-10027231)
# Java VM: OpenJDK 64-Bit Server VM (17.0.6+0-b2043.56-10027231, mixed mode, tiered, compressed oops, compressed class ptrs, g1 gc, windows-amd64)
# No core dump will be written. Minidumps are not enabled by default on client versions of Windows
#

---------------  S U M M A R Y ------------

Command Line: --add-opens=java.base/java.util=ALL-UNNAMED --add-opens=java.base/java.lang=ALL-UNNAMED --add-opens=java.base/java.lang.invoke=ALL-UNNAMED --add-opens=java.prefs/java.util.prefs=ALL-UNNAMED --add-opens=java.base/java.nio.charset=ALL-UNNAMED --add-opens=java.base/java.net=ALL-UNNAMED --add-opens=java.base/java.util.concurrent.atomic=ALL-UNNAMED -Xmx2048m -Dfile.encoding=UTF-8 -Duser.country=BR -Duser.language=pt -Duser.variant org.gradle.launcher.daemon.bootstrap.GradleDaemon 8.0

Host: AMD Ryzen 3 2200G with Radeon Vega Graphics    , 4 cores, 13G,  Windows 10 , 64 bit Build 19041 (10.0.19041.3393)
Time: Sun Oct  1 17:16:56 2023 Hora oficial do Brasil elapsed time: 1248.789847 seconds (0d 0h 20m 48s)

---------------  T H R E A D  ---------------

Current thread (0x0000015a92013790):  VMThread "VM Thread" [stack: 0x0000000a21700000,0x0000000a21800000] [id=9924]

Stack: [0x0000000a21700000,0x0000000a21800000]
Native frames: (J=compiled Java code, j=interpreted, Vv=VM code, C=native code)
V  [jvm.dll+0x683c9a]
V  [jvm.dll+0x8427a4]
V  [jvm.dll+0x843f9e]
V  [jvm.dll+0x844603]
V  [jvm.dll+0x249b75]
V  [jvm.dll+0x680b69]
V  [jvm.dll+0x67505a]
V  [jvm.dll+0x309acb]
V  [jvm.dll+0x310f86]
V  [jvm.dll+0x3608ee]
V  [jvm.dll+0x360b1f]
V  [jvm.dll+0x2dfbf8]
V  [jvm.dll+0x2ddec4]
V  [jvm.dll+0x2dd4cc]
V  [jvm.dll+0x321f3b]
V  [jvm.dll+0x848ccb]
V  [jvm.dll+0x849a04]
V  [jvm.dll+0x849f1d]
V  [jvm.dll+0x84a2f4]
V  [jvm.dll+0x84a3c0]
V  [jvm.dll+0x7f274a]
V  [jvm.dll+0x682ad5]
C  [ucrtbase.dll+0x21bb2]
C  [KERNEL32.DLL+0x17344]
C  [ntdll.dll+0x526b1]

VM_Operation (0x0000000a270fcf30): G1CollectForAllocation, mode: safepoint, requested by thread 0x0000015a94f28d10


---------------  P R O C E S S  ---------------

Threads class SMR info:
_java_thread_list=0x0000015a932ffa50, length=92, elements={
0x0000015af6067cb0, 0x0000015a91629980, 0x0000015a9162c130, 0x0000015a916387e0,
0x0000015a916391a0, 0x0000015a91639a60, 0x0000015a9163aac0, 0x0000015a9163c6a0,
0x0000015a92052e20, 0x0000015a92053ec0, 0x0000015a921cc740, 0x0000015a921f33b0,
0x0000015a949a7650, 0x0000015a949d3350, 0x0000015a9498e010, 0x0000015a94f27ea0,
0x0000015a94f28370, 0x0000015a94f28840, 0x0000015a94f296b0, 0x0000015a94f29b80,
0x0000015a94f27500, 0x0000015a94f2a520, 0x0000015a94f2a9f0, 0x0000015a957e1de0,
0x0000015a957e3120, 0x0000015a957e35f0, 0x0000015a95a32450, 0x0000015a9b4bb700,
0x0000015a94f279d0, 0x0000015a96584a20, 0x0000015a9b52d9a0, 0x0000015a94f2a050,
0x0000015a9304e1b0, 0x0000015a9b52cb30, 0x0000015a9b52d4d0, 0x0000015a96583210,
0x0000015a96584550, 0x0000015a9304d810, 0x0000015a9304dce0, 0x0000015a9b529fe0,
0x0000015a9b52a4b0, 0x0000015a9304c4d0, 0x0000015a96581060, 0x0000015a96581a00,
0x0000015a96581ed0, 0x0000015a96581530, 0x0000015a965836e0, 0x0000015a96582870,
0x0000015a965823a0, 0x0000015a96582d40, 0x0000015a923e4350, 0x0000015a923e4cf0,
0x0000015a978a96e0, 0x0000015a923e3e80, 0x0000015a923e34e0, 0x0000015a923e39b0,
0x0000015a923e2b40, 0x0000015a923e3010, 0x0000015a923e5690, 0x0000015a923e5b60,
0x0000015a95e3ea30, 0x0000015a9d362510, 0x0000015a9d3629e0, 0x0000015a9d360360,
0x0000015a9d363380, 0x0000015a9d362eb0, 0x0000015a9d360830, 0x0000015a9d363850,
0x0000015a9d35fe90, 0x0000015a9d360d00, 0x0000015a9d3611d0, 0x0000015a9d3616a0,
0x0000015a9d361b70, 0x0000015a9d362040, 0x0000015a9c9daa00, 0x0000015a9c9da530,
0x0000015a9c9dd550, 0x0000015a9c9dbd40, 0x0000015a9c9daed0, 0x0000015a9c9dda20,
0x0000015a9c9db3a0, 0x0000015a9c9dcbb0, 0x0000015a9c9da060, 0x0000015a9c9db870,
0x0000015a9c9dc210, 0x0000015a9c9dc6e0, 0x0000015a9c9dd080, 0x0000015a95a102d0,
0x0000015a95a0f930, 0x0000015a94f28d10, 0x0000015a94f291e0, 0x0000015a95a107a0
}

Java Threads: ( => current thread )
  0x0000015af6067cb0 JavaThread "main" [_thread_blocked, id=2220, stack(0x0000000a21100000,0x0000000a21200000)]
  0x0000015a91629980 JavaThread "Reference Handler" daemon [_thread_blocked, id=10084, stack(0x0000000a21800000,0x0000000a21900000)]
  0x0000015a9162c130 JavaThread "Finalizer" daemon [_thread_blocked, id=4132, stack(0x0000000a21900000,0x0000000a21a00000)]
  0x0000015a916387e0 JavaThread "Signal Dispatcher" daemon [_thread_blocked, id=6124, stack(0x0000000a21a00000,0x0000000a21b00000)]
  0x0000015a916391a0 JavaThread "Attach Listener" daemon [_thread_blocked, id=2016, stack(0x0000000a21b00000,0x0000000a21c00000)]
  0x0000015a91639a60 JavaThread "Service Thread" daemon [_thread_blocked, id=8948, stack(0x0000000a21c00000,0x0000000a21d00000)]
  0x0000015a9163aac0 JavaThread "Monitor Deflation Thread" daemon [_thread_blocked, id=5000, stack(0x0000000a21d00000,0x0000000a21e00000)]
  0x0000015a9163c6a0 JavaThread "C2 CompilerThread0" daemon [_thread_blocked, id=8904, stack(0x0000000a21e00000,0x0000000a21f00000)]
  0x0000015a92052e20 JavaThread "C1 CompilerThread0" daemon [_thread_blocked, id=1368, stack(0x0000000a21f00000,0x0000000a22000000)]
  0x0000015a92053ec0 JavaThread "Sweeper thread" daemon [_thread_blocked, id=7948, stack(0x0000000a22000000,0x0000000a22100000)]
  0x0000015a921cc740 JavaThread "Common-Cleaner" daemon [_thread_blocked, id=6288, stack(0x0000000a22100000,0x0000000a22200000)]
  0x0000015a921f33b0 JavaThread "Notification Thread" daemon [_thread_blocked, id=5788, stack(0x0000000a22200000,0x0000000a22300000)]
  0x0000015a949a7650 JavaThread "Daemon health stats" [_thread_blocked, id=4592, stack(0x0000000a22800000,0x0000000a22900000)]
  0x0000015a949d3350 JavaThread "Incoming local TCP Connector on port 53723" [_thread_in_native, id=9728, stack(0x0000000a22900000,0x0000000a22a00000)]
  0x0000015a9498e010 JavaThread "Daemon periodic checks" [_thread_blocked, id=4144, stack(0x0000000a22a00000,0x0000000a22b00000)]
  0x0000015a94f27ea0 JavaThread "Cache worker for journal cache (C:\Users\Pichau\.gradle\caches\journal-1)" [_thread_blocked, id=8180, stack(0x0000000a23200000,0x0000000a23300000)]
  0x0000015a94f28370 JavaThread "File lock request listener" [_thread_in_native, id=9896, stack(0x0000000a23300000,0x0000000a23400000)]
  0x0000015a94f28840 JavaThread "Cache worker for file hash cache (C:\Users\Pichau\.gradle\caches\8.0\fileHashes)" [_thread_blocked, id=5660, stack(0x0000000a23400000,0x0000000a23500000)]
  0x0000015a94f296b0 JavaThread "File watcher server" daemon [_thread_blocked, id=2932, stack(0x0000000a23500000,0x0000000a23600000)]
  0x0000015a94f29b80 JavaThread "File watcher consumer" daemon [_thread_blocked, id=2640, stack(0x0000000a23600000,0x0000000a23700000)]
  0x0000015a94f27500 JavaThread "Cache worker for file content cache (C:\Users\Pichau\.gradle\caches\8.0\fileContent)" [_thread_blocked, id=9760, stack(0x0000000a23900000,0x0000000a23a00000)]
  0x0000015a94f2a520 JavaThread "Cache worker for execution history cache (C:\Users\Pichau\.gradle\caches\8.0\executionHistory)" [_thread_blocked, id=6304, stack(0x0000000a23c00000,0x0000000a23d00000)]
  0x0000015a94f2a9f0 JavaThread "jar transforms" [_thread_blocked, id=808, stack(0x0000000a23d00000,0x0000000a23e00000)]
  0x0000015a957e1de0 JavaThread "jar transforms Thread 2" [_thread_blocked, id=6256, stack(0x0000000a23e00000,0x0000000a23f00000)]
  0x0000015a957e3120 JavaThread "jar transforms Thread 3" [_thread_blocked, id=2888, stack(0x0000000a24000000,0x0000000a24100000)]
  0x0000015a957e35f0 JavaThread "jar transforms Thread 4" [_thread_blocked, id=3408, stack(0x0000000a24100000,0x0000000a24200000)]
  0x0000015a95a32450 JavaThread "Memory manager" [_thread_blocked, id=3940, stack(0x0000000a26d00000,0x0000000a26e00000)]
  0x0000015a9b4bb700 JavaThread "Cache worker for Java compile cache (C:\Users\Pichau\.gradle\caches\8.0\javaCompile)" [_thread_blocked, id=3336, stack(0x0000000a27a00000,0x0000000a27b00000)]
  0x0000015a94f279d0 JavaThread "ForkJoinPool.commonPool-worker-7" daemon [_thread_blocked, id=4572, stack(0x0000000a27e00000,0x0000000a27f00000)]
  0x0000015a96584a20 JavaThread "Daemon Thread 4" [_thread_blocked, id=8704, stack(0x0000000a20e00000,0x0000000a20f00000)]
  0x0000015a9b52d9a0 JavaThread "Handler for socket connection from /127.0.0.1:53723 to /127.0.0.1:54115" [_thread_in_native, id=2372, stack(0x0000000a20f00000,0x0000000a21000000)]
  0x0000015a94f2a050 JavaThread "Cancel handler" [_thread_blocked, id=9408, stack(0x0000000a21000000,0x0000000a21100000)]
  0x0000015a9304e1b0 JavaThread "Daemon worker Thread 4" [_thread_blocked, id=8740, stack(0x0000000a22400000,0x0000000a22500000)]
  0x0000015a9b52cb30 JavaThread "Asynchronous log dispatcher for DefaultDaemonConnection: socket connection from /127.0.0.1:53723 to /127.0.0.1:54115" [_thread_blocked, id=8124, stack(0x0000000a22b00000,0x0000000a22c00000)]
  0x0000015a9b52d4d0 JavaThread "Stdin handler" [_thread_blocked, id=6804, stack(0x0000000a22c00000,0x0000000a22d00000)]
  0x0000015a96583210 JavaThread "Daemon client event forwarder" [_thread_blocked, id=6908, stack(0x0000000a22d00000,0x0000000a22e00000)]
  0x0000015a96584550 JavaThread "Cache worker for checksums cache (C:\Users\Pichau\AndroidStudioProjects\Tcc_funcionario\Tcc_funcionario\.gradle\8.0\checksums)" [_thread_blocked, id=4416, stack(0x0000000a22e00000,0x0000000a22f00000)]
  0x0000015a9304d810 JavaThread "Cache worker for cache directory md-rule (C:\Users\Pichau\.gradle\caches\8.0\md-rule)" [_thread_blocked, id=936, stack(0x0000000a22f00000,0x0000000a23000000)]
  0x0000015a9304dce0 JavaThread "Cache worker for file hash cache (C:\Users\Pichau\AndroidStudioProjects\Tcc_funcionario\Tcc_funcionario\.gradle\8.0\fileHashes)" [_thread_blocked, id=572, stack(0x0000000a23000000,0x0000000a23100000)]
  0x0000015a9b529fe0 JavaThread "Cache worker for cache directory md-supplier (C:\Users\Pichau\.gradle\caches\8.0\md-supplier)" [_thread_blocked, id=2868, stack(0x0000000a23100000,0x0000000a23200000)]
  0x0000015a9b52a4b0 JavaThread "Cache worker for dependencies-accessors (C:\Users\Pichau\AndroidStudioProjects\Tcc_funcionario\Tcc_funcionario\.gradle\8.0\dependencies-accessors)" [_thread_blocked, id=10112, stack(0x0000000a23700000,0x0000000a23800000)]
  0x0000015a9304c4d0 JavaThread "Cache worker for Build Output Cleanup Cache (C:\Users\Pichau\AndroidStudioProjects\Tcc_funcionario\Tcc_funcionario\.gradle\buildOutputCleanup)" [_thread_blocked, id=4260, stack(0x0000000a23800000,0x0000000a23900000)]
  0x0000015a96581060 JavaThread "Unconstrained build operations" [_thread_blocked, id=7176, stack(0x0000000a23a00000,0x0000000a23b00000)]
  0x0000015a96581a00 JavaThread "Unconstrained build operations Thread 2" [_thread_blocked, id=7096, stack(0x0000000a23b00000,0x0000000a23c00000)]
  0x0000015a96581ed0 JavaThread "Unconstrained build operations Thread 3" [_thread_blocked, id=2940, stack(0x0000000a24200000,0x0000000a24300000)]
  0x0000015a96581530 JavaThread "Unconstrained build operations Thread 4" [_thread_blocked, id=9784, stack(0x0000000a24300000,0x0000000a24400000)]
  0x0000015a965836e0 JavaThread "Unconstrained build operations Thread 5" [_thread_blocked, id=8052, stack(0x0000000a24400000,0x0000000a24500000)]
  0x0000015a96582870 JavaThread "Unconstrained build operations Thread 6" [_thread_blocked, id=9344, stack(0x0000000a24500000,0x0000000a24600000)]
  0x0000015a965823a0 JavaThread "Unconstrained build operations Thread 7" [_thread_blocked, id=3964, stack(0x0000000a24600000,0x0000000a24700000)]
  0x0000015a96582d40 JavaThread "Unconstrained build operations Thread 8" [_thread_blocked, id=7392, stack(0x0000000a24700000,0x0000000a24800000)]
  0x0000015a923e4350 JavaThread "Unconstrained build operations Thread 9" [_thread_blocked, id=8944, stack(0x0000000a24800000,0x0000000a24900000)]
  0x0000015a923e4cf0 JavaThread "Unconstrained build operations Thread 10" [_thread_blocked, id=6420, stack(0x0000000a24900000,0x0000000a24a00000)]
  0x0000015a978a96e0 JavaThread "C2 CompilerThread1" daemon [_thread_blocked, id=2156, stack(0x0000000a24a00000,0x0000000a24b00000)]
  0x0000015a923e3e80 JavaThread "Unconstrained build operations Thread 11" [_thread_blocked, id=7052, stack(0x0000000a24b00000,0x0000000a24c00000)]
  0x0000015a923e34e0 JavaThread "Unconstrained build operations Thread 12" [_thread_blocked, id=6240, stack(0x0000000a24c00000,0x0000000a24d00000)]
  0x0000015a923e39b0 JavaThread "Unconstrained build operations Thread 13" [_thread_blocked, id=10040, stack(0x0000000a24d00000,0x0000000a24e00000)]
  0x0000015a923e2b40 JavaThread "Unconstrained build operations Thread 14" [_thread_blocked, id=9080, stack(0x0000000a24e00000,0x0000000a24f00000)]
  0x0000015a923e3010 JavaThread "Unconstrained build operations Thread 15" [_thread_blocked, id=1400, stack(0x0000000a24f00000,0x0000000a25000000)]
  0x0000015a923e5690 JavaThread "Unconstrained build operations Thread 16" [_thread_blocked, id=4632, stack(0x0000000a25000000,0x0000000a25100000)]
  0x0000015a923e5b60 JavaThread "Unconstrained build operations Thread 17" [_thread_blocked, id=9696, stack(0x0000000a25100000,0x0000000a25200000)]
  0x0000015a95e3ea30 JavaThread "Unconstrained build operations Thread 18" [_thread_blocked, id=116, stack(0x0000000a25200000,0x0000000a25300000)]
  0x0000015a9d362510 JavaThread "Unconstrained build operations Thread 19" [_thread_blocked, id=5448, stack(0x0000000a25300000,0x0000000a25400000)]
  0x0000015a9d3629e0 JavaThread "Unconstrained build operations Thread 20" [_thread_blocked, id=2056, stack(0x0000000a25400000,0x0000000a25500000)]
  0x0000015a9d360360 JavaThread "Unconstrained build operations Thread 21" [_thread_blocked, id=7704, stack(0x0000000a25500000,0x0000000a25600000)]
  0x0000015a9d363380 JavaThread "Unconstrained build operations Thread 22" [_thread_blocked, id=9392, stack(0x0000000a25600000,0x0000000a25700000)]
  0x0000015a9d362eb0 JavaThread "Unconstrained build operations Thread 23" [_thread_blocked, id=6460, stack(0x0000000a25700000,0x0000000a25800000)]
  0x0000015a9d360830 JavaThread "Unconstrained build operations Thread 24" [_thread_blocked, id=4332, stack(0x0000000a25800000,0x0000000a25900000)]
  0x0000015a9d363850 JavaThread "Unconstrained build operations Thread 25" [_thread_blocked, id=236, stack(0x0000000a25900000,0x0000000a25a00000)]
  0x0000015a9d35fe90 JavaThread "Unconstrained build operations Thread 26" [_thread_blocked, id=1884, stack(0x0000000a25a00000,0x0000000a25b00000)]
  0x0000015a9d360d00 JavaThread "Unconstrained build operations Thread 27" [_thread_blocked, id=3244, stack(0x0000000a25b00000,0x0000000a25c00000)]
  0x0000015a9d3611d0 JavaThread "Unconstrained build operations Thread 28" [_thread_blocked, id=1072, stack(0x0000000a25c00000,0x0000000a25d00000)]
  0x0000015a9d3616a0 JavaThread "Unconstrained build operations Thread 29" [_thread_blocked, id=5760, stack(0x0000000a25d00000,0x0000000a25e00000)]
  0x0000015a9d361b70 JavaThread "Unconstrained build operations Thread 30" [_thread_blocked, id=2676, stack(0x0000000a25e00000,0x0000000a25f00000)]
  0x0000015a9d362040 JavaThread "Unconstrained build operations Thread 31" [_thread_blocked, id=7360, stack(0x0000000a25f00000,0x0000000a26000000)]
  0x0000015a9c9daa00 JavaThread "Unconstrained build operations Thread 32" [_thread_blocked, id=4768, stack(0x0000000a26000000,0x0000000a26100000)]
  0x0000015a9c9da530 JavaThread "Unconstrained build operations Thread 33" [_thread_blocked, id=7220, stack(0x0000000a26100000,0x0000000a26200000)]
  0x0000015a9c9dd550 JavaThread "Unconstrained build operations Thread 34" [_thread_blocked, id=9648, stack(0x0000000a26200000,0x0000000a26300000)]
  0x0000015a9c9dbd40 JavaThread "Unconstrained build operations Thread 35" [_thread_blocked, id=2088, stack(0x0000000a26300000,0x0000000a26400000)]
  0x0000015a9c9daed0 JavaThread "Unconstrained build operations Thread 36" [_thread_blocked, id=4032, stack(0x0000000a26400000,0x0000000a26500000)]
  0x0000015a9c9dda20 JavaThread "Unconstrained build operations Thread 37" [_thread_blocked, id=1820, stack(0x0000000a26500000,0x0000000a26600000)]
  0x0000015a9c9db3a0 JavaThread "Unconstrained build operations Thread 38" [_thread_blocked, id=3876, stack(0x0000000a26600000,0x0000000a26700000)]
  0x0000015a9c9dcbb0 JavaThread "Unconstrained build operations Thread 39" [_thread_blocked, id=360, stack(0x0000000a26700000,0x0000000a26800000)]
  0x0000015a9c9da060 JavaThread "Unconstrained build operations Thread 40" [_thread_blocked, id=4120, stack(0x0000000a26800000,0x0000000a26900000)]
  0x0000015a9c9db870 JavaThread "build event listener" [_thread_blocked, id=6444, stack(0x0000000a26900000,0x0000000a26a00000)]
  0x0000015a9c9dc210 JavaThread "included builds" [_thread_blocked, id=6204, stack(0x0000000a26a00000,0x0000000a26b00000)]
  0x0000015a9c9dc6e0 JavaThread "Execution worker" [_thread_blocked, id=6472, stack(0x0000000a26b00000,0x0000000a26c00000)]
  0x0000015a9c9dd080 JavaThread "Execution worker Thread 2" [_thread_blocked, id=9364, stack(0x0000000a26c00000,0x0000000a26d00000)]
  0x0000015a95a102d0 JavaThread "Execution worker Thread 3" [_thread_blocked, id=5360, stack(0x0000000a26e00000,0x0000000a26f00000)]
  0x0000015a95a0f930 JavaThread "Cache worker for execution history cache (C:\Users\Pichau\AndroidStudioProjects\Tcc_funcionario\Tcc_funcionario\.gradle\8.0\executionHistory)" [_thread_blocked, id=10212, stack(0x0000000a26f00000,0x0000000a27000000)]
  0x0000015a94f28d10 JavaThread "WorkerExecutor Queue" [_thread_blocked, id=6548, stack(0x0000000a27000000,0x0000000a27100000)]
  0x0000015a94f291e0 JavaThread "WorkerExecutor Queue Thread 2" [_thread_blocked, id=6916, stack(0x0000000a27100000,0x0000000a27200000)]
  0x0000015a95a107a0 JavaThread "WorkerExecutor Queue Thread 3" [_thread_blocked, id=3748, stack(0x0000000a27200000,0x0000000a27300000)]

Other Threads:
=>0x0000015a92013790 VMThread "VM Thread" [stack: 0x0000000a21700000,0x0000000a21800000] [id=9924]
  0x0000015a921cd020 WatcherThread [stack: 0x0000000a22300000,0x0000000a22400000] [id=7448]
  0x0000015af60c6320 GCTaskThread "GC Thread#0" [stack: 0x0000000a21200000,0x0000000a21300000] [id=7976]
  0x0000015a926c1fb0 GCTaskThread "GC Thread#1" [stack: 0x0000000a22500000,0x0000000a22600000] [id=1632]
  0x0000015a923fae50 GCTaskThread "GC Thread#2" [stack: 0x0000000a22600000,0x0000000a22700000] [id=7148]
  0x0000015a92832680 GCTaskThread "GC Thread#3" [stack: 0x0000000a22700000,0x0000000a22800000] [id=9336]
  0x0000015af60d7170 ConcurrentGCThread "G1 Main Marker" [stack: 0x0000000a21300000,0x0000000a21400000] [id=2724]
  0x0000015af60d7a90 ConcurrentGCThread "G1 Conc#0" [stack: 0x0000000a21400000,0x0000000a21500000] [id=9900]
  0x0000015af613e950 ConcurrentGCThread "G1 Refine#0" [stack: 0x0000000a21500000,0x0000000a21600000] [id=9568]
  0x0000015a93376f20 ConcurrentGCThread "G1 Refine#1" [stack: 0x0000000a23f00000,0x0000000a24000000] [id=9048]
  0x0000015a9a8fc650 ConcurrentGCThread "G1 Refine#2" [stack: 0x0000000a27300000,0x0000000a27400000] [id=7916]
  0x0000015a91491940 ConcurrentGCThread "G1 Service" [stack: 0x0000000a21600000,0x0000000a21700000] [id=8616]

Threads with active compile tasks:
C2 CompilerThread0  1248812 25728       4       javax.xml.namespace.QName::<init> (61 bytes)
C2 CompilerThread1  1248812 25797       4       com.sun.org.apache.xerces.internal.impl.XMLEntityScanner::scanQName (580 bytes)

VM state: at safepoint (normal execution)

VM Mutex/Monitor currently owned by a thread:  ([mutex/lock_event])
[0x0000015af6061f80] Threads_lock - owner thread: 0x0000015a92013790
[0x0000015af60633c0] Heap_lock - owner thread: 0x0000015a94f28d10

Heap address: 0x0000000080000000, size: 2048 MB, Compressed Oops mode: 32-bit

CDS archive(s) not mapped
Compressed class space mapped at: 0x0000000100000000-0x0000000140000000, reserved size: 1073741824
Narrow klass base: 0x0000000000000000, Narrow klass shift: 3, Narrow klass range: 0x140000000

GC Precious Log:
 CPUs: 4 total, 4 available
 Memory: 14264M
 Large Page Support: Disabled
 NUMA Support: Disabled
 Compressed Oops: Enabled (32-bit)
 Heap Region Size: 1M
 Heap Min Capacity: 8M
 Heap Initial Capacity: 224M
 Heap Max Capacity: 2G
 Pre-touch: Disabled
 Parallel Workers: 4
 Concurrent Workers: 1
 Concurrent Refinement Workers: 4
 Periodic GC: Disabled

Heap:
 garbage-first heap   total 271360K, used 197408K [0x0000000080000000, 0x0000000100000000)
  region size 1024K, 5 young (5120K), 5 survivors (5120K)
 Metaspace       used 137756K, committed 138688K, reserved 1171456K
  class space    used 17944K, committed 18368K, reserved 1048576K

Heap Regions: E=young(eden), S=young(survivor), O=old, HS=humongous(starts), HC=humongous(continues), CS=collection set, F=free, OA=open archive, CA=closed archive, TAMS=top-at-mark-start (previous, next)
|   0|0x0000000080000000, 0x0000000080100000, 0x0000000080100000|100%| O|  |TAMS 0x0000000080100000, 0x0000000080000000| Untracked 
|   1|0x0000000080100000, 0x0000000080200000, 0x0000000080200000|100%| O|  |TAMS 0x0000000080200000, 0x0000000080100000| Untracked 
|   2|0x0000000080200000, 0x0000000080300000, 0x0000000080300000|100%|HS|  |TAMS 0x0000000080300000, 0x0000000080200000| Complete 
|   3|0x0000000080300000, 0x0000000080400000, 0x0000000080400000|100%|HC|  |TAMS 0x0000000080400000, 0x0000000080300000| Complete 
|   4|0x0000000080400000, 0x0000000080500000, 0x0000000080500000|100%|HC|  |TAMS 0x0000000080500000, 0x0000000080400000| Complete 
|   5|0x0000000080500000, 0x0000000080600000, 0x0000000080600000|100%|HC|  |TAMS 0x0000000080600000, 0x0000000080500000| Complete 
|   6|0x0000000080600000, 0x0000000080700000, 0x0000000080700000|100%| O|  |TAMS 0x0000000080700000, 0x0000000080600000| Untracked 
|   7|0x0000000080700000, 0x0000000080800000, 0x0000000080800000|100%| O|  |TAMS 0x0000000080800000, 0x0000000080700000| Untracked 
|   8|0x0000000080800000, 0x0000000080900000, 0x0000000080900000|100%| O|  |TAMS 0x0000000080900000, 0x0000000080800000| Untracked 
|   9|0x0000000080900000, 0x0000000080a00000, 0x0000000080a00000|100%| O|  |TAMS 0x0000000080a00000, 0x0000000080900000| Untracked 
|  10|0x0000000080a00000, 0x0000000080b00000, 0x0000000080b00000|100%| O|  |TAMS 0x0000000080b00000, 0x0000000080a00000| Untracked 
|  11|0x0000000080b00000, 0x0000000080c00000, 0x0000000080c00000|100%| O|  |TAMS 0x0000000080c00000, 0x0000000080b00000| Untracked 
|  12|0x0000000080c00000, 0x0000000080d00000, 0x0000000080d00000|100%| O|  |TAMS 0x0000000080d00000, 0x0000000080c00000| Untracked 
|  13|0x0000000080d00000, 0x0000000080e00000, 0x0000000080e00000|100%| O|  |TAMS 0x0000000080e00000, 0x0000000080d00000| Untracked 
|  14|0x0000000080e00000, 0x0000000080f00000, 0x0000000080f00000|100%| O|  |TAMS 0x0000000080f00000, 0x0000000080e00000| Untracked 
|  15|0x0000000080f00000, 0x0000000081000000, 0x0000000081000000|100%| O|  |TAMS 0x0000000081000000, 0x0000000080f00000| Untracked 
|  16|0x0000000081000000, 0x0000000081100000, 0x0000000081100000|100%| O|  |TAMS 0x0000000081100000, 0x0000000081000000| Untracked 
|  17|0x0000000081100000, 0x0000000081200000, 0x0000000081200000|100%| O|  |TAMS 0x0000000081200000, 0x0000000081100000| Untracked 
|  18|0x0000000081200000, 0x0000000081300000, 0x0000000081300000|100%| O|  |TAMS 0x0000000081300000, 0x0000000081200000| Untracked 
|  19|0x0000000081300000, 0x0000000081400000, 0x0000000081400000|100%| O|  |TAMS 0x0000000081400000, 0x0000000081300000| Untracked 
|  20|0x0000000081400000, 0x0000000081500000, 0x0000000081500000|100%| O|  |TAMS 0x0000000081500000, 0x0000000081400000| Untracked 
|  21|0x0000000081500000, 0x0000000081600000, 0x0000000081600000|100%| O|  |TAMS 0x0000000081600000, 0x0000000081500000| Untracked 
|  22|0x0000000081600000, 0x0000000081700000, 0x0000000081700000|100%| O|  |TAMS 0x0000000081700000, 0x0000000081600000| Untracked 
|  23|0x0000000081700000, 0x0000000081800000, 0x0000000081800000|100%| O|  |TAMS 0x0000000081800000, 0x0000000081700000| Untracked 
|  24|0x0000000081800000, 0x0000000081900000, 0x0000000081900000|100%| O|  |TAMS 0x0000000081900000, 0x0000000081800000| Untracked 
|  25|0x0000000081900000, 0x0000000081a00000, 0x0000000081a00000|100%| O|  |TAMS 0x0000000081a00000, 0x0000000081900000| Untracked 
|  26|0x0000000081a00000, 0x0000000081b00000, 0x0000000081b00000|100%| O|  |TAMS 0x0000000081b00000, 0x0000000081a00000| Untracked 
|  27|0x0000000081b00000, 0x0000000081c00000, 0x0000000081c00000|100%| O|  |TAMS 0x0000000081c00000, 0x0000000081b00000| Untracked 
|  28|0x0000000081c00000, 0x0000000081d00000, 0x0000000081d00000|100%| O|  |TAMS 0x0000000081d00000, 0x0000000081c00000| Untracked 
|  29|0x0000000081d00000, 0x0000000081e00000, 0x0000000081e00000|100%| O|  |TAMS 0x0000000081e00000, 0x0000000081d00000| Untracked 
|  30|0x0000000081e00000, 0x0000000081f00000, 0x0000000081f00000|100%| O|  |TAMS 0x0000000081f00000, 0x0000000081e00000| Untracked 
|  31|0x0000000081f00000, 0x0000000082000000, 0x0000000082000000|100%| O|  |TAMS 0x0000000082000000, 0x0000000081f00000| Untracked 
|  32|0x0000000082000000, 0x0000000082100000, 0x0000000082100000|100%| O|  |TAMS 0x0000000082100000, 0x0000000082000000| Untracked 
|  33|0x0000000082100000, 0x0000000082200000, 0x0000000082200000|100%| O|  |TAMS 0x0000000082200000, 0x0000000082100000| Untracked 
|  34|0x0000000082200000, 0x0000000082300000, 0x0000000082300000|100%| O|  |TAMS 0x0000000082300000, 0x0000000082200000| Untracked 
|  35|0x0000000082300000, 0x0000000082400000, 0x0000000082400000|100%|HS|  |TAMS 0x0000000082400000, 0x0000000082300000| Complete 
|  36|0x0000000082400000, 0x0000000082500000, 0x0000000082500000|100%|HS|  |TAMS 0x0000000082500000, 0x0000000082400000| Complete 
|  37|0x0000000082500000, 0x0000000082600000, 0x0000000082600000|100%| O|  |TAMS 0x0000000082600000, 0x0000000082500000| Untracked 
|  38|0x0000000082600000, 0x0000000082700000, 0x0000000082700000|100%| O|  |TAMS 0x0000000082600000, 0x0000000082600000| Untracked 
|  39|0x0000000082700000, 0x0000000082800000, 0x0000000082800000|100%| O|  |TAMS 0x0000000082800000, 0x0000000082700000| Untracked 
|  40|0x0000000082800000, 0x0000000082900000, 0x0000000082900000|100%| O|  |TAMS 0x0000000082800000, 0x0000000082800000| Untracked 
|  41|0x0000000082900000, 0x0000000082a00000, 0x0000000082a00000|100%| O|  |TAMS 0x0000000082a00000, 0x0000000082900000| Untracked 
|  42|0x0000000082a00000, 0x0000000082b00000, 0x0000000082b00000|100%| O|  |TAMS 0x0000000082b00000, 0x0000000082a00000| Untracked 
|  43|0x0000000082b00000, 0x0000000082c00000, 0x0000000082c00000|100%| O|  |TAMS 0x0000000082c00000, 0x0000000082b00000| Untracked 
|  44|0x0000000082c00000, 0x0000000082d00000, 0x0000000082d00000|100%| O|  |TAMS 0x0000000082d00000, 0x0000000082c00000| Untracked 
|  45|0x0000000082d00000, 0x0000000082e00000, 0x0000000082e00000|100%| O|  |TAMS 0x0000000082e00000, 0x0000000082d00000| Untracked 
|  46|0x0000000082e00000, 0x0000000082f00000, 0x0000000082f00000|100%| O|  |TAMS 0x0000000082f00000, 0x0000000082e00000| Untracked 
|  47|0x0000000082f00000, 0x0000000083000000, 0x0000000083000000|100%| O|  |TAMS 0x0000000083000000, 0x0000000082f00000| Untracked 
|  48|0x0000000083000000, 0x0000000083100000, 0x0000000083100000|100%| O|  |TAMS 0x0000000083100000, 0x0000000083000000| Untracked 
|  49|0x0000000083100000, 0x0000000083200000, 0x0000000083200000|100%| O|  |TAMS 0x0000000083200000, 0x0000000083100000| Untracked 
|  50|0x0000000083200000, 0x0000000083300000, 0x0000000083300000|100%| O|  |TAMS 0x0000000083300000, 0x0000000083200000| Untracked 
|  51|0x0000000083300000, 0x0000000083400000, 0x0000000083400000|100%| O|  |TAMS 0x0000000083400000, 0x0000000083300000| Untracked 
|  52|0x0000000083400000, 0x0000000083500000, 0x0000000083500000|100%| O|  |TAMS 0x0000000083500000, 0x0000000083400000| Untracked 
|  53|0x0000000083500000, 0x0000000083600000, 0x0000000083600000|100%| O|  |TAMS 0x0000000083600000, 0x0000000083500000| Untracked 
|  54|0x0000000083600000, 0x0000000083700000, 0x0000000083700000|100%| O|  |TAMS 0x0000000083700000, 0x0000000083600000| Untracked 
|  55|0x0000000083700000, 0x0000000083800000, 0x0000000083800000|100%| O|  |TAMS 0x0000000083800000, 0x0000000083700000| Untracked 
|  56|0x0000000083800000, 0x0000000083900000, 0x0000000083900000|100%| O|  |TAMS 0x0000000083900000, 0x0000000083800000| Untracked 
|  57|0x0000000083900000, 0x0000000083a00000, 0x0000000083a00000|100%| O|  |TAMS 0x0000000083a00000, 0x0000000083900000| Untracked 
|  58|0x0000000083a00000, 0x0000000083b00000, 0x0000000083b00000|100%| O|  |TAMS 0x0000000083a00000, 0x0000000083a00000| Untracked 
|  59|0x0000000083b00000, 0x0000000083c00000, 0x0000000083c00000|100%| O|  |TAMS 0x0000000083b00000, 0x0000000083b00000| Untracked 
|  60|0x0000000083c00000, 0x0000000083d00000, 0x0000000083d00000|100%| O|  |TAMS 0x0000000083c00000, 0x0000000083c00000| Untracked 
|  61|0x0000000083d00000, 0x0000000083e00000, 0x0000000083e00000|100%| O|  |TAMS 0x0000000083d00000, 0x0000000083d00000| Untracked 
|  62|0x0000000083e00000, 0x0000000083f00000, 0x0000000083f00000|100%| O|  |TAMS 0x0000000083e00000, 0x0000000083e00000| Untracked 
|  63|0x0000000083f00000, 0x0000000084000000, 0x0000000084000000|100%| O|  |TAMS 0x0000000083f00000, 0x0000000083f00000| Untracked 
|  64|0x0000000084000000, 0x0000000084100000, 0x0000000084100000|100%| O|  |TAMS 0x0000000084000000, 0x0000000084000000| Untracked 
|  65|0x0000000084100000, 0x0000000084200000, 0x0000000084200000|100%| O|  |TAMS 0x0000000084100000, 0x0000000084100000| Untracked 
|  66|0x0000000084200000, 0x0000000084300000, 0x0000000084300000|100%| O|  |TAMS 0x0000000084200000, 0x0000000084200000| Untracked 
|  67|0x0000000084300000, 0x0000000084400000, 0x0000000084400000|100%| O|  |TAMS 0x0000000084300000, 0x0000000084300000| Untracked 
|  68|0x0000000084400000, 0x0000000084500000, 0x0000000084500000|100%| O|  |TAMS 0x0000000084400000, 0x0000000084400000| Untracked 
|  69|0x0000000084500000, 0x0000000084600000, 0x0000000084600000|100%| O|  |TAMS 0x0000000084500000, 0x0000000084500000| Untracked 
|  70|0x0000000084600000, 0x0000000084700000, 0x0000000084700000|100%| O|  |TAMS 0x0000000084600000, 0x0000000084600000| Untracked 
|  71|0x0000000084700000, 0x0000000084800000, 0x0000000084800000|100%| O|  |TAMS 0x0000000084700000, 0x0000000084700000| Untracked 
|  72|0x0000000084800000, 0x0000000084900000, 0x0000000084900000|100%| O|  |TAMS 0x0000000084800000, 0x0000000084800000| Untracked 
|  73|0x0000000084900000, 0x0000000084a00000, 0x0000000084a00000|100%| O|  |TAMS 0x0000000084900000, 0x0000000084900000| Untracked 
|  74|0x0000000084a00000, 0x0000000084b00000, 0x0000000084b00000|100%| O|  |TAMS 0x0000000084a00000, 0x0000000084a00000| Untracked 
|  75|0x0000000084b00000, 0x0000000084c00000, 0x0000000084c00000|100%| O|  |TAMS 0x0000000084c00000, 0x0000000084b00000| Untracked 
|  76|0x0000000084c00000, 0x0000000084d00000, 0x0000000084d00000|100%| O|  |TAMS 0x0000000084d00000, 0x0000000084c00000| Untracked 
|  77|0x0000000084d00000, 0x0000000084e00000, 0x0000000084e00000|100%| O|  |TAMS 0x0000000084e00000, 0x0000000084d00000| Untracked 
|  78|0x0000000084e00000, 0x0000000084f00000, 0x0000000084f00000|100%| O|  |TAMS 0x0000000084f00000, 0x0000000084e00000| Untracked 
|  79|0x0000000084f00000, 0x0000000085000000, 0x0000000085000000|100%| O|  |TAMS 0x0000000085000000, 0x0000000084f00000| Untracked 
|  80|0x0000000085000000, 0x0000000085100000, 0x0000000085100000|100%| O|  |TAMS 0x0000000085100000, 0x0000000085000000| Untracked 
|  81|0x0000000085100000, 0x0000000085200000, 0x0000000085200000|100%| O|  |TAMS 0x0000000085200000, 0x0000000085100000| Untracked 
|  82|0x0000000085200000, 0x0000000085300000, 0x0000000085300000|100%| O|  |TAMS 0x0000000085300000, 0x0000000085200000| Untracked 
|  83|0x0000000085300000, 0x0000000085400000, 0x0000000085400000|100%| O|  |TAMS 0x0000000085400000, 0x0000000085300000| Untracked 
|  84|0x0000000085400000, 0x0000000085500000, 0x0000000085500000|100%| O|  |TAMS 0x0000000085500000, 0x0000000085400000| Untracked 
|  85|0x0000000085500000, 0x0000000085600000, 0x0000000085600000|100%| O|  |TAMS 0x0000000085600000, 0x0000000085500000| Untracked 
|  86|0x0000000085600000, 0x0000000085700000, 0x0000000085700000|100%| O|  |TAMS 0x0000000085700000, 0x0000000085600000| Untracked 
|  87|0x0000000085700000, 0x0000000085800000, 0x0000000085800000|100%| O|  |TAMS 0x0000000085800000, 0x0000000085700000| Untracked 
|  88|0x0000000085800000, 0x0000000085900000, 0x0000000085900000|100%| O|  |TAMS 0x0000000085900000, 0x0000000085800000| Untracked 
|  89|0x0000000085900000, 0x0000000085a00000, 0x0000000085a00000|100%| O|  |TAMS 0x0000000085a00000, 0x0000000085900000| Untracked 
|  90|0x0000000085a00000, 0x0000000085b00000, 0x0000000085b00000|100%| O|  |TAMS 0x0000000085b00000, 0x0000000085a00000| Untracked 
|  91|0x0000000085b00000, 0x0000000085c00000, 0x0000000085c00000|100%| O|  |TAMS 0x0000000085c00000, 0x0000000085b00000| Untracked 
|  92|0x0000000085c00000, 0x0000000085d00000, 0x0000000085d00000|100%| O|  |TAMS 0x0000000085c62c00, 0x0000000085c00000| Untracked 
|  93|0x0000000085d00000, 0x0000000085e00000, 0x0000000085e00000|100%| O|  |TAMS 0x0000000085d00000, 0x0000000085d00000| Untracked 
|  94|0x0000000085e00000, 0x0000000085f00000, 0x0000000085f00000|100%| O|  |TAMS 0x0000000085e00000, 0x0000000085e00000| Untracked 
|  95|0x0000000085f00000, 0x0000000086000000, 0x0000000086000000|100%| O|  |TAMS 0x0000000085f00000, 0x0000000085f00000| Untracked 
|  96|0x0000000086000000, 0x0000000086100000, 0x0000000086100000|100%| O|  |TAMS 0x0000000086000000, 0x0000000086000000| Untracked 
|  97|0x0000000086100000, 0x0000000086200000, 0x0000000086200000|100%| O|  |TAMS 0x0000000086100000, 0x0000000086100000| Untracked 
|  98|0x0000000086200000, 0x0000000086300000, 0x0000000086300000|100%| O|  |TAMS 0x0000000086200000, 0x0000000086200000| Untracked 
|  99|0x0000000086300000, 0x0000000086400000, 0x0000000086400000|100%| O|  |TAMS 0x0000000086300000, 0x0000000086300000| Untracked 
| 100|0x0000000086400000, 0x0000000086500000, 0x0000000086500000|100%| O|  |TAMS 0x0000000086400000, 0x0000000086400000| Untracked 
| 101|0x0000000086500000, 0x0000000086600000, 0x0000000086600000|100%|HS|  |TAMS 0x0000000086500000, 0x0000000086500000| Complete 
| 102|0x0000000086600000, 0x0000000086700000, 0x0000000086700000|100%|HC|  |TAMS 0x0000000086600000, 0x0000000086600000| Complete 
| 103|0x0000000086700000, 0x0000000086800000, 0x0000000086800000|100%| O|  |TAMS 0x0000000086700000, 0x0000000086700000| Untracked 
| 104|0x0000000086800000, 0x0000000086900000, 0x0000000086900000|100%| O|  |TAMS 0x0000000086800000, 0x0000000086800000| Untracked 
| 105|0x0000000086900000, 0x0000000086a00000, 0x0000000086a00000|100%| O|  |TAMS 0x0000000086900000, 0x0000000086900000| Untracked 
| 106|0x0000000086a00000, 0x0000000086b00000, 0x0000000086b00000|100%| O|  |TAMS 0x0000000086a00000, 0x0000000086a00000| Untracked 
| 107|0x0000000086b00000, 0x0000000086c00000, 0x0000000086c00000|100%| O|  |TAMS 0x0000000086b00000, 0x0000000086b00000| Untracked 
| 108|0x0000000086c00000, 0x0000000086d00000, 0x0000000086d00000|100%| O|  |TAMS 0x0000000086c00000, 0x0000000086c00000| Untracked 
| 109|0x0000000086d00000, 0x0000000086e00000, 0x0000000086e00000|100%| O|  |TAMS 0x0000000086d00000, 0x0000000086d00000| Untracked 
| 110|0x0000000086e00000, 0x0000000086f00000, 0x0000000086f00000|100%| O|  |TAMS 0x0000000086e00000, 0x0000000086e00000| Untracked 
| 111|0x0000000086f00000, 0x0000000087000000, 0x0000000087000000|100%| O|  |TAMS 0x0000000086f00000, 0x0000000086f00000| Untracked 
| 112|0x0000000087000000, 0x0000000087100000, 0x0000000087100000|100%| O|  |TAMS 0x0000000087000000, 0x0000000087000000| Untracked 
| 113|0x0000000087100000, 0x0000000087200000, 0x0000000087200000|100%|HS|  |TAMS 0x0000000087100000, 0x0000000087100000| Complete 
| 114|0x0000000087200000, 0x0000000087300000, 0x0000000087300000|100%|HC|  |TAMS 0x0000000087200000, 0x0000000087200000| Complete 
| 115|0x0000000087300000, 0x0000000087400000, 0x0000000087400000|100%| O|  |TAMS 0x0000000087300000, 0x0000000087300000| Untracked 
| 116|0x0000000087400000, 0x0000000087500000, 0x0000000087500000|100%| O|  |TAMS 0x0000000087400000, 0x0000000087400000| Untracked 
| 117|0x0000000087500000, 0x0000000087600000, 0x0000000087600000|100%| O|  |TAMS 0x0000000087500000, 0x0000000087500000| Untracked 
| 118|0x0000000087600000, 0x0000000087700000, 0x0000000087700000|100%| O|  |TAMS 0x0000000087600000, 0x0000000087600000| Untracked 
| 119|0x0000000087700000, 0x0000000087800000, 0x0000000087800000|100%| O|  |TAMS 0x0000000087700000, 0x0000000087700000| Untracked 
| 120|0x0000000087800000, 0x0000000087900000, 0x0000000087900000|100%| O|  |TAMS 0x0000000087800000, 0x0000000087800000| Untracked 
| 121|0x0000000087900000, 0x0000000087a00000, 0x0000000087a00000|100%| O|  |TAMS 0x0000000087900000, 0x0000000087900000| Untracked 
| 122|0x0000000087a00000, 0x0000000087b00000, 0x0000000087b00000|100%| O|  |TAMS 0x0000000087a00000, 0x0000000087a00000| Untracked 
| 123|0x0000000087b00000, 0x0000000087c00000, 0x0000000087c00000|100%| O|  |TAMS 0x0000000087b00000, 0x0000000087b00000| Untracked 
| 124|0x0000000087c00000, 0x0000000087d00000, 0x0000000087d00000|100%| O|  |TAMS 0x0000000087c00000, 0x0000000087c00000| Untracked 
| 125|0x0000000087d00000, 0x0000000087e00000, 0x0000000087e00000|100%| O|  |TAMS 0x0000000087d00000, 0x0000000087d00000| Untracked 
| 126|0x0000000087e00000, 0x0000000087f00000, 0x0000000087f00000|100%| O|  |TAMS 0x0000000087e00000, 0x0000000087e00000| Untracked 
| 127|0x0000000087f00000, 0x0000000088000000, 0x0000000088000000|100%| O|  |TAMS 0x0000000087f00000, 0x0000000087f00000| Untracked 
| 128|0x0000000088000000, 0x0000000088100000, 0x0000000088100000|100%| O|  |TAMS 0x0000000088000000, 0x0000000088000000| Untracked 
| 129|0x0000000088100000, 0x0000000088200000, 0x0000000088200000|100%| O|  |TAMS 0x0000000088100000, 0x0000000088100000| Untracked 
| 130|0x0000000088200000, 0x0000000088300000, 0x0000000088300000|100%| O|  |TAMS 0x0000000088200000, 0x0000000088200000| Untracked 
| 131|0x0000000088300000, 0x0000000088400000, 0x0000000088400000|100%| O|  |TAMS 0x0000000088300000, 0x0000000088300000| Untracked 
| 132|0x0000000088400000, 0x0000000088500000, 0x0000000088500000|100%| O|  |TAMS 0x0000000088400000, 0x0000000088400000| Untracked 
| 133|0x0000000088500000, 0x0000000088600000, 0x0000000088600000|100%| O|  |TAMS 0x0000000088500000, 0x0000000088500000| Untracked 
| 134|0x0000000088600000, 0x0000000088700000, 0x0000000088700000|100%| O|  |TAMS 0x0000000088600000, 0x0000000088600000| Untracked 
| 135|0x0000000088700000, 0x0000000088800000, 0x0000000088800000|100%|HS|  |TAMS 0x0000000088700000, 0x0000000088700000| Complete 
| 136|0x0000000088800000, 0x0000000088900000, 0x0000000088900000|100%|HC|  |TAMS 0x0000000088800000, 0x0000000088800000| Complete 
| 137|0x0000000088900000, 0x0000000088a00000, 0x0000000088a00000|100%| O|  |TAMS 0x0000000088900000, 0x0000000088900000| Untracked 
| 138|0x0000000088a00000, 0x0000000088b00000, 0x0000000088b00000|100%| O|  |TAMS 0x0000000088a00000, 0x0000000088a00000| Untracked 
| 139|0x0000000088b00000, 0x0000000088c00000, 0x0000000088c00000|100%| O|  |TAMS 0x0000000088b00000, 0x0000000088b00000| Untracked 
| 140|0x0000000088c00000, 0x0000000088d00000, 0x0000000088d00000|100%| O|  |TAMS 0x0000000088c00000, 0x0000000088c00000| Untracked 
| 141|0x0000000088d00000, 0x0000000088e00000, 0x0000000088e00000|100%| O|  |TAMS 0x0000000088d00000, 0x0000000088d00000| Untracked 
| 142|0x0000000088e00000, 0x0000000088f00000, 0x0000000088f00000|100%| O|  |TAMS 0x0000000088e00000, 0x0000000088e00000| Untracked 
| 143|0x0000000088f00000, 0x0000000089000000, 0x0000000089000000|100%| O|  |TAMS 0x0000000088f00000, 0x0000000088f00000| Untracked 
| 144|0x0000000089000000, 0x0000000089100000, 0x0000000089100000|100%| O|  |TAMS 0x0000000089000000, 0x0000000089000000| Untracked 
| 145|0x0000000089100000, 0x0000000089200000, 0x0000000089200000|100%| O|  |TAMS 0x0000000089100000, 0x0000000089100000| Untracked 
| 146|0x0000000089200000, 0x0000000089300000, 0x0000000089300000|100%| O|  |TAMS 0x0000000089200000, 0x0000000089200000| Untracked 
| 147|0x0000000089300000, 0x0000000089400000, 0x0000000089400000|100%| O|  |TAMS 0x0000000089300000, 0x0000000089300000| Untracked 
| 148|0x0000000089400000, 0x0000000089500000, 0x0000000089500000|100%| O|  |TAMS 0x0000000089400000, 0x0000000089400000| Untracked 
| 149|0x0000000089500000, 0x0000000089600000, 0x0000000089600000|100%| O|  |TAMS 0x0000000089500000, 0x0000000089500000| Untracked 
| 150|0x0000000089600000, 0x0000000089700000, 0x0000000089700000|100%| O|  |TAMS 0x0000000089600000, 0x0000000089600000| Untracked 
| 151|0x0000000089700000, 0x0000000089800000, 0x0000000089800000|100%| O|  |TAMS 0x0000000089700000, 0x0000000089700000| Untracked 
| 152|0x0000000089800000, 0x0000000089900000, 0x0000000089900000|100%| O|  |TAMS 0x0000000089800000, 0x0000000089800000| Untracked 
| 153|0x0000000089900000, 0x0000000089a00000, 0x0000000089a00000|100%| O|  |TAMS 0x0000000089900000, 0x0000000089900000| Untracked 
| 154|0x0000000089a00000, 0x0000000089b00000, 0x0000000089b00000|100%| O|  |TAMS 0x0000000089a00000, 0x0000000089a00000| Untracked 
| 155|0x0000000089b00000, 0x0000000089c00000, 0x0000000089c00000|100%| O|  |TAMS 0x0000000089b00000, 0x0000000089b00000| Untracked 
| 156|0x0000000089c00000, 0x0000000089d00000, 0x0000000089d00000|100%| O|  |TAMS 0x0000000089c00000, 0x0000000089c00000| Untracked 
| 157|0x0000000089d00000, 0x0000000089e00000, 0x0000000089e00000|100%| O|  |TAMS 0x0000000089d00000, 0x0000000089d00000| Untracked 
| 158|0x0000000089e00000, 0x0000000089e00000, 0x0000000089f00000|  0%| F|  |TAMS 0x0000000089e00000, 0x0000000089e00000| Untracked 
| 159|0x0000000089f00000, 0x0000000089f00000, 0x000000008a000000|  0%| F|  |TAMS 0x0000000089f00000, 0x0000000089f00000| Untracked 
| 160|0x000000008a000000, 0x000000008a100000, 0x000000008a100000|100%| O|  |TAMS 0x000000008a000000, 0x000000008a000000| Untracked 
| 161|0x000000008a100000, 0x000000008a200000, 0x000000008a200000|100%| O|  |TAMS 0x000000008a100000, 0x000000008a100000| Untracked 
| 162|0x000000008a200000, 0x000000008a300000, 0x000000008a300000|100%| O|  |TAMS 0x000000008a200000, 0x000000008a200000| Untracked 
| 163|0x000000008a300000, 0x000000008a400000, 0x000000008a400000|100%| O|  |TAMS 0x000000008a300000, 0x000000008a300000| Untracked 
| 164|0x000000008a400000, 0x000000008a400000, 0x000000008a500000|  0%| F|  |TAMS 0x000000008a400000, 0x000000008a400000| Untracked 
| 165|0x000000008a500000, 0x000000008a500000, 0x000000008a600000|  0%| F|  |TAMS 0x000000008a500000, 0x000000008a500000| Untracked 
| 166|0x000000008a600000, 0x000000008a700000, 0x000000008a700000|100%| O|  |TAMS 0x000000008a600000, 0x000000008a600000| Untracked 
| 167|0x000000008a700000, 0x000000008a800000, 0x000000008a800000|100%| O|  |TAMS 0x000000008a700000, 0x000000008a700000| Untracked 
| 168|0x000000008a800000, 0x000000008a900000, 0x000000008a900000|100%| O|  |TAMS 0x000000008a800000, 0x000000008a800000| Untracked 
| 169|0x000000008a900000, 0x000000008aa00000, 0x000000008aa00000|100%| O|  |TAMS 0x000000008a900000, 0x000000008a900000| Untracked 
| 170|0x000000008aa00000, 0x000000008ab00000, 0x000000008ab00000|100%| O|  |TAMS 0x000000008aa00000, 0x000000008aa00000| Untracked 
| 171|0x000000008ab00000, 0x000000008ac00000, 0x000000008ac00000|100%| O|  |TAMS 0x000000008ab00000, 0x000000008ab00000| Untracked 
| 172|0x000000008ac00000, 0x000000008ad00000, 0x000000008ad00000|100%| O|  |TAMS 0x000000008ac00000, 0x000000008ac00000| Untracked 
| 173|0x000000008ad00000, 0x000000008ae00000, 0x000000008ae00000|100%| O|  |TAMS 0x000000008ad00000, 0x000000008ad00000| Untracked 
| 174|0x000000008ae00000, 0x000000008af00000, 0x000000008af00000|100%| O|  |TAMS 0x000000008ae00000, 0x000000008ae00000| Untracked 
| 175|0x000000008af00000, 0x000000008b000000, 0x000000008b000000|100%| O|  |TAMS 0x000000008af00000, 0x000000008af00000| Untracked 
| 176|0x000000008b000000, 0x000000008b100000, 0x000000008b100000|100%| O|  |TAMS 0x000000008b000000, 0x000000008b000000| Untracked 
| 177|0x000000008b100000, 0x000000008b200000, 0x000000008b200000|100%| O|  |TAMS 0x000000008b100000, 0x000000008b100000| Untracked 
| 178|0x000000008b200000, 0x000000008b300000, 0x000000008b300000|100%| O|  |TAMS 0x000000008b200000, 0x000000008b200000| Untracked 
| 179|0x000000008b300000, 0x000000008b400000, 0x000000008b400000|100%| O|  |TAMS 0x000000008b300000, 0x000000008b300000| Untracked 
| 180|0x000000008b400000, 0x000000008b500000, 0x000000008b500000|100%| O|  |TAMS 0x000000008b400000, 0x000000008b400000| Untracked 
| 181|0x000000008b500000, 0x000000008b600000, 0x000000008b600000|100%| O|  |TAMS 0x000000008b500000, 0x000000008b500000| Untracked 
| 182|0x000000008b600000, 0x000000008b700000, 0x000000008b700000|100%| O|  |TAMS 0x000000008b600000, 0x000000008b600000| Untracked 
| 183|0x000000008b700000, 0x000000008b800000, 0x000000008b800000|100%| O|  |TAMS 0x000000008b700000, 0x000000008b700000| Untracked 
| 184|0x000000008b800000, 0x000000008b900000, 0x000000008b900000|100%| O|  |TAMS 0x000000008b800000, 0x000000008b800000| Untracked 
| 185|0x000000008b900000, 0x000000008ba00000, 0x000000008ba00000|100%| O|  |TAMS 0x000000008b900000, 0x000000008b900000| Untracked 
| 186|0x000000008ba00000, 0x000000008bb00000, 0x000000008bb00000|100%| O|  |TAMS 0x000000008ba00000, 0x000000008ba00000| Untracked 
| 187|0x000000008bb00000, 0x000000008bc00000, 0x000000008bc00000|100%| O|  |TAMS 0x000000008bb00000, 0x000000008bb00000| Untracked 
| 188|0x000000008bc00000, 0x000000008bc00000, 0x000000008bd00000|  0%| F|  |TAMS 0x000000008bc00000, 0x000000008bc00000| Untracked 
| 189|0x000000008bd00000, 0x000000008bd00000, 0x000000008be00000|  0%| F|  |TAMS 0x000000008bd00000, 0x000000008bd00000| Untracked 
| 190|0x000000008be00000, 0x000000008be00000, 0x000000008bf00000|  0%| F|  |TAMS 0x000000008be00000, 0x000000008be00000| Untracked 
| 191|0x000000008bf00000, 0x000000008bf00000, 0x000000008c000000|  0%| F|  |TAMS 0x000000008bf00000, 0x000000008bf00000| Untracked 
| 192|0x000000008c000000, 0x000000008c000000, 0x000000008c100000|  0%| F|  |TAMS 0x000000008c000000, 0x000000008c000000| Untracked 
| 193|0x000000008c100000, 0x000000008c100000, 0x000000008c200000|  0%| F|  |TAMS 0x000000008c100000, 0x000000008c100000| Untracked 
| 194|0x000000008c200000, 0x000000008c200000, 0x000000008c300000|  0%| F|  |TAMS 0x000000008c200000, 0x000000008c200000| Untracked 
| 195|0x000000008c300000, 0x000000008c300000, 0x000000008c400000|  0%| F|  |TAMS 0x000000008c300000, 0x000000008c300000| Untracked 
| 196|0x000000008c400000, 0x000000008c400000, 0x000000008c500000|  0%| F|  |TAMS 0x000000008c400000, 0x000000008c400000| Untracked 
| 197|0x000000008c500000, 0x000000008c500000, 0x000000008c600000|  0%| F|  |TAMS 0x000000008c500000, 0x000000008c500000| Untracked 
| 198|0x000000008c600000, 0x000000008c700000, 0x000000008c700000|100%| O|  |TAMS 0x000000008c600000, 0x000000008c600000| Untracked 
| 199|0x000000008c700000, 0x000000008c800000, 0x000000008c800000|100%| O|  |TAMS 0x000000008c700000, 0x000000008c700000| Untracked 
| 200|0x000000008c800000, 0x000000008c900000, 0x000000008c900000|100%| O|  |TAMS 0x000000008c800000, 0x000000008c800000| Untracked 
| 201|0x000000008c900000, 0x000000008ca00000, 0x000000008ca00000|100%| O|  |TAMS 0x000000008c900000, 0x000000008c900000| Untracked 
| 202|0x000000008ca00000, 0x000000008ca00000, 0x000000008cb00000|  0%| F|  |TAMS 0x000000008ca00000, 0x000000008ca00000| Untracked 
| 203|0x000000008cb00000, 0x000000008cb00000, 0x000000008cc00000|  0%| F|  |TAMS 0x000000008cb00000, 0x000000008cb00000| Untracked 
| 204|0x000000008cc00000, 0x000000008cc00000, 0x000000008cd00000|  0%| F|  |TAMS 0x000000008cc00000, 0x000000008cc00000| Untracked 
| 205|0x000000008cd00000, 0x000000008cd00000, 0x000000008ce00000|  0%| F|  |TAMS 0x000000008cd00000, 0x000000008cd00000| Untracked 
| 206|0x000000008ce00000, 0x000000008ce00000, 0x000000008cf00000|  0%| F|  |TAMS 0x000000008ce00000, 0x000000008ce00000| Untracked 
| 207|0x000000008cf00000, 0x000000008cf00000, 0x000000008d000000|  0%| F|  |TAMS 0x000000008cf00000, 0x000000008cf00000| Untracked 
| 208|0x000000008d000000, 0x000000008d000000, 0x000000008d100000|  0%| F|  |TAMS 0x000000008d000000, 0x000000008d000000| Untracked 
| 209|0x000000008d100000, 0x000000008d100000, 0x000000008d200000|  0%| F|  |TAMS 0x000000008d100000, 0x000000008d100000| Untracked 
| 210|0x000000008d200000, 0x000000008d200000, 0x000000008d300000|  0%| F|  |TAMS 0x000000008d200000, 0x000000008d200000| Untracked 
| 211|0x000000008d300000, 0x000000008d300000, 0x000000008d400000|  0%| F|  |TAMS 0x000000008d300000, 0x000000008d300000| Untracked 
| 212|0x000000008d400000, 0x000000008d400000, 0x000000008d500000|  0%| F|  |TAMS 0x000000008d400000, 0x000000008d400000| Untracked 
| 213|0x000000008d500000, 0x000000008d500000, 0x000000008d600000|  0%| F|  |TAMS 0x000000008d500000, 0x000000008d500000| Untracked 
| 214|0x000000008d600000, 0x000000008d600000, 0x000000008d700000|  0%| F|  |TAMS 0x000000008d600000, 0x000000008d600000| Untracked 
| 215|0x000000008d700000, 0x000000008d700000, 0x000000008d800000|  0%| F|  |TAMS 0x000000008d700000, 0x000000008d700000| Untracked 
| 216|0x000000008d800000, 0x000000008d800000, 0x000000008d900000|  0%| F|  |TAMS 0x000000008d800000, 0x000000008d800000| Untracked 
| 217|0x000000008d900000, 0x000000008d900000, 0x000000008da00000|  0%| F|  |TAMS 0x000000008d900000, 0x000000008d900000| Untracked 
| 218|0x000000008da00000, 0x000000008da00000, 0x000000008db00000|  0%| F|  |TAMS 0x000000008da00000, 0x000000008da00000| Untracked 
| 219|0x000000008db00000, 0x000000008db00000, 0x000000008dc00000|  0%| F|  |TAMS 0x000000008db00000, 0x000000008db00000| Untracked 
| 220|0x000000008dc00000, 0x000000008dc00000, 0x000000008dd00000|  0%| F|  |TAMS 0x000000008dc00000, 0x000000008dc00000| Untracked 
| 221|0x000000008dd00000, 0x000000008dd00000, 0x000000008de00000|  0%| F|  |TAMS 0x000000008dd00000, 0x000000008dd00000| Untracked 
| 222|0x000000008de00000, 0x000000008de00000, 0x000000008df00000|  0%| F|  |TAMS 0x000000008de00000, 0x000000008de00000| Untracked 
| 223|0x000000008df00000, 0x000000008df00000, 0x000000008e000000|  0%| F|  |TAMS 0x000000008df00000, 0x000000008df00000| Untracked 
| 224|0x000000008e000000, 0x000000008e0c8140, 0x000000008e100000| 78%| S|CS|TAMS 0x000000008e000000, 0x000000008e000000| Complete 
| 225|0x000000008e100000, 0x000000008e200000, 0x000000008e200000|100%| S|CS|TAMS 0x000000008e100000, 0x000000008e100000| Complete 
| 226|0x000000008e200000, 0x000000008e300000, 0x000000008e300000|100%| S|CS|TAMS 0x000000008e200000, 0x000000008e200000| Complete 
| 227|0x000000008e300000, 0x000000008e400000, 0x000000008e400000|100%| S|CS|TAMS 0x000000008e300000, 0x000000008e300000| Complete 
| 228|0x000000008e400000, 0x000000008e500000, 0x000000008e500000|100%| S|CS|TAMS 0x000000008e400000, 0x000000008e400000| Complete 
| 229|0x000000008e500000, 0x000000008e500000, 0x000000008e600000|  0%| F|  |TAMS 0x000000008e500000, 0x000000008e500000| Untracked 
| 230|0x000000008e600000, 0x000000008e600000, 0x000000008e700000|  0%| F|  |TAMS 0x000000008e600000, 0x000000008e600000| Untracked 
| 231|0x000000008e700000, 0x000000008e700000, 0x000000008e800000|  0%| F|  |TAMS 0x000000008e700000, 0x000000008e700000| Untracked 
| 232|0x000000008e800000, 0x000000008e800000, 0x000000008e900000|  0%| F|  |TAMS 0x000000008e800000, 0x000000008e800000| Untracked 
| 233|0x000000008e900000, 0x000000008e900000, 0x000000008ea00000|  0%| F|  |TAMS 0x000000008e900000, 0x000000008e900000| Untracked 
| 234|0x000000008ea00000, 0x000000008ea00000, 0x000000008eb00000|  0%| F|  |TAMS 0x000000008ea00000, 0x000000008ea00000| Untracked 
| 235|0x000000008eb00000, 0x000000008eb00000, 0x000000008ec00000|  0%| F|  |TAMS 0x000000008eb00000, 0x000000008eb00000| Untracked 
| 236|0x000000008ec00000, 0x000000008ec00000, 0x000000008ed00000|  0%| F|  |TAMS 0x000000008ec00000, 0x000000008ec00000| Untracked 
| 237|0x000000008ed00000, 0x000000008ed00000, 0x000000008ee00000|  0%| F|  |TAMS 0x000000008ed00000, 0x000000008ed00000| Untracked 
| 238|0x000000008ee00000, 0x000000008ee00000, 0x000000008ef00000|  0%| F|  |TAMS 0x000000008ee00000, 0x000000008ee00000| Untracked 
| 239|0x000000008ef00000, 0x000000008ef00000, 0x000000008f000000|  0%| F|  |TAMS 0x000000008ef00000, 0x000000008ef00000| Untracked 
| 240|0x000000008f000000, 0x000000008f000000, 0x000000008f100000|  0%| F|  |TAMS 0x000000008f000000, 0x000000008f000000| Untracked 
| 241|0x000000008f100000, 0x000000008f100000, 0x000000008f200000|  0%| F|  |TAMS 0x000000008f100000, 0x000000008f100000| Untracked 
| 242|0x000000008f200000, 0x000000008f200000, 0x000000008f300000|  0%| F|  |TAMS 0x000000008f200000, 0x000000008f200000| Untracked 
| 243|0x000000008f300000, 0x000000008f300000, 0x000000008f400000|  0%| F|  |TAMS 0x000000008f300000, 0x000000008f300000| Untracked 
| 244|0x000000008f400000, 0x000000008f400000, 0x000000008f500000|  0%| F|  |TAMS 0x000000008f400000, 0x000000008f400000| Untracked 
| 245|0x000000008f500000, 0x000000008f500000, 0x000000008f600000|  0%| F|  |TAMS 0x000000008f500000, 0x000000008f500000| Untracked 
| 246|0x000000008f600000, 0x000000008f600000, 0x000000008f700000|  0%| F|  |TAMS 0x000000008f600000, 0x000000008f600000| Untracked 
| 247|0x000000008f700000, 0x000000008f700000, 0x000000008f800000|  0%| F|  |TAMS 0x000000008f700000, 0x000000008f700000| Untracked 
| 248|0x000000008f800000, 0x000000008f800000, 0x000000008f900000|  0%| F|  |TAMS 0x000000008f800000, 0x000000008f800000| Untracked 
| 249|0x000000008f900000, 0x000000008f900000, 0x000000008fa00000|  0%| F|  |TAMS 0x000000008f900000, 0x000000008f900000| Untracked 
| 250|0x000000008fa00000, 0x000000008fa00000, 0x000000008fb00000|  0%| F|  |TAMS 0x000000008fa00000, 0x000000008fa00000| Untracked 
| 251|0x000000008fb00000, 0x000000008fb00000, 0x000000008fc00000|  0%| F|  |TAMS 0x000000008fb00000, 0x000000008fb00000| Untracked 
| 252|0x000000008fc00000, 0x000000008fc00000, 0x000000008fd00000|  0%| F|  |TAMS 0x000000008fc00000, 0x000000008fc00000| Untracked 
| 253|0x000000008fd00000, 0x000000008fd00000, 0x000000008fe00000|  0%| F|  |TAMS 0x000000008fd00000, 0x000000008fd00000| Untracked 
| 254|0x000000008fe00000, 0x000000008fe00000, 0x000000008ff00000|  0%| F|  |TAMS 0x000000008fe00000, 0x000000008fe00000| Untracked 
| 255|0x000000008ff00000, 0x000000008ff00000, 0x0000000090000000|  0%| F|  |TAMS 0x000000008ff00000, 0x000000008ff00000| Untracked 
| 256|0x0000000090000000, 0x0000000090000000, 0x0000000090100000|  0%| F|  |TAMS 0x0000000090000000, 0x0000000090000000| Untracked 
| 257|0x0000000090100000, 0x0000000090100000, 0x0000000090200000|  0%| F|  |TAMS 0x0000000090100000, 0x0000000090100000| Untracked 
| 258|0x0000000090200000, 0x0000000090200000, 0x0000000090300000|  0%| F|  |TAMS 0x0000000090200000, 0x0000000090200000| Untracked 
| 259|0x0000000090300000, 0x0000000090300000, 0x0000000090400000|  0%| F|  |TAMS 0x0000000090300000, 0x0000000090300000| Untracked 
| 260|0x0000000090400000, 0x0000000090400000, 0x0000000090500000|  0%| F|  |TAMS 0x0000000090400000, 0x0000000090400000| Untracked 
| 261|0x0000000090500000, 0x0000000090500000, 0x0000000090600000|  0%| F|  |TAMS 0x0000000090500000, 0x0000000090500000| Untracked 
| 262|0x0000000090600000, 0x0000000090600000, 0x0000000090700000|  0%| F|  |TAMS 0x0000000090600000, 0x0000000090600000| Untracked 
| 263|0x0000000090700000, 0x0000000090700000, 0x0000000090800000|  0%| F|  |TAMS 0x0000000090700000, 0x0000000090700000| Untracked 
| 264|0x0000000090800000, 0x0000000090800000, 0x0000000090900000|  0%| F|  |TAMS 0x0000000090800000, 0x0000000090800000| Untracked 

Card table byte_map: [0x0000015afb770000,0x0000015afbb70000] _byte_map_base: 0x0000015afb370000

Marking Bits (Prev, Next): (CMBitMap*) 0x0000015af60c6880, (CMBitMap*) 0x0000015af60c6840
 Prev Bits: [0x0000015afdf70000, 0x0000015afff70000)
 Next Bits: [0x0000015afbf70000, 0x0000015afdf70000)

Polling page: 0x0000015af6140000

Metaspace:

Usage:
  Non-class:    117.00 MB used.
      Class:     17.52 MB used.
       Both:    134.53 MB used.

Virtual space:
  Non-class space:      120.00 MB reserved,     117.50 MB ( 98%) committed,  15 nodes.
      Class space:        1.00 GB reserved,      17.94 MB (  2%) committed,  1 nodes.
             Both:        1.12 GB reserved,     135.44 MB ( 12%) committed. 

Chunk freelists:
   Non-Class:  2.52 MB
       Class:  2.07 MB
        Both:  4.58 MB

MaxMetaspaceSize: unlimited
CompressedClassSpaceSize: 1.00 GB
Initial GC threshold: 21.00 MB
Current GC threshold: 161.88 MB
CDS: off
MetaspaceReclaimPolicy: balanced
 - commit_granule_bytes: 65536.
 - commit_granule_words: 8192.
 - virtual_space_node_default_size: 1048576.
 - enlarge_chunks_in_place: 1.
 - new_chunks_are_fully_committed: 0.
 - uncommit_free_chunks: 1.
 - use_allocation_guard: 0.
 - handle_deallocations: 1.


Internal statistics:

num_allocs_failed_limit: 9.
num_arena_births: 1590.
num_arena_deaths: 2.
num_vsnodes_births: 16.
num_vsnodes_deaths: 0.
num_space_committed: 2166.
num_space_uncommitted: 0.
num_chunks_returned_to_freelist: 11.
num_chunks_taken_from_freelist: 6890.
num_chunk_merges: 6.
num_chunk_splits: 4548.
num_chunks_enlarged: 3011.
num_purges: 2.
num_inconsistent_stats: 0.

CodeHeap 'non-profiled nmethods': size=120000Kb used=13917Kb max_used=13917Kb free=106082Kb
 bounds [0x0000015a87ad0000, 0x0000015a88870000, 0x0000015a8f000000]
CodeHeap 'profiled nmethods': size=120000Kb used=45701Kb max_used=45701Kb free=74299Kb
 bounds [0x0000015a80000000, 0x0000015a82cb0000, 0x0000015a87530000]
CodeHeap 'non-nmethods': size=5760Kb used=2458Kb max_used=2522Kb free=3301Kb
 bounds [0x0000015a87530000, 0x0000015a877c0000, 0x0000015a87ad0000]
 total_blobs=22664 nmethods=21662 adapters=912
 compilation: enabled
              stopped_count=0, restarted_count=0
 full_count=0

Compilation events (20 events):
Event: 1248.772 Thread 0x0000015a92052e20 25909       2       com.android.aapt.Resources$Attribute$Symbol::<init> (11 bytes)
Event: 1248.772 Thread 0x0000015a92052e20 nmethod 25909 0x0000015a82c9ec10 code [0x0000015a82c9eda0, 0x0000015a82c9ef18]
Event: 1248.772 Thread 0x0000015a92052e20 25910       2       com.android.aapt.Resources$Attribute$Builder::ensureSymbolIsMutable (35 bytes)
Event: 1248.772 Thread 0x0000015a9163c6a0 nmethod 25828 0x0000015a88866790 code [0x0000015a88866940, 0x0000015a88866b48]
Event: 1248.772 Thread 0x0000015a92052e20 nmethod 25910 0x0000015a82c9f010 code [0x0000015a82c9f1c0, 0x0000015a82c9f3c8]
Event: 1248.772 Thread 0x0000015a9163c6a0 25821       4       org.apache.xerces.impl.XMLDocumentFragmentScannerImpl$ElementStack::popElement (21 bytes)
Event: 1248.772 Thread 0x0000015a92052e20 25912       2       com.android.aapt.Resources$Attribute$Symbol$Builder::setName (42 bytes)
Event: 1248.772 Thread 0x0000015a92052e20 nmethod 25912 0x0000015a82c9f490 code [0x0000015a82c9f660, 0x0000015a82c9f908]
Event: 1248.772 Thread 0x0000015a92052e20 25913       2       com.android.aapt.Resources$Attribute$Symbol$Builder::buildPartial (103 bytes)
Event: 1248.773 Thread 0x0000015a92052e20 nmethod 25913 0x0000015a82c9fa10 code [0x0000015a82c9fbe0, 0x0000015a82ca00b8]
Event: 1248.773 Thread 0x0000015a92052e20 25914       2       com.android.aapt.Resources$Attribute$Builder::addSymbol (52 bytes)
Event: 1248.773 Thread 0x0000015a92052e20 nmethod 25914 0x0000015a82ca0210 code [0x0000015a82ca0400, 0x0000015a82ca0788]
Event: 1248.774 Thread 0x0000015a92052e20 25915       2       com.android.aapt.Resources$Primitive::<init> (16 bytes)
Event: 1248.775 Thread 0x0000015a92052e20 nmethod 25915 0x0000015a82ca0910 code [0x0000015a82ca0aa0, 0x0000015a82ca0c18]
Event: 1248.775 Thread 0x0000015a92052e20 25916       2       com.android.aapt.Resources$Primitive$Builder::buildPartial (298 bytes)
Event: 1248.775 Thread 0x0000015a9163c6a0 nmethod 25821 0x0000015a88866d90 code [0x0000015a88866f00, 0x0000015a88867338]
Event: 1248.775 Thread 0x0000015a9163c6a0 25728       4       javax.xml.namespace.QName::<init> (61 bytes)
Event: 1248.775 Thread 0x0000015a92052e20 nmethod 25916 0x0000015a82ca0d10 code [0x0000015a82ca0f00, 0x0000015a82ca1818]
Event: 1248.775 Thread 0x0000015a92052e20 25917       2       com.android.aapt.Resources$Item$Builder::setPrim (48 bytes)
Event: 1248.775 Thread 0x0000015a92052e20 nmethod 25917 0x0000015a82ca1910 code [0x0000015a82ca1ae0, 0x0000015a82ca1d88]

GC Heap History (20 events):
Event: 697.666 GC heap after
{Heap after GC invocations=50 (full 0):
 garbage-first heap   total 271360K, used 133415K [0x0000000080000000, 0x0000000100000000)
  region size 1024K, 2 young (2048K), 2 survivors (2048K)
 Metaspace       used 132473K, committed 133376K, reserved 1171456K
  class space    used 17528K, committed 17920K, reserved 1048576K
}
Event: 1115.774 GC heap before
{Heap before GC invocations=50 (full 0):
 garbage-first heap   total 271360K, used 231719K [0x0000000080000000, 0x0000000100000000)
  region size 1024K, 89 young (91136K), 2 survivors (2048K)
 Metaspace       used 133014K, committed 133952K, reserved 1171456K
  class space    used 17573K, committed 17984K, reserved 1048576K
}
Event: 1115.791 GC heap after
{Heap after GC invocations=51 (full 0):
 garbage-first heap   total 271360K, used 156771K [0x0000000080000000, 0x0000000100000000)
  region size 1024K, 12 young (12288K), 12 survivors (12288K)
 Metaspace       used 133014K, committed 133952K, reserved 1171456K
  class space    used 17573K, committed 17984K, reserved 1048576K
}
Event: 1116.336 GC heap before
{Heap before GC invocations=51 (full 0):
 garbage-first heap   total 271360K, used 227427K [0x0000000080000000, 0x0000000100000000)
  region size 1024K, 67 young (68608K), 12 survivors (12288K)
 Metaspace       used 133839K, committed 134848K, reserved 1171456K
  class space    used 17631K, committed 18112K, reserved 1048576K
}
Event: 1116.353 GC heap after
{Heap after GC invocations=52 (full 0):
 garbage-first heap   total 271360K, used 165152K [0x0000000080000000, 0x0000000100000000)
  region size 1024K, 8 young (8192K), 8 survivors (8192K)
 Metaspace       used 133839K, committed 134848K, reserved 1171456K
  class space    used 17631K, committed 18112K, reserved 1048576K
}
Event: 1117.121 GC heap before
{Heap before GC invocations=52 (full 0):
 garbage-first heap   total 271360K, used 215328K [0x0000000080000000, 0x0000000100000000)
  region size 1024K, 58 young (59392K), 8 survivors (8192K)
 Metaspace       used 136036K, committed 136960K, reserved 1171456K
  class space    used 17812K, committed 18240K, reserved 1048576K
}
Event: 1117.129 GC heap after
{Heap after GC invocations=53 (full 0):
 garbage-first heap   total 271360K, used 165744K [0x0000000080000000, 0x0000000100000000)
  region size 1024K, 5 young (5120K), 5 survivors (5120K)
 Metaspace       used 136036K, committed 136960K, reserved 1171456K
  class space    used 17812K, committed 18240K, reserved 1048576K
}
Event: 1119.450 GC heap before
{Heap before GC invocations=53 (full 0):
 garbage-first heap   total 271360K, used 217968K [0x0000000080000000, 0x0000000100000000)
  region size 1024K, 57 young (58368K), 5 survivors (5120K)
 Metaspace       used 136800K, committed 137728K, reserved 1171456K
  class space    used 17895K, committed 18304K, reserved 1048576K
}
Event: 1119.455 GC heap after
{Heap after GC invocations=54 (full 0):
 garbage-first heap   total 271360K, used 166037K [0x0000000080000000, 0x0000000100000000)
  region size 1024K, 5 young (5120K), 5 survivors (5120K)
 Metaspace       used 136800K, committed 137728K, reserved 1171456K
  class space    used 17895K, committed 18304K, reserved 1048576K
}
Event: 1119.740 GC heap before
{Heap before GC invocations=54 (full 0):
 garbage-first heap   total 271360K, used 224405K [0x0000000080000000, 0x0000000100000000)
  region size 1024K, 61 young (62464K), 5 survivors (5120K)
 Metaspace       used 137101K, committed 138048K, reserved 1171456K
  class space    used 17921K, committed 18368K, reserved 1048576K
}
Event: 1119.752 GC heap after
{Heap after GC invocations=55 (full 0):
 garbage-first heap   total 271360K, used 173056K [0x0000000080000000, 0x0000000100000000)
  region size 1024K, 8 young (8192K), 8 survivors (8192K)
 Metaspace       used 137101K, committed 138048K, reserved 1171456K
  class space    used 17921K, committed 18368K, reserved 1048576K
}
Event: 1120.130 GC heap before
{Heap before GC invocations=55 (full 0):
 garbage-first heap   total 271360K, used 224256K [0x0000000080000000, 0x0000000100000000)
  region size 1024K, 57 young (58368K), 8 survivors (8192K)
 Metaspace       used 137394K, committed 138304K, reserved 1171456K
  class space    used 17943K, committed 18368K, reserved 1048576K
}
Event: 1120.138 GC heap after
{Heap after GC invocations=56 (full 0):
 garbage-first heap   total 271360K, used 173690K [0x0000000080000000, 0x0000000100000000)
  region size 1024K, 7 young (7168K), 7 survivors (7168K)
 Metaspace       used 137394K, committed 138304K, reserved 1171456K
  class space    used 17943K, committed 18368K, reserved 1048576K
}
Event: 1247.969 GC heap before
{Heap before GC invocations=56 (full 0):
 garbage-first heap   total 271360K, used 240250K [0x0000000080000000, 0x0000000100000000)
  region size 1024K, 54 young (55296K), 7 survivors (7168K)
 Metaspace       used 137577K, committed 138560K, reserved 1171456K
  class space    used 17944K, committed 18368K, reserved 1048576K
}
Event: 1247.975 GC heap after
{Heap after GC invocations=57 (full 0):
 garbage-first heap   total 271360K, used 171703K [0x0000000080000000, 0x0000000100000000)
  region size 1024K, 6 young (6144K), 6 survivors (6144K)
 Metaspace       used 137577K, committed 138560K, reserved 1171456K
  class space    used 17944K, committed 18368K, reserved 1048576K
}
Event: 1248.277 GC heap before
{Heap before GC invocations=57 (full 0):
 garbage-first heap   total 271360K, used 232119K [0x0000000080000000, 0x0000000100000000)
  region size 1024K, 56 young (57344K), 6 survivors (6144K)
 Metaspace       used 137616K, committed 138560K, reserved 1171456K
  class space    used 17944K, committed 18368K, reserved 1048576K
}
Event: 1248.293 GC heap after
{Heap after GC invocations=58 (full 0):
 garbage-first heap   total 271360K, used 190703K [0x0000000080000000, 0x0000000100000000)
  region size 1024K, 7 young (7168K), 7 survivors (7168K)
 Metaspace       used 137616K, committed 138560K, reserved 1171456K
  class space    used 17944K, committed 18368K, reserved 1048576K
}
Event: 1248.500 GC heap before
{Heap before GC invocations=58 (full 0):
 garbage-first heap   total 271360K, used 236783K [0x0000000080000000, 0x0000000100000000)
  region size 1024K, 38 young (38912K), 7 survivors (7168K)
 Metaspace       used 137683K, committed 138624K, reserved 1171456K
  class space    used 17944K, committed 18368K, reserved 1048576K
}
Event: 1248.508 GC heap after
{Heap after GC invocations=59 (full 0):
 garbage-first heap   total 271360K, used 193139K [0x0000000080000000, 0x0000000100000000)
  region size 1024K, 4 young (4096K), 4 survivors (4096K)
 Metaspace       used 137683K, committed 138624K, reserved 1171456K
  class space    used 17944K, committed 18368K, reserved 1048576K
}
Event: 1248.777 GC heap before
{Heap before GC invocations=59 (full 0):
 garbage-first heap   total 271360K, used 224883K [0x0000000080000000, 0x0000000100000000)
  region size 1024K, 36 young (36864K), 4 survivors (4096K)
 Metaspace       used 137756K, committed 138688K, reserved 1171456K
  class space    used 17944K, committed 18368K, reserved 1048576K
}

Dll operation events (2 events):
Event: 0.007 Loaded shared library C:\Program Files\Android\Android Studio\jbr\bin\java.dll
Event: 0.522 Loaded shared library C:\Program Files\Android\Android Studio\jbr\bin\verify.dll

Deoptimization events (20 events):
Event: 1248.530 Thread 0x0000015a94f28d10 DEOPT PACKING pc=0x0000015a82c6aee3 sp=0x0000000a270fcbf0
Event: 1248.530 Thread 0x0000015a94f28d10 DEOPT UNPACKING pc=0x0000015a87587143 sp=0x0000000a270fc158 mode 0
Event: 1248.535 Thread 0x0000015a94f28d10 DEOPT PACKING pc=0x0000015a82c6aee3 sp=0x0000000a270fcbf0
Event: 1248.535 Thread 0x0000015a94f28d10 DEOPT UNPACKING pc=0x0000015a87587143 sp=0x0000000a270fc158 mode 0
Event: 1248.552 Thread 0x0000015a94f28d10 DEOPT PACKING pc=0x0000015a82c6aee3 sp=0x0000000a270fcbf0
Event: 1248.552 Thread 0x0000015a94f28d10 DEOPT UNPACKING pc=0x0000015a87587143 sp=0x0000000a270fc158 mode 0
Event: 1248.566 Thread 0x0000015a9c9dc210 Uncommon trap: trap_request=0xffffffde fr.pc=0x0000015a886678c8 relative=0x0000000000001c68
Event: 1248.566 Thread 0x0000015a9c9dc210 Uncommon trap: reason=class_check action=maybe_recompile pc=0x0000015a886678c8 method=com.android.ide.common.resources.NodeUtils.duplicateNode(Lorg/w3c/dom/Document;Lorg/w3c/dom/Node;)Lorg/w3c/dom/Node; @ 1 c2
Event: 1248.566 Thread 0x0000015a9c9dc210 DEOPT PACKING pc=0x0000015a886678c8 sp=0x0000000a26afa1f0
Event: 1248.566 Thread 0x0000015a9c9dc210 DEOPT UNPACKING pc=0x0000015a875869a3 sp=0x0000000a26afa210 mode 2
Event: 1248.608 Thread 0x0000015a94f291e0 Uncommon trap: trap_request=0xffffffbe fr.pc=0x0000015a881bad54 relative=0x0000000000000e14
Event: 1248.608 Thread 0x0000015a94f291e0 Uncommon trap: reason=profile_predicate action=maybe_recompile pc=0x0000015a881bad54 method=com.google.common.collect.RegularImmutableMap.fromEntryArray(I[Ljava/util/Map$Entry;)Lcom/google/common/collect/ImmutableMap; @ 55 c2
Event: 1248.608 Thread 0x0000015a94f291e0 DEOPT PACKING pc=0x0000015a881bad54 sp=0x0000000a271fd690
Event: 1248.608 Thread 0x0000015a94f291e0 DEOPT UNPACKING pc=0x0000015a875869a3 sp=0x0000000a271fd648 mode 2
Event: 1248.654 Thread 0x0000015a94f28d10 DEOPT PACKING pc=0x0000015a826a4f25 sp=0x0000000a270fce30
Event: 1248.654 Thread 0x0000015a94f28d10 DEOPT UNPACKING pc=0x0000015a87587143 sp=0x0000000a270fc2e8 mode 0
Event: 1248.770 Thread 0x0000015a94f28d10 Uncommon trap: trap_request=0xffffff45 fr.pc=0x0000015a886be020 relative=0x0000000000000c60
Event: 1248.770 Thread 0x0000015a94f28d10 Uncommon trap: reason=unstable_if action=reinterpret pc=0x0000015a886be020 method=com.android.aapt.Resources$Reference$Builder.maybeForceBuilderInitialization()V @ 3 c2
Event: 1248.770 Thread 0x0000015a94f28d10 DEOPT PACKING pc=0x0000015a886be020 sp=0x0000000a270fd3e0
Event: 1248.770 Thread 0x0000015a94f28d10 DEOPT UNPACKING pc=0x0000015a875869a3 sp=0x0000000a270fd250 mode 2

Classes unloaded (1 events):
Event: 16.851 Thread 0x0000015a92013790 Unloading class 0x0000000100b98400 'java/lang/invoke/LambdaForm$DMH+0x0000000100b98400'

Classes redefined (0 events):
No events

Internal exceptions (20 events):
Event: 1247.816 Thread 0x0000015a9304e1b0 Exception <a 'sun/nio/fs/WindowsException'{0x000000008e622d88}> (0x000000008e622d88) 
thrown [s\src\hotspot\share\prims\jni.cpp, line 517]
Event: 1247.856 Thread 0x0000015a9304e1b0 Exception <a 'java/lang/NoClassDefFoundError'{0x000000008e37dd78}: org/jetbrains/kotlin/gradle/plugin/KotlinBasePluginWrapper> (0x000000008e37dd78) 
thrown [s\src\hotspot\share\oops\constantPool.cpp, line 835]
Event: 1247.891 Thread 0x0000015a9304e1b0 Exception <a 'sun/nio/fs/WindowsException'{0x000000008e0ca730}> (0x000000008e0ca730) 
thrown [s\src\hotspot\share\prims\jni.cpp, line 517]
Event: 1247.896 Thread 0x0000015a9304e1b0 Exception <a 'sun/nio/fs/WindowsException'{0x000000008df6ea68}> (0x000000008df6ea68) 
thrown [s\src\hotspot\share\prims\jni.cpp, line 517]
Event: 1247.896 Thread 0x0000015a9304e1b0 Exception <a 'sun/nio/fs/WindowsException'{0x000000008df6fdf0}> (0x000000008df6fdf0) 
thrown [s\src\hotspot\share\prims\jni.cpp, line 517]
Event: 1247.896 Thread 0x0000015a9304e1b0 Exception <a 'sun/nio/fs/WindowsException'{0x000000008df711c8}> (0x000000008df711c8) 
thrown [s\src\hotspot\share\prims\jni.cpp, line 517]
Event: 1247.896 Thread 0x0000015a9304e1b0 Exception <a 'sun/nio/fs/WindowsException'{0x000000008df725a0}> (0x000000008df725a0) 
thrown [s\src\hotspot\share\prims\jni.cpp, line 517]
Event: 1247.942 Thread 0x0000015a9c9dc210 Exception <a 'sun/nio/fs/WindowsException'{0x000000008db06bd0}> (0x000000008db06bd0) 
thrown [s\src\hotspot\share\prims\jni.cpp, line 517]
Event: 1248.179 Thread 0x0000015a95a102d0 Exception <a 'sun/nio/fs/WindowsException'{0x000000008e9bb518}> (0x000000008e9bb518) 
thrown [s\src\hotspot\share\prims\jni.cpp, line 517]
Event: 1248.180 Thread 0x0000015a95a102d0 Exception <a 'sun/nio/fs/WindowsException'{0x000000008e9bba10}> (0x000000008e9bba10) 
thrown [s\src\hotspot\share\prims\jni.cpp, line 517]
Event: 1248.180 Thread 0x0000015a95a102d0 Exception <a 'sun/nio/fs/WindowsException'{0x000000008e9bedf8}> (0x000000008e9bedf8) 
thrown [s\src\hotspot\share\prims\jni.cpp, line 517]
Event: 1248.180 Thread 0x0000015a95a102d0 Exception <a 'sun/nio/fs/WindowsException'{0x000000008e9bf2a8}> (0x000000008e9bf2a8) 
thrown [s\src\hotspot\share\prims\jni.cpp, line 517]
Event: 1248.457 Thread 0x0000015a9c9dc210 Exception <a 'sun/nio/fs/WindowsException'{0x000000008ef69038}> (0x000000008ef69038) 
thrown [s\src\hotspot\share\prims\jni.cpp, line 517]
Event: 1248.457 Thread 0x0000015a9c9dc210 Exception <a 'sun/nio/fs/WindowsException'{0x000000008ef69538}> (0x000000008ef69538) 
thrown [s\src\hotspot\share\prims\jni.cpp, line 517]
Event: 1248.459 Thread 0x0000015a9c9dc210 Exception <a 'sun/nio/fs/WindowsException'{0x000000008ef6b768}> (0x000000008ef6b768) 
thrown [s\src\hotspot\share\prims\jni.cpp, line 517]
Event: 1248.459 Thread 0x0000015a9c9dc210 Exception <a 'sun/nio/fs/WindowsException'{0x000000008ef6bc28}> (0x000000008ef6bc28) 
thrown [s\src\hotspot\share\prims\jni.cpp, line 517]
Event: 1248.647 Thread 0x0000015a9c9dc210 Exception <a 'sun/nio/fs/WindowsException'{0x000000008f954c08}> (0x000000008f954c08) 
thrown [s\src\hotspot\share\prims\jni.cpp, line 517]
Event: 1248.647 Thread 0x0000015a9c9dc210 Exception <a 'sun/nio/fs/WindowsException'{0x000000008f955058}> (0x000000008f955058) 
thrown [s\src\hotspot\share\prims\jni.cpp, line 517]
Event: 1248.704 Thread 0x0000015a9c9dc6e0 Exception <a 'sun/nio/fs/WindowsException'{0x000000008ede9bf0}> (0x000000008ede9bf0) 
thrown [s\src\hotspot\share\prims\jni.cpp, line 517]
Event: 1248.742 Thread 0x0000015a9c9dc6e0 Exception <a 'sun/nio/fs/WindowsException'{0x000000008ecb4d30}> (0x000000008ecb4d30) 
thrown [s\src\hotspot\share\prims\jni.cpp, line 517]

VM Operations (20 events):
Event: 1120.138 Executing VM operation: G1CollectForAllocation done
Event: 1121.153 Executing VM operation: Cleanup
Event: 1121.153 Executing VM operation: Cleanup done
Event: 1123.160 Executing VM operation: Cleanup
Event: 1123.160 Executing VM operation: Cleanup done
Event: 1132.222 Executing VM operation: Cleanup
Event: 1132.222 Executing VM operation: Cleanup done
Event: 1202.703 Executing VM operation: Cleanup
Event: 1202.703 Executing VM operation: Cleanup done
Event: 1242.961 Executing VM operation: Cleanup
Event: 1242.961 Executing VM operation: Cleanup done
Event: 1247.969 Executing VM operation: G1CollectForAllocation
Event: 1247.975 Executing VM operation: G1CollectForAllocation done
Event: 1248.276 Executing VM operation: G1CollectForAllocation
Event: 1248.293 Executing VM operation: G1CollectForAllocation done
Event: 1248.500 Executing VM operation: G1CollectForAllocation
Event: 1248.508 Executing VM operation: G1CollectForAllocation done
Event: 1248.509 Executing VM operation: HandshakeAllThreads
Event: 1248.509 Executing VM operation: HandshakeAllThreads done
Event: 1248.776 Executing VM operation: G1CollectForAllocation

Events (20 events):
Event: 1248.527 Thread 0x0000015a92053ec0 flushing nmethod 0x0000015a8119f990
Event: 1248.527 Thread 0x0000015a92053ec0 flushing nmethod 0x0000015a8121ae90
Event: 1248.527 Thread 0x0000015a92053ec0 flushing nmethod 0x0000015a812b9d90
Event: 1248.529 Thread 0x0000015a92053ec0 flushing nmethod 0x0000015a814f8e90
Event: 1248.529 Thread 0x0000015a92053ec0 flushing nmethod 0x0000015a81505310
Event: 1248.529 Thread 0x0000015a92053ec0 flushing nmethod 0x0000015a81506790
Event: 1248.530 Thread 0x0000015a92053ec0 flushing nmethod 0x0000015a816b3390
Event: 1248.530 Thread 0x0000015a92053ec0 flushing nmethod 0x0000015a81729010
Event: 1248.531 Thread 0x0000015a92053ec0 flushing nmethod 0x0000015a81782590
Event: 1248.531 Thread 0x0000015a92053ec0 flushing nmethod 0x0000015a817ae910
Event: 1248.531 Thread 0x0000015a92053ec0 flushing nmethod 0x0000015a817b0390
Event: 1248.531 Thread 0x0000015a92053ec0 flushing nmethod 0x0000015a817b0890
Event: 1248.531 Thread 0x0000015a92053ec0 flushing nmethod 0x0000015a817c9190
Event: 1248.531 Thread 0x0000015a92053ec0 flushing nmethod 0x0000015a818d7a90
Event: 1248.532 Thread 0x0000015a92053ec0 flushing nmethod 0x0000015a81907d90
Event: 1248.532 Thread 0x0000015a92053ec0 flushing nmethod 0x0000015a81919110
Event: 1248.536 Thread 0x0000015a92053ec0 flushing nmethod 0x0000015a8203c310
Event: 1248.536 Thread 0x0000015a92053ec0 flushing nmethod 0x0000015a82050710
Event: 1248.537 Thread 0x0000015a92053ec0 flushing nmethod 0x0000015a82192290
Event: 1248.604 Thread 0x0000015a95a107a0 Thread added: 0x0000015a95a107a0


Dynamic libraries:
0x00007ff78b070000 - 0x00007ff78b07a000 	C:\Program Files\Android\Android Studio\jbr\bin\java.exe
0x00007fff183d0000 - 0x00007fff185c8000 	C:\WINDOWS\SYSTEM32\ntdll.dll
0x00007fff180f0000 - 0x00007fff181ad000 	C:\WINDOWS\System32\KERNEL32.DLL
0x00007fff16130000 - 0x00007fff16426000 	C:\WINDOWS\System32\KERNELBASE.dll
0x00007fff15ca0000 - 0x00007fff15da0000 	C:\WINDOWS\System32\ucrtbase.dll
0x00007fff07af0000 - 0x00007fff07b07000 	C:\Program Files\Android\Android Studio\jbr\bin\jli.dll
0x00007ffef2790000 - 0x00007ffef27ab000 	C:\Program Files\Android\Android Studio\jbr\bin\VCRUNTIME140.dll
0x00007fff17d20000 - 0x00007fff17ebe000 	C:\WINDOWS\System32\USER32.dll
0x00007fff15ab0000 - 0x00007fff15ad2000 	C:\WINDOWS\System32\win32u.dll
0x00007ffeff6b0000 - 0x00007ffeff94a000 	C:\WINDOWS\WinSxS\amd64_microsoft.windows.common-controls_6595b64144ccf1df_6.0.19041.1110_none_60b5254171f9507e\COMCTL32.dll
0x00007fff17a50000 - 0x00007fff17a7c000 	C:\WINDOWS\System32\GDI32.dll
0x00007fff181c0000 - 0x00007fff1825e000 	C:\WINDOWS\System32\msvcrt.dll
0x00007fff15ae0000 - 0x00007fff15bfa000 	C:\WINDOWS\System32\gdi32full.dll
0x00007fff15c00000 - 0x00007fff15c9d000 	C:\WINDOWS\System32\msvcp_win.dll
0x00007fff178f0000 - 0x00007fff17920000 	C:\WINDOWS\System32\IMM32.DLL
0x00007ffef3960000 - 0x00007ffef396c000 	C:\Program Files\Android\Android Studio\jbr\bin\vcruntime140_1.dll
0x00007ffee7150000 - 0x00007ffee71dd000 	C:\Program Files\Android\Android Studio\jbr\bin\msvcp140.dll
0x00007ffeccb90000 - 0x00007ffecd7fe000 	C:\Program Files\Android\Android Studio\jbr\bin\server\jvm.dll
0x00007fff16a80000 - 0x00007fff16b2e000 	C:\WINDOWS\System32\ADVAPI32.dll
0x00007fff17f70000 - 0x00007fff1800c000 	C:\WINDOWS\System32\sechost.dll
0x00007fff17ab0000 - 0x00007fff17bd6000 	C:\WINDOWS\System32\RPCRT4.dll
0x00007ffef0220000 - 0x00007ffef0229000 	C:\WINDOWS\SYSTEM32\WSOCK32.dll
0x00007fff0dbc0000 - 0x00007fff0dbe7000 	C:\WINDOWS\SYSTEM32\WINMM.dll
0x00007fff17880000 - 0x00007fff178eb000 	C:\WINDOWS\System32\WS2_32.dll
0x00007fff0fd90000 - 0x00007fff0fd9a000 	C:\WINDOWS\SYSTEM32\VERSION.dll
0x00007fff13960000 - 0x00007fff13972000 	C:\WINDOWS\SYSTEM32\kernel.appcore.dll
0x00007fff118c0000 - 0x00007fff118ca000 	C:\Program Files\Android\Android Studio\jbr\bin\jimage.dll
0x00007fff0ef30000 - 0x00007fff0f114000 	C:\WINDOWS\SYSTEM32\DBGHELP.DLL
0x00007fff00010000 - 0x00007fff00044000 	C:\WINDOWS\SYSTEM32\dbgcore.DLL
0x00007fff15ec0000 - 0x00007fff15f42000 	C:\WINDOWS\System32\bcryptPrimitives.dll
0x00007fff110b0000 - 0x00007fff110d5000 	C:\Program Files\Android\Android Studio\jbr\bin\java.dll
0x00007fff11720000 - 0x00007fff11738000 	C:\Program Files\Android\Android Studio\jbr\bin\zip.dll
0x00007fff16d70000 - 0x00007fff174b5000 	C:\WINDOWS\System32\SHELL32.dll
0x00007fff13b60000 - 0x00007fff142fb000 	C:\WINDOWS\SYSTEM32\windows.storage.dll
0x00007fff17520000 - 0x00007fff17874000 	C:\WINDOWS\System32\combase.dll
0x00007fff15420000 - 0x00007fff1544e000 	C:\WINDOWS\SYSTEM32\Wldp.dll
0x00007fff17ec0000 - 0x00007fff17f6d000 	C:\WINDOWS\System32\SHCORE.dll
0x00007fff17cc0000 - 0x00007fff17d15000 	C:\WINDOWS\System32\shlwapi.dll
0x00007fff159e0000 - 0x00007fff15a05000 	C:\WINDOWS\SYSTEM32\profapi.dll
0x00007fff09c40000 - 0x00007fff09c59000 	C:\Program Files\Android\Android Studio\jbr\bin\net.dll
0x00007fff100c0000 - 0x00007fff101ca000 	C:\WINDOWS\SYSTEM32\WINHTTP.dll
0x00007fff15180000 - 0x00007fff151ea000 	C:\WINDOWS\system32\mswsock.dll
0x00007fff07b10000 - 0x00007fff07b26000 	C:\Program Files\Android\Android Studio\jbr\bin\nio.dll
0x00007fff116f0000 - 0x00007fff11700000 	C:\Program Files\Android\Android Studio\jbr\bin\verify.dll
0x00007ffef3970000 - 0x00007ffef3997000 	C:\Users\Pichau\.gradle\native\68d5fa5c4cc2d200863cafc0d521ce42e7d3e7ee720ec0a83991735586a16f82\windows-amd64\native-platform.dll
0x00007ffec5c70000 - 0x00007ffec5db4000 	C:\Users\Pichau\.gradle\native\e376f236ea51e6404a007f0833ffe2c6e607c4080706a723a18a27aeea778392\windows-amd64\native-platform-file-events.dll
0x00007fff11680000 - 0x00007fff11689000 	C:\Program Files\Android\Android Studio\jbr\bin\management.dll
0x00007fff115a0000 - 0x00007fff115ab000 	C:\Program Files\Android\Android Studio\jbr\bin\management_ext.dll
0x00007fff16600000 - 0x00007fff16608000 	C:\WINDOWS\System32\PSAPI.DLL
0x00007fff15370000 - 0x00007fff15388000 	C:\WINDOWS\SYSTEM32\CRYPTSP.dll
0x00007fff14a90000 - 0x00007fff14ac4000 	C:\WINDOWS\system32\rsaenh.dll
0x00007fff15f50000 - 0x00007fff15f77000 	C:\WINDOWS\System32\bcrypt.dll
0x00007fff15960000 - 0x00007fff1598e000 	C:\WINDOWS\SYSTEM32\USERENV.dll
0x00007fff15390000 - 0x00007fff1539c000 	C:\WINDOWS\SYSTEM32\CRYPTBASE.dll
0x00007fff14e70000 - 0x00007fff14eab000 	C:\WINDOWS\SYSTEM32\IPHLPAPI.DLL
0x00007fff181b0000 - 0x00007fff181b8000 	C:\WINDOWS\System32\NSI.dll
0x00007fff0fd70000 - 0x00007fff0fd87000 	C:\WINDOWS\SYSTEM32\dhcpcsvc6.DLL
0x00007fff0fe60000 - 0x00007fff0fe7d000 	C:\WINDOWS\SYSTEM32\dhcpcsvc.DLL
0x00007fff14eb0000 - 0x00007fff14f7a000 	C:\WINDOWS\SYSTEM32\DNSAPI.dll
0x00007fff07940000 - 0x00007fff07947000 	C:\WINDOWS\system32\wshunix.dll
0x00007fff14bb0000 - 0x00007fff14be3000 	C:\WINDOWS\SYSTEM32\ntmarta.dll

dbghelp: loaded successfully - version: 4.0.5 - missing functions: none
symbol engine: initialized successfully - sym options: 0x614 - pdb path: .;C:\Program Files\Android\Android Studio\jbr\bin;C:\WINDOWS\SYSTEM32;C:\WINDOWS\WinSxS\amd64_microsoft.windows.common-controls_6595b64144ccf1df_6.0.19041.1110_none_60b5254171f9507e;C:\Program Files\Android\Android Studio\jbr\bin\server;C:\Users\Pichau\.gradle\native\68d5fa5c4cc2d200863cafc0d521ce42e7d3e7ee720ec0a83991735586a16f82\windows-amd64;C:\Users\Pichau\.gradle\native\e376f236ea51e6404a007f0833ffe2c6e607c4080706a723a18a27aeea778392\windows-amd64

VM Arguments:
jvm_args: --add-opens=java.base/java.util=ALL-UNNAMED --add-opens=java.base/java.lang=ALL-UNNAMED --add-opens=java.base/java.lang.invoke=ALL-UNNAMED --add-opens=java.prefs/java.util.prefs=ALL-UNNAMED --add-opens=java.base/java.nio.charset=ALL-UNNAMED --add-opens=java.base/java.net=ALL-UNNAMED --add-opens=java.base/java.util.concurrent.atomic=ALL-UNNAMED -Xmx2048m -Dfile.encoding=UTF-8 -Duser.country=BR -Duser.language=pt -Duser.variant 
java_command: org.gradle.launcher.daemon.bootstrap.GradleDaemon 8.0
java_class_path (initial): C:\Users\Pichau\.gradle\wrapper\dists\gradle-8.0-bin\ca5e32bp14vu59qr306oxotwh\gradle-8.0\lib\gradle-launcher-8.0.jar
Launcher Type: SUN_STANDARD

[Global flags]
     intx CICompilerCount                          = 3                                         {product} {ergonomic}
     uint ConcGCThreads                            = 1                                         {product} {ergonomic}
     uint G1ConcRefinementThreads                  = 4                                         {product} {ergonomic}
   size_t G1HeapRegionSize                         = 1048576                                   {product} {ergonomic}
    uintx GCDrainStackTargetSize                   = 64                                        {product} {ergonomic}
   size_t InitialHeapSize                          = 234881024                                 {product} {ergonomic}
   size_t MarkStackSize                            = 4194304                                   {product} {ergonomic}
   size_t MaxHeapSize                              = 2147483648                                {product} {command line}
   size_t MaxNewSize                               = 1287651328                                {product} {ergonomic}
   size_t MinHeapDeltaBytes                        = 1048576                                   {product} {ergonomic}
   size_t MinHeapSize                              = 8388608                                   {product} {ergonomic}
    uintx NonNMethodCodeHeapSize                   = 5832780                                {pd product} {ergonomic}
    uintx NonProfiledCodeHeapSize                  = 122912730                              {pd product} {ergonomic}
    uintx ProfiledCodeHeapSize                     = 122912730                              {pd product} {ergonomic}
    uintx ReservedCodeCacheSize                    = 251658240                              {pd product} {ergonomic}
     bool SegmentedCodeCache                       = true                                      {product} {ergonomic}
   size_t SoftMaxHeapSize                          = 2147483648                             {manageable} {ergonomic}
     bool UseCompressedClassPointers               = true                           {product lp64_product} {ergonomic}
     bool UseCompressedOops                        = true                           {product lp64_product} {ergonomic}
     bool UseG1GC                                  = true                                      {product} {ergonomic}
     bool UseLargePagesIndividualAllocation        = false                                  {pd product} {ergonomic}

Logging:
Log output configuration:
 #0: stdout all=warning uptime,level,tags
 #1: stderr all=off uptime,level,tags

Environment Variables:
PATH=C:\WINDOWS\system32;C:\WINDOWS;C:\WINDOWS\System32\Wbem;C:\WINDOWS\System32\WindowsPowerShell\v1.0\;C:\WINDOWS\System32\OpenSSH\;C:\Program Files\Microsoft SQL Server\150\Tools\Binn\;C:\Program Files\Microsoft SQL Server\Client SDK\ODBC\170\Tools\Binn\;C:\Program Files\dotnet\;C:\Program Files\Microsoft SQL Server\Client SDK\ODBC\110\Tools\Binn\;C:\Program Files (x86)\Microsoft SQL Server\120\Tools\Binn\;C:\Program Files\Microsoft SQL Server\120\Tools\Binn\;C:\Program Files\Microsoft SQL Server\120\DTS\Binn\;C:\Program Files (x86)\Microsoft SQL Server\120\Tools\Binn\ManagementStudio\;C:\Program Files (x86)\Microsoft SQL Server\120\DTS\Binn\;C:\Users\Pichau\AppData\Local\Microsoft\WindowsApps;;C:\Users\Pichau\AppData\Local\Programs\Microsoft VS Code\bin;C:\Users\Pichau\.dotnet\tools
USERNAME=Tho
OS=Windows_NT
PROCESSOR_IDENTIFIER=AMD64 Family 23 Model 17 Stepping 0, AuthenticAMD
TMP=C:\Users\Pichau\AppData\Local\Temp
TEMP=C:\Users\Pichau\AppData\Local\Temp


JNI global refs:
JNI global refs: 25, weak refs: 9

JNI global refs memory usage: 843, weak refs: 841


---------------  S Y S T E M  ---------------

OS:
 Windows 10 , 64 bit Build 19041 (10.0.19041.3393)
OS uptime: 0 days 6:21 hours

CPU: total 4 (initial active 4) (4 cores per cpu, 1 threads per core) family 23 model 17 stepping 0 microcode 0x0, cx8, cmov, fxsr, mmx, 3dnowpref, sse, sse2, sse3, ssse3, sse4a, sse4.1, sse4.2, popcnt, lzcnt, tsc, tscinvbit, avx, avx2, aes, clmul, bmi1, bmi2, adx, sha, fma, vzeroupper, clflush, clflushopt

Memory: 4k page, system-wide physical 14264M (2870M free)
TotalPageFile size 14264M (AvailPageFile size 58M)
current process WorkingSet (physical memory assigned to process): 618M, peak: 623M
current process commit charge ("private bytes"): 643M, peak: 703M

vm_info: OpenJDK 64-Bit Server VM (17.0.6+0-b2043.56-10027231) for windows-amd64 JRE (17.0.6+0-b2043.56-10027231), built on Apr 28 2023 00:43:19 by "androidbuild" with MS VC++ 16.10 / 16.11 (VS2019)

END.
