#
# There is insufficient memory for the Java Runtime Environment to continue.
# Native memory allocation (mmap) failed to map 105906176 bytes for G1 virtual space
# Possible reasons:
#   The system is out of physical RAM or swap space
#   The process is running with CompressedOops enabled, and the Java Heap may be blocking the growth of the native heap
# Possible solutions:
#   Reduce memory load on the system
#   Increase physical memory or swap space
#   Check if swap backing store is full
#   Decrease Java heap size (-Xmx/-Xms)
#   Decrease number of Java threads
#   Decrease Java thread stack sizes (-Xss)
#   Set larger code cache with -XX:ReservedCodeCacheSize=
#   JVM is running with Unscaled Compressed Oops mode in which the Java heap is
#     placed in the first 4GB address space. The Java Heap base address is the
#     maximum limit for the native heap growth. Please use -XX:HeapBaseMinAddress
#     to set the Java Heap base and to place the Java Heap above 4GB virtual address.
# This output file may be truncated or incomplete.
#
#  Out of Memory Error (os_windows.cpp:3769), pid=10560, tid=3004
#
# JRE version: OpenJDK Runtime Environment (17.0.6) (build 17.0.6+0-b2043.56-10027231)
# Java VM: OpenJDK 64-Bit Server VM (17.0.6+0-b2043.56-10027231, mixed mode, tiered, compressed oops, compressed class ptrs, g1 gc, windows-amd64)
# No core dump will be written. Minidumps are not enabled by default on client versions of Windows
#

---------------  S U M M A R Y ------------

Command Line: --add-opens=java.base/java.util=ALL-UNNAMED --add-opens=java.base/java.lang=ALL-UNNAMED --add-opens=java.base/java.lang.invoke=ALL-UNNAMED --add-opens=java.prefs/java.util.prefs=ALL-UNNAMED --add-opens=java.base/java.nio.charset=ALL-UNNAMED --add-opens=java.base/java.net=ALL-UNNAMED --add-opens=java.base/java.util.concurrent.atomic=ALL-UNNAMED -Xmx2048m -Dfile.encoding=UTF-8 -Duser.country=BR -Duser.language=pt -Duser.variant org.gradle.launcher.daemon.bootstrap.GradleDaemon 8.0

Host: AMD Ryzen 3 2200G with Radeon Vega Graphics    , 4 cores, 13G,  Windows 10 , 64 bit Build 19041 (10.0.19041.3155)
Time: Sun Aug 27 15:56:34 2023 Hora oficial do Brasil elapsed time: 13.325113 seconds (0d 0h 0m 13s)

---------------  T H R E A D  ---------------

Current thread (0x0000021adab83450):  VMThread "VM Thread" [stack: 0x0000002679c00000,0x0000002679d00000] [id=3004]

Stack: [0x0000002679c00000,0x0000002679d00000]
Native frames: (J=compiled Java code, j=interpreted, Vv=VM code, C=native code)
V  [jvm.dll+0x683c9a]
V  [jvm.dll+0x8427a4]
V  [jvm.dll+0x843f9e]
V  [jvm.dll+0x844603]
V  [jvm.dll+0x249b75]
V  [jvm.dll+0x680b69]
V  [jvm.dll+0x67505a]
V  [jvm.dll+0x309acb]
V  [jvm.dll+0x310f86]
V  [jvm.dll+0x3608ee]
V  [jvm.dll+0x360b1f]
V  [jvm.dll+0x2dfbf8]
V  [jvm.dll+0x2ddec4]
V  [jvm.dll+0x2dd4cc]
V  [jvm.dll+0x321f3b]
V  [jvm.dll+0x848ccb]
V  [jvm.dll+0x849a04]
V  [jvm.dll+0x849f1d]
V  [jvm.dll+0x84a2f4]
V  [jvm.dll+0x84a3c0]
V  [jvm.dll+0x7f274a]
V  [jvm.dll+0x682ad5]
C  [ucrtbase.dll+0x21bb2]
C  [KERNEL32.DLL+0x17614]
C  [ntdll.dll+0x526b1]

VM_Operation (0x000000267f9f7730): G1CollectForAllocation, mode: safepoint, requested by thread 0x0000021adc781560


---------------  P R O C E S S  ---------------

Threads class SMR info:
_java_thread_list=0x0000021ae05676d0, length=89, elements={
0x0000021ac15d9360, 0x0000021adb440660, 0x0000021adb4213e0, 0x0000021adabc4d20,
0x0000021adabc76f0, 0x0000021adabc7fb0, 0x0000021adabc8870, 0x0000021adabca080,
0x0000021adb46e160, 0x0000021adb46ec70, 0x0000021adb5f7020, 0x0000021adb5fa120,
0x0000021adb9a4a80, 0x0000021ade2297f0, 0x0000021adcc64da0, 0x0000021adc66afc0,
0x0000021ade5db2b0, 0x0000021ade8ed380, 0x0000021adc50d0a0, 0x0000021adc50c230,
0x0000021adc50aef0, 0x0000021adc50a550, 0x0000021adc50d570, 0x0000021adc50c700,
0x0000021adc50aa20, 0x0000021adc50b890, 0x0000021adc50b3c0, 0x0000021adc50cbd0,
0x0000021adc50bd60, 0x0000021adc50a080, 0x0000021adc50da40, 0x0000021ade16eac0,
0x0000021ade16dc50, 0x0000021ade16f460, 0x0000021ade16fe00, 0x0000021ade16f930,
0x0000021ade16ac30, 0x0000021ade16c910, 0x0000021ade1707a0, 0x0000021ade171610,
0x0000021ade16c440, 0x0000021ade170c70, 0x0000021ade169dc0, 0x0000021ade16cde0,
0x0000021ade16d2b0, 0x0000021ade16e120, 0x0000021ade16b100, 0x0000021ade171140,
0x0000021ade16ef90, 0x0000021ade16a290, 0x0000021ade16b5d0, 0x0000021ade16baa0,
0x0000021ade16e5f0, 0x0000021ade16bf70, 0x0000021ade16d780, 0x0000021adbbbb150,
0x0000021adbbb9470, 0x0000021adbbb7790, 0x0000021adbbbb620, 0x0000021adbbb7c60,
0x0000021adbbb8600, 0x0000021adbbbbaf0, 0x0000021adbbbce30, 0x0000021adbbbc960,
0x0000021adbbb8ad0, 0x0000021adbbbdca0, 0x0000021adbbba7b0, 0x0000021adbbbc490,
0x0000021adbbbbfc0, 0x0000021adbbb8fa0, 0x0000021adbbbd300, 0x0000021adbbb8130,
0x0000021adbbb9940, 0x0000021adbbb9e10, 0x0000021adbbbd7d0, 0x0000021adbbbe170,
0x0000021adbbba2e0, 0x0000021adbbb6920, 0x0000021adbbb6df0, 0x0000021adbbb72c0,
0x0000021adc77eee0, 0x0000021adc784580, 0x0000021adc77f3b0, 0x0000021adc783240,
0x0000021adc7823d0, 0x0000021adc77e540, 0x0000021adc7806f0, 0x0000021adc7858c0,
0x0000021adc781560
}

Java Threads: ( => current thread )
  0x0000021ac15d9360 JavaThread "main" [_thread_blocked, id=7852, stack(0x0000002679600000,0x0000002679700000)]
  0x0000021adb440660 JavaThread "Reference Handler" daemon [_thread_blocked, id=8992, stack(0x0000002679d00000,0x0000002679e00000)]
  0x0000021adb4213e0 JavaThread "Finalizer" daemon [_thread_blocked, id=5820, stack(0x0000002679e00000,0x0000002679f00000)]
  0x0000021adabc4d20 JavaThread "Signal Dispatcher" daemon [_thread_blocked, id=10812, stack(0x0000002679f00000,0x000000267a000000)]
  0x0000021adabc76f0 JavaThread "Attach Listener" daemon [_thread_blocked, id=4840, stack(0x000000267a000000,0x000000267a100000)]
  0x0000021adabc7fb0 JavaThread "Service Thread" daemon [_thread_blocked, id=7296, stack(0x000000267a100000,0x000000267a200000)]
  0x0000021adabc8870 JavaThread "Monitor Deflation Thread" daemon [_thread_blocked, id=812, stack(0x000000267a200000,0x000000267a300000)]
  0x0000021adabca080 JavaThread "C2 CompilerThread0" daemon [_thread_in_native, id=9820, stack(0x000000267a300000,0x000000267a400000)]
  0x0000021adb46e160 JavaThread "C1 CompilerThread0" daemon [_thread_blocked, id=7072, stack(0x000000267a400000,0x000000267a500000)]
  0x0000021adb46ec70 JavaThread "Sweeper thread" daemon [_thread_blocked, id=2788, stack(0x000000267a500000,0x000000267a600000)]
  0x0000021adb5f7020 JavaThread "Common-Cleaner" daemon [_thread_blocked, id=6824, stack(0x000000267a600000,0x000000267a700000)]
  0x0000021adb5fa120 JavaThread "Notification Thread" daemon [_thread_blocked, id=5932, stack(0x000000267a700000,0x000000267a800000)]
  0x0000021adb9a4a80 JavaThread "C2 CompilerThread1" daemon [_thread_blocked, id=9524, stack(0x000000267a900000,0x000000267aa00000)]
  0x0000021ade2297f0 JavaThread "Daemon health stats" [_thread_blocked, id=6952, stack(0x000000267ad00000,0x000000267ae00000)]
  0x0000021adcc64da0 JavaThread "Incoming local TCP Connector on port 53487" [_thread_in_native, id=1732, stack(0x000000267ae00000,0x000000267af00000)]
  0x0000021adc66afc0 JavaThread "Daemon periodic checks" [_thread_blocked, id=2360, stack(0x000000267af00000,0x000000267b000000)]
  0x0000021ade5db2b0 JavaThread "Daemon" [_thread_blocked, id=10916, stack(0x000000267b000000,0x000000267b100000)]
  0x0000021ade8ed380 JavaThread "Handler for socket connection from /127.0.0.1:53487 to /127.0.0.1:53488" [_thread_in_native, id=8392, stack(0x000000267b100000,0x000000267b200000)]
  0x0000021adc50d0a0 JavaThread "Cancel handler" [_thread_blocked, id=6328, stack(0x000000267b200000,0x000000267b300000)]
  0x0000021adc50c230 JavaThread "Daemon worker" [_thread_blocked, id=5692, stack(0x000000267b300000,0x000000267b400000)]
  0x0000021adc50aef0 JavaThread "Asynchronous log dispatcher for DefaultDaemonConnection: socket connection from /127.0.0.1:53487 to /127.0.0.1:53488" [_thread_blocked, id=4580, stack(0x000000267b400000,0x000000267b500000)]
  0x0000021adc50a550 JavaThread "Stdin handler" [_thread_blocked, id=8452, stack(0x000000267b500000,0x000000267b600000)]
  0x0000021adc50d570 JavaThread "Daemon client event forwarder" [_thread_blocked, id=5256, stack(0x000000267b600000,0x000000267b700000)]
  0x0000021adc50c700 JavaThread "Cache worker for journal cache (C:\Users\Pichau\.gradle\caches\journal-1)" [_thread_blocked, id=2920, stack(0x000000267b700000,0x000000267b800000)]
  0x0000021adc50aa20 JavaThread "File lock request listener" [_thread_in_native, id=11108, stack(0x000000267b800000,0x000000267b900000)]
  0x0000021adc50b890 JavaThread "Cache worker for file hash cache (C:\Users\Pichau\.gradle\caches\8.0\fileHashes)" [_thread_blocked, id=3792, stack(0x000000267b900000,0x000000267ba00000)]
  0x0000021adc50b3c0 JavaThread "File watcher server" daemon [_thread_blocked, id=6872, stack(0x000000267ba00000,0x000000267bb00000)]
  0x0000021adc50cbd0 JavaThread "File watcher consumer" daemon [_thread_blocked, id=3756, stack(0x000000267bb00000,0x000000267bc00000)]
  0x0000021adc50bd60 JavaThread "Cache worker for checksums cache (C:\Users\Pichau\AndroidStudioProjects\Tcc_funcionario\.gradle\8.0\checksums)" [_thread_blocked, id=2220, stack(0x000000267bc00000,0x000000267bd00000)]
  0x0000021adc50a080 JavaThread "Cache worker for cache directory md-rule (C:\Users\Pichau\.gradle\caches\8.0\md-rule)" [_thread_blocked, id=8732, stack(0x000000267bd00000,0x000000267be00000)]
  0x0000021adc50da40 JavaThread "Cache worker for file content cache (C:\Users\Pichau\.gradle\caches\8.0\fileContent)" [_thread_blocked, id=9036, stack(0x000000267be00000,0x000000267bf00000)]
  0x0000021ade16eac0 JavaThread "Cache worker for file hash cache (C:\Users\Pichau\AndroidStudioProjects\Tcc_funcionario\.gradle\8.0\fileHashes)" [_thread_blocked, id=2772, stack(0x000000267bf00000,0x000000267c000000)]
  0x0000021ade16dc50 JavaThread "Cache worker for cache directory md-supplier (C:\Users\Pichau\.gradle\caches\8.0\md-supplier)" [_thread_blocked, id=10500, stack(0x000000267c000000,0x000000267c100000)]
  0x0000021ade16f460 JavaThread "Cache worker for execution history cache (C:\Users\Pichau\.gradle\caches\8.0\executionHistory)" [_thread_blocked, id=9808, stack(0x000000267c100000,0x000000267c200000)]
  0x0000021ade16fe00 JavaThread "jar transforms" [_thread_blocked, id=2948, stack(0x000000267c200000,0x000000267c300000)]
  0x0000021ade16f930 JavaThread "jar transforms Thread 2" [_thread_blocked, id=9556, stack(0x000000267c300000,0x000000267c400000)]
  0x0000021ade16ac30 JavaThread "jar transforms Thread 3" [_thread_blocked, id=7380, stack(0x000000267c500000,0x000000267c600000)]
  0x0000021ade16c910 JavaThread "jar transforms Thread 4" [_thread_blocked, id=8508, stack(0x000000267c600000,0x000000267c700000)]
  0x0000021ade1707a0 JavaThread "Cache worker for dependencies-accessors (C:\Users\Pichau\AndroidStudioProjects\Tcc_funcionario\.gradle\8.0\dependencies-accessors)" [_thread_blocked, id=3908, stack(0x000000267c700000,0x000000267c800000)]
  0x0000021ade171610 JavaThread "Cache worker for Build Output Cleanup Cache (C:\Users\Pichau\AndroidStudioProjects\Tcc_funcionario\.gradle\buildOutputCleanup)" [_thread_blocked, id=11128, stack(0x000000267c800000,0x000000267c900000)]
  0x0000021ade16c440 JavaThread "Unconstrained build operations" [_thread_blocked, id=6248, stack(0x000000267c900000,0x000000267ca00000)]
  0x0000021ade170c70 JavaThread "Unconstrained build operations Thread 2" [_thread_blocked, id=2456, stack(0x000000267ca00000,0x000000267cb00000)]
  0x0000021ade169dc0 JavaThread "Unconstrained build operations Thread 3" [_thread_blocked, id=9232, stack(0x000000267cb00000,0x000000267cc00000)]
  0x0000021ade16cde0 JavaThread "Unconstrained build operations Thread 4" [_thread_blocked, id=8876, stack(0x000000267cc00000,0x000000267cd00000)]
  0x0000021ade16d2b0 JavaThread "Unconstrained build operations Thread 5" [_thread_blocked, id=2448, stack(0x000000267cd00000,0x000000267ce00000)]
  0x0000021ade16e120 JavaThread "Unconstrained build operations Thread 6" [_thread_blocked, id=504, stack(0x000000267ce00000,0x000000267cf00000)]
  0x0000021ade16b100 JavaThread "Unconstrained build operations Thread 7" [_thread_blocked, id=11028, stack(0x000000267cf00000,0x000000267d000000)]
  0x0000021ade171140 JavaThread "Unconstrained build operations Thread 8" [_thread_blocked, id=3444, stack(0x000000267d000000,0x000000267d100000)]
  0x0000021ade16ef90 JavaThread "Unconstrained build operations Thread 9" [_thread_blocked, id=1076, stack(0x000000267d100000,0x000000267d200000)]
  0x0000021ade16a290 JavaThread "Unconstrained build operations Thread 10" [_thread_blocked, id=10324, stack(0x000000267d200000,0x000000267d300000)]
  0x0000021ade16b5d0 JavaThread "Unconstrained build operations Thread 11" [_thread_blocked, id=11228, stack(0x000000267d300000,0x000000267d400000)]
  0x0000021ade16baa0 JavaThread "Unconstrained build operations Thread 12" [_thread_blocked, id=1728, stack(0x000000267d400000,0x000000267d500000)]
  0x0000021ade16e5f0 JavaThread "Unconstrained build operations Thread 13" [_thread_blocked, id=10796, stack(0x000000267d500000,0x000000267d600000)]
  0x0000021ade16bf70 JavaThread "Unconstrained build operations Thread 14" [_thread_blocked, id=2716, stack(0x000000267d600000,0x000000267d700000)]
  0x0000021ade16d780 JavaThread "Unconstrained build operations Thread 15" [_thread_blocked, id=3888, stack(0x000000267d700000,0x000000267d800000)]
  0x0000021adbbbb150 JavaThread "Unconstrained build operations Thread 16" [_thread_blocked, id=5904, stack(0x000000267d800000,0x000000267d900000)]
  0x0000021adbbb9470 JavaThread "Unconstrained build operations Thread 17" [_thread_blocked, id=6548, stack(0x000000267d900000,0x000000267da00000)]
  0x0000021adbbb7790 JavaThread "Unconstrained build operations Thread 18" [_thread_blocked, id=8756, stack(0x000000267da00000,0x000000267db00000)]
  0x0000021adbbbb620 JavaThread "Unconstrained build operations Thread 19" [_thread_blocked, id=11256, stack(0x000000267db00000,0x000000267dc00000)]
  0x0000021adbbb7c60 JavaThread "Unconstrained build operations Thread 20" [_thread_blocked, id=2528, stack(0x000000267dc00000,0x000000267dd00000)]
  0x0000021adbbb8600 JavaThread "Unconstrained build operations Thread 21" [_thread_blocked, id=8796, stack(0x000000267dd00000,0x000000267de00000)]
  0x0000021adbbbbaf0 JavaThread "Unconstrained build operations Thread 22" [_thread_blocked, id=1712, stack(0x000000267de00000,0x000000267df00000)]
  0x0000021adbbbce30 JavaThread "Unconstrained build operations Thread 23" [_thread_blocked, id=2308, stack(0x000000267df00000,0x000000267e000000)]
  0x0000021adbbbc960 JavaThread "Unconstrained build operations Thread 24" [_thread_blocked, id=1760, stack(0x000000267e000000,0x000000267e100000)]
  0x0000021adbbb8ad0 JavaThread "Unconstrained build operations Thread 25" [_thread_blocked, id=10600, stack(0x000000267e100000,0x000000267e200000)]
  0x0000021adbbbdca0 JavaThread "Unconstrained build operations Thread 26" [_thread_blocked, id=1812, stack(0x000000267e200000,0x000000267e300000)]
  0x0000021adbbba7b0 JavaThread "Unconstrained build operations Thread 27" [_thread_blocked, id=8516, stack(0x000000267e300000,0x000000267e400000)]
  0x0000021adbbbc490 JavaThread "Unconstrained build operations Thread 28" [_thread_blocked, id=10552, stack(0x000000267e400000,0x000000267e500000)]
  0x0000021adbbbbfc0 JavaThread "Unconstrained build operations Thread 29" [_thread_blocked, id=9120, stack(0x000000267e500000,0x000000267e600000)]
  0x0000021adbbb8fa0 JavaThread "Unconstrained build operations Thread 30" [_thread_blocked, id=10252, stack(0x000000267e600000,0x000000267e700000)]
  0x0000021adbbbd300 JavaThread "Unconstrained build operations Thread 31" [_thread_blocked, id=6380, stack(0x000000267e700000,0x000000267e800000)]
  0x0000021adbbb8130 JavaThread "Unconstrained build operations Thread 32" [_thread_blocked, id=5796, stack(0x000000267e800000,0x000000267e900000)]
  0x0000021adbbb9940 JavaThread "Unconstrained build operations Thread 33" [_thread_blocked, id=9392, stack(0x000000267e900000,0x000000267ea00000)]
  0x0000021adbbb9e10 JavaThread "Unconstrained build operations Thread 34" [_thread_blocked, id=2432, stack(0x000000267ea00000,0x000000267eb00000)]
  0x0000021adbbbd7d0 JavaThread "Unconstrained build operations Thread 35" [_thread_blocked, id=6808, stack(0x000000267eb00000,0x000000267ec00000)]
  0x0000021adbbbe170 JavaThread "Unconstrained build operations Thread 36" [_thread_blocked, id=6184, stack(0x000000267ec00000,0x000000267ed00000)]
  0x0000021adbbba2e0 JavaThread "Unconstrained build operations Thread 37" [_thread_blocked, id=10820, stack(0x000000267ed00000,0x000000267ee00000)]
  0x0000021adbbb6920 JavaThread "Unconstrained build operations Thread 38" [_thread_blocked, id=6992, stack(0x000000267ee00000,0x000000267ef00000)]
  0x0000021adbbb6df0 JavaThread "Unconstrained build operations Thread 39" [_thread_blocked, id=10408, stack(0x000000267ef00000,0x000000267f000000)]
  0x0000021adbbb72c0 JavaThread "Unconstrained build operations Thread 40" [_thread_blocked, id=5752, stack(0x000000267f000000,0x000000267f100000)]
  0x0000021adc77eee0 JavaThread "build event listener" [_thread_blocked, id=10380, stack(0x000000267f100000,0x000000267f200000)]
  0x0000021adc784580 JavaThread "Memory manager" [_thread_blocked, id=9224, stack(0x000000267f200000,0x000000267f300000)]
  0x0000021adc77f3b0 JavaThread "included builds" [_thread_blocked, id=2840, stack(0x000000267f300000,0x000000267f400000)]
  0x0000021adc783240 JavaThread "Execution worker" [_thread_blocked, id=1660, stack(0x000000267f400000,0x000000267f500000)]
  0x0000021adc7823d0 JavaThread "Execution worker Thread 2" [_thread_blocked, id=9260, stack(0x000000267f500000,0x000000267f600000)]
  0x0000021adc77e540 JavaThread "Execution worker Thread 3" [_thread_blocked, id=9652, stack(0x000000267f600000,0x000000267f700000)]
  0x0000021adc7806f0 JavaThread "Cache worker for execution history cache (C:\Users\Pichau\AndroidStudioProjects\Tcc_funcionario\.gradle\8.0\executionHistory)" [_thread_blocked, id=416, stack(0x000000267f700000,0x000000267f800000)]
  0x0000021adc7858c0 JavaThread "WorkerExecutor Queue" [_thread_blocked, id=4472, stack(0x000000267f800000,0x000000267f900000)]
  0x0000021adc781560 JavaThread "WorkerExecutor Queue Thread 2" [_thread_blocked, id=5908, stack(0x000000267f900000,0x000000267fa00000)]

Other Threads:
=>0x0000021adab83450 VMThread "VM Thread" [stack: 0x0000002679c00000,0x0000002679d00000] [id=3004]
  0x0000021adb5fa5f0 WatcherThread [stack: 0x000000267a800000,0x000000267a900000] [id=6820]
  0x0000021ac16370c0 GCTaskThread "GC Thread#0" [stack: 0x0000002679700000,0x0000002679800000] [id=10980]
  0x0000021adb9a46e0 GCTaskThread "GC Thread#1" [stack: 0x000000267aa00000,0x000000267ab00000] [id=6660]
  0x0000021adbfb0a20 GCTaskThread "GC Thread#2" [stack: 0x000000267ab00000,0x000000267ac00000] [id=3788]
  0x0000021adbfb0cd0 GCTaskThread "GC Thread#3" [stack: 0x000000267ac00000,0x000000267ad00000] [id=1452]
  0x0000021ac1647f10 ConcurrentGCThread "G1 Main Marker" [stack: 0x0000002679800000,0x0000002679900000] [id=2952]
  0x0000021ac1648830 ConcurrentGCThread "G1 Conc#0" [stack: 0x0000002679900000,0x0000002679a00000] [id=6944]
  0x0000021ac16adca0 ConcurrentGCThread "G1 Refine#0" [stack: 0x0000002679a00000,0x0000002679b00000] [id=7128]
  0x0000021ade79cbf0 ConcurrentGCThread "G1 Refine#1" [stack: 0x000000267c400000,0x000000267c500000] [id=8604]
  0x0000021ac16ae5d0 ConcurrentGCThread "G1 Service" [stack: 0x0000002679b00000,0x0000002679c00000] [id=9152]

Threads with active compile tasks:
C2 CompilerThread0    13345 11398       4       java.lang.reflect.Method::invoke (65 bytes)
C1 CompilerThread0    13345 11524   !   3       kotlin.reflect.jvm.internal.impl.metadata.ProtoBuf$Class::<init> (2853 bytes)
C2 CompilerThread1    13345 11406       4       java.util.regex.Pattern::split (288 bytes)

VM state: at safepoint (normal execution)

VM Mutex/Monitor currently owned by a thread:  ([mutex/lock_event])
[0x0000021ac15d3b40] Threads_lock - owner thread: 0x0000021adab83450
[0x0000021ac15d4680] Heap_lock - owner thread: 0x0000021adc781560

Heap address: 0x0000000080000000, size: 2048 MB, Compressed Oops mode: 32-bit

CDS archive(s) not mapped
Compressed class space mapped at: 0x0000000100000000-0x0000000140000000, reserved size: 1073741824
Narrow klass base: 0x0000000000000000, Narrow klass shift: 3, Narrow klass range: 0x140000000

GC Precious Log:
 CPUs: 4 total, 4 available
 Memory: 14264M
 Large Page Support: Disabled
 NUMA Support: Disabled
 Compressed Oops: Enabled (32-bit)
 Heap Region Size: 1M
 Heap Min Capacity: 8M
 Heap Initial Capacity: 224M
 Heap Max Capacity: 2G
 Pre-touch: Disabled
 Parallel Workers: 4
 Concurrent Workers: 1
 Concurrent Refinement Workers: 4
 Periodic GC: Disabled

Heap:
 garbage-first heap   total 229376K, used 92298K [0x0000000080000000, 0x0000000100000000)
  region size 1024K, 1 young (1024K), 1 survivors (1024K)
 Metaspace       used 94795K, committed 95488K, reserved 1138688K
  class space    used 12896K, committed 13184K, reserved 1048576K

Heap Regions: E=young(eden), S=young(survivor), O=old, HS=humongous(starts), HC=humongous(continues), CS=collection set, F=free, OA=open archive, CA=closed archive, TAMS=top-at-mark-start (previous, next)
|   0|0x0000000080000000, 0x0000000080100000, 0x0000000080100000|100%| O|  |TAMS 0x0000000080100000, 0x0000000080000000| Untracked 
|   1|0x0000000080100000, 0x0000000080200000, 0x0000000080200000|100%| O|  |TAMS 0x0000000080200000, 0x0000000080100000| Untracked 
|   2|0x0000000080200000, 0x0000000080300000, 0x0000000080300000|100%| O|  |TAMS 0x0000000080300000, 0x0000000080200000| Untracked 
|   3|0x0000000080300000, 0x0000000080400000, 0x0000000080400000|100%|HS|  |TAMS 0x0000000080400000, 0x0000000080300000| Complete 
|   4|0x0000000080400000, 0x0000000080500000, 0x0000000080500000|100%|HC|  |TAMS 0x0000000080500000, 0x0000000080400000| Complete 
|   5|0x0000000080500000, 0x0000000080600000, 0x0000000080600000|100%|HC|  |TAMS 0x0000000080600000, 0x0000000080500000| Complete 
|   6|0x0000000080600000, 0x0000000080700000, 0x0000000080700000|100%|HC|  |TAMS 0x0000000080700000, 0x0000000080600000| Complete 
|   7|0x0000000080700000, 0x0000000080800000, 0x0000000080800000|100%| O|  |TAMS 0x0000000080800000, 0x0000000080700000| Untracked 
|   8|0x0000000080800000, 0x0000000080900000, 0x0000000080900000|100%| O|  |TAMS 0x0000000080900000, 0x0000000080800000| Untracked 
|   9|0x0000000080900000, 0x0000000080a00000, 0x0000000080a00000|100%| O|  |TAMS 0x0000000080a00000, 0x0000000080900000| Untracked 
|  10|0x0000000080a00000, 0x0000000080b00000, 0x0000000080b00000|100%| O|  |TAMS 0x0000000080b00000, 0x0000000080a00000| Untracked 
|  11|0x0000000080b00000, 0x0000000080c00000, 0x0000000080c00000|100%| O|  |TAMS 0x0000000080c00000, 0x0000000080b00000| Untracked 
|  12|0x0000000080c00000, 0x0000000080d00000, 0x0000000080d00000|100%| O|  |TAMS 0x0000000080d00000, 0x0000000080c00000| Untracked 
|  13|0x0000000080d00000, 0x0000000080e00000, 0x0000000080e00000|100%| O|  |TAMS 0x0000000080e00000, 0x0000000080d00000| Untracked 
|  14|0x0000000080e00000, 0x0000000080f00000, 0x0000000080f00000|100%| O|  |TAMS 0x0000000080f00000, 0x0000000080e00000| Untracked 
|  15|0x0000000080f00000, 0x0000000081000000, 0x0000000081000000|100%| O|  |TAMS 0x0000000081000000, 0x0000000080f00000| Untracked 
|  16|0x0000000081000000, 0x0000000081100000, 0x0000000081100000|100%| O|  |TAMS 0x0000000081100000, 0x0000000081000000| Untracked 
|  17|0x0000000081100000, 0x0000000081200000, 0x0000000081200000|100%| O|  |TAMS 0x0000000081200000, 0x0000000081100000| Untracked 
|  18|0x0000000081200000, 0x0000000081300000, 0x0000000081300000|100%| O|  |TAMS 0x0000000081300000, 0x0000000081200000| Untracked 
|  19|0x0000000081300000, 0x0000000081400000, 0x0000000081400000|100%| O|  |TAMS 0x0000000081400000, 0x0000000081300000| Untracked 
|  20|0x0000000081400000, 0x0000000081500000, 0x0000000081500000|100%| O|  |TAMS 0x0000000081500000, 0x0000000081400000| Untracked 
|  21|0x0000000081500000, 0x0000000081600000, 0x0000000081600000|100%| O|  |TAMS 0x0000000081600000, 0x0000000081500000| Untracked 
|  22|0x0000000081600000, 0x0000000081700000, 0x0000000081700000|100%| O|  |TAMS 0x0000000081700000, 0x0000000081600000| Untracked 
|  23|0x0000000081700000, 0x0000000081800000, 0x0000000081800000|100%| O|  |TAMS 0x0000000081800000, 0x0000000081700000| Untracked 
|  24|0x0000000081800000, 0x0000000081800000, 0x0000000081900000|  0%| F|  |TAMS 0x0000000081800000, 0x0000000081800000| Untracked 
|  25|0x0000000081900000, 0x0000000081a00000, 0x0000000081a00000|100%| O|  |TAMS 0x0000000081a00000, 0x0000000081900000| Untracked 
|  26|0x0000000081a00000, 0x0000000081b00000, 0x0000000081b00000|100%| O|  |TAMS 0x0000000081b00000, 0x0000000081a00000| Untracked 
|  27|0x0000000081b00000, 0x0000000081c00000, 0x0000000081c00000|100%| O|  |TAMS 0x0000000081c00000, 0x0000000081b00000| Untracked 
|  28|0x0000000081c00000, 0x0000000081d00000, 0x0000000081d00000|100%| O|  |TAMS 0x0000000081d00000, 0x0000000081c00000| Untracked 
|  29|0x0000000081d00000, 0x0000000081e00000, 0x0000000081e00000|100%| O|  |TAMS 0x0000000081e00000, 0x0000000081d00000| Untracked 
|  30|0x0000000081e00000, 0x0000000081f00000, 0x0000000081f00000|100%| O|  |TAMS 0x0000000081f00000, 0x0000000081e00000| Untracked 
|  31|0x0000000081f00000, 0x0000000082000000, 0x0000000082000000|100%|HS|  |TAMS 0x0000000082000000, 0x0000000081f00000| Complete 
|  32|0x0000000082000000, 0x0000000082100000, 0x0000000082100000|100%| O|  |TAMS 0x0000000082100000, 0x0000000082000000| Untracked 
|  33|0x0000000082100000, 0x0000000082200000, 0x0000000082200000|100%| O|  |TAMS 0x0000000082200000, 0x0000000082100000| Untracked 
|  34|0x0000000082200000, 0x0000000082300000, 0x0000000082300000|100%|HS|  |TAMS 0x0000000082300000, 0x0000000082200000| Complete 
|  35|0x0000000082300000, 0x0000000082400000, 0x0000000082400000|100%| O|  |TAMS 0x0000000082400000, 0x0000000082300000| Untracked 
|  36|0x0000000082400000, 0x0000000082500000, 0x0000000082500000|100%| O|  |TAMS 0x0000000082500000, 0x0000000082400000| Untracked 
|  37|0x0000000082500000, 0x0000000082600000, 0x0000000082600000|100%| O|  |TAMS 0x0000000082600000, 0x0000000082500000| Untracked 
|  38|0x0000000082600000, 0x0000000082700000, 0x0000000082700000|100%| O|  |TAMS 0x0000000082700000, 0x0000000082600000| Untracked 
|  39|0x0000000082700000, 0x0000000082700000, 0x0000000082800000|  0%| F|  |TAMS 0x0000000082700000, 0x0000000082700000| Untracked 
|  40|0x0000000082800000, 0x0000000082900000, 0x0000000082900000|100%| O|  |TAMS 0x0000000082800000, 0x0000000082800000| Untracked 
|  41|0x0000000082900000, 0x0000000082a00000, 0x0000000082a00000|100%| O|  |TAMS 0x0000000082a00000, 0x0000000082900000| Untracked 
|  42|0x0000000082a00000, 0x0000000082b00000, 0x0000000082b00000|100%| O|  |TAMS 0x0000000082b00000, 0x0000000082a00000| Untracked 
|  43|0x0000000082b00000, 0x0000000082c00000, 0x0000000082c00000|100%| O|  |TAMS 0x0000000082c00000, 0x0000000082b00000| Untracked 
|  44|0x0000000082c00000, 0x0000000082d00000, 0x0000000082d00000|100%| O|  |TAMS 0x0000000082d00000, 0x0000000082c00000| Untracked 
|  45|0x0000000082d00000, 0x0000000082e00000, 0x0000000082e00000|100%| O|  |TAMS 0x0000000082e00000, 0x0000000082d00000| Untracked 
|  46|0x0000000082e00000, 0x0000000082f00000, 0x0000000082f00000|100%| O|  |TAMS 0x0000000082f00000, 0x0000000082e00000| Untracked 
|  47|0x0000000082f00000, 0x0000000083000000, 0x0000000083000000|100%| O|  |TAMS 0x0000000083000000, 0x0000000082f00000| Untracked 
|  48|0x0000000083000000, 0x0000000083100000, 0x0000000083100000|100%| O|  |TAMS 0x0000000083100000, 0x0000000083000000| Untracked 
|  49|0x0000000083100000, 0x0000000083200000, 0x0000000083200000|100%| O|  |TAMS 0x0000000083200000, 0x0000000083100000| Untracked 
|  50|0x0000000083200000, 0x0000000083300000, 0x0000000083300000|100%| O|  |TAMS 0x0000000083300000, 0x0000000083200000| Untracked 
|  51|0x0000000083300000, 0x0000000083400000, 0x0000000083400000|100%| O|  |TAMS 0x0000000083400000, 0x0000000083300000| Untracked 
|  52|0x0000000083400000, 0x0000000083500000, 0x0000000083500000|100%| O|  |TAMS 0x0000000083500000, 0x0000000083400000| Untracked 
|  53|0x0000000083500000, 0x0000000083600000, 0x0000000083600000|100%| O|  |TAMS 0x0000000083600000, 0x0000000083500000| Untracked 
|  54|0x0000000083600000, 0x0000000083700000, 0x0000000083700000|100%| O|  |TAMS 0x0000000083700000, 0x0000000083600000| Untracked 
|  55|0x0000000083700000, 0x0000000083800000, 0x0000000083800000|100%| O|  |TAMS 0x0000000083800000, 0x0000000083700000| Untracked 
|  56|0x0000000083800000, 0x0000000083900000, 0x0000000083900000|100%| O|  |TAMS 0x0000000083900000, 0x0000000083800000| Untracked 
|  57|0x0000000083900000, 0x0000000083a00000, 0x0000000083a00000|100%| O|  |TAMS 0x0000000083a00000, 0x0000000083900000| Untracked 
|  58|0x0000000083a00000, 0x0000000083b00000, 0x0000000083b00000|100%| O|  |TAMS 0x0000000083b00000, 0x0000000083a00000| Untracked 
|  59|0x0000000083b00000, 0x0000000083c00000, 0x0000000083c00000|100%| O|  |TAMS 0x0000000083c00000, 0x0000000083b00000| Untracked 
|  60|0x0000000083c00000, 0x0000000083d00000, 0x0000000083d00000|100%| O|  |TAMS 0x0000000083d00000, 0x0000000083c00000| Untracked 
|  61|0x0000000083d00000, 0x0000000083e00000, 0x0000000083e00000|100%| O|  |TAMS 0x0000000083e00000, 0x0000000083d00000| Untracked 
|  62|0x0000000083e00000, 0x0000000083f00000, 0x0000000083f00000|100%| O|  |TAMS 0x0000000083f00000, 0x0000000083e00000| Untracked 
|  63|0x0000000083f00000, 0x0000000084000000, 0x0000000084000000|100%| O|  |TAMS 0x0000000084000000, 0x0000000083f00000| Untracked 
|  64|0x0000000084000000, 0x0000000084100000, 0x0000000084100000|100%| O|  |TAMS 0x0000000084100000, 0x0000000084000000| Untracked 
|  65|0x0000000084100000, 0x0000000084200000, 0x0000000084200000|100%| O|  |TAMS 0x0000000084200000, 0x0000000084100000| Untracked 
|  66|0x0000000084200000, 0x0000000084300000, 0x0000000084300000|100%| O|  |TAMS 0x0000000084300000, 0x0000000084200000| Untracked 
|  67|0x0000000084300000, 0x0000000084400000, 0x0000000084400000|100%| O|  |TAMS 0x0000000084400000, 0x0000000084300000| Untracked 
|  68|0x0000000084400000, 0x0000000084500000, 0x0000000084500000|100%| O|  |TAMS 0x0000000084500000, 0x0000000084400000| Untracked 
|  69|0x0000000084500000, 0x0000000084600000, 0x0000000084600000|100%| O|  |TAMS 0x0000000084600000, 0x0000000084500000| Untracked 
|  70|0x0000000084600000, 0x0000000084700000, 0x0000000084700000|100%| O|  |TAMS 0x0000000084700000, 0x0000000084600000| Untracked 
|  71|0x0000000084700000, 0x0000000084800000, 0x0000000084800000|100%| O|  |TAMS 0x0000000084800000, 0x0000000084700000| Untracked 
|  72|0x0000000084800000, 0x0000000084900000, 0x0000000084900000|100%| O|  |TAMS 0x0000000084900000, 0x0000000084800000| Untracked 
|  73|0x0000000084900000, 0x0000000084a00000, 0x0000000084a00000|100%| O|  |TAMS 0x0000000084a00000, 0x0000000084900000| Untracked 
|  74|0x0000000084a00000, 0x0000000084b00000, 0x0000000084b00000|100%| O|  |TAMS 0x0000000084b00000, 0x0000000084a00000| Untracked 
|  75|0x0000000084b00000, 0x0000000084c00000, 0x0000000084c00000|100%| O|  |TAMS 0x0000000084c00000, 0x0000000084b00000| Untracked 
|  76|0x0000000084c00000, 0x0000000084d00000, 0x0000000084d00000|100%| O|  |TAMS 0x0000000084c00000, 0x0000000084c00000| Untracked 
|  77|0x0000000084d00000, 0x0000000084e00000, 0x0000000084e00000|100%| O|  |TAMS 0x0000000084e00000, 0x0000000084d00000| Untracked 
|  78|0x0000000084e00000, 0x0000000084f00000, 0x0000000084f00000|100%| O|  |TAMS 0x0000000084f00000, 0x0000000084e00000| Untracked 
|  79|0x0000000084f00000, 0x0000000085000000, 0x0000000085000000|100%| O|  |TAMS 0x0000000085000000, 0x0000000084f00000| Untracked 
|  80|0x0000000085000000, 0x0000000085100000, 0x0000000085100000|100%| O|  |TAMS 0x0000000085100000, 0x0000000085000000| Untracked 
|  81|0x0000000085100000, 0x0000000085200000, 0x0000000085200000|100%| O|  |TAMS 0x0000000085200000, 0x0000000085100000| Untracked 
|  82|0x0000000085200000, 0x0000000085300000, 0x0000000085300000|100%| O|  |TAMS 0x0000000085300000, 0x0000000085200000| Untracked 
|  83|0x0000000085300000, 0x0000000085400000, 0x0000000085400000|100%| O|  |TAMS 0x0000000085400000, 0x0000000085300000| Untracked 
|  84|0x0000000085400000, 0x0000000085500000, 0x0000000085500000|100%| O|  |TAMS 0x0000000085500000, 0x0000000085400000| Untracked 
|  85|0x0000000085500000, 0x0000000085600000, 0x0000000085600000|100%| O|  |TAMS 0x0000000085522c00, 0x0000000085500000| Untracked 
|  86|0x0000000085600000, 0x0000000085700000, 0x0000000085700000|100%| O|  |TAMS 0x0000000085600000, 0x0000000085600000| Untracked 
|  87|0x0000000085700000, 0x0000000085800000, 0x0000000085800000|100%| O|  |TAMS 0x0000000085700000, 0x0000000085700000| Untracked 
|  88|0x0000000085800000, 0x0000000085900000, 0x0000000085900000|100%| O|  |TAMS 0x0000000085800000, 0x0000000085800000| Untracked 
|  89|0x0000000085900000, 0x0000000085a00000, 0x0000000085a00000|100%| O|  |TAMS 0x0000000085900000, 0x0000000085900000| Untracked 
|  90|0x0000000085a00000, 0x0000000085b00000, 0x0000000085b00000|100%| O|  |TAMS 0x0000000085a00000, 0x0000000085a00000| Untracked 
|  91|0x0000000085b00000, 0x0000000085b65200, 0x0000000085c00000| 39%| O|  |TAMS 0x0000000085b00000, 0x0000000085b00000| Untracked 
|  92|0x0000000085c00000, 0x0000000085c00000, 0x0000000085d00000|  0%| F|  |TAMS 0x0000000085c00000, 0x0000000085c00000| Untracked 
|  93|0x0000000085d00000, 0x0000000085d00000, 0x0000000085e00000|  0%| F|  |TAMS 0x0000000085d00000, 0x0000000085d00000| Untracked 
|  94|0x0000000085e00000, 0x0000000085e00000, 0x0000000085f00000|  0%| F|  |TAMS 0x0000000085e00000, 0x0000000085e00000| Untracked 
|  95|0x0000000085f00000, 0x0000000085f00000, 0x0000000086000000|  0%| F|  |TAMS 0x0000000085f00000, 0x0000000085f00000| Untracked 
|  96|0x0000000086000000, 0x0000000086000000, 0x0000000086100000|  0%| F|  |TAMS 0x0000000086000000, 0x0000000086000000| Untracked 
|  97|0x0000000086100000, 0x0000000086100000, 0x0000000086200000|  0%| F|  |TAMS 0x0000000086100000, 0x0000000086100000| Untracked 
|  98|0x0000000086200000, 0x0000000086200000, 0x0000000086300000|  0%| F|  |TAMS 0x0000000086200000, 0x0000000086200000| Untracked 
|  99|0x0000000086300000, 0x0000000086300000, 0x0000000086400000|  0%| F|  |TAMS 0x0000000086300000, 0x0000000086300000| Untracked 
| 100|0x0000000086400000, 0x0000000086400000, 0x0000000086500000|  0%| F|  |TAMS 0x0000000086400000, 0x0000000086400000| Untracked 
| 101|0x0000000086500000, 0x0000000086500000, 0x0000000086600000|  0%| F|  |TAMS 0x0000000086500000, 0x0000000086500000| Untracked 
| 102|0x0000000086600000, 0x0000000086600000, 0x0000000086700000|  0%| F|  |TAMS 0x0000000086600000, 0x0000000086600000| Untracked 
| 103|0x0000000086700000, 0x0000000086700000, 0x0000000086800000|  0%| F|  |TAMS 0x0000000086700000, 0x0000000086700000| Untracked 
| 104|0x0000000086800000, 0x0000000086800000, 0x0000000086900000|  0%| F|  |TAMS 0x0000000086800000, 0x0000000086800000| Untracked 
| 105|0x0000000086900000, 0x0000000086900000, 0x0000000086a00000|  0%| F|  |TAMS 0x0000000086900000, 0x0000000086900000| Untracked 
| 106|0x0000000086a00000, 0x0000000086a00000, 0x0000000086b00000|  0%| F|  |TAMS 0x0000000086a00000, 0x0000000086a00000| Untracked 
| 107|0x0000000086b00000, 0x0000000086b00000, 0x0000000086c00000|  0%| F|  |TAMS 0x0000000086b00000, 0x0000000086b00000| Untracked 
| 108|0x0000000086c00000, 0x0000000086c00000, 0x0000000086d00000|  0%| F|  |TAMS 0x0000000086c00000, 0x0000000086c00000| Untracked 
| 109|0x0000000086d00000, 0x0000000086d00000, 0x0000000086e00000|  0%| F|  |TAMS 0x0000000086d00000, 0x0000000086d00000| Untracked 
| 110|0x0000000086e00000, 0x0000000086e00000, 0x0000000086f00000|  0%| F|  |TAMS 0x0000000086e00000, 0x0000000086e00000| Untracked 
| 111|0x0000000086f00000, 0x0000000086f00000, 0x0000000087000000|  0%| F|  |TAMS 0x0000000086f00000, 0x0000000086f00000| Untracked 
| 112|0x0000000087000000, 0x0000000087000000, 0x0000000087100000|  0%| F|  |TAMS 0x0000000087000000, 0x0000000087000000| Untracked 
| 113|0x0000000087100000, 0x0000000087100000, 0x0000000087200000|  0%| F|  |TAMS 0x0000000087100000, 0x0000000087100000| Untracked 
| 114|0x0000000087200000, 0x0000000087200000, 0x0000000087300000|  0%| F|  |TAMS 0x0000000087200000, 0x0000000087200000| Untracked 
| 115|0x0000000087300000, 0x0000000087300000, 0x0000000087400000|  0%| F|  |TAMS 0x0000000087300000, 0x0000000087300000| Untracked 
| 116|0x0000000087400000, 0x0000000087400000, 0x0000000087500000|  0%| F|  |TAMS 0x0000000087400000, 0x0000000087400000| Untracked 
| 117|0x0000000087500000, 0x0000000087500000, 0x0000000087600000|  0%| F|  |TAMS 0x0000000087500000, 0x0000000087500000| Untracked 
| 118|0x0000000087600000, 0x0000000087600000, 0x0000000087700000|  0%| F|  |TAMS 0x0000000087600000, 0x0000000087600000| Untracked 
| 119|0x0000000087700000, 0x0000000087700000, 0x0000000087800000|  0%| F|  |TAMS 0x0000000087700000, 0x0000000087700000| Untracked 
| 120|0x0000000087800000, 0x0000000087800000, 0x0000000087900000|  0%| F|  |TAMS 0x0000000087800000, 0x0000000087800000| Untracked 
| 121|0x0000000087900000, 0x0000000087900000, 0x0000000087a00000|  0%| F|  |TAMS 0x0000000087900000, 0x0000000087900000| Untracked 
| 122|0x0000000087a00000, 0x0000000087a00000, 0x0000000087b00000|  0%| F|  |TAMS 0x0000000087a00000, 0x0000000087a00000| Untracked 
| 123|0x0000000087b00000, 0x0000000087b00000, 0x0000000087c00000|  0%| F|  |TAMS 0x0000000087b00000, 0x0000000087b00000| Untracked 
| 124|0x0000000087c00000, 0x0000000087c00000, 0x0000000087d00000|  0%| F|  |TAMS 0x0000000087c00000, 0x0000000087c00000| Untracked 
| 125|0x0000000087d00000, 0x0000000087d00000, 0x0000000087e00000|  0%| F|  |TAMS 0x0000000087d00000, 0x0000000087d00000| Untracked 
| 126|0x0000000087e00000, 0x0000000087e00000, 0x0000000087f00000|  0%| F|  |TAMS 0x0000000087e00000, 0x0000000087e00000| Untracked 
| 127|0x0000000087f00000, 0x0000000087f00000, 0x0000000088000000|  0%| F|  |TAMS 0x0000000087f00000, 0x0000000087f00000| Untracked 
| 128|0x0000000088000000, 0x0000000088000000, 0x0000000088100000|  0%| F|  |TAMS 0x0000000088000000, 0x0000000088000000| Untracked 
| 129|0x0000000088100000, 0x0000000088100000, 0x0000000088200000|  0%| F|  |TAMS 0x0000000088100000, 0x0000000088100000| Untracked 
| 130|0x0000000088200000, 0x0000000088200000, 0x0000000088300000|  0%| F|  |TAMS 0x0000000088200000, 0x0000000088200000| Untracked 
| 131|0x0000000088300000, 0x0000000088300000, 0x0000000088400000|  0%| F|  |TAMS 0x0000000088300000, 0x0000000088300000| Untracked 
| 132|0x0000000088400000, 0x0000000088400000, 0x0000000088500000|  0%| F|  |TAMS 0x0000000088400000, 0x0000000088400000| Untracked 
| 133|0x0000000088500000, 0x0000000088500000, 0x0000000088600000|  0%| F|  |TAMS 0x0000000088500000, 0x0000000088500000| Untracked 
| 134|0x0000000088600000, 0x0000000088600000, 0x0000000088700000|  0%| F|  |TAMS 0x0000000088600000, 0x0000000088600000| Untracked 
| 135|0x0000000088700000, 0x0000000088700000, 0x0000000088800000|  0%| F|  |TAMS 0x0000000088700000, 0x0000000088700000| Untracked 
| 136|0x0000000088800000, 0x0000000088800000, 0x0000000088900000|  0%| F|  |TAMS 0x0000000088800000, 0x0000000088800000| Untracked 
| 137|0x0000000088900000, 0x0000000088900000, 0x0000000088a00000|  0%| F|  |TAMS 0x0000000088900000, 0x0000000088900000| Untracked 
| 138|0x0000000088a00000, 0x0000000088a00000, 0x0000000088b00000|  0%| F|  |TAMS 0x0000000088a00000, 0x0000000088a00000| Untracked 
| 139|0x0000000088b00000, 0x0000000088b00000, 0x0000000088c00000|  0%| F|  |TAMS 0x0000000088b00000, 0x0000000088b00000| Untracked 
| 140|0x0000000088c00000, 0x0000000088c00000, 0x0000000088d00000|  0%| F|  |TAMS 0x0000000088c00000, 0x0000000088c00000| Untracked 
| 141|0x0000000088d00000, 0x0000000088d00000, 0x0000000088e00000|  0%| F|  |TAMS 0x0000000088d00000, 0x0000000088d00000| Untracked 
| 142|0x0000000088e00000, 0x0000000088e00000, 0x0000000088f00000|  0%| F|  |TAMS 0x0000000088e00000, 0x0000000088e00000| Untracked 
| 143|0x0000000088f00000, 0x0000000088f00000, 0x0000000089000000|  0%| F|  |TAMS 0x0000000088f00000, 0x0000000088f00000| Untracked 
| 144|0x0000000089000000, 0x0000000089000000, 0x0000000089100000|  0%| F|  |TAMS 0x0000000089000000, 0x0000000089000000| Untracked 
| 145|0x0000000089100000, 0x0000000089100000, 0x0000000089200000|  0%| F|  |TAMS 0x0000000089100000, 0x0000000089100000| Untracked 
| 146|0x0000000089200000, 0x0000000089200000, 0x0000000089300000|  0%| F|  |TAMS 0x0000000089200000, 0x0000000089200000| Untracked 
| 147|0x0000000089300000, 0x0000000089300000, 0x0000000089400000|  0%| F|  |TAMS 0x0000000089300000, 0x0000000089300000| Untracked 
| 148|0x0000000089400000, 0x0000000089400000, 0x0000000089500000|  0%| F|  |TAMS 0x0000000089400000, 0x0000000089400000| Untracked 
| 149|0x0000000089500000, 0x0000000089500000, 0x0000000089600000|  0%| F|  |TAMS 0x0000000089500000, 0x0000000089500000| Untracked 
| 150|0x0000000089600000, 0x0000000089600000, 0x0000000089700000|  0%| F|  |TAMS 0x0000000089600000, 0x0000000089600000| Untracked 
| 151|0x0000000089700000, 0x0000000089700000, 0x0000000089800000|  0%| F|  |TAMS 0x0000000089700000, 0x0000000089700000| Untracked 
| 152|0x0000000089800000, 0x0000000089800000, 0x0000000089900000|  0%| F|  |TAMS 0x0000000089800000, 0x0000000089800000| Untracked 
| 153|0x0000000089900000, 0x0000000089900000, 0x0000000089a00000|  0%| F|  |TAMS 0x0000000089900000, 0x0000000089900000| Untracked 
| 154|0x0000000089a00000, 0x0000000089a00000, 0x0000000089b00000|  0%| F|  |TAMS 0x0000000089a00000, 0x0000000089a00000| Untracked 
| 155|0x0000000089b00000, 0x0000000089b00000, 0x0000000089c00000|  0%| F|  |TAMS 0x0000000089b00000, 0x0000000089b00000| Untracked 
| 156|0x0000000089c00000, 0x0000000089c00000, 0x0000000089d00000|  0%| F|  |TAMS 0x0000000089c00000, 0x0000000089c00000| Untracked 
| 157|0x0000000089d00000, 0x0000000089d00000, 0x0000000089e00000|  0%| F|  |TAMS 0x0000000089d00000, 0x0000000089d00000| Untracked 
| 158|0x0000000089e00000, 0x0000000089e00000, 0x0000000089f00000|  0%| F|  |TAMS 0x0000000089e00000, 0x0000000089e00000| Untracked 
| 159|0x0000000089f00000, 0x0000000089f00000, 0x000000008a000000|  0%| F|  |TAMS 0x0000000089f00000, 0x0000000089f00000| Untracked 
| 160|0x000000008a000000, 0x000000008a000000, 0x000000008a100000|  0%| F|  |TAMS 0x000000008a000000, 0x000000008a000000| Untracked 
| 161|0x000000008a100000, 0x000000008a100000, 0x000000008a200000|  0%| F|  |TAMS 0x000000008a100000, 0x000000008a100000| Untracked 
| 162|0x000000008a200000, 0x000000008a200000, 0x000000008a300000|  0%| F|  |TAMS 0x000000008a200000, 0x000000008a200000| Untracked 
| 163|0x000000008a300000, 0x000000008a300000, 0x000000008a400000|  0%| F|  |TAMS 0x000000008a300000, 0x000000008a300000| Untracked 
| 164|0x000000008a400000, 0x000000008a400000, 0x000000008a500000|  0%| F|  |TAMS 0x000000008a400000, 0x000000008a400000| Untracked 
| 165|0x000000008a500000, 0x000000008a500000, 0x000000008a600000|  0%| F|  |TAMS 0x000000008a500000, 0x000000008a500000| Untracked 
| 166|0x000000008a600000, 0x000000008a600000, 0x000000008a700000|  0%| F|  |TAMS 0x000000008a600000, 0x000000008a600000| Untracked 
| 167|0x000000008a700000, 0x000000008a700000, 0x000000008a800000|  0%| F|  |TAMS 0x000000008a700000, 0x000000008a700000| Untracked 
| 168|0x000000008a800000, 0x000000008a800000, 0x000000008a900000|  0%| F|  |TAMS 0x000000008a800000, 0x000000008a800000| Untracked 
| 169|0x000000008a900000, 0x000000008a900000, 0x000000008aa00000|  0%| F|  |TAMS 0x000000008a900000, 0x000000008a900000| Untracked 
| 170|0x000000008aa00000, 0x000000008aa00000, 0x000000008ab00000|  0%| F|  |TAMS 0x000000008aa00000, 0x000000008aa00000| Untracked 
| 171|0x000000008ab00000, 0x000000008ab00000, 0x000000008ac00000|  0%| F|  |TAMS 0x000000008ab00000, 0x000000008ab00000| Untracked 
| 172|0x000000008ac00000, 0x000000008ac00000, 0x000000008ad00000|  0%| F|  |TAMS 0x000000008ac00000, 0x000000008ac00000| Untracked 
| 173|0x000000008ad00000, 0x000000008ad00000, 0x000000008ae00000|  0%| F|  |TAMS 0x000000008ad00000, 0x000000008ad00000| Untracked 
| 174|0x000000008ae00000, 0x000000008ae00000, 0x000000008af00000|  0%| F|  |TAMS 0x000000008ae00000, 0x000000008ae00000| Untracked 
| 175|0x000000008af00000, 0x000000008af00000, 0x000000008b000000|  0%| F|  |TAMS 0x000000008af00000, 0x000000008af00000| Untracked 
| 176|0x000000008b000000, 0x000000008b000000, 0x000000008b100000|  0%| F|  |TAMS 0x000000008b000000, 0x000000008b000000| Untracked 
| 177|0x000000008b100000, 0x000000008b100000, 0x000000008b200000|  0%| F|  |TAMS 0x000000008b100000, 0x000000008b100000| Untracked 
| 178|0x000000008b200000, 0x000000008b200000, 0x000000008b300000|  0%| F|  |TAMS 0x000000008b200000, 0x000000008b200000| Untracked 
| 179|0x000000008b300000, 0x000000008b300000, 0x000000008b400000|  0%| F|  |TAMS 0x000000008b300000, 0x000000008b300000| Untracked 
| 180|0x000000008b400000, 0x000000008b4bd800, 0x000000008b500000| 74%| S|CS|TAMS 0x000000008b400000, 0x000000008b400000| Complete 
| 181|0x000000008b500000, 0x000000008b500000, 0x000000008b600000|  0%| F|  |TAMS 0x000000008b500000, 0x000000008b500000| Untracked 
| 182|0x000000008b600000, 0x000000008b600000, 0x000000008b700000|  0%| F|  |TAMS 0x000000008b600000, 0x000000008b600000| Untracked 
| 183|0x000000008b700000, 0x000000008b700000, 0x000000008b800000|  0%| F|  |TAMS 0x000000008b700000, 0x000000008b700000| Untracked 
| 184|0x000000008b800000, 0x000000008b800000, 0x000000008b900000|  0%| F|  |TAMS 0x000000008b800000, 0x000000008b800000| Untracked 
| 185|0x000000008b900000, 0x000000008b900000, 0x000000008ba00000|  0%| F|  |TAMS 0x000000008b900000, 0x000000008b900000| Untracked 
| 186|0x000000008ba00000, 0x000000008ba00000, 0x000000008bb00000|  0%| F|  |TAMS 0x000000008ba00000, 0x000000008ba00000| Untracked 
| 187|0x000000008bb00000, 0x000000008bb00000, 0x000000008bc00000|  0%| F|  |TAMS 0x000000008bb00000, 0x000000008bb00000| Untracked 
| 188|0x000000008bc00000, 0x000000008bc00000, 0x000000008bd00000|  0%| F|  |TAMS 0x000000008bc00000, 0x000000008bc00000| Untracked 
| 189|0x000000008bd00000, 0x000000008bd00000, 0x000000008be00000|  0%| F|  |TAMS 0x000000008bd00000, 0x000000008bd00000| Untracked 
| 190|0x000000008be00000, 0x000000008be00000, 0x000000008bf00000|  0%| F|  |TAMS 0x000000008be00000, 0x000000008be00000| Untracked 
| 191|0x000000008bf00000, 0x000000008bf00000, 0x000000008c000000|  0%| F|  |TAMS 0x000000008bf00000, 0x000000008bf00000| Untracked 
| 192|0x000000008c000000, 0x000000008c000000, 0x000000008c100000|  0%| F|  |TAMS 0x000000008c000000, 0x000000008c000000| Untracked 
| 193|0x000000008c100000, 0x000000008c100000, 0x000000008c200000|  0%| F|  |TAMS 0x000000008c100000, 0x000000008c100000| Untracked 
| 194|0x000000008c200000, 0x000000008c200000, 0x000000008c300000|  0%| F|  |TAMS 0x000000008c200000, 0x000000008c200000| Untracked 
| 195|0x000000008c300000, 0x000000008c300000, 0x000000008c400000|  0%| F|  |TAMS 0x000000008c300000, 0x000000008c300000| Untracked 
| 196|0x000000008c400000, 0x000000008c400000, 0x000000008c500000|  0%| F|  |TAMS 0x000000008c400000, 0x000000008c400000| Untracked 
| 197|0x000000008c500000, 0x000000008c500000, 0x000000008c600000|  0%| F|  |TAMS 0x000000008c500000, 0x000000008c500000| Untracked 
| 198|0x000000008c600000, 0x000000008c600000, 0x000000008c700000|  0%| F|  |TAMS 0x000000008c600000, 0x000000008c600000| Untracked 
| 199|0x000000008c700000, 0x000000008c700000, 0x000000008c800000|  0%| F|  |TAMS 0x000000008c700000, 0x000000008c700000| Untracked 
| 200|0x000000008c800000, 0x000000008c800000, 0x000000008c900000|  0%| F|  |TAMS 0x000000008c800000, 0x000000008c800000| Untracked 
| 201|0x000000008c900000, 0x000000008c900000, 0x000000008ca00000|  0%| F|  |TAMS 0x000000008c900000, 0x000000008c900000| Untracked 
| 202|0x000000008ca00000, 0x000000008ca00000, 0x000000008cb00000|  0%| F|  |TAMS 0x000000008ca00000, 0x000000008ca00000| Untracked 
| 203|0x000000008cb00000, 0x000000008cb00000, 0x000000008cc00000|  0%| F|  |TAMS 0x000000008cb00000, 0x000000008cb00000| Untracked 
| 204|0x000000008cc00000, 0x000000008cc00000, 0x000000008cd00000|  0%| F|  |TAMS 0x000000008cc00000, 0x000000008cc00000| Untracked 
| 205|0x000000008cd00000, 0x000000008cd00000, 0x000000008ce00000|  0%| F|  |TAMS 0x000000008cd00000, 0x000000008cd00000| Untracked 
| 206|0x000000008ce00000, 0x000000008ce00000, 0x000000008cf00000|  0%| F|  |TAMS 0x000000008ce00000, 0x000000008ce00000| Untracked 
| 207|0x000000008cf00000, 0x000000008cf00000, 0x000000008d000000|  0%| F|  |TAMS 0x000000008cf00000, 0x000000008cf00000| Untracked 
| 208|0x000000008d000000, 0x000000008d000000, 0x000000008d100000|  0%| F|  |TAMS 0x000000008d000000, 0x000000008d000000| Untracked 
| 209|0x000000008d100000, 0x000000008d100000, 0x000000008d200000|  0%| F|  |TAMS 0x000000008d100000, 0x000000008d100000| Untracked 
| 210|0x000000008d200000, 0x000000008d200000, 0x000000008d300000|  0%| F|  |TAMS 0x000000008d200000, 0x000000008d200000| Untracked 
| 211|0x000000008d300000, 0x000000008d300000, 0x000000008d400000|  0%| F|  |TAMS 0x000000008d300000, 0x000000008d300000| Untracked 
| 212|0x000000008d400000, 0x000000008d400000, 0x000000008d500000|  0%| F|  |TAMS 0x000000008d400000, 0x000000008d400000| Untracked 
| 213|0x000000008d500000, 0x000000008d500000, 0x000000008d600000|  0%| F|  |TAMS 0x000000008d500000, 0x000000008d500000| Untracked 
| 214|0x000000008d600000, 0x000000008d600000, 0x000000008d700000|  0%| F|  |TAMS 0x000000008d600000, 0x000000008d600000| Untracked 
| 215|0x000000008d700000, 0x000000008d700000, 0x000000008d800000|  0%| F|  |TAMS 0x000000008d700000, 0x000000008d700000| Untracked 
| 216|0x000000008d800000, 0x000000008d800000, 0x000000008d900000|  0%| F|  |TAMS 0x000000008d800000, 0x000000008d800000| Untracked 
| 217|0x000000008d900000, 0x000000008d900000, 0x000000008da00000|  0%| F|  |TAMS 0x000000008d900000, 0x000000008d900000| Untracked 
| 218|0x000000008da00000, 0x000000008da00000, 0x000000008db00000|  0%| F|  |TAMS 0x000000008da00000, 0x000000008da00000| Untracked 
| 219|0x000000008db00000, 0x000000008db00000, 0x000000008dc00000|  0%| F|  |TAMS 0x000000008db00000, 0x000000008db00000| Untracked 
| 220|0x000000008dc00000, 0x000000008dc00000, 0x000000008dd00000|  0%| F|  |TAMS 0x000000008dc00000, 0x000000008dc00000| Untracked 
| 221|0x000000008dd00000, 0x000000008dd00000, 0x000000008de00000|  0%| F|  |TAMS 0x000000008dd00000, 0x000000008dd00000| Untracked 
| 222|0x000000008de00000, 0x000000008de00000, 0x000000008df00000|  0%| F|  |TAMS 0x000000008de00000, 0x000000008de00000| Untracked 
| 223|0x000000008df00000, 0x000000008df00000, 0x000000008e000000|  0%| F|  |TAMS 0x000000008df00000, 0x000000008df00000| Untracked 

Card table byte_map: [0x0000021ad3eb0000,0x0000021ad42b0000] _byte_map_base: 0x0000021ad3ab0000

Marking Bits (Prev, Next): (CMBitMap*) 0x0000021ac1637620, (CMBitMap*) 0x0000021ac16375e0
 Prev Bits: [0x0000021ad66b0000, 0x0000021ad86b0000)
 Next Bits: [0x0000021ad46b0000, 0x0000021ad66b0000)

Polling page: 0x0000021abf550000

Metaspace:

Usage:
  Non-class:     79.98 MB used.
      Class:     12.59 MB used.
       Both:     92.57 MB used.

Virtual space:
  Non-class space:       88.00 MB reserved,      80.38 MB ( 91%) committed,  11 nodes.
      Class space:        1.00 GB reserved,      12.88 MB (  1%) committed,  1 nodes.
             Both:        1.09 GB reserved,      93.25 MB (  8%) committed. 

Chunk freelists:
   Non-Class:  3.30 MB
       Class:  3.06 MB
        Both:  6.36 MB

MaxMetaspaceSize: unlimited
CompressedClassSpaceSize: 1.00 GB
Initial GC threshold: 21.00 MB
Current GC threshold: 145.88 MB
CDS: off
MetaspaceReclaimPolicy: balanced
 - commit_granule_bytes: 65536.
 - commit_granule_words: 8192.
 - virtual_space_node_default_size: 1048576.
 - enlarge_chunks_in_place: 1.
 - new_chunks_are_fully_committed: 0.
 - uncommit_free_chunks: 1.
 - use_allocation_guard: 0.
 - handle_deallocations: 1.


Internal statistics:

num_allocs_failed_limit: 6.
num_arena_births: 918.
num_arena_deaths: 6.
num_vsnodes_births: 12.
num_vsnodes_deaths: 0.
num_space_committed: 1492.
num_space_uncommitted: 0.
num_chunks_returned_to_freelist: 12.
num_chunks_taken_from_freelist: 4496.
num_chunk_merges: 8.
num_chunk_splits: 2908.
num_chunks_enlarged: 1867.
num_purges: 2.
num_inconsistent_stats: 0.

CodeHeap 'non-profiled nmethods': size=120000Kb used=5765Kb max_used=5765Kb free=114234Kb
 bounds [0x0000021acc580000, 0x0000021accb30000, 0x0000021ad3ab0000]
CodeHeap 'profiled nmethods': size=120000Kb used=19034Kb max_used=19920Kb free=100965Kb
 bounds [0x0000021ac4ab0000, 0x0000021ac5e40000, 0x0000021acbfe0000]
CodeHeap 'non-nmethods': size=5760Kb used=2393Kb max_used=2434Kb free=3366Kb
 bounds [0x0000021acbfe0000, 0x0000021acc250000, 0x0000021acc580000]
 total_blobs=10730 nmethods=9805 adapters=837
 compilation: enabled
              stopped_count=0, restarted_count=0
 full_count=0

Compilation events (20 events):
Event: 13.305 Thread 0x0000021adb46e160 nmethod 11514 0x0000021ac55a3d90 code [0x0000021ac55a3fa0, 0x0000021ac55a4878]
Event: 13.305 Thread 0x0000021adb46e160 11515       3       com.android.tools.r8.internal.Gw::c (4 bytes)
Event: 13.306 Thread 0x0000021adb46e160 nmethod 11515 0x0000021ac5b39110 code [0x0000021ac5b392a0, 0x0000021ac5b39398]
Event: 13.306 Thread 0x0000021adb46e160 11516       3       com.android.tools.r8.internal.s::hasNext (17 bytes)
Event: 13.306 Thread 0x0000021adb46e160 nmethod 11516 0x0000021ac5b38d90 code [0x0000021ac5b38f20, 0x0000021ac5b39098]
Event: 13.306 Thread 0x0000021adb46e160 11517       1       kotlin.reflect.jvm.internal.impl.name.Name::toString (5 bytes)
Event: 13.307 Thread 0x0000021adb46e160 nmethod 11517 0x0000021acc735c10 code [0x0000021acc735da0, 0x0000021acc735e78]
Event: 13.308 Thread 0x0000021adb46e160 11518       3       kotlin.collections.ArraysKt___ArraysKt::getOrNull (29 bytes)
Event: 13.309 Thread 0x0000021adb46e160 nmethod 11518 0x0000021ac5b3af10 code [0x0000021ac5b3b1e0, 0x0000021ac5b3bf78]
Event: 13.309 Thread 0x0000021adb46e160 11519       3       kotlin.collections.ArraysKt___ArraysKt::getLastIndex (11 bytes)
Event: 13.309 Thread 0x0000021adb46e160 nmethod 11519 0x0000021ac536a010 code [0x0000021ac536a220, 0x0000021ac536a798]
Event: 13.309 Thread 0x0000021adb46e160 11520       3       kotlin.reflect.jvm.internal.impl.storage.StorageKt::getValue (19 bytes)
Event: 13.309 Thread 0x0000021adb46e160 nmethod 11520 0x0000021ac50f1290 code [0x0000021ac50f1520, 0x0000021ac50f1fc8]
Event: 13.310 Thread 0x0000021adb46e160 11521       1       com.android.tools.r8.graph.Z1::C0 (5 bytes)
Event: 13.310 Thread 0x0000021adb46e160 nmethod 11521 0x0000021acc735910 code [0x0000021acc735aa0, 0x0000021acc735b78]
Event: 13.310 Thread 0x0000021adb46e160 11522       1       kotlin.reflect.jvm.internal.impl.metadata.ProtoBuf$Modality::getNumber (5 bytes)
Event: 13.310 Thread 0x0000021adb46e160 nmethod 11522 0x0000021acc735610 code [0x0000021acc7357a0, 0x0000021acc735878]
Event: 13.310 Thread 0x0000021adb46e160 11523       3       kotlin.reflect.jvm.internal.impl.metadata.ProtoBuf$VersionRequirementTable::getDefaultInstance (4 bytes)
Event: 13.310 Thread 0x0000021adb46e160 nmethod 11523 0x0000021ac5369c10 code [0x0000021ac5369da0, 0x0000021ac5369e98]
Event: 13.310 Thread 0x0000021adb46e160 11524   !   3       kotlin.reflect.jvm.internal.impl.metadata.ProtoBuf$Class::<init> (2853 bytes)

GC Heap History (20 events):
Event: 9.375 GC heap after
{Heap after GC invocations=26 (full 0):
 garbage-first heap   total 135168K, used 62978K [0x0000000080000000, 0x0000000100000000)
  region size 1024K, 6 young (6144K), 6 survivors (6144K)
 Metaspace       used 77741K, committed 78336K, reserved 1122304K
  class space    used 10586K, committed 10880K, reserved 1048576K
}
Event: 9.965 GC heap before
{Heap before GC invocations=26 (full 0):
 garbage-first heap   total 135168K, used 104962K [0x0000000080000000, 0x0000000100000000)
  region size 1024K, 47 young (48128K), 6 survivors (6144K)
 Metaspace       used 81778K, committed 82432K, reserved 1122304K
  class space    used 11133K, committed 11456K, reserved 1048576K
}
Event: 9.975 GC heap after
{Heap after GC invocations=27 (full 0):
 garbage-first heap   total 135168K, used 66922K [0x0000000080000000, 0x0000000100000000)
  region size 1024K, 4 young (4096K), 4 survivors (4096K)
 Metaspace       used 81778K, committed 82432K, reserved 1122304K
  class space    used 11133K, committed 11456K, reserved 1048576K
}
Event: 10.202 GC heap before
{Heap before GC invocations=27 (full 0):
 garbage-first heap   total 135168K, used 105834K [0x0000000080000000, 0x0000000100000000)
  region size 1024K, 42 young (43008K), 4 survivors (4096K)
 Metaspace       used 81942K, committed 82624K, reserved 1122304K
  class space    used 11148K, committed 11456K, reserved 1048576K
}
Event: 10.213 GC heap after
{Heap after GC invocations=28 (full 0):
 garbage-first heap   total 135168K, used 73238K [0x0000000080000000, 0x0000000100000000)
  region size 1024K, 6 young (6144K), 6 survivors (6144K)
 Metaspace       used 81942K, committed 82624K, reserved 1122304K
  class space    used 11148K, committed 11456K, reserved 1048576K
}
Event: 10.895 GC heap before
{Heap before GC invocations=29 (full 0):
 garbage-first heap   total 135168K, used 106006K [0x0000000080000000, 0x0000000100000000)
  region size 1024K, 39 young (39936K), 6 survivors (6144K)
 Metaspace       used 84353K, committed 84992K, reserved 1130496K
  class space    used 11597K, committed 11904K, reserved 1048576K
}
Event: 10.903 GC heap after
{Heap after GC invocations=30 (full 0):
 garbage-first heap   total 135168K, used 78587K [0x0000000080000000, 0x0000000100000000)
  region size 1024K, 5 young (5120K), 5 survivors (5120K)
 Metaspace       used 84353K, committed 84992K, reserved 1130496K
  class space    used 11597K, committed 11904K, reserved 1048576K
}
Event: 10.915 GC heap before
{Heap before GC invocations=30 (full 0):
 garbage-first heap   total 135168K, used 79611K [0x0000000080000000, 0x0000000100000000)
  region size 1024K, 6 young (6144K), 5 survivors (5120K)
 Metaspace       used 84354K, committed 84992K, reserved 1130496K
  class space    used 11597K, committed 11904K, reserved 1048576K
}
Event: 10.922 GC heap after
{Heap after GC invocations=31 (full 0):
 garbage-first heap   total 162816K, used 79045K [0x0000000080000000, 0x0000000100000000)
  region size 1024K, 1 young (1024K), 1 survivors (1024K)
 Metaspace       used 84354K, committed 84992K, reserved 1130496K
  class space    used 11597K, committed 11904K, reserved 1048576K
}
Event: 11.679 GC heap before
{Heap before GC invocations=31 (full 0):
 garbage-first heap   total 162816K, used 128197K [0x0000000080000000, 0x0000000100000000)
  region size 1024K, 50 young (51200K), 1 survivors (1024K)
 Metaspace       used 84903K, committed 85504K, reserved 1130496K
  class space    used 11632K, committed 11904K, reserved 1048576K
}
Event: 11.687 GC heap after
{Heap after GC invocations=32 (full 0):
 garbage-first heap   total 162816K, used 83141K [0x0000000080000000, 0x0000000100000000)
  region size 1024K, 5 young (5120K), 5 survivors (5120K)
 Metaspace       used 84903K, committed 85504K, reserved 1130496K
  class space    used 11632K, committed 11904K, reserved 1048576K
}
Event: 12.229 GC heap before
{Heap before GC invocations=33 (full 0):
 garbage-first heap   total 162816K, used 128197K [0x0000000080000000, 0x0000000100000000)
  region size 1024K, 50 young (51200K), 5 survivors (5120K)
 Metaspace       used 85379K, committed 86016K, reserved 1130496K
  class space    used 11659K, committed 11968K, reserved 1048576K
}
Event: 12.236 GC heap after
{Heap after GC invocations=34 (full 0):
 garbage-first heap   total 162816K, used 86391K [0x0000000080000000, 0x0000000100000000)
  region size 1024K, 5 young (5120K), 5 survivors (5120K)
 Metaspace       used 85379K, committed 86016K, reserved 1130496K
  class space    used 11659K, committed 11968K, reserved 1048576K
}
Event: 12.269 GC heap before
{Heap before GC invocations=34 (full 0):
 garbage-first heap   total 162816K, used 87415K [0x0000000080000000, 0x0000000100000000)
  region size 1024K, 7 young (7168K), 5 survivors (5120K)
 Metaspace       used 85632K, committed 86272K, reserved 1130496K
  class space    used 11717K, committed 12032K, reserved 1048576K
}
Event: 12.274 GC heap after
{Heap after GC invocations=35 (full 0):
 garbage-first heap   total 162816K, used 86019K [0x0000000080000000, 0x0000000100000000)
  region size 1024K, 1 young (1024K), 1 survivors (1024K)
 Metaspace       used 85632K, committed 86272K, reserved 1130496K
  class space    used 11717K, committed 12032K, reserved 1048576K
}
Event: 12.757 GC heap before
{Heap before GC invocations=35 (full 0):
 garbage-first heap   total 162816K, used 130051K [0x0000000080000000, 0x0000000100000000)
  region size 1024K, 45 young (46080K), 1 survivors (1024K)
 Metaspace       used 88547K, committed 89216K, reserved 1130496K
  class space    used 12068K, committed 12352K, reserved 1048576K
}
Event: 12.761 GC heap after
{Heap after GC invocations=36 (full 0):
 garbage-first heap   total 162816K, used 88778K [0x0000000080000000, 0x0000000100000000)
  region size 1024K, 4 young (4096K), 4 survivors (4096K)
 Metaspace       used 88547K, committed 89216K, reserved 1130496K
  class space    used 12068K, committed 12352K, reserved 1048576K
}
Event: 13.277 GC heap before
{Heap before GC invocations=37 (full 0):
 garbage-first heap   total 162816K, used 130762K [0x0000000080000000, 0x0000000100000000)
  region size 1024K, 46 young (47104K), 4 survivors (4096K)
 Metaspace       used 94591K, committed 95296K, reserved 1138688K
  class space    used 12860K, committed 13184K, reserved 1048576K
}
Event: 13.284 GC heap after
{Heap after GC invocations=38 (full 0):
 garbage-first heap   total 162816K, used 93357K [0x0000000080000000, 0x0000000100000000)
  region size 1024K, 5 young (5120K), 5 survivors (5120K)
 Metaspace       used 94591K, committed 95296K, reserved 1138688K
  class space    used 12860K, committed 13184K, reserved 1048576K
}
Event: 13.315 GC heap before
{Heap before GC invocations=38 (full 0):
 garbage-first heap   total 162816K, used 95405K [0x0000000080000000, 0x0000000100000000)
  region size 1024K, 7 young (7168K), 5 survivors (5120K)
 Metaspace       used 94795K, committed 95488K, reserved 1138688K
  class space    used 12896K, committed 13184K, reserved 1048576K
}

Dll operation events (2 events):
Event: 0.007 Loaded shared library C:\Program Files\Android\Android Studio\jbr\bin\java.dll
Event: 0.424 Loaded shared library C:\Program Files\Android\Android Studio\jbr\bin\verify.dll

Deoptimization events (20 events):
Event: 13.139 Thread 0x0000021adc781560 DEOPT PACKING pc=0x0000021acc9f4fc4 sp=0x000000267f9fcf10
Event: 13.139 Thread 0x0000021adc781560 DEOPT UNPACKING pc=0x0000021acc0369a3 sp=0x000000267f9fcee0 mode 2
Event: 13.186 Thread 0x0000021adc7858c0 Uncommon trap: trap_request=0xffffffde fr.pc=0x0000021acc81ad78 relative=0x0000000000000498
Event: 13.186 Thread 0x0000021adc7858c0 Uncommon trap: reason=class_check action=maybe_recompile pc=0x0000021acc81ad78 method=kotlin.reflect.jvm.internal.impl.protobuf.CodedInputStream.tryRefillBuffer(I)Z @ 175 c2
Event: 13.186 Thread 0x0000021adc7858c0 DEOPT PACKING pc=0x0000021acc81ad78 sp=0x000000267f8fc040
Event: 13.186 Thread 0x0000021adc7858c0 DEOPT UNPACKING pc=0x0000021acc0369a3 sp=0x000000267f8fbf28 mode 2
Event: 13.189 Thread 0x0000021adc7858c0 Uncommon trap: trap_request=0xffffffde fr.pc=0x0000021acc81ad78 relative=0x0000000000000498
Event: 13.189 Thread 0x0000021adc7858c0 Uncommon trap: reason=class_check action=maybe_recompile pc=0x0000021acc81ad78 method=kotlin.reflect.jvm.internal.impl.protobuf.CodedInputStream.tryRefillBuffer(I)Z @ 175 c2
Event: 13.189 Thread 0x0000021adc7858c0 DEOPT PACKING pc=0x0000021acc81ad78 sp=0x000000267f8fc040
Event: 13.189 Thread 0x0000021adc7858c0 DEOPT UNPACKING pc=0x0000021acc0369a3 sp=0x000000267f8fbf28 mode 2
Event: 13.189 Thread 0x0000021adc7858c0 Uncommon trap: trap_request=0xffffffde fr.pc=0x0000021acc81ad78 relative=0x0000000000000498
Event: 13.189 Thread 0x0000021adc7858c0 Uncommon trap: reason=class_check action=maybe_recompile pc=0x0000021acc81ad78 method=kotlin.reflect.jvm.internal.impl.protobuf.CodedInputStream.tryRefillBuffer(I)Z @ 175 c2
Event: 13.189 Thread 0x0000021adc7858c0 DEOPT PACKING pc=0x0000021acc81ad78 sp=0x000000267f8fc140
Event: 13.189 Thread 0x0000021adc7858c0 DEOPT UNPACKING pc=0x0000021acc0369a3 sp=0x000000267f8fc028 mode 2
Event: 13.190 Thread 0x0000021adc7858c0 Uncommon trap: trap_request=0xffffffde fr.pc=0x0000021acc81ad78 relative=0x0000000000000498
Event: 13.191 Thread 0x0000021adc7858c0 Uncommon trap: reason=class_check action=maybe_recompile pc=0x0000021acc81ad78 method=kotlin.reflect.jvm.internal.impl.protobuf.CodedInputStream.tryRefillBuffer(I)Z @ 175 c2
Event: 13.191 Thread 0x0000021adc7858c0 DEOPT PACKING pc=0x0000021acc81ad78 sp=0x000000267f8fc140
Event: 13.191 Thread 0x0000021adc7858c0 DEOPT UNPACKING pc=0x0000021acc0369a3 sp=0x000000267f8fc028 mode 2
Event: 13.304 Thread 0x0000021adc781560 DEOPT PACKING pc=0x0000021ac5df7871 sp=0x000000267f9fccc0
Event: 13.304 Thread 0x0000021adc781560 DEOPT UNPACKING pc=0x0000021acc037143 sp=0x000000267f9fc1d0 mode 0

Classes unloaded (3 events):
Event: 11.797 Thread 0x0000021adab83450 Unloading class 0x0000000100b9cc00 'java/lang/invoke/LambdaForm$DMH+0x0000000100b9cc00'
Event: 11.797 Thread 0x0000021adab83450 Unloading class 0x0000000100b9c800 'java/lang/invoke/LambdaForm$DMH+0x0000000100b9c800'
Event: 11.797 Thread 0x0000021adab83450 Unloading class 0x0000000100b9c000 'java/lang/invoke/LambdaForm$DMH+0x0000000100b9c000'

Classes redefined (0 events):
No events

Internal exceptions (20 events):
Event: 12.295 Thread 0x0000021adc77f3b0 Exception <a 'sun/nio/fs/WindowsException'{0x000000008b58a438}> (0x000000008b58a438) 
thrown [s\src\hotspot\share\prims\jni.cpp, line 517]
Event: 12.295 Thread 0x0000021adc77f3b0 Exception <a 'sun/nio/fs/WindowsException'{0x000000008b58a888}> (0x000000008b58a888) 
thrown [s\src\hotspot\share\prims\jni.cpp, line 517]
Event: 12.295 Thread 0x0000021adc77f3b0 Exception <a 'sun/nio/fs/WindowsException'{0x000000008b58cbd0}> (0x000000008b58cbd0) 
thrown [s\src\hotspot\share\prims\jni.cpp, line 517]
Event: 12.295 Thread 0x0000021adc77f3b0 Exception <a 'sun/nio/fs/WindowsException'{0x000000008b58dd10}> (0x000000008b58dd10) 
thrown [s\src\hotspot\share\prims\jni.cpp, line 517]
Event: 12.295 Thread 0x0000021adc77f3b0 Exception <a 'sun/nio/fs/WindowsException'{0x000000008b58dd80}> (0x000000008b58dd80) 
thrown [s\src\hotspot\share\prims\jni.cpp, line 517]
Event: 12.295 Thread 0x0000021adc77f3b0 Exception <a 'sun/nio/fs/WindowsException'{0x000000008b58e140}> (0x000000008b58e140) 
thrown [s\src\hotspot\share\prims\jni.cpp, line 517]
Event: 12.295 Thread 0x0000021adc77f3b0 Exception <a 'sun/nio/fs/WindowsException'{0x000000008b5904a0}> (0x000000008b5904a0) 
thrown [s\src\hotspot\share\prims\jni.cpp, line 517]
Event: 12.313 Thread 0x0000021adc77f3b0 Exception <a 'java/lang/NoSuchMethodError'{0x000000008b202908}: static Lcom/android/builder/internal/aapt/AaptOptions;.<clinit>()V> (0x000000008b202908) 
thrown [s\src\hotspot\share\prims\jni.cpp, line 1108]
Event: 12.316 Thread 0x0000021adc77f3b0 Exception <a 'java/lang/NoSuchMethodError'{0x000000008b23c0c8}: static [Ljava/lang/Object;.<clinit>()V> (0x000000008b23c0c8) 
thrown [s\src\hotspot\share\prims\jni.cpp, line 1108]
Event: 12.317 Thread 0x0000021adc77f3b0 Exception <a 'java/lang/NoSuchMethodError'{0x000000008b24e3a8}: static Ljava/lang/Object;.<clinit>()V> (0x000000008b24e3a8) 
thrown [s\src\hotspot\share\prims\jni.cpp, line 1108]
Event: 12.318 Thread 0x0000021adc77f3b0 Exception <a 'java/lang/NoSuchMethodError'{0x000000008b26dbd8}: static Lcom/android/build/api/variant/impl/VariantOutputImpl$SerializedForm;.<clinit>()V> (0x000000008b26dbd8) 
thrown [s\src\hotspot\share\prims\jni.cpp, line 1108]
Event: 12.323 Thread 0x0000021adc77f3b0 Exception <a 'java/lang/NoSuchMethodError'{0x000000008b2819b0}: static Lcom/android/build/api/variant/impl/VariantOutputConfigurationImpl;.<clinit>()V> (0x000000008b2819b0) 
thrown [s\src\hotspot\share\prims\jni.cpp, line 1108]
Event: 12.373 Thread 0x0000021adc7823d0 Exception <a 'sun/nio/fs/WindowsException'{0x000000008b154708}> (0x000000008b154708) 
thrown [s\src\hotspot\share\prims\jni.cpp, line 517]
Event: 12.393 Thread 0x0000021adc7823d0 Exception <a 'java/lang/NoSuchMethodError'{0x000000008b095d40}: 'int java.lang.invoke.DirectMethodHandle$Holder.invokeSpecial(java.lang.Object, java.lang.Object, java.lang.Object, java.lang.Object, java.lang.Object)'> (0x000000008b095d40) 
thrown [s\src\hotspot\share\interpreter\linkResolver.cpp, line 771]
Event: 12.498 Thread 0x0000021adc7823d0 Exception <a 'sun/nio/fs/WindowsException'{0x0000000088eeb4d0}> (0x0000000088eeb4d0) 
thrown [s\src\hotspot\share\prims\jni.cpp, line 517]
Event: 12.885 Thread 0x0000021adc77e540 Exception <a 'sun/nio/fs/WindowsException'{0x000000008b3f65d8}> (0x000000008b3f65d8) 
thrown [s\src\hotspot\share\prims\jni.cpp, line 517]
Event: 13.033 Thread 0x0000021adc77e540 Exception <a 'sun/nio/fs/WindowsException'{0x00000000888df338}> (0x00000000888df338) 
thrown [s\src\hotspot\share\prims\jni.cpp, line 517]
Event: 13.176 Thread 0x0000021adc781560 Exception <a 'java/lang/NoSuchMethodError'{0x0000000087dc7400}: 'java.lang.Object java.lang.invoke.DirectMethodHandle$Holder.invokeStaticInit(java.lang.Object, java.lang.Object, java.lang.Object, java.lang.Object, java.lang.Object, java.lang.Object, java.lang.Object, java.lang.Object, java.lang.Object, java.lang.Object, java.lang.Object, java.lang.Object, java.lang.Object, java.lang.Object, java.lang.Object, java.lang.Object, java.lang.Object, java.lang.Object, java.lang.Object, int, java.lang.Object, java
Event: 13.199 Thread 0x0000021adc781560 Exception <a 'java/lang/IncompatibleClassChangeError'{0x0000000087bf60f0}: Found class java.lang.Object, but interface was expected> (0x0000000087bf60f0) 
thrown [s\src\hotspot\share\interpreter\linkResolver.cpp, line 838]
Event: 13.256 Thread 0x0000021adc781560 Exception <a 'java/lang/NoSuchMethodError'{0x00000000876d82b0}: 'java.lang.Object java.lang.invoke.DirectMethodHandle$Holder.newInvokeSpecial(java.lang.Object, long)'> (0x00000000876d82b0) 
thrown [s\src\hotspot\share\interpreter\linkResolver.cpp, line 771]

VM Operations (20 events):
Event: 12.380 Executing VM operation: HandshakeAllThreads done
Event: 12.380 Executing VM operation: HandshakeAllThreads
Event: 12.380 Executing VM operation: HandshakeAllThreads done
Event: 12.515 Executing VM operation: ICBufferFull
Event: 12.515 Executing VM operation: ICBufferFull done
Event: 12.756 Executing VM operation: G1CollectForAllocation
Event: 12.763 Executing VM operation: G1CollectForAllocation done
Event: 12.886 Executing VM operation: G1Concurrent
Event: 12.890 Executing VM operation: G1Concurrent done
Event: 12.943 Executing VM operation: G1Concurrent
Event: 12.944 Executing VM operation: G1Concurrent done
Event: 13.000 Executing VM operation: HandshakeAllThreads
Event: 13.000 Executing VM operation: HandshakeAllThreads done
Event: 13.067 Executing VM operation: HandshakeAllThreads
Event: 13.067 Executing VM operation: HandshakeAllThreads done
Event: 13.186 Executing VM operation: HandshakeAllThreads
Event: 13.186 Executing VM operation: HandshakeAllThreads done
Event: 13.276 Executing VM operation: G1CollectForAllocation
Event: 13.285 Executing VM operation: G1CollectForAllocation done
Event: 13.315 Executing VM operation: G1CollectForAllocation

Events (20 events):
Event: 12.392 Thread 0x0000021adb46ec70 flushing nmethod 0x0000021ac5dc9690
Event: 12.831 Thread 0x0000021adc781560 Thread added: 0x0000021adc781560
Event: 12.937 loading class sun/nio/fs/Globs
Event: 12.937 loading class sun/nio/fs/Globs done
Event: 12.937 loading class java/util/regex/Pattern$SliceU
Event: 12.937 loading class java/util/regex/Pattern$SliceU done
Event: 12.937 loading class sun/nio/fs/WindowsFileSystem$2
Event: 12.937 loading class java/nio/file/PathMatcher
Event: 12.937 loading class java/nio/file/PathMatcher done
Event: 12.937 loading class sun/nio/fs/WindowsFileSystem$2 done
Event: 12.963 loading class java/util/zip/ZipInputStream
Event: 12.963 loading class java/util/zip/ZipInputStream done
Event: 13.027 loading class java/io/UTFDataFormatException
Event: 13.027 loading class java/io/UTFDataFormatException done
Event: 13.126 loading class java/util/concurrent/RejectedExecutionException
Event: 13.126 loading class java/util/concurrent/RejectedExecutionException done
Event: 13.196 loading class java/lang/reflect/GenericSignatureFormatError
Event: 13.197 loading class java/lang/reflect/GenericSignatureFormatError done
Event: 13.208 loading class java/util/ArrayList$SubList$1
Event: 13.208 loading class java/util/ArrayList$SubList$1 done


Dynamic libraries:
0x00007ff6a5be0000 - 0x00007ff6a5bea000 	C:\Program Files\Android\Android Studio\jbr\bin\java.exe
0x00007ffc2edb0000 - 0x00007ffc2efa8000 	C:\WINDOWS\SYSTEM32\ntdll.dll
0x00007ffc2eb10000 - 0x00007ffc2ebcf000 	C:\WINDOWS\System32\KERNEL32.DLL
0x00007ffc2c9c0000 - 0x00007ffc2ccb6000 	C:\WINDOWS\System32\KERNELBASE.dll
0x00007ffc2c8c0000 - 0x00007ffc2c9c0000 	C:\WINDOWS\System32\ucrtbase.dll
0x00007ffc0fc80000 - 0x00007ffc0fc97000 	C:\Program Files\Android\Android Studio\jbr\bin\jli.dll
0x00007ffc107e0000 - 0x00007ffc107fb000 	C:\Program Files\Android\Android Studio\jbr\bin\VCRUNTIME140.dll
0x00007ffc2ebd0000 - 0x00007ffc2ed6d000 	C:\WINDOWS\System32\USER32.dll
0x00007ffc124a0000 - 0x00007ffc1273a000 	C:\WINDOWS\WinSxS\amd64_microsoft.windows.common-controls_6595b64144ccf1df_6.0.19041.1110_none_60b5254171f9507e\COMCTL32.dll
0x00007ffc2c6a0000 - 0x00007ffc2c6c2000 	C:\WINDOWS\System32\win32u.dll
0x00007ffc2ea10000 - 0x00007ffc2ea3c000 	C:\WINDOWS\System32\GDI32.dll
0x00007ffc2d440000 - 0x00007ffc2d4de000 	C:\WINDOWS\System32\msvcrt.dll
0x00007ffc2ccc0000 - 0x00007ffc2cdd5000 	C:\WINDOWS\System32\gdi32full.dll
0x00007ffc2c820000 - 0x00007ffc2c8bd000 	C:\WINDOWS\System32\msvcp_win.dll
0x00007ffc2e0a0000 - 0x00007ffc2e0d0000 	C:\WINDOWS\System32\IMM32.DLL
0x00007ffc1a2b0000 - 0x00007ffc1a2bc000 	C:\Program Files\Android\Android Studio\jbr\bin\vcruntime140_1.dll
0x00007ffc08fd0000 - 0x00007ffc0905d000 	C:\Program Files\Android\Android Studio\jbr\bin\msvcp140.dll
0x00007ffbc8ab0000 - 0x00007ffbc971e000 	C:\Program Files\Android\Android Studio\jbr\bin\server\jvm.dll
0x00007ffc2e200000 - 0x00007ffc2e2af000 	C:\WINDOWS\System32\ADVAPI32.dll
0x00007ffc2ce10000 - 0x00007ffc2ceac000 	C:\WINDOWS\System32\sechost.dll
0x00007ffc2dcf0000 - 0x00007ffc2de16000 	C:\WINDOWS\System32\RPCRT4.dll
0x00007ffc0ae40000 - 0x00007ffc0ae49000 	C:\WINDOWS\SYSTEM32\WSOCK32.dll
0x00007ffc24090000 - 0x00007ffc240b7000 	C:\WINDOWS\SYSTEM32\WINMM.dll
0x00007ffc259b0000 - 0x00007ffc259ba000 	C:\WINDOWS\SYSTEM32\VERSION.dll
0x00007ffc2e940000 - 0x00007ffc2e9ab000 	C:\WINDOWS\System32\WS2_32.dll
0x00007ffc2a350000 - 0x00007ffc2a362000 	C:\WINDOWS\SYSTEM32\kernel.appcore.dll
0x00007ffc28030000 - 0x00007ffc2803a000 	C:\Program Files\Android\Android Studio\jbr\bin\jimage.dll
0x00007ffc25b30000 - 0x00007ffc25d14000 	C:\WINDOWS\SYSTEM32\DBGHELP.DLL
0x00007ffc20360000 - 0x00007ffc20394000 	C:\WINDOWS\SYSTEM32\dbgcore.DLL
0x00007ffc2c6d0000 - 0x00007ffc2c752000 	C:\WINDOWS\System32\bcryptPrimitives.dll
0x00007ffc1d300000 - 0x00007ffc1d325000 	C:\Program Files\Android\Android Studio\jbr\bin\java.dll
0x00007ffc1d010000 - 0x00007ffc1d028000 	C:\Program Files\Android\Android Studio\jbr\bin\zip.dll
0x00007ffc2d5a0000 - 0x00007ffc2dce4000 	C:\WINDOWS\System32\SHELL32.dll
0x00007ffc2a550000 - 0x00007ffc2ace3000 	C:\WINDOWS\SYSTEM32\windows.storage.dll
0x00007ffc2e550000 - 0x00007ffc2e8a4000 	C:\WINDOWS\System32\combase.dll
0x00007ffc2be00000 - 0x00007ffc2be2e000 	C:\WINDOWS\SYSTEM32\Wldp.dll
0x00007ffc2dfd0000 - 0x00007ffc2e07d000 	C:\WINDOWS\System32\SHCORE.dll
0x00007ffc2e9b0000 - 0x00007ffc2ea05000 	C:\WINDOWS\System32\shlwapi.dll
0x00007ffc2c3c0000 - 0x00007ffc2c3e5000 	C:\WINDOWS\SYSTEM32\profapi.dll
0x00007ffc12930000 - 0x00007ffc12949000 	C:\Program Files\Android\Android Studio\jbr\bin\net.dll
0x00007ffc25a20000 - 0x00007ffc25b2a000 	C:\WINDOWS\SYSTEM32\WINHTTP.dll
0x00007ffc2bb60000 - 0x00007ffc2bbca000 	C:\WINDOWS\system32\mswsock.dll
0x00007ffc0fca0000 - 0x00007ffc0fcb6000 	C:\Program Files\Android\Android Studio\jbr\bin\nio.dll
0x00007ffc28020000 - 0x00007ffc28030000 	C:\Program Files\Android\Android Studio\jbr\bin\verify.dll
0x00007ffc0aff0000 - 0x00007ffc0b017000 	C:\Users\Pichau\.gradle\native\68d5fa5c4cc2d200863cafc0d521ce42e7d3e7ee720ec0a83991735586a16f82\windows-amd64\native-platform.dll
0x00007ffbf9f60000 - 0x00007ffbfa0a4000 	C:\Users\Pichau\.gradle\native\e376f236ea51e6404a007f0833ffe2c6e607c4080706a723a18a27aeea778392\windows-amd64\native-platform-file-events.dll
0x00007ffc27fd0000 - 0x00007ffc27fd9000 	C:\Program Files\Android\Android Studio\jbr\bin\management.dll
0x00007ffc21470000 - 0x00007ffc2147b000 	C:\Program Files\Android\Android Studio\jbr\bin\management_ext.dll
0x00007ffc2e930000 - 0x00007ffc2e938000 	C:\WINDOWS\System32\PSAPI.DLL
0x00007ffc2bd50000 - 0x00007ffc2bd68000 	C:\WINDOWS\SYSTEM32\CRYPTSP.dll
0x00007ffc2b470000 - 0x00007ffc2b4a4000 	C:\WINDOWS\system32\rsaenh.dll
0x00007ffc2cde0000 - 0x00007ffc2ce07000 	C:\WINDOWS\System32\bcrypt.dll
0x00007ffc2c340000 - 0x00007ffc2c36e000 	C:\WINDOWS\SYSTEM32\USERENV.dll
0x00007ffc2bd70000 - 0x00007ffc2bd7c000 	C:\WINDOWS\SYSTEM32\CRYPTBASE.dll
0x00007ffc2b850000 - 0x00007ffc2b88b000 	C:\WINDOWS\SYSTEM32\IPHLPAPI.DLL
0x00007ffc2e080000 - 0x00007ffc2e088000 	C:\WINDOWS\System32\NSI.dll
0x00007ffc269b0000 - 0x00007ffc269c7000 	C:\WINDOWS\SYSTEM32\dhcpcsvc6.DLL
0x00007ffc26990000 - 0x00007ffc269ad000 	C:\WINDOWS\SYSTEM32\dhcpcsvc.DLL
0x00007ffc2b890000 - 0x00007ffc2b95a000 	C:\WINDOWS\SYSTEM32\DNSAPI.dll
0x00007ffc12920000 - 0x00007ffc12927000 	C:\WINDOWS\system32\wshunix.dll

dbghelp: loaded successfully - version: 4.0.5 - missing functions: none
symbol engine: initialized successfully - sym options: 0x614 - pdb path: .;C:\Program Files\Android\Android Studio\jbr\bin;C:\WINDOWS\SYSTEM32;C:\WINDOWS\WinSxS\amd64_microsoft.windows.common-controls_6595b64144ccf1df_6.0.19041.1110_none_60b5254171f9507e;C:\Program Files\Android\Android Studio\jbr\bin\server;C:\Users\Pichau\.gradle\native\68d5fa5c4cc2d200863cafc0d521ce42e7d3e7ee720ec0a83991735586a16f82\windows-amd64;C:\Users\Pichau\.gradle\native\e376f236ea51e6404a007f0833ffe2c6e607c4080706a723a18a27aeea778392\windows-amd64

VM Arguments:
jvm_args: --add-opens=java.base/java.util=ALL-UNNAMED --add-opens=java.base/java.lang=ALL-UNNAMED --add-opens=java.base/java.lang.invoke=ALL-UNNAMED --add-opens=java.prefs/java.util.prefs=ALL-UNNAMED --add-opens=java.base/java.nio.charset=ALL-UNNAMED --add-opens=java.base/java.net=ALL-UNNAMED --add-opens=java.base/java.util.concurrent.atomic=ALL-UNNAMED -Xmx2048m -Dfile.encoding=UTF-8 -Duser.country=BR -Duser.language=pt -Duser.variant 
java_command: org.gradle.launcher.daemon.bootstrap.GradleDaemon 8.0
java_class_path (initial): C:\Users\Pichau\.gradle\wrapper\dists\gradle-8.0-bin\ca5e32bp14vu59qr306oxotwh\gradle-8.0\lib\gradle-launcher-8.0.jar
Launcher Type: SUN_STANDARD

[Global flags]
     intx CICompilerCount                          = 3                                         {product} {ergonomic}
     uint ConcGCThreads                            = 1                                         {product} {ergonomic}
     uint G1ConcRefinementThreads                  = 4                                         {product} {ergonomic}
   size_t G1HeapRegionSize                         = 1048576                                   {product} {ergonomic}
    uintx GCDrainStackTargetSize                   = 64                                        {product} {ergonomic}
   size_t InitialHeapSize                          = 234881024                                 {product} {ergonomic}
   size_t MarkStackSize                            = 4194304                                   {product} {ergonomic}
   size_t MaxHeapSize                              = 2147483648                                {product} {command line}
   size_t MaxNewSize                               = 1287651328                                {product} {ergonomic}
   size_t MinHeapDeltaBytes                        = 1048576                                   {product} {ergonomic}
   size_t MinHeapSize                              = 8388608                                   {product} {ergonomic}
    uintx NonNMethodCodeHeapSize                   = 5832780                                {pd product} {ergonomic}
    uintx NonProfiledCodeHeapSize                  = 122912730                              {pd product} {ergonomic}
    uintx ProfiledCodeHeapSize                     = 122912730                              {pd product} {ergonomic}
    uintx ReservedCodeCacheSize                    = 251658240                              {pd product} {ergonomic}
     bool SegmentedCodeCache                       = true                                      {product} {ergonomic}
   size_t SoftMaxHeapSize                          = 2147483648                             {manageable} {ergonomic}
     bool UseCompressedClassPointers               = true                           {product lp64_product} {ergonomic}
     bool UseCompressedOops                        = true                           {product lp64_product} {ergonomic}
     bool UseG1GC                                  = true                                      {product} {ergonomic}
     bool UseLargePagesIndividualAllocation        = false                                  {pd product} {ergonomic}

Logging:
Log output configuration:
 #0: stdout all=warning uptime,level,tags
 #1: stderr all=off uptime,level,tags

Environment Variables:
PATH=C:\WINDOWS\system32;C:\WINDOWS;C:\WINDOWS\System32\Wbem;C:\WINDOWS\System32\WindowsPowerShell\v1.0\;C:\WINDOWS\System32\OpenSSH\;C:\Program Files\Microsoft SQL Server\150\Tools\Binn\;C:\Program Files\Microsoft SQL Server\Client SDK\ODBC\170\Tools\Binn\;C:\Program Files\dotnet\;C:\Program Files\Microsoft SQL Server\Client SDK\ODBC\110\Tools\Binn\;C:\Program Files (x86)\Microsoft SQL Server\120\Tools\Binn\;C:\Program Files\Microsoft SQL Server\120\Tools\Binn\;C:\Program Files\Microsoft SQL Server\120\DTS\Binn\;C:\Program Files (x86)\Microsoft SQL Server\120\Tools\Binn\ManagementStudio\;C:\Program Files (x86)\Microsoft SQL Server\120\DTS\Binn\;C:\Users\Pichau\AppData\Local\Microsoft\WindowsApps;;C:\Users\Pichau\AppData\Local\Programs\Microsoft VS Code\bin;C:\Users\Pichau\.dotnet\tools
USERNAME=Tho
OS=Windows_NT
PROCESSOR_IDENTIFIER=AMD64 Family 23 Model 17 Stepping 0, AuthenticAMD
TMP=C:\Users\Pichau\AppData\Local\Temp
TEMP=C:\Users\Pichau\AppData\Local\Temp


JNI global refs:
JNI global refs: 25, weak refs: 4

JNI global refs memory usage: 843, weak refs: 841


---------------  S Y S T E M  ---------------

OS:
 Windows 10 , 64 bit Build 19041 (10.0.19041.3155)
OS uptime: 0 days 6:30 hours

CPU: total 4 (initial active 4) (4 cores per cpu, 1 threads per core) family 23 model 17 stepping 0 microcode 0x0, cx8, cmov, fxsr, mmx, 3dnowpref, sse, sse2, sse3, ssse3, sse4a, sse4.1, sse4.2, popcnt, lzcnt, tsc, tscinvbit, avx, avx2, aes, clmul, bmi1, bmi2, adx, sha, fma, vzeroupper, clflush, clflushopt

Memory: 4k page, system-wide physical 14264M (3260M free)
TotalPageFile size 14264M (AvailPageFile size 54M)
current process WorkingSet (physical memory assigned to process): 421M, peak: 421M
current process commit charge ("private bytes"): 515M, peak: 612M

vm_info: OpenJDK 64-Bit Server VM (17.0.6+0-b2043.56-10027231) for windows-amd64 JRE (17.0.6+0-b2043.56-10027231), built on Apr 28 2023 00:43:19 by "androidbuild" with MS VC++ 16.10 / 16.11 (VS2019)

END.
