#
# There is insufficient memory for the Java Runtime Environment to continue.
# Native memory allocation (malloc) failed to allocate 1028560 bytes for Chunk::new
# Possible reasons:
#   The system is out of physical RAM or swap space
#   The process is running with CompressedOops enabled, and the Java Heap may be blocking the growth of the native heap
# Possible solutions:
#   Reduce memory load on the system
#   Increase physical memory or swap space
#   Check if swap backing store is full
#   Decrease Java heap size (-Xmx/-Xms)
#   Decrease number of Java threads
#   Decrease Java thread stack sizes (-Xss)
#   Set larger code cache with -XX:ReservedCodeCacheSize=
#   JVM is running with Unscaled Compressed Oops mode in which the Java heap is
#     placed in the first 4GB address space. The Java Heap base address is the
#     maximum limit for the native heap growth. Please use -XX:HeapBaseMinAddress
#     to set the Java Heap base and to place the Java Heap above 4GB virtual address.
# This output file may be truncated or incomplete.
#
#  Out of Memory Error (arena.cpp:189), pid=6564, tid=5288
#
# JRE version: OpenJDK Runtime Environment (17.0.6) (build 17.0.6+0-b2043.56-10027231)
# Java VM: OpenJDK 64-Bit Server VM (17.0.6+0-b2043.56-10027231, mixed mode, tiered, compressed oops, compressed class ptrs, g1 gc, windows-amd64)
# No core dump will be written. Minidumps are not enabled by default on client versions of Windows
#

---------------  S U M M A R Y ------------

Command Line: --add-opens=java.base/java.util=ALL-UNNAMED --add-opens=java.base/java.lang=ALL-UNNAMED --add-opens=java.base/java.lang.invoke=ALL-UNNAMED --add-opens=java.prefs/java.util.prefs=ALL-UNNAMED --add-opens=java.base/java.nio.charset=ALL-UNNAMED --add-opens=java.base/java.net=ALL-UNNAMED --add-opens=java.base/java.util.concurrent.atomic=ALL-UNNAMED -Xmx2048m -Dfile.encoding=UTF-8 -Duser.country=BR -Duser.language=pt -Duser.variant org.gradle.launcher.daemon.bootstrap.GradleDaemon 8.0

Host: AMD Ryzen 3 2200G with Radeon Vega Graphics    , 4 cores, 13G,  Windows 10 , 64 bit Build 19041 (10.0.19041.3155)
Time: Tue Sep 12 22:36:47 2023 Hora oficial do Brasil elapsed time: 141.975470 seconds (0d 0h 2m 21s)

---------------  T H R E A D  ---------------

Current thread (0x00000227b39d3560):  JavaThread "C2 CompilerThread1" daemon [_thread_in_native, id=5288, stack(0x00000032e5500000,0x00000032e5600000)]


Current CompileTask:
C2: 141975 14267       4       com.google.common.collect.LinkedListMultimap$DistinctKeyIterator::next (89 bytes)

Stack: [0x00000032e5500000,0x00000032e5600000]
Native frames: (J=compiled Java code, j=interpreted, Vv=VM code, C=native code)
V  [jvm.dll+0x683c9a]
V  [jvm.dll+0x8427a4]
V  [jvm.dll+0x843f9e]
V  [jvm.dll+0x844603]
V  [jvm.dll+0x249b75]
V  [jvm.dll+0xabcac]
V  [jvm.dll+0xac27c]
V  [jvm.dll+0x368857]
V  [jvm.dll+0x1bd0b8]
V  [jvm.dll+0x21c359]
V  [jvm.dll+0x21b621]
V  [jvm.dll+0x1a4fdd]
V  [jvm.dll+0x22b098]
V  [jvm.dll+0x229159]
V  [jvm.dll+0x7f81ec]
V  [jvm.dll+0x7f274a]
V  [jvm.dll+0x682ad5]
C  [ucrtbase.dll+0x21bb2]
C  [KERNEL32.DLL+0x17614]
C  [ntdll.dll+0x526b1]


---------------  P R O C E S S  ---------------

Threads class SMR info:
_java_thread_list=0x00000227b63b0290, length=90, elements={
0x0000022793b08590, 0x00000227ad107610, 0x00000227adc15cb0, 0x00000227adc2f4a0,
0x00000227adc310d0, 0x00000227adc34140, 0x00000227adc4a6b0, 0x00000227adc51080,
0x00000227adc56da0, 0x00000227adc67a30, 0x00000227addf3840, 0x00000227addf5520,
0x00000227addf3370, 0x00000227addf5050, 0x00000227addf2ea0, 0x00000227b0940530,
0x00000227b0940060, 0x00000227b09413a0, 0x00000227b0940ed0, 0x00000227b0943550,
0x00000227b0942210, 0x00000227b0943080, 0x00000227b0940a00, 0x00000227b0477d40,
0x00000227b0476060, 0x00000227b0476a00, 0x00000227b2992d50, 0x00000227b2994090,
0x00000227b2993220, 0x00000227b29953d0, 0x00000227b2991070, 0x00000227b2994560,
0x00000227b2991ee0, 0x00000227b2991a10, 0x00000227b29983f0, 0x00000227b29958a0,
0x00000227b2992880, 0x00000227b2994a30, 0x00000227b2996240, 0x00000227b2996710,
0x00000227b2996be0, 0x00000227b2991540, 0x00000227b29970b0, 0x00000227b2997580,
0x00000227b29988c0, 0x00000227addf3d10, 0x00000227addf41e0, 0x00000227addf46b0,
0x00000227addf59f0, 0x00000227addf2500, 0x00000227addf4b80, 0x00000227addf5ec0,
0x00000227addf29d0, 0x00000227b0478bb0, 0x00000227b0476530, 0x00000227b0479080,
0x00000227b0476ed0, 0x00000227b04773a0, 0x00000227b0477870, 0x00000227b0941870,
0x00000227b0941d40, 0x00000227b0943a20, 0x00000227b0942bb0, 0x00000227b8bfc1d0,
0x00000227b8bfa9c0, 0x00000227b8bfae90, 0x00000227b8bfb360, 0x00000227b8bf9b50,
0x00000227b8bfb830, 0x00000227b8bfbd00, 0x00000227b8bfc6a0, 0x00000227b8bfcb70,
0x00000227b8bfa020, 0x00000227b8bfd040, 0x00000227b8bfa4f0, 0x00000227b8bfd510,
0x00000227aed89060, 0x00000227aed886c0, 0x00000227aed8a870, 0x00000227aed881f0,
0x00000227aed89530, 0x00000227aed88b90, 0x00000227aed8ad40, 0x00000227aed8b210,
0x00000227aed8b6e0, 0x00000227aed8bbb0, 0x00000227b00f83b0, 0x00000227b39d3560,
0x00000227b00f9220, 0x00000227b00fc710
}

Java Threads: ( => current thread )
  0x0000022793b08590 JavaThread "main" [_thread_blocked, id=5556, stack(0x00000032e3b00000,0x00000032e3c00000)]
  0x00000227ad107610 JavaThread "Reference Handler" daemon [_thread_blocked, id=9092, stack(0x00000032e4200000,0x00000032e4300000)]
  0x00000227adc15cb0 JavaThread "Finalizer" daemon [_thread_blocked, id=9904, stack(0x00000032e4300000,0x00000032e4400000)]
  0x00000227adc2f4a0 JavaThread "Signal Dispatcher" daemon [_thread_blocked, id=2196, stack(0x00000032e4400000,0x00000032e4500000)]
  0x00000227adc310d0 JavaThread "Attach Listener" daemon [_thread_blocked, id=5968, stack(0x00000032e4500000,0x00000032e4600000)]
  0x00000227adc34140 JavaThread "Service Thread" daemon [_thread_blocked, id=4084, stack(0x00000032e4600000,0x00000032e4700000)]
  0x00000227adc4a6b0 JavaThread "Monitor Deflation Thread" daemon [_thread_blocked, id=7392, stack(0x00000032e4700000,0x00000032e4800000)]
  0x00000227adc51080 JavaThread "C2 CompilerThread0" daemon [_thread_in_native, id=32, stack(0x00000032e4800000,0x00000032e4900000)]
  0x00000227adc56da0 JavaThread "C1 CompilerThread0" daemon [_thread_blocked, id=9608, stack(0x00000032e4900000,0x00000032e4a00000)]
  0x00000227adc67a30 JavaThread "Sweeper thread" daemon [_thread_blocked, id=11184, stack(0x00000032e4a00000,0x00000032e4b00000)]
  0x00000227addf3840 JavaThread "Common-Cleaner" daemon [_thread_blocked, id=3780, stack(0x00000032e4b00000,0x00000032e4c00000)]
  0x00000227addf5520 JavaThread "Notification Thread" daemon [_thread_blocked, id=8152, stack(0x00000032e4c00000,0x00000032e4d00000)]
  0x00000227addf3370 JavaThread "Daemon health stats" [_thread_blocked, id=6780, stack(0x00000032e5200000,0x00000032e5300000)]
  0x00000227addf5050 JavaThread "Incoming local TCP Connector on port 52528" [_thread_in_native, id=8268, stack(0x00000032e5300000,0x00000032e5400000)]
  0x00000227addf2ea0 JavaThread "Daemon periodic checks" [_thread_blocked, id=1668, stack(0x00000032e5400000,0x00000032e5500000)]
  0x00000227b0940530 JavaThread "Cache worker for journal cache (C:\Users\Pichau\.gradle\caches\journal-1)" [_thread_blocked, id=3620, stack(0x00000032e4e00000,0x00000032e4f00000)]
  0x00000227b0940060 JavaThread "File lock request listener" [_thread_in_native, id=6304, stack(0x00000032e5c00000,0x00000032e5d00000)]
  0x00000227b09413a0 JavaThread "Cache worker for file hash cache (C:\Users\Pichau\.gradle\caches\8.0\fileHashes)" [_thread_blocked, id=7300, stack(0x00000032e5d00000,0x00000032e5e00000)]
  0x00000227b0940ed0 JavaThread "File watcher server" daemon [_thread_in_native, id=5876, stack(0x00000032e5f00000,0x00000032e6000000)]
  0x00000227b0943550 JavaThread "File watcher consumer" daemon [_thread_blocked, id=3220, stack(0x00000032e6000000,0x00000032e6100000)]
  0x00000227b0942210 JavaThread "Cache worker for file content cache (C:\Users\Pichau\.gradle\caches\8.0\fileContent)" [_thread_blocked, id=6372, stack(0x00000032e6300000,0x00000032e6400000)]
  0x00000227b0943080 JavaThread "Cache worker for execution history cache (C:\Users\Pichau\.gradle\caches\8.0\executionHistory)" [_thread_blocked, id=7564, stack(0x00000032e6600000,0x00000032e6700000)]
  0x00000227b0940a00 JavaThread "jar transforms" [_thread_blocked, id=3760, stack(0x00000032e6700000,0x00000032e6800000)]
  0x00000227b0477d40 JavaThread "jar transforms Thread 2" [_thread_blocked, id=1768, stack(0x00000032e6800000,0x00000032e6900000)]
  0x00000227b0476060 JavaThread "jar transforms Thread 3" [_thread_blocked, id=10692, stack(0x00000032e6a00000,0x00000032e6b00000)]
  0x00000227b0476a00 JavaThread "jar transforms Thread 4" [_thread_blocked, id=5844, stack(0x00000032e6b00000,0x00000032e6c00000)]
  0x00000227b2992d50 JavaThread "Memory manager" [_thread_blocked, id=1796, stack(0x00000032e9800000,0x00000032e9900000)]
  0x00000227b2994090 JavaThread "ForkJoinPool.commonPool-worker-1" daemon [_thread_blocked, id=6760, stack(0x00000032e9f00000,0x00000032ea000000)]
  0x00000227b2993220 JavaThread "Daemon Thread 2" [_thread_blocked, id=7108, stack(0x00000032e3800000,0x00000032e3900000)]
  0x00000227b29953d0 JavaThread "Handler for socket connection from /127.0.0.1:52528 to /127.0.0.1:52579" [_thread_in_native, id=5000, stack(0x00000032e3900000,0x00000032e3a00000)]
  0x00000227b2991070 JavaThread "Cancel handler" [_thread_blocked, id=1752, stack(0x00000032e3a00000,0x00000032e3b00000)]
  0x00000227b2994560 JavaThread "Daemon worker Thread 2" [_thread_blocked, id=10392, stack(0x00000032e5600000,0x00000032e5700000)]
  0x00000227b2991ee0 JavaThread "Asynchronous log dispatcher for DefaultDaemonConnection: socket connection from /127.0.0.1:52528 to /127.0.0.1:52579" [_thread_blocked, id=3340, stack(0x00000032e5700000,0x00000032e5800000)]
  0x00000227b2991a10 JavaThread "Stdin handler" [_thread_blocked, id=8556, stack(0x00000032e5800000,0x00000032e5900000)]
  0x00000227b29983f0 JavaThread "Daemon client event forwarder" [_thread_blocked, id=11188, stack(0x00000032e5900000,0x00000032e5a00000)]
  0x00000227b29958a0 JavaThread "Cache worker for checksums cache (C:\Users\Pichau\AndroidStudioProjects\Tcc_funcionario\.gradle\8.0\checksums)" [_thread_blocked, id=2332, stack(0x00000032e5a00000,0x00000032e5b00000)]
  0x00000227b2992880 JavaThread "Cache worker for cache directory md-rule (C:\Users\Pichau\.gradle\caches\8.0\md-rule)" [_thread_blocked, id=3784, stack(0x00000032e5b00000,0x00000032e5c00000)]
  0x00000227b2994a30 JavaThread "Cache worker for file hash cache (C:\Users\Pichau\AndroidStudioProjects\Tcc_funcionario\.gradle\8.0\fileHashes)" [_thread_blocked, id=4080, stack(0x00000032e6100000,0x00000032e6200000)]
  0x00000227b2996240 JavaThread "Cache worker for cache directory md-supplier (C:\Users\Pichau\.gradle\caches\8.0\md-supplier)" [_thread_blocked, id=980, stack(0x00000032e6200000,0x00000032e6300000)]
  0x00000227b2996710 JavaThread "Cache worker for dependencies-accessors (C:\Users\Pichau\AndroidStudioProjects\Tcc_funcionario\.gradle\8.0\dependencies-accessors)" [_thread_blocked, id=5440, stack(0x00000032e6400000,0x00000032e6500000)]
  0x00000227b2996be0 JavaThread "Cache worker for Build Output Cleanup Cache (C:\Users\Pichau\AndroidStudioProjects\Tcc_funcionario\.gradle\buildOutputCleanup)" [_thread_blocked, id=5008, stack(0x00000032e6500000,0x00000032e6600000)]
  0x00000227b2991540 JavaThread "Unconstrained build operations" [_thread_blocked, id=5452, stack(0x00000032e6c00000,0x00000032e6d00000)]
  0x00000227b29970b0 JavaThread "Unconstrained build operations Thread 2" [_thread_blocked, id=3180, stack(0x00000032e6d00000,0x00000032e6e00000)]
  0x00000227b2997580 JavaThread "Unconstrained build operations Thread 3" [_thread_blocked, id=7736, stack(0x00000032e6e00000,0x00000032e6f00000)]
  0x00000227b29988c0 JavaThread "Unconstrained build operations Thread 4" [_thread_blocked, id=7048, stack(0x00000032e6f00000,0x00000032e7000000)]
  0x00000227addf3d10 JavaThread "Unconstrained build operations Thread 5" [_thread_blocked, id=3184, stack(0x00000032e7000000,0x00000032e7100000)]
  0x00000227addf41e0 JavaThread "Unconstrained build operations Thread 6" [_thread_blocked, id=9596, stack(0x00000032e7100000,0x00000032e7200000)]
  0x00000227addf46b0 JavaThread "Unconstrained build operations Thread 7" [_thread_blocked, id=3944, stack(0x00000032e7200000,0x00000032e7300000)]
  0x00000227addf59f0 JavaThread "Unconstrained build operations Thread 8" [_thread_blocked, id=7160, stack(0x00000032e7300000,0x00000032e7400000)]
  0x00000227addf2500 JavaThread "Unconstrained build operations Thread 9" [_thread_blocked, id=10748, stack(0x00000032e7400000,0x00000032e7500000)]
  0x00000227addf4b80 JavaThread "Unconstrained build operations Thread 10" [_thread_blocked, id=6796, stack(0x00000032e7500000,0x00000032e7600000)]
  0x00000227addf5ec0 JavaThread "Unconstrained build operations Thread 11" [_thread_blocked, id=7024, stack(0x00000032e7600000,0x00000032e7700000)]
  0x00000227addf29d0 JavaThread "Unconstrained build operations Thread 12" [_thread_blocked, id=3380, stack(0x00000032e7700000,0x00000032e7800000)]
  0x00000227b0478bb0 JavaThread "Unconstrained build operations Thread 13" [_thread_blocked, id=8624, stack(0x00000032e7800000,0x00000032e7900000)]
  0x00000227b0476530 JavaThread "Unconstrained build operations Thread 14" [_thread_blocked, id=7320, stack(0x00000032e7900000,0x00000032e7a00000)]
  0x00000227b0479080 JavaThread "Unconstrained build operations Thread 15" [_thread_blocked, id=2060, stack(0x00000032e7a00000,0x00000032e7b00000)]
  0x00000227b0476ed0 JavaThread "Unconstrained build operations Thread 16" [_thread_blocked, id=1648, stack(0x00000032e7b00000,0x00000032e7c00000)]
  0x00000227b04773a0 JavaThread "Unconstrained build operations Thread 17" [_thread_blocked, id=10988, stack(0x00000032e7c00000,0x00000032e7d00000)]
  0x00000227b0477870 JavaThread "Unconstrained build operations Thread 18" [_thread_blocked, id=4100, stack(0x00000032e7d00000,0x00000032e7e00000)]
  0x00000227b0941870 JavaThread "Unconstrained build operations Thread 19" [_thread_blocked, id=5904, stack(0x00000032e7e00000,0x00000032e7f00000)]
  0x00000227b0941d40 JavaThread "Unconstrained build operations Thread 20" [_thread_blocked, id=8996, stack(0x00000032e7f00000,0x00000032e8000000)]
  0x00000227b0943a20 JavaThread "Unconstrained build operations Thread 21" [_thread_blocked, id=2964, stack(0x00000032e8000000,0x00000032e8100000)]
  0x00000227b0942bb0 JavaThread "Unconstrained build operations Thread 22" [_thread_blocked, id=9188, stack(0x00000032e8100000,0x00000032e8200000)]
  0x00000227b8bfc1d0 JavaThread "Unconstrained build operations Thread 23" [_thread_blocked, id=5632, stack(0x00000032e8200000,0x00000032e8300000)]
  0x00000227b8bfa9c0 JavaThread "Unconstrained build operations Thread 24" [_thread_blocked, id=11076, stack(0x00000032e8300000,0x00000032e8400000)]
  0x00000227b8bfae90 JavaThread "Unconstrained build operations Thread 25" [_thread_blocked, id=2232, stack(0x00000032e8400000,0x00000032e8500000)]
  0x00000227b8bfb360 JavaThread "Unconstrained build operations Thread 26" [_thread_blocked, id=10804, stack(0x00000032e8500000,0x00000032e8600000)]
  0x00000227b8bf9b50 JavaThread "Unconstrained build operations Thread 27" [_thread_blocked, id=7856, stack(0x00000032e8600000,0x00000032e8700000)]
  0x00000227b8bfb830 JavaThread "Unconstrained build operations Thread 28" [_thread_blocked, id=4108, stack(0x00000032e8700000,0x00000032e8800000)]
  0x00000227b8bfbd00 JavaThread "Unconstrained build operations Thread 29" [_thread_blocked, id=6308, stack(0x00000032e8800000,0x00000032e8900000)]
  0x00000227b8bfc6a0 JavaThread "Unconstrained build operations Thread 30" [_thread_blocked, id=8892, stack(0x00000032e8900000,0x00000032e8a00000)]
  0x00000227b8bfcb70 JavaThread "Unconstrained build operations Thread 31" [_thread_blocked, id=1756, stack(0x00000032e8a00000,0x00000032e8b00000)]
  0x00000227b8bfa020 JavaThread "Unconstrained build operations Thread 32" [_thread_blocked, id=6588, stack(0x00000032e8b00000,0x00000032e8c00000)]
  0x00000227b8bfd040 JavaThread "Unconstrained build operations Thread 33" [_thread_blocked, id=5388, stack(0x00000032e8c00000,0x00000032e8d00000)]
  0x00000227b8bfa4f0 JavaThread "Unconstrained build operations Thread 34" [_thread_blocked, id=8568, stack(0x00000032e8d00000,0x00000032e8e00000)]
  0x00000227b8bfd510 JavaThread "Unconstrained build operations Thread 35" [_thread_blocked, id=5732, stack(0x00000032e8e00000,0x00000032e8f00000)]
  0x00000227aed89060 JavaThread "Unconstrained build operations Thread 36" [_thread_blocked, id=10588, stack(0x00000032e8f00000,0x00000032e9000000)]
  0x00000227aed886c0 JavaThread "Unconstrained build operations Thread 37" [_thread_blocked, id=4356, stack(0x00000032e9000000,0x00000032e9100000)]
  0x00000227aed8a870 JavaThread "Unconstrained build operations Thread 38" [_thread_blocked, id=3536, stack(0x00000032e9100000,0x00000032e9200000)]
  0x00000227aed881f0 JavaThread "Unconstrained build operations Thread 39" [_thread_blocked, id=1156, stack(0x00000032e9200000,0x00000032e9300000)]
  0x00000227aed89530 JavaThread "Unconstrained build operations Thread 40" [_thread_blocked, id=2972, stack(0x00000032e9300000,0x00000032e9400000)]
  0x00000227aed88b90 JavaThread "build event listener" [_thread_blocked, id=9556, stack(0x00000032e9400000,0x00000032e9500000)]
  0x00000227aed8ad40 JavaThread "included builds" [_thread_blocked, id=6492, stack(0x00000032e9500000,0x00000032e9600000)]
  0x00000227aed8b210 JavaThread "Execution worker" [_thread_blocked, id=10256, stack(0x00000032e9600000,0x00000032e9700000)]
  0x00000227aed8b6e0 JavaThread "Execution worker Thread 2" [_thread_in_Java, id=9064, stack(0x00000032e9700000,0x00000032e9800000)]
  0x00000227aed8bbb0 JavaThread "Execution worker Thread 3" [_thread_blocked, id=9004, stack(0x00000032e9900000,0x00000032e9a00000)]
  0x00000227b00f83b0 JavaThread "Cache worker for execution history cache (C:\Users\Pichau\AndroidStudioProjects\Tcc_funcionario\.gradle\8.0\executionHistory)" [_thread_blocked, id=7828, stack(0x00000032e9a00000,0x00000032e9b00000)]
=>0x00000227b39d3560 JavaThread "C2 CompilerThread1" daemon [_thread_in_native, id=5288, stack(0x00000032e5500000,0x00000032e5600000)]
  0x00000227b00f9220 JavaThread "WorkerExecutor Queue" [_thread_in_Java, id=6956, stack(0x00000032e9b00000,0x00000032e9c00000)]
  0x00000227b00fc710 JavaThread "WorkerExecutor Queue Thread 2" [_thread_new, id=7980, stack(0x0000000000000000,0x0000000000000000)]

Other Threads:
  0x00000227ad0ed110 VMThread "VM Thread" [stack: 0x00000032e4100000,0x00000032e4200000] [id=8204]
  0x00000227addd0140 WatcherThread [stack: 0x00000032e4d00000,0x00000032e4e00000] [id=7528]
  0x0000022793b66690 GCTaskThread "GC Thread#0" [stack: 0x00000032e3c00000,0x00000032e3d00000] [id=4076]
  0x00000227adfdab30 GCTaskThread "GC Thread#1" [stack: 0x00000032e4f00000,0x00000032e5000000] [id=10776]
  0x00000227adfdade0 GCTaskThread "GC Thread#2" [stack: 0x00000032e5000000,0x00000032e5100000] [id=7468]
  0x00000227adfdb090 GCTaskThread "GC Thread#3" [stack: 0x00000032e5100000,0x00000032e5200000] [id=6680]
  0x0000022793b774e0 ConcurrentGCThread "G1 Main Marker" [stack: 0x00000032e3d00000,0x00000032e3e00000] [id=1296]
  0x0000022793b77e00 ConcurrentGCThread "G1 Conc#0" [stack: 0x00000032e3e00000,0x00000032e3f00000] [id=3812]
  0x0000022793bdeae0 ConcurrentGCThread "G1 Refine#0" [stack: 0x00000032e3f00000,0x00000032e4000000] [id=6792]
  0x00000227b23d5cf0 ConcurrentGCThread "G1 Refine#1" [stack: 0x00000032e6900000,0x00000032e6a00000] [id=1196]
  0x00000227b0cee900 ConcurrentGCThread "G1 Refine#2" [stack: 0x00000032e5e00000,0x00000032e5f00000] [id=8348]
  0x00000227acf5d680 ConcurrentGCThread "G1 Service" [stack: 0x00000032e4000000,0x00000032e4100000] [id=8168]

Threads with active compile tasks:
C2 CompilerThread0   141996 14310 % !   4       com.android.ide.common.resources.DataMerger::mergeData @ 247 (611 bytes)
C2 CompilerThread1   141996 14267       4       com.google.common.collect.LinkedListMultimap$DistinctKeyIterator::next (89 bytes)

VM state: not at safepoint (normal execution)

VM Mutex/Monitor currently owned by a thread: None

Heap address: 0x0000000080000000, size: 2048 MB, Compressed Oops mode: 32-bit

CDS archive(s) not mapped
Compressed class space mapped at: 0x0000000100000000-0x0000000140000000, reserved size: 1073741824
Narrow klass base: 0x0000000000000000, Narrow klass shift: 3, Narrow klass range: 0x140000000

GC Precious Log:
 CPUs: 4 total, 4 available
 Memory: 14264M
 Large Page Support: Disabled
 NUMA Support: Disabled
 Compressed Oops: Enabled (32-bit)
 Heap Region Size: 1M
 Heap Min Capacity: 8M
 Heap Initial Capacity: 224M
 Heap Max Capacity: 2G
 Pre-touch: Disabled
 Parallel Workers: 4
 Concurrent Workers: 1
 Concurrent Refinement Workers: 4
 Periodic GC: Disabled

Heap:
 garbage-first heap   total 344064K, used 252084K [0x0000000080000000, 0x0000000100000000)
  region size 1024K, 137 young (140288K), 3 survivors (3072K)
 Metaspace       used 99270K, committed 100096K, reserved 1138688K
  class space    used 13303K, committed 13696K, reserved 1048576K

Heap Regions: E=young(eden), S=young(survivor), O=old, HS=humongous(starts), HC=humongous(continues), CS=collection set, F=free, OA=open archive, CA=closed archive, TAMS=top-at-mark-start (previous, next)
|   0|0x0000000080000000, 0x0000000080100000, 0x0000000080100000|100%| O|  |TAMS 0x0000000080100000, 0x0000000080100000| Untracked 
|   1|0x0000000080100000, 0x0000000080200000, 0x0000000080200000|100%| O|  |TAMS 0x0000000080200000, 0x0000000080200000| Untracked 
|   2|0x0000000080200000, 0x0000000080300000, 0x0000000080300000|100%|HS|  |TAMS 0x0000000080300000, 0x0000000080300000| Complete 
|   3|0x0000000080300000, 0x0000000080400000, 0x0000000080400000|100%|HC|  |TAMS 0x0000000080400000, 0x0000000080400000| Complete 
|   4|0x0000000080400000, 0x0000000080500000, 0x0000000080500000|100%|HC|  |TAMS 0x0000000080500000, 0x0000000080500000| Complete 
|   5|0x0000000080500000, 0x0000000080600000, 0x0000000080600000|100%|HC|  |TAMS 0x0000000080600000, 0x0000000080600000| Complete 
|   6|0x0000000080600000, 0x0000000080700000, 0x0000000080700000|100%| O|  |TAMS 0x0000000080700000, 0x0000000080700000| Untracked 
|   7|0x0000000080700000, 0x0000000080800000, 0x0000000080800000|100%| O|  |TAMS 0x0000000080800000, 0x0000000080800000| Untracked 
|   8|0x0000000080800000, 0x0000000080900000, 0x0000000080900000|100%| O|  |TAMS 0x0000000080900000, 0x0000000080900000| Untracked 
|   9|0x0000000080900000, 0x0000000080a00000, 0x0000000080a00000|100%| O|  |TAMS 0x0000000080a00000, 0x0000000080a00000| Untracked 
|  10|0x0000000080a00000, 0x0000000080b00000, 0x0000000080b00000|100%| O|  |TAMS 0x0000000080b00000, 0x0000000080b00000| Untracked 
|  11|0x0000000080b00000, 0x0000000080c00000, 0x0000000080c00000|100%| O|  |TAMS 0x0000000080c00000, 0x0000000080c00000| Untracked 
|  12|0x0000000080c00000, 0x0000000080d00000, 0x0000000080d00000|100%|HS|  |TAMS 0x0000000080d00000, 0x0000000080d00000| Complete 
|  13|0x0000000080d00000, 0x0000000080e00000, 0x0000000080e00000|100%| O|  |TAMS 0x0000000080e00000, 0x0000000080e00000| Untracked 
|  14|0x0000000080e00000, 0x0000000080f00000, 0x0000000080f00000|100%| O|  |TAMS 0x0000000080f00000, 0x0000000080f00000| Untracked 
|  15|0x0000000080f00000, 0x0000000081000000, 0x0000000081000000|100%| O|  |TAMS 0x0000000081000000, 0x0000000081000000| Untracked 
|  16|0x0000000081000000, 0x0000000081100000, 0x0000000081100000|100%| O|  |TAMS 0x0000000081100000, 0x0000000081100000| Untracked 
|  17|0x0000000081100000, 0x0000000081200000, 0x0000000081200000|100%| O|  |TAMS 0x0000000081200000, 0x0000000081200000| Untracked 
|  18|0x0000000081200000, 0x0000000081300000, 0x0000000081300000|100%| O|  |TAMS 0x0000000081300000, 0x0000000081300000| Untracked 
|  19|0x0000000081300000, 0x0000000081400000, 0x0000000081400000|100%| O|  |TAMS 0x0000000081400000, 0x0000000081400000| Untracked 
|  20|0x0000000081400000, 0x0000000081500000, 0x0000000081500000|100%| O|  |TAMS 0x0000000081500000, 0x0000000081500000| Untracked 
|  21|0x0000000081500000, 0x0000000081600000, 0x0000000081600000|100%| O|  |TAMS 0x0000000081600000, 0x0000000081600000| Untracked 
|  22|0x0000000081600000, 0x0000000081700000, 0x0000000081700000|100%| O|  |TAMS 0x0000000081700000, 0x0000000081700000| Untracked 
|  23|0x0000000081700000, 0x0000000081800000, 0x0000000081800000|100%| O|  |TAMS 0x0000000081800000, 0x0000000081800000| Untracked 
|  24|0x0000000081800000, 0x0000000081900000, 0x0000000081900000|100%| O|  |TAMS 0x0000000081900000, 0x0000000081900000| Untracked 
|  25|0x0000000081900000, 0x0000000081a00000, 0x0000000081a00000|100%| O|  |TAMS 0x0000000081a00000, 0x0000000081a00000| Untracked 
|  26|0x0000000081a00000, 0x0000000081b00000, 0x0000000081b00000|100%| O|  |TAMS 0x0000000081b00000, 0x0000000081b00000| Untracked 
|  27|0x0000000081b00000, 0x0000000081c00000, 0x0000000081c00000|100%| O|  |TAMS 0x0000000081c00000, 0x0000000081c00000| Untracked 
|  28|0x0000000081c00000, 0x0000000081d00000, 0x0000000081d00000|100%| O|  |TAMS 0x0000000081d00000, 0x0000000081d00000| Untracked 
|  29|0x0000000081d00000, 0x0000000081e00000, 0x0000000081e00000|100%|HS|  |TAMS 0x0000000081e00000, 0x0000000081e00000| Complete 
|  30|0x0000000081e00000, 0x0000000081f00000, 0x0000000081f00000|100%| O|  |TAMS 0x0000000081f00000, 0x0000000081f00000| Untracked 
|  31|0x0000000081f00000, 0x0000000082000000, 0x0000000082000000|100%| O|  |TAMS 0x0000000082000000, 0x0000000082000000| Untracked 
|  32|0x0000000082000000, 0x0000000082100000, 0x0000000082100000|100%| O|  |TAMS 0x0000000082100000, 0x0000000082100000| Untracked 
|  33|0x0000000082100000, 0x0000000082200000, 0x0000000082200000|100%| O|  |TAMS 0x0000000082200000, 0x0000000082200000| Untracked 
|  34|0x0000000082200000, 0x0000000082300000, 0x0000000082300000|100%| O|  |TAMS 0x0000000082200000, 0x0000000082300000| Untracked 
|  35|0x0000000082300000, 0x0000000082400000, 0x0000000082400000|100%| O|  |TAMS 0x0000000082300000, 0x0000000082300000| Untracked 
|  36|0x0000000082400000, 0x0000000082500000, 0x0000000082500000|100%| O|  |TAMS 0x0000000082500000, 0x0000000082500000| Untracked 
|  37|0x0000000082500000, 0x0000000082600000, 0x0000000082600000|100%| O|  |TAMS 0x0000000082600000, 0x0000000082600000| Untracked 
|  38|0x0000000082600000, 0x0000000082700000, 0x0000000082700000|100%| O|  |TAMS 0x0000000082700000, 0x0000000082700000| Untracked 
|  39|0x0000000082700000, 0x0000000082800000, 0x0000000082800000|100%| O|  |TAMS 0x0000000082800000, 0x0000000082800000| Untracked 
|  40|0x0000000082800000, 0x0000000082900000, 0x0000000082900000|100%| O|  |TAMS 0x0000000082900000, 0x0000000082900000| Untracked 
|  41|0x0000000082900000, 0x0000000082a00000, 0x0000000082a00000|100%| O|  |TAMS 0x0000000082a00000, 0x0000000082a00000| Untracked 
|  42|0x0000000082a00000, 0x0000000082b00000, 0x0000000082b00000|100%| O|  |TAMS 0x0000000082b00000, 0x0000000082b00000| Untracked 
|  43|0x0000000082b00000, 0x0000000082c00000, 0x0000000082c00000|100%| O|  |TAMS 0x0000000082c00000, 0x0000000082c00000| Untracked 
|  44|0x0000000082c00000, 0x0000000082d00000, 0x0000000082d00000|100%| O|  |TAMS 0x0000000082d00000, 0x0000000082d00000| Untracked 
|  45|0x0000000082d00000, 0x0000000082e00000, 0x0000000082e00000|100%| O|  |TAMS 0x0000000082e00000, 0x0000000082e00000| Untracked 
|  46|0x0000000082e00000, 0x0000000082f00000, 0x0000000082f00000|100%| O|  |TAMS 0x0000000082f00000, 0x0000000082f00000| Untracked 
|  47|0x0000000082f00000, 0x0000000083000000, 0x0000000083000000|100%| O|  |TAMS 0x0000000083000000, 0x0000000083000000| Untracked 
|  48|0x0000000083000000, 0x0000000083100000, 0x0000000083100000|100%| O|  |TAMS 0x0000000083100000, 0x0000000083100000| Untracked 
|  49|0x0000000083100000, 0x0000000083200000, 0x0000000083200000|100%| O|  |TAMS 0x0000000083200000, 0x0000000083200000| Untracked 
|  50|0x0000000083200000, 0x0000000083300000, 0x0000000083300000|100%| O|  |TAMS 0x0000000083300000, 0x0000000083300000| Untracked 
|  51|0x0000000083300000, 0x0000000083400000, 0x0000000083400000|100%| O|  |TAMS 0x0000000083400000, 0x0000000083400000| Untracked 
|  52|0x0000000083400000, 0x0000000083500000, 0x0000000083500000|100%| O|  |TAMS 0x0000000083500000, 0x0000000083500000| Untracked 
|  53|0x0000000083500000, 0x0000000083600000, 0x0000000083600000|100%| O|  |TAMS 0x0000000083600000, 0x0000000083600000| Untracked 
|  54|0x0000000083600000, 0x0000000083700000, 0x0000000083700000|100%| O|  |TAMS 0x0000000083700000, 0x0000000083700000| Untracked 
|  55|0x0000000083700000, 0x0000000083800000, 0x0000000083800000|100%| O|  |TAMS 0x0000000083800000, 0x0000000083800000| Untracked 
|  56|0x0000000083800000, 0x0000000083900000, 0x0000000083900000|100%| O|  |TAMS 0x0000000083900000, 0x0000000083900000| Untracked 
|  57|0x0000000083900000, 0x0000000083a00000, 0x0000000083a00000|100%| O|  |TAMS 0x0000000083a00000, 0x0000000083a00000| Untracked 
|  58|0x0000000083a00000, 0x0000000083b00000, 0x0000000083b00000|100%| O|  |TAMS 0x0000000083b00000, 0x0000000083b00000| Untracked 
|  59|0x0000000083b00000, 0x0000000083c00000, 0x0000000083c00000|100%| O|  |TAMS 0x0000000083c00000, 0x0000000083c00000| Untracked 
|  60|0x0000000083c00000, 0x0000000083d00000, 0x0000000083d00000|100%| O|  |TAMS 0x0000000083d00000, 0x0000000083d00000| Untracked 
|  61|0x0000000083d00000, 0x0000000083e00000, 0x0000000083e00000|100%| O|  |TAMS 0x0000000083e00000, 0x0000000083e00000| Untracked 
|  62|0x0000000083e00000, 0x0000000083f00000, 0x0000000083f00000|100%| O|  |TAMS 0x0000000083f00000, 0x0000000083f00000| Untracked 
|  63|0x0000000083f00000, 0x0000000084000000, 0x0000000084000000|100%| O|  |TAMS 0x0000000084000000, 0x0000000084000000| Untracked 
|  64|0x0000000084000000, 0x0000000084100000, 0x0000000084100000|100%| O|  |TAMS 0x0000000084100000, 0x0000000084100000| Untracked 
|  65|0x0000000084100000, 0x0000000084200000, 0x0000000084200000|100%| O|  |TAMS 0x0000000084200000, 0x0000000084200000| Untracked 
|  66|0x0000000084200000, 0x0000000084300000, 0x0000000084300000|100%| O|  |TAMS 0x0000000084300000, 0x0000000084300000| Untracked 
|  67|0x0000000084300000, 0x0000000084400000, 0x0000000084400000|100%| O|  |TAMS 0x0000000084400000, 0x0000000084400000| Untracked 
|  68|0x0000000084400000, 0x0000000084500000, 0x0000000084500000|100%| O|  |TAMS 0x0000000084500000, 0x0000000084500000| Untracked 
|  69|0x0000000084500000, 0x0000000084600000, 0x0000000084600000|100%| O|  |TAMS 0x0000000084600000, 0x0000000084600000| Untracked 
|  70|0x0000000084600000, 0x0000000084700000, 0x0000000084700000|100%| O|  |TAMS 0x0000000084700000, 0x0000000084700000| Untracked 
|  71|0x0000000084700000, 0x0000000084800000, 0x0000000084800000|100%| O|  |TAMS 0x0000000084800000, 0x0000000084800000| Untracked 
|  72|0x0000000084800000, 0x0000000084900000, 0x0000000084900000|100%| O|  |TAMS 0x0000000084900000, 0x0000000084900000| Untracked 
|  73|0x0000000084900000, 0x0000000084a00000, 0x0000000084a00000|100%| O|  |TAMS 0x0000000084a00000, 0x0000000084a00000| Untracked 
|  74|0x0000000084a00000, 0x0000000084b00000, 0x0000000084b00000|100%| O|  |TAMS 0x0000000084b00000, 0x0000000084b00000| Untracked 
|  75|0x0000000084b00000, 0x0000000084c00000, 0x0000000084c00000|100%| O|  |TAMS 0x0000000084c00000, 0x0000000084c00000| Untracked 
|  76|0x0000000084c00000, 0x0000000084d00000, 0x0000000084d00000|100%| O|  |TAMS 0x0000000084d00000, 0x0000000084d00000| Untracked 
|  77|0x0000000084d00000, 0x0000000084e00000, 0x0000000084e00000|100%| O|  |TAMS 0x0000000084e00000, 0x0000000084e00000| Untracked 
|  78|0x0000000084e00000, 0x0000000084f00000, 0x0000000084f00000|100%| O|  |TAMS 0x0000000084f00000, 0x0000000084f00000| Untracked 
|  79|0x0000000084f00000, 0x0000000085000000, 0x0000000085000000|100%| O|  |TAMS 0x0000000084f00000, 0x0000000084f00000| Untracked 
|  80|0x0000000085000000, 0x0000000085100000, 0x0000000085100000|100%| O|  |TAMS 0x0000000085100000, 0x0000000085100000| Untracked 
|  81|0x0000000085100000, 0x0000000085200000, 0x0000000085200000|100%| O|  |TAMS 0x0000000085182c00, 0x0000000085200000| Untracked 
|  82|0x0000000085200000, 0x0000000085300000, 0x0000000085300000|100%| O|  |TAMS 0x0000000085200000, 0x0000000085300000| Untracked 
|  83|0x0000000085300000, 0x0000000085400000, 0x0000000085400000|100%| O|  |TAMS 0x0000000085300000, 0x0000000085400000| Untracked 
|  84|0x0000000085400000, 0x0000000085500000, 0x0000000085500000|100%| O|  |TAMS 0x0000000085400000, 0x0000000085500000| Untracked 
|  85|0x0000000085500000, 0x0000000085600000, 0x0000000085600000|100%| O|  |TAMS 0x0000000085500000, 0x0000000085600000| Untracked 
|  86|0x0000000085600000, 0x0000000085700000, 0x0000000085700000|100%| O|  |TAMS 0x0000000085600000, 0x0000000085700000| Untracked 
|  87|0x0000000085700000, 0x0000000085800000, 0x0000000085800000|100%| O|  |TAMS 0x0000000085700000, 0x0000000085800000| Untracked 
|  88|0x0000000085800000, 0x0000000085900000, 0x0000000085900000|100%| O|  |TAMS 0x0000000085800000, 0x0000000085900000| Untracked 
|  89|0x0000000085900000, 0x0000000085a00000, 0x0000000085a00000|100%| O|  |TAMS 0x0000000085900000, 0x00000000859bb800| Untracked 
|  90|0x0000000085a00000, 0x0000000085b00000, 0x0000000085b00000|100%|HS|  |TAMS 0x0000000085a00000, 0x0000000085a00000| Complete 
|  91|0x0000000085b00000, 0x0000000085c00000, 0x0000000085c00000|100%|HC|  |TAMS 0x0000000085b00000, 0x0000000085b00000| Complete 
|  92|0x0000000085c00000, 0x0000000085d00000, 0x0000000085d00000|100%|HS|  |TAMS 0x0000000085c00000, 0x0000000085c00000| Complete 
|  93|0x0000000085d00000, 0x0000000085e00000, 0x0000000085e00000|100%|HC|  |TAMS 0x0000000085d00000, 0x0000000085d00000| Complete 
|  94|0x0000000085e00000, 0x0000000085f00000, 0x0000000085f00000|100%|HS|  |TAMS 0x0000000085e00000, 0x0000000085e00000| Complete 
|  95|0x0000000085f00000, 0x0000000086000000, 0x0000000086000000|100%|HC|  |TAMS 0x0000000085f00000, 0x0000000085f00000| Complete 
|  96|0x0000000086000000, 0x0000000086100000, 0x0000000086100000|100%|HS|  |TAMS 0x0000000086000000, 0x0000000086000000| Complete 
|  97|0x0000000086100000, 0x0000000086200000, 0x0000000086200000|100%|HC|  |TAMS 0x0000000086100000, 0x0000000086100000| Complete 
|  98|0x0000000086200000, 0x0000000086300000, 0x0000000086300000|100%|HS|  |TAMS 0x0000000086200000, 0x0000000086200000| Complete 
|  99|0x0000000086300000, 0x0000000086400000, 0x0000000086400000|100%|HC|  |TAMS 0x0000000086300000, 0x0000000086300000| Complete 
| 100|0x0000000086400000, 0x0000000086500000, 0x0000000086500000|100%|HS|  |TAMS 0x0000000086400000, 0x0000000086400000| Complete 
| 101|0x0000000086500000, 0x0000000086600000, 0x0000000086600000|100%|HS|  |TAMS 0x0000000086500000, 0x0000000086500000| Complete 
| 102|0x0000000086600000, 0x0000000086700000, 0x0000000086700000|100%|HS|  |TAMS 0x0000000086600000, 0x0000000086600000| Complete 
| 103|0x0000000086700000, 0x0000000086800000, 0x0000000086800000|100%|HS|  |TAMS 0x0000000086700000, 0x0000000086700000| Complete 
| 104|0x0000000086800000, 0x0000000086800000, 0x0000000086900000|  0%| F|  |TAMS 0x0000000086800000, 0x0000000086800000| Untracked 
| 105|0x0000000086900000, 0x0000000086900000, 0x0000000086a00000|  0%| F|  |TAMS 0x0000000086900000, 0x0000000086900000| Untracked 
| 106|0x0000000086a00000, 0x0000000086a00000, 0x0000000086b00000|  0%| F|  |TAMS 0x0000000086a00000, 0x0000000086a00000| Untracked 
| 107|0x0000000086b00000, 0x0000000086b00000, 0x0000000086c00000|  0%| F|  |TAMS 0x0000000086b00000, 0x0000000086b00000| Untracked 
| 108|0x0000000086c00000, 0x0000000086d00000, 0x0000000086d00000|100%|HS|  |TAMS 0x0000000086c00000, 0x0000000086d00000| Complete 
| 109|0x0000000086d00000, 0x0000000086e00000, 0x0000000086e00000|100%|HC|  |TAMS 0x0000000086d00000, 0x0000000086e00000| Complete 
| 110|0x0000000086e00000, 0x0000000086f00000, 0x0000000086f00000|100%|HS|  |TAMS 0x0000000086e00000, 0x0000000086f00000| Complete 
| 111|0x0000000086f00000, 0x0000000087000000, 0x0000000087000000|100%|HC|  |TAMS 0x0000000086f00000, 0x0000000087000000| Complete 
| 112|0x0000000087000000, 0x0000000087100000, 0x0000000087100000|100%|HS|  |TAMS 0x0000000087000000, 0x0000000087100000| Complete 
| 113|0x0000000087100000, 0x0000000087200000, 0x0000000087200000|100%|HC|  |TAMS 0x0000000087100000, 0x0000000087200000| Complete 
| 114|0x0000000087200000, 0x0000000087300000, 0x0000000087300000|100%| O|  |TAMS 0x0000000087200000, 0x0000000087200000| Untracked 
| 115|0x0000000087300000, 0x000000008733a000, 0x0000000087400000| 22%| O|  |TAMS 0x0000000087300000, 0x0000000087300000| Untracked 
| 116|0x0000000087400000, 0x0000000087400000, 0x0000000087500000|  0%| F|  |TAMS 0x0000000087400000, 0x0000000087400000| Untracked 
| 117|0x0000000087500000, 0x0000000087500000, 0x0000000087600000|  0%| F|  |TAMS 0x0000000087500000, 0x0000000087500000| Untracked 
| 118|0x0000000087600000, 0x0000000087600000, 0x0000000087700000|  0%| F|  |TAMS 0x0000000087600000, 0x0000000087600000| Untracked 
| 119|0x0000000087700000, 0x0000000087700000, 0x0000000087800000|  0%| F|  |TAMS 0x0000000087700000, 0x0000000087700000| Untracked 
| 120|0x0000000087800000, 0x0000000087800000, 0x0000000087900000|  0%| F|  |TAMS 0x0000000087800000, 0x0000000087800000| Untracked 
| 121|0x0000000087900000, 0x0000000087900000, 0x0000000087a00000|  0%| F|  |TAMS 0x0000000087900000, 0x0000000087900000| Untracked 
| 122|0x0000000087a00000, 0x0000000087a00000, 0x0000000087b00000|  0%| F|  |TAMS 0x0000000087a00000, 0x0000000087a00000| Untracked 
| 123|0x0000000087b00000, 0x0000000087b00000, 0x0000000087c00000|  0%| F|  |TAMS 0x0000000087b00000, 0x0000000087b00000| Untracked 
| 124|0x0000000087c00000, 0x0000000087c00000, 0x0000000087d00000|  0%| F|  |TAMS 0x0000000087c00000, 0x0000000087c00000| Untracked 
| 125|0x0000000087d00000, 0x0000000087d00000, 0x0000000087e00000|  0%| F|  |TAMS 0x0000000087d00000, 0x0000000087d00000| Untracked 
| 126|0x0000000087e00000, 0x0000000087e00000, 0x0000000087f00000|  0%| F|  |TAMS 0x0000000087e00000, 0x0000000087e00000| Untracked 
| 127|0x0000000087f00000, 0x0000000087f00000, 0x0000000088000000|  0%| F|  |TAMS 0x0000000087f00000, 0x0000000087f00000| Untracked 
| 128|0x0000000088000000, 0x0000000088000000, 0x0000000088100000|  0%| F|  |TAMS 0x0000000088000000, 0x0000000088000000| Untracked 
| 129|0x0000000088100000, 0x0000000088100000, 0x0000000088200000|  0%| F|  |TAMS 0x0000000088100000, 0x0000000088100000| Untracked 
| 130|0x0000000088200000, 0x0000000088200000, 0x0000000088300000|  0%| F|  |TAMS 0x0000000088200000, 0x0000000088200000| Untracked 
| 131|0x0000000088300000, 0x0000000088300000, 0x0000000088400000|  0%| F|  |TAMS 0x0000000088300000, 0x0000000088300000| Untracked 
| 132|0x0000000088400000, 0x0000000088400000, 0x0000000088500000|  0%| F|  |TAMS 0x0000000088400000, 0x0000000088400000| Untracked 
| 133|0x0000000088500000, 0x0000000088500000, 0x0000000088600000|  0%| F|  |TAMS 0x0000000088500000, 0x0000000088500000| Untracked 
| 134|0x0000000088600000, 0x0000000088600000, 0x0000000088700000|  0%| F|  |TAMS 0x0000000088600000, 0x0000000088600000| Untracked 
| 135|0x0000000088700000, 0x0000000088700000, 0x0000000088800000|  0%| F|  |TAMS 0x0000000088700000, 0x0000000088700000| Untracked 
| 136|0x0000000088800000, 0x0000000088800000, 0x0000000088900000|  0%| F|  |TAMS 0x0000000088800000, 0x0000000088800000| Untracked 
| 137|0x0000000088900000, 0x0000000088900000, 0x0000000088a00000|  0%| F|  |TAMS 0x0000000088900000, 0x0000000088900000| Untracked 
| 138|0x0000000088a00000, 0x0000000088a00000, 0x0000000088b00000|  0%| F|  |TAMS 0x0000000088a00000, 0x0000000088a00000| Untracked 
| 139|0x0000000088b00000, 0x0000000088b00000, 0x0000000088c00000|  0%| F|  |TAMS 0x0000000088b00000, 0x0000000088b00000| Untracked 
| 140|0x0000000088c00000, 0x0000000088c00000, 0x0000000088d00000|  0%| F|  |TAMS 0x0000000088c00000, 0x0000000088c00000| Untracked 
| 141|0x0000000088d00000, 0x0000000088d00000, 0x0000000088e00000|  0%| F|  |TAMS 0x0000000088d00000, 0x0000000088d00000| Untracked 
| 142|0x0000000088e00000, 0x0000000088e00000, 0x0000000088f00000|  0%| F|  |TAMS 0x0000000088e00000, 0x0000000088e00000| Untracked 
| 143|0x0000000088f00000, 0x0000000088f00000, 0x0000000089000000|  0%| F|  |TAMS 0x0000000088f00000, 0x0000000088f00000| Untracked 
| 144|0x0000000089000000, 0x0000000089000000, 0x0000000089100000|  0%| F|  |TAMS 0x0000000089000000, 0x0000000089000000| Untracked 
| 145|0x0000000089100000, 0x0000000089100000, 0x0000000089200000|  0%| F|  |TAMS 0x0000000089100000, 0x0000000089100000| Untracked 
| 146|0x0000000089200000, 0x0000000089200000, 0x0000000089300000|  0%| F|  |TAMS 0x0000000089200000, 0x0000000089200000| Untracked 
| 147|0x0000000089300000, 0x0000000089300000, 0x0000000089400000|  0%| F|  |TAMS 0x0000000089300000, 0x0000000089300000| Untracked 
| 148|0x0000000089400000, 0x0000000089400000, 0x0000000089500000|  0%| F|  |TAMS 0x0000000089400000, 0x0000000089400000| Untracked 
| 149|0x0000000089500000, 0x0000000089500000, 0x0000000089600000|  0%| F|  |TAMS 0x0000000089500000, 0x0000000089500000| Untracked 
| 150|0x0000000089600000, 0x0000000089600000, 0x0000000089700000|  0%| F|  |TAMS 0x0000000089600000, 0x0000000089600000| Untracked 
| 151|0x0000000089700000, 0x0000000089700000, 0x0000000089800000|  0%| F|  |TAMS 0x0000000089700000, 0x0000000089700000| Untracked 
| 152|0x0000000089800000, 0x0000000089800000, 0x0000000089900000|  0%| F|  |TAMS 0x0000000089800000, 0x0000000089800000| Untracked 
| 153|0x0000000089900000, 0x0000000089900000, 0x0000000089a00000|  0%| F|  |TAMS 0x0000000089900000, 0x0000000089900000| Untracked 
| 154|0x0000000089a00000, 0x0000000089a00000, 0x0000000089b00000|  0%| F|  |TAMS 0x0000000089a00000, 0x0000000089a00000| Untracked 
| 155|0x0000000089b00000, 0x0000000089b00000, 0x0000000089c00000|  0%| F|  |TAMS 0x0000000089b00000, 0x0000000089b00000| Untracked 
| 156|0x0000000089c00000, 0x0000000089c00000, 0x0000000089d00000|  0%| F|  |TAMS 0x0000000089c00000, 0x0000000089c00000| Untracked 
| 157|0x0000000089d00000, 0x0000000089d00000, 0x0000000089e00000|  0%| F|  |TAMS 0x0000000089d00000, 0x0000000089d00000| Untracked 
| 158|0x0000000089e00000, 0x0000000089e00000, 0x0000000089f00000|  0%| F|  |TAMS 0x0000000089e00000, 0x0000000089e00000| Untracked 
| 159|0x0000000089f00000, 0x0000000089f00000, 0x000000008a000000|  0%| F|  |TAMS 0x0000000089f00000, 0x0000000089f00000| Untracked 
| 160|0x000000008a000000, 0x000000008a000000, 0x000000008a100000|  0%| F|  |TAMS 0x000000008a000000, 0x000000008a000000| Untracked 
| 161|0x000000008a100000, 0x000000008a100000, 0x000000008a200000|  0%| F|  |TAMS 0x000000008a100000, 0x000000008a100000| Untracked 
| 162|0x000000008a200000, 0x000000008a200000, 0x000000008a300000|  0%| F|  |TAMS 0x000000008a200000, 0x000000008a200000| Untracked 
| 163|0x000000008a300000, 0x000000008a300000, 0x000000008a400000|  0%| F|  |TAMS 0x000000008a300000, 0x000000008a300000| Untracked 
| 164|0x000000008a400000, 0x000000008a400000, 0x000000008a500000|  0%| F|  |TAMS 0x000000008a400000, 0x000000008a400000| Untracked 
| 165|0x000000008a500000, 0x000000008a500000, 0x000000008a600000|  0%| F|  |TAMS 0x000000008a500000, 0x000000008a500000| Untracked 
| 166|0x000000008a600000, 0x000000008a600000, 0x000000008a700000|  0%| F|  |TAMS 0x000000008a600000, 0x000000008a600000| Untracked 
| 167|0x000000008a700000, 0x000000008a700000, 0x000000008a800000|  0%| F|  |TAMS 0x000000008a700000, 0x000000008a700000| Untracked 
| 168|0x000000008a800000, 0x000000008a800000, 0x000000008a900000|  0%| F|  |TAMS 0x000000008a800000, 0x000000008a800000| Untracked 
| 169|0x000000008a900000, 0x000000008a900000, 0x000000008aa00000|  0%| F|  |TAMS 0x000000008a900000, 0x000000008a900000| Untracked 
| 170|0x000000008aa00000, 0x000000008aa00000, 0x000000008ab00000|  0%| F|  |TAMS 0x000000008aa00000, 0x000000008aa00000| Untracked 
| 171|0x000000008ab00000, 0x000000008ab00000, 0x000000008ac00000|  0%| F|  |TAMS 0x000000008ab00000, 0x000000008ab00000| Untracked 
| 172|0x000000008ac00000, 0x000000008ac00000, 0x000000008ad00000|  0%| F|  |TAMS 0x000000008ac00000, 0x000000008ac00000| Untracked 
| 173|0x000000008ad00000, 0x000000008ad00000, 0x000000008ae00000|  0%| F|  |TAMS 0x000000008ad00000, 0x000000008ad00000| Untracked 
| 174|0x000000008ae00000, 0x000000008ae00000, 0x000000008af00000|  0%| F|  |TAMS 0x000000008ae00000, 0x000000008ae00000| Untracked 
| 175|0x000000008af00000, 0x000000008af00000, 0x000000008b000000|  0%| F|  |TAMS 0x000000008af00000, 0x000000008af00000| Untracked 
| 176|0x000000008b000000, 0x000000008b000000, 0x000000008b100000|  0%| F|  |TAMS 0x000000008b000000, 0x000000008b000000| Untracked 
| 177|0x000000008b100000, 0x000000008b1f3100, 0x000000008b200000| 94%| S|CS|TAMS 0x000000008b100000, 0x000000008b100000| Complete 
| 178|0x000000008b200000, 0x000000008b300000, 0x000000008b300000|100%| S|CS|TAMS 0x000000008b200000, 0x000000008b200000| Complete 
| 179|0x000000008b300000, 0x000000008b400000, 0x000000008b400000|100%| S|CS|TAMS 0x000000008b300000, 0x000000008b300000| Complete 
| 180|0x000000008b400000, 0x000000008b400000, 0x000000008b500000|  0%| F|  |TAMS 0x000000008b400000, 0x000000008b400000| Untracked 
| 181|0x000000008b500000, 0x000000008b500000, 0x000000008b600000|  0%| F|  |TAMS 0x000000008b500000, 0x000000008b500000| Untracked 
| 182|0x000000008b600000, 0x000000008b600000, 0x000000008b700000|  0%| F|  |TAMS 0x000000008b600000, 0x000000008b600000| Untracked 
| 183|0x000000008b700000, 0x000000008b700000, 0x000000008b800000|  0%| F|  |TAMS 0x000000008b700000, 0x000000008b700000| Untracked 
| 184|0x000000008b800000, 0x000000008b800000, 0x000000008b900000|  0%| F|  |TAMS 0x000000008b800000, 0x000000008b800000| Untracked 
| 185|0x000000008b900000, 0x000000008b900000, 0x000000008ba00000|  0%| F|  |TAMS 0x000000008b900000, 0x000000008b900000| Untracked 
| 186|0x000000008ba00000, 0x000000008ba00000, 0x000000008bb00000|  0%| F|  |TAMS 0x000000008ba00000, 0x000000008ba00000| Untracked 
| 187|0x000000008bb00000, 0x000000008bb00000, 0x000000008bc00000|  0%| F|  |TAMS 0x000000008bb00000, 0x000000008bb00000| Untracked 
| 188|0x000000008bc00000, 0x000000008bc00000, 0x000000008bd00000|  0%| F|  |TAMS 0x000000008bc00000, 0x000000008bc00000| Untracked 
| 189|0x000000008bd00000, 0x000000008bd00000, 0x000000008be00000|  0%| F|  |TAMS 0x000000008bd00000, 0x000000008bd00000| Untracked 
| 190|0x000000008be00000, 0x000000008be00000, 0x000000008bf00000|  0%| F|  |TAMS 0x000000008be00000, 0x000000008be00000| Untracked 
| 191|0x000000008bf00000, 0x000000008bf00000, 0x000000008c000000|  0%| F|  |TAMS 0x000000008bf00000, 0x000000008bf00000| Untracked 
| 192|0x000000008c000000, 0x000000008c000000, 0x000000008c100000|  0%| F|  |TAMS 0x000000008c000000, 0x000000008c000000| Untracked 
| 193|0x000000008c100000, 0x000000008c100000, 0x000000008c200000|  0%| F|  |TAMS 0x000000008c100000, 0x000000008c100000| Untracked 
| 194|0x000000008c200000, 0x000000008c200000, 0x000000008c300000|  0%| F|  |TAMS 0x000000008c200000, 0x000000008c200000| Untracked 
| 195|0x000000008c300000, 0x000000008c300000, 0x000000008c400000|  0%| F|  |TAMS 0x000000008c300000, 0x000000008c300000| Untracked 
| 196|0x000000008c400000, 0x000000008c400000, 0x000000008c500000|  0%| F|  |TAMS 0x000000008c400000, 0x000000008c400000| Untracked 
| 197|0x000000008c500000, 0x000000008c500000, 0x000000008c600000|  0%| F|  |TAMS 0x000000008c500000, 0x000000008c500000| Untracked 
| 198|0x000000008c600000, 0x000000008c600000, 0x000000008c700000|  0%| F|  |TAMS 0x000000008c600000, 0x000000008c600000| Untracked 
| 199|0x000000008c700000, 0x000000008c700000, 0x000000008c800000|  0%| F|  |TAMS 0x000000008c700000, 0x000000008c700000| Untracked 
| 200|0x000000008c800000, 0x000000008c800000, 0x000000008c900000|  0%| F|  |TAMS 0x000000008c800000, 0x000000008c800000| Untracked 
| 201|0x000000008c900000, 0x000000008c900000, 0x000000008ca00000|  0%| F|  |TAMS 0x000000008c900000, 0x000000008c900000| Untracked 
| 202|0x000000008ca00000, 0x000000008caaab50, 0x000000008cb00000| 66%| E|  |TAMS 0x000000008ca00000, 0x000000008ca00000| Complete 
| 203|0x000000008cb00000, 0x000000008cc00000, 0x000000008cc00000|100%| E|CS|TAMS 0x000000008cb00000, 0x000000008cb00000| Complete 
| 204|0x000000008cc00000, 0x000000008cd00000, 0x000000008cd00000|100%| E|CS|TAMS 0x000000008cc00000, 0x000000008cc00000| Complete 
| 205|0x000000008cd00000, 0x000000008ce00000, 0x000000008ce00000|100%| E|CS|TAMS 0x000000008cd00000, 0x000000008cd00000| Complete 
| 206|0x000000008ce00000, 0x000000008cf00000, 0x000000008cf00000|100%| E|CS|TAMS 0x000000008ce00000, 0x000000008ce00000| Complete 
| 207|0x000000008cf00000, 0x000000008d000000, 0x000000008d000000|100%| E|CS|TAMS 0x000000008cf00000, 0x000000008cf00000| Complete 
| 208|0x000000008d000000, 0x000000008d100000, 0x000000008d100000|100%| E|CS|TAMS 0x000000008d000000, 0x000000008d000000| Complete 
| 209|0x000000008d100000, 0x000000008d200000, 0x000000008d200000|100%| E|CS|TAMS 0x000000008d100000, 0x000000008d100000| Complete 
| 210|0x000000008d200000, 0x000000008d300000, 0x000000008d300000|100%| E|CS|TAMS 0x000000008d200000, 0x000000008d200000| Complete 
| 211|0x000000008d300000, 0x000000008d400000, 0x000000008d400000|100%| E|CS|TAMS 0x000000008d300000, 0x000000008d300000| Complete 
| 212|0x000000008d400000, 0x000000008d500000, 0x000000008d500000|100%| E|CS|TAMS 0x000000008d400000, 0x000000008d400000| Complete 
| 213|0x000000008d500000, 0x000000008d600000, 0x000000008d600000|100%| E|CS|TAMS 0x000000008d500000, 0x000000008d500000| Complete 
| 214|0x000000008d600000, 0x000000008d700000, 0x000000008d700000|100%| E|CS|TAMS 0x000000008d600000, 0x000000008d600000| Complete 
| 215|0x000000008d700000, 0x000000008d800000, 0x000000008d800000|100%| E|CS|TAMS 0x000000008d700000, 0x000000008d700000| Complete 
| 216|0x000000008d800000, 0x000000008d900000, 0x000000008d900000|100%| E|CS|TAMS 0x000000008d800000, 0x000000008d800000| Complete 
| 217|0x000000008d900000, 0x000000008da00000, 0x000000008da00000|100%| E|CS|TAMS 0x000000008d900000, 0x000000008d900000| Complete 
| 218|0x000000008da00000, 0x000000008db00000, 0x000000008db00000|100%| E|CS|TAMS 0x000000008da00000, 0x000000008da00000| Complete 
| 219|0x000000008db00000, 0x000000008dc00000, 0x000000008dc00000|100%| E|CS|TAMS 0x000000008db00000, 0x000000008db00000| Complete 
| 220|0x000000008dc00000, 0x000000008dd00000, 0x000000008dd00000|100%| E|CS|TAMS 0x000000008dc00000, 0x000000008dc00000| Complete 
| 221|0x000000008dd00000, 0x000000008de00000, 0x000000008de00000|100%| E|CS|TAMS 0x000000008dd00000, 0x000000008dd00000| Complete 
| 222|0x000000008de00000, 0x000000008df00000, 0x000000008df00000|100%| E|CS|TAMS 0x000000008de00000, 0x000000008de00000| Complete 
| 223|0x000000008df00000, 0x000000008e000000, 0x000000008e000000|100%| E|CS|TAMS 0x000000008df00000, 0x000000008df00000| Complete 
| 224|0x000000008e000000, 0x000000008e100000, 0x000000008e100000|100%| E|CS|TAMS 0x000000008e000000, 0x000000008e000000| Complete 
| 225|0x000000008e100000, 0x000000008e200000, 0x000000008e200000|100%| E|CS|TAMS 0x000000008e100000, 0x000000008e100000| Complete 
| 226|0x000000008e200000, 0x000000008e300000, 0x000000008e300000|100%| E|CS|TAMS 0x000000008e200000, 0x000000008e200000| Complete 
| 227|0x000000008e300000, 0x000000008e400000, 0x000000008e400000|100%| E|CS|TAMS 0x000000008e300000, 0x000000008e300000| Complete 
| 228|0x000000008e400000, 0x000000008e500000, 0x000000008e500000|100%| E|CS|TAMS 0x000000008e400000, 0x000000008e400000| Complete 
| 229|0x000000008e500000, 0x000000008e600000, 0x000000008e600000|100%| E|CS|TAMS 0x000000008e500000, 0x000000008e500000| Complete 
| 230|0x000000008e600000, 0x000000008e700000, 0x000000008e700000|100%| E|CS|TAMS 0x000000008e600000, 0x000000008e600000| Complete 
| 231|0x000000008e700000, 0x000000008e800000, 0x000000008e800000|100%| E|CS|TAMS 0x000000008e700000, 0x000000008e700000| Complete 
| 232|0x000000008e800000, 0x000000008e900000, 0x000000008e900000|100%| E|CS|TAMS 0x000000008e800000, 0x000000008e800000| Complete 
| 233|0x000000008e900000, 0x000000008ea00000, 0x000000008ea00000|100%| E|CS|TAMS 0x000000008e900000, 0x000000008e900000| Complete 
| 234|0x000000008ea00000, 0x000000008eb00000, 0x000000008eb00000|100%| E|  |TAMS 0x000000008ea00000, 0x000000008ea00000| Complete 
| 235|0x000000008eb00000, 0x000000008ec00000, 0x000000008ec00000|100%| E|CS|TAMS 0x000000008eb00000, 0x000000008eb00000| Complete 
| 236|0x000000008ec00000, 0x000000008ed00000, 0x000000008ed00000|100%| E|CS|TAMS 0x000000008ec00000, 0x000000008ec00000| Complete 
| 237|0x000000008ed00000, 0x000000008ee00000, 0x000000008ee00000|100%| E|CS|TAMS 0x000000008ed00000, 0x000000008ed00000| Complete 
| 238|0x000000008ee00000, 0x000000008ef00000, 0x000000008ef00000|100%| E|CS|TAMS 0x000000008ee00000, 0x000000008ee00000| Complete 
| 239|0x000000008ef00000, 0x000000008f000000, 0x000000008f000000|100%| E|CS|TAMS 0x000000008ef00000, 0x000000008ef00000| Complete 
| 240|0x000000008f000000, 0x000000008f100000, 0x000000008f100000|100%| E|CS|TAMS 0x000000008f000000, 0x000000008f000000| Complete 
| 241|0x000000008f100000, 0x000000008f200000, 0x000000008f200000|100%| E|CS|TAMS 0x000000008f100000, 0x000000008f100000| Complete 
| 242|0x000000008f200000, 0x000000008f300000, 0x000000008f300000|100%| E|CS|TAMS 0x000000008f200000, 0x000000008f200000| Complete 
| 243|0x000000008f300000, 0x000000008f400000, 0x000000008f400000|100%| E|CS|TAMS 0x000000008f300000, 0x000000008f300000| Complete 
| 244|0x000000008f400000, 0x000000008f500000, 0x000000008f500000|100%| E|CS|TAMS 0x000000008f400000, 0x000000008f400000| Complete 
| 245|0x000000008f500000, 0x000000008f600000, 0x000000008f600000|100%| E|CS|TAMS 0x000000008f500000, 0x000000008f500000| Complete 
| 246|0x000000008f600000, 0x000000008f700000, 0x000000008f700000|100%| E|CS|TAMS 0x000000008f600000, 0x000000008f600000| Complete 
| 247|0x000000008f700000, 0x000000008f800000, 0x000000008f800000|100%| E|CS|TAMS 0x000000008f700000, 0x000000008f700000| Complete 
| 248|0x000000008f800000, 0x000000008f900000, 0x000000008f900000|100%| E|CS|TAMS 0x000000008f800000, 0x000000008f800000| Complete 
| 249|0x000000008f900000, 0x000000008fa00000, 0x000000008fa00000|100%| E|CS|TAMS 0x000000008f900000, 0x000000008f900000| Complete 
| 250|0x000000008fa00000, 0x000000008fb00000, 0x000000008fb00000|100%| E|CS|TAMS 0x000000008fa00000, 0x000000008fa00000| Complete 
| 251|0x000000008fb00000, 0x000000008fc00000, 0x000000008fc00000|100%| E|CS|TAMS 0x000000008fb00000, 0x000000008fb00000| Complete 
| 252|0x000000008fc00000, 0x000000008fd00000, 0x000000008fd00000|100%| E|CS|TAMS 0x000000008fc00000, 0x000000008fc00000| Complete 
| 253|0x000000008fd00000, 0x000000008fe00000, 0x000000008fe00000|100%| E|CS|TAMS 0x000000008fd00000, 0x000000008fd00000| Complete 
| 254|0x000000008fe00000, 0x000000008ff00000, 0x000000008ff00000|100%| E|CS|TAMS 0x000000008fe00000, 0x000000008fe00000| Complete 
| 255|0x000000008ff00000, 0x0000000090000000, 0x0000000090000000|100%| E|CS|TAMS 0x000000008ff00000, 0x000000008ff00000| Complete 
| 256|0x0000000090000000, 0x0000000090100000, 0x0000000090100000|100%| E|CS|TAMS 0x0000000090000000, 0x0000000090000000| Complete 
| 257|0x0000000090100000, 0x0000000090200000, 0x0000000090200000|100%| E|CS|TAMS 0x0000000090100000, 0x0000000090100000| Complete 
| 258|0x0000000090200000, 0x0000000090300000, 0x0000000090300000|100%| E|CS|TAMS 0x0000000090200000, 0x0000000090200000| Complete 
| 259|0x0000000090300000, 0x0000000090400000, 0x0000000090400000|100%| E|CS|TAMS 0x0000000090300000, 0x0000000090300000| Complete 
| 260|0x0000000090400000, 0x0000000090500000, 0x0000000090500000|100%| E|CS|TAMS 0x0000000090400000, 0x0000000090400000| Complete 
| 261|0x0000000090500000, 0x0000000090600000, 0x0000000090600000|100%| E|CS|TAMS 0x0000000090500000, 0x0000000090500000| Complete 
| 262|0x0000000090600000, 0x0000000090700000, 0x0000000090700000|100%| E|CS|TAMS 0x0000000090600000, 0x0000000090600000| Complete 
| 263|0x0000000090700000, 0x0000000090800000, 0x0000000090800000|100%| E|CS|TAMS 0x0000000090700000, 0x0000000090700000| Complete 
| 264|0x0000000090800000, 0x0000000090900000, 0x0000000090900000|100%| E|CS|TAMS 0x0000000090800000, 0x0000000090800000| Complete 
| 265|0x0000000090900000, 0x0000000090a00000, 0x0000000090a00000|100%| E|CS|TAMS 0x0000000090900000, 0x0000000090900000| Complete 
| 266|0x0000000090a00000, 0x0000000090b00000, 0x0000000090b00000|100%| E|CS|TAMS 0x0000000090a00000, 0x0000000090a00000| Complete 
| 267|0x0000000090b00000, 0x0000000090c00000, 0x0000000090c00000|100%| E|CS|TAMS 0x0000000090b00000, 0x0000000090b00000| Complete 
| 268|0x0000000090c00000, 0x0000000090d00000, 0x0000000090d00000|100%| E|CS|TAMS 0x0000000090c00000, 0x0000000090c00000| Complete 
| 269|0x0000000090d00000, 0x0000000090e00000, 0x0000000090e00000|100%| E|CS|TAMS 0x0000000090d00000, 0x0000000090d00000| Complete 
| 270|0x0000000090e00000, 0x0000000090f00000, 0x0000000090f00000|100%| E|CS|TAMS 0x0000000090e00000, 0x0000000090e00000| Complete 
| 271|0x0000000090f00000, 0x0000000091000000, 0x0000000091000000|100%| E|CS|TAMS 0x0000000090f00000, 0x0000000090f00000| Complete 
| 272|0x0000000091000000, 0x0000000091100000, 0x0000000091100000|100%| E|CS|TAMS 0x0000000091000000, 0x0000000091000000| Complete 
| 273|0x0000000091100000, 0x0000000091200000, 0x0000000091200000|100%| E|CS|TAMS 0x0000000091100000, 0x0000000091100000| Complete 
| 274|0x0000000091200000, 0x0000000091300000, 0x0000000091300000|100%| E|CS|TAMS 0x0000000091200000, 0x0000000091200000| Complete 
| 275|0x0000000091300000, 0x0000000091400000, 0x0000000091400000|100%| E|CS|TAMS 0x0000000091300000, 0x0000000091300000| Complete 
| 276|0x0000000091400000, 0x0000000091500000, 0x0000000091500000|100%| E|CS|TAMS 0x0000000091400000, 0x0000000091400000| Complete 
| 277|0x0000000091500000, 0x0000000091600000, 0x0000000091600000|100%| E|CS|TAMS 0x0000000091500000, 0x0000000091500000| Complete 
| 278|0x0000000091600000, 0x0000000091700000, 0x0000000091700000|100%| E|CS|TAMS 0x0000000091600000, 0x0000000091600000| Complete 
| 279|0x0000000091700000, 0x0000000091800000, 0x0000000091800000|100%| E|CS|TAMS 0x0000000091700000, 0x0000000091700000| Complete 
| 280|0x0000000091800000, 0x0000000091900000, 0x0000000091900000|100%| E|CS|TAMS 0x0000000091800000, 0x0000000091800000| Complete 
| 281|0x0000000091900000, 0x0000000091a00000, 0x0000000091a00000|100%| E|CS|TAMS 0x0000000091900000, 0x0000000091900000| Complete 
| 282|0x0000000091a00000, 0x0000000091b00000, 0x0000000091b00000|100%| E|CS|TAMS 0x0000000091a00000, 0x0000000091a00000| Complete 
| 283|0x0000000091b00000, 0x0000000091c00000, 0x0000000091c00000|100%| E|CS|TAMS 0x0000000091b00000, 0x0000000091b00000| Complete 
| 284|0x0000000091c00000, 0x0000000091d00000, 0x0000000091d00000|100%| E|CS|TAMS 0x0000000091c00000, 0x0000000091c00000| Complete 
| 285|0x0000000091d00000, 0x0000000091e00000, 0x0000000091e00000|100%| E|CS|TAMS 0x0000000091d00000, 0x0000000091d00000| Complete 
| 286|0x0000000091e00000, 0x0000000091f00000, 0x0000000091f00000|100%| E|CS|TAMS 0x0000000091e00000, 0x0000000091e00000| Complete 
| 287|0x0000000091f00000, 0x0000000092000000, 0x0000000092000000|100%| E|CS|TAMS 0x0000000091f00000, 0x0000000091f00000| Complete 
| 288|0x0000000092000000, 0x0000000092100000, 0x0000000092100000|100%| E|CS|TAMS 0x0000000092000000, 0x0000000092000000| Complete 
| 289|0x0000000092100000, 0x0000000092200000, 0x0000000092200000|100%| E|CS|TAMS 0x0000000092100000, 0x0000000092100000| Complete 
| 290|0x0000000092200000, 0x0000000092300000, 0x0000000092300000|100%| E|CS|TAMS 0x0000000092200000, 0x0000000092200000| Complete 
| 291|0x0000000092300000, 0x0000000092400000, 0x0000000092400000|100%| E|CS|TAMS 0x0000000092300000, 0x0000000092300000| Complete 
| 292|0x0000000092400000, 0x0000000092500000, 0x0000000092500000|100%| E|CS|TAMS 0x0000000092400000, 0x0000000092400000| Complete 
| 293|0x0000000092500000, 0x0000000092600000, 0x0000000092600000|100%| E|CS|TAMS 0x0000000092500000, 0x0000000092500000| Complete 
| 294|0x0000000092600000, 0x0000000092700000, 0x0000000092700000|100%| E|CS|TAMS 0x0000000092600000, 0x0000000092600000| Complete 
| 295|0x0000000092700000, 0x0000000092800000, 0x0000000092800000|100%| E|CS|TAMS 0x0000000092700000, 0x0000000092700000| Complete 
| 296|0x0000000092800000, 0x0000000092900000, 0x0000000092900000|100%| E|CS|TAMS 0x0000000092800000, 0x0000000092800000| Complete 
| 297|0x0000000092900000, 0x0000000092a00000, 0x0000000092a00000|100%| E|CS|TAMS 0x0000000092900000, 0x0000000092900000| Complete 
| 298|0x0000000092a00000, 0x0000000092b00000, 0x0000000092b00000|100%| E|CS|TAMS 0x0000000092a00000, 0x0000000092a00000| Complete 
| 299|0x0000000092b00000, 0x0000000092c00000, 0x0000000092c00000|100%| E|CS|TAMS 0x0000000092b00000, 0x0000000092b00000| Complete 
| 300|0x0000000092c00000, 0x0000000092d00000, 0x0000000092d00000|100%| E|CS|TAMS 0x0000000092c00000, 0x0000000092c00000| Complete 
| 301|0x0000000092d00000, 0x0000000092e00000, 0x0000000092e00000|100%| E|CS|TAMS 0x0000000092d00000, 0x0000000092d00000| Complete 
| 302|0x0000000092e00000, 0x0000000092f00000, 0x0000000092f00000|100%| E|CS|TAMS 0x0000000092e00000, 0x0000000092e00000| Complete 
| 303|0x0000000092f00000, 0x0000000093000000, 0x0000000093000000|100%| E|CS|TAMS 0x0000000092f00000, 0x0000000092f00000| Complete 
| 304|0x0000000093000000, 0x0000000093100000, 0x0000000093100000|100%| E|CS|TAMS 0x0000000093000000, 0x0000000093000000| Complete 
| 305|0x0000000093100000, 0x0000000093200000, 0x0000000093200000|100%| E|CS|TAMS 0x0000000093100000, 0x0000000093100000| Complete 
| 306|0x0000000093200000, 0x0000000093300000, 0x0000000093300000|100%| E|CS|TAMS 0x0000000093200000, 0x0000000093200000| Complete 
| 307|0x0000000093300000, 0x0000000093400000, 0x0000000093400000|100%| E|CS|TAMS 0x0000000093300000, 0x0000000093300000| Complete 
| 308|0x0000000093400000, 0x0000000093500000, 0x0000000093500000|100%| E|CS|TAMS 0x0000000093400000, 0x0000000093400000| Complete 
| 309|0x0000000093500000, 0x0000000093600000, 0x0000000093600000|100%| E|CS|TAMS 0x0000000093500000, 0x0000000093500000| Complete 
| 310|0x0000000093600000, 0x0000000093700000, 0x0000000093700000|100%| E|CS|TAMS 0x0000000093600000, 0x0000000093600000| Complete 
| 311|0x0000000093700000, 0x0000000093800000, 0x0000000093800000|100%| E|CS|TAMS 0x0000000093700000, 0x0000000093700000| Complete 
| 312|0x0000000093800000, 0x0000000093900000, 0x0000000093900000|100%| E|CS|TAMS 0x0000000093800000, 0x0000000093800000| Complete 
| 313|0x0000000093900000, 0x0000000093a00000, 0x0000000093a00000|100%| E|CS|TAMS 0x0000000093900000, 0x0000000093900000| Complete 
| 314|0x0000000093a00000, 0x0000000093b00000, 0x0000000093b00000|100%| E|CS|TAMS 0x0000000093a00000, 0x0000000093a00000| Complete 
| 315|0x0000000093b00000, 0x0000000093c00000, 0x0000000093c00000|100%| E|CS|TAMS 0x0000000093b00000, 0x0000000093b00000| Complete 
| 316|0x0000000093c00000, 0x0000000093d00000, 0x0000000093d00000|100%| E|CS|TAMS 0x0000000093c00000, 0x0000000093c00000| Complete 
| 317|0x0000000093d00000, 0x0000000093e00000, 0x0000000093e00000|100%| E|CS|TAMS 0x0000000093d00000, 0x0000000093d00000| Complete 
| 318|0x0000000093e00000, 0x0000000093f00000, 0x0000000093f00000|100%| E|CS|TAMS 0x0000000093e00000, 0x0000000093e00000| Complete 
| 319|0x0000000093f00000, 0x0000000094000000, 0x0000000094000000|100%| E|CS|TAMS 0x0000000093f00000, 0x0000000093f00000| Complete 
| 320|0x0000000094000000, 0x0000000094100000, 0x0000000094100000|100%| E|CS|TAMS 0x0000000094000000, 0x0000000094000000| Complete 
| 321|0x0000000094100000, 0x0000000094200000, 0x0000000094200000|100%| E|CS|TAMS 0x0000000094100000, 0x0000000094100000| Complete 
| 322|0x0000000094200000, 0x0000000094300000, 0x0000000094300000|100%| E|CS|TAMS 0x0000000094200000, 0x0000000094200000| Complete 
| 323|0x0000000094300000, 0x0000000094400000, 0x0000000094400000|100%| E|CS|TAMS 0x0000000094300000, 0x0000000094300000| Complete 
| 324|0x0000000094400000, 0x0000000094500000, 0x0000000094500000|100%| E|CS|TAMS 0x0000000094400000, 0x0000000094400000| Complete 
| 325|0x0000000094500000, 0x0000000094600000, 0x0000000094600000|100%| E|CS|TAMS 0x0000000094500000, 0x0000000094500000| Complete 
| 326|0x0000000094600000, 0x0000000094700000, 0x0000000094700000|100%| E|CS|TAMS 0x0000000094600000, 0x0000000094600000| Complete 
| 327|0x0000000094700000, 0x0000000094800000, 0x0000000094800000|100%| E|CS|TAMS 0x0000000094700000, 0x0000000094700000| Complete 
| 328|0x0000000094800000, 0x0000000094900000, 0x0000000094900000|100%| E|CS|TAMS 0x0000000094800000, 0x0000000094800000| Complete 
| 329|0x0000000094900000, 0x0000000094a00000, 0x0000000094a00000|100%| E|CS|TAMS 0x0000000094900000, 0x0000000094900000| Complete 
| 330|0x0000000094a00000, 0x0000000094b00000, 0x0000000094b00000|100%| E|CS|TAMS 0x0000000094a00000, 0x0000000094a00000| Complete 
| 331|0x0000000094b00000, 0x0000000094c00000, 0x0000000094c00000|100%| E|CS|TAMS 0x0000000094b00000, 0x0000000094b00000| Complete 
| 332|0x0000000094c00000, 0x0000000094d00000, 0x0000000094d00000|100%| E|CS|TAMS 0x0000000094c00000, 0x0000000094c00000| Complete 
| 333|0x0000000094d00000, 0x0000000094e00000, 0x0000000094e00000|100%| E|CS|TAMS 0x0000000094d00000, 0x0000000094d00000| Complete 
| 334|0x0000000094e00000, 0x0000000094f00000, 0x0000000094f00000|100%| E|CS|TAMS 0x0000000094e00000, 0x0000000094e00000| Complete 
| 335|0x0000000094f00000, 0x0000000095000000, 0x0000000095000000|100%| E|CS|TAMS 0x0000000094f00000, 0x0000000094f00000| Complete 

Card table byte_map: [0x00000227a63e0000,0x00000227a67e0000] _byte_map_base: 0x00000227a5fe0000

Marking Bits (Prev, Next): (CMBitMap*) 0x0000022793b66bb0, (CMBitMap*) 0x0000022793b66bf0
 Prev Bits: [0x00000227a6be0000, 0x00000227a8be0000)
 Next Bits: [0x00000227a8be0000, 0x00000227aabe0000)

Polling page: 0x0000022791940000

Metaspace:

Usage:
  Non-class:     83.98 MB used.
      Class:     13.00 MB used.
       Both:     96.98 MB used.

Virtual space:
  Non-class space:       88.00 MB reserved,      84.38 MB ( 96%) committed,  11 nodes.
      Class space:        1.00 GB reserved,      13.38 MB (  1%) committed,  1 nodes.
             Both:        1.09 GB reserved,      97.75 MB (  9%) committed. 

Chunk freelists:
   Non-Class:  3.47 MB
       Class:  2.54 MB
        Both:  6.01 MB

MaxMetaspaceSize: unlimited
CompressedClassSpaceSize: 1.00 GB
Initial GC threshold: 21.00 MB
Current GC threshold: 140.44 MB
CDS: off
MetaspaceReclaimPolicy: balanced
 - commit_granule_bytes: 65536.
 - commit_granule_words: 8192.
 - virtual_space_node_default_size: 1048576.
 - enlarge_chunks_in_place: 1.
 - new_chunks_are_fully_committed: 0.
 - uncommit_free_chunks: 1.
 - use_allocation_guard: 0.
 - handle_deallocations: 1.


Internal statistics:

num_allocs_failed_limit: 12.
num_arena_births: 1106.
num_arena_deaths: 6.
num_vsnodes_births: 12.
num_vsnodes_deaths: 0.
num_space_committed: 1564.
num_space_uncommitted: 0.
num_chunks_returned_to_freelist: 19.
num_chunks_taken_from_freelist: 4815.
num_chunk_merges: 11.
num_chunk_splits: 3131.
num_chunks_enlarged: 2050.
num_purges: 2.
num_inconsistent_stats: 0.

CodeHeap 'non-profiled nmethods': size=120000Kb used=7578Kb max_used=8339Kb free=112421Kb
 bounds [0x000002279eab0000, 0x000002279f2e0000, 0x00000227a5fe0000]
CodeHeap 'profiled nmethods': size=120000Kb used=23244Kb max_used=25223Kb free=96755Kb
 bounds [0x0000022796fe0000, 0x0000022798890000, 0x000002279e510000]
CodeHeap 'non-nmethods': size=5760Kb used=2400Kb max_used=2450Kb free=3359Kb
 bounds [0x000002279e510000, 0x000002279e780000, 0x000002279eab0000]
 total_blobs=12821 nmethods=11883 adapters=850
 compilation: enabled
              stopped_count=0, restarted_count=0
 full_count=0

Compilation events (20 events):
Event: 141.925 Thread 0x00000227adc56da0 14315       3       java.util.Collections::reverse (125 bytes)
Event: 141.925 Thread 0x00000227adc56da0 nmethod 14315 0x000002279734d310 code [0x000002279734d560, 0x000002279734dfa8]
Event: 141.925 Thread 0x00000227adc56da0 14316       3       java.lang.ClassLoader::checkCreateClassLoader (5 bytes)
Event: 141.925 Thread 0x00000227adc56da0 nmethod 14316 0x0000022797037310 code [0x00000227970374e0, 0x0000022797037968]
Event: 141.926 Thread 0x00000227adc56da0 14317       3       java.lang.ClassLoader::<init> (10 bytes)
Event: 141.927 Thread 0x00000227adc56da0 nmethod 14317 0x00000227974c3610 code [0x00000227974c37c0, 0x00000227974c39b8]
Event: 141.955 Thread 0x00000227adc56da0 14318       3       java.security.CodeSource::<init> (52 bytes)
Event: 141.955 Thread 0x00000227adc56da0 nmethod 14318 0x0000022797245c10 code [0x0000022797245de0, 0x0000022797246358]
Event: 141.958 Thread 0x00000227adc56da0 14319       3       java.io.ObjectStreamClass::getMethodSignature (55 bytes)
Event: 141.959 Thread 0x00000227adc56da0 nmethod 14319 0x0000022797199610 code [0x0000022797199840, 0x0000022797199ec8]
Event: 141.959 Thread 0x00000227adc56da0 14320       3       java.io.ObjectStreamClass::getVariantFor (51 bytes)
Event: 141.959 Thread 0x00000227adc56da0 nmethod 14320 0x0000022797447690 code [0x0000022797447860, 0x0000022797447c18]
Event: 141.959 Thread 0x00000227adc56da0 14321       3       java.io.ObjectStreamClass$ClassDataSlot::<init> (15 bytes)
Event: 141.959 Thread 0x00000227adc56da0 nmethod 14321 0x000002279707e810 code [0x000002279707e9a0, 0x000002279707eb78]
Event: 141.964 Thread 0x00000227adc56da0 14323       3       java.io.ObjectStreamField::getClassSignature (27 bytes)
Event: 141.964 Thread 0x00000227adc56da0 nmethod 14323 0x00000227974f2d90 code [0x00000227974f2fa0, 0x00000227974f34a8]
Event: 141.964 Thread 0x00000227adc56da0 14324       3       java.io.ObjectStreamClass$MemberSignature::<init> (33 bytes)
Event: 141.965 Thread 0x00000227adc56da0 nmethod 14324 0x0000022797368510 code [0x00000227973686e0, 0x0000022797368bd8]
Event: 141.968 Thread 0x00000227adc56da0 14325       3       java.io.ObjectStreamField::getPrimitiveSignature (98 bytes)
Event: 141.969 Thread 0x00000227adc56da0 nmethod 14325 0x0000022797c98910 code [0x0000022797c98b20, 0x0000022797c990e8]

GC Heap History (20 events):
Event: 13.909 GC heap before
{Heap before GC invocations=22 (full 0):
 garbage-first heap   total 143360K, used 115308K [0x0000000080000000, 0x0000000100000000)
  region size 1024K, 52 young (53248K), 4 survivors (4096K)
 Metaspace       used 81988K, committed 82624K, reserved 1122304K
  class space    used 11156K, committed 11456K, reserved 1048576K
}
Event: 13.920 GC heap after
{Heap after GC invocations=23 (full 0):
 garbage-first heap   total 143360K, used 72447K [0x0000000080000000, 0x0000000100000000)
  region size 1024K, 7 young (7168K), 7 survivors (7168K)
 Metaspace       used 81988K, committed 82624K, reserved 1122304K
  class space    used 11156K, committed 11456K, reserved 1048576K
}
Event: 15.028 GC heap before
{Heap before GC invocations=23 (full 0):
 garbage-first heap   total 143360K, used 114431K [0x0000000080000000, 0x0000000100000000)
  region size 1024K, 49 young (50176K), 7 survivors (7168K)
 Metaspace       used 84441K, committed 85056K, reserved 1130496K
  class space    used 11603K, committed 11904K, reserved 1048576K
}
Event: 15.040 GC heap after
{Heap after GC invocations=24 (full 0):
 garbage-first heap   total 143360K, used 79949K [0x0000000080000000, 0x0000000100000000)
  region size 1024K, 7 young (7168K), 7 survivors (7168K)
 Metaspace       used 84441K, committed 85056K, reserved 1130496K
  class space    used 11603K, committed 11904K, reserved 1048576K
}
Event: 15.692 GC heap before
{Heap before GC invocations=25 (full 0):
 garbage-first heap   total 143360K, used 114765K [0x0000000080000000, 0x0000000100000000)
  region size 1024K, 42 young (43008K), 7 survivors (7168K)
 Metaspace       used 84731K, committed 85376K, reserved 1130496K
  class space    used 11613K, committed 11904K, reserved 1048576K
}
Event: 15.702 GC heap after
{Heap after GC invocations=26 (full 0):
 garbage-first heap   total 143360K, used 83154K [0x0000000080000000, 0x0000000100000000)
  region size 1024K, 5 young (5120K), 5 survivors (5120K)
 Metaspace       used 84731K, committed 85376K, reserved 1130496K
  class space    used 11613K, committed 11904K, reserved 1048576K
}
Event: 15.731 GC heap before
{Heap before GC invocations=26 (full 0):
 garbage-first heap   total 143360K, used 85202K [0x0000000080000000, 0x0000000100000000)
  region size 1024K, 7 young (7168K), 5 survivors (5120K)
 Metaspace       used 84739K, committed 85376K, reserved 1130496K
  class space    used 11613K, committed 11904K, reserved 1048576K
}
Event: 15.735 GC heap after
{Heap after GC invocations=27 (full 0):
 garbage-first heap   total 172032K, used 83361K [0x0000000080000000, 0x0000000100000000)
  region size 1024K, 1 young (1024K), 1 survivors (1024K)
 Metaspace       used 84739K, committed 85376K, reserved 1130496K
  class space    used 11613K, committed 11904K, reserved 1048576K
}
Event: 16.490 GC heap before
{Heap before GC invocations=27 (full 0):
 garbage-first heap   total 172032K, used 135585K [0x0000000080000000, 0x0000000100000000)
  region size 1024K, 53 young (54272K), 1 survivors (1024K)
 Metaspace       used 85408K, committed 86080K, reserved 1130496K
  class space    used 11657K, committed 11968K, reserved 1048576K
}
Event: 16.497 GC heap after
{Heap after GC invocations=28 (full 0):
 garbage-first heap   total 172032K, used 87819K [0x0000000080000000, 0x0000000100000000)
  region size 1024K, 6 young (6144K), 6 survivors (6144K)
 Metaspace       used 85408K, committed 86080K, reserved 1130496K
  class space    used 11657K, committed 11968K, reserved 1048576K
}
Event: 17.222 GC heap before
{Heap before GC invocations=29 (full 0):
 garbage-first heap   total 172032K, used 135947K [0x0000000080000000, 0x0000000100000000)
  region size 1024K, 54 young (55296K), 6 survivors (6144K)
 Metaspace       used 85644K, committed 86336K, reserved 1130496K
  class space    used 11684K, committed 12032K, reserved 1048576K
}
Event: 17.231 GC heap after
{Heap after GC invocations=30 (full 0):
 garbage-first heap   total 172032K, used 90985K [0x0000000080000000, 0x0000000100000000)
  region size 1024K, 5 young (5120K), 5 survivors (5120K)
 Metaspace       used 85644K, committed 86336K, reserved 1130496K
  class space    used 11684K, committed 12032K, reserved 1048576K
}
Event: 17.246 GC heap before
{Heap before GC invocations=30 (full 0):
 garbage-first heap   total 172032K, used 93033K [0x0000000080000000, 0x0000000100000000)
  region size 1024K, 8 young (8192K), 5 survivors (5120K)
 Metaspace       used 85646K, committed 86336K, reserved 1130496K
  class space    used 11684K, committed 12032K, reserved 1048576K
}
Event: 17.251 GC heap after
{Heap after GC invocations=31 (full 0):
 garbage-first heap   total 172032K, used 90402K [0x0000000080000000, 0x0000000100000000)
  region size 1024K, 1 young (1024K), 1 survivors (1024K)
 Metaspace       used 85646K, committed 86336K, reserved 1130496K
  class space    used 11684K, committed 12032K, reserved 1048576K
}
Event: 18.497 GC heap before
{Heap before GC invocations=31 (full 0):
 garbage-first heap   total 172032K, used 138530K [0x0000000080000000, 0x0000000100000000)
  region size 1024K, 49 young (50176K), 1 survivors (1024K)
 Metaspace       used 90926K, committed 91584K, reserved 1130496K
  class space    used 12346K, committed 12672K, reserved 1048576K
}
Event: 18.502 GC heap after
{Heap after GC invocations=32 (full 0):
 garbage-first heap   total 172032K, used 93346K [0x0000000080000000, 0x0000000100000000)
  region size 1024K, 4 young (4096K), 4 survivors (4096K)
 Metaspace       used 90926K, committed 91584K, reserved 1130496K
  class space    used 12346K, committed 12672K, reserved 1048576K
}
Event: 18.948 GC heap before
{Heap before GC invocations=32 (full 0):
 garbage-first heap   total 172032K, used 119970K [0x0000000080000000, 0x0000000100000000)
  region size 1024K, 23 young (23552K), 4 survivors (4096K)
 Metaspace       used 93053K, committed 93696K, reserved 1130496K
  class space    used 12638K, committed 12928K, reserved 1048576K
}
Event: 18.954 GC heap after
{Heap after GC invocations=33 (full 0):
 garbage-first heap   total 172032K, used 106222K [0x0000000080000000, 0x0000000100000000)
  region size 1024K, 7 young (7168K), 7 survivors (7168K)
 Metaspace       used 93053K, committed 93696K, reserved 1130496K
  class space    used 12638K, committed 12928K, reserved 1048576K
}
Event: 19.203 GC heap before
{Heap before GC invocations=33 (full 0):
 garbage-first heap   total 172032K, used 124654K [0x0000000080000000, 0x0000000100000000)
  region size 1024K, 11 young (11264K), 7 survivors (7168K)
 Metaspace       used 93356K, committed 94016K, reserved 1130496K
  class space    used 12672K, committed 12992K, reserved 1048576K
}
Event: 19.210 GC heap after
{Heap after GC invocations=34 (full 0):
 garbage-first heap   total 344064K, used 102580K [0x0000000080000000, 0x0000000100000000)
  region size 1024K, 3 young (3072K), 3 survivors (3072K)
 Metaspace       used 93356K, committed 94016K, reserved 1130496K
  class space    used 12672K, committed 12992K, reserved 1048576K
}

Dll operation events (2 events):
Event: 0.029 Loaded shared library C:\Program Files\Android\Android Studio\jbr\bin\java.dll
Event: 0.824 Loaded shared library C:\Program Files\Android\Android Studio\jbr\bin\verify.dll

Deoptimization events (20 events):
Event: 141.856 Thread 0x00000227aed8b6e0 DEOPT PACKING pc=0x000002279eabc4a8 sp=0x00000032e97fa930
Event: 141.856 Thread 0x00000227aed8b6e0 DEOPT UNPACKING pc=0x000002279e5669a3 sp=0x00000032e97fa8c8 mode 2
Event: 141.856 Thread 0x00000227aed8b6e0 Uncommon trap: trap_request=0xffffffc6 fr.pc=0x000002279eabc4a8 relative=0x00000000000001e8
Event: 141.856 Thread 0x00000227aed8b6e0 Uncommon trap: reason=bimorphic_or_optimized_type_check action=maybe_recompile pc=0x000002279eabc4a8 method=com.google.common.collect.TransformedIterator.next()Ljava/lang/Object; @ 10 c2
Event: 141.856 Thread 0x00000227aed8b6e0 DEOPT PACKING pc=0x000002279eabc4a8 sp=0x00000032e97fa930
Event: 141.856 Thread 0x00000227aed8b6e0 DEOPT UNPACKING pc=0x000002279e5669a3 sp=0x00000032e97fa8c8 mode 2
Event: 141.856 Thread 0x00000227aed8b6e0 Uncommon trap: trap_request=0xffffffc6 fr.pc=0x000002279eabc4a8 relative=0x00000000000001e8
Event: 141.856 Thread 0x00000227aed8b6e0 Uncommon trap: reason=bimorphic_or_optimized_type_check action=maybe_recompile pc=0x000002279eabc4a8 method=com.google.common.collect.TransformedIterator.next()Ljava/lang/Object; @ 10 c2
Event: 141.856 Thread 0x00000227aed8b6e0 DEOPT PACKING pc=0x000002279eabc4a8 sp=0x00000032e97fa930
Event: 141.856 Thread 0x00000227aed8b6e0 DEOPT UNPACKING pc=0x000002279e5669a3 sp=0x00000032e97fa8c8 mode 2
Event: 141.856 Thread 0x00000227aed8b6e0 Uncommon trap: trap_request=0xffffffc6 fr.pc=0x000002279eabc4a8 relative=0x00000000000001e8
Event: 141.856 Thread 0x00000227aed8b6e0 Uncommon trap: reason=bimorphic_or_optimized_type_check action=maybe_recompile pc=0x000002279eabc4a8 method=com.google.common.collect.TransformedIterator.next()Ljava/lang/Object; @ 10 c2
Event: 141.856 Thread 0x00000227aed8b6e0 DEOPT PACKING pc=0x000002279eabc4a8 sp=0x00000032e97fa930
Event: 141.856 Thread 0x00000227aed8b6e0 DEOPT UNPACKING pc=0x000002279e5669a3 sp=0x00000032e97fa8c8 mode 2
Event: 141.924 Thread 0x00000227aed8b6e0 DEOPT PACKING pc=0x00000227972f9fba sp=0x00000032e97f92c0
Event: 141.924 Thread 0x00000227aed8b6e0 DEOPT UNPACKING pc=0x000002279e567143 sp=0x00000032e97f8738 mode 0
Event: 141.925 Thread 0x00000227aed8b6e0 Uncommon trap: trap_request=0xffffff76 fr.pc=0x000002279f157134 relative=0x00000000000007f4
Event: 141.925 Thread 0x00000227aed8b6e0 Uncommon trap: reason=predicate action=maybe_recompile pc=0x000002279f157134 method=java.util.ComparableTimSort.binarySort([Ljava/lang/Object;III)V @ 34 c2
Event: 141.925 Thread 0x00000227aed8b6e0 DEOPT PACKING pc=0x000002279f157134 sp=0x00000032e97f80d0
Event: 141.925 Thread 0x00000227aed8b6e0 DEOPT UNPACKING pc=0x000002279e5669a3 sp=0x00000032e97f8078 mode 2

Classes unloaded (3 events):
Event: 16.614 Thread 0x00000227ad0ed110 Unloading class 0x0000000100b98c00 'java/lang/invoke/LambdaForm$DMH+0x0000000100b98c00'
Event: 16.614 Thread 0x00000227ad0ed110 Unloading class 0x0000000100b98800 'java/lang/invoke/LambdaForm$DMH+0x0000000100b98800'
Event: 16.614 Thread 0x00000227ad0ed110 Unloading class 0x0000000100b98000 'java/lang/invoke/LambdaForm$DMH+0x0000000100b98000'

Classes redefined (0 events):
No events

Internal exceptions (20 events):
Event: 139.782 Thread 0x00000227aed8bbb0 Exception <a 'sun/nio/fs/WindowsException'{0x0000000091ad7da0}> (0x0000000091ad7da0) 
thrown [s\src\hotspot\share\prims\jni.cpp, line 517]
Event: 139.782 Thread 0x00000227aed8bbb0 Exception <a 'sun/nio/fs/WindowsException'{0x0000000091ad8c60}> (0x0000000091ad8c60) 
thrown [s\src\hotspot\share\prims\jni.cpp, line 517]
Event: 139.782 Thread 0x00000227aed8bbb0 Exception <a 'sun/nio/fs/WindowsException'{0x0000000091ad8cd0}> (0x0000000091ad8cd0) 
thrown [s\src\hotspot\share\prims\jni.cpp, line 517]
Event: 139.782 Thread 0x00000227aed8bbb0 Exception <a 'sun/nio/fs/WindowsException'{0x0000000091ad90c0}> (0x0000000091ad90c0) 
thrown [s\src\hotspot\share\prims\jni.cpp, line 517]
Event: 139.882 Thread 0x00000227aed8bbb0 Exception <a 'sun/nio/fs/WindowsException'{0x00000000916aef88}> (0x00000000916aef88) 
thrown [s\src\hotspot\share\prims\jni.cpp, line 517]
Event: 141.923 Thread 0x00000227aed8b6e0 Exception <a 'java/lang/NoSuchMethodError'{0x000000008cdb0238}: static Lcom/android/ide/common/resources/MergedResourceWriter$FileGenerationWorkAction;.<clinit>()V> (0x000000008cdb0238) 
thrown [s\src\hotspot\share\prims\jni.cpp, line 1108]
Event: 141.925 Thread 0x00000227aed8b6e0 Exception <a 'java/lang/NoSuchMethodError'{0x000000008cdc0040}: static Lcom/android/ide/common/resources/MergedResourceWriter$FileGenerationParameters;.<clinit>()V> (0x000000008cdc0040) 
thrown [s\src\hotspot\share\prims\jni.cpp, line 1108]
Event: 141.958 Thread 0x00000227aed8b6e0 Exception <a 'java/lang/NoSuchMethodError'{0x000000008cc2a3b0}: static Lcom/android/ide/common/resources/GeneratedResourceMergerItem;.<clinit>()V> (0x000000008cc2a3b0) 
thrown [s\src\hotspot\share\prims\jni.cpp, line 1108]
Event: 141.958 Thread 0x00000227aed8b6e0 Exception <a 'java/lang/NoSuchMethodError'{0x000000008cc2cf18}: static Lcom/android/ide/common/resources/SourcelessResourceMergerItem;.<clinit>()V> (0x000000008cc2cf18) 
thrown [s\src\hotspot\share\prims\jni.cpp, line 1108]
Event: 141.958 Thread 0x00000227aed8b6e0 Exception <a 'java/lang/NoSuchMethodError'{0x000000008cc31828}: static Lcom/android/ide/common/resources/DataItem;.<clinit>()V> (0x000000008cc31828) 
thrown [s\src\hotspot\share\prims\jni.cpp, line 1108]
Event: 141.958 Thread 0x00000227aed8b6e0 Exception <a 'java/lang/NoSuchMethodError'{0x000000008cc3cdc8}: static Lcom/android/ide/common/resources/DataItem;.<clinit>()V> (0x000000008cc3cdc8) 
thrown [s\src\hotspot\share\prims\jni.cpp, line 1108]
Event: 141.961 Thread 0x00000227aed8b6e0 Exception <a 'java/lang/NoSuchMethodError'{0x000000008cc645d8}: static Ljava/lang/Object;.<clinit>()V> (0x000000008cc645d8) 
thrown [s\src\hotspot\share\prims\jni.cpp, line 1108]
Event: 141.964 Thread 0x00000227aed8b6e0 Exception <a 'java/lang/NoSuchMethodError'{0x000000008cca0488}: static Ljava/lang/Object;.<clinit>()V> (0x000000008cca0488) 
thrown [s\src\hotspot\share\prims\jni.cpp, line 1108]
Event: 141.965 Thread 0x00000227aed8b6e0 Exception <a 'java/lang/NoSuchMethodError'{0x000000008ccb6210}: static [Lcom/android/ide/common/resources/configuration/ResourceQualifier;.<clinit>()V> (0x000000008ccb6210) 
thrown [s\src\hotspot\share\prims\jni.cpp, line 1108]
Event: 141.968 Thread 0x00000227aed8b6e0 Exception <a 'java/lang/NoSuchMethodError'{0x000000008ccea320}: static Lcom/android/ide/common/resources/configuration/EnumBasedResourceQualifier;.<clinit>()V> (0x000000008ccea320) 
thrown [s\src\hotspot\share\prims\jni.cpp, line 1108]
Event: 141.969 Thread 0x00000227aed8b6e0 Exception <a 'java/lang/NoSuchMethodError'{0x000000008cced720}: static Lcom/android/ide/common/resources/configuration/EnumBasedResourceQualifier;.<clinit>()V> (0x000000008cced720) 
thrown [s\src\hotspot\share\prims\jni.cpp, line 1108]
Event: 141.969 Thread 0x00000227aed8b6e0 Exception <a 'java/lang/NoSuchMethodError'{0x000000008ccf0338}: static Lcom/android/ide/common/resources/configuration/ResourceQualifier;.<clinit>()V> (0x000000008ccf0338) 
thrown [s\src\hotspot\share\prims\jni.cpp, line 1108]
Event: 141.970 Thread 0x00000227aed8b6e0 Exception <a 'java/lang/NoSuchMethodError'{0x000000008cb080b0}: static Lcom/android/ide/common/resources/configuration/EnumBasedResourceQualifier;.<clinit>()V> (0x000000008cb080b0) 
thrown [s\src\hotspot\share\prims\jni.cpp, line 1108]
Event: 141.971 Thread 0x00000227aed8b6e0 Exception <a 'java/lang/NoSuchMethodError'{0x000000008cb1ed18}: static Lcom/android/ide/common/resources/configuration/EnumBasedResourceQualifier;.<clinit>()V> (0x000000008cb1ed18) 
thrown [s\src\hotspot\share\prims\jni.cpp, line 1108]
Event: 141.972 Thread 0x00000227aed8b6e0 Exception <a 'java/lang/NoSuchMethodError'{0x000000008cb330c0}: static Lcom/android/ide/common/resources/configuration/ResourceQualifier;.<clinit>()V> (0x000000008cb330c0) 
thrown [s\src\hotspot\share\prims\jni.cpp, line 1108]

VM Operations (20 events):
Event: 138.604 Executing VM operation: ICBufferFull
Event: 138.604 Executing VM operation: ICBufferFull done
Event: 138.823 Executing VM operation: ICBufferFull
Event: 138.823 Executing VM operation: ICBufferFull done
Event: 139.959 Executing VM operation: ICBufferFull
Event: 139.960 Executing VM operation: ICBufferFull done
Event: 140.483 Executing VM operation: ICBufferFull
Event: 140.483 Executing VM operation: ICBufferFull done
Event: 141.485 Executing VM operation: Cleanup
Event: 141.487 Executing VM operation: Cleanup done
Event: 141.703 Executing VM operation: HandshakeAllThreads
Event: 141.703 Executing VM operation: HandshakeAllThreads done
Event: 141.742 Executing VM operation: HandshakeAllThreads
Event: 141.742 Executing VM operation: HandshakeAllThreads done
Event: 141.767 Executing VM operation: HandshakeAllThreads
Event: 141.767 Executing VM operation: HandshakeAllThreads done
Event: 141.802 Executing VM operation: HandshakeAllThreads
Event: 141.802 Executing VM operation: HandshakeAllThreads done
Event: 141.828 Executing VM operation: HandshakeAllThreads
Event: 141.828 Executing VM operation: HandshakeAllThreads done

Events (20 events):
Event: 141.844 Thread 0x00000227adc67a30 flushing nmethod 0x000002279878aa90
Event: 141.844 Thread 0x00000227adc67a30 flushing nmethod 0x000002279878e790
Event: 141.844 Thread 0x00000227adc67a30 flushing nmethod 0x000002279878ee10
Event: 141.844 Thread 0x00000227adc67a30 flushing nmethod 0x000002279878f190
Event: 141.844 Thread 0x00000227adc67a30 flushing nmethod 0x000002279878f890
Event: 141.844 Thread 0x00000227adc67a30 flushing nmethod 0x0000022798791c90
Event: 141.844 Thread 0x00000227adc67a30 flushing nmethod 0x0000022798792690
Event: 141.844 Thread 0x00000227adc67a30 flushing nmethod 0x000002279879b910
Event: 141.844 Thread 0x00000227adc67a30 flushing nmethod 0x000002279879c090
Event: 141.844 Thread 0x00000227adc67a30 flushing nmethod 0x00000227987a0690
Event: 141.844 Thread 0x00000227adc67a30 flushing nmethod 0x00000227987a2a90
Event: 141.844 Thread 0x00000227adc67a30 flushing nmethod 0x00000227987b5510
Event: 141.844 Thread 0x00000227adc67a30 flushing nmethod 0x00000227987b5990
Event: 141.844 Thread 0x00000227adc67a30 flushing nmethod 0x00000227987b8010
Event: 141.844 Thread 0x00000227adc67a30 flushing nmethod 0x00000227987b8390
Event: 141.845 Thread 0x00000227adc67a30 flushing nmethod 0x0000022798803010
Event: 141.845 Thread 0x00000227adc67a30 flushing nmethod 0x0000022798807010
Event: 141.845 Thread 0x00000227adc67a30 flushing nmethod 0x0000022798810910
Event: 141.845 Thread 0x00000227adc67a30 flushing nmethod 0x0000022798814290
Event: 141.845 Thread 0x00000227adc67a30 flushing nmethod 0x0000022798840c90


Dynamic libraries:
0x00007ff603790000 - 0x00007ff60379a000 	C:\Program Files\Android\Android Studio\jbr\bin\java.exe
0x00007ffffdf50000 - 0x00007ffffe148000 	C:\WINDOWS\SYSTEM32\ntdll.dll
0x00007ffffc010000 - 0x00007ffffc0cf000 	C:\WINDOWS\System32\KERNEL32.DLL
0x00007ffffbc00000 - 0x00007ffffbef6000 	C:\WINDOWS\System32\KERNELBASE.dll
0x00007ffffbb00000 - 0x00007ffffbc00000 	C:\WINDOWS\System32\ucrtbase.dll
0x00007fffdbf80000 - 0x00007fffdbf97000 	C:\Program Files\Android\Android Studio\jbr\bin\jli.dll
0x00007fffd75a0000 - 0x00007fffd75bb000 	C:\Program Files\Android\Android Studio\jbr\bin\VCRUNTIME140.dll
0x00007ffffc9e0000 - 0x00007ffffcb7d000 	C:\WINDOWS\System32\USER32.dll
0x00007fffe16e0000 - 0x00007fffe197a000 	C:\WINDOWS\WinSxS\amd64_microsoft.windows.common-controls_6595b64144ccf1df_6.0.19041.1110_none_60b5254171f9507e\COMCTL32.dll
0x00007ffffd500000 - 0x00007ffffd59e000 	C:\WINDOWS\System32\msvcrt.dll
0x00007ffffda10000 - 0x00007ffffda3c000 	C:\WINDOWS\System32\GDI32.dll
0x00007ffffbad0000 - 0x00007ffffbaf2000 	C:\WINDOWS\System32\win32u.dll
0x00007ffffb630000 - 0x00007ffffb745000 	C:\WINDOWS\System32\gdi32full.dll
0x00007ffffb7f0000 - 0x00007ffffb88d000 	C:\WINDOWS\System32\msvcp_win.dll
0x00007ffffcfe0000 - 0x00007ffffd010000 	C:\WINDOWS\System32\IMM32.DLL
0x00007fffdf010000 - 0x00007fffdf01c000 	C:\Program Files\Android\Android Studio\jbr\bin\vcruntime140_1.dll
0x00007fffcf590000 - 0x00007fffcf61d000 	C:\Program Files\Android\Android Studio\jbr\bin\msvcp140.dll
0x00007fffca120000 - 0x00007fffcad8e000 	C:\Program Files\Android\Android Studio\jbr\bin\server\jvm.dll
0x00007ffffd320000 - 0x00007ffffd3cf000 	C:\WINDOWS\System32\ADVAPI32.dll
0x00007ffffd7f0000 - 0x00007ffffd88c000 	C:\WINDOWS\System32\sechost.dll
0x00007ffffd5a0000 - 0x00007ffffd6c6000 	C:\WINDOWS\System32\RPCRT4.dll
0x00007fffd2fe0000 - 0x00007fffd2fe9000 	C:\WINDOWS\SYSTEM32\WSOCK32.dll
0x00007ffff3800000 - 0x00007ffff3827000 	C:\WINDOWS\SYSTEM32\WINMM.dll
0x00007ffffd2b0000 - 0x00007ffffd31b000 	C:\WINDOWS\System32\WS2_32.dll
0x00007ffff3830000 - 0x00007ffff383a000 	C:\WINDOWS\SYSTEM32\VERSION.dll
0x00007ffff94f0000 - 0x00007ffff9502000 	C:\WINDOWS\SYSTEM32\kernel.appcore.dll
0x00007fffe04d0000 - 0x00007fffe04da000 	C:\Program Files\Android\Android Studio\jbr\bin\jimage.dll
0x00007ffff4ac0000 - 0x00007ffff4ca4000 	C:\WINDOWS\SYSTEM32\DBGHELP.DLL
0x00007fffef2b0000 - 0x00007fffef2e4000 	C:\WINDOWS\SYSTEM32\dbgcore.DLL
0x00007ffffb890000 - 0x00007ffffb912000 	C:\WINDOWS\System32\bcryptPrimitives.dll
0x00007fffe04a0000 - 0x00007fffe04c5000 	C:\Program Files\Android\Android Studio\jbr\bin\java.dll
0x00007fffe0480000 - 0x00007fffe0498000 	C:\Program Files\Android\Android Studio\jbr\bin\zip.dll
0x00007ffffc1e0000 - 0x00007ffffc924000 	C:\WINDOWS\System32\SHELL32.dll
0x00007ffff96f0000 - 0x00007ffff9e83000 	C:\WINDOWS\SYSTEM32\windows.storage.dll
0x00007ffffcb80000 - 0x00007ffffced4000 	C:\WINDOWS\System32\combase.dll
0x00007ffffafa0000 - 0x00007ffffafce000 	C:\WINDOWS\SYSTEM32\Wldp.dll
0x00007ffffc130000 - 0x00007ffffc1dd000 	C:\WINDOWS\System32\SHCORE.dll
0x00007ffffbfb0000 - 0x00007ffffc005000 	C:\WINDOWS\System32\shlwapi.dll
0x00007ffffb560000 - 0x00007ffffb585000 	C:\WINDOWS\SYSTEM32\profapi.dll
0x00007fffe0460000 - 0x00007fffe0479000 	C:\Program Files\Android\Android Studio\jbr\bin\net.dll
0x00007ffff49b0000 - 0x00007ffff4aba000 	C:\WINDOWS\SYSTEM32\WINHTTP.dll
0x00007ffffad00000 - 0x00007ffffad6a000 	C:\WINDOWS\system32\mswsock.dll
0x00007fffe03e0000 - 0x00007fffe03f6000 	C:\Program Files\Android\Android Studio\jbr\bin\nio.dll
0x00007fffe0450000 - 0x00007fffe0460000 	C:\Program Files\Android\Android Studio\jbr\bin\verify.dll
0x00007fffd4870000 - 0x00007fffd4897000 	C:\Users\Pichau\.gradle\native\68d5fa5c4cc2d200863cafc0d521ce42e7d3e7ee720ec0a83991735586a16f82\windows-amd64\native-platform.dll
0x00007fffc0c50000 - 0x00007fffc0d94000 	C:\Users\Pichau\.gradle\native\e376f236ea51e6404a007f0833ffe2c6e607c4080706a723a18a27aeea778392\windows-amd64\native-platform-file-events.dll
0x00007fffe03d0000 - 0x00007fffe03d9000 	C:\Program Files\Android\Android Studio\jbr\bin\management.dll
0x00007fffe03c0000 - 0x00007fffe03cb000 	C:\Program Files\Android\Android Studio\jbr\bin\management_ext.dll
0x00007ffffd920000 - 0x00007ffffd928000 	C:\WINDOWS\System32\PSAPI.DLL
0x00007ffffaef0000 - 0x00007ffffaf08000 	C:\WINDOWS\SYSTEM32\CRYPTSP.dll
0x00007ffffa610000 - 0x00007ffffa644000 	C:\WINDOWS\system32\rsaenh.dll
0x00007ffffb750000 - 0x00007ffffb777000 	C:\WINDOWS\System32\bcrypt.dll
0x00007ffffb520000 - 0x00007ffffb54e000 	C:\WINDOWS\SYSTEM32\USERENV.dll
0x00007ffffaf10000 - 0x00007ffffaf1c000 	C:\WINDOWS\SYSTEM32\CRYPTBASE.dll
0x00007ffffa9f0000 - 0x00007ffffaa2b000 	C:\WINDOWS\SYSTEM32\IPHLPAPI.DLL
0x00007ffffda00000 - 0x00007ffffda08000 	C:\WINDOWS\System32\NSI.dll
0x00007ffff61f0000 - 0x00007ffff6207000 	C:\WINDOWS\SYSTEM32\dhcpcsvc6.DLL
0x00007ffff61d0000 - 0x00007ffff61ed000 	C:\WINDOWS\SYSTEM32\dhcpcsvc.DLL
0x00007ffffaa30000 - 0x00007ffffaafa000 	C:\WINDOWS\SYSTEM32\DNSAPI.dll
0x00007fffe03b0000 - 0x00007fffe03b7000 	C:\WINDOWS\system32\wshunix.dll

dbghelp: loaded successfully - version: 4.0.5 - missing functions: none
symbol engine: initialized successfully - sym options: 0x614 - pdb path: .;C:\Program Files\Android\Android Studio\jbr\bin;C:\WINDOWS\SYSTEM32;C:\WINDOWS\WinSxS\amd64_microsoft.windows.common-controls_6595b64144ccf1df_6.0.19041.1110_none_60b5254171f9507e;C:\Program Files\Android\Android Studio\jbr\bin\server;C:\Users\Pichau\.gradle\native\68d5fa5c4cc2d200863cafc0d521ce42e7d3e7ee720ec0a83991735586a16f82\windows-amd64;C:\Users\Pichau\.gradle\native\e376f236ea51e6404a007f0833ffe2c6e607c4080706a723a18a27aeea778392\windows-amd64

VM Arguments:
jvm_args: --add-opens=java.base/java.util=ALL-UNNAMED --add-opens=java.base/java.lang=ALL-UNNAMED --add-opens=java.base/java.lang.invoke=ALL-UNNAMED --add-opens=java.prefs/java.util.prefs=ALL-UNNAMED --add-opens=java.base/java.nio.charset=ALL-UNNAMED --add-opens=java.base/java.net=ALL-UNNAMED --add-opens=java.base/java.util.concurrent.atomic=ALL-UNNAMED -Xmx2048m -Dfile.encoding=UTF-8 -Duser.country=BR -Duser.language=pt -Duser.variant 
java_command: org.gradle.launcher.daemon.bootstrap.GradleDaemon 8.0
java_class_path (initial): C:\Users\Pichau\.gradle\wrapper\dists\gradle-8.0-bin\ca5e32bp14vu59qr306oxotwh\gradle-8.0\lib\gradle-launcher-8.0.jar
Launcher Type: SUN_STANDARD

[Global flags]
     intx CICompilerCount                          = 3                                         {product} {ergonomic}
     uint ConcGCThreads                            = 1                                         {product} {ergonomic}
     uint G1ConcRefinementThreads                  = 4                                         {product} {ergonomic}
   size_t G1HeapRegionSize                         = 1048576                                   {product} {ergonomic}
    uintx GCDrainStackTargetSize                   = 64                                        {product} {ergonomic}
   size_t InitialHeapSize                          = 234881024                                 {product} {ergonomic}
   size_t MarkStackSize                            = 4194304                                   {product} {ergonomic}
   size_t MaxHeapSize                              = 2147483648                                {product} {command line}
   size_t MaxNewSize                               = 1287651328                                {product} {ergonomic}
   size_t MinHeapDeltaBytes                        = 1048576                                   {product} {ergonomic}
   size_t MinHeapSize                              = 8388608                                   {product} {ergonomic}
    uintx NonNMethodCodeHeapSize                   = 5832780                                {pd product} {ergonomic}
    uintx NonProfiledCodeHeapSize                  = 122912730                              {pd product} {ergonomic}
    uintx ProfiledCodeHeapSize                     = 122912730                              {pd product} {ergonomic}
    uintx ReservedCodeCacheSize                    = 251658240                              {pd product} {ergonomic}
     bool SegmentedCodeCache                       = true                                      {product} {ergonomic}
   size_t SoftMaxHeapSize                          = 2147483648                             {manageable} {ergonomic}
     bool UseCompressedClassPointers               = true                           {product lp64_product} {ergonomic}
     bool UseCompressedOops                        = true                           {product lp64_product} {ergonomic}
     bool UseG1GC                                  = true                                      {product} {ergonomic}
     bool UseLargePagesIndividualAllocation        = false                                  {pd product} {ergonomic}

Logging:
Log output configuration:
 #0: stdout all=warning uptime,level,tags
 #1: stderr all=off uptime,level,tags

Environment Variables:
PATH=C:\WINDOWS\system32;C:\WINDOWS;C:\WINDOWS\System32\Wbem;C:\WINDOWS\System32\WindowsPowerShell\v1.0\;C:\WINDOWS\System32\OpenSSH\;C:\Program Files\Microsoft SQL Server\150\Tools\Binn\;C:\Program Files\Microsoft SQL Server\Client SDK\ODBC\170\Tools\Binn\;C:\Program Files\dotnet\;C:\Program Files\Microsoft SQL Server\Client SDK\ODBC\110\Tools\Binn\;C:\Program Files (x86)\Microsoft SQL Server\120\Tools\Binn\;C:\Program Files\Microsoft SQL Server\120\Tools\Binn\;C:\Program Files\Microsoft SQL Server\120\DTS\Binn\;C:\Program Files (x86)\Microsoft SQL Server\120\Tools\Binn\ManagementStudio\;C:\Program Files (x86)\Microsoft SQL Server\120\DTS\Binn\;C:\Users\Pichau\AppData\Local\Microsoft\WindowsApps;;C:\Users\Pichau\AppData\Local\Programs\Microsoft VS Code\bin;C:\Users\Pichau\.dotnet\tools
USERNAME=Tho
OS=Windows_NT
PROCESSOR_IDENTIFIER=AMD64 Family 23 Model 17 Stepping 0, AuthenticAMD
TMP=C:\Users\Pichau\AppData\Local\Temp
TEMP=C:\Users\Pichau\AppData\Local\Temp


JNI global refs:
JNI global refs: 26, weak refs: 2

JNI global refs memory usage: 843, weak refs: 841


---------------  S Y S T E M  ---------------

OS:
 Windows 10 , 64 bit Build 19041 (10.0.19041.3155)
OS uptime: 0 days 3:40 hours

CPU: total 4 (initial active 4) (4 cores per cpu, 1 threads per core) family 23 model 17 stepping 0 microcode 0x0, cx8, cmov, fxsr, mmx, 3dnowpref, sse, sse2, sse3, ssse3, sse4a, sse4.1, sse4.2, popcnt, lzcnt, tsc, tscinvbit, avx, avx2, aes, clmul, bmi1, bmi2, adx, sha, fma, vzeroupper, clflush, clflushopt

Memory: 4k page, system-wide physical 14264M (3441M free)
TotalPageFile size 14264M (AvailPageFile size 5M)
current process WorkingSet (physical memory assigned to process): 567M, peak: 567M
current process commit charge ("private bytes"): 640M, peak: 642M

vm_info: OpenJDK 64-Bit Server VM (17.0.6+0-b2043.56-10027231) for windows-amd64 JRE (17.0.6+0-b2043.56-10027231), built on Apr 28 2023 00:43:19 by "androidbuild" with MS VC++ 16.10 / 16.11 (VS2019)

END.
