#
# There is insufficient memory for the Java Runtime Environment to continue.
# Native memory allocation (malloc) failed to allocate 3022464 bytes for Chunk::new
# Possible reasons:
#   The system is out of physical RAM or swap space
#   The process is running with CompressedOops enabled, and the Java Heap may be blocking the growth of the native heap
# Possible solutions:
#   Reduce memory load on the system
#   Increase physical memory or swap space
#   Check if swap backing store is full
#   Decrease Java heap size (-Xmx/-Xms)
#   Decrease number of Java threads
#   Decrease Java thread stack sizes (-Xss)
#   Set larger code cache with -XX:ReservedCodeCacheSize=
#   JVM is running with Unscaled Compressed Oops mode in which the Java heap is
#     placed in the first 4GB address space. The Java Heap base address is the
#     maximum limit for the native heap growth. Please use -XX:HeapBaseMinAddress
#     to set the Java Heap base and to place the Java Heap above 4GB virtual address.
# This output file may be truncated or incomplete.
#
#  Out of Memory Error (arena.cpp:189), pid=9408, tid=7384
#
# JRE version: OpenJDK Runtime Environment (17.0.6) (build 17.0.6+0-b2043.56-10027231)
# Java VM: OpenJDK 64-Bit Server VM (17.0.6+0-b2043.56-10027231, mixed mode, tiered, compressed oops, compressed class ptrs, g1 gc, windows-amd64)
# No core dump will be written. Minidumps are not enabled by default on client versions of Windows
#

---------------  S U M M A R Y ------------

Command Line: --add-opens=java.base/java.util=ALL-UNNAMED --add-opens=java.base/java.lang=ALL-UNNAMED --add-opens=java.base/java.lang.invoke=ALL-UNNAMED --add-opens=java.prefs/java.util.prefs=ALL-UNNAMED --add-opens=java.base/java.nio.charset=ALL-UNNAMED --add-opens=java.base/java.net=ALL-UNNAMED --add-opens=java.base/java.util.concurrent.atomic=ALL-UNNAMED -Xmx2048m -Dfile.encoding=UTF-8 -Duser.country=BR -Duser.language=pt -Duser.variant org.gradle.launcher.daemon.bootstrap.GradleDaemon 8.0

Host: AMD Ryzen 3 2200G with Radeon Vega Graphics    , 4 cores, 13G,  Windows 10 , 64 bit Build 19041 (10.0.19041.3155)
Time: Tue Sep 12 22:41:46 2023 Hora oficial do Brasil elapsed time: 29.198005 seconds (0d 0h 0m 29s)

---------------  T H R E A D  ---------------

Current thread (0x000001893cc7edc0):  JavaThread "C2 CompilerThread0" daemon [_thread_in_native, id=7384, stack(0x0000003d77c00000,0x0000003d77d00000)]


Current CompileTask:
C2:  29198 15315 %     4       com.android.tools.r8.ir.regalloc.b::c @ 2110 (4041 bytes)

Stack: [0x0000003d77c00000,0x0000003d77d00000]
Native frames: (J=compiled Java code, j=interpreted, Vv=VM code, C=native code)
V  [jvm.dll+0x683c9a]
V  [jvm.dll+0x8427a4]
V  [jvm.dll+0x843f9e]
V  [jvm.dll+0x844603]
V  [jvm.dll+0x249b75]
V  [jvm.dll+0xabcac]
V  [jvm.dll+0xac27c]
V  [jvm.dll+0x368857]
V  [jvm.dll+0x332f31]
V  [jvm.dll+0x3323da]
V  [jvm.dll+0x21c201]
V  [jvm.dll+0x21b621]
V  [jvm.dll+0x1a4fdd]
V  [jvm.dll+0x22b098]
V  [jvm.dll+0x229159]
V  [jvm.dll+0x7f81ec]
V  [jvm.dll+0x7f274a]
V  [jvm.dll+0x682ad5]
C  [ucrtbase.dll+0x21bb2]
C  [KERNEL32.DLL+0x17614]
C  [ntdll.dll+0x526b1]


---------------  P R O C E S S  ---------------

Threads class SMR info:
_java_thread_list=0x0000018940b93bf0, length=94, elements={
0x0000018922cf7090, 0x000001893cc38860, 0x000001893cc395e0, 0x000001893cc6a510,
0x000001893cc6afd0, 0x000001893cc79900, 0x000001893cc7a1c0, 0x000001893cc7edc0,
0x000001893cc7fad0, 0x000001893cc81510, 0x000001893ce1cb10, 0x000001893ce15980,
0x000001893dc9cde0, 0x000001893e869330, 0x000001893dfed050, 0x000001893fd72eb0,
0x000001893e5bdb90, 0x000001893e7deed0, 0x000001893e48da70, 0x00000189401530c0,
0x0000018940155270, 0x0000018940154da0, 0x00000189401548d0, 0x00000189401560e0,
0x0000018940155740, 0x0000018940153a60, 0x0000018940156a80, 0x0000018940153f30,
0x0000018940153590, 0x0000018940155c10, 0x00000189401565b0, 0x0000018940154400,
0x00000189409f2480, 0x00000189409ecde0, 0x00000189409f0c70, 0x00000189409ed2b0,
0x00000189409f3c90, 0x00000189409ed780, 0x00000189409eeac0, 0x00000189409ee5f0,
0x00000189409f1140, 0x00000189409eef90, 0x00000189409ef460, 0x00000189409f32f0,
0x00000189409ef930, 0x00000189409efe00, 0x00000189409f02d0, 0x00000189409f07a0,
0x00000189409f1610, 0x00000189409f1ae0, 0x00000189409f1fb0, 0x00000189409f37c0,
0x00000189409f4160, 0x0000018940636070, 0x0000018940639090, 0x000001894063c0b0,
0x000001894063a3d0, 0x000001894063c580, 0x0000018940636ee0, 0x000001894063d3f0,
0x000001894063cf20, 0x000001894063ad70, 0x0000018940639a30, 0x0000018940636540,
0x0000018940636a10, 0x00000189406373b0, 0x0000018940639f00, 0x000001894063d8c0,
0x0000018940637880, 0x0000018940637d50, 0x000001894063a8a0, 0x0000018940638220,
0x00000189406386f0, 0x000001894063b240, 0x0000018940638bc0, 0x0000018940639560,
0x000001894063b710, 0x000001894063bbe0, 0x000001894063ca50, 0x00000189427d3680,
0x00000189427d4e90, 0x00000189427d5360, 0x00000189427d6b70, 0x00000189427d8850,
0x00000189427d4020, 0x00000189427d96c0, 0x00000189427d91f0, 0x0000018945b9d530,
0x0000018945696a00, 0x00000189427d2ce0, 0x00000189409c3c10, 0x00000189427d44f0,
0x00000189427da060, 0x000001893cf8d3e0
}

Java Threads: ( => current thread )
  0x0000018922cf7090 JavaThread "main" [_thread_blocked, id=1292, stack(0x0000003d76f00000,0x0000003d77000000)]
  0x000001893cc38860 JavaThread "Reference Handler" daemon [_thread_blocked, id=9684, stack(0x0000003d77600000,0x0000003d77700000)]
  0x000001893cc395e0 JavaThread "Finalizer" daemon [_thread_blocked, id=9072, stack(0x0000003d77700000,0x0000003d77800000)]
  0x000001893cc6a510 JavaThread "Signal Dispatcher" daemon [_thread_blocked, id=4640, stack(0x0000003d77800000,0x0000003d77900000)]
  0x000001893cc6afd0 JavaThread "Attach Listener" daemon [_thread_blocked, id=10136, stack(0x0000003d77900000,0x0000003d77a00000)]
  0x000001893cc79900 JavaThread "Service Thread" daemon [_thread_blocked, id=4968, stack(0x0000003d77a00000,0x0000003d77b00000)]
  0x000001893cc7a1c0 JavaThread "Monitor Deflation Thread" daemon [_thread_blocked, id=4408, stack(0x0000003d77b00000,0x0000003d77c00000)]
=>0x000001893cc7edc0 JavaThread "C2 CompilerThread0" daemon [_thread_in_native, id=7384, stack(0x0000003d77c00000,0x0000003d77d00000)]
  0x000001893cc7fad0 JavaThread "C1 CompilerThread0" daemon [_thread_blocked, id=9008, stack(0x0000003d77d00000,0x0000003d77e00000)]
  0x000001893cc81510 JavaThread "Sweeper thread" daemon [_thread_blocked, id=11092, stack(0x0000003d77e00000,0x0000003d77f00000)]
  0x000001893ce1cb10 JavaThread "Common-Cleaner" daemon [_thread_blocked, id=3360, stack(0x0000003d77f00000,0x0000003d78000000)]
  0x000001893ce15980 JavaThread "Notification Thread" daemon [_thread_blocked, id=5636, stack(0x0000003d78000000,0x0000003d78100000)]
  0x000001893dc9cde0 JavaThread "Daemon health stats" [_thread_blocked, id=3112, stack(0x0000003d78600000,0x0000003d78700000)]
  0x000001893e869330 JavaThread "Incoming local TCP Connector on port 52658" [_thread_in_native, id=6920, stack(0x0000003d78200000,0x0000003d78300000)]
  0x000001893dfed050 JavaThread "Daemon periodic checks" [_thread_blocked, id=5680, stack(0x0000003d78700000,0x0000003d78800000)]
  0x000001893fd72eb0 JavaThread "Daemon" [_thread_blocked, id=972, stack(0x0000003d78800000,0x0000003d78900000)]
  0x000001893e5bdb90 JavaThread "Handler for socket connection from /127.0.0.1:52658 to /127.0.0.1:52659" [_thread_in_native, id=10836, stack(0x0000003d78900000,0x0000003d78a00000)]
  0x000001893e7deed0 JavaThread "Cancel handler" [_thread_blocked, id=7904, stack(0x0000003d78a00000,0x0000003d78b00000)]
  0x000001893e48da70 JavaThread "Daemon worker" [_thread_blocked, id=5568, stack(0x0000003d78b00000,0x0000003d78c00000)]
  0x00000189401530c0 JavaThread "Asynchronous log dispatcher for DefaultDaemonConnection: socket connection from /127.0.0.1:52658 to /127.0.0.1:52659" [_thread_blocked, id=6712, stack(0x0000003d78c00000,0x0000003d78d00000)]
  0x0000018940155270 JavaThread "Stdin handler" [_thread_blocked, id=8884, stack(0x0000003d78d00000,0x0000003d78e00000)]
  0x0000018940154da0 JavaThread "Daemon client event forwarder" [_thread_blocked, id=7948, stack(0x0000003d78e00000,0x0000003d78f00000)]
  0x00000189401548d0 JavaThread "Cache worker for journal cache (C:\Users\Pichau\.gradle\caches\journal-1)" [_thread_blocked, id=7248, stack(0x0000003d78f00000,0x0000003d79000000)]
  0x00000189401560e0 JavaThread "File lock request listener" [_thread_in_native, id=7036, stack(0x0000003d79000000,0x0000003d79100000)]
  0x0000018940155740 JavaThread "Cache worker for file hash cache (C:\Users\Pichau\.gradle\caches\8.0\fileHashes)" [_thread_blocked, id=8972, stack(0x0000003d79100000,0x0000003d79200000)]
  0x0000018940153a60 JavaThread "File watcher server" daemon [_thread_in_native, id=10712, stack(0x0000003d79300000,0x0000003d79400000)]
  0x0000018940156a80 JavaThread "File watcher consumer" daemon [_thread_blocked, id=4984, stack(0x0000003d79400000,0x0000003d79500000)]
  0x0000018940153f30 JavaThread "Cache worker for checksums cache (C:\Users\Pichau\AndroidStudioProjects\Tcc_funcionario\.gradle\8.0\checksums)" [_thread_blocked, id=9760, stack(0x0000003d79500000,0x0000003d79600000)]
  0x0000018940153590 JavaThread "Cache worker for cache directory md-rule (C:\Users\Pichau\.gradle\caches\8.0\md-rule)" [_thread_blocked, id=10892, stack(0x0000003d79600000,0x0000003d79700000)]
  0x0000018940155c10 JavaThread "Cache worker for file content cache (C:\Users\Pichau\.gradle\caches\8.0\fileContent)" [_thread_blocked, id=8064, stack(0x0000003d79700000,0x0000003d79800000)]
  0x00000189401565b0 JavaThread "Cache worker for file hash cache (C:\Users\Pichau\AndroidStudioProjects\Tcc_funcionario\.gradle\8.0\fileHashes)" [_thread_blocked, id=5604, stack(0x0000003d79800000,0x0000003d79900000)]
  0x0000018940154400 JavaThread "Cache worker for cache directory md-supplier (C:\Users\Pichau\.gradle\caches\8.0\md-supplier)" [_thread_blocked, id=7696, stack(0x0000003d79900000,0x0000003d79a00000)]
  0x00000189409f2480 JavaThread "Cache worker for execution history cache (C:\Users\Pichau\.gradle\caches\8.0\executionHistory)" [_thread_blocked, id=7156, stack(0x0000003d79a00000,0x0000003d79b00000)]
  0x00000189409ecde0 JavaThread "jar transforms" [_thread_blocked, id=10952, stack(0x0000003d79200000,0x0000003d79300000)]
  0x00000189409f0c70 JavaThread "jar transforms Thread 2" [_thread_blocked, id=5668, stack(0x0000003d79c00000,0x0000003d79d00000)]
  0x00000189409ed2b0 JavaThread "jar transforms Thread 3" [_thread_blocked, id=1964, stack(0x0000003d79e00000,0x0000003d79f00000)]
  0x00000189409f3c90 JavaThread "jar transforms Thread 4" [_thread_blocked, id=9100, stack(0x0000003d79f00000,0x0000003d7a000000)]
  0x00000189409ed780 JavaThread "Cache worker for dependencies-accessors (C:\Users\Pichau\AndroidStudioProjects\Tcc_funcionario\.gradle\8.0\dependencies-accessors)" [_thread_blocked, id=7568, stack(0x0000003d7a000000,0x0000003d7a100000)]
  0x00000189409eeac0 JavaThread "Cache worker for Build Output Cleanup Cache (C:\Users\Pichau\AndroidStudioProjects\Tcc_funcionario\.gradle\buildOutputCleanup)" [_thread_blocked, id=9036, stack(0x0000003d7a100000,0x0000003d7a200000)]
  0x00000189409ee5f0 JavaThread "Unconstrained build operations" [_thread_blocked, id=10676, stack(0x0000003d7a200000,0x0000003d7a300000)]
  0x00000189409f1140 JavaThread "Unconstrained build operations Thread 2" [_thread_blocked, id=9164, stack(0x0000003d7a300000,0x0000003d7a400000)]
  0x00000189409eef90 JavaThread "Unconstrained build operations Thread 3" [_thread_blocked, id=10680, stack(0x0000003d7a400000,0x0000003d7a500000)]
  0x00000189409ef460 JavaThread "Unconstrained build operations Thread 4" [_thread_blocked, id=404, stack(0x0000003d7a500000,0x0000003d7a600000)]
  0x00000189409f32f0 JavaThread "Unconstrained build operations Thread 5" [_thread_blocked, id=4564, stack(0x0000003d7a600000,0x0000003d7a700000)]
  0x00000189409ef930 JavaThread "Unconstrained build operations Thread 6" [_thread_blocked, id=11244, stack(0x0000003d7a700000,0x0000003d7a800000)]
  0x00000189409efe00 JavaThread "Unconstrained build operations Thread 7" [_thread_blocked, id=3776, stack(0x0000003d7a800000,0x0000003d7a900000)]
  0x00000189409f02d0 JavaThread "Unconstrained build operations Thread 8" [_thread_blocked, id=10252, stack(0x0000003d7a900000,0x0000003d7aa00000)]
  0x00000189409f07a0 JavaThread "Unconstrained build operations Thread 9" [_thread_blocked, id=1820, stack(0x0000003d7aa00000,0x0000003d7ab00000)]
  0x00000189409f1610 JavaThread "Unconstrained build operations Thread 10" [_thread_blocked, id=6908, stack(0x0000003d7ab00000,0x0000003d7ac00000)]
  0x00000189409f1ae0 JavaThread "Unconstrained build operations Thread 11" [_thread_blocked, id=2200, stack(0x0000003d7ac00000,0x0000003d7ad00000)]
  0x00000189409f1fb0 JavaThread "Unconstrained build operations Thread 12" [_thread_blocked, id=10316, stack(0x0000003d7ad00000,0x0000003d7ae00000)]
  0x00000189409f37c0 JavaThread "Unconstrained build operations Thread 13" [_thread_blocked, id=6556, stack(0x0000003d7ae00000,0x0000003d7af00000)]
  0x00000189409f4160 JavaThread "Unconstrained build operations Thread 14" [_thread_blocked, id=4392, stack(0x0000003d7af00000,0x0000003d7b000000)]
  0x0000018940636070 JavaThread "Unconstrained build operations Thread 15" [_thread_blocked, id=7672, stack(0x0000003d7b000000,0x0000003d7b100000)]
  0x0000018940639090 JavaThread "Unconstrained build operations Thread 16" [_thread_blocked, id=10468, stack(0x0000003d7b100000,0x0000003d7b200000)]
  0x000001894063c0b0 JavaThread "Unconstrained build operations Thread 17" [_thread_blocked, id=4344, stack(0x0000003d7b200000,0x0000003d7b300000)]
  0x000001894063a3d0 JavaThread "Unconstrained build operations Thread 18" [_thread_blocked, id=9192, stack(0x0000003d7b300000,0x0000003d7b400000)]
  0x000001894063c580 JavaThread "Unconstrained build operations Thread 19" [_thread_blocked, id=7892, stack(0x0000003d7b400000,0x0000003d7b500000)]
  0x0000018940636ee0 JavaThread "Unconstrained build operations Thread 20" [_thread_blocked, id=9704, stack(0x0000003d7b500000,0x0000003d7b600000)]
  0x000001894063d3f0 JavaThread "Unconstrained build operations Thread 21" [_thread_blocked, id=1316, stack(0x0000003d7b600000,0x0000003d7b700000)]
  0x000001894063cf20 JavaThread "Unconstrained build operations Thread 22" [_thread_blocked, id=6396, stack(0x0000003d7b700000,0x0000003d7b800000)]
  0x000001894063ad70 JavaThread "Unconstrained build operations Thread 23" [_thread_blocked, id=10412, stack(0x0000003d7b800000,0x0000003d7b900000)]
  0x0000018940639a30 JavaThread "Unconstrained build operations Thread 24" [_thread_blocked, id=4312, stack(0x0000003d7b900000,0x0000003d7ba00000)]
  0x0000018940636540 JavaThread "Unconstrained build operations Thread 25" [_thread_blocked, id=6708, stack(0x0000003d7ba00000,0x0000003d7bb00000)]
  0x0000018940636a10 JavaThread "Unconstrained build operations Thread 26" [_thread_blocked, id=3388, stack(0x0000003d7bb00000,0x0000003d7bc00000)]
  0x00000189406373b0 JavaThread "Unconstrained build operations Thread 27" [_thread_blocked, id=3852, stack(0x0000003d7bc00000,0x0000003d7bd00000)]
  0x0000018940639f00 JavaThread "Unconstrained build operations Thread 28" [_thread_blocked, id=5956, stack(0x0000003d7bd00000,0x0000003d7be00000)]
  0x000001894063d8c0 JavaThread "Unconstrained build operations Thread 29" [_thread_blocked, id=7176, stack(0x0000003d7be00000,0x0000003d7bf00000)]
  0x0000018940637880 JavaThread "Unconstrained build operations Thread 30" [_thread_blocked, id=3248, stack(0x0000003d7bf00000,0x0000003d7c000000)]
  0x0000018940637d50 JavaThread "Unconstrained build operations Thread 31" [_thread_blocked, id=5988, stack(0x0000003d7c000000,0x0000003d7c100000)]
  0x000001894063a8a0 JavaThread "Unconstrained build operations Thread 32" [_thread_blocked, id=3832, stack(0x0000003d7c100000,0x0000003d7c200000)]
  0x0000018940638220 JavaThread "Unconstrained build operations Thread 33" [_thread_blocked, id=5284, stack(0x0000003d7c200000,0x0000003d7c300000)]
  0x00000189406386f0 JavaThread "Unconstrained build operations Thread 34" [_thread_blocked, id=6668, stack(0x0000003d7c300000,0x0000003d7c400000)]
  0x000001894063b240 JavaThread "Unconstrained build operations Thread 35" [_thread_blocked, id=4052, stack(0x0000003d7c400000,0x0000003d7c500000)]
  0x0000018940638bc0 JavaThread "Unconstrained build operations Thread 36" [_thread_blocked, id=6216, stack(0x0000003d7c500000,0x0000003d7c600000)]
  0x0000018940639560 JavaThread "Unconstrained build operations Thread 37" [_thread_blocked, id=9456, stack(0x0000003d7c600000,0x0000003d7c700000)]
  0x000001894063b710 JavaThread "Unconstrained build operations Thread 38" [_thread_blocked, id=1664, stack(0x0000003d7c700000,0x0000003d7c800000)]
  0x000001894063bbe0 JavaThread "Unconstrained build operations Thread 39" [_thread_blocked, id=6128, stack(0x0000003d7c800000,0x0000003d7c900000)]
  0x000001894063ca50 JavaThread "Unconstrained build operations Thread 40" [_thread_blocked, id=1248, stack(0x0000003d7c900000,0x0000003d7ca00000)]
  0x00000189427d3680 JavaThread "build event listener" [_thread_blocked, id=6900, stack(0x0000003d7ca00000,0x0000003d7cb00000)]
  0x00000189427d4e90 JavaThread "Memory manager" [_thread_blocked, id=5372, stack(0x0000003d7cb00000,0x0000003d7cc00000)]
  0x00000189427d5360 JavaThread "included builds" [_thread_blocked, id=4068, stack(0x0000003d7cc00000,0x0000003d7cd00000)]
  0x00000189427d6b70 JavaThread "Execution worker" [_thread_blocked, id=2976, stack(0x0000003d7cd00000,0x0000003d7ce00000)]
  0x00000189427d8850 JavaThread "Execution worker Thread 2" [_thread_blocked, id=10452, stack(0x0000003d7ce00000,0x0000003d7cf00000)]
  0x00000189427d4020 JavaThread "Execution worker Thread 3" [_thread_blocked, id=8504, stack(0x0000003d7cf00000,0x0000003d7d000000)]
  0x00000189427d96c0 JavaThread "Cache worker for execution history cache (C:\Users\Pichau\AndroidStudioProjects\Tcc_funcionario\.gradle\8.0\executionHistory)" [_thread_blocked, id=11016, stack(0x0000003d7d000000,0x0000003d7d100000)]
  0x00000189427d91f0 JavaThread "WorkerExecutor Queue" [_thread_blocked, id=8888, stack(0x0000003d7d100000,0x0000003d7d200000)]
  0x0000018945b9d530 JavaThread "WorkerExecutor Queue Thread 2" [_thread_in_Java, id=4760, stack(0x0000003d7d200000,0x0000003d7d300000)]
  0x0000018945696a00 JavaThread "WorkerExecutor Queue Thread 3" [_thread_blocked, id=8300, stack(0x0000003d7d300000,0x0000003d7d400000)]
  0x00000189427d2ce0 JavaThread "WorkerExecutor Queue Thread 5" [_thread_blocked, id=2336, stack(0x0000003d7d500000,0x0000003d7d600000)]
  0x00000189409c3c10 JavaThread "pool-3-thread-1" [_thread_blocked, id=6684, stack(0x0000003d7d600000,0x0000003d7d700000)]
  0x00000189427d44f0 JavaThread "stderr" [_thread_in_native, id=7140, stack(0x0000003d7d700000,0x0000003d7d800000)]
  0x00000189427da060 JavaThread "stdout" [_thread_in_native, id=9940, stack(0x0000003d7d800000,0x0000003d7d900000)]
  0x000001893cf8d3e0 JavaThread "C2 CompilerThread1" daemon [_thread_in_native, id=4140, stack(0x0000003d79b00000,0x0000003d79c00000)]

Other Threads:
  0x000001893c30e620 VMThread "VM Thread" [stack: 0x0000003d77500000,0x0000003d77600000] [id=9360]
  0x0000018922d708e0 WatcherThread [stack: 0x0000003d78100000,0x0000003d78200000] [id=8384]
  0x0000018922d55520 GCTaskThread "GC Thread#0" [stack: 0x0000003d77000000,0x0000003d77100000] [id=7760]
  0x000001893d348050 GCTaskThread "GC Thread#1" [stack: 0x0000003d78300000,0x0000003d78400000] [id=6936]
  0x000001893d162000 GCTaskThread "GC Thread#2" [stack: 0x0000003d78400000,0x0000003d78500000] [id=6524]
  0x000001893d42a1b0 GCTaskThread "GC Thread#3" [stack: 0x0000003d78500000,0x0000003d78600000] [id=2492]
  0x0000018922d66b80 ConcurrentGCThread "G1 Main Marker" [stack: 0x0000003d77100000,0x0000003d77200000] [id=10584]
  0x0000018922d67c40 ConcurrentGCThread "G1 Conc#0" [stack: 0x0000003d77200000,0x0000003d77300000] [id=10612]
  0x0000018922dcec50 ConcurrentGCThread "G1 Refine#0" [stack: 0x0000003d77300000,0x0000003d77400000] [id=8860]
  0x000001893e161860 ConcurrentGCThread "G1 Refine#1" [stack: 0x0000003d79d00000,0x0000003d79e00000] [id=3920]
  0x000001893c19b820 ConcurrentGCThread "G1 Service" [stack: 0x0000003d77400000,0x0000003d77500000] [id=10204]

Threads with active compile tasks:
C2 CompilerThread0    29216 15315 %     4       com.android.tools.r8.ir.regalloc.b::c @ 2110 (4041 bytes)
C2 CompilerThread1    29216 15428       4       com.android.tools.r8.ir.optimize.J::a (604 bytes)

VM state: not at safepoint (normal execution)

VM Mutex/Monitor currently owned by a thread: None

Heap address: 0x0000000080000000, size: 2048 MB, Compressed Oops mode: 32-bit

CDS archive(s) not mapped
Compressed class space mapped at: 0x0000000100000000-0x0000000140000000, reserved size: 1073741824
Narrow klass base: 0x0000000000000000, Narrow klass shift: 3, Narrow klass range: 0x140000000

GC Precious Log:
 CPUs: 4 total, 4 available
 Memory: 14264M
 Large Page Support: Disabled
 NUMA Support: Disabled
 Compressed Oops: Enabled (32-bit)
 Heap Region Size: 1M
 Heap Min Capacity: 8M
 Heap Initial Capacity: 224M
 Heap Max Capacity: 2G
 Pre-touch: Disabled
 Parallel Workers: 4
 Concurrent Workers: 1
 Concurrent Refinement Workers: 4
 Periodic GC: Disabled

Heap:
 garbage-first heap   total 245760K, used 123153K [0x0000000080000000, 0x0000000100000000)
  region size 1024K, 12 young (12288K), 7 survivors (7168K)
 Metaspace       used 106516K, committed 107264K, reserved 1146880K
  class space    used 14413K, committed 14784K, reserved 1048576K

Heap Regions: E=young(eden), S=young(survivor), O=old, HS=humongous(starts), HC=humongous(continues), CS=collection set, F=free, OA=open archive, CA=closed archive, TAMS=top-at-mark-start (previous, next)
|   0|0x0000000080000000, 0x0000000080100000, 0x0000000080100000|100%| O|  |TAMS 0x0000000080100000, 0x0000000080000000| Untracked 
|   1|0x0000000080100000, 0x0000000080200000, 0x0000000080200000|100%| O|  |TAMS 0x0000000080200000, 0x0000000080100000| Untracked 
|   2|0x0000000080200000, 0x0000000080300000, 0x0000000080300000|100%|HS|  |TAMS 0x0000000080300000, 0x0000000080200000| Complete 
|   3|0x0000000080300000, 0x0000000080400000, 0x0000000080400000|100%|HC|  |TAMS 0x0000000080400000, 0x0000000080300000| Complete 
|   4|0x0000000080400000, 0x0000000080500000, 0x0000000080500000|100%|HC|  |TAMS 0x0000000080500000, 0x0000000080400000| Complete 
|   5|0x0000000080500000, 0x0000000080600000, 0x0000000080600000|100%|HC|  |TAMS 0x0000000080600000, 0x0000000080500000| Complete 
|   6|0x0000000080600000, 0x0000000080700000, 0x0000000080700000|100%| O|  |TAMS 0x0000000080700000, 0x0000000080600000| Untracked 
|   7|0x0000000080700000, 0x0000000080800000, 0x0000000080800000|100%| O|  |TAMS 0x0000000080800000, 0x0000000080700000| Untracked 
|   8|0x0000000080800000, 0x0000000080900000, 0x0000000080900000|100%| O|  |TAMS 0x0000000080900000, 0x0000000080800000| Untracked 
|   9|0x0000000080900000, 0x0000000080a00000, 0x0000000080a00000|100%| O|  |TAMS 0x0000000080a00000, 0x0000000080900000| Untracked 
|  10|0x0000000080a00000, 0x0000000080b00000, 0x0000000080b00000|100%| O|  |TAMS 0x0000000080b00000, 0x0000000080a00000| Untracked 
|  11|0x0000000080b00000, 0x0000000080c00000, 0x0000000080c00000|100%| O|  |TAMS 0x0000000080b00000, 0x0000000080b00000| Untracked 
|  12|0x0000000080c00000, 0x0000000080d00000, 0x0000000080d00000|100%| O|  |TAMS 0x0000000080d00000, 0x0000000080c00000| Untracked 
|  13|0x0000000080d00000, 0x0000000080e00000, 0x0000000080e00000|100%| O|  |TAMS 0x0000000080e00000, 0x0000000080d00000| Untracked 
|  14|0x0000000080e00000, 0x0000000080f00000, 0x0000000080f00000|100%| O|  |TAMS 0x0000000080f00000, 0x0000000080e00000| Untracked 
|  15|0x0000000080f00000, 0x0000000081000000, 0x0000000081000000|100%| O|  |TAMS 0x0000000081000000, 0x0000000080f00000| Untracked 
|  16|0x0000000081000000, 0x0000000081100000, 0x0000000081100000|100%| O|  |TAMS 0x0000000081100000, 0x0000000081000000| Untracked 
|  17|0x0000000081100000, 0x0000000081200000, 0x0000000081200000|100%| O|  |TAMS 0x0000000081200000, 0x0000000081100000| Untracked 
|  18|0x0000000081200000, 0x0000000081300000, 0x0000000081300000|100%| O|  |TAMS 0x0000000081300000, 0x0000000081200000| Untracked 
|  19|0x0000000081300000, 0x0000000081400000, 0x0000000081400000|100%| O|  |TAMS 0x0000000081400000, 0x0000000081300000| Untracked 
|  20|0x0000000081400000, 0x0000000081500000, 0x0000000081500000|100%| O|  |TAMS 0x0000000081500000, 0x0000000081400000| Untracked 
|  21|0x0000000081500000, 0x0000000081600000, 0x0000000081600000|100%| O|  |TAMS 0x0000000081600000, 0x0000000081500000| Untracked 
|  22|0x0000000081600000, 0x0000000081700000, 0x0000000081700000|100%| O|  |TAMS 0x0000000081700000, 0x0000000081600000| Untracked 
|  23|0x0000000081700000, 0x0000000081800000, 0x0000000081800000|100%| O|  |TAMS 0x0000000081700000, 0x0000000081700000| Untracked 
|  24|0x0000000081800000, 0x0000000081900000, 0x0000000081900000|100%| O|  |TAMS 0x0000000081900000, 0x0000000081800000| Untracked 
|  25|0x0000000081900000, 0x0000000081a00000, 0x0000000081a00000|100%| O|  |TAMS 0x0000000081a00000, 0x0000000081900000| Untracked 
|  26|0x0000000081a00000, 0x0000000081b00000, 0x0000000081b00000|100%| O|  |TAMS 0x0000000081b00000, 0x0000000081a00000| Untracked 
|  27|0x0000000081b00000, 0x0000000081c00000, 0x0000000081c00000|100%| O|  |TAMS 0x0000000081c00000, 0x0000000081b00000| Untracked 
|  28|0x0000000081c00000, 0x0000000081d00000, 0x0000000081d00000|100%| O|  |TAMS 0x0000000081d00000, 0x0000000081c00000| Untracked 
|  29|0x0000000081d00000, 0x0000000081e00000, 0x0000000081e00000|100%| O|  |TAMS 0x0000000081e00000, 0x0000000081d00000| Untracked 
|  30|0x0000000081e00000, 0x0000000081f00000, 0x0000000081f00000|100%| O|  |TAMS 0x0000000081f00000, 0x0000000081e00000| Untracked 
|  31|0x0000000081f00000, 0x0000000082000000, 0x0000000082000000|100%| O|  |TAMS 0x0000000082000000, 0x0000000081f00000| Untracked 
|  32|0x0000000082000000, 0x0000000082100000, 0x0000000082100000|100%| O|  |TAMS 0x0000000082100000, 0x0000000082000000| Untracked 
|  33|0x0000000082100000, 0x0000000082200000, 0x0000000082200000|100%| O|  |TAMS 0x0000000082200000, 0x0000000082100000| Untracked 
|  34|0x0000000082200000, 0x0000000082300000, 0x0000000082300000|100%| O|  |TAMS 0x0000000082300000, 0x0000000082200000| Untracked 
|  35|0x0000000082300000, 0x0000000082400000, 0x0000000082400000|100%| O|  |TAMS 0x0000000082400000, 0x0000000082300000| Untracked 
|  36|0x0000000082400000, 0x0000000082500000, 0x0000000082500000|100%| O|  |TAMS 0x0000000082500000, 0x0000000082400000| Untracked 
|  37|0x0000000082500000, 0x0000000082600000, 0x0000000082600000|100%| O|  |TAMS 0x0000000082600000, 0x0000000082500000| Untracked 
|  38|0x0000000082600000, 0x0000000082700000, 0x0000000082700000|100%| O|  |TAMS 0x0000000082600000, 0x0000000082600000| Untracked 
|  39|0x0000000082700000, 0x0000000082800000, 0x0000000082800000|100%|HS|  |TAMS 0x0000000082800000, 0x0000000082700000| Complete 
|  40|0x0000000082800000, 0x0000000082900000, 0x0000000082900000|100%|HS|  |TAMS 0x0000000082900000, 0x0000000082800000| Complete 
|  41|0x0000000082900000, 0x0000000082a00000, 0x0000000082a00000|100%| O|  |TAMS 0x0000000082a00000, 0x0000000082900000| Untracked 
|  42|0x0000000082a00000, 0x0000000082b00000, 0x0000000082b00000|100%| O|  |TAMS 0x0000000082b00000, 0x0000000082a00000| Untracked 
|  43|0x0000000082b00000, 0x0000000082c00000, 0x0000000082c00000|100%| O|  |TAMS 0x0000000082c00000, 0x0000000082b00000| Untracked 
|  44|0x0000000082c00000, 0x0000000082d00000, 0x0000000082d00000|100%| O|  |TAMS 0x0000000082d00000, 0x0000000082c00000| Untracked 
|  45|0x0000000082d00000, 0x0000000082e00000, 0x0000000082e00000|100%| O|  |TAMS 0x0000000082e00000, 0x0000000082d00000| Untracked 
|  46|0x0000000082e00000, 0x0000000082f00000, 0x0000000082f00000|100%| O|  |TAMS 0x0000000082f00000, 0x0000000082e00000| Untracked 
|  47|0x0000000082f00000, 0x0000000083000000, 0x0000000083000000|100%| O|  |TAMS 0x0000000083000000, 0x0000000082f00000| Untracked 
|  48|0x0000000083000000, 0x0000000083100000, 0x0000000083100000|100%| O|  |TAMS 0x0000000083100000, 0x0000000083000000| Untracked 
|  49|0x0000000083100000, 0x0000000083200000, 0x0000000083200000|100%| O|  |TAMS 0x0000000083100000, 0x0000000083100000| Untracked 
|  50|0x0000000083200000, 0x0000000083300000, 0x0000000083300000|100%| O|  |TAMS 0x0000000083200000, 0x0000000083200000| Untracked 
|  51|0x0000000083300000, 0x0000000083400000, 0x0000000083400000|100%| O|  |TAMS 0x0000000083400000, 0x0000000083300000| Untracked 
|  52|0x0000000083400000, 0x0000000083500000, 0x0000000083500000|100%| O|  |TAMS 0x0000000083400000, 0x0000000083400000| Untracked 
|  53|0x0000000083500000, 0x0000000083600000, 0x0000000083600000|100%| O|  |TAMS 0x0000000083600000, 0x0000000083500000| Untracked 
|  54|0x0000000083600000, 0x0000000083700000, 0x0000000083700000|100%| O|  |TAMS 0x0000000083700000, 0x0000000083600000| Untracked 
|  55|0x0000000083700000, 0x0000000083800000, 0x0000000083800000|100%| O|  |TAMS 0x00000000837cf600, 0x0000000083700000| Untracked 
|  56|0x0000000083800000, 0x0000000083900000, 0x0000000083900000|100%| O|  |TAMS 0x0000000083800000, 0x0000000083800000| Untracked 
|  57|0x0000000083900000, 0x0000000083a00000, 0x0000000083a00000|100%| O|  |TAMS 0x0000000083900000, 0x0000000083900000| Untracked 
|  58|0x0000000083a00000, 0x0000000083b00000, 0x0000000083b00000|100%| O|  |TAMS 0x0000000083a00000, 0x0000000083a00000| Untracked 
|  59|0x0000000083b00000, 0x0000000083c00000, 0x0000000083c00000|100%| O|  |TAMS 0x0000000083b00000, 0x0000000083b00000| Untracked 
|  60|0x0000000083c00000, 0x0000000083d00000, 0x0000000083d00000|100%| O|  |TAMS 0x0000000083c00000, 0x0000000083c00000| Untracked 
|  61|0x0000000083d00000, 0x0000000083e00000, 0x0000000083e00000|100%| O|  |TAMS 0x0000000083d00000, 0x0000000083d00000| Untracked 
|  62|0x0000000083e00000, 0x0000000083f00000, 0x0000000083f00000|100%| O|  |TAMS 0x0000000083e00000, 0x0000000083e00000| Untracked 
|  63|0x0000000083f00000, 0x0000000084000000, 0x0000000084000000|100%| O|  |TAMS 0x0000000083f00000, 0x0000000083f00000| Untracked 
|  64|0x0000000084000000, 0x0000000084100000, 0x0000000084100000|100%| O|  |TAMS 0x0000000084000000, 0x0000000084000000| Untracked 
|  65|0x0000000084100000, 0x0000000084200000, 0x0000000084200000|100%| O|  |TAMS 0x0000000084100000, 0x0000000084100000| Untracked 
|  66|0x0000000084200000, 0x0000000084300000, 0x0000000084300000|100%| O|  |TAMS 0x0000000084200000, 0x0000000084200000| Untracked 
|  67|0x0000000084300000, 0x0000000084400000, 0x0000000084400000|100%| O|  |TAMS 0x0000000084300000, 0x0000000084300000| Untracked 
|  68|0x0000000084400000, 0x0000000084500000, 0x0000000084500000|100%| O|  |TAMS 0x0000000084400000, 0x0000000084400000| Untracked 
|  69|0x0000000084500000, 0x0000000084600000, 0x0000000084600000|100%| O|  |TAMS 0x0000000084500000, 0x0000000084500000| Untracked 
|  70|0x0000000084600000, 0x0000000084700000, 0x0000000084700000|100%| O|  |TAMS 0x0000000084600000, 0x0000000084600000| Untracked 
|  71|0x0000000084700000, 0x0000000084800000, 0x0000000084800000|100%| O|  |TAMS 0x0000000084700000, 0x0000000084700000| Untracked 
|  72|0x0000000084800000, 0x0000000084900000, 0x0000000084900000|100%| O|  |TAMS 0x0000000084800000, 0x0000000084800000| Untracked 
|  73|0x0000000084900000, 0x0000000084a00000, 0x0000000084a00000|100%| O|  |TAMS 0x0000000084900000, 0x0000000084900000| Untracked 
|  74|0x0000000084a00000, 0x0000000084b00000, 0x0000000084b00000|100%| O|  |TAMS 0x0000000084a00000, 0x0000000084a00000| Untracked 
|  75|0x0000000084b00000, 0x0000000084c00000, 0x0000000084c00000|100%| O|  |TAMS 0x0000000084b00000, 0x0000000084b00000| Untracked 
|  76|0x0000000084c00000, 0x0000000084d00000, 0x0000000084d00000|100%| O|  |TAMS 0x0000000084c00000, 0x0000000084c00000| Untracked 
|  77|0x0000000084d00000, 0x0000000084e00000, 0x0000000084e00000|100%| O|  |TAMS 0x0000000084d00000, 0x0000000084d00000| Untracked 
|  78|0x0000000084e00000, 0x0000000084f00000, 0x0000000084f00000|100%| O|  |TAMS 0x0000000084e00000, 0x0000000084e00000| Untracked 
|  79|0x0000000084f00000, 0x0000000085000000, 0x0000000085000000|100%| O|  |TAMS 0x0000000084f00000, 0x0000000084f00000| Untracked 
|  80|0x0000000085000000, 0x0000000085100000, 0x0000000085100000|100%| O|  |TAMS 0x0000000085000000, 0x0000000085000000| Untracked 
|  81|0x0000000085100000, 0x0000000085200000, 0x0000000085200000|100%|HS|  |TAMS 0x0000000085100000, 0x0000000085100000| Complete 
|  82|0x0000000085200000, 0x0000000085300000, 0x0000000085300000|100%|HC|  |TAMS 0x0000000085200000, 0x0000000085200000| Complete 
|  83|0x0000000085300000, 0x0000000085400000, 0x0000000085400000|100%| O|  |TAMS 0x0000000085300000, 0x0000000085300000| Untracked 
|  84|0x0000000085400000, 0x0000000085500000, 0x0000000085500000|100%| O|  |TAMS 0x0000000085400000, 0x0000000085400000| Untracked 
|  85|0x0000000085500000, 0x0000000085600000, 0x0000000085600000|100%| O|  |TAMS 0x0000000085500000, 0x0000000085500000| Untracked 
|  86|0x0000000085600000, 0x0000000085700000, 0x0000000085700000|100%| O|  |TAMS 0x0000000085600000, 0x0000000085600000| Untracked 
|  87|0x0000000085700000, 0x0000000085800000, 0x0000000085800000|100%| O|  |TAMS 0x0000000085700000, 0x0000000085700000| Untracked 
|  88|0x0000000085800000, 0x0000000085900000, 0x0000000085900000|100%| O|  |TAMS 0x0000000085800000, 0x0000000085800000| Untracked 
|  89|0x0000000085900000, 0x0000000085a00000, 0x0000000085a00000|100%| O|  |TAMS 0x0000000085900000, 0x0000000085900000| Untracked 
|  90|0x0000000085a00000, 0x0000000085b00000, 0x0000000085b00000|100%| O|  |TAMS 0x0000000085a00000, 0x0000000085a00000| Untracked 
|  91|0x0000000085b00000, 0x0000000085b00000, 0x0000000085c00000|  0%| F|  |TAMS 0x0000000085b00000, 0x0000000085b00000| Untracked 
|  92|0x0000000085c00000, 0x0000000085c00000, 0x0000000085d00000|  0%| F|  |TAMS 0x0000000085c00000, 0x0000000085c00000| Untracked 
|  93|0x0000000085d00000, 0x0000000085d00000, 0x0000000085e00000|  0%| F|  |TAMS 0x0000000085d00000, 0x0000000085d00000| Untracked 
|  94|0x0000000085e00000, 0x0000000085e00000, 0x0000000085f00000|  0%| F|  |TAMS 0x0000000085e00000, 0x0000000085e00000| Untracked 
|  95|0x0000000085f00000, 0x0000000085f00000, 0x0000000086000000|  0%| F|  |TAMS 0x0000000085f00000, 0x0000000085f00000| Untracked 
|  96|0x0000000086000000, 0x0000000086000000, 0x0000000086100000|  0%| F|  |TAMS 0x0000000086000000, 0x0000000086000000| Untracked 
|  97|0x0000000086100000, 0x0000000086100000, 0x0000000086200000|  0%| F|  |TAMS 0x0000000086100000, 0x0000000086100000| Untracked 
|  98|0x0000000086200000, 0x0000000086200000, 0x0000000086300000|  0%| F|  |TAMS 0x0000000086200000, 0x0000000086200000| Untracked 
|  99|0x0000000086300000, 0x0000000086300000, 0x0000000086400000|  0%| F|  |TAMS 0x0000000086300000, 0x0000000086300000| Untracked 
| 100|0x0000000086400000, 0x0000000086400000, 0x0000000086500000|  0%| F|  |TAMS 0x0000000086400000, 0x0000000086400000| Untracked 
| 101|0x0000000086500000, 0x0000000086500000, 0x0000000086600000|  0%| F|  |TAMS 0x0000000086500000, 0x0000000086500000| Untracked 
| 102|0x0000000086600000, 0x0000000086700000, 0x0000000086700000|100%|HS|  |TAMS 0x0000000086600000, 0x0000000086600000| Complete 
| 103|0x0000000086700000, 0x0000000086800000, 0x0000000086800000|100%|HC|  |TAMS 0x0000000086700000, 0x0000000086700000| Complete 
| 104|0x0000000086800000, 0x0000000086900000, 0x0000000086900000|100%|HC|  |TAMS 0x0000000086800000, 0x0000000086800000| Complete 
| 105|0x0000000086900000, 0x0000000086a00000, 0x0000000086a00000|100%|HC|  |TAMS 0x0000000086900000, 0x0000000086900000| Complete 
| 106|0x0000000086a00000, 0x0000000086b00000, 0x0000000086b00000|100%|HC|  |TAMS 0x0000000086a00000, 0x0000000086a00000| Complete 
| 107|0x0000000086b00000, 0x0000000086c00000, 0x0000000086c00000|100%|HC|  |TAMS 0x0000000086b00000, 0x0000000086b00000| Complete 
| 108|0x0000000086c00000, 0x0000000086d00000, 0x0000000086d00000|100%| O|  |TAMS 0x0000000086c00000, 0x0000000086c00000| Untracked 
| 109|0x0000000086d00000, 0x0000000086e00000, 0x0000000086e00000|100%| O|  |TAMS 0x0000000086d00000, 0x0000000086d00000| Untracked 
| 110|0x0000000086e00000, 0x0000000086f00000, 0x0000000086f00000|100%| O|  |TAMS 0x0000000086e00000, 0x0000000086e00000| Untracked 
| 111|0x0000000086f00000, 0x0000000087000000, 0x0000000087000000|100%| O|  |TAMS 0x0000000086f00000, 0x0000000086f00000| Untracked 
| 112|0x0000000087000000, 0x0000000087100000, 0x0000000087100000|100%| O|  |TAMS 0x0000000087000000, 0x0000000087000000| Untracked 
| 113|0x0000000087100000, 0x0000000087200000, 0x0000000087200000|100%| O|  |TAMS 0x0000000087100000, 0x0000000087100000| Untracked 
| 114|0x0000000087200000, 0x0000000087300000, 0x0000000087300000|100%| O|  |TAMS 0x0000000087200000, 0x0000000087200000| Untracked 
| 115|0x0000000087300000, 0x0000000087400000, 0x0000000087400000|100%| O|  |TAMS 0x0000000087300000, 0x0000000087300000| Untracked 
| 116|0x0000000087400000, 0x0000000087500000, 0x0000000087500000|100%| O|  |TAMS 0x0000000087400000, 0x0000000087400000| Untracked 
| 117|0x0000000087500000, 0x0000000087600000, 0x0000000087600000|100%| O|  |TAMS 0x0000000087500000, 0x0000000087500000| Untracked 
| 118|0x0000000087600000, 0x0000000087700000, 0x0000000087700000|100%| O|  |TAMS 0x0000000087600000, 0x0000000087600000| Untracked 
| 119|0x0000000087700000, 0x0000000087800000, 0x0000000087800000|100%| O|  |TAMS 0x0000000087700000, 0x0000000087700000| Untracked 
| 120|0x0000000087800000, 0x0000000087800000, 0x0000000087900000|  0%| F|  |TAMS 0x0000000087800000, 0x0000000087800000| Untracked 
| 121|0x0000000087900000, 0x0000000087900000, 0x0000000087a00000|  0%| F|  |TAMS 0x0000000087900000, 0x0000000087900000| Untracked 
| 122|0x0000000087a00000, 0x0000000087a00000, 0x0000000087b00000|  0%| F|  |TAMS 0x0000000087a00000, 0x0000000087a00000| Untracked 
| 123|0x0000000087b00000, 0x0000000087b00000, 0x0000000087c00000|  0%| F|  |TAMS 0x0000000087b00000, 0x0000000087b00000| Untracked 
| 124|0x0000000087c00000, 0x0000000087c00000, 0x0000000087d00000|  0%| F|  |TAMS 0x0000000087c00000, 0x0000000087c00000| Untracked 
| 125|0x0000000087d00000, 0x0000000087d00000, 0x0000000087e00000|  0%| F|  |TAMS 0x0000000087d00000, 0x0000000087d00000| Untracked 
| 126|0x0000000087e00000, 0x0000000087e00000, 0x0000000087f00000|  0%| F|  |TAMS 0x0000000087e00000, 0x0000000087e00000| Untracked 
| 127|0x0000000087f00000, 0x0000000087f00000, 0x0000000088000000|  0%| F|  |TAMS 0x0000000087f00000, 0x0000000087f00000| Untracked 
| 128|0x0000000088000000, 0x0000000088000000, 0x0000000088100000|  0%| F|  |TAMS 0x0000000088000000, 0x0000000088000000| Untracked 
| 129|0x0000000088100000, 0x0000000088100000, 0x0000000088200000|  0%| F|  |TAMS 0x0000000088100000, 0x0000000088100000| Untracked 
| 130|0x0000000088200000, 0x0000000088200000, 0x0000000088300000|  0%| F|  |TAMS 0x0000000088200000, 0x0000000088200000| Untracked 
| 131|0x0000000088300000, 0x0000000088300000, 0x0000000088400000|  0%| F|  |TAMS 0x0000000088300000, 0x0000000088300000| Untracked 
| 132|0x0000000088400000, 0x0000000088400000, 0x0000000088500000|  0%| F|  |TAMS 0x0000000088400000, 0x0000000088400000| Untracked 
| 133|0x0000000088500000, 0x0000000088600000, 0x0000000088600000|100%| O|  |TAMS 0x0000000088500000, 0x0000000088500000| Untracked 
| 134|0x0000000088600000, 0x0000000088600000, 0x0000000088700000|  0%| F|  |TAMS 0x0000000088600000, 0x0000000088600000| Untracked 
| 135|0x0000000088700000, 0x0000000088700000, 0x0000000088800000|  0%| F|  |TAMS 0x0000000088700000, 0x0000000088700000| Untracked 
| 136|0x0000000088800000, 0x0000000088800000, 0x0000000088900000|  0%| F|  |TAMS 0x0000000088800000, 0x0000000088800000| Untracked 
| 137|0x0000000088900000, 0x0000000088900000, 0x0000000088a00000|  0%| F|  |TAMS 0x0000000088900000, 0x0000000088900000| Untracked 
| 138|0x0000000088a00000, 0x0000000088a00000, 0x0000000088b00000|  0%| F|  |TAMS 0x0000000088a00000, 0x0000000088a00000| Untracked 
| 139|0x0000000088b00000, 0x0000000088b00000, 0x0000000088c00000|  0%| F|  |TAMS 0x0000000088b00000, 0x0000000088b00000| Untracked 
| 140|0x0000000088c00000, 0x0000000088c00000, 0x0000000088d00000|  0%| F|  |TAMS 0x0000000088c00000, 0x0000000088c00000| Untracked 
| 141|0x0000000088d00000, 0x0000000088d00000, 0x0000000088e00000|  0%| F|  |TAMS 0x0000000088d00000, 0x0000000088d00000| Untracked 
| 142|0x0000000088e00000, 0x0000000088e00000, 0x0000000088f00000|  0%| F|  |TAMS 0x0000000088e00000, 0x0000000088e00000| Untracked 
| 143|0x0000000088f00000, 0x0000000088f44490, 0x0000000089000000| 26%| S|CS|TAMS 0x0000000088f00000, 0x0000000088f00000| Complete 
| 144|0x0000000089000000, 0x0000000089100000, 0x0000000089100000|100%| S|CS|TAMS 0x0000000089000000, 0x0000000089000000| Complete 
| 145|0x0000000089100000, 0x0000000089200000, 0x0000000089200000|100%| S|CS|TAMS 0x0000000089100000, 0x0000000089100000| Complete 
| 146|0x0000000089200000, 0x0000000089300000, 0x0000000089300000|100%| S|CS|TAMS 0x0000000089200000, 0x0000000089200000| Complete 
| 147|0x0000000089300000, 0x0000000089300000, 0x0000000089400000|  0%| F|  |TAMS 0x0000000089300000, 0x0000000089300000| Untracked 
| 148|0x0000000089400000, 0x0000000089400000, 0x0000000089500000|  0%| F|  |TAMS 0x0000000089400000, 0x0000000089400000| Untracked 
| 149|0x0000000089500000, 0x0000000089500000, 0x0000000089600000|  0%| F|  |TAMS 0x0000000089500000, 0x0000000089500000| Untracked 
| 150|0x0000000089600000, 0x0000000089700000, 0x0000000089700000|100%| S|CS|TAMS 0x0000000089600000, 0x0000000089600000| Complete 
| 151|0x0000000089700000, 0x0000000089700000, 0x0000000089800000|  0%| F|  |TAMS 0x0000000089700000, 0x0000000089700000| Untracked 
| 152|0x0000000089800000, 0x0000000089800000, 0x0000000089900000|  0%| F|  |TAMS 0x0000000089800000, 0x0000000089800000| Untracked 
| 153|0x0000000089900000, 0x0000000089900000, 0x0000000089a00000|  0%| F|  |TAMS 0x0000000089900000, 0x0000000089900000| Untracked 
| 154|0x0000000089a00000, 0x0000000089b00000, 0x0000000089b00000|100%| S|CS|TAMS 0x0000000089a00000, 0x0000000089a00000| Complete 
| 155|0x0000000089b00000, 0x0000000089c00000, 0x0000000089c00000|100%| S|CS|TAMS 0x0000000089b00000, 0x0000000089b00000| Complete 
| 156|0x0000000089c00000, 0x0000000089c00000, 0x0000000089d00000|  0%| F|  |TAMS 0x0000000089c00000, 0x0000000089c00000| Untracked 
| 157|0x0000000089d00000, 0x0000000089d00000, 0x0000000089e00000|  0%| F|  |TAMS 0x0000000089d00000, 0x0000000089d00000| Untracked 
| 158|0x0000000089e00000, 0x0000000089e00000, 0x0000000089f00000|  0%| F|  |TAMS 0x0000000089e00000, 0x0000000089e00000| Untracked 
| 159|0x0000000089f00000, 0x0000000089f00000, 0x000000008a000000|  0%| F|  |TAMS 0x0000000089f00000, 0x0000000089f00000| Untracked 
| 160|0x000000008a000000, 0x000000008a000000, 0x000000008a100000|  0%| F|  |TAMS 0x000000008a000000, 0x000000008a000000| Untracked 
| 161|0x000000008a100000, 0x000000008a100000, 0x000000008a200000|  0%| F|  |TAMS 0x000000008a100000, 0x000000008a100000| Untracked 
| 162|0x000000008a200000, 0x000000008a200000, 0x000000008a300000|  0%| F|  |TAMS 0x000000008a200000, 0x000000008a200000| Untracked 
| 163|0x000000008a300000, 0x000000008a300000, 0x000000008a400000|  0%| F|  |TAMS 0x000000008a300000, 0x000000008a300000| Untracked 
| 164|0x000000008a400000, 0x000000008a400000, 0x000000008a500000|  0%| F|  |TAMS 0x000000008a400000, 0x000000008a400000| Untracked 
| 165|0x000000008a500000, 0x000000008a500000, 0x000000008a600000|  0%| F|  |TAMS 0x000000008a500000, 0x000000008a500000| Untracked 
| 166|0x000000008a600000, 0x000000008a600000, 0x000000008a700000|  0%| F|  |TAMS 0x000000008a600000, 0x000000008a600000| Untracked 
| 167|0x000000008a700000, 0x000000008a700000, 0x000000008a800000|  0%| F|  |TAMS 0x000000008a700000, 0x000000008a700000| Untracked 
| 168|0x000000008a800000, 0x000000008a800000, 0x000000008a900000|  0%| F|  |TAMS 0x000000008a800000, 0x000000008a800000| Untracked 
| 169|0x000000008a900000, 0x000000008a900000, 0x000000008aa00000|  0%| F|  |TAMS 0x000000008a900000, 0x000000008a900000| Untracked 
| 170|0x000000008aa00000, 0x000000008aa00000, 0x000000008ab00000|  0%| F|  |TAMS 0x000000008aa00000, 0x000000008aa00000| Untracked 
| 171|0x000000008ab00000, 0x000000008ab00000, 0x000000008ac00000|  0%| F|  |TAMS 0x000000008ab00000, 0x000000008ab00000| Untracked 
| 172|0x000000008ac00000, 0x000000008ac00000, 0x000000008ad00000|  0%| F|  |TAMS 0x000000008ac00000, 0x000000008ac00000| Untracked 
| 173|0x000000008ad00000, 0x000000008ad00000, 0x000000008ae00000|  0%| F|  |TAMS 0x000000008ad00000, 0x000000008ad00000| Untracked 
| 174|0x000000008ae00000, 0x000000008ae00000, 0x000000008af00000|  0%| F|  |TAMS 0x000000008ae00000, 0x000000008ae00000| Untracked 
| 175|0x000000008af00000, 0x000000008af00000, 0x000000008b000000|  0%| F|  |TAMS 0x000000008af00000, 0x000000008af00000| Untracked 
| 176|0x000000008b000000, 0x000000008b000000, 0x000000008b100000|  0%| F|  |TAMS 0x000000008b000000, 0x000000008b000000| Untracked 
| 177|0x000000008b100000, 0x000000008b100000, 0x000000008b200000|  0%| F|  |TAMS 0x000000008b100000, 0x000000008b100000| Untracked 
| 178|0x000000008b200000, 0x000000008b200000, 0x000000008b300000|  0%| F|  |TAMS 0x000000008b200000, 0x000000008b200000| Untracked 
| 179|0x000000008b300000, 0x000000008b300000, 0x000000008b400000|  0%| F|  |TAMS 0x000000008b300000, 0x000000008b300000| Untracked 
| 180|0x000000008b400000, 0x000000008b400000, 0x000000008b500000|  0%| F|  |TAMS 0x000000008b400000, 0x000000008b400000| Untracked 
| 181|0x000000008b500000, 0x000000008b500000, 0x000000008b600000|  0%| F|  |TAMS 0x000000008b500000, 0x000000008b500000| Untracked 
| 182|0x000000008b600000, 0x000000008b600000, 0x000000008b700000|  0%| F|  |TAMS 0x000000008b600000, 0x000000008b600000| Untracked 
| 183|0x000000008b700000, 0x000000008b700000, 0x000000008b800000|  0%| F|  |TAMS 0x000000008b700000, 0x000000008b700000| Untracked 
| 184|0x000000008b800000, 0x000000008b800000, 0x000000008b900000|  0%| F|  |TAMS 0x000000008b800000, 0x000000008b800000| Untracked 
| 185|0x000000008b900000, 0x000000008b900000, 0x000000008ba00000|  0%| F|  |TAMS 0x000000008b900000, 0x000000008b900000| Untracked 
| 186|0x000000008ba00000, 0x000000008ba00000, 0x000000008bb00000|  0%| F|  |TAMS 0x000000008ba00000, 0x000000008ba00000| Untracked 
| 187|0x000000008bb00000, 0x000000008bb00000, 0x000000008bc00000|  0%| F|  |TAMS 0x000000008bb00000, 0x000000008bb00000| Untracked 
| 188|0x000000008bc00000, 0x000000008bc00000, 0x000000008bd00000|  0%| F|  |TAMS 0x000000008bc00000, 0x000000008bc00000| Untracked 
| 189|0x000000008bd00000, 0x000000008bd00000, 0x000000008be00000|  0%| F|  |TAMS 0x000000008bd00000, 0x000000008bd00000| Untracked 
| 190|0x000000008be00000, 0x000000008be00000, 0x000000008bf00000|  0%| F|  |TAMS 0x000000008be00000, 0x000000008be00000| Untracked 
| 191|0x000000008bf00000, 0x000000008bf00000, 0x000000008c000000|  0%| F|  |TAMS 0x000000008bf00000, 0x000000008bf00000| Untracked 
| 192|0x000000008c000000, 0x000000008c000000, 0x000000008c100000|  0%| F|  |TAMS 0x000000008c000000, 0x000000008c000000| Untracked 
| 193|0x000000008c100000, 0x000000008c100000, 0x000000008c200000|  0%| F|  |TAMS 0x000000008c100000, 0x000000008c100000| Untracked 
| 194|0x000000008c200000, 0x000000008c200000, 0x000000008c300000|  0%| F|  |TAMS 0x000000008c200000, 0x000000008c200000| Untracked 
| 195|0x000000008c300000, 0x000000008c300000, 0x000000008c400000|  0%| F|  |TAMS 0x000000008c300000, 0x000000008c300000| Untracked 
| 196|0x000000008c400000, 0x000000008c400000, 0x000000008c500000|  0%| F|  |TAMS 0x000000008c400000, 0x000000008c400000| Untracked 
| 197|0x000000008c500000, 0x000000008c500000, 0x000000008c600000|  0%| F|  |TAMS 0x000000008c500000, 0x000000008c500000| Untracked 
| 198|0x000000008c600000, 0x000000008c600000, 0x000000008c700000|  0%| F|  |TAMS 0x000000008c600000, 0x000000008c600000| Untracked 
| 199|0x000000008c700000, 0x000000008c700000, 0x000000008c800000|  0%| F|  |TAMS 0x000000008c700000, 0x000000008c700000| Untracked 
| 200|0x000000008c800000, 0x000000008c800000, 0x000000008c900000|  0%| F|  |TAMS 0x000000008c800000, 0x000000008c800000| Untracked 
| 201|0x000000008c900000, 0x000000008c900000, 0x000000008ca00000|  0%| F|  |TAMS 0x000000008c900000, 0x000000008c900000| Untracked 
| 202|0x000000008ca00000, 0x000000008ca00000, 0x000000008cb00000|  0%| F|  |TAMS 0x000000008ca00000, 0x000000008ca00000| Untracked 
| 203|0x000000008cb00000, 0x000000008cb00000, 0x000000008cc00000|  0%| F|  |TAMS 0x000000008cb00000, 0x000000008cb00000| Untracked 
| 204|0x000000008cc00000, 0x000000008cc00000, 0x000000008cd00000|  0%| F|  |TAMS 0x000000008cc00000, 0x000000008cc00000| Untracked 
| 205|0x000000008cd00000, 0x000000008cd00000, 0x000000008ce00000|  0%| F|  |TAMS 0x000000008cd00000, 0x000000008cd00000| Untracked 
| 206|0x000000008ce00000, 0x000000008ce00000, 0x000000008cf00000|  0%| F|  |TAMS 0x000000008ce00000, 0x000000008ce00000| Untracked 
| 207|0x000000008cf00000, 0x000000008cf00000, 0x000000008d000000|  0%| F|  |TAMS 0x000000008cf00000, 0x000000008cf00000| Untracked 
| 208|0x000000008d000000, 0x000000008d000000, 0x000000008d100000|  0%| F|  |TAMS 0x000000008d000000, 0x000000008d000000| Untracked 
| 209|0x000000008d100000, 0x000000008d100000, 0x000000008d200000|  0%| F|  |TAMS 0x000000008d100000, 0x000000008d100000| Untracked 
| 210|0x000000008d200000, 0x000000008d200000, 0x000000008d300000|  0%| F|  |TAMS 0x000000008d200000, 0x000000008d200000| Untracked 
| 211|0x000000008d300000, 0x000000008d300000, 0x000000008d400000|  0%| F|  |TAMS 0x000000008d300000, 0x000000008d300000| Untracked 
| 212|0x000000008d400000, 0x000000008d400000, 0x000000008d500000|  0%| F|  |TAMS 0x000000008d400000, 0x000000008d400000| Untracked 
| 213|0x000000008d500000, 0x000000008d500000, 0x000000008d600000|  0%| F|  |TAMS 0x000000008d500000, 0x000000008d500000| Untracked 
| 214|0x000000008d600000, 0x000000008d600000, 0x000000008d700000|  0%| F|  |TAMS 0x000000008d600000, 0x000000008d600000| Untracked 
| 215|0x000000008d700000, 0x000000008d700000, 0x000000008d800000|  0%| F|  |TAMS 0x000000008d700000, 0x000000008d700000| Untracked 
| 216|0x000000008d800000, 0x000000008d800000, 0x000000008d900000|  0%| F|  |TAMS 0x000000008d800000, 0x000000008d800000| Untracked 
| 217|0x000000008d900000, 0x000000008d900000, 0x000000008da00000|  0%| F|  |TAMS 0x000000008d900000, 0x000000008d900000| Untracked 
| 218|0x000000008da00000, 0x000000008da00000, 0x000000008db00000|  0%| F|  |TAMS 0x000000008da00000, 0x000000008da00000| Untracked 
| 219|0x000000008db00000, 0x000000008db00000, 0x000000008dc00000|  0%| F|  |TAMS 0x000000008db00000, 0x000000008db00000| Untracked 
| 220|0x000000008dc00000, 0x000000008dc00000, 0x000000008dd00000|  0%| F|  |TAMS 0x000000008dc00000, 0x000000008dc00000| Untracked 
| 221|0x000000008dd00000, 0x000000008dd00000, 0x000000008de00000|  0%| F|  |TAMS 0x000000008dd00000, 0x000000008dd00000| Untracked 
| 222|0x000000008de00000, 0x000000008de00000, 0x000000008df00000|  0%| F|  |TAMS 0x000000008de00000, 0x000000008de00000| Untracked 
| 223|0x000000008df00000, 0x000000008df00000, 0x000000008e000000|  0%| F|  |TAMS 0x000000008df00000, 0x000000008df00000| Untracked 
| 224|0x000000008e000000, 0x000000008e000000, 0x000000008e100000|  0%| F|  |TAMS 0x000000008e000000, 0x000000008e000000| Untracked 
| 225|0x000000008e100000, 0x000000008e100000, 0x000000008e200000|  0%| F|  |TAMS 0x000000008e100000, 0x000000008e100000| Untracked 
| 226|0x000000008e200000, 0x000000008e200000, 0x000000008e300000|  0%| F|  |TAMS 0x000000008e200000, 0x000000008e200000| Untracked 
| 227|0x000000008e300000, 0x000000008e300000, 0x000000008e400000|  0%| F|  |TAMS 0x000000008e300000, 0x000000008e300000| Untracked 
| 228|0x000000008e400000, 0x000000008e400000, 0x000000008e500000|  0%| F|  |TAMS 0x000000008e400000, 0x000000008e400000| Untracked 
| 229|0x000000008e500000, 0x000000008e500000, 0x000000008e600000|  0%| F|  |TAMS 0x000000008e500000, 0x000000008e500000| Untracked 
| 230|0x000000008e600000, 0x000000008e600000, 0x000000008e700000|  0%| F|  |TAMS 0x000000008e600000, 0x000000008e600000| Untracked 
| 231|0x000000008e700000, 0x000000008e700000, 0x000000008e800000|  0%| F|  |TAMS 0x000000008e700000, 0x000000008e700000| Untracked 
| 232|0x000000008e800000, 0x000000008e800000, 0x000000008e900000|  0%| F|  |TAMS 0x000000008e800000, 0x000000008e800000| Untracked 
| 233|0x000000008e900000, 0x000000008e980800, 0x000000008ea00000| 50%| E|  |TAMS 0x000000008e900000, 0x000000008e900000| Complete 
| 234|0x000000008ea00000, 0x000000008eb00000, 0x000000008eb00000|100%| E|CS|TAMS 0x000000008ea00000, 0x000000008ea00000| Complete 
| 235|0x000000008eb00000, 0x000000008ec00000, 0x000000008ec00000|100%| E|CS|TAMS 0x000000008eb00000, 0x000000008eb00000| Complete 
| 236|0x000000008ec00000, 0x000000008ed00000, 0x000000008ed00000|100%| E|CS|TAMS 0x000000008ec00000, 0x000000008ec00000| Complete 
| 237|0x000000008ed00000, 0x000000008ee00000, 0x000000008ee00000|100%| E|CS|TAMS 0x000000008ed00000, 0x000000008ed00000| Complete 
| 238|0x000000008ee00000, 0x000000008ef00000, 0x000000008ef00000|100%| E|CS|TAMS 0x000000008ee00000, 0x000000008ee00000| Complete 
| 239|0x000000008ef00000, 0x000000008f000000, 0x000000008f000000|100%| E|CS|TAMS 0x000000008ef00000, 0x000000008ef00000| Complete 

Card table byte_map: [0x00000189355d0000,0x00000189359d0000] _byte_map_base: 0x00000189351d0000

Marking Bits (Prev, Next): (CMBitMap*) 0x0000018922d55a80, (CMBitMap*) 0x0000018922d55a40
 Prev Bits: [0x0000018937dd0000, 0x0000018939dd0000)
 Next Bits: [0x0000018935dd0000, 0x0000018937dd0000)

Polling page: 0x00000189224d0000

Metaspace:

Usage:
  Non-class:     89.94 MB used.
      Class:     14.08 MB used.
       Both:    104.02 MB used.

Virtual space:
  Non-class space:       96.00 MB reserved,      90.31 MB ( 94%) committed,  12 nodes.
      Class space:        1.00 GB reserved,      14.44 MB (  1%) committed,  1 nodes.
             Both:        1.09 GB reserved,     104.75 MB (  9%) committed. 

Chunk freelists:
   Non-Class:  912.00 KB
       Class:  1.59 MB
        Both:  2.49 MB

MaxMetaspaceSize: unlimited
CompressedClassSpaceSize: 1.00 GB
Initial GC threshold: 21.00 MB
Current GC threshold: 106.69 MB
CDS: off
MetaspaceReclaimPolicy: balanced
 - commit_granule_bytes: 65536.
 - commit_granule_words: 8192.
 - virtual_space_node_default_size: 1048576.
 - enlarge_chunks_in_place: 1.
 - new_chunks_are_fully_committed: 0.
 - uncommit_free_chunks: 1.
 - use_allocation_guard: 0.
 - handle_deallocations: 1.


Internal statistics:

num_allocs_failed_limit: 6.
num_arena_births: 1002.
num_arena_deaths: 0.
num_vsnodes_births: 13.
num_vsnodes_deaths: 0.
num_space_committed: 1676.
num_space_uncommitted: 0.
num_chunks_returned_to_freelist: 6.
num_chunks_taken_from_freelist: 5032.
num_chunk_merges: 6.
num_chunk_splits: 3322.
num_chunks_enlarged: 2231.
num_purges: 0.
num_inconsistent_stats: 0.

CodeHeap 'non-profiled nmethods': size=120000Kb used=7966Kb max_used=7966Kb free=112033Kb
 bounds [0x000001892dca0000, 0x000001892e470000, 0x00000189351d0000]
CodeHeap 'profiled nmethods': size=120000Kb used=28068Kb max_used=28068Kb free=91931Kb
 bounds [0x00000189261d0000, 0x0000018927d40000, 0x000001892d700000]
CodeHeap 'non-nmethods': size=5760Kb used=2407Kb max_used=2483Kb free=3352Kb
 bounds [0x000001892d700000, 0x000001892d980000, 0x000001892dca0000]
 total_blobs=14237 nmethods=13295 adapters=852
 compilation: enabled
              stopped_count=0, restarted_count=0
 full_count=0

Compilation events (20 events):
Event: 29.145 Thread 0x000001893cc7fad0 nmethod 15459 0x0000018927d35590 code [0x0000018927d35740, 0x0000018927d359c8]
Event: 29.150 Thread 0x000001893cc7fad0 15460       1       com.android.tools.r8.ir.regalloc.c::q (5 bytes)
Event: 29.150 Thread 0x000001893cc7fad0 nmethod 15460 0x000001892e45cd90 code [0x000001892e45cf20, 0x000001892e45cff8]
Event: 29.151 Thread 0x000001893cc7fad0 15461       2       com.android.tools.r8.internal.bC::<init> (5 bytes)
Event: 29.152 Thread 0x000001893cc7fad0 nmethod 15461 0x0000018927d35b10 code [0x0000018927d35ca0, 0x0000018927d35d98]
Event: 29.155 Thread 0x000001893cc7fad0 15462       2       com.android.tools.r8.ir.regalloc.n$$Lambda$1509/0x0000000100e06448::apply (8 bytes)
Event: 29.155 Thread 0x000001893cc7fad0 nmethod 15462 0x0000018927d35e10 code [0x0000018927d35fe0, 0x0000018927d361a8]
Event: 29.157 Thread 0x000001893cc7fad0 15463       2       com.android.tools.r8.ir.regalloc.b::a (86 bytes)
Event: 29.157 Thread 0x000001893cc7fad0 nmethod 15463 0x0000018927d36290 code [0x0000018927d364c0, 0x0000018927d36968]
Event: 29.158 Thread 0x000001893cc7fad0 15465       2       com.android.tools.r8.ir.regalloc.c::d (184 bytes)
Event: 29.158 Thread 0x000001893cc7fad0 nmethod 15465 0x0000018927d36d90 code [0x0000018927d36fe0, 0x0000018927d375f8]
Event: 29.159 Thread 0x000001893cc7fad0 15466       2       java.util.HashMap$TreeNode::rotateLeft (91 bytes)
Event: 29.160 Thread 0x000001893cc7fad0 nmethod 15466 0x0000018927d37a10 code [0x0000018927d37bc0, 0x0000018927d37f98]
Event: 29.165 Thread 0x000001893cc7fad0 15467       2       com.android.tools.r8.utils.X::a (32 bytes)
Event: 29.165 Thread 0x000001893cc7fad0 nmethod 15467 0x0000018927d38110 code [0x0000018927d382c0, 0x0000018927d384e8]
Event: 29.167 Thread 0x000001893cc7fad0 15468       1       com.android.tools.r8.internal.gX::a (2 bytes)
Event: 29.167 Thread 0x000001893cc7fad0 nmethod 15468 0x000001892e45d090 code [0x000001892e45d220, 0x000001892e45d2f8]
Event: 29.195 Thread 0x000001893cc7fad0 15469       1       com.android.tools.r8.internal.Ie::G2 (3 bytes)
Event: 29.195 Thread 0x000001893cc7fad0 nmethod 15469 0x000001892e45d390 code [0x000001892e45d520, 0x000001892e45d5f8]
Event: 29.196 Thread 0x000001893cc7fad0 15470       2       com.android.tools.r8.internal.rN::<init> (10 bytes)

GC Heap History (20 events):
Event: 12.486 GC heap before
{Heap before GC invocations=38 (full 0):
 garbage-first heap   total 104448K, used 81464K [0x0000000080000000, 0x0000000100000000)
  region size 1024K, 25 young (25600K), 2 survivors (2048K)
 Metaspace       used 68198K, committed 68736K, reserved 1114112K
  class space    used 8983K, committed 9216K, reserved 1048576K
}
Event: 12.492 GC heap after
{Heap after GC invocations=39 (full 0):
 garbage-first heap   total 104448K, used 60152K [0x0000000080000000, 0x0000000100000000)
  region size 1024K, 4 young (4096K), 4 survivors (4096K)
 Metaspace       used 68198K, committed 68736K, reserved 1114112K
  class space    used 8983K, committed 9216K, reserved 1048576K
}
Event: 13.150 GC heap before
{Heap before GC invocations=39 (full 0):
 garbage-first heap   total 104448K, used 82680K [0x0000000080000000, 0x0000000100000000)
  region size 1024K, 26 young (26624K), 4 survivors (4096K)
 Metaspace       used 71033K, committed 71616K, reserved 1114112K
  class space    used 9520K, committed 9792K, reserved 1048576K
}
Event: 13.156 GC heap after
{Heap after GC invocations=40 (full 0):
 garbage-first heap   total 245760K, used 61412K [0x0000000080000000, 0x0000000100000000)
  region size 1024K, 2 young (2048K), 2 survivors (2048K)
 Metaspace       used 71033K, committed 71616K, reserved 1114112K
  class space    used 9520K, committed 9792K, reserved 1048576K
}
Event: 16.122 GC heap before
{Heap before GC invocations=40 (full 0):
 garbage-first heap   total 245760K, used 173028K [0x0000000080000000, 0x0000000100000000)
  region size 1024K, 111 young (113664K), 2 survivors (2048K)
 Metaspace       used 81979K, committed 82624K, reserved 1122304K
  class space    used 11141K, committed 11456K, reserved 1048576K
}
Event: 16.138 GC heap after
{Heap after GC invocations=41 (full 0):
 garbage-first heap   total 245760K, used 70542K [0x0000000080000000, 0x0000000100000000)
  region size 1024K, 11 young (11264K), 11 survivors (11264K)
 Metaspace       used 81979K, committed 82624K, reserved 1122304K
  class space    used 11141K, committed 11456K, reserved 1048576K
}
Event: 18.713 GC heap before
{Heap before GC invocations=41 (full 0):
 garbage-first heap   total 245760K, used 182158K [0x0000000080000000, 0x0000000100000000)
  region size 1024K, 121 young (123904K), 11 survivors (11264K)
 Metaspace       used 85008K, committed 85632K, reserved 1130496K
  class space    used 11626K, committed 11904K, reserved 1048576K
}
Event: 18.737 GC heap after
{Heap after GC invocations=42 (full 0):
 garbage-first heap   total 245760K, used 84513K [0x0000000080000000, 0x0000000100000000)
  region size 1024K, 14 young (14336K), 14 survivors (14336K)
 Metaspace       used 85008K, committed 85632K, reserved 1130496K
  class space    used 11626K, committed 11904K, reserved 1048576K
}
Event: 20.533 GC heap before
{Heap before GC invocations=42 (full 0):
 garbage-first heap   total 245760K, used 184865K [0x0000000080000000, 0x0000000100000000)
  region size 1024K, 113 young (115712K), 14 survivors (14336K)
 Metaspace       used 88370K, committed 89024K, reserved 1130496K
  class space    used 12004K, committed 12288K, reserved 1048576K
}
Event: 20.555 GC heap after
{Heap after GC invocations=43 (full 0):
 garbage-first heap   total 245760K, used 90883K [0x0000000080000000, 0x0000000100000000)
  region size 1024K, 8 young (8192K), 8 survivors (8192K)
 Metaspace       used 88370K, committed 89024K, reserved 1130496K
  class space    used 12004K, committed 12288K, reserved 1048576K
}
Event: 22.361 GC heap before
{Heap before GC invocations=43 (full 0):
 garbage-first heap   total 245760K, used 192259K [0x0000000080000000, 0x0000000100000000)
  region size 1024K, 106 young (108544K), 8 survivors (8192K)
 Metaspace       used 98930K, committed 99584K, reserved 1138688K
  class space    used 13447K, committed 13760K, reserved 1048576K
}
Event: 22.380 GC heap after
{Heap after GC invocations=44 (full 0):
 garbage-first heap   total 245760K, used 107520K [0x0000000080000000, 0x0000000100000000)
  region size 1024K, 14 young (14336K), 14 survivors (14336K)
 Metaspace       used 98930K, committed 99584K, reserved 1138688K
  class space    used 13447K, committed 13760K, reserved 1048576K
}
Event: 25.901 GC heap before
{Heap before GC invocations=44 (full 0):
 garbage-first heap   total 245760K, used 210944K [0x0000000080000000, 0x0000000100000000)
  region size 1024K, 98 young (100352K), 14 survivors (14336K)
 Metaspace       used 105457K, committed 106176K, reserved 1146880K
  class space    used 14320K, committed 14656K, reserved 1048576K
}
Event: 25.920 GC heap after
{Heap after GC invocations=45 (full 0):
 garbage-first heap   total 245760K, used 117760K [0x0000000080000000, 0x0000000100000000)
  region size 1024K, 5 young (5120K), 5 survivors (5120K)
 Metaspace       used 105457K, committed 106176K, reserved 1146880K
  class space    used 14320K, committed 14656K, reserved 1048576K
}
Event: 27.099 GC heap before
{Heap before GC invocations=45 (full 0):
 garbage-first heap   total 245760K, used 198656K [0x0000000080000000, 0x0000000100000000)
  region size 1024K, 84 young (86016K), 5 survivors (5120K)
 Metaspace       used 106015K, committed 106688K, reserved 1146880K
  class space    used 14366K, committed 14720K, reserved 1048576K
}
Event: 27.109 GC heap after
{Heap after GC invocations=46 (full 0):
 garbage-first heap   total 245760K, used 118074K [0x0000000080000000, 0x0000000100000000)
  region size 1024K, 6 young (6144K), 6 survivors (6144K)
 Metaspace       used 106015K, committed 106688K, reserved 1146880K
  class space    used 14366K, committed 14720K, reserved 1048576K
}
Event: 27.986 GC heap before
{Heap before GC invocations=46 (full 0):
 garbage-first heap   total 245760K, used 201018K [0x0000000080000000, 0x0000000100000000)
  region size 1024K, 87 young (89088K), 6 survivors (6144K)
 Metaspace       used 106313K, committed 107072K, reserved 1146880K
  class space    used 14398K, committed 14784K, reserved 1048576K
}
Event: 27.996 GC heap after
{Heap after GC invocations=47 (full 0):
 garbage-first heap   total 245760K, used 118542K [0x0000000080000000, 0x0000000100000000)
  region size 1024K, 6 young (6144K), 6 survivors (6144K)
 Metaspace       used 106313K, committed 107072K, reserved 1146880K
  class space    used 14398K, committed 14784K, reserved 1048576K
}
Event: 29.169 GC heap before
{Heap before GC invocations=47 (full 0):
 garbage-first heap   total 245760K, used 204558K [0x0000000080000000, 0x0000000100000000)
  region size 1024K, 90 young (92160K), 6 survivors (6144K)
 Metaspace       used 106512K, committed 107264K, reserved 1146880K
  class space    used 14412K, committed 14784K, reserved 1048576K
}
Event: 29.181 GC heap after
{Heap after GC invocations=48 (full 0):
 garbage-first heap   total 245760K, used 119057K [0x0000000080000000, 0x0000000100000000)
  region size 1024K, 7 young (7168K), 7 survivors (7168K)
 Metaspace       used 106512K, committed 107264K, reserved 1146880K
  class space    used 14412K, committed 14784K, reserved 1048576K
}

Dll operation events (2 events):
Event: 0.007 Loaded shared library C:\Program Files\Android\Android Studio\jbr\bin\java.dll
Event: 0.519 Loaded shared library C:\Program Files\Android\Android Studio\jbr\bin\verify.dll

Deoptimization events (20 events):
Event: 28.894 Thread 0x0000018945b9d530 Uncommon trap: trap_request=0xffffffde fr.pc=0x000001892e110c30 relative=0x0000000000005610
Event: 28.894 Thread 0x0000018945b9d530 Uncommon trap: reason=class_check action=maybe_recompile pc=0x000001892e110c30 method=com.android.tools.r8.ir.optimize.i0.a(Lcom/android/tools/r8/internal/Rm;)Z @ 91 c2
Event: 28.894 Thread 0x0000018945b9d530 DEOPT PACKING pc=0x000001892e110c30 sp=0x0000003d7d2fbdd0
Event: 28.894 Thread 0x0000018945b9d530 DEOPT UNPACKING pc=0x000001892d7569a3 sp=0x0000003d7d2fbd98 mode 2
Event: 28.920 Thread 0x0000018945b9d530 Uncommon trap: trap_request=0xffffff45 fr.pc=0x000001892e401f60 relative=0x0000000000001420
Event: 28.920 Thread 0x0000018945b9d530 Uncommon trap: reason=unstable_if action=reinterpret pc=0x000001892e401f60 method=com.android.tools.r8.ir.optimize.E.a(Lcom/android/tools/r8/internal/Rm;)Z @ 8 c2
Event: 28.920 Thread 0x0000018945b9d530 DEOPT PACKING pc=0x000001892e401f60 sp=0x0000003d7d2fc080
Event: 28.920 Thread 0x0000018945b9d530 DEOPT UNPACKING pc=0x000001892d7569a3 sp=0x0000003d7d2fc080 mode 2
Event: 28.932 Thread 0x0000018945b9d530 DEOPT PACKING pc=0x0000018927c9f806 sp=0x0000003d7d2fb9c0
Event: 28.932 Thread 0x0000018945b9d530 DEOPT UNPACKING pc=0x000001892d757143 sp=0x0000003d7d2fae38 mode 0
Event: 29.152 Thread 0x0000018945b9d530 DEOPT PACKING pc=0x00000189279e9b6e sp=0x0000003d7d2fb590
Event: 29.154 Thread 0x0000018945b9d530 DEOPT UNPACKING pc=0x000001892d757143 sp=0x0000003d7d2fad98 mode 0
Event: 29.156 Thread 0x0000018945b9d530 Uncommon trap: trap_request=0xffffff45 fr.pc=0x000001892e3d4ac0 relative=0x0000000000000640
Event: 29.156 Thread 0x0000018945b9d530 Uncommon trap: reason=unstable_if action=reinterpret pc=0x000001892e3d4ac0 method=com.android.tools.r8.ir.regalloc.c.d(I)Lcom/android/tools/r8/ir/regalloc/c; @ 126 c2
Event: 29.156 Thread 0x0000018945b9d530 DEOPT PACKING pc=0x000001892e3d4ac0 sp=0x0000003d7d2fbab0
Event: 29.157 Thread 0x0000018945b9d530 DEOPT UNPACKING pc=0x000001892d7569a3 sp=0x0000003d7d2fb9d0 mode 2
Event: 29.157 Thread 0x0000018945b9d530 Uncommon trap: trap_request=0xffffff45 fr.pc=0x000001892e3bd058 relative=0x00000000000004d8
Event: 29.157 Thread 0x0000018945b9d530 Uncommon trap: reason=unstable_if action=reinterpret pc=0x000001892e3bd058 method=com.android.tools.r8.ir.regalloc.c.d(I)Lcom/android/tools/r8/ir/regalloc/c; @ 126 c2
Event: 29.157 Thread 0x0000018945b9d530 DEOPT PACKING pc=0x000001892e3bd058 sp=0x0000003d7d2fba20
Event: 29.157 Thread 0x0000018945b9d530 DEOPT UNPACKING pc=0x000001892d7569a3 sp=0x0000003d7d2fb9c0 mode 2

Classes unloaded (0 events):
No events

Classes redefined (0 events):
No events

Internal exceptions (20 events):
Event: 21.742 Thread 0x0000018945b9d530 Exception <a 'java/lang/IncompatibleClassChangeError'{0x000000008a676e50}: Found class java.lang.Object, but interface was expected> (0x000000008a676e50) 
thrown [s\src\hotspot\share\interpreter\linkResolver.cpp, line 838]
Event: 21.800 Thread 0x00000189427d91f0 Exception <a 'java/lang/NoSuchMethodError'{0x000000008a38d398}: 'int java.lang.invoke.DirectMethodHandle$Holder.invokeSpecialIFC(java.lang.Object, java.lang.Object, java.lang.Object)'> (0x000000008a38d398) 
thrown [s\src\hotspot\share\interpreter\linkResolver.cpp, line 771]
Event: 22.495 Thread 0x0000018945b9d530 Exception <a 'java/lang/NoSuchMethodError'{0x000000008ed26ad0}: 'java.lang.Object java.lang.invoke.DirectMethodHandle$Holder.invokeStatic(java.lang.Object, int, java.lang.Object, java.lang.Object)'> (0x000000008ed26ad0) 
thrown [s\src\hotspot\share\interpreter\linkResolver.cpp, line 771]
Event: 22.499 Thread 0x0000018945b9d530 Exception <a 'java/lang/NoSuchMethodError'{0x000000008ed3bf60}: 'java.lang.Object java.lang.invoke.DirectMethodHandle$Holder.invokeStatic(java.lang.Object, java.lang.Object, int, java.lang.Object, java.lang.Object)'> (0x000000008ed3bf60) 
thrown [s\src\hotspot\share\interpreter\linkResolver.cpp, line 771]
Event: 23.062 Thread 0x0000018945b9d530 Exception <a 'java/lang/IncompatibleClassChangeError'{0x000000008de87b08}: Found class java.lang.Object, but interface was expected> (0x000000008de87b08) 
thrown [s\src\hotspot\share\interpreter\linkResolver.cpp, line 838]
Event: 23.065 Thread 0x0000018945b9d530 Exception <a 'java/lang/IncompatibleClassChangeError'{0x000000008de903d0}: Found class java.lang.Object, but interface was expected> (0x000000008de903d0) 
thrown [s\src\hotspot\share\interpreter\linkResolver.cpp, line 838]
Event: 23.264 Thread 0x0000018945b9d530 Exception <a 'java/lang/NoSuchMethodError'{0x000000008db52d28}: 'void java.lang.invoke.DirectMethodHandle$Holder.invokeSpecial(java.lang.Object, java.lang.Object, int, java.lang.Object)'> (0x000000008db52d28) 
thrown [s\src\hotspot\share\interpreter\linkResolver.cpp, line 771]
Event: 23.363 Thread 0x0000018945b9d530 Exception <a 'java/lang/NoSuchMethodError'{0x000000008d8383d0}: 'int java.lang.invoke.DirectMethodHandle$Holder.invokeSpecial(java.lang.Object, java.lang.Object, java.lang.Object, int, java.lang.Object)'> (0x000000008d8383d0) 
thrown [s\src\hotspot\share\interpreter\linkResolver.cpp, line 771]
Event: 23.756 Thread 0x0000018945b9d530 Exception <a 'java/lang/NoSuchMethodError'{0x000000008d6e67c0}: 'int java.lang.invoke.DirectMethodHandle$Holder.invokeSpecial(java.lang.Object, java.lang.Object, java.lang.Object, int)'> (0x000000008d6e67c0) 
thrown [s\src\hotspot\share\interpreter\linkResolver.cpp, line 771]
Event: 23.831 Thread 0x0000018945b9d530 Exception <a 'java/lang/NoSuchMethodError'{0x000000008d5e0478}: 'long java.lang.invoke.DirectMethodHandle$Holder.invokeStatic(java.lang.Object, java.lang.Object)'> (0x000000008d5e0478) 
thrown [s\src\hotspot\share\interpreter\linkResolver.cpp, line 771]
Event: 24.114 Thread 0x0000018945b9d530 Exception <a 'java/lang/NoSuchMethodError'{0x000000008d4bf6e0}: 'java.lang.Object java.lang.invoke.DirectMethodHandle$Holder.newInvokeSpecial(java.lang.Object, java.lang.Object, int, java.lang.Object, java.lang.Object)'> (0x000000008d4bf6e0) 
thrown [s\src\hotspot\share\interpreter\linkResolver.cpp, line 771]
Event: 24.167 Thread 0x0000018945b9d530 Exception <a 'java/lang/NoSuchMethodError'{0x000000008d377d80}: 'java.lang.Object java.lang.invoke.DirectMethodHandle$Holder.invokeInterface(java.lang.Object, java.lang.Object, int)'> (0x000000008d377d80) 
thrown [s\src\hotspot\share\interpreter\linkResolver.cpp, line 771]
Event: 25.202 Thread 0x0000018945b9d530 Exception <a 'java/lang/NoSuchMethodError'{0x000000008b954d90}: 'void java.lang.invoke.DirectMethodHandle$Holder.invokeSpecial(java.lang.Object, java.lang.Object, java.lang.Object, java.lang.Object, java.lang.Object, java.lang.Object, java.lang.Object, java.lang.Object, java.lang.Object, java.lang.Object)'> (0x000000008b954d90) 
thrown [s\src\hotspot\share\interpreter\linkResolver.cpp, line 771]
Event: 25.203 Thread 0x0000018945b9d530 Exception <a 'java/lang/NoSuchMethodError'{0x000000008b960890}: 'java.lang.Object java.lang.invoke.DirectMethodHandle$Holder.newInvokeSpecial(java.lang.Object, java.lang.Object, java.lang.Object, java.lang.Object, java.lang.Object, java.lang.Object, java.lang.Object, java.lang.Object, java.lang.Object)'> (0x000000008b960890) 
thrown [s\src\hotspot\share\interpreter\linkResolver.cpp, line 771]
Event: 25.204 Thread 0x0000018945b9d530 Exception <a 'java/lang/NoSuchMethodError'{0x000000008b965b80}: 'java.lang.Object java.lang.invoke.DirectMethodHandle$Holder.invokeSpecial(java.lang.Object, java.lang.Object, java.lang.Object, java.lang.Object, java.lang.Object, java.lang.Object, java.lang.Object, java.lang.Object, java.lang.Object, java.lang.Object)'> (0x000000008b965b80) 
thrown [s\src\hotspot\share\interpreter\linkResolver.cpp, line 771]
Event: 25.204 Thread 0x0000018945b9d530 Exception <a 'java/lang/NoSuchMethodError'{0x000000008b96a2c8}: 'java.lang.Object java.lang.invoke.Invokers$Holder.linkToTargetMethod(java.lang.Object, java.lang.Object, java.lang.Object, java.lang.Object, java.lang.Object, java.lang.Object, java.lang.Object, java.lang.Object, java.lang.Object)'> (0x000000008b96a2c8) 
thrown [s\src\hotspot\share\interpreter\linkResolver.cpp, line 771]
Event: 25.737 Thread 0x0000018945b9d530 Implicit null exception at 0x000001892de8fbf0 to 0x000001892de8fcdc
Event: 26.293 Thread 0x0000018945b9d530 Exception <a 'java/lang/NoSuchMethodError'{0x000000008e2e9be0}: 'int java.lang.invoke.DirectMethodHandle$Holder.invokeStatic(java.lang.Object, java.lang.Object, int, java.lang.Object)'> (0x000000008e2e9be0) 
thrown [s\src\hotspot\share\interpreter\linkResolver.cpp, line 771]
Event: 26.414 Thread 0x0000018945b9d530 Implicit null exception at 0x000001892e0bec9f to 0x000001892e0c3938
Event: 26.497 Thread 0x0000018945b9d530 Exception <a 'java/lang/NoSuchMethodError'{0x000000008d649e98}: 'int java.lang.invoke.DirectMethodHandle$Holder.invokeInterface(java.lang.Object, java.lang.Object, int)'> (0x000000008d649e98) 
thrown [s\src\hotspot\share\interpreter\linkResolver.cpp, line 771]

VM Operations (20 events):
Event: 26.646 Executing VM operation: ICBufferFull
Event: 26.647 Executing VM operation: ICBufferFull done
Event: 26.995 Executing VM operation: ICBufferFull
Event: 26.995 Executing VM operation: ICBufferFull done
Event: 27.099 Executing VM operation: G1CollectForAllocation
Event: 27.109 Executing VM operation: G1CollectForAllocation done
Event: 27.329 Executing VM operation: HandshakeAllThreads
Event: 27.329 Executing VM operation: HandshakeAllThreads done
Event: 27.566 Executing VM operation: ICBufferFull
Event: 27.566 Executing VM operation: ICBufferFull done
Event: 27.939 Executing VM operation: HandshakeAllThreads
Event: 27.940 Executing VM operation: HandshakeAllThreads done
Event: 27.986 Executing VM operation: G1CollectForAllocation
Event: 27.996 Executing VM operation: G1CollectForAllocation done
Event: 28.526 Executing VM operation: ICBufferFull
Event: 28.526 Executing VM operation: ICBufferFull done
Event: 28.918 Executing VM operation: HandshakeAllThreads
Event: 28.919 Executing VM operation: HandshakeAllThreads done
Event: 29.169 Executing VM operation: G1CollectForAllocation
Event: 29.181 Executing VM operation: G1CollectForAllocation done

Events (20 events):
Event: 25.258 Thread 0x000001893cc81510 flushing nmethod 0x0000018927604110
Event: 25.258 Thread 0x000001893cc81510 flushing nmethod 0x0000018927604510
Event: 25.258 Thread 0x000001893cc81510 flushing nmethod 0x0000018927614b90
Event: 25.258 Thread 0x000001893cc81510 flushing nmethod 0x0000018927616a10
Event: 25.258 Thread 0x000001893cc81510 flushing nmethod 0x0000018927616e90
Event: 25.258 Thread 0x000001893cc81510 flushing nmethod 0x000001892762e510
Event: 25.258 Thread 0x000001893cc81510 flushing nmethod 0x000001892765b790
Event: 25.258 Thread 0x000001893cc81510 flushing nmethod 0x000001892765d810
Event: 25.258 Thread 0x000001893cc81510 flushing nmethod 0x0000018927660790
Event: 25.258 Thread 0x000001893cc81510 flushing nmethod 0x0000018927660e90
Event: 25.258 Thread 0x000001893cc81510 flushing nmethod 0x000001892769f310
Event: 25.258 Thread 0x000001893cc81510 flushing nmethod 0x00000189276a9710
Event: 25.258 Thread 0x000001893cc81510 flushing nmethod 0x00000189276aa010
Event: 25.258 Thread 0x000001893cc81510 flushing nmethod 0x00000189276aa710
Event: 25.258 Thread 0x000001893cc81510 flushing nmethod 0x00000189276aac10
Event: 25.258 Thread 0x000001893cc81510 flushing nmethod 0x00000189276ac110
Event: 25.258 Thread 0x000001893cc81510 flushing nmethod 0x00000189276ace90
Event: 25.258 Thread 0x000001893cc81510 flushing nmethod 0x00000189276ad210
Event: 25.258 Thread 0x000001893cc81510 flushing nmethod 0x00000189276b2990
Event: 27.336 Thread 0x000001893cc81510 flushing nmethod 0x0000018926646f10


Dynamic libraries:
0x00007ff603790000 - 0x00007ff60379a000 	C:\Program Files\Android\Android Studio\jbr\bin\java.exe
0x00007ffffdf50000 - 0x00007ffffe148000 	C:\WINDOWS\SYSTEM32\ntdll.dll
0x00007ffffc010000 - 0x00007ffffc0cf000 	C:\WINDOWS\System32\KERNEL32.DLL
0x00007ffffbc00000 - 0x00007ffffbef6000 	C:\WINDOWS\System32\KERNELBASE.dll
0x00007ffffbb00000 - 0x00007ffffbc00000 	C:\WINDOWS\System32\ucrtbase.dll
0x00007fffd75a0000 - 0x00007fffd75bb000 	C:\Program Files\Android\Android Studio\jbr\bin\VCRUNTIME140.dll
0x00007fffdbf80000 - 0x00007fffdbf97000 	C:\Program Files\Android\Android Studio\jbr\bin\jli.dll
0x00007ffffc9e0000 - 0x00007ffffcb7d000 	C:\WINDOWS\System32\USER32.dll
0x00007fffe16e0000 - 0x00007fffe197a000 	C:\WINDOWS\WinSxS\amd64_microsoft.windows.common-controls_6595b64144ccf1df_6.0.19041.1110_none_60b5254171f9507e\COMCTL32.dll
0x00007ffffbad0000 - 0x00007ffffbaf2000 	C:\WINDOWS\System32\win32u.dll
0x00007ffffd500000 - 0x00007ffffd59e000 	C:\WINDOWS\System32\msvcrt.dll
0x00007ffffda10000 - 0x00007ffffda3c000 	C:\WINDOWS\System32\GDI32.dll
0x00007ffffb630000 - 0x00007ffffb745000 	C:\WINDOWS\System32\gdi32full.dll
0x00007ffffb7f0000 - 0x00007ffffb88d000 	C:\WINDOWS\System32\msvcp_win.dll
0x00007ffffcfe0000 - 0x00007ffffd010000 	C:\WINDOWS\System32\IMM32.DLL
0x00007fffdf010000 - 0x00007fffdf01c000 	C:\Program Files\Android\Android Studio\jbr\bin\vcruntime140_1.dll
0x00007fffcf590000 - 0x00007fffcf61d000 	C:\Program Files\Android\Android Studio\jbr\bin\msvcp140.dll
0x00007fffca120000 - 0x00007fffcad8e000 	C:\Program Files\Android\Android Studio\jbr\bin\server\jvm.dll
0x00007ffffd320000 - 0x00007ffffd3cf000 	C:\WINDOWS\System32\ADVAPI32.dll
0x00007ffffd7f0000 - 0x00007ffffd88c000 	C:\WINDOWS\System32\sechost.dll
0x00007ffffd5a0000 - 0x00007ffffd6c6000 	C:\WINDOWS\System32\RPCRT4.dll
0x00007fffd2fe0000 - 0x00007fffd2fe9000 	C:\WINDOWS\SYSTEM32\WSOCK32.dll
0x00007ffff3800000 - 0x00007ffff3827000 	C:\WINDOWS\SYSTEM32\WINMM.dll
0x00007ffffd2b0000 - 0x00007ffffd31b000 	C:\WINDOWS\System32\WS2_32.dll
0x00007ffff3830000 - 0x00007ffff383a000 	C:\WINDOWS\SYSTEM32\VERSION.dll
0x00007ffff94f0000 - 0x00007ffff9502000 	C:\WINDOWS\SYSTEM32\kernel.appcore.dll
0x00007fffe04d0000 - 0x00007fffe04da000 	C:\Program Files\Android\Android Studio\jbr\bin\jimage.dll
0x00007ffff4ac0000 - 0x00007ffff4ca4000 	C:\WINDOWS\SYSTEM32\DBGHELP.DLL
0x00007fffef2b0000 - 0x00007fffef2e4000 	C:\WINDOWS\SYSTEM32\dbgcore.DLL
0x00007ffffb890000 - 0x00007ffffb912000 	C:\WINDOWS\System32\bcryptPrimitives.dll
0x00007fffe04a0000 - 0x00007fffe04c5000 	C:\Program Files\Android\Android Studio\jbr\bin\java.dll
0x00007fffe0480000 - 0x00007fffe0498000 	C:\Program Files\Android\Android Studio\jbr\bin\zip.dll
0x00007ffffc1e0000 - 0x00007ffffc924000 	C:\WINDOWS\System32\SHELL32.dll
0x00007ffff96f0000 - 0x00007ffff9e83000 	C:\WINDOWS\SYSTEM32\windows.storage.dll
0x00007ffffcb80000 - 0x00007ffffced4000 	C:\WINDOWS\System32\combase.dll
0x00007ffffafa0000 - 0x00007ffffafce000 	C:\WINDOWS\SYSTEM32\Wldp.dll
0x00007ffffc130000 - 0x00007ffffc1dd000 	C:\WINDOWS\System32\SHCORE.dll
0x00007ffffbfb0000 - 0x00007ffffc005000 	C:\WINDOWS\System32\shlwapi.dll
0x00007ffffb560000 - 0x00007ffffb585000 	C:\WINDOWS\SYSTEM32\profapi.dll
0x00007fffe0460000 - 0x00007fffe0479000 	C:\Program Files\Android\Android Studio\jbr\bin\net.dll
0x00007ffff49b0000 - 0x00007ffff4aba000 	C:\WINDOWS\SYSTEM32\WINHTTP.dll
0x00007ffffad00000 - 0x00007ffffad6a000 	C:\WINDOWS\system32\mswsock.dll
0x00007fffe03e0000 - 0x00007fffe03f6000 	C:\Program Files\Android\Android Studio\jbr\bin\nio.dll
0x00007fffe0450000 - 0x00007fffe0460000 	C:\Program Files\Android\Android Studio\jbr\bin\verify.dll
0x00007fffd4870000 - 0x00007fffd4897000 	C:\Users\Pichau\.gradle\native\68d5fa5c4cc2d200863cafc0d521ce42e7d3e7ee720ec0a83991735586a16f82\windows-amd64\native-platform.dll
0x00007fffc0c50000 - 0x00007fffc0d94000 	C:\Users\Pichau\.gradle\native\e376f236ea51e6404a007f0833ffe2c6e607c4080706a723a18a27aeea778392\windows-amd64\native-platform-file-events.dll
0x00007fffe03d0000 - 0x00007fffe03d9000 	C:\Program Files\Android\Android Studio\jbr\bin\management.dll
0x00007fffe03c0000 - 0x00007fffe03cb000 	C:\Program Files\Android\Android Studio\jbr\bin\management_ext.dll
0x00007ffffd920000 - 0x00007ffffd928000 	C:\WINDOWS\System32\PSAPI.DLL
0x00007ffffaef0000 - 0x00007ffffaf08000 	C:\WINDOWS\SYSTEM32\CRYPTSP.dll
0x00007ffffa610000 - 0x00007ffffa644000 	C:\WINDOWS\system32\rsaenh.dll
0x00007ffffb750000 - 0x00007ffffb777000 	C:\WINDOWS\System32\bcrypt.dll
0x00007ffffb520000 - 0x00007ffffb54e000 	C:\WINDOWS\SYSTEM32\USERENV.dll
0x00007ffffaf10000 - 0x00007ffffaf1c000 	C:\WINDOWS\SYSTEM32\CRYPTBASE.dll
0x00007ffffa9f0000 - 0x00007ffffaa2b000 	C:\WINDOWS\SYSTEM32\IPHLPAPI.DLL
0x00007ffffda00000 - 0x00007ffffda08000 	C:\WINDOWS\System32\NSI.dll
0x00007ffff61f0000 - 0x00007ffff6207000 	C:\WINDOWS\SYSTEM32\dhcpcsvc6.DLL
0x00007ffff61d0000 - 0x00007ffff61ed000 	C:\WINDOWS\SYSTEM32\dhcpcsvc.DLL
0x00007ffffaa30000 - 0x00007ffffaafa000 	C:\WINDOWS\SYSTEM32\DNSAPI.dll
0x00007fffe03b0000 - 0x00007fffe03b7000 	C:\WINDOWS\system32\wshunix.dll

dbghelp: loaded successfully - version: 4.0.5 - missing functions: none
symbol engine: initialized successfully - sym options: 0x614 - pdb path: .;C:\Program Files\Android\Android Studio\jbr\bin;C:\WINDOWS\SYSTEM32;C:\WINDOWS\WinSxS\amd64_microsoft.windows.common-controls_6595b64144ccf1df_6.0.19041.1110_none_60b5254171f9507e;C:\Program Files\Android\Android Studio\jbr\bin\server;C:\Users\Pichau\.gradle\native\68d5fa5c4cc2d200863cafc0d521ce42e7d3e7ee720ec0a83991735586a16f82\windows-amd64;C:\Users\Pichau\.gradle\native\e376f236ea51e6404a007f0833ffe2c6e607c4080706a723a18a27aeea778392\windows-amd64

VM Arguments:
jvm_args: --add-opens=java.base/java.util=ALL-UNNAMED --add-opens=java.base/java.lang=ALL-UNNAMED --add-opens=java.base/java.lang.invoke=ALL-UNNAMED --add-opens=java.prefs/java.util.prefs=ALL-UNNAMED --add-opens=java.base/java.nio.charset=ALL-UNNAMED --add-opens=java.base/java.net=ALL-UNNAMED --add-opens=java.base/java.util.concurrent.atomic=ALL-UNNAMED -Xmx2048m -Dfile.encoding=UTF-8 -Duser.country=BR -Duser.language=pt -Duser.variant 
java_command: org.gradle.launcher.daemon.bootstrap.GradleDaemon 8.0
java_class_path (initial): C:\Users\Pichau\.gradle\wrapper\dists\gradle-8.0-bin\ca5e32bp14vu59qr306oxotwh\gradle-8.0\lib\gradle-launcher-8.0.jar
Launcher Type: SUN_STANDARD

[Global flags]
     intx CICompilerCount                          = 3                                         {product} {ergonomic}
     uint ConcGCThreads                            = 1                                         {product} {ergonomic}
     uint G1ConcRefinementThreads                  = 4                                         {product} {ergonomic}
   size_t G1HeapRegionSize                         = 1048576                                   {product} {ergonomic}
    uintx GCDrainStackTargetSize                   = 64                                        {product} {ergonomic}
   size_t InitialHeapSize                          = 234881024                                 {product} {ergonomic}
   size_t MarkStackSize                            = 4194304                                   {product} {ergonomic}
   size_t MaxHeapSize                              = 2147483648                                {product} {command line}
   size_t MaxNewSize                               = 1287651328                                {product} {ergonomic}
   size_t MinHeapDeltaBytes                        = 1048576                                   {product} {ergonomic}
   size_t MinHeapSize                              = 8388608                                   {product} {ergonomic}
    uintx NonNMethodCodeHeapSize                   = 5832780                                {pd product} {ergonomic}
    uintx NonProfiledCodeHeapSize                  = 122912730                              {pd product} {ergonomic}
    uintx ProfiledCodeHeapSize                     = 122912730                              {pd product} {ergonomic}
    uintx ReservedCodeCacheSize                    = 251658240                              {pd product} {ergonomic}
     bool SegmentedCodeCache                       = true                                      {product} {ergonomic}
   size_t SoftMaxHeapSize                          = 2147483648                             {manageable} {ergonomic}
     bool UseCompressedClassPointers               = true                           {product lp64_product} {ergonomic}
     bool UseCompressedOops                        = true                           {product lp64_product} {ergonomic}
     bool UseG1GC                                  = true                                      {product} {ergonomic}
     bool UseLargePagesIndividualAllocation        = false                                  {pd product} {ergonomic}

Logging:
Log output configuration:
 #0: stdout all=warning uptime,level,tags
 #1: stderr all=off uptime,level,tags

Environment Variables:
PATH=C:\WINDOWS\system32;C:\WINDOWS;C:\WINDOWS\System32\Wbem;C:\WINDOWS\System32\WindowsPowerShell\v1.0\;C:\WINDOWS\System32\OpenSSH\;C:\Program Files\Microsoft SQL Server\150\Tools\Binn\;C:\Program Files\Microsoft SQL Server\Client SDK\ODBC\170\Tools\Binn\;C:\Program Files\dotnet\;C:\Program Files\Microsoft SQL Server\Client SDK\ODBC\110\Tools\Binn\;C:\Program Files (x86)\Microsoft SQL Server\120\Tools\Binn\;C:\Program Files\Microsoft SQL Server\120\Tools\Binn\;C:\Program Files\Microsoft SQL Server\120\DTS\Binn\;C:\Program Files (x86)\Microsoft SQL Server\120\Tools\Binn\ManagementStudio\;C:\Program Files (x86)\Microsoft SQL Server\120\DTS\Binn\;C:\Users\Pichau\AppData\Local\Microsoft\WindowsApps;;C:\Users\Pichau\AppData\Local\Programs\Microsoft VS Code\bin;C:\Users\Pichau\.dotnet\tools
USERNAME=Tho
OS=Windows_NT
PROCESSOR_IDENTIFIER=AMD64 Family 23 Model 17 Stepping 0, AuthenticAMD
TMP=C:\Users\Pichau\AppData\Local\Temp
TEMP=C:\Users\Pichau\AppData\Local\Temp


JNI global refs:
JNI global refs: 26, weak refs: 19

JNI global refs memory usage: 843, weak refs: 841


---------------  S Y S T E M  ---------------

OS:
 Windows 10 , 64 bit Build 19041 (10.0.19041.3155)
OS uptime: 0 days 3:45 hours

CPU: total 4 (initial active 4) (4 cores per cpu, 1 threads per core) family 23 model 17 stepping 0 microcode 0x0, cx8, cmov, fxsr, mmx, 3dnowpref, sse, sse2, sse3, ssse3, sse4a, sse4.1, sse4.2, popcnt, lzcnt, tsc, tscinvbit, avx, avx2, aes, clmul, bmi1, bmi2, adx, sha, fma, vzeroupper, clflush, clflushopt

Memory: 4k page, system-wide physical 14264M (3426M free)
TotalPageFile size 14264M (AvailPageFile size 5M)
current process WorkingSet (physical memory assigned to process): 535M, peak: 540M
current process commit charge ("private bytes"): 574M, peak: 578M

vm_info: OpenJDK 64-Bit Server VM (17.0.6+0-b2043.56-10027231) for windows-amd64 JRE (17.0.6+0-b2043.56-10027231), built on Apr 28 2023 00:43:19 by "androidbuild" with MS VC++ 16.10 / 16.11 (VS2019)

END.
