#
# There is insufficient memory for the Java Runtime Environment to continue.
# Native memory allocation (mmap) failed to map 221249536 bytes for G1 virtual space
# Possible reasons:
#   The system is out of physical RAM or swap space
#   The process is running with CompressedOops enabled, and the Java Heap may be blocking the growth of the native heap
# Possible solutions:
#   Reduce memory load on the system
#   Increase physical memory or swap space
#   Check if swap backing store is full
#   Decrease Java heap size (-Xmx/-Xms)
#   Decrease number of Java threads
#   Decrease Java thread stack sizes (-Xss)
#   Set larger code cache with -XX:ReservedCodeCacheSize=
#   JVM is running with Unscaled Compressed Oops mode in which the Java heap is
#     placed in the first 4GB address space. The Java Heap base address is the
#     maximum limit for the native heap growth. Please use -XX:HeapBaseMinAddress
#     to set the Java Heap base and to place the Java Heap above 4GB virtual address.
# This output file may be truncated or incomplete.
#
#  Out of Memory Error (os_windows.cpp:3769), pid=1064, tid=8796
#
# JRE version: OpenJDK Runtime Environment (17.0.6) (build 17.0.6+0-b2043.56-10027231)
# Java VM: OpenJDK 64-Bit Server VM (17.0.6+0-b2043.56-10027231, mixed mode, tiered, compressed oops, compressed class ptrs, g1 gc, windows-amd64)
# No core dump will be written. Minidumps are not enabled by default on client versions of Windows
#

---------------  S U M M A R Y ------------

Command Line: --add-opens=java.base/java.util=ALL-UNNAMED --add-opens=java.base/java.lang=ALL-UNNAMED --add-opens=java.base/java.lang.invoke=ALL-UNNAMED --add-opens=java.prefs/java.util.prefs=ALL-UNNAMED --add-opens=java.base/java.nio.charset=ALL-UNNAMED --add-opens=java.base/java.net=ALL-UNNAMED --add-opens=java.base/java.util.concurrent.atomic=ALL-UNNAMED -Xmx2048m -Dfile.encoding=UTF-8 -Duser.country=BR -Duser.language=pt -Duser.variant org.gradle.launcher.daemon.bootstrap.GradleDaemon 8.0

Host: AMD Ryzen 3 2200G with Radeon Vega Graphics    , 4 cores, 13G,  Windows 10 , 64 bit Build 19041 (10.0.19041.3155)
Time: Sun Aug 27 15:48:37 2023 Hora oficial do Brasil elapsed time: 625.484651 seconds (0d 0h 10m 25s)

---------------  T H R E A D  ---------------

Current thread (0x000002cb6b2b3790):  VMThread "VM Thread" [stack: 0x000000eaed200000,0x000000eaed300000] [id=8796]

Stack: [0x000000eaed200000,0x000000eaed300000]
Native frames: (J=compiled Java code, j=interpreted, Vv=VM code, C=native code)
V  [jvm.dll+0x683c9a]
V  [jvm.dll+0x8427a4]
V  [jvm.dll+0x843f9e]
V  [jvm.dll+0x844603]
V  [jvm.dll+0x249b75]
V  [jvm.dll+0x680b69]
V  [jvm.dll+0x67505a]
V  [jvm.dll+0x309acb]
V  [jvm.dll+0x310f86]
V  [jvm.dll+0x3608ee]
V  [jvm.dll+0x360b1f]
V  [jvm.dll+0x2dfbf8]
V  [jvm.dll+0x2ddec4]
V  [jvm.dll+0x2dd4cc]
V  [jvm.dll+0x322261]
V  [jvm.dll+0x848ccb]
V  [jvm.dll+0x849a04]
V  [jvm.dll+0x849f1d]
V  [jvm.dll+0x84a2f4]
V  [jvm.dll+0x84a3c0]
V  [jvm.dll+0x7f274a]
V  [jvm.dll+0x682ad5]
C  [ucrtbase.dll+0x21bb2]
C  [KERNEL32.DLL+0x17614]
C  [ntdll.dll+0x526b1]

VM_Operation (0x000000eaf26f84d0): G1TryInitiateConcMark, mode: safepoint, requested by thread 0x000002cb6c9473a0


---------------  P R O C E S S  ---------------

Threads class SMR info:
_java_thread_list=0x000002cb711e0900, length=92, elements={
0x000002cb51cbb5b0, 0x000002cb6b29d1d0, 0x000002cb6b29ee60, 0x000002cb6bc0b440,
0x000002cb6bc0be00, 0x000002cb6bc0c6c0, 0x000002cb6bc0df90, 0x000002cb6bc0ec30,
0x000002cb6bc0f5e0, 0x000002cb6bc740f0, 0x000002cb6bdf1050, 0x000002cb6bdffff0,
0x000002cb6e33f800, 0x000002cb6d15d5a0, 0x000002cb6f788020, 0x000002cb6c172f50,
0x000002cb6c1738f0, 0x000002cb6eb4e6c0, 0x000002cb6eb4c9e0, 0x000002cb6eb4c510,
0x000002cb6eb46e70, 0x000002cb6eb4a830, 0x000002cb6eb4e1f0, 0x000002cb6eb47340,
0x000002cb6eb4ad00, 0x000002cb6eb499c0, 0x000002cb710bfd50, 0x000002cb75cdf550,
0x000002cb6c946530, 0x000002cb6c944850, 0x000002cb6ccb1530, 0x000002cb6ccb23a0,
0x000002cb78893ee0, 0x000002cb78895220, 0x000002cb788943b0, 0x000002cb76108350,
0x000002cb79054530, 0x000002cb6c94a3c0, 0x000002cb6c947870, 0x000002cb79056210,
0x000002cb6ccb2d40, 0x000002cb6ccb4550, 0x000002cb6ccb2870, 0x000002cb6ccb36e0,
0x000002cb6ccb3bb0, 0x000002cb6ccb4080, 0x000002cb6ccb4a20, 0x000002cb6ccb1060,
0x000002cb6ccb1a00, 0x000002cb6ccb1ed0, 0x000002cb75fbfe10, 0x000002cb75fbf940,
0x000002cb75fbead0, 0x000002cb75fbefa0, 0x000002cb6eefdec0, 0x000002cb6eefd050,
0x000002cb6eefe390, 0x000002cb6eefd520, 0x000002cb71e187c0, 0x000002cb71e19fd0,
0x000002cb71e19630, 0x000002cb71e1a4a0, 0x000002cb71e19b00, 0x000002cb71e18c90,
0x000002cb71e17e20, 0x000002cb71e1a970, 0x000002cb71e19160, 0x000002cb71e16fb0,
0x000002cb71e182f0, 0x000002cb71e17950, 0x000002cb71e17480, 0x000002cb765c07a0,
0x000002cb765be5f0, 0x000002cb765bfe00, 0x000002cb765c0c70, 0x000002cb765c02d0,
0x000002cb765c1140, 0x000002cb765c1610, 0x000002cb765bdc50, 0x000002cb765beac0,
0x000002cb765be120, 0x000002cb765bef90, 0x000002cb78896a30, 0x000002cb79056bb0,
0x000002cb6c9473a0, 0x000002cb6c94ad60, 0x000002cb6c946ed0, 0x000002cb6c9486e0,
0x000002cb6c948bb0, 0x000002cb6c946a00, 0x000002cb6c947d40, 0x000002cb6c949080
}

Java Threads: ( => current thread )
  0x000002cb51cbb5b0 JavaThread "main" [_thread_blocked, id=6196, stack(0x000000eaecc00000,0x000000eaecd00000)]
  0x000002cb6b29d1d0 JavaThread "Reference Handler" daemon [_thread_blocked, id=5252, stack(0x000000eaed300000,0x000000eaed400000)]
  0x000002cb6b29ee60 JavaThread "Finalizer" daemon [_thread_blocked, id=9360, stack(0x000000eaed400000,0x000000eaed500000)]
  0x000002cb6bc0b440 JavaThread "Signal Dispatcher" daemon [_thread_blocked, id=2708, stack(0x000000eaed500000,0x000000eaed600000)]
  0x000002cb6bc0be00 JavaThread "Attach Listener" daemon [_thread_blocked, id=2452, stack(0x000000eaed600000,0x000000eaed700000)]
  0x000002cb6bc0c6c0 JavaThread "Service Thread" daemon [_thread_blocked, id=9372, stack(0x000000eaed700000,0x000000eaed800000)]
  0x000002cb6bc0df90 JavaThread "Monitor Deflation Thread" daemon [_thread_blocked, id=5824, stack(0x000000eaed800000,0x000000eaed900000)]
  0x000002cb6bc0ec30 JavaThread "C2 CompilerThread0" daemon [_thread_blocked, id=4164, stack(0x000000eaed900000,0x000000eaeda00000)]
  0x000002cb6bc0f5e0 JavaThread "C1 CompilerThread0" daemon [_thread_blocked, id=6356, stack(0x000000eaeda00000,0x000000eaedb00000)]
  0x000002cb6bc740f0 JavaThread "Sweeper thread" daemon [_thread_blocked, id=5020, stack(0x000000eaedb00000,0x000000eaedc00000)]
  0x000002cb6bdf1050 JavaThread "Common-Cleaner" daemon [_thread_blocked, id=9492, stack(0x000000eaedc00000,0x000000eaedd00000)]
  0x000002cb6bdffff0 JavaThread "Notification Thread" daemon [_thread_blocked, id=4564, stack(0x000000eaedd00000,0x000000eaede00000)]
  0x000002cb6e33f800 JavaThread "Daemon health stats" [_thread_blocked, id=5540, stack(0x000000eaee300000,0x000000eaee400000)]
  0x000002cb6d15d5a0 JavaThread "Incoming local TCP Connector on port 53100" [_thread_in_native, id=9984, stack(0x000000eaee400000,0x000000eaee500000)]
  0x000002cb6f788020 JavaThread "Daemon periodic checks" [_thread_blocked, id=2364, stack(0x000000eaee500000,0x000000eaee600000)]
  0x000002cb6c172f50 JavaThread "Cache worker for journal cache (C:\Users\Pichau\.gradle\caches\journal-1)" [_thread_blocked, id=4648, stack(0x000000eaeed00000,0x000000eaeee00000)]
  0x000002cb6c1738f0 JavaThread "File lock request listener" [_thread_in_native, id=9180, stack(0x000000eaeee00000,0x000000eaeef00000)]
  0x000002cb6eb4e6c0 JavaThread "Cache worker for file hash cache (C:\Users\Pichau\.gradle\caches\8.0\fileHashes)" [_thread_blocked, id=9168, stack(0x000000eaeef00000,0x000000eaef000000)]
  0x000002cb6eb4c9e0 JavaThread "File watcher server" daemon [_thread_blocked, id=7336, stack(0x000000eaef000000,0x000000eaef100000)]
  0x000002cb6eb4c510 JavaThread "File watcher consumer" daemon [_thread_blocked, id=5924, stack(0x000000eaef100000,0x000000eaef200000)]
  0x000002cb6eb46e70 JavaThread "Cache worker for file content cache (C:\Users\Pichau\.gradle\caches\8.0\fileContent)" [_thread_blocked, id=2416, stack(0x000000eaef400000,0x000000eaef500000)]
  0x000002cb6eb4a830 JavaThread "Cache worker for execution history cache (C:\Users\Pichau\.gradle\caches\8.0\executionHistory)" [_thread_blocked, id=7356, stack(0x000000eaef700000,0x000000eaef800000)]
  0x000002cb6eb4e1f0 JavaThread "jar transforms" [_thread_blocked, id=8144, stack(0x000000eaef800000,0x000000eaef900000)]
  0x000002cb6eb47340 JavaThread "jar transforms Thread 2" [_thread_blocked, id=7076, stack(0x000000eaef900000,0x000000eaefa00000)]
  0x000002cb6eb4ad00 JavaThread "jar transforms Thread 3" [_thread_blocked, id=10064, stack(0x000000eaefb00000,0x000000eaefc00000)]
  0x000002cb6eb499c0 JavaThread "jar transforms Thread 4" [_thread_blocked, id=10628, stack(0x000000eaefc00000,0x000000eaefd00000)]
  0x000002cb710bfd50 JavaThread "Memory manager" [_thread_blocked, id=5592, stack(0x000000eaf2800000,0x000000eaf2900000)]
  0x000002cb75cdf550 JavaThread "Cache worker for Java compile cache (C:\Users\Pichau\.gradle\caches\8.0\javaCompile)" [_thread_blocked, id=7848, stack(0x000000eaf3000000,0x000000eaf3100000)]
  0x000002cb6c946530 JavaThread "Daemon Thread 4" [_thread_blocked, id=5876, stack(0x000000eaec900000,0x000000eaeca00000)]
  0x000002cb6c944850 JavaThread "Handler for socket connection from /127.0.0.1:53100 to /127.0.0.1:53324" [_thread_in_native, id=9468, stack(0x000000eaeca00000,0x000000eaecb00000)]
  0x000002cb6ccb1530 JavaThread "Cancel handler" [_thread_blocked, id=6828, stack(0x000000eaecb00000,0x000000eaecc00000)]
  0x000002cb6ccb23a0 JavaThread "Daemon worker Thread 4" [_thread_blocked, id=3256, stack(0x000000eaedf00000,0x000000eaee000000)]
  0x000002cb78893ee0 JavaThread "Asynchronous log dispatcher for DefaultDaemonConnection: socket connection from /127.0.0.1:53100 to /127.0.0.1:53324" [_thread_blocked, id=5448, stack(0x000000eaee600000,0x000000eaee700000)]
  0x000002cb78895220 JavaThread "Stdin handler" [_thread_blocked, id=8956, stack(0x000000eaee700000,0x000000eaee800000)]
  0x000002cb788943b0 JavaThread "Daemon client event forwarder" [_thread_blocked, id=5496, stack(0x000000eaee800000,0x000000eaee900000)]
  0x000002cb76108350 JavaThread "C2 CompilerThread1" daemon [_thread_blocked, id=4800, stack(0x000000eaee900000,0x000000eaeea00000)]
  0x000002cb79054530 JavaThread "Cache worker for checksums cache (C:\Users\Pichau\AndroidStudioProjects\Tcc_funcionario\.gradle\8.0\checksums)" [_thread_blocked, id=4040, stack(0x000000eaeea00000,0x000000eaeeb00000)]
  0x000002cb6c94a3c0 JavaThread "Cache worker for cache directory md-rule (C:\Users\Pichau\.gradle\caches\8.0\md-rule)" [_thread_blocked, id=3272, stack(0x000000eaeeb00000,0x000000eaeec00000)]
  0x000002cb6c947870 JavaThread "Cache worker for file hash cache (C:\Users\Pichau\AndroidStudioProjects\Tcc_funcionario\.gradle\8.0\fileHashes)" [_thread_blocked, id=3712, stack(0x000000eaeec00000,0x000000eaeed00000)]
  0x000002cb79056210 JavaThread "Cache worker for cache directory md-supplier (C:\Users\Pichau\.gradle\caches\8.0\md-supplier)" [_thread_blocked, id=5000, stack(0x000000eaef200000,0x000000eaef300000)]
  0x000002cb6ccb2d40 JavaThread "Cache worker for dependencies-accessors (C:\Users\Pichau\AndroidStudioProjects\Tcc_funcionario\.gradle\8.0\dependencies-accessors)" [_thread_blocked, id=8756, stack(0x000000eaef300000,0x000000eaef400000)]
  0x000002cb6ccb4550 JavaThread "Cache worker for Build Output Cleanup Cache (C:\Users\Pichau\AndroidStudioProjects\Tcc_funcionario\.gradle\buildOutputCleanup)" [_thread_blocked, id=3744, stack(0x000000eaef500000,0x000000eaef600000)]
  0x000002cb6ccb2870 JavaThread "Unconstrained build operations" [_thread_blocked, id=2752, stack(0x000000eaef600000,0x000000eaef700000)]
  0x000002cb6ccb36e0 JavaThread "Unconstrained build operations Thread 2" [_thread_blocked, id=8008, stack(0x000000eaefd00000,0x000000eaefe00000)]
  0x000002cb6ccb3bb0 JavaThread "Unconstrained build operations Thread 3" [_thread_blocked, id=2040, stack(0x000000eaefe00000,0x000000eaeff00000)]
  0x000002cb6ccb4080 JavaThread "Unconstrained build operations Thread 4" [_thread_blocked, id=5572, stack(0x000000eaeff00000,0x000000eaf0000000)]
  0x000002cb6ccb4a20 JavaThread "Unconstrained build operations Thread 5" [_thread_blocked, id=5740, stack(0x000000eaf0000000,0x000000eaf0100000)]
  0x000002cb6ccb1060 JavaThread "Unconstrained build operations Thread 6" [_thread_blocked, id=9544, stack(0x000000eaf0100000,0x000000eaf0200000)]
  0x000002cb6ccb1a00 JavaThread "Unconstrained build operations Thread 7" [_thread_blocked, id=10040, stack(0x000000eaf0200000,0x000000eaf0300000)]
  0x000002cb6ccb1ed0 JavaThread "Unconstrained build operations Thread 8" [_thread_blocked, id=8880, stack(0x000000eaf0300000,0x000000eaf0400000)]
  0x000002cb75fbfe10 JavaThread "Unconstrained build operations Thread 9" [_thread_blocked, id=7772, stack(0x000000eaf0400000,0x000000eaf0500000)]
  0x000002cb75fbf940 JavaThread "Unconstrained build operations Thread 10" [_thread_blocked, id=3008, stack(0x000000eaf0500000,0x000000eaf0600000)]
  0x000002cb75fbead0 JavaThread "Unconstrained build operations Thread 11" [_thread_blocked, id=8296, stack(0x000000eaf0600000,0x000000eaf0700000)]
  0x000002cb75fbefa0 JavaThread "Unconstrained build operations Thread 12" [_thread_blocked, id=5864, stack(0x000000eaf0700000,0x000000eaf0800000)]
  0x000002cb6eefdec0 JavaThread "Unconstrained build operations Thread 13" [_thread_blocked, id=2556, stack(0x000000eaf0800000,0x000000eaf0900000)]
  0x000002cb6eefd050 JavaThread "Unconstrained build operations Thread 14" [_thread_blocked, id=10512, stack(0x000000eaf0900000,0x000000eaf0a00000)]
  0x000002cb6eefe390 JavaThread "Unconstrained build operations Thread 15" [_thread_blocked, id=3416, stack(0x000000eaf0a00000,0x000000eaf0b00000)]
  0x000002cb6eefd520 JavaThread "Unconstrained build operations Thread 16" [_thread_blocked, id=8532, stack(0x000000eaf0b00000,0x000000eaf0c00000)]
  0x000002cb71e187c0 JavaThread "Unconstrained build operations Thread 17" [_thread_blocked, id=3600, stack(0x000000eaf0c00000,0x000000eaf0d00000)]
  0x000002cb71e19fd0 JavaThread "Unconstrained build operations Thread 18" [_thread_blocked, id=1408, stack(0x000000eaf0d00000,0x000000eaf0e00000)]
  0x000002cb71e19630 JavaThread "Unconstrained build operations Thread 19" [_thread_blocked, id=2684, stack(0x000000eaf0e00000,0x000000eaf0f00000)]
  0x000002cb71e1a4a0 JavaThread "Unconstrained build operations Thread 20" [_thread_blocked, id=9268, stack(0x000000eaf0f00000,0x000000eaf1000000)]
  0x000002cb71e19b00 JavaThread "Unconstrained build operations Thread 21" [_thread_blocked, id=10980, stack(0x000000eaf1000000,0x000000eaf1100000)]
  0x000002cb71e18c90 JavaThread "Unconstrained build operations Thread 22" [_thread_blocked, id=7132, stack(0x000000eaf1100000,0x000000eaf1200000)]
  0x000002cb71e17e20 JavaThread "Unconstrained build operations Thread 23" [_thread_blocked, id=5672, stack(0x000000eaf1200000,0x000000eaf1300000)]
  0x000002cb71e1a970 JavaThread "Unconstrained build operations Thread 24" [_thread_blocked, id=9256, stack(0x000000eaf1300000,0x000000eaf1400000)]
  0x000002cb71e19160 JavaThread "Unconstrained build operations Thread 25" [_thread_blocked, id=6336, stack(0x000000eaf1400000,0x000000eaf1500000)]
  0x000002cb71e16fb0 JavaThread "Unconstrained build operations Thread 26" [_thread_blocked, id=7908, stack(0x000000eaf1500000,0x000000eaf1600000)]
  0x000002cb71e182f0 JavaThread "Unconstrained build operations Thread 27" [_thread_blocked, id=7704, stack(0x000000eaf1600000,0x000000eaf1700000)]
  0x000002cb71e17950 JavaThread "Unconstrained build operations Thread 28" [_thread_blocked, id=9904, stack(0x000000eaf1700000,0x000000eaf1800000)]
  0x000002cb71e17480 JavaThread "Unconstrained build operations Thread 29" [_thread_blocked, id=2908, stack(0x000000eaf1800000,0x000000eaf1900000)]
  0x000002cb765c07a0 JavaThread "Unconstrained build operations Thread 30" [_thread_blocked, id=10496, stack(0x000000eaf1900000,0x000000eaf1a00000)]
  0x000002cb765be5f0 JavaThread "Unconstrained build operations Thread 31" [_thread_blocked, id=5956, stack(0x000000eaf1a00000,0x000000eaf1b00000)]
  0x000002cb765bfe00 JavaThread "Unconstrained build operations Thread 32" [_thread_blocked, id=660, stack(0x000000eaf1b00000,0x000000eaf1c00000)]
  0x000002cb765c0c70 JavaThread "Unconstrained build operations Thread 33" [_thread_blocked, id=6772, stack(0x000000eaf1c00000,0x000000eaf1d00000)]
  0x000002cb765c02d0 JavaThread "Unconstrained build operations Thread 34" [_thread_blocked, id=9060, stack(0x000000eaf1d00000,0x000000eaf1e00000)]
  0x000002cb765c1140 JavaThread "Unconstrained build operations Thread 35" [_thread_blocked, id=2692, stack(0x000000eaf1e00000,0x000000eaf1f00000)]
  0x000002cb765c1610 JavaThread "Unconstrained build operations Thread 36" [_thread_blocked, id=10808, stack(0x000000eaf1f00000,0x000000eaf2000000)]
  0x000002cb765bdc50 JavaThread "Unconstrained build operations Thread 37" [_thread_blocked, id=7996, stack(0x000000eaf2000000,0x000000eaf2100000)]
  0x000002cb765beac0 JavaThread "Unconstrained build operations Thread 38" [_thread_blocked, id=2500, stack(0x000000eaf2100000,0x000000eaf2200000)]
  0x000002cb765be120 JavaThread "Unconstrained build operations Thread 39" [_thread_blocked, id=8728, stack(0x000000eaf2200000,0x000000eaf2300000)]
  0x000002cb765bef90 JavaThread "Unconstrained build operations Thread 40" [_thread_blocked, id=7116, stack(0x000000eaf2300000,0x000000eaf2400000)]
  0x000002cb78896a30 JavaThread "build event listener" [_thread_blocked, id=7976, stack(0x000000eaf2400000,0x000000eaf2500000)]
  0x000002cb79056bb0 JavaThread "included builds" [_thread_blocked, id=3280, stack(0x000000eaf2500000,0x000000eaf2600000)]
  0x000002cb6c9473a0 JavaThread "Execution worker" [_thread_blocked, id=2304, stack(0x000000eaf2600000,0x000000eaf2700000)]
  0x000002cb6c94ad60 JavaThread "Execution worker Thread 2" [_thread_blocked, id=10872, stack(0x000000eaf2700000,0x000000eaf2800000)]
  0x000002cb6c946ed0 JavaThread "Execution worker Thread 3" [_thread_blocked, id=9040, stack(0x000000eaf2900000,0x000000eaf2a00000)]
  0x000002cb6c9486e0 JavaThread "Cache worker for execution history cache (C:\Users\Pichau\AndroidStudioProjects\Tcc_funcionario\.gradle\8.0\executionHistory)" [_thread_blocked, id=236, stack(0x000000eaf2a00000,0x000000eaf2b00000)]
  0x000002cb6c948bb0 JavaThread "Build operations" [_thread_blocked, id=5808, stack(0x000000eaf2b00000,0x000000eaf2c00000)]
  0x000002cb6c946a00 JavaThread "Build operations Thread 2" [_thread_blocked, id=9068, stack(0x000000eaf2c00000,0x000000eaf2d00000)]
  0x000002cb6c947d40 JavaThread "Build operations Thread 3" [_thread_blocked, id=10360, stack(0x000000eaf2d00000,0x000000eaf2e00000)]
  0x000002cb6c949080 JavaThread "Build operations Thread 4" [_thread_blocked, id=6576, stack(0x000000eaf3100000,0x000000eaf3200000)]

Other Threads:
=>0x000002cb6b2b3790 VMThread "VM Thread" [stack: 0x000000eaed200000,0x000000eaed300000] [id=8796]
  0x000002cb6bdf1d30 WatcherThread [stack: 0x000000eaede00000,0x000000eaedf00000] [id=3028]
  0x000002cb51d15aa0 GCTaskThread "GC Thread#0" [stack: 0x000000eaecd00000,0x000000eaece00000] [id=5856]
  0x000002cb6c085000 GCTaskThread "GC Thread#1" [stack: 0x000000eaee000000,0x000000eaee100000] [id=9684]
  0x000002cb6c065830 GCTaskThread "GC Thread#2" [stack: 0x000000eaee100000,0x000000eaee200000] [id=6736]
  0x000002cb6c065ae0 GCTaskThread "GC Thread#3" [stack: 0x000000eaee200000,0x000000eaee300000] [id=5768]
  0x000002cb51d268f0 ConcurrentGCThread "G1 Main Marker" [stack: 0x000000eaece00000,0x000000eaecf00000] [id=4436]
  0x000002cb51d279b0 ConcurrentGCThread "G1 Conc#0" [stack: 0x000000eaecf00000,0x000000eaed000000] [id=10380]
  0x000002cb51d8d8c0 ConcurrentGCThread "G1 Refine#0" [stack: 0x000000eaed000000,0x000000eaed100000] [id=8284]
  0x000002cb6f4cf6d0 ConcurrentGCThread "G1 Refine#1" [stack: 0x000000eaefa00000,0x000000eaefb00000] [id=6612]
  0x000002cb7030da00 ConcurrentGCThread "G1 Refine#2" [stack: 0x000000eaf2e00000,0x000000eaf2f00000] [id=1860]
  0x000002cb7030f6c0 ConcurrentGCThread "G1 Refine#3" [stack: 0x000000eaf2f00000,0x000000eaf3000000] [id=7900]
  0x000002cb51d8e1f0 ConcurrentGCThread "G1 Service" [stack: 0x000000eaed100000,0x000000eaed200000] [id=6276]

Threads with active compile tasks:
C2 CompilerThread0   625504 19564       4       org.gradle.internal.component.model.ComponentAttributeMatcher::match (284 bytes)
C2 CompilerThread1   625504 19690       4       com.sun.tools.javac.parser.JavaTokenizer::scanLitChar (312 bytes)

VM state: at safepoint (normal execution)

VM Mutex/Monitor currently owned by a thread:  ([mutex/lock_event])
[0x000002cb51cb7200] Threads_lock - owner thread: 0x000002cb6b2b3790
[0x000002cb51cb6ea0] Heap_lock - owner thread: 0x000002cb6c9473a0

Heap address: 0x0000000080000000, size: 2048 MB, Compressed Oops mode: 32-bit

CDS archive(s) not mapped
Compressed class space mapped at: 0x0000000100000000-0x0000000140000000, reserved size: 1073741824
Narrow klass base: 0x0000000000000000, Narrow klass shift: 3, Narrow klass range: 0x140000000

GC Precious Log:
 CPUs: 4 total, 4 available
 Memory: 14264M
 Large Page Support: Disabled
 NUMA Support: Disabled
 Compressed Oops: Enabled (32-bit)
 Heap Region Size: 1M
 Heap Min Capacity: 8M
 Heap Initial Capacity: 224M
 Heap Max Capacity: 2G
 Pre-touch: Disabled
 Parallel Workers: 4
 Concurrent Workers: 1
 Concurrent Refinement Workers: 4
 Periodic GC: Disabled

Heap:
 garbage-first heap   total 229376K, used 115718K [0x0000000080000000, 0x0000000100000000)
  region size 1024K, 4 young (4096K), 4 survivors (4096K)
 Metaspace       used 120900K, committed 121792K, reserved 1155072K
  class space    used 16253K, committed 16704K, reserved 1048576K

Heap Regions: E=young(eden), S=young(survivor), O=old, HS=humongous(starts), HC=humongous(continues), CS=collection set, F=free, OA=open archive, CA=closed archive, TAMS=top-at-mark-start (previous, next)
|   0|0x0000000080000000, 0x0000000080100000, 0x0000000080100000|100%| O|  |TAMS 0x0000000080100000, 0x0000000080100000| Untracked 
|   1|0x0000000080100000, 0x0000000080200000, 0x0000000080200000|100%| O|  |TAMS 0x0000000080200000, 0x0000000080200000| Untracked 
|   2|0x0000000080200000, 0x0000000080300000, 0x0000000080300000|100%|HS|  |TAMS 0x0000000080300000, 0x0000000080300000| Complete 
|   3|0x0000000080300000, 0x0000000080400000, 0x0000000080400000|100%|HC|  |TAMS 0x0000000080400000, 0x0000000080400000| Complete 
|   4|0x0000000080400000, 0x0000000080500000, 0x0000000080500000|100%|HC|  |TAMS 0x0000000080500000, 0x0000000080500000| Complete 
|   5|0x0000000080500000, 0x0000000080600000, 0x0000000080600000|100%|HC|  |TAMS 0x0000000080600000, 0x0000000080600000| Complete 
|   6|0x0000000080600000, 0x0000000080700000, 0x0000000080700000|100%| O|  |TAMS 0x0000000080700000, 0x0000000080700000| Untracked 
|   7|0x0000000080700000, 0x0000000080800000, 0x0000000080800000|100%| O|  |TAMS 0x0000000080800000, 0x0000000080800000| Untracked 
|   8|0x0000000080800000, 0x0000000080900000, 0x0000000080900000|100%| O|  |TAMS 0x0000000080900000, 0x0000000080900000| Untracked 
|   9|0x0000000080900000, 0x0000000080a00000, 0x0000000080a00000|100%| O|  |TAMS 0x0000000080a00000, 0x0000000080a00000| Untracked 
|  10|0x0000000080a00000, 0x0000000080b00000, 0x0000000080b00000|100%| O|  |TAMS 0x0000000080b00000, 0x0000000080b00000| Untracked 
|  11|0x0000000080b00000, 0x0000000080c00000, 0x0000000080c00000|100%| O|  |TAMS 0x0000000080c00000, 0x0000000080c00000| Untracked 
|  12|0x0000000080c00000, 0x0000000080d00000, 0x0000000080d00000|100%| O|  |TAMS 0x0000000080d00000, 0x0000000080d00000| Untracked 
|  13|0x0000000080d00000, 0x0000000080e00000, 0x0000000080e00000|100%| O|  |TAMS 0x0000000080e00000, 0x0000000080e00000| Untracked 
|  14|0x0000000080e00000, 0x0000000080f00000, 0x0000000080f00000|100%| O|  |TAMS 0x0000000080f00000, 0x0000000080f00000| Untracked 
|  15|0x0000000080f00000, 0x0000000081000000, 0x0000000081000000|100%| O|  |TAMS 0x0000000081000000, 0x0000000081000000| Untracked 
|  16|0x0000000081000000, 0x0000000081100000, 0x0000000081100000|100%| O|  |TAMS 0x0000000081100000, 0x0000000081100000| Untracked 
|  17|0x0000000081100000, 0x0000000081200000, 0x0000000081200000|100%| O|  |TAMS 0x0000000081200000, 0x0000000081200000| Untracked 
|  18|0x0000000081200000, 0x0000000081300000, 0x0000000081300000|100%| O|  |TAMS 0x0000000081300000, 0x0000000081300000| Untracked 
|  19|0x0000000081300000, 0x0000000081400000, 0x0000000081400000|100%| O|  |TAMS 0x0000000081400000, 0x0000000081400000| Untracked 
|  20|0x0000000081400000, 0x0000000081500000, 0x0000000081500000|100%| O|  |TAMS 0x0000000081500000, 0x0000000081500000| Untracked 
|  21|0x0000000081500000, 0x0000000081600000, 0x0000000081600000|100%| O|  |TAMS 0x0000000081600000, 0x0000000081600000| Untracked 
|  22|0x0000000081600000, 0x0000000081700000, 0x0000000081700000|100%| O|  |TAMS 0x0000000081700000, 0x0000000081700000| Untracked 
|  23|0x0000000081700000, 0x0000000081800000, 0x0000000081800000|100%| O|  |TAMS 0x0000000081800000, 0x0000000081800000| Untracked 
|  24|0x0000000081800000, 0x0000000081900000, 0x0000000081900000|100%| O|  |TAMS 0x0000000081900000, 0x0000000081900000| Untracked 
|  25|0x0000000081900000, 0x0000000081a00000, 0x0000000081a00000|100%| O|  |TAMS 0x0000000081a00000, 0x0000000081a00000| Untracked 
|  26|0x0000000081a00000, 0x0000000081b00000, 0x0000000081b00000|100%| O|  |TAMS 0x0000000081b00000, 0x0000000081b00000| Untracked 
|  27|0x0000000081b00000, 0x0000000081c00000, 0x0000000081c00000|100%| O|  |TAMS 0x0000000081c00000, 0x0000000081c00000| Untracked 
|  28|0x0000000081c00000, 0x0000000081d00000, 0x0000000081d00000|100%| O|  |TAMS 0x0000000081d00000, 0x0000000081d00000| Untracked 
|  29|0x0000000081d00000, 0x0000000081e00000, 0x0000000081e00000|100%| O|  |TAMS 0x0000000081e00000, 0x0000000081e00000| Untracked 
|  30|0x0000000081e00000, 0x0000000081f00000, 0x0000000081f00000|100%| O|  |TAMS 0x0000000081f00000, 0x0000000081f00000| Untracked 
|  31|0x0000000081f00000, 0x0000000082000000, 0x0000000082000000|100%| O|  |TAMS 0x0000000082000000, 0x0000000082000000| Untracked 
|  32|0x0000000082000000, 0x0000000082100000, 0x0000000082100000|100%| O|  |TAMS 0x0000000082100000, 0x0000000082100000| Untracked 
|  33|0x0000000082100000, 0x0000000082200000, 0x0000000082200000|100%|HS|  |TAMS 0x0000000082200000, 0x0000000082200000| Complete 
|  34|0x0000000082200000, 0x0000000082300000, 0x0000000082300000|100%| O|  |TAMS 0x0000000082300000, 0x0000000082300000| Untracked 
|  35|0x0000000082300000, 0x0000000082400000, 0x0000000082400000|100%|HS|  |TAMS 0x0000000082400000, 0x0000000082400000| Complete 
|  36|0x0000000082400000, 0x0000000082500000, 0x0000000082500000|100%| O|  |TAMS 0x0000000082500000, 0x0000000082500000| Untracked 
|  37|0x0000000082500000, 0x0000000082600000, 0x0000000082600000|100%| O|  |TAMS 0x0000000082600000, 0x0000000082600000| Untracked 
|  38|0x0000000082600000, 0x0000000082700000, 0x0000000082700000|100%| O|  |TAMS 0x0000000082600000, 0x0000000082700000| Untracked 
|  39|0x0000000082700000, 0x0000000082800000, 0x0000000082800000|100%| O|  |TAMS 0x0000000082800000, 0x0000000082800000| Untracked 
|  40|0x0000000082800000, 0x0000000082900000, 0x0000000082900000|100%| O|  |TAMS 0x0000000082900000, 0x0000000082900000| Untracked 
|  41|0x0000000082900000, 0x0000000082a00000, 0x0000000082a00000|100%| O|  |TAMS 0x0000000082a00000, 0x0000000082a00000| Untracked 
|  42|0x0000000082a00000, 0x0000000082b00000, 0x0000000082b00000|100%| O|  |TAMS 0x0000000082b00000, 0x0000000082b00000| Untracked 
|  43|0x0000000082b00000, 0x0000000082c00000, 0x0000000082c00000|100%| O|  |TAMS 0x0000000082c00000, 0x0000000082c00000| Untracked 
|  44|0x0000000082c00000, 0x0000000082d00000, 0x0000000082d00000|100%| O|  |TAMS 0x0000000082d00000, 0x0000000082d00000| Untracked 
|  45|0x0000000082d00000, 0x0000000082e00000, 0x0000000082e00000|100%| O|  |TAMS 0x0000000082e00000, 0x0000000082e00000| Untracked 
|  46|0x0000000082e00000, 0x0000000082f00000, 0x0000000082f00000|100%| O|  |TAMS 0x0000000082f00000, 0x0000000082f00000| Untracked 
|  47|0x0000000082f00000, 0x0000000083000000, 0x0000000083000000|100%| O|  |TAMS 0x0000000083000000, 0x0000000083000000| Untracked 
|  48|0x0000000083000000, 0x0000000083100000, 0x0000000083100000|100%| O|  |TAMS 0x0000000083100000, 0x0000000083100000| Untracked 
|  49|0x0000000083100000, 0x0000000083200000, 0x0000000083200000|100%| O|  |TAMS 0x0000000083200000, 0x0000000083200000| Untracked 
|  50|0x0000000083200000, 0x0000000083300000, 0x0000000083300000|100%| O|  |TAMS 0x0000000083300000, 0x0000000083300000| Untracked 
|  51|0x0000000083300000, 0x0000000083400000, 0x0000000083400000|100%| O|  |TAMS 0x0000000083400000, 0x0000000083400000| Untracked 
|  52|0x0000000083400000, 0x0000000083500000, 0x0000000083500000|100%| O|  |TAMS 0x0000000083500000, 0x0000000083500000| Untracked 
|  53|0x0000000083500000, 0x0000000083600000, 0x0000000083600000|100%| O|  |TAMS 0x0000000083600000, 0x0000000083600000| Untracked 
|  54|0x0000000083600000, 0x0000000083700000, 0x0000000083700000|100%| O|  |TAMS 0x0000000083700000, 0x0000000083700000| Untracked 
|  55|0x0000000083700000, 0x0000000083800000, 0x0000000083800000|100%| O|  |TAMS 0x0000000083800000, 0x0000000083800000| Untracked 
|  56|0x0000000083800000, 0x0000000083900000, 0x0000000083900000|100%| O|  |TAMS 0x0000000083900000, 0x0000000083900000| Untracked 
|  57|0x0000000083900000, 0x0000000083a00000, 0x0000000083a00000|100%| O|  |TAMS 0x0000000083a00000, 0x0000000083a00000| Untracked 
|  58|0x0000000083a00000, 0x0000000083b00000, 0x0000000083b00000|100%| O|  |TAMS 0x0000000083b00000, 0x0000000083b00000| Untracked 
|  59|0x0000000083b00000, 0x0000000083c00000, 0x0000000083c00000|100%| O|  |TAMS 0x0000000083c00000, 0x0000000083c00000| Untracked 
|  60|0x0000000083c00000, 0x0000000083d00000, 0x0000000083d00000|100%| O|  |TAMS 0x0000000083d00000, 0x0000000083d00000| Untracked 
|  61|0x0000000083d00000, 0x0000000083e00000, 0x0000000083e00000|100%| O|  |TAMS 0x0000000083e00000, 0x0000000083e00000| Untracked 
|  62|0x0000000083e00000, 0x0000000083f00000, 0x0000000083f00000|100%| O|  |TAMS 0x0000000083f00000, 0x0000000083f00000| Untracked 
|  63|0x0000000083f00000, 0x0000000084000000, 0x0000000084000000|100%| O|  |TAMS 0x0000000084000000, 0x0000000084000000| Untracked 
|  64|0x0000000084000000, 0x0000000084100000, 0x0000000084100000|100%| O|  |TAMS 0x0000000084100000, 0x0000000084100000| Untracked 
|  65|0x0000000084100000, 0x0000000084200000, 0x0000000084200000|100%| O|  |TAMS 0x0000000084200000, 0x0000000084200000| Untracked 
|  66|0x0000000084200000, 0x0000000084300000, 0x0000000084300000|100%| O|  |TAMS 0x0000000084300000, 0x0000000084300000| Untracked 
|  67|0x0000000084300000, 0x0000000084400000, 0x0000000084400000|100%| O|  |TAMS 0x0000000084400000, 0x0000000084400000| Untracked 
|  68|0x0000000084400000, 0x0000000084500000, 0x0000000084500000|100%| O|  |TAMS 0x0000000084500000, 0x0000000084500000| Untracked 
|  69|0x0000000084500000, 0x0000000084600000, 0x0000000084600000|100%| O|  |TAMS 0x0000000084600000, 0x0000000084600000| Untracked 
|  70|0x0000000084600000, 0x0000000084700000, 0x0000000084700000|100%| O|  |TAMS 0x0000000084700000, 0x0000000084700000| Untracked 
|  71|0x0000000084700000, 0x0000000084800000, 0x0000000084800000|100%| O|  |TAMS 0x0000000084800000, 0x0000000084800000| Untracked 
|  72|0x0000000084800000, 0x0000000084900000, 0x0000000084900000|100%| O|  |TAMS 0x0000000084900000, 0x0000000084900000| Untracked 
|  73|0x0000000084900000, 0x0000000084a00000, 0x0000000084a00000|100%| O|  |TAMS 0x0000000084a00000, 0x0000000084a00000| Untracked 
|  74|0x0000000084a00000, 0x0000000084b00000, 0x0000000084b00000|100%| O|  |TAMS 0x0000000084b00000, 0x0000000084b00000| Untracked 
|  75|0x0000000084b00000, 0x0000000084c00000, 0x0000000084c00000|100%| O|  |TAMS 0x0000000084c00000, 0x0000000084c00000| Untracked 
|  76|0x0000000084c00000, 0x0000000084d00000, 0x0000000084d00000|100%| O|  |TAMS 0x0000000084d00000, 0x0000000084d00000| Untracked 
|  77|0x0000000084d00000, 0x0000000084e00000, 0x0000000084e00000|100%| O|  |TAMS 0x0000000084e00000, 0x0000000084e00000| Untracked 
|  78|0x0000000084e00000, 0x0000000084f00000, 0x0000000084f00000|100%| O|  |TAMS 0x0000000084f00000, 0x0000000084f00000| Untracked 
|  79|0x0000000084f00000, 0x0000000085000000, 0x0000000085000000|100%| O|  |TAMS 0x0000000085000000, 0x0000000085000000| Untracked 
|  80|0x0000000085000000, 0x0000000085100000, 0x0000000085100000|100%| O|  |TAMS 0x0000000085100000, 0x0000000085100000| Untracked 
|  81|0x0000000085100000, 0x0000000085200000, 0x0000000085200000|100%| O|  |TAMS 0x0000000085200000, 0x0000000085200000| Untracked 
|  82|0x0000000085200000, 0x0000000085300000, 0x0000000085300000|100%| O|  |TAMS 0x0000000085300000, 0x0000000085300000| Untracked 
|  83|0x0000000085300000, 0x0000000085400000, 0x0000000085400000|100%| O|  |TAMS 0x0000000085400000, 0x0000000085400000| Untracked 
|  84|0x0000000085400000, 0x0000000085500000, 0x0000000085500000|100%|HS|  |TAMS 0x0000000085500000, 0x0000000085500000| Complete 
|  85|0x0000000085500000, 0x0000000085600000, 0x0000000085600000|100%|HC|  |TAMS 0x0000000085600000, 0x0000000085600000| Complete 
|  86|0x0000000085600000, 0x0000000085700000, 0x0000000085700000|100%| O|  |TAMS 0x0000000085700000, 0x0000000085700000| Untracked 
|  87|0x0000000085700000, 0x0000000085800000, 0x0000000085800000|100%| O|  |TAMS 0x0000000085800000, 0x0000000085800000| Untracked 
|  88|0x0000000085800000, 0x0000000085900000, 0x0000000085900000|100%| O|  |TAMS 0x0000000085900000, 0x0000000085900000| Untracked 
|  89|0x0000000085900000, 0x0000000085a00000, 0x0000000085a00000|100%| O|  |TAMS 0x0000000085a00000, 0x0000000085a00000| Untracked 
|  90|0x0000000085a00000, 0x0000000085b00000, 0x0000000085b00000|100%| O|  |TAMS 0x0000000085b00000, 0x0000000085b00000| Untracked 
|  91|0x0000000085b00000, 0x0000000085c00000, 0x0000000085c00000|100%| O|  |TAMS 0x0000000085c00000, 0x0000000085c00000| Untracked 
|  92|0x0000000085c00000, 0x0000000085d00000, 0x0000000085d00000|100%| O|  |TAMS 0x0000000085d00000, 0x0000000085d00000| Untracked 
|  93|0x0000000085d00000, 0x0000000085e00000, 0x0000000085e00000|100%| O|  |TAMS 0x0000000085d00000, 0x0000000085e00000| Untracked 
|  94|0x0000000085e00000, 0x0000000085f00000, 0x0000000085f00000|100%| O|  |TAMS 0x0000000085f00000, 0x0000000085f00000| Untracked 
|  95|0x0000000085f00000, 0x0000000086000000, 0x0000000086000000|100%| O|  |TAMS 0x0000000085f00000, 0x0000000086000000| Untracked 
|  96|0x0000000086000000, 0x0000000086100000, 0x0000000086100000|100%| O|  |TAMS 0x0000000086000000, 0x0000000086100000| Untracked 
|  97|0x0000000086100000, 0x0000000086200000, 0x0000000086200000|100%| O|  |TAMS 0x0000000086100000, 0x0000000086200000| Untracked 
|  98|0x0000000086200000, 0x0000000086300000, 0x0000000086300000|100%| O|  |TAMS 0x0000000086200000, 0x0000000086300000| Untracked 
|  99|0x0000000086300000, 0x0000000086400000, 0x0000000086400000|100%| O|  |TAMS 0x0000000086400000, 0x0000000086400000| Untracked 
| 100|0x0000000086400000, 0x0000000086500000, 0x0000000086500000|100%| O|  |TAMS 0x0000000086500000, 0x0000000086500000| Untracked 
| 101|0x0000000086500000, 0x0000000086600000, 0x0000000086600000|100%| O|  |TAMS 0x0000000086600000, 0x0000000086600000| Untracked 
| 102|0x0000000086600000, 0x0000000086700000, 0x0000000086700000|100%| O|  |TAMS 0x0000000086600000, 0x0000000086700000| Untracked 
| 103|0x0000000086700000, 0x0000000086700000, 0x0000000086800000|  0%| F|  |TAMS 0x0000000086700000, 0x0000000086700000| Untracked 
| 104|0x0000000086800000, 0x0000000086800000, 0x0000000086900000|  0%| F|  |TAMS 0x0000000086800000, 0x0000000086800000| Untracked 
| 105|0x0000000086900000, 0x00000000869e0000, 0x0000000086a00000| 87%| O|  |TAMS 0x0000000086900000, 0x00000000869e0000| Untracked 
| 106|0x0000000086a00000, 0x0000000086b00000, 0x0000000086b00000|100%| O|  |TAMS 0x0000000086b00000, 0x0000000086b00000| Untracked 
| 107|0x0000000086b00000, 0x0000000086c00000, 0x0000000086c00000|100%| O|  |TAMS 0x0000000086c00000, 0x0000000086c00000| Untracked 
| 108|0x0000000086c00000, 0x0000000086c00000, 0x0000000086d00000|  0%| F|  |TAMS 0x0000000086c00000, 0x0000000086c00000| Untracked 
| 109|0x0000000086d00000, 0x0000000086e00000, 0x0000000086e00000|100%| O|  |TAMS 0x0000000086e00000, 0x0000000086e00000| Untracked 
| 110|0x0000000086e00000, 0x0000000086f00000, 0x0000000086f00000|100%| O|  |TAMS 0x0000000086f00000, 0x0000000086f00000| Untracked 
| 111|0x0000000086f00000, 0x0000000087000000, 0x0000000087000000|100%| O|  |TAMS 0x0000000087000000, 0x0000000087000000| Untracked 
| 112|0x0000000087000000, 0x0000000087000000, 0x0000000087100000|  0%| F|  |TAMS 0x0000000087000000, 0x0000000087000000| Untracked 
| 113|0x0000000087100000, 0x0000000087100000, 0x0000000087200000|  0%| F|  |TAMS 0x0000000087100000, 0x0000000087100000| Untracked 
| 114|0x0000000087200000, 0x0000000087200000, 0x0000000087300000|  0%| F|  |TAMS 0x0000000087200000, 0x0000000087200000| Untracked 
| 115|0x0000000087300000, 0x0000000087300000, 0x0000000087400000|  0%| F|  |TAMS 0x0000000087300000, 0x0000000087300000| Untracked 
| 116|0x0000000087400000, 0x0000000087400000, 0x0000000087500000|  0%| F|  |TAMS 0x0000000087400000, 0x0000000087400000| Untracked 
| 117|0x0000000087500000, 0x0000000087600000, 0x0000000087600000|100%| O|  |TAMS 0x000000008758c400, 0x0000000087600000| Untracked 
| 118|0x0000000087600000, 0x0000000087600000, 0x0000000087700000|  0%| F|  |TAMS 0x0000000087600000, 0x0000000087600000| Untracked 
| 119|0x0000000087700000, 0x0000000087700000, 0x0000000087800000|  0%| F|  |TAMS 0x0000000087700000, 0x0000000087700000| Untracked 
| 120|0x0000000087800000, 0x0000000087800000, 0x0000000087900000|  0%| F|  |TAMS 0x0000000087800000, 0x0000000087800000| Untracked 
| 121|0x0000000087900000, 0x0000000087900000, 0x0000000087a00000|  0%| F|  |TAMS 0x0000000087900000, 0x0000000087900000| Untracked 
| 122|0x0000000087a00000, 0x0000000087a00000, 0x0000000087b00000|  0%| F|  |TAMS 0x0000000087a00000, 0x0000000087a00000| Untracked 
| 123|0x0000000087b00000, 0x0000000087b00000, 0x0000000087c00000|  0%| F|  |TAMS 0x0000000087b00000, 0x0000000087b00000| Untracked 
| 124|0x0000000087c00000, 0x0000000087c00000, 0x0000000087d00000|  0%| F|  |TAMS 0x0000000087c00000, 0x0000000087c00000| Untracked 
| 125|0x0000000087d00000, 0x0000000087d00000, 0x0000000087e00000|  0%| F|  |TAMS 0x0000000087d00000, 0x0000000087d00000| Untracked 
| 126|0x0000000087e00000, 0x0000000087e00000, 0x0000000087f00000|  0%| F|  |TAMS 0x0000000087e00000, 0x0000000087e00000| Untracked 
| 127|0x0000000087f00000, 0x0000000087f00000, 0x0000000088000000|  0%| F|  |TAMS 0x0000000087f00000, 0x0000000087f00000| Untracked 
| 128|0x0000000088000000, 0x0000000088000000, 0x0000000088100000|  0%| F|  |TAMS 0x0000000088000000, 0x0000000088000000| Untracked 
| 129|0x0000000088100000, 0x0000000088100000, 0x0000000088200000|  0%| F|  |TAMS 0x0000000088100000, 0x0000000088100000| Untracked 
| 130|0x0000000088200000, 0x0000000088200000, 0x0000000088300000|  0%| F|  |TAMS 0x0000000088200000, 0x0000000088200000| Untracked 
| 131|0x0000000088300000, 0x0000000088300000, 0x0000000088400000|  0%| F|  |TAMS 0x0000000088300000, 0x0000000088300000| Untracked 
| 132|0x0000000088400000, 0x0000000088400000, 0x0000000088500000|  0%| F|  |TAMS 0x0000000088400000, 0x0000000088400000| Untracked 
| 133|0x0000000088500000, 0x0000000088500000, 0x0000000088600000|  0%| F|  |TAMS 0x0000000088500000, 0x0000000088500000| Untracked 
| 134|0x0000000088600000, 0x0000000088600000, 0x0000000088700000|  0%| F|  |TAMS 0x0000000088600000, 0x0000000088600000| Untracked 
| 135|0x0000000088700000, 0x0000000088700000, 0x0000000088800000|  0%| F|  |TAMS 0x0000000088700000, 0x0000000088700000| Untracked 
| 136|0x0000000088800000, 0x0000000088800000, 0x0000000088900000|  0%| F|  |TAMS 0x0000000088800000, 0x0000000088800000| Untracked 
| 137|0x0000000088900000, 0x0000000088900000, 0x0000000088a00000|  0%| F|  |TAMS 0x0000000088900000, 0x0000000088900000| Untracked 
| 138|0x0000000088a00000, 0x0000000088a00000, 0x0000000088b00000|  0%| F|  |TAMS 0x0000000088a00000, 0x0000000088a00000| Untracked 
| 139|0x0000000088b00000, 0x0000000088b00000, 0x0000000088c00000|  0%| F|  |TAMS 0x0000000088b00000, 0x0000000088b00000| Untracked 
| 140|0x0000000088c00000, 0x0000000088c00000, 0x0000000088d00000|  0%| F|  |TAMS 0x0000000088c00000, 0x0000000088c00000| Untracked 
| 141|0x0000000088d00000, 0x0000000088d00000, 0x0000000088e00000|  0%| F|  |TAMS 0x0000000088d00000, 0x0000000088d00000| Untracked 
| 142|0x0000000088e00000, 0x0000000088e00000, 0x0000000088f00000|  0%| F|  |TAMS 0x0000000088e00000, 0x0000000088e00000| Untracked 
| 143|0x0000000088f00000, 0x0000000088f00000, 0x0000000089000000|  0%| F|  |TAMS 0x0000000088f00000, 0x0000000088f00000| Untracked 
| 144|0x0000000089000000, 0x0000000089000000, 0x0000000089100000|  0%| F|  |TAMS 0x0000000089000000, 0x0000000089000000| Untracked 
| 145|0x0000000089100000, 0x0000000089100000, 0x0000000089200000|  0%| F|  |TAMS 0x0000000089100000, 0x0000000089100000| Untracked 
| 146|0x0000000089200000, 0x0000000089200000, 0x0000000089300000|  0%| F|  |TAMS 0x0000000089200000, 0x0000000089200000| Untracked 
| 147|0x0000000089300000, 0x0000000089300000, 0x0000000089400000|  0%| F|  |TAMS 0x0000000089300000, 0x0000000089300000| Untracked 
| 148|0x0000000089400000, 0x0000000089400000, 0x0000000089500000|  0%| F|  |TAMS 0x0000000089400000, 0x0000000089400000| Untracked 
| 149|0x0000000089500000, 0x0000000089500000, 0x0000000089600000|  0%| F|  |TAMS 0x0000000089500000, 0x0000000089500000| Untracked 
| 150|0x0000000089600000, 0x0000000089600000, 0x0000000089700000|  0%| F|  |TAMS 0x0000000089600000, 0x0000000089600000| Untracked 
| 151|0x0000000089700000, 0x0000000089700000, 0x0000000089800000|  0%| F|  |TAMS 0x0000000089700000, 0x0000000089700000| Untracked 
| 152|0x0000000089800000, 0x0000000089800000, 0x0000000089900000|  0%| F|  |TAMS 0x0000000089800000, 0x0000000089800000| Untracked 
| 153|0x0000000089900000, 0x0000000089900000, 0x0000000089a00000|  0%| F|  |TAMS 0x0000000089900000, 0x0000000089900000| Untracked 
| 154|0x0000000089a00000, 0x0000000089a00000, 0x0000000089b00000|  0%| F|  |TAMS 0x0000000089a00000, 0x0000000089a00000| Untracked 
| 155|0x0000000089b00000, 0x0000000089b00000, 0x0000000089c00000|  0%| F|  |TAMS 0x0000000089b00000, 0x0000000089b00000| Untracked 
| 156|0x0000000089c00000, 0x0000000089c00000, 0x0000000089d00000|  0%| F|  |TAMS 0x0000000089c00000, 0x0000000089c00000| Untracked 
| 157|0x0000000089d00000, 0x0000000089d00000, 0x0000000089e00000|  0%| F|  |TAMS 0x0000000089d00000, 0x0000000089d00000| Untracked 
| 158|0x0000000089e00000, 0x0000000089e00000, 0x0000000089f00000|  0%| F|  |TAMS 0x0000000089e00000, 0x0000000089e00000| Untracked 
| 159|0x0000000089f00000, 0x0000000089f00000, 0x000000008a000000|  0%| F|  |TAMS 0x0000000089f00000, 0x0000000089f00000| Untracked 
| 160|0x000000008a000000, 0x000000008a000000, 0x000000008a100000|  0%| F|  |TAMS 0x000000008a000000, 0x000000008a000000| Untracked 
| 161|0x000000008a100000, 0x000000008a100000, 0x000000008a200000|  0%| F|  |TAMS 0x000000008a100000, 0x000000008a100000| Untracked 
| 162|0x000000008a200000, 0x000000008a200000, 0x000000008a300000|  0%| F|  |TAMS 0x000000008a200000, 0x000000008a200000| Untracked 
| 163|0x000000008a300000, 0x000000008a300000, 0x000000008a400000|  0%| F|  |TAMS 0x000000008a300000, 0x000000008a300000| Untracked 
| 164|0x000000008a400000, 0x000000008a400000, 0x000000008a500000|  0%| F|  |TAMS 0x000000008a400000, 0x000000008a400000| Untracked 
| 165|0x000000008a500000, 0x000000008a500000, 0x000000008a600000|  0%| F|  |TAMS 0x000000008a500000, 0x000000008a500000| Untracked 
| 166|0x000000008a600000, 0x000000008a600000, 0x000000008a700000|  0%| F|  |TAMS 0x000000008a600000, 0x000000008a600000| Untracked 
| 167|0x000000008a700000, 0x000000008a700000, 0x000000008a800000|  0%| F|  |TAMS 0x000000008a700000, 0x000000008a700000| Untracked 
| 168|0x000000008a800000, 0x000000008a800000, 0x000000008a900000|  0%| F|  |TAMS 0x000000008a800000, 0x000000008a800000| Untracked 
| 169|0x000000008a900000, 0x000000008a900000, 0x000000008aa00000|  0%| F|  |TAMS 0x000000008a900000, 0x000000008a900000| Untracked 
| 170|0x000000008aa00000, 0x000000008aa00000, 0x000000008ab00000|  0%| F|  |TAMS 0x000000008aa00000, 0x000000008aa00000| Untracked 
| 171|0x000000008ab00000, 0x000000008ab00000, 0x000000008ac00000|  0%| F|  |TAMS 0x000000008ab00000, 0x000000008ab00000| Untracked 
| 172|0x000000008ac00000, 0x000000008ac00000, 0x000000008ad00000|  0%| F|  |TAMS 0x000000008ac00000, 0x000000008ac00000| Untracked 
| 173|0x000000008ad00000, 0x000000008ad00000, 0x000000008ae00000|  0%| F|  |TAMS 0x000000008ad00000, 0x000000008ad00000| Untracked 
| 174|0x000000008ae00000, 0x000000008ae00000, 0x000000008af00000|  0%| F|  |TAMS 0x000000008ae00000, 0x000000008ae00000| Untracked 
| 175|0x000000008af00000, 0x000000008af00000, 0x000000008b000000|  0%| F|  |TAMS 0x000000008af00000, 0x000000008af00000| Untracked 
| 176|0x000000008b000000, 0x000000008b000000, 0x000000008b100000|  0%| F|  |TAMS 0x000000008b000000, 0x000000008b000000| Untracked 
| 177|0x000000008b100000, 0x000000008b100000, 0x000000008b200000|  0%| F|  |TAMS 0x000000008b100000, 0x000000008b100000| Untracked 
| 178|0x000000008b200000, 0x000000008b200000, 0x000000008b300000|  0%| F|  |TAMS 0x000000008b200000, 0x000000008b200000| Untracked 
| 179|0x000000008b300000, 0x000000008b300000, 0x000000008b400000|  0%| F|  |TAMS 0x000000008b300000, 0x000000008b300000| Untracked 
| 180|0x000000008b400000, 0x000000008b400000, 0x000000008b500000|  0%| F|  |TAMS 0x000000008b400000, 0x000000008b400000| Untracked 
| 181|0x000000008b500000, 0x000000008b500000, 0x000000008b600000|  0%| F|  |TAMS 0x000000008b500000, 0x000000008b500000| Untracked 
| 182|0x000000008b600000, 0x000000008b600000, 0x000000008b700000|  0%| F|  |TAMS 0x000000008b600000, 0x000000008b600000| Untracked 
| 183|0x000000008b700000, 0x000000008b700000, 0x000000008b800000|  0%| F|  |TAMS 0x000000008b700000, 0x000000008b700000| Untracked 
| 184|0x000000008b800000, 0x000000008b800000, 0x000000008b900000|  0%| F|  |TAMS 0x000000008b800000, 0x000000008b800000| Untracked 
| 185|0x000000008b900000, 0x000000008b900000, 0x000000008ba00000|  0%| F|  |TAMS 0x000000008b900000, 0x000000008b900000| Untracked 
| 186|0x000000008ba00000, 0x000000008ba00000, 0x000000008bb00000|  0%| F|  |TAMS 0x000000008ba00000, 0x000000008ba00000| Untracked 
| 187|0x000000008bb00000, 0x000000008bb00000, 0x000000008bc00000|  0%| F|  |TAMS 0x000000008bb00000, 0x000000008bb00000| Untracked 
| 188|0x000000008bc00000, 0x000000008bc00000, 0x000000008bd00000|  0%| F|  |TAMS 0x000000008bc00000, 0x000000008bc00000| Untracked 
| 189|0x000000008bd00000, 0x000000008bd21ba0, 0x000000008be00000| 13%| S|CS|TAMS 0x000000008bd00000, 0x000000008bd00000| Complete 
| 190|0x000000008be00000, 0x000000008bf00000, 0x000000008bf00000|100%| S|CS|TAMS 0x000000008be00000, 0x000000008be00000| Complete 
| 191|0x000000008bf00000, 0x000000008c000000, 0x000000008c000000|100%| S|CS|TAMS 0x000000008bf00000, 0x000000008bf00000| Complete 
| 192|0x000000008c000000, 0x000000008c100000, 0x000000008c100000|100%| S|CS|TAMS 0x000000008c000000, 0x000000008c000000| Complete 
| 193|0x000000008c100000, 0x000000008c100000, 0x000000008c200000|  0%| F|  |TAMS 0x000000008c100000, 0x000000008c100000| Untracked 
| 194|0x000000008c200000, 0x000000008c200000, 0x000000008c300000|  0%| F|  |TAMS 0x000000008c200000, 0x000000008c200000| Untracked 
| 195|0x000000008c300000, 0x000000008c300000, 0x000000008c400000|  0%| F|  |TAMS 0x000000008c300000, 0x000000008c300000| Untracked 
| 196|0x000000008c400000, 0x000000008c400000, 0x000000008c500000|  0%| F|  |TAMS 0x000000008c400000, 0x000000008c400000| Untracked 
| 197|0x000000008c500000, 0x000000008c500000, 0x000000008c600000|  0%| F|  |TAMS 0x000000008c500000, 0x000000008c500000| Untracked 
| 198|0x000000008c600000, 0x000000008c600000, 0x000000008c700000|  0%| F|  |TAMS 0x000000008c600000, 0x000000008c600000| Untracked 
| 199|0x000000008c700000, 0x000000008c700000, 0x000000008c800000|  0%| F|  |TAMS 0x000000008c700000, 0x000000008c700000| Untracked 
| 200|0x000000008c800000, 0x000000008c800000, 0x000000008c900000|  0%| F|  |TAMS 0x000000008c800000, 0x000000008c800000| Untracked 
| 201|0x000000008c900000, 0x000000008c900000, 0x000000008ca00000|  0%| F|  |TAMS 0x000000008c900000, 0x000000008c900000| Untracked 
| 202|0x000000008ca00000, 0x000000008ca00000, 0x000000008cb00000|  0%| F|  |TAMS 0x000000008ca00000, 0x000000008ca00000| Untracked 
| 203|0x000000008cb00000, 0x000000008cb00000, 0x000000008cc00000|  0%| F|  |TAMS 0x000000008cb00000, 0x000000008cb00000| Untracked 
| 204|0x000000008cc00000, 0x000000008cc00000, 0x000000008cd00000|  0%| F|  |TAMS 0x000000008cc00000, 0x000000008cc00000| Untracked 
| 205|0x000000008cd00000, 0x000000008cd00000, 0x000000008ce00000|  0%| F|  |TAMS 0x000000008cd00000, 0x000000008cd00000| Untracked 
| 206|0x000000008ce00000, 0x000000008ce00000, 0x000000008cf00000|  0%| F|  |TAMS 0x000000008ce00000, 0x000000008ce00000| Untracked 
| 207|0x000000008cf00000, 0x000000008cf00000, 0x000000008d000000|  0%| F|  |TAMS 0x000000008cf00000, 0x000000008cf00000| Untracked 
| 208|0x000000008d000000, 0x000000008d000000, 0x000000008d100000|  0%| F|  |TAMS 0x000000008d000000, 0x000000008d000000| Untracked 
| 209|0x000000008d100000, 0x000000008d100000, 0x000000008d200000|  0%| F|  |TAMS 0x000000008d100000, 0x000000008d100000| Untracked 
| 210|0x000000008d200000, 0x000000008d200000, 0x000000008d300000|  0%| F|  |TAMS 0x000000008d200000, 0x000000008d200000| Untracked 
| 211|0x000000008d300000, 0x000000008d300000, 0x000000008d400000|  0%| F|  |TAMS 0x000000008d300000, 0x000000008d300000| Untracked 
| 212|0x000000008d400000, 0x000000008d400000, 0x000000008d500000|  0%| F|  |TAMS 0x000000008d400000, 0x000000008d400000| Untracked 
| 213|0x000000008d500000, 0x000000008d500000, 0x000000008d600000|  0%| F|  |TAMS 0x000000008d500000, 0x000000008d500000| Untracked 
| 214|0x000000008d600000, 0x000000008d600000, 0x000000008d700000|  0%| F|  |TAMS 0x000000008d600000, 0x000000008d600000| Untracked 
| 215|0x000000008d700000, 0x000000008d700000, 0x000000008d800000|  0%| F|  |TAMS 0x000000008d700000, 0x000000008d700000| Untracked 
| 216|0x000000008d800000, 0x000000008d800000, 0x000000008d900000|  0%| F|  |TAMS 0x000000008d800000, 0x000000008d800000| Untracked 
| 217|0x000000008d900000, 0x000000008d900000, 0x000000008da00000|  0%| F|  |TAMS 0x000000008d900000, 0x000000008d900000| Untracked 
| 218|0x000000008da00000, 0x000000008da00000, 0x000000008db00000|  0%| F|  |TAMS 0x000000008da00000, 0x000000008da00000| Untracked 
| 219|0x000000008db00000, 0x000000008db00000, 0x000000008dc00000|  0%| F|  |TAMS 0x000000008db00000, 0x000000008db00000| Untracked 
| 220|0x000000008dc00000, 0x000000008dc00000, 0x000000008dd00000|  0%| F|  |TAMS 0x000000008dc00000, 0x000000008dc00000| Untracked 
| 221|0x000000008dd00000, 0x000000008dd00000, 0x000000008de00000|  0%| F|  |TAMS 0x000000008dd00000, 0x000000008dd00000| Untracked 
| 222|0x000000008de00000, 0x000000008de00000, 0x000000008df00000|  0%| F|  |TAMS 0x000000008de00000, 0x000000008de00000| Untracked 
| 223|0x000000008df00000, 0x000000008df00000, 0x000000008e000000|  0%| F|  |TAMS 0x000000008df00000, 0x000000008df00000| Untracked 

Card table byte_map: [0x000002cb64590000,0x000002cb64990000] _byte_map_base: 0x000002cb64190000

Marking Bits (Prev, Next): (CMBitMap*) 0x000002cb51d15fc0, (CMBitMap*) 0x000002cb51d16000
 Prev Bits: [0x000002cb64d90000, 0x000002cb66d90000)
 Next Bits: [0x000002cb66d90000, 0x000002cb68d90000)

Polling page: 0x000002cb4fb60000

Metaspace:

Usage:
  Non-class:    102.19 MB used.
      Class:     15.87 MB used.
       Both:    118.07 MB used.

Virtual space:
  Non-class space:      104.00 MB reserved,     102.62 MB ( 99%) committed,  13 nodes.
      Class space:        1.00 GB reserved,      16.31 MB (  2%) committed,  1 nodes.
             Both:        1.10 GB reserved,     118.94 MB ( 11%) committed. 

Chunk freelists:
   Non-Class:  462.00 KB
       Class:  3.68 MB
        Both:  4.13 MB

MaxMetaspaceSize: unlimited
CompressedClassSpaceSize: 1.00 GB
Initial GC threshold: 21.00 MB
Current GC threshold: 197.44 MB
CDS: off
MetaspaceReclaimPolicy: balanced
 - commit_granule_bytes: 65536.
 - commit_granule_words: 8192.
 - virtual_space_node_default_size: 1048576.
 - enlarge_chunks_in_place: 1.
 - new_chunks_are_fully_committed: 0.
 - uncommit_free_chunks: 1.
 - use_allocation_guard: 0.
 - handle_deallocations: 1.


Internal statistics:

num_allocs_failed_limit: 9.
num_arena_births: 1432.
num_arena_deaths: 4.
num_vsnodes_births: 14.
num_vsnodes_deaths: 0.
num_space_committed: 1903.
num_space_uncommitted: 0.
num_chunks_returned_to_freelist: 14.
num_chunks_taken_from_freelist: 6024.
num_chunk_merges: 9.
num_chunk_splits: 3977.
num_chunks_enlarged: 2611.
num_purges: 2.
num_inconsistent_stats: 0.

CodeHeap 'non-profiled nmethods': size=120000Kb used=10275Kb max_used=10275Kb free=109725Kb
 bounds [0x000002cb5cc60000, 0x000002cb5d670000, 0x000002cb64190000]
CodeHeap 'profiled nmethods': size=120000Kb used=33962Kb max_used=33962Kb free=86037Kb
 bounds [0x000002cb55190000, 0x000002cb572c0000, 0x000002cb5c6c0000]
CodeHeap 'non-nmethods': size=5760Kb used=2429Kb max_used=2519Kb free=3330Kb
 bounds [0x000002cb5c6c0000, 0x000002cb5c940000, 0x000002cb5cc60000]
 total_blobs=18107 nmethods=17137 adapters=881
 compilation: enabled
              stopped_count=0, restarted_count=0
 full_count=0

Compilation events (20 events):
Event: 625.450 Thread 0x000002cb6bc0f5e0 19682       3       com.sun.tools.javac.util.Context::key (50 bytes)
Event: 625.450 Thread 0x000002cb6bc0f5e0 nmethod 19682 0x000002cb572b1990 code [0x000002cb572b1b80, 0x000002cb572b2208]
Event: 625.470 Thread 0x000002cb6bc0f5e0 19683       3       com.sun.tools.javac.parser.JavacParser::importDeclaration (189 bytes)
Event: 625.472 Thread 0x000002cb6bc0f5e0 nmethod 19683 0x000002cb572b2490 code [0x000002cb572b2900, 0x000002cb572b4418]
Event: 625.472 Thread 0x000002cb6bc0f5e0 19684       3       com.sun.tools.javac.parser.JavacParser::parExpression (47 bytes)
Event: 625.472 Thread 0x000002cb6bc0f5e0 nmethod 19684 0x000002cb572b5290 code [0x000002cb572b5520, 0x000002cb572b6118]
Event: 625.472 Thread 0x000002cb6bc0f5e0 19685       3       com.sun.tools.javac.tree.TreeMaker::Parens (19 bytes)
Event: 625.473 Thread 0x000002cb6bc0f5e0 nmethod 19685 0x000002cb572b6710 code [0x000002cb572b68e0, 0x000002cb572b6c78]
Event: 625.473 Thread 0x000002cb6bc0f5e0 19686       3       com.sun.tools.javac.tree.JCTree$JCParens::<init> (10 bytes)
Event: 625.473 Thread 0x000002cb6bc0f5e0 nmethod 19686 0x000002cb572b6e10 code [0x000002cb572b6fc0, 0x000002cb572b7298]
Event: 625.473 Thread 0x000002cb6bc0f5e0 19687       3       com.sun.tools.javac.parser.JavacParser::localVariableDeclarations (50 bytes)
Event: 625.473 Thread 0x000002cb6bc0f5e0 nmethod 19687 0x000002cb572b7410 code [0x000002cb572b7680, 0x000002cb572b80a8]
Event: 625.474 Thread 0x000002cb76108350 nmethod 19563 0x000002cb5d65c010 code [0x000002cb5d65c6a0, 0x000002cb5d664058]
Event: 625.475 Thread 0x000002cb6bc0f5e0 19689       3       com.sun.tools.javac.parser.JavacParser::typeParametersOpt (79 bytes)
Event: 625.475 Thread 0x000002cb76108350 19688       4       com.sun.tools.javac.parser.JavaTokenizer::processWhiteSpace (1 bytes)
Event: 625.475 Thread 0x000002cb76108350 nmethod 19688 0x000002cb5d668910 code [0x000002cb5d668a80, 0x000002cb5d668af8]
Event: 625.475 Thread 0x000002cb76108350 19690       4       com.sun.tools.javac.parser.JavaTokenizer::scanLitChar (312 bytes)
Event: 625.475 Thread 0x000002cb6bc0f5e0 nmethod 19689 0x000002cb572b8590 code [0x000002cb572b8880, 0x000002cb572b95e8]
Event: 625.475 Thread 0x000002cb6bc0f5e0 19691       3       com.sun.tools.javac.tree.TreeInfo::opPrec (361 bytes)
Event: 625.476 Thread 0x000002cb6bc0f5e0 nmethod 19691 0x000002cb572b9b90 code [0x000002cb572b9dc0, 0x000002cb572ba908]

GC Heap History (20 events):
Event: 467.683 GC heap after
{Heap after GC invocations=47 (full 0):
 garbage-first heap   total 206848K, used 107449K [0x0000000080000000, 0x0000000100000000)
  region size 1024K, 1 young (1024K), 1 survivors (1024K)
 Metaspace       used 119439K, committed 120192K, reserved 1155072K
  class space    used 16171K, committed 16512K, reserved 1048576K
}
Event: 467.684 GC heap before
{Heap before GC invocations=47 (full 0):
 garbage-first heap   total 206848K, used 107449K [0x0000000080000000, 0x0000000100000000)
  region size 1024K, 2 young (2048K), 1 survivors (1024K)
 Metaspace       used 119439K, committed 120192K, reserved 1155072K
  class space    used 16171K, committed 16512K, reserved 1048576K
}
Event: 467.686 GC heap after
{Heap after GC invocations=48 (full 0):
 garbage-first heap   total 206848K, used 107276K [0x0000000080000000, 0x0000000100000000)
  region size 1024K, 1 young (1024K), 1 survivors (1024K)
 Metaspace       used 119439K, committed 120192K, reserved 1155072K
  class space    used 16171K, committed 16512K, reserved 1048576K
}
Event: 552.874 GC heap before
{Heap before GC invocations=49 (full 0):
 garbage-first heap   total 211968K, used 181004K [0x0000000080000000, 0x0000000100000000)
  region size 1024K, 61 young (62464K), 1 survivors (1024K)
 Metaspace       used 119926K, committed 120768K, reserved 1155072K
  class space    used 16194K, committed 16576K, reserved 1048576K
}
Event: 552.883 GC heap after
{Heap after GC invocations=50 (full 0):
 garbage-first heap   total 211968K, used 114224K [0x0000000080000000, 0x0000000100000000)
  region size 1024K, 8 young (8192K), 8 survivors (8192K)
 Metaspace       used 119926K, committed 120768K, reserved 1155072K
  class space    used 16194K, committed 16576K, reserved 1048576K
}
Event: 552.917 GC heap before
{Heap before GC invocations=50 (full 0):
 garbage-first heap   total 211968K, used 115248K [0x0000000080000000, 0x0000000100000000)
  region size 1024K, 10 young (10240K), 8 survivors (8192K)
 Metaspace       used 119931K, committed 120768K, reserved 1155072K
  class space    used 16194K, committed 16576K, reserved 1048576K
}
Event: 552.927 GC heap after
{Heap after GC invocations=51 (full 0):
 garbage-first heap   total 211968K, used 114384K [0x0000000080000000, 0x0000000100000000)
  region size 1024K, 2 young (2048K), 2 survivors (2048K)
 Metaspace       used 119931K, committed 120768K, reserved 1155072K
  class space    used 16194K, committed 16576K, reserved 1048576K
}
Event: 552.948 GC heap before
{Heap before GC invocations=51 (full 0):
 garbage-first heap   total 211968K, used 115408K [0x0000000080000000, 0x0000000100000000)
  region size 1024K, 4 young (4096K), 2 survivors (2048K)
 Metaspace       used 119939K, committed 120768K, reserved 1155072K
  class space    used 16194K, committed 16576K, reserved 1048576K
}
Event: 552.949 GC heap after
{Heap after GC invocations=52 (full 0):
 garbage-first heap   total 211968K, used 114309K [0x0000000080000000, 0x0000000100000000)
  region size 1024K, 2 young (2048K), 2 survivors (2048K)
 Metaspace       used 119939K, committed 120768K, reserved 1155072K
  class space    used 16194K, committed 16576K, reserved 1048576K
}
Event: 553.482 GC heap before
{Heap before GC invocations=53 (full 0):
 garbage-first heap   total 211968K, used 155269K [0x0000000080000000, 0x0000000100000000)
  region size 1024K, 42 young (43008K), 2 survivors (2048K)
 Metaspace       used 120127K, committed 120960K, reserved 1155072K
  class space    used 16206K, committed 16576K, reserved 1048576K
}
Event: 553.489 GC heap after
{Heap after GC invocations=54 (full 0):
 garbage-first heap   total 211968K, used 118450K [0x0000000080000000, 0x0000000100000000)
  region size 1024K, 6 young (6144K), 6 survivors (6144K)
 Metaspace       used 120127K, committed 120960K, reserved 1155072K
  class space    used 16206K, committed 16576K, reserved 1048576K
}
Event: 553.542 GC heap before
{Heap before GC invocations=54 (full 0):
 garbage-first heap   total 211968K, used 122546K [0x0000000080000000, 0x0000000100000000)
  region size 1024K, 10 young (10240K), 6 survivors (6144K)
 Metaspace       used 120163K, committed 120960K, reserved 1155072K
  class space    used 16208K, committed 16576K, reserved 1048576K
}
Event: 553.550 GC heap after
{Heap after GC invocations=55 (full 0):
 garbage-first heap   total 211968K, used 112116K [0x0000000080000000, 0x0000000100000000)
  region size 1024K, 1 young (1024K), 1 survivors (1024K)
 Metaspace       used 120163K, committed 120960K, reserved 1155072K
  class space    used 16208K, committed 16576K, reserved 1048576K
}
Event: 553.818 GC heap before
{Heap before GC invocations=55 (full 0):
 garbage-first heap   total 211968K, used 122356K [0x0000000080000000, 0x0000000100000000)
  region size 1024K, 13 young (13312K), 1 survivors (1024K)
 Metaspace       used 120481K, committed 121280K, reserved 1155072K
  class space    used 16210K, committed 16576K, reserved 1048576K
}
Event: 553.820 GC heap after
{Heap after GC invocations=56 (full 0):
 garbage-first heap   total 211968K, used 111923K [0x0000000080000000, 0x0000000100000000)
  region size 1024K, 1 young (1024K), 1 survivors (1024K)
 Metaspace       used 120481K, committed 121280K, reserved 1155072K
  class space    used 16210K, committed 16576K, reserved 1048576K
}
Event: 625.133 GC heap before
{Heap before GC invocations=57 (full 0):
 garbage-first heap   total 211968K, used 174387K [0x0000000080000000, 0x0000000100000000)
  region size 1024K, 50 young (51200K), 1 survivors (1024K)
 Metaspace       used 120870K, committed 121792K, reserved 1155072K
  class space    used 16252K, committed 16704K, reserved 1048576K
}
Event: 625.140 GC heap after
{Heap after GC invocations=58 (full 0):
 garbage-first heap   total 211968K, used 117335K [0x0000000080000000, 0x0000000100000000)
  region size 1024K, 7 young (7168K), 7 survivors (7168K)
 Metaspace       used 120870K, committed 121792K, reserved 1155072K
  class space    used 16252K, committed 16704K, reserved 1048576K
}
Event: 625.169 GC heap before
{Heap before GC invocations=58 (full 0):
 garbage-first heap   total 211968K, used 120407K [0x0000000080000000, 0x0000000100000000)
  region size 1024K, 10 young (10240K), 7 survivors (7168K)
 Metaspace       used 120876K, committed 121792K, reserved 1155072K
  class space    used 16252K, committed 16704K, reserved 1048576K
}
Event: 625.177 GC heap after
{Heap after GC invocations=59 (full 0):
 garbage-first heap   total 211968K, used 113459K [0x0000000080000000, 0x0000000100000000)
  region size 1024K, 1 young (1024K), 1 survivors (1024K)
 Metaspace       used 120876K, committed 121792K, reserved 1155072K
  class space    used 16252K, committed 16704K, reserved 1048576K
}
Event: 625.480 GC heap before
{Heap before GC invocations=59 (full 0):
 garbage-first heap   total 211968K, used 124723K [0x0000000080000000, 0x0000000100000000)
  region size 1024K, 14 young (14336K), 1 survivors (1024K)
 Metaspace       used 120900K, committed 121792K, reserved 1155072K
  class space    used 16253K, committed 16704K, reserved 1048576K
}

Dll operation events (2 events):
Event: 0.007 Loaded shared library C:\Program Files\Android\Android Studio\jbr\bin\java.dll
Event: 0.404 Loaded shared library C:\Program Files\Android\Android Studio\jbr\bin\verify.dll

Deoptimization events (20 events):
Event: 624.134 Thread 0x000002cb6ccb23a0 DEOPT PACKING pc=0x000002cb5d5db26c sp=0x000000eaedffa9c0
Event: 624.134 Thread 0x000002cb6ccb23a0 DEOPT UNPACKING pc=0x000002cb5c7169a3 sp=0x000000eaedffa958 mode 2
Event: 624.134 Thread 0x000002cb6ccb23a0 Uncommon trap: trap_request=0xffffffd6 fr.pc=0x000002cb5d5db26c relative=0x000000000000044c
Event: 624.134 Thread 0x000002cb6ccb23a0 Uncommon trap: reason=array_check action=maybe_recompile pc=0x000002cb5d5db26c method=java.util.HashMap.keysToArray([Ljava/lang/Object;)[Ljava/lang/Object; @ 62 c2
Event: 624.134 Thread 0x000002cb6ccb23a0 DEOPT PACKING pc=0x000002cb5d5db26c sp=0x000000eaedffaa80
Event: 624.134 Thread 0x000002cb6ccb23a0 DEOPT UNPACKING pc=0x000002cb5c7169a3 sp=0x000000eaedffaa18 mode 2
Event: 624.156 Thread 0x000002cb6ccb23a0 Uncommon trap: trap_request=0xffffffde fr.pc=0x000002cb5d45ae7c relative=0x000000000000073c
Event: 624.156 Thread 0x000002cb6ccb23a0 Uncommon trap: reason=class_check action=maybe_recompile pc=0x000002cb5d45ae7c method=org.gradle.cache.internal.LockOnDemandCrossProcessCacheAccess.incrementLockCount()V @ 97 c2
Event: 624.156 Thread 0x000002cb6ccb23a0 DEOPT PACKING pc=0x000002cb5d45ae7c sp=0x000000eaedff72f0
Event: 624.156 Thread 0x000002cb6ccb23a0 DEOPT UNPACKING pc=0x000002cb5c7169a3 sp=0x000000eaedff72b0 mode 2
Event: 624.616 Thread 0x000002cb6ccb23a0 DEOPT PACKING pc=0x000002cb55d468ac sp=0x000000eaedff7f00
Event: 624.628 Thread 0x000002cb6ccb23a0 DEOPT UNPACKING pc=0x000002cb5c717143 sp=0x000000eaedff7430 mode 0
Event: 625.132 Thread 0x000002cb6c94ad60 DEOPT PACKING pc=0x000002cb5637276d sp=0x000000eaf27fbeb0
Event: 625.132 Thread 0x000002cb6c94ad60 DEOPT UNPACKING pc=0x000002cb5c717143 sp=0x000000eaf27fb3a8 mode 0
Event: 625.200 Thread 0x000002cb6c9473a0 DEOPT PACKING pc=0x000002cb5637276d sp=0x000000eaf26fbd10
Event: 625.200 Thread 0x000002cb6c9473a0 DEOPT UNPACKING pc=0x000002cb5c717143 sp=0x000000eaf26fb208 mode 0
Event: 625.469 Thread 0x000002cb6c9473a0 Uncommon trap: trap_request=0xffffffde fr.pc=0x000002cb5d0a3068 relative=0x0000000000004d28
Event: 625.469 Thread 0x000002cb6c9473a0 Uncommon trap: reason=class_check action=maybe_recompile pc=0x000002cb5d0a3068 method=jdk.internal.loader.URLClassPath.getLoader(I)Ljdk/internal/loader/URLClassPath$Loader; @ 88 c2
Event: 625.469 Thread 0x000002cb6c9473a0 DEOPT PACKING pc=0x000002cb5d0a3068 sp=0x000000eaf26f9940
Event: 625.469 Thread 0x000002cb6c9473a0 DEOPT UNPACKING pc=0x000002cb5c7169a3 sp=0x000000eaf26f9950 mode 2

Classes unloaded (2 events):
Event: 16.656 Thread 0x000002cb6b2b3790 Unloading class 0x0000000100b9c800 'java/lang/invoke/LambdaForm$DMH+0x0000000100b9c800'
Event: 16.656 Thread 0x000002cb6b2b3790 Unloading class 0x0000000100b9c000 'java/lang/invoke/LambdaForm$DMH+0x0000000100b9c000'

Classes redefined (0 events):
No events

Internal exceptions (20 events):
Event: 625.321 Thread 0x000002cb6c9473a0 Exception <a 'sun/nio/fs/WindowsException'{0x000000008c6a3170}> (0x000000008c6a3170) 
thrown [s\src\hotspot\share\prims\jni.cpp, line 517]
Event: 625.325 Thread 0x000002cb6c9473a0 Exception <a 'sun/nio/fs/WindowsException'{0x000000008c6a3ee0}> (0x000000008c6a3ee0) 
thrown [s\src\hotspot\share\prims\jni.cpp, line 517]
Event: 625.328 Thread 0x000002cb6c9473a0 Exception <a 'sun/nio/fs/WindowsException'{0x000000008c6a4c50}> (0x000000008c6a4c50) 
thrown [s\src\hotspot\share\prims\jni.cpp, line 517]
Event: 625.341 Thread 0x000002cb6c9473a0 Exception <a 'sun/nio/fs/WindowsException'{0x000000008c6a59c0}> (0x000000008c6a59c0) 
thrown [s\src\hotspot\share\prims\jni.cpp, line 517]
Event: 625.345 Thread 0x000002cb6c9473a0 Exception <a 'sun/nio/fs/WindowsException'{0x000000008c6a6730}> (0x000000008c6a6730) 
thrown [s\src\hotspot\share\prims\jni.cpp, line 517]
Event: 625.348 Thread 0x000002cb6c9473a0 Exception <a 'sun/nio/fs/WindowsException'{0x000000008c6a74a0}> (0x000000008c6a74a0) 
thrown [s\src\hotspot\share\prims\jni.cpp, line 517]
Event: 625.351 Thread 0x000002cb6c9473a0 Exception <a 'sun/nio/fs/WindowsException'{0x000000008c6a8210}> (0x000000008c6a8210) 
thrown [s\src\hotspot\share\prims\jni.cpp, line 517]
Event: 625.354 Thread 0x000002cb6c9473a0 Exception <a 'sun/nio/fs/WindowsException'{0x000000008c6a8f80}> (0x000000008c6a8f80) 
thrown [s\src\hotspot\share\prims\jni.cpp, line 517]
Event: 625.357 Thread 0x000002cb6c9473a0 Exception <a 'sun/nio/fs/WindowsException'{0x000000008c6a9d28}> (0x000000008c6a9d28) 
thrown [s\src\hotspot\share\prims\jni.cpp, line 517]
Event: 625.359 Thread 0x000002cb6c9473a0 Exception <a 'sun/nio/fs/WindowsException'{0x000000008c6aab68}> (0x000000008c6aab68) 
thrown [s\src\hotspot\share\prims\jni.cpp, line 517]
Event: 625.360 Thread 0x000002cb6c9473a0 Exception <a 'sun/nio/fs/WindowsException'{0x000000008c6ab900}> (0x000000008c6ab900) 
thrown [s\src\hotspot\share\prims\jni.cpp, line 517]
Event: 625.364 Thread 0x000002cb6c9473a0 Exception <a 'sun/nio/fs/WindowsException'{0x000000008c6ac678}> (0x000000008c6ac678) 
thrown [s\src\hotspot\share\prims\jni.cpp, line 517]
Event: 625.366 Thread 0x000002cb6c9473a0 Exception <a 'sun/nio/fs/WindowsException'{0x000000008c6ad3e8}> (0x000000008c6ad3e8) 
thrown [s\src\hotspot\share\prims\jni.cpp, line 517]
Event: 625.368 Thread 0x000002cb6c9473a0 Exception <a 'sun/nio/fs/WindowsException'{0x000000008c6ae1c0}> (0x000000008c6ae1c0) 
thrown [s\src\hotspot\share\prims\jni.cpp, line 517]
Event: 625.370 Thread 0x000002cb6c9473a0 Exception <a 'sun/nio/fs/WindowsException'{0x000000008c6aef38}> (0x000000008c6aef38) 
thrown [s\src\hotspot\share\prims\jni.cpp, line 517]
Event: 625.373 Thread 0x000002cb6c9473a0 Exception <a 'sun/nio/fs/WindowsException'{0x000000008c6afca8}> (0x000000008c6afca8) 
thrown [s\src\hotspot\share\prims\jni.cpp, line 517]
Event: 625.375 Thread 0x000002cb6c9473a0 Exception <a 'sun/nio/fs/WindowsException'{0x000000008c6b0ad8}> (0x000000008c6b0ad8) 
thrown [s\src\hotspot\share\prims\jni.cpp, line 517]
Event: 625.378 Thread 0x000002cb6c9473a0 Exception <a 'sun/nio/fs/WindowsException'{0x000000008c6c1d40}> (0x000000008c6c1d40) 
thrown [s\src\hotspot\share\prims\jni.cpp, line 517]
Event: 625.477 Thread 0x000002cb6c9473a0 Exception <a 'sun/nio/fs/WindowsException'{0x000000008c103880}> (0x000000008c103880) 
thrown [s\src\hotspot\share\prims\jni.cpp, line 517]
Event: 625.477 Thread 0x000002cb6c9473a0 Exception <a 'sun/nio/fs/WindowsException'{0x000000008c103b10}> (0x000000008c103b10) 
thrown [s\src\hotspot\share\prims\jni.cpp, line 517]

VM Operations (20 events):
Event: 554.063 Executing VM operation: G1Concurrent done
Event: 555.067 Executing VM operation: Cleanup
Event: 555.067 Executing VM operation: Cleanup done
Event: 562.120 Executing VM operation: Cleanup
Event: 562.120 Executing VM operation: Cleanup done
Event: 582.236 Executing VM operation: Cleanup
Event: 582.237 Executing VM operation: Cleanup done
Event: 592.281 Executing VM operation: Cleanup
Event: 592.282 Executing VM operation: Cleanup done
Event: 614.391 Executing VM operation: Cleanup
Event: 614.391 Executing VM operation: Cleanup done
Event: 624.448 Executing VM operation: Cleanup
Event: 624.598 Executing VM operation: Cleanup done
Event: 625.009 Executing VM operation: ICBufferFull
Event: 625.009 Executing VM operation: ICBufferFull done
Event: 625.133 Executing VM operation: G1CollectForAllocation
Event: 625.140 Executing VM operation: G1CollectForAllocation done
Event: 625.169 Executing VM operation: G1CollectForAllocation
Event: 625.179 Executing VM operation: G1CollectForAllocation done
Event: 625.480 Executing VM operation: G1TryInitiateConcMark

Events (20 events):
Event: 624.277 Thread 0x000002cb765be5f0 Thread added: 0x000002cb765be5f0
Event: 624.277 Thread 0x000002cb765bfe00 Thread added: 0x000002cb765bfe00
Event: 624.277 Thread 0x000002cb765c0c70 Thread added: 0x000002cb765c0c70
Event: 624.277 Thread 0x000002cb765c02d0 Thread added: 0x000002cb765c02d0
Event: 624.278 Thread 0x000002cb765c1140 Thread added: 0x000002cb765c1140
Event: 624.278 Thread 0x000002cb765c1610 Thread added: 0x000002cb765c1610
Event: 624.278 Thread 0x000002cb765bdc50 Thread added: 0x000002cb765bdc50
Event: 624.278 Thread 0x000002cb765beac0 Thread added: 0x000002cb765beac0
Event: 624.278 Thread 0x000002cb765be120 Thread added: 0x000002cb765be120
Event: 624.278 Thread 0x000002cb765bef90 Thread added: 0x000002cb765bef90
Event: 624.338 Thread 0x000002cb78896a30 Thread added: 0x000002cb78896a30
Event: 624.852 Thread 0x000002cb79056bb0 Thread added: 0x000002cb79056bb0
Event: 624.854 Thread 0x000002cb6c9473a0 Thread added: 0x000002cb6c9473a0
Event: 624.854 Thread 0x000002cb6c94ad60 Thread added: 0x000002cb6c94ad60
Event: 624.854 Thread 0x000002cb6c946ed0 Thread added: 0x000002cb6c946ed0
Event: 624.856 Thread 0x000002cb6c9486e0 Thread added: 0x000002cb6c9486e0
Event: 625.233 Thread 0x000002cb6c948bb0 Thread added: 0x000002cb6c948bb0
Event: 625.233 Thread 0x000002cb6c946a00 Thread added: 0x000002cb6c946a00
Event: 625.233 Thread 0x000002cb6c947d40 Thread added: 0x000002cb6c947d40
Event: 625.233 Thread 0x000002cb6c949080 Thread added: 0x000002cb6c949080


Dynamic libraries:
0x00007ff6a5be0000 - 0x00007ff6a5bea000 	C:\Program Files\Android\Android Studio\jbr\bin\java.exe
0x00007ffc2edb0000 - 0x00007ffc2efa8000 	C:\WINDOWS\SYSTEM32\ntdll.dll
0x00007ffc2eb10000 - 0x00007ffc2ebcf000 	C:\WINDOWS\System32\KERNEL32.DLL
0x00007ffc2c9c0000 - 0x00007ffc2ccb6000 	C:\WINDOWS\System32\KERNELBASE.dll
0x00007ffc2c8c0000 - 0x00007ffc2c9c0000 	C:\WINDOWS\System32\ucrtbase.dll
0x00007ffc107e0000 - 0x00007ffc107fb000 	C:\Program Files\Android\Android Studio\jbr\bin\VCRUNTIME140.dll
0x00007ffc0fc80000 - 0x00007ffc0fc97000 	C:\Program Files\Android\Android Studio\jbr\bin\jli.dll
0x00007ffc124a0000 - 0x00007ffc1273a000 	C:\WINDOWS\WinSxS\amd64_microsoft.windows.common-controls_6595b64144ccf1df_6.0.19041.1110_none_60b5254171f9507e\COMCTL32.dll
0x00007ffc2ebd0000 - 0x00007ffc2ed6d000 	C:\WINDOWS\System32\USER32.dll
0x00007ffc2d440000 - 0x00007ffc2d4de000 	C:\WINDOWS\System32\msvcrt.dll
0x00007ffc2c6a0000 - 0x00007ffc2c6c2000 	C:\WINDOWS\System32\win32u.dll
0x00007ffc2ea10000 - 0x00007ffc2ea3c000 	C:\WINDOWS\System32\GDI32.dll
0x00007ffc2ccc0000 - 0x00007ffc2cdd5000 	C:\WINDOWS\System32\gdi32full.dll
0x00007ffc2c820000 - 0x00007ffc2c8bd000 	C:\WINDOWS\System32\msvcp_win.dll
0x00007ffc2e0a0000 - 0x00007ffc2e0d0000 	C:\WINDOWS\System32\IMM32.DLL
0x00007ffc1a2b0000 - 0x00007ffc1a2bc000 	C:\Program Files\Android\Android Studio\jbr\bin\vcruntime140_1.dll
0x00007ffc08fd0000 - 0x00007ffc0905d000 	C:\Program Files\Android\Android Studio\jbr\bin\msvcp140.dll
0x00007ffbc8ab0000 - 0x00007ffbc971e000 	C:\Program Files\Android\Android Studio\jbr\bin\server\jvm.dll
0x00007ffc2e200000 - 0x00007ffc2e2af000 	C:\WINDOWS\System32\ADVAPI32.dll
0x00007ffc2ce10000 - 0x00007ffc2ceac000 	C:\WINDOWS\System32\sechost.dll
0x00007ffc2dcf0000 - 0x00007ffc2de16000 	C:\WINDOWS\System32\RPCRT4.dll
0x00007ffc0ae40000 - 0x00007ffc0ae49000 	C:\WINDOWS\SYSTEM32\WSOCK32.dll
0x00007ffc24090000 - 0x00007ffc240b7000 	C:\WINDOWS\SYSTEM32\WINMM.dll
0x00007ffc2e940000 - 0x00007ffc2e9ab000 	C:\WINDOWS\System32\WS2_32.dll
0x00007ffc259b0000 - 0x00007ffc259ba000 	C:\WINDOWS\SYSTEM32\VERSION.dll
0x00007ffc2a350000 - 0x00007ffc2a362000 	C:\WINDOWS\SYSTEM32\kernel.appcore.dll
0x00007ffc28030000 - 0x00007ffc2803a000 	C:\Program Files\Android\Android Studio\jbr\bin\jimage.dll
0x00007ffc25b30000 - 0x00007ffc25d14000 	C:\WINDOWS\SYSTEM32\DBGHELP.DLL
0x00007ffc20360000 - 0x00007ffc20394000 	C:\WINDOWS\SYSTEM32\dbgcore.DLL
0x00007ffc2c6d0000 - 0x00007ffc2c752000 	C:\WINDOWS\System32\bcryptPrimitives.dll
0x00007ffc1d300000 - 0x00007ffc1d325000 	C:\Program Files\Android\Android Studio\jbr\bin\java.dll
0x00007ffc1d010000 - 0x00007ffc1d028000 	C:\Program Files\Android\Android Studio\jbr\bin\zip.dll
0x00007ffc2d5a0000 - 0x00007ffc2dce4000 	C:\WINDOWS\System32\SHELL32.dll
0x00007ffc2a550000 - 0x00007ffc2ace3000 	C:\WINDOWS\SYSTEM32\windows.storage.dll
0x00007ffc2e550000 - 0x00007ffc2e8a4000 	C:\WINDOWS\System32\combase.dll
0x00007ffc2be00000 - 0x00007ffc2be2e000 	C:\WINDOWS\SYSTEM32\Wldp.dll
0x00007ffc2dfd0000 - 0x00007ffc2e07d000 	C:\WINDOWS\System32\SHCORE.dll
0x00007ffc2e9b0000 - 0x00007ffc2ea05000 	C:\WINDOWS\System32\shlwapi.dll
0x00007ffc2c3c0000 - 0x00007ffc2c3e5000 	C:\WINDOWS\SYSTEM32\profapi.dll
0x00007ffc12930000 - 0x00007ffc12949000 	C:\Program Files\Android\Android Studio\jbr\bin\net.dll
0x00007ffc25a20000 - 0x00007ffc25b2a000 	C:\WINDOWS\SYSTEM32\WINHTTP.dll
0x00007ffc2bb60000 - 0x00007ffc2bbca000 	C:\WINDOWS\system32\mswsock.dll
0x00007ffc0fca0000 - 0x00007ffc0fcb6000 	C:\Program Files\Android\Android Studio\jbr\bin\nio.dll
0x00007ffc28020000 - 0x00007ffc28030000 	C:\Program Files\Android\Android Studio\jbr\bin\verify.dll
0x00007ffc0aff0000 - 0x00007ffc0b017000 	C:\Users\Pichau\.gradle\native\68d5fa5c4cc2d200863cafc0d521ce42e7d3e7ee720ec0a83991735586a16f82\windows-amd64\native-platform.dll
0x00007ffbf9f60000 - 0x00007ffbfa0a4000 	C:\Users\Pichau\.gradle\native\e376f236ea51e6404a007f0833ffe2c6e607c4080706a723a18a27aeea778392\windows-amd64\native-platform-file-events.dll
0x00007ffc27fd0000 - 0x00007ffc27fd9000 	C:\Program Files\Android\Android Studio\jbr\bin\management.dll
0x00007ffc21470000 - 0x00007ffc2147b000 	C:\Program Files\Android\Android Studio\jbr\bin\management_ext.dll
0x00007ffc2e930000 - 0x00007ffc2e938000 	C:\WINDOWS\System32\PSAPI.DLL
0x00007ffc2bd50000 - 0x00007ffc2bd68000 	C:\WINDOWS\SYSTEM32\CRYPTSP.dll
0x00007ffc2b470000 - 0x00007ffc2b4a4000 	C:\WINDOWS\system32\rsaenh.dll
0x00007ffc2cde0000 - 0x00007ffc2ce07000 	C:\WINDOWS\System32\bcrypt.dll
0x00007ffc2c340000 - 0x00007ffc2c36e000 	C:\WINDOWS\SYSTEM32\USERENV.dll
0x00007ffc2bd70000 - 0x00007ffc2bd7c000 	C:\WINDOWS\SYSTEM32\CRYPTBASE.dll
0x00007ffc2b850000 - 0x00007ffc2b88b000 	C:\WINDOWS\SYSTEM32\IPHLPAPI.DLL
0x00007ffc2e080000 - 0x00007ffc2e088000 	C:\WINDOWS\System32\NSI.dll
0x00007ffc269b0000 - 0x00007ffc269c7000 	C:\WINDOWS\SYSTEM32\dhcpcsvc6.DLL
0x00007ffc26990000 - 0x00007ffc269ad000 	C:\WINDOWS\SYSTEM32\dhcpcsvc.DLL
0x00007ffc2b890000 - 0x00007ffc2b95a000 	C:\WINDOWS\SYSTEM32\DNSAPI.dll
0x00007ffc12920000 - 0x00007ffc12927000 	C:\WINDOWS\system32\wshunix.dll

dbghelp: loaded successfully - version: 4.0.5 - missing functions: none
symbol engine: initialized successfully - sym options: 0x614 - pdb path: .;C:\Program Files\Android\Android Studio\jbr\bin;C:\WINDOWS\SYSTEM32;C:\WINDOWS\WinSxS\amd64_microsoft.windows.common-controls_6595b64144ccf1df_6.0.19041.1110_none_60b5254171f9507e;C:\Program Files\Android\Android Studio\jbr\bin\server;C:\Users\Pichau\.gradle\native\68d5fa5c4cc2d200863cafc0d521ce42e7d3e7ee720ec0a83991735586a16f82\windows-amd64;C:\Users\Pichau\.gradle\native\e376f236ea51e6404a007f0833ffe2c6e607c4080706a723a18a27aeea778392\windows-amd64

VM Arguments:
jvm_args: --add-opens=java.base/java.util=ALL-UNNAMED --add-opens=java.base/java.lang=ALL-UNNAMED --add-opens=java.base/java.lang.invoke=ALL-UNNAMED --add-opens=java.prefs/java.util.prefs=ALL-UNNAMED --add-opens=java.base/java.nio.charset=ALL-UNNAMED --add-opens=java.base/java.net=ALL-UNNAMED --add-opens=java.base/java.util.concurrent.atomic=ALL-UNNAMED -Xmx2048m -Dfile.encoding=UTF-8 -Duser.country=BR -Duser.language=pt -Duser.variant 
java_command: org.gradle.launcher.daemon.bootstrap.GradleDaemon 8.0
java_class_path (initial): C:\Users\Pichau\.gradle\wrapper\dists\gradle-8.0-bin\ca5e32bp14vu59qr306oxotwh\gradle-8.0\lib\gradle-launcher-8.0.jar
Launcher Type: SUN_STANDARD

[Global flags]
     intx CICompilerCount                          = 3                                         {product} {ergonomic}
     uint ConcGCThreads                            = 1                                         {product} {ergonomic}
     uint G1ConcRefinementThreads                  = 4                                         {product} {ergonomic}
   size_t G1HeapRegionSize                         = 1048576                                   {product} {ergonomic}
    uintx GCDrainStackTargetSize                   = 64                                        {product} {ergonomic}
   size_t InitialHeapSize                          = 234881024                                 {product} {ergonomic}
   size_t MarkStackSize                            = 4194304                                   {product} {ergonomic}
   size_t MaxHeapSize                              = 2147483648                                {product} {command line}
   size_t MaxNewSize                               = 1287651328                                {product} {ergonomic}
   size_t MinHeapDeltaBytes                        = 1048576                                   {product} {ergonomic}
   size_t MinHeapSize                              = 8388608                                   {product} {ergonomic}
    uintx NonNMethodCodeHeapSize                   = 5832780                                {pd product} {ergonomic}
    uintx NonProfiledCodeHeapSize                  = 122912730                              {pd product} {ergonomic}
    uintx ProfiledCodeHeapSize                     = 122912730                              {pd product} {ergonomic}
    uintx ReservedCodeCacheSize                    = 251658240                              {pd product} {ergonomic}
     bool SegmentedCodeCache                       = true                                      {product} {ergonomic}
   size_t SoftMaxHeapSize                          = 2147483648                             {manageable} {ergonomic}
     bool UseCompressedClassPointers               = true                           {product lp64_product} {ergonomic}
     bool UseCompressedOops                        = true                           {product lp64_product} {ergonomic}
     bool UseG1GC                                  = true                                      {product} {ergonomic}
     bool UseLargePagesIndividualAllocation        = false                                  {pd product} {ergonomic}

Logging:
Log output configuration:
 #0: stdout all=warning uptime,level,tags
 #1: stderr all=off uptime,level,tags

Environment Variables:
PATH=C:\WINDOWS\system32;C:\WINDOWS;C:\WINDOWS\System32\Wbem;C:\WINDOWS\System32\WindowsPowerShell\v1.0\;C:\WINDOWS\System32\OpenSSH\;C:\Program Files\Microsoft SQL Server\150\Tools\Binn\;C:\Program Files\Microsoft SQL Server\Client SDK\ODBC\170\Tools\Binn\;C:\Program Files\dotnet\;C:\Program Files\Microsoft SQL Server\Client SDK\ODBC\110\Tools\Binn\;C:\Program Files (x86)\Microsoft SQL Server\120\Tools\Binn\;C:\Program Files\Microsoft SQL Server\120\Tools\Binn\;C:\Program Files\Microsoft SQL Server\120\DTS\Binn\;C:\Program Files (x86)\Microsoft SQL Server\120\Tools\Binn\ManagementStudio\;C:\Program Files (x86)\Microsoft SQL Server\120\DTS\Binn\;C:\Users\Pichau\AppData\Local\Microsoft\WindowsApps;;C:\Users\Pichau\AppData\Local\Programs\Microsoft VS Code\bin;C:\Users\Pichau\.dotnet\tools
USERNAME=Tho
OS=Windows_NT
PROCESSOR_IDENTIFIER=AMD64 Family 23 Model 17 Stepping 0, AuthenticAMD
TMP=C:\Users\Pichau\AppData\Local\Temp
TEMP=C:\Users\Pichau\AppData\Local\Temp


JNI global refs:
JNI global refs: 27, weak refs: 0

JNI global refs memory usage: 843, weak refs: 841


---------------  S Y S T E M  ---------------

OS:
 Windows 10 , 64 bit Build 19041 (10.0.19041.3155)
OS uptime: 0 days 6:22 hours

CPU: total 4 (initial active 4) (4 cores per cpu, 1 threads per core) family 23 model 17 stepping 0 microcode 0x0, cx8, cmov, fxsr, mmx, 3dnowpref, sse, sse2, sse3, ssse3, sse4a, sse4.1, sse4.2, popcnt, lzcnt, tsc, tscinvbit, avx, avx2, aes, clmul, bmi1, bmi2, adx, sha, fma, vzeroupper, clflush, clflushopt

Memory: 4k page, system-wide physical 14264M (3109M free)
TotalPageFile size 14264M (AvailPageFile size 128M)
current process WorkingSet (physical memory assigned to process): 521M, peak: 527M
current process commit charge ("private bytes"): 561M, peak: 772M

vm_info: OpenJDK 64-Bit Server VM (17.0.6+0-b2043.56-10027231) for windows-amd64 JRE (17.0.6+0-b2043.56-10027231), built on Apr 28 2023 00:43:19 by "androidbuild" with MS VC++ 16.10 / 16.11 (VS2019)

END.
