#
# There is insufficient memory for the Java Runtime Environment to continue.
# Native memory allocation (mmap) failed to map 231735296 bytes for G1 virtual space
# Possible reasons:
#   The system is out of physical RAM or swap space
#   The process is running with CompressedOops enabled, and the Java Heap may be blocking the growth of the native heap
# Possible solutions:
#   Reduce memory load on the system
#   Increase physical memory or swap space
#   Check if swap backing store is full
#   Decrease Java heap size (-Xmx/-Xms)
#   Decrease number of Java threads
#   Decrease Java thread stack sizes (-Xss)
#   Set larger code cache with -XX:ReservedCodeCacheSize=
#   JVM is running with Unscaled Compressed Oops mode in which the Java heap is
#     placed in the first 4GB address space. The Java Heap base address is the
#     maximum limit for the native heap growth. Please use -XX:HeapBaseMinAddress
#     to set the Java Heap base and to place the Java Heap above 4GB virtual address.
# This output file may be truncated or incomplete.
#
#  Out of Memory Error (os_windows.cpp:3769), pid=3712, tid=9464
#
# JRE version: OpenJDK Runtime Environment (17.0.6) (build 17.0.6+0-b2043.56-10027231)
# Java VM: OpenJDK 64-Bit Server VM (17.0.6+0-b2043.56-10027231, mixed mode, tiered, compressed oops, compressed class ptrs, g1 gc, windows-amd64)
# No core dump will be written. Minidumps are not enabled by default on client versions of Windows
#

---------------  S U M M A R Y ------------

Command Line: --add-opens=java.base/java.util=ALL-UNNAMED --add-opens=java.base/java.lang=ALL-UNNAMED --add-opens=java.base/java.lang.invoke=ALL-UNNAMED --add-opens=java.prefs/java.util.prefs=ALL-UNNAMED --add-opens=java.base/java.nio.charset=ALL-UNNAMED --add-opens=java.base/java.net=ALL-UNNAMED --add-opens=java.base/java.util.concurrent.atomic=ALL-UNNAMED -Xmx2048m -Dfile.encoding=UTF-8 -Duser.country=BR -Duser.language=pt -Duser.variant org.gradle.launcher.daemon.bootstrap.GradleDaemon 8.0

Host: AMD Ryzen 3 2200G with Radeon Vega Graphics    , 4 cores, 13G,  Windows 10 , 64 bit Build 19041 (10.0.19041.3155)
Time: Sun Aug 27 15:56:16 2023 Hora oficial do Brasil elapsed time: 17.250792 seconds (0d 0h 0m 17s)

---------------  T H R E A D  ---------------

Current thread (0x000002735d09eb00):  VMThread "VM Thread" [stack: 0x000000ebe5400000,0x000000ebe5500000] [id=9464]

Stack: [0x000000ebe5400000,0x000000ebe5500000]
Native frames: (J=compiled Java code, j=interpreted, Vv=VM code, C=native code)
V  [jvm.dll+0x683c9a]
V  [jvm.dll+0x8427a4]
V  [jvm.dll+0x843f9e]
V  [jvm.dll+0x844603]
V  [jvm.dll+0x249b75]
V  [jvm.dll+0x680b69]
V  [jvm.dll+0x67505a]
V  [jvm.dll+0x309acb]
V  [jvm.dll+0x310f86]
V  [jvm.dll+0x3608ee]
V  [jvm.dll+0x360b1f]
V  [jvm.dll+0x2dfbf8]
V  [jvm.dll+0x2ddec4]
V  [jvm.dll+0x2dd4cc]
V  [jvm.dll+0x321f3b]
V  [jvm.dll+0x848ccb]
V  [jvm.dll+0x849a04]
V  [jvm.dll+0x849f1d]
V  [jvm.dll+0x84a2f4]
V  [jvm.dll+0x84a3c0]
V  [jvm.dll+0x7f274a]
V  [jvm.dll+0x682ad5]
C  [ucrtbase.dll+0x21bb2]
C  [KERNEL32.DLL+0x17614]
C  [ntdll.dll+0x526b1]

VM_Operation (0x000000ebeb0fc660): G1CollectForAllocation, mode: safepoint, requested by thread 0x0000027362298f30


---------------  P R O C E S S  ---------------

Threads class SMR info:
_java_thread_list=0x0000027366780e40, length=94, elements={
0x0000027343a98d80, 0x000002735d07d090, 0x000002735d07ee20, 0x000002735dc35430,
0x000002735dc35ef0, 0x000002735dc47940, 0x000002735dc70220, 0x000002735dc79b50,
0x000002735dc7c920, 0x000002735dc7dc50, 0x000002735de10010, 0x000002735de12d10,
0x0000027360716c70, 0x000002735e8ecdd0, 0x000002735ebedfa0, 0x000002735ee55600,
0x000002735ef78320, 0x000002736007ea00, 0x000002735f02e970, 0x000002735ef59590,
0x000002735ef59a60, 0x000002735ef58250, 0x000002735ef58720, 0x000002735ef573e0,
0x000002735ef590c0, 0x000002735ef57d80, 0x000002735ef56f10, 0x000002735ef59f30,
0x000002735ef5a400, 0x000002735ef578b0, 0x0000027360b3b3c0, 0x0000027360b3f720,
0x0000027360b3df10, 0x0000027360b3e3e0, 0x0000027360b3bd60, 0x0000027360b3e8b0,
0x0000027360b40f30, 0x0000027360b3a080, 0x0000027360b3cbd0, 0x0000027360b3ed80,
0x0000027360b3f250, 0x0000027360b3a550, 0x0000027360b3aa20, 0x0000027360b3aef0,
0x0000027360b3b890, 0x0000027360b3c230, 0x0000027360b3d0a0, 0x0000027360b3d570,
0x0000027360b3da40, 0x0000027361e2d4b0, 0x0000027361e321b0, 0x0000027361e2f660,
0x0000027361e339c0, 0x0000027361e33020, 0x0000027361e33e90, 0x0000027361e2de50,
0x0000027361e32680, 0x0000027361e32b50, 0x0000027361e30e70, 0x0000027361e31340,
0x0000027361e2e7f0, 0x0000027361e2e320, 0x0000027361e2fb30, 0x0000027361e2ecc0,
0x0000027361e2f190, 0x0000027361e34830, 0x0000027361e2cfe0, 0x0000027361e30000,
0x0000027361e31ce0, 0x0000027361e304d0, 0x0000027361e309a0, 0x0000027361e334f0,
0x0000027361e31810, 0x0000027361e34360, 0x0000027361e2d980, 0x0000027361f82950,
0x0000027361f807a0, 0x0000027361f7f930, 0x0000027361f7f460, 0x0000027361f7fe00,
0x0000027361f81fb0, 0x0000027361f7d2b0, 0x0000027361f82480, 0x0000027361f7e120,
0x0000027361f7c910, 0x0000027361f81610, 0x0000027362353220, 0x0000027362298f30,
0x0000027360ccc0e0, 0x0000027361f7cde0, 0x0000027360ccd420, 0x0000027360ccc5b0,
0x0000027365a77550, 0x0000027365a78890
}

Java Threads: ( => current thread )
  0x0000027343a98d80 JavaThread "main" [_thread_blocked, id=10216, stack(0x000000ebe4e00000,0x000000ebe4f00000)]
  0x000002735d07d090 JavaThread "Reference Handler" daemon [_thread_blocked, id=8324, stack(0x000000ebe5500000,0x000000ebe5600000)]
  0x000002735d07ee20 JavaThread "Finalizer" daemon [_thread_blocked, id=1588, stack(0x000000ebe5600000,0x000000ebe5700000)]
  0x000002735dc35430 JavaThread "Signal Dispatcher" daemon [_thread_blocked, id=5568, stack(0x000000ebe5700000,0x000000ebe5800000)]
  0x000002735dc35ef0 JavaThread "Attach Listener" daemon [_thread_blocked, id=6652, stack(0x000000ebe5800000,0x000000ebe5900000)]
  0x000002735dc47940 JavaThread "Service Thread" daemon [_thread_blocked, id=9296, stack(0x000000ebe5900000,0x000000ebe5a00000)]
  0x000002735dc70220 JavaThread "Monitor Deflation Thread" daemon [_thread_blocked, id=5576, stack(0x000000ebe5a00000,0x000000ebe5b00000)]
  0x000002735dc79b50 JavaThread "C2 CompilerThread0" daemon [_thread_blocked, id=8144, stack(0x000000ebe5b00000,0x000000ebe5c00000)]
  0x000002735dc7c920 JavaThread "C1 CompilerThread0" daemon [_thread_blocked, id=5572, stack(0x000000ebe5c00000,0x000000ebe5d00000)]
  0x000002735dc7dc50 JavaThread "Sweeper thread" daemon [_thread_blocked, id=3280, stack(0x000000ebe5d00000,0x000000ebe5e00000)]
  0x000002735de10010 JavaThread "Common-Cleaner" daemon [_thread_blocked, id=4284, stack(0x000000ebe5e00000,0x000000ebe5f00000)]
  0x000002735de12d10 JavaThread "Notification Thread" daemon [_thread_blocked, id=7248, stack(0x000000ebe5f00000,0x000000ebe6000000)]
  0x0000027360716c70 JavaThread "Daemon health stats" [_thread_blocked, id=1488, stack(0x000000ebe6500000,0x000000ebe6600000)]
  0x000002735e8ecdd0 JavaThread "Incoming local TCP Connector on port 53480" [_thread_in_native, id=9724, stack(0x000000ebe6600000,0x000000ebe6700000)]
  0x000002735ebedfa0 JavaThread "Daemon periodic checks" [_thread_blocked, id=5920, stack(0x000000ebe6700000,0x000000ebe6800000)]
  0x000002735ee55600 JavaThread "Daemon" [_thread_blocked, id=5888, stack(0x000000ebe6800000,0x000000ebe6900000)]
  0x000002735ef78320 JavaThread "Handler for socket connection from /127.0.0.1:53480 to /127.0.0.1:53481" [_thread_in_native, id=1368, stack(0x000000ebe6900000,0x000000ebe6a00000)]
  0x000002736007ea00 JavaThread "Cancel handler" [_thread_blocked, id=6056, stack(0x000000ebe6a00000,0x000000ebe6b00000)]
  0x000002735f02e970 JavaThread "Daemon worker" [_thread_blocked, id=6036, stack(0x000000ebe6b00000,0x000000ebe6c00000)]
  0x000002735ef59590 JavaThread "Asynchronous log dispatcher for DefaultDaemonConnection: socket connection from /127.0.0.1:53480 to /127.0.0.1:53481" [_thread_blocked, id=2288, stack(0x000000ebe6c00000,0x000000ebe6d00000)]
  0x000002735ef59a60 JavaThread "Stdin handler" [_thread_blocked, id=5984, stack(0x000000ebe6d00000,0x000000ebe6e00000)]
  0x000002735ef58250 JavaThread "Daemon client event forwarder" [_thread_blocked, id=9892, stack(0x000000ebe6e00000,0x000000ebe6f00000)]
  0x000002735ef58720 JavaThread "Cache worker for journal cache (C:\Users\Pichau\.gradle\caches\journal-1)" [_thread_blocked, id=2740, stack(0x000000ebe6f00000,0x000000ebe7000000)]
  0x000002735ef573e0 JavaThread "File lock request listener" [_thread_in_native, id=4808, stack(0x000000ebe7000000,0x000000ebe7100000)]
  0x000002735ef590c0 JavaThread "Cache worker for file hash cache (C:\Users\Pichau\.gradle\caches\8.0\fileHashes)" [_thread_blocked, id=1276, stack(0x000000ebe7100000,0x000000ebe7200000)]
  0x000002735ef57d80 JavaThread "File watcher server" daemon [_thread_blocked, id=9060, stack(0x000000ebe7200000,0x000000ebe7300000)]
  0x000002735ef56f10 JavaThread "File watcher consumer" daemon [_thread_blocked, id=10636, stack(0x000000ebe7300000,0x000000ebe7400000)]
  0x000002735ef59f30 JavaThread "Cache worker for checksums cache (C:\Users\Pichau\AndroidStudioProjects\Tcc_funcionario\.gradle\8.0\checksums)" [_thread_blocked, id=7660, stack(0x000000ebe7400000,0x000000ebe7500000)]
  0x000002735ef5a400 JavaThread "Cache worker for cache directory md-rule (C:\Users\Pichau\.gradle\caches\8.0\md-rule)" [_thread_blocked, id=5132, stack(0x000000ebe7500000,0x000000ebe7600000)]
  0x000002735ef578b0 JavaThread "Cache worker for file content cache (C:\Users\Pichau\.gradle\caches\8.0\fileContent)" [_thread_blocked, id=5700, stack(0x000000ebe7600000,0x000000ebe7700000)]
  0x0000027360b3b3c0 JavaThread "Cache worker for file hash cache (C:\Users\Pichau\AndroidStudioProjects\Tcc_funcionario\.gradle\8.0\fileHashes)" [_thread_blocked, id=9856, stack(0x000000ebe7700000,0x000000ebe7800000)]
  0x0000027360b3f720 JavaThread "Cache worker for cache directory md-supplier (C:\Users\Pichau\.gradle\caches\8.0\md-supplier)" [_thread_blocked, id=10568, stack(0x000000ebe7800000,0x000000ebe7900000)]
  0x0000027360b3df10 JavaThread "Cache worker for execution history cache (C:\Users\Pichau\.gradle\caches\8.0\executionHistory)" [_thread_blocked, id=8996, stack(0x000000ebe6100000,0x000000ebe6200000)]
  0x0000027360b3e3e0 JavaThread "jar transforms" [_thread_blocked, id=4496, stack(0x000000ebe7900000,0x000000ebe7a00000)]
  0x0000027360b3bd60 JavaThread "jar transforms Thread 2" [_thread_blocked, id=1040, stack(0x000000ebe7b00000,0x000000ebe7c00000)]
  0x0000027360b3e8b0 JavaThread "jar transforms Thread 3" [_thread_blocked, id=9720, stack(0x000000ebe7d00000,0x000000ebe7e00000)]
  0x0000027360b40f30 JavaThread "jar transforms Thread 4" [_thread_blocked, id=1388, stack(0x000000ebe7e00000,0x000000ebe7f00000)]
  0x0000027360b3a080 JavaThread "Cache worker for dependencies-accessors (C:\Users\Pichau\AndroidStudioProjects\Tcc_funcionario\.gradle\8.0\dependencies-accessors)" [_thread_blocked, id=5960, stack(0x000000ebe7f00000,0x000000ebe8000000)]
  0x0000027360b3cbd0 JavaThread "Cache worker for Build Output Cleanup Cache (C:\Users\Pichau\AndroidStudioProjects\Tcc_funcionario\.gradle\buildOutputCleanup)" [_thread_blocked, id=6048, stack(0x000000ebe8000000,0x000000ebe8100000)]
  0x0000027360b3ed80 JavaThread "Unconstrained build operations" [_thread_blocked, id=8280, stack(0x000000ebe8100000,0x000000ebe8200000)]
  0x0000027360b3f250 JavaThread "Unconstrained build operations Thread 2" [_thread_blocked, id=1964, stack(0x000000ebe8200000,0x000000ebe8300000)]
  0x0000027360b3a550 JavaThread "Unconstrained build operations Thread 3" [_thread_blocked, id=9884, stack(0x000000ebe8300000,0x000000ebe8400000)]
  0x0000027360b3aa20 JavaThread "Unconstrained build operations Thread 4" [_thread_blocked, id=6100, stack(0x000000ebe8400000,0x000000ebe8500000)]
  0x0000027360b3aef0 JavaThread "Unconstrained build operations Thread 5" [_thread_blocked, id=396, stack(0x000000ebe8500000,0x000000ebe8600000)]
  0x0000027360b3b890 JavaThread "Unconstrained build operations Thread 6" [_thread_blocked, id=8488, stack(0x000000ebe8600000,0x000000ebe8700000)]
  0x0000027360b3c230 JavaThread "Unconstrained build operations Thread 7" [_thread_blocked, id=6880, stack(0x000000ebe8700000,0x000000ebe8800000)]
  0x0000027360b3d0a0 JavaThread "Unconstrained build operations Thread 8" [_thread_blocked, id=6152, stack(0x000000ebe8800000,0x000000ebe8900000)]
  0x0000027360b3d570 JavaThread "Unconstrained build operations Thread 9" [_thread_blocked, id=6476, stack(0x000000ebe8900000,0x000000ebe8a00000)]
  0x0000027360b3da40 JavaThread "Unconstrained build operations Thread 10" [_thread_blocked, id=10564, stack(0x000000ebe8a00000,0x000000ebe8b00000)]
  0x0000027361e2d4b0 JavaThread "Unconstrained build operations Thread 11" [_thread_blocked, id=6052, stack(0x000000ebe8b00000,0x000000ebe8c00000)]
  0x0000027361e321b0 JavaThread "Unconstrained build operations Thread 12" [_thread_blocked, id=11048, stack(0x000000ebe8c00000,0x000000ebe8d00000)]
  0x0000027361e2f660 JavaThread "Unconstrained build operations Thread 13" [_thread_blocked, id=9348, stack(0x000000ebe8d00000,0x000000ebe8e00000)]
  0x0000027361e339c0 JavaThread "Unconstrained build operations Thread 14" [_thread_blocked, id=4276, stack(0x000000ebe8e00000,0x000000ebe8f00000)]
  0x0000027361e33020 JavaThread "Unconstrained build operations Thread 15" [_thread_blocked, id=10556, stack(0x000000ebe8f00000,0x000000ebe9000000)]
  0x0000027361e33e90 JavaThread "Unconstrained build operations Thread 16" [_thread_blocked, id=3052, stack(0x000000ebe9000000,0x000000ebe9100000)]
  0x0000027361e2de50 JavaThread "Unconstrained build operations Thread 17" [_thread_blocked, id=10536, stack(0x000000ebe9100000,0x000000ebe9200000)]
  0x0000027361e32680 JavaThread "Unconstrained build operations Thread 18" [_thread_blocked, id=11064, stack(0x000000ebe9200000,0x000000ebe9300000)]
  0x0000027361e32b50 JavaThread "Unconstrained build operations Thread 19" [_thread_blocked, id=7204, stack(0x000000ebe9300000,0x000000ebe9400000)]
  0x0000027361e30e70 JavaThread "Unconstrained build operations Thread 20" [_thread_blocked, id=7752, stack(0x000000ebe9400000,0x000000ebe9500000)]
  0x0000027361e31340 JavaThread "Unconstrained build operations Thread 21" [_thread_blocked, id=11084, stack(0x000000ebe9500000,0x000000ebe9600000)]
  0x0000027361e2e7f0 JavaThread "Unconstrained build operations Thread 22" [_thread_blocked, id=4620, stack(0x000000ebe9600000,0x000000ebe9700000)]
  0x0000027361e2e320 JavaThread "Unconstrained build operations Thread 23" [_thread_blocked, id=6316, stack(0x000000ebe9700000,0x000000ebe9800000)]
  0x0000027361e2fb30 JavaThread "Unconstrained build operations Thread 24" [_thread_blocked, id=9324, stack(0x000000ebe9800000,0x000000ebe9900000)]
  0x0000027361e2ecc0 JavaThread "Unconstrained build operations Thread 25" [_thread_blocked, id=8052, stack(0x000000ebe9900000,0x000000ebe9a00000)]
  0x0000027361e2f190 JavaThread "Unconstrained build operations Thread 26" [_thread_blocked, id=10260, stack(0x000000ebe9a00000,0x000000ebe9b00000)]
  0x0000027361e34830 JavaThread "Unconstrained build operations Thread 27" [_thread_blocked, id=1664, stack(0x000000ebe9b00000,0x000000ebe9c00000)]
  0x0000027361e2cfe0 JavaThread "Unconstrained build operations Thread 28" [_thread_blocked, id=8500, stack(0x000000ebe9c00000,0x000000ebe9d00000)]
  0x0000027361e30000 JavaThread "Unconstrained build operations Thread 29" [_thread_blocked, id=7252, stack(0x000000ebe9d00000,0x000000ebe9e00000)]
  0x0000027361e31ce0 JavaThread "Unconstrained build operations Thread 30" [_thread_blocked, id=3880, stack(0x000000ebe9e00000,0x000000ebe9f00000)]
  0x0000027361e304d0 JavaThread "Unconstrained build operations Thread 31" [_thread_blocked, id=9272, stack(0x000000ebe9f00000,0x000000ebea000000)]
  0x0000027361e309a0 JavaThread "Unconstrained build operations Thread 32" [_thread_blocked, id=4168, stack(0x000000ebea000000,0x000000ebea100000)]
  0x0000027361e334f0 JavaThread "Unconstrained build operations Thread 33" [_thread_blocked, id=1696, stack(0x000000ebea100000,0x000000ebea200000)]
  0x0000027361e31810 JavaThread "Unconstrained build operations Thread 34" [_thread_blocked, id=9708, stack(0x000000ebea200000,0x000000ebea300000)]
  0x0000027361e34360 JavaThread "Unconstrained build operations Thread 35" [_thread_blocked, id=8316, stack(0x000000ebea300000,0x000000ebea400000)]
  0x0000027361e2d980 JavaThread "Unconstrained build operations Thread 36" [_thread_blocked, id=6304, stack(0x000000ebea400000,0x000000ebea500000)]
  0x0000027361f82950 JavaThread "Unconstrained build operations Thread 37" [_thread_blocked, id=1256, stack(0x000000ebea500000,0x000000ebea600000)]
  0x0000027361f807a0 JavaThread "Unconstrained build operations Thread 38" [_thread_blocked, id=3152, stack(0x000000ebea600000,0x000000ebea700000)]
  0x0000027361f7f930 JavaThread "Unconstrained build operations Thread 39" [_thread_blocked, id=7904, stack(0x000000ebea700000,0x000000ebea800000)]
  0x0000027361f7f460 JavaThread "Unconstrained build operations Thread 40" [_thread_blocked, id=3796, stack(0x000000ebea800000,0x000000ebea900000)]
  0x0000027361f7fe00 JavaThread "build event listener" [_thread_blocked, id=2836, stack(0x000000ebea900000,0x000000ebeaa00000)]
  0x0000027361f81fb0 JavaThread "Memory manager" [_thread_blocked, id=4912, stack(0x000000ebeaa00000,0x000000ebeab00000)]
  0x0000027361f7d2b0 JavaThread "included builds" [_thread_blocked, id=9292, stack(0x000000ebeab00000,0x000000ebeac00000)]
  0x0000027361f82480 JavaThread "Execution worker" [_thread_blocked, id=10192, stack(0x000000ebeac00000,0x000000ebead00000)]
  0x0000027361f7e120 JavaThread "Execution worker Thread 2" [_thread_blocked, id=3232, stack(0x000000ebead00000,0x000000ebeae00000)]
  0x0000027361f7c910 JavaThread "Execution worker Thread 3" [_thread_blocked, id=8764, stack(0x000000ebeae00000,0x000000ebeaf00000)]
  0x0000027361f81610 JavaThread "Cache worker for execution history cache (C:\Users\Pichau\AndroidStudioProjects\Tcc_funcionario\.gradle\8.0\executionHistory)" [_thread_blocked, id=8768, stack(0x000000ebeaf00000,0x000000ebeb000000)]
  0x0000027362353220 JavaThread "C2 CompilerThread1" daemon [_thread_in_native, id=4148, stack(0x000000ebe7a00000,0x000000ebe7b00000)]
  0x0000027362298f30 JavaThread "WorkerExecutor Queue" [_thread_blocked, id=4872, stack(0x000000ebeb000000,0x000000ebeb100000)]
  0x0000027360ccc0e0 JavaThread "WorkerExecutor Queue Thread 2" [_thread_blocked, id=9252, stack(0x000000ebeb100000,0x000000ebeb200000)]
  0x0000027361f7cde0 JavaThread "WorkerExecutor Queue Thread 4" [_thread_blocked, id=5232, stack(0x000000ebeb300000,0x000000ebeb400000)]
  0x0000027360ccd420 JavaThread "WorkerExecutor Queue Thread 5" [_thread_blocked, id=8176, stack(0x000000ebeb400000,0x000000ebeb500000)]
  0x0000027360ccc5b0 JavaThread "pool-3-thread-1" [_thread_blocked, id=5056, stack(0x000000ebeb500000,0x000000ebeb600000)]
  0x0000027365a77550 JavaThread "stderr" [_thread_in_native, id=1880, stack(0x000000ebeb600000,0x000000ebeb700000)]
  0x0000027365a78890 JavaThread "stdout" [_thread_in_native, id=9276, stack(0x000000ebeb700000,0x000000ebeb800000)]

Other Threads:
=>0x000002735d09eb00 VMThread "VM Thread" [stack: 0x000000ebe5400000,0x000000ebe5500000] [id=9464]
  0x000002735dc24d40 WatcherThread [stack: 0x000000ebe6000000,0x000000ebe6100000] [id=4188]
  0x0000027343af73f0 GCTaskThread "GC Thread#0" [stack: 0x000000ebe4f00000,0x000000ebe5000000] [id=9084]
  0x000002735e4f5ee0 GCTaskThread "GC Thread#1" [stack: 0x000000ebe6200000,0x000000ebe6300000] [id=8272]
  0x000002735dede550 GCTaskThread "GC Thread#2" [stack: 0x000000ebe6300000,0x000000ebe6400000] [id=2576]
  0x000002735e04b4a0 GCTaskThread "GC Thread#3" [stack: 0x000000ebe6400000,0x000000ebe6500000] [id=9328]
  0x0000027343b08850 ConcurrentGCThread "G1 Main Marker" [stack: 0x000000ebe5000000,0x000000ebe5100000] [id=8412]
  0x0000027343b09910 ConcurrentGCThread "G1 Conc#0" [stack: 0x000000ebe5100000,0x000000ebe5200000] [id=5956]
  0x0000027343b6d8f0 ConcurrentGCThread "G1 Refine#0" [stack: 0x000000ebe5200000,0x000000ebe5300000] [id=2040]
  0x0000027360ac09b0 ConcurrentGCThread "G1 Refine#1" [stack: 0x000000ebe7c00000,0x000000ebe7d00000] [id=668]
  0x0000027343b6e220 ConcurrentGCThread "G1 Service" [stack: 0x000000ebe5300000,0x000000ebe5400000] [id=1400]

Threads with active compile tasks:
C2 CompilerThread0    17272 14760 %     4       com.android.tools.r8.ir.regalloc.b::c @ 2110 (4041 bytes)
C2 CompilerThread1    17272 14481       4       com.android.tools.r8.internal.V7::a (316 bytes)

VM state: at safepoint (normal execution)

VM Mutex/Monitor currently owned by a thread:  ([mutex/lock_event])
[0x0000027343a94af0] Threads_lock - owner thread: 0x000002735d09eb00
[0x0000027343a95090] Heap_lock - owner thread: 0x0000027362298f30

Heap address: 0x0000000080000000, size: 2048 MB, Compressed Oops mode: 32-bit

CDS archive(s) not mapped
Compressed class space mapped at: 0x0000000100000000-0x0000000140000000, reserved size: 1073741824
Narrow klass base: 0x0000000000000000, Narrow klass shift: 3, Narrow klass range: 0x140000000

GC Precious Log:
 CPUs: 4 total, 4 available
 Memory: 14264M
 Large Page Support: Disabled
 NUMA Support: Disabled
 Compressed Oops: Enabled (32-bit)
 Heap Region Size: 1M
 Heap Min Capacity: 8M
 Heap Initial Capacity: 224M
 Heap Max Capacity: 2G
 Pre-touch: Disabled
 Parallel Workers: 4
 Concurrent Workers: 1
 Concurrent Refinement Workers: 4
 Periodic GC: Disabled

Heap:
 garbage-first heap   total 229376K, used 103282K [0x0000000080000000, 0x0000000100000000)
  region size 1024K, 1 young (1024K), 1 survivors (1024K)
 Metaspace       used 108035K, committed 108736K, reserved 1146880K
  class space    used 14633K, committed 14976K, reserved 1048576K

Heap Regions: E=young(eden), S=young(survivor), O=old, HS=humongous(starts), HC=humongous(continues), CS=collection set, F=free, OA=open archive, CA=closed archive, TAMS=top-at-mark-start (previous, next)
|   0|0x0000000080000000, 0x0000000080100000, 0x0000000080100000|100%| O|  |TAMS 0x0000000080100000, 0x0000000080000000| Untracked 
|   1|0x0000000080100000, 0x0000000080200000, 0x0000000080200000|100%| O|  |TAMS 0x0000000080200000, 0x0000000080100000| Untracked 
|   2|0x0000000080200000, 0x0000000080300000, 0x0000000080300000|100%|HS|  |TAMS 0x0000000080300000, 0x0000000080200000| Complete 
|   3|0x0000000080300000, 0x0000000080400000, 0x0000000080400000|100%|HC|  |TAMS 0x0000000080400000, 0x0000000080300000| Complete 
|   4|0x0000000080400000, 0x0000000080500000, 0x0000000080500000|100%|HC|  |TAMS 0x0000000080500000, 0x0000000080400000| Complete 
|   5|0x0000000080500000, 0x0000000080600000, 0x0000000080600000|100%|HC|  |TAMS 0x0000000080600000, 0x0000000080500000| Complete 
|   6|0x0000000080600000, 0x0000000080700000, 0x0000000080700000|100%| O|  |TAMS 0x0000000080700000, 0x0000000080600000| Untracked 
|   7|0x0000000080700000, 0x0000000080800000, 0x0000000080800000|100%| O|  |TAMS 0x0000000080800000, 0x0000000080700000| Untracked 
|   8|0x0000000080800000, 0x0000000080900000, 0x0000000080900000|100%| O|  |TAMS 0x0000000080900000, 0x0000000080800000| Untracked 
|   9|0x0000000080900000, 0x0000000080a00000, 0x0000000080a00000|100%| O|  |TAMS 0x0000000080a00000, 0x0000000080900000| Untracked 
|  10|0x0000000080a00000, 0x0000000080b00000, 0x0000000080b00000|100%| O|  |TAMS 0x0000000080b00000, 0x0000000080a00000| Untracked 
|  11|0x0000000080b00000, 0x0000000080c00000, 0x0000000080c00000|100%| O|  |TAMS 0x0000000080c00000, 0x0000000080b00000| Untracked 
|  12|0x0000000080c00000, 0x0000000080d00000, 0x0000000080d00000|100%| O|  |TAMS 0x0000000080d00000, 0x0000000080c00000| Untracked 
|  13|0x0000000080d00000, 0x0000000080e00000, 0x0000000080e00000|100%| O|  |TAMS 0x0000000080e00000, 0x0000000080d00000| Untracked 
|  14|0x0000000080e00000, 0x0000000080f00000, 0x0000000080f00000|100%| O|  |TAMS 0x0000000080f00000, 0x0000000080e00000| Untracked 
|  15|0x0000000080f00000, 0x0000000081000000, 0x0000000081000000|100%| O|  |TAMS 0x0000000081000000, 0x0000000080f00000| Untracked 
|  16|0x0000000081000000, 0x0000000081100000, 0x0000000081100000|100%| O|  |TAMS 0x0000000081100000, 0x0000000081000000| Untracked 
|  17|0x0000000081100000, 0x0000000081200000, 0x0000000081200000|100%| O|  |TAMS 0x0000000081200000, 0x0000000081100000| Untracked 
|  18|0x0000000081200000, 0x0000000081300000, 0x0000000081300000|100%| O|  |TAMS 0x0000000081300000, 0x0000000081200000| Untracked 
|  19|0x0000000081300000, 0x0000000081400000, 0x0000000081400000|100%| O|  |TAMS 0x0000000081400000, 0x0000000081300000| Untracked 
|  20|0x0000000081400000, 0x0000000081500000, 0x0000000081500000|100%| O|  |TAMS 0x0000000081500000, 0x0000000081400000| Untracked 
|  21|0x0000000081500000, 0x0000000081600000, 0x0000000081600000|100%| O|  |TAMS 0x0000000081600000, 0x0000000081500000| Untracked 
|  22|0x0000000081600000, 0x0000000081700000, 0x0000000081700000|100%| O|  |TAMS 0x0000000081700000, 0x0000000081600000| Untracked 
|  23|0x0000000081700000, 0x0000000081800000, 0x0000000081800000|100%| O|  |TAMS 0x0000000081800000, 0x0000000081700000| Untracked 
|  24|0x0000000081800000, 0x0000000081900000, 0x0000000081900000|100%| O|  |TAMS 0x0000000081900000, 0x0000000081800000| Untracked 
|  25|0x0000000081900000, 0x0000000081a00000, 0x0000000081a00000|100%| O|  |TAMS 0x0000000081a00000, 0x0000000081900000| Untracked 
|  26|0x0000000081a00000, 0x0000000081b00000, 0x0000000081b00000|100%| O|  |TAMS 0x0000000081b00000, 0x0000000081a00000| Untracked 
|  27|0x0000000081b00000, 0x0000000081c00000, 0x0000000081c00000|100%| O|  |TAMS 0x0000000081c00000, 0x0000000081b00000| Untracked 
|  28|0x0000000081c00000, 0x0000000081d00000, 0x0000000081d00000|100%| O|  |TAMS 0x0000000081d00000, 0x0000000081c00000| Untracked 
|  29|0x0000000081d00000, 0x0000000081e00000, 0x0000000081e00000|100%| O|  |TAMS 0x0000000081e00000, 0x0000000081d00000| Untracked 
|  30|0x0000000081e00000, 0x0000000081f00000, 0x0000000081f00000|100%| O|  |TAMS 0x0000000081f00000, 0x0000000081e00000| Untracked 
|  31|0x0000000081f00000, 0x0000000082000000, 0x0000000082000000|100%| O|  |TAMS 0x0000000082000000, 0x0000000081f00000| Untracked 
|  32|0x0000000082000000, 0x0000000082100000, 0x0000000082100000|100%|HS|  |TAMS 0x0000000082100000, 0x0000000082000000| Complete 
|  33|0x0000000082100000, 0x0000000082200000, 0x0000000082200000|100%|HS|  |TAMS 0x0000000082200000, 0x0000000082100000| Complete 
|  34|0x0000000082200000, 0x0000000082300000, 0x0000000082300000|100%| O|  |TAMS 0x0000000082300000, 0x0000000082200000| Untracked 
|  35|0x0000000082300000, 0x0000000082400000, 0x0000000082400000|100%| O|  |TAMS 0x0000000082400000, 0x0000000082300000| Untracked 
|  36|0x0000000082400000, 0x0000000082500000, 0x0000000082500000|100%| O|  |TAMS 0x0000000082500000, 0x0000000082400000| Untracked 
|  37|0x0000000082500000, 0x0000000082600000, 0x0000000082600000|100%| O|  |TAMS 0x0000000082600000, 0x0000000082500000| Untracked 
|  38|0x0000000082600000, 0x0000000082700000, 0x0000000082700000|100%| O|  |TAMS 0x0000000082700000, 0x0000000082600000| Untracked 
|  39|0x0000000082700000, 0x0000000082800000, 0x0000000082800000|100%| O|  |TAMS 0x0000000082800000, 0x0000000082700000| Untracked 
|  40|0x0000000082800000, 0x0000000082900000, 0x0000000082900000|100%| O|  |TAMS 0x0000000082800000, 0x0000000082800000| Untracked 
|  41|0x0000000082900000, 0x0000000082a00000, 0x0000000082a00000|100%| O|  |TAMS 0x0000000082a00000, 0x0000000082900000| Untracked 
|  42|0x0000000082a00000, 0x0000000082b00000, 0x0000000082b00000|100%| O|  |TAMS 0x0000000082b00000, 0x0000000082a00000| Untracked 
|  43|0x0000000082b00000, 0x0000000082b00000, 0x0000000082c00000|  0%| F|  |TAMS 0x0000000082b00000, 0x0000000082b00000| Untracked 
|  44|0x0000000082c00000, 0x0000000082c00000, 0x0000000082d00000|  0%| F|  |TAMS 0x0000000082c00000, 0x0000000082c00000| Untracked 
|  45|0x0000000082d00000, 0x0000000082e00000, 0x0000000082e00000|100%| O|  |TAMS 0x0000000082e00000, 0x0000000082d00000| Untracked 
|  46|0x0000000082e00000, 0x0000000082f00000, 0x0000000082f00000|100%| O|  |TAMS 0x0000000082f00000, 0x0000000082e00000| Untracked 
|  47|0x0000000082f00000, 0x0000000083000000, 0x0000000083000000|100%| O|  |TAMS 0x0000000083000000, 0x0000000082f00000| Untracked 
|  48|0x0000000083000000, 0x0000000083100000, 0x0000000083100000|100%| O|  |TAMS 0x0000000083100000, 0x0000000083000000| Untracked 
|  49|0x0000000083100000, 0x0000000083200000, 0x0000000083200000|100%| O|  |TAMS 0x0000000083200000, 0x0000000083100000| Untracked 
|  50|0x0000000083200000, 0x0000000083300000, 0x0000000083300000|100%| O|  |TAMS 0x0000000083300000, 0x0000000083200000| Untracked 
|  51|0x0000000083300000, 0x0000000083400000, 0x0000000083400000|100%| O|  |TAMS 0x0000000083400000, 0x0000000083300000| Untracked 
|  52|0x0000000083400000, 0x0000000083500000, 0x0000000083500000|100%| O|  |TAMS 0x0000000083500000, 0x0000000083400000| Untracked 
|  53|0x0000000083500000, 0x0000000083600000, 0x0000000083600000|100%| O|  |TAMS 0x0000000083600000, 0x0000000083500000| Untracked 
|  54|0x0000000083600000, 0x0000000083700000, 0x0000000083700000|100%| O|  |TAMS 0x0000000083700000, 0x0000000083600000| Untracked 
|  55|0x0000000083700000, 0x0000000083800000, 0x0000000083800000|100%| O|  |TAMS 0x0000000083800000, 0x0000000083700000| Untracked 
|  56|0x0000000083800000, 0x0000000083900000, 0x0000000083900000|100%| O|  |TAMS 0x0000000083900000, 0x0000000083800000| Untracked 
|  57|0x0000000083900000, 0x0000000083a00000, 0x0000000083a00000|100%| O|  |TAMS 0x0000000083a00000, 0x0000000083900000| Untracked 
|  58|0x0000000083a00000, 0x0000000083b00000, 0x0000000083b00000|100%| O|  |TAMS 0x0000000083b00000, 0x0000000083a00000| Untracked 
|  59|0x0000000083b00000, 0x0000000083c00000, 0x0000000083c00000|100%| O|  |TAMS 0x0000000083c00000, 0x0000000083b00000| Untracked 
|  60|0x0000000083c00000, 0x0000000083d00000, 0x0000000083d00000|100%| O|  |TAMS 0x0000000083d00000, 0x0000000083c00000| Untracked 
|  61|0x0000000083d00000, 0x0000000083e00000, 0x0000000083e00000|100%| O|  |TAMS 0x0000000083e00000, 0x0000000083d00000| Untracked 
|  62|0x0000000083e00000, 0x0000000083f00000, 0x0000000083f00000|100%| O|  |TAMS 0x0000000083f00000, 0x0000000083e00000| Untracked 
|  63|0x0000000083f00000, 0x0000000084000000, 0x0000000084000000|100%| O|  |TAMS 0x0000000084000000, 0x0000000083f00000| Untracked 
|  64|0x0000000084000000, 0x0000000084100000, 0x0000000084100000|100%| O|  |TAMS 0x0000000084100000, 0x0000000084000000| Untracked 
|  65|0x0000000084100000, 0x0000000084200000, 0x0000000084200000|100%| O|  |TAMS 0x0000000084200000, 0x0000000084100000| Untracked 
|  66|0x0000000084200000, 0x0000000084300000, 0x0000000084300000|100%| O|  |TAMS 0x0000000084300000, 0x0000000084200000| Untracked 
|  67|0x0000000084300000, 0x0000000084400000, 0x0000000084400000|100%| O|  |TAMS 0x0000000084400000, 0x0000000084300000| Untracked 
|  68|0x0000000084400000, 0x0000000084500000, 0x0000000084500000|100%| O|  |TAMS 0x0000000084500000, 0x0000000084400000| Untracked 
|  69|0x0000000084500000, 0x0000000084600000, 0x0000000084600000|100%| O|  |TAMS 0x0000000084600000, 0x0000000084500000| Untracked 
|  70|0x0000000084600000, 0x0000000084700000, 0x0000000084700000|100%| O|  |TAMS 0x0000000084700000, 0x0000000084600000| Untracked 
|  71|0x0000000084700000, 0x0000000084800000, 0x0000000084800000|100%| O|  |TAMS 0x0000000084800000, 0x0000000084700000| Untracked 
|  72|0x0000000084800000, 0x0000000084900000, 0x0000000084900000|100%| O|  |TAMS 0x0000000084900000, 0x0000000084800000| Untracked 
|  73|0x0000000084900000, 0x0000000084a00000, 0x0000000084a00000|100%| O|  |TAMS 0x0000000084a00000, 0x0000000084900000| Untracked 
|  74|0x0000000084a00000, 0x0000000084b00000, 0x0000000084b00000|100%| O|  |TAMS 0x0000000084b00000, 0x0000000084a00000| Untracked 
|  75|0x0000000084b00000, 0x0000000084c00000, 0x0000000084c00000|100%| O|  |TAMS 0x0000000084c00000, 0x0000000084b00000| Untracked 
|  76|0x0000000084c00000, 0x0000000084d00000, 0x0000000084d00000|100%| O|  |TAMS 0x0000000084d00000, 0x0000000084c00000| Untracked 
|  77|0x0000000084d00000, 0x0000000084e00000, 0x0000000084e00000|100%| O|  |TAMS 0x0000000084e00000, 0x0000000084d00000| Untracked 
|  78|0x0000000084e00000, 0x0000000084f00000, 0x0000000084f00000|100%| O|  |TAMS 0x0000000084f00000, 0x0000000084e00000| Untracked 
|  79|0x0000000084f00000, 0x0000000085000000, 0x0000000085000000|100%| O|  |TAMS 0x0000000085000000, 0x0000000084f00000| Untracked 
|  80|0x0000000085000000, 0x0000000085100000, 0x0000000085100000|100%| O|  |TAMS 0x0000000085100000, 0x0000000085000000| Untracked 
|  81|0x0000000085100000, 0x0000000085200000, 0x0000000085200000|100%| O|  |TAMS 0x0000000085200000, 0x0000000085100000| Untracked 
|  82|0x0000000085200000, 0x0000000085300000, 0x0000000085300000|100%| O|  |TAMS 0x0000000085200000, 0x0000000085200000| Untracked 
|  83|0x0000000085300000, 0x0000000085400000, 0x0000000085400000|100%| O|  |TAMS 0x0000000085400000, 0x0000000085300000| Untracked 
|  84|0x0000000085400000, 0x0000000085500000, 0x0000000085500000|100%| O|  |TAMS 0x0000000085500000, 0x0000000085400000| Untracked 
|  85|0x0000000085500000, 0x0000000085600000, 0x0000000085600000|100%| O|  |TAMS 0x0000000085600000, 0x0000000085500000| Untracked 
|  86|0x0000000085600000, 0x0000000085700000, 0x0000000085700000|100%| O|  |TAMS 0x0000000085700000, 0x0000000085600000| Untracked 
|  87|0x0000000085700000, 0x0000000085800000, 0x0000000085800000|100%| O|  |TAMS 0x0000000085800000, 0x0000000085700000| Untracked 
|  88|0x0000000085800000, 0x0000000085900000, 0x0000000085900000|100%| O|  |TAMS 0x0000000085900000, 0x0000000085800000| Untracked 
|  89|0x0000000085900000, 0x0000000085a00000, 0x0000000085a00000|100%| O|  |TAMS 0x0000000085a00000, 0x0000000085900000| Untracked 
|  90|0x0000000085a00000, 0x0000000085b00000, 0x0000000085b00000|100%| O|  |TAMS 0x0000000085b00000, 0x0000000085a00000| Untracked 
|  91|0x0000000085b00000, 0x0000000085c00000, 0x0000000085c00000|100%| O|  |TAMS 0x0000000085c00000, 0x0000000085b00000| Untracked 
|  92|0x0000000085c00000, 0x0000000085d00000, 0x0000000085d00000|100%| O|  |TAMS 0x0000000085d00000, 0x0000000085c00000| Untracked 
|  93|0x0000000085d00000, 0x0000000085e00000, 0x0000000085e00000|100%| O|  |TAMS 0x0000000085e00000, 0x0000000085d00000| Untracked 
|  94|0x0000000085e00000, 0x0000000085f00000, 0x0000000085f00000|100%| O|  |TAMS 0x0000000085f00000, 0x0000000085e00000| Untracked 
|  95|0x0000000085f00000, 0x0000000086000000, 0x0000000086000000|100%| O|  |TAMS 0x0000000086000000, 0x0000000085f00000| Untracked 
|  96|0x0000000086000000, 0x0000000086100000, 0x0000000086100000|100%| O|  |TAMS 0x0000000086100000, 0x0000000086000000| Untracked 
|  97|0x0000000086100000, 0x0000000086200000, 0x0000000086200000|100%| O|  |TAMS 0x0000000086200000, 0x0000000086100000| Untracked 
|  98|0x0000000086200000, 0x0000000086300000, 0x0000000086300000|100%| O|  |TAMS 0x0000000086300000, 0x0000000086200000| Untracked 
|  99|0x0000000086300000, 0x0000000086400000, 0x0000000086400000|100%| O|  |TAMS 0x0000000086400000, 0x0000000086300000| Untracked 
| 100|0x0000000086400000, 0x0000000086500000, 0x0000000086500000|100%| O|  |TAMS 0x000000008648b800, 0x0000000086400000| Untracked 
| 101|0x0000000086500000, 0x0000000086600000, 0x0000000086600000|100%| O|  |TAMS 0x0000000086500000, 0x0000000086500000| Untracked 
| 102|0x0000000086600000, 0x000000008666a000, 0x0000000086700000| 41%| O|  |TAMS 0x0000000086600000, 0x0000000086600000| Untracked 
| 103|0x0000000086700000, 0x0000000086700000, 0x0000000086800000|  0%| F|  |TAMS 0x0000000086700000, 0x0000000086700000| Untracked 
| 104|0x0000000086800000, 0x0000000086800000, 0x0000000086900000|  0%| F|  |TAMS 0x0000000086800000, 0x0000000086800000| Untracked 
| 105|0x0000000086900000, 0x0000000086900000, 0x0000000086a00000|  0%| F|  |TAMS 0x0000000086900000, 0x0000000086900000| Untracked 
| 106|0x0000000086a00000, 0x0000000086a00000, 0x0000000086b00000|  0%| F|  |TAMS 0x0000000086a00000, 0x0000000086a00000| Untracked 
| 107|0x0000000086b00000, 0x0000000086b00000, 0x0000000086c00000|  0%| F|  |TAMS 0x0000000086b00000, 0x0000000086b00000| Untracked 
| 108|0x0000000086c00000, 0x0000000086c00000, 0x0000000086d00000|  0%| F|  |TAMS 0x0000000086c00000, 0x0000000086c00000| Untracked 
| 109|0x0000000086d00000, 0x0000000086d00000, 0x0000000086e00000|  0%| F|  |TAMS 0x0000000086d00000, 0x0000000086d00000| Untracked 
| 110|0x0000000086e00000, 0x0000000086e00000, 0x0000000086f00000|  0%| F|  |TAMS 0x0000000086e00000, 0x0000000086e00000| Untracked 
| 111|0x0000000086f00000, 0x0000000086f00000, 0x0000000087000000|  0%| F|  |TAMS 0x0000000086f00000, 0x0000000086f00000| Untracked 
| 112|0x0000000087000000, 0x0000000087000000, 0x0000000087100000|  0%| F|  |TAMS 0x0000000087000000, 0x0000000087000000| Untracked 
| 113|0x0000000087100000, 0x0000000087100000, 0x0000000087200000|  0%| F|  |TAMS 0x0000000087100000, 0x0000000087100000| Untracked 
| 114|0x0000000087200000, 0x0000000087200000, 0x0000000087300000|  0%| F|  |TAMS 0x0000000087200000, 0x0000000087200000| Untracked 
| 115|0x0000000087300000, 0x0000000087300000, 0x0000000087400000|  0%| F|  |TAMS 0x0000000087300000, 0x0000000087300000| Untracked 
| 116|0x0000000087400000, 0x0000000087400000, 0x0000000087500000|  0%| F|  |TAMS 0x0000000087400000, 0x0000000087400000| Untracked 
| 117|0x0000000087500000, 0x0000000087500000, 0x0000000087600000|  0%| F|  |TAMS 0x0000000087500000, 0x0000000087500000| Untracked 
| 118|0x0000000087600000, 0x0000000087600000, 0x0000000087700000|  0%| F|  |TAMS 0x0000000087600000, 0x0000000087600000| Untracked 
| 119|0x0000000087700000, 0x0000000087700000, 0x0000000087800000|  0%| F|  |TAMS 0x0000000087700000, 0x0000000087700000| Untracked 
| 120|0x0000000087800000, 0x0000000087800000, 0x0000000087900000|  0%| F|  |TAMS 0x0000000087800000, 0x0000000087800000| Untracked 
| 121|0x0000000087900000, 0x0000000087900000, 0x0000000087a00000|  0%| F|  |TAMS 0x0000000087900000, 0x0000000087900000| Untracked 
| 122|0x0000000087a00000, 0x0000000087a00000, 0x0000000087b00000|  0%| F|  |TAMS 0x0000000087a00000, 0x0000000087a00000| Untracked 
| 123|0x0000000087b00000, 0x0000000087b00000, 0x0000000087c00000|  0%| F|  |TAMS 0x0000000087b00000, 0x0000000087b00000| Untracked 
| 124|0x0000000087c00000, 0x0000000087c00000, 0x0000000087d00000|  0%| F|  |TAMS 0x0000000087c00000, 0x0000000087c00000| Untracked 
| 125|0x0000000087d00000, 0x0000000087d00000, 0x0000000087e00000|  0%| F|  |TAMS 0x0000000087d00000, 0x0000000087d00000| Untracked 
| 126|0x0000000087e00000, 0x0000000087e00000, 0x0000000087f00000|  0%| F|  |TAMS 0x0000000087e00000, 0x0000000087e00000| Untracked 
| 127|0x0000000087f00000, 0x0000000087f00000, 0x0000000088000000|  0%| F|  |TAMS 0x0000000087f00000, 0x0000000087f00000| Untracked 
| 128|0x0000000088000000, 0x0000000088000000, 0x0000000088100000|  0%| F|  |TAMS 0x0000000088000000, 0x0000000088000000| Untracked 
| 129|0x0000000088100000, 0x0000000088100000, 0x0000000088200000|  0%| F|  |TAMS 0x0000000088100000, 0x0000000088100000| Untracked 
| 130|0x0000000088200000, 0x0000000088200000, 0x0000000088300000|  0%| F|  |TAMS 0x0000000088200000, 0x0000000088200000| Untracked 
| 131|0x0000000088300000, 0x0000000088300000, 0x0000000088400000|  0%| F|  |TAMS 0x0000000088300000, 0x0000000088300000| Untracked 
| 132|0x0000000088400000, 0x0000000088400000, 0x0000000088500000|  0%| F|  |TAMS 0x0000000088400000, 0x0000000088400000| Untracked 
| 133|0x0000000088500000, 0x0000000088572bf8, 0x0000000088600000| 44%| S|CS|TAMS 0x0000000088500000, 0x0000000088500000| Complete 
| 134|0x0000000088600000, 0x0000000088600000, 0x0000000088700000|  0%| F|  |TAMS 0x0000000088600000, 0x0000000088600000| Untracked 
| 135|0x0000000088700000, 0x0000000088700000, 0x0000000088800000|  0%| F|  |TAMS 0x0000000088700000, 0x0000000088700000| Untracked 
| 136|0x0000000088800000, 0x0000000088800000, 0x0000000088900000|  0%| F|  |TAMS 0x0000000088800000, 0x0000000088800000| Untracked 
| 137|0x0000000088900000, 0x0000000088900000, 0x0000000088a00000|  0%| F|  |TAMS 0x0000000088900000, 0x0000000088900000| Untracked 
| 138|0x0000000088a00000, 0x0000000088a00000, 0x0000000088b00000|  0%| F|  |TAMS 0x0000000088a00000, 0x0000000088a00000| Untracked 
| 139|0x0000000088b00000, 0x0000000088b00000, 0x0000000088c00000|  0%| F|  |TAMS 0x0000000088b00000, 0x0000000088b00000| Untracked 
| 140|0x0000000088c00000, 0x0000000088c00000, 0x0000000088d00000|  0%| F|  |TAMS 0x0000000088c00000, 0x0000000088c00000| Untracked 
| 141|0x0000000088d00000, 0x0000000088d00000, 0x0000000088e00000|  0%| F|  |TAMS 0x0000000088d00000, 0x0000000088d00000| Untracked 
| 142|0x0000000088e00000, 0x0000000088e00000, 0x0000000088f00000|  0%| F|  |TAMS 0x0000000088e00000, 0x0000000088e00000| Untracked 
| 143|0x0000000088f00000, 0x0000000088f00000, 0x0000000089000000|  0%| F|  |TAMS 0x0000000088f00000, 0x0000000088f00000| Untracked 
| 144|0x0000000089000000, 0x0000000089000000, 0x0000000089100000|  0%| F|  |TAMS 0x0000000089000000, 0x0000000089000000| Untracked 
| 145|0x0000000089100000, 0x0000000089100000, 0x0000000089200000|  0%| F|  |TAMS 0x0000000089100000, 0x0000000089100000| Untracked 
| 146|0x0000000089200000, 0x0000000089200000, 0x0000000089300000|  0%| F|  |TAMS 0x0000000089200000, 0x0000000089200000| Untracked 
| 147|0x0000000089300000, 0x0000000089300000, 0x0000000089400000|  0%| F|  |TAMS 0x0000000089300000, 0x0000000089300000| Untracked 
| 148|0x0000000089400000, 0x0000000089400000, 0x0000000089500000|  0%| F|  |TAMS 0x0000000089400000, 0x0000000089400000| Untracked 
| 149|0x0000000089500000, 0x0000000089500000, 0x0000000089600000|  0%| F|  |TAMS 0x0000000089500000, 0x0000000089500000| Untracked 
| 150|0x0000000089600000, 0x0000000089600000, 0x0000000089700000|  0%| F|  |TAMS 0x0000000089600000, 0x0000000089600000| Untracked 
| 151|0x0000000089700000, 0x0000000089700000, 0x0000000089800000|  0%| F|  |TAMS 0x0000000089700000, 0x0000000089700000| Untracked 
| 152|0x0000000089800000, 0x0000000089800000, 0x0000000089900000|  0%| F|  |TAMS 0x0000000089800000, 0x0000000089800000| Untracked 
| 153|0x0000000089900000, 0x0000000089900000, 0x0000000089a00000|  0%| F|  |TAMS 0x0000000089900000, 0x0000000089900000| Untracked 
| 154|0x0000000089a00000, 0x0000000089a00000, 0x0000000089b00000|  0%| F|  |TAMS 0x0000000089a00000, 0x0000000089a00000| Untracked 
| 155|0x0000000089b00000, 0x0000000089b00000, 0x0000000089c00000|  0%| F|  |TAMS 0x0000000089b00000, 0x0000000089b00000| Untracked 
| 156|0x0000000089c00000, 0x0000000089c00000, 0x0000000089d00000|  0%| F|  |TAMS 0x0000000089c00000, 0x0000000089c00000| Untracked 
| 157|0x0000000089d00000, 0x0000000089d00000, 0x0000000089e00000|  0%| F|  |TAMS 0x0000000089d00000, 0x0000000089d00000| Untracked 
| 158|0x0000000089e00000, 0x0000000089e00000, 0x0000000089f00000|  0%| F|  |TAMS 0x0000000089e00000, 0x0000000089e00000| Untracked 
| 159|0x0000000089f00000, 0x0000000089f00000, 0x000000008a000000|  0%| F|  |TAMS 0x0000000089f00000, 0x0000000089f00000| Untracked 
| 160|0x000000008a000000, 0x000000008a000000, 0x000000008a100000|  0%| F|  |TAMS 0x000000008a000000, 0x000000008a000000| Untracked 
| 161|0x000000008a100000, 0x000000008a100000, 0x000000008a200000|  0%| F|  |TAMS 0x000000008a100000, 0x000000008a100000| Untracked 
| 162|0x000000008a200000, 0x000000008a200000, 0x000000008a300000|  0%| F|  |TAMS 0x000000008a200000, 0x000000008a200000| Untracked 
| 163|0x000000008a300000, 0x000000008a300000, 0x000000008a400000|  0%| F|  |TAMS 0x000000008a300000, 0x000000008a300000| Untracked 
| 164|0x000000008a400000, 0x000000008a400000, 0x000000008a500000|  0%| F|  |TAMS 0x000000008a400000, 0x000000008a400000| Untracked 
| 165|0x000000008a500000, 0x000000008a500000, 0x000000008a600000|  0%| F|  |TAMS 0x000000008a500000, 0x000000008a500000| Untracked 
| 166|0x000000008a600000, 0x000000008a600000, 0x000000008a700000|  0%| F|  |TAMS 0x000000008a600000, 0x000000008a600000| Untracked 
| 167|0x000000008a700000, 0x000000008a700000, 0x000000008a800000|  0%| F|  |TAMS 0x000000008a700000, 0x000000008a700000| Untracked 
| 168|0x000000008a800000, 0x000000008a800000, 0x000000008a900000|  0%| F|  |TAMS 0x000000008a800000, 0x000000008a800000| Untracked 
| 169|0x000000008a900000, 0x000000008a900000, 0x000000008aa00000|  0%| F|  |TAMS 0x000000008a900000, 0x000000008a900000| Untracked 
| 170|0x000000008aa00000, 0x000000008aa00000, 0x000000008ab00000|  0%| F|  |TAMS 0x000000008aa00000, 0x000000008aa00000| Untracked 
| 171|0x000000008ab00000, 0x000000008ab00000, 0x000000008ac00000|  0%| F|  |TAMS 0x000000008ab00000, 0x000000008ab00000| Untracked 
| 172|0x000000008ac00000, 0x000000008ac00000, 0x000000008ad00000|  0%| F|  |TAMS 0x000000008ac00000, 0x000000008ac00000| Untracked 
| 173|0x000000008ad00000, 0x000000008ad00000, 0x000000008ae00000|  0%| F|  |TAMS 0x000000008ad00000, 0x000000008ad00000| Untracked 
| 174|0x000000008ae00000, 0x000000008ae00000, 0x000000008af00000|  0%| F|  |TAMS 0x000000008ae00000, 0x000000008ae00000| Untracked 
| 175|0x000000008af00000, 0x000000008af00000, 0x000000008b000000|  0%| F|  |TAMS 0x000000008af00000, 0x000000008af00000| Untracked 
| 176|0x000000008b000000, 0x000000008b000000, 0x000000008b100000|  0%| F|  |TAMS 0x000000008b000000, 0x000000008b000000| Untracked 
| 177|0x000000008b100000, 0x000000008b100000, 0x000000008b200000|  0%| F|  |TAMS 0x000000008b100000, 0x000000008b100000| Untracked 
| 178|0x000000008b200000, 0x000000008b200000, 0x000000008b300000|  0%| F|  |TAMS 0x000000008b200000, 0x000000008b200000| Untracked 
| 179|0x000000008b300000, 0x000000008b300000, 0x000000008b400000|  0%| F|  |TAMS 0x000000008b300000, 0x000000008b300000| Untracked 
| 180|0x000000008b400000, 0x000000008b400000, 0x000000008b500000|  0%| F|  |TAMS 0x000000008b400000, 0x000000008b400000| Untracked 
| 181|0x000000008b500000, 0x000000008b500000, 0x000000008b600000|  0%| F|  |TAMS 0x000000008b500000, 0x000000008b500000| Untracked 
| 182|0x000000008b600000, 0x000000008b600000, 0x000000008b700000|  0%| F|  |TAMS 0x000000008b600000, 0x000000008b600000| Untracked 
| 183|0x000000008b700000, 0x000000008b700000, 0x000000008b800000|  0%| F|  |TAMS 0x000000008b700000, 0x000000008b700000| Untracked 
| 184|0x000000008b800000, 0x000000008b800000, 0x000000008b900000|  0%| F|  |TAMS 0x000000008b800000, 0x000000008b800000| Untracked 
| 185|0x000000008b900000, 0x000000008b900000, 0x000000008ba00000|  0%| F|  |TAMS 0x000000008b900000, 0x000000008b900000| Untracked 
| 186|0x000000008ba00000, 0x000000008ba00000, 0x000000008bb00000|  0%| F|  |TAMS 0x000000008ba00000, 0x000000008ba00000| Untracked 
| 187|0x000000008bb00000, 0x000000008bb00000, 0x000000008bc00000|  0%| F|  |TAMS 0x000000008bb00000, 0x000000008bb00000| Untracked 
| 188|0x000000008bc00000, 0x000000008bc00000, 0x000000008bd00000|  0%| F|  |TAMS 0x000000008bc00000, 0x000000008bc00000| Untracked 
| 189|0x000000008bd00000, 0x000000008bd00000, 0x000000008be00000|  0%| F|  |TAMS 0x000000008bd00000, 0x000000008bd00000| Untracked 
| 190|0x000000008be00000, 0x000000008be00000, 0x000000008bf00000|  0%| F|  |TAMS 0x000000008be00000, 0x000000008be00000| Untracked 
| 191|0x000000008bf00000, 0x000000008bf00000, 0x000000008c000000|  0%| F|  |TAMS 0x000000008bf00000, 0x000000008bf00000| Untracked 
| 192|0x000000008c000000, 0x000000008c000000, 0x000000008c100000|  0%| F|  |TAMS 0x000000008c000000, 0x000000008c000000| Untracked 
| 193|0x000000008c100000, 0x000000008c100000, 0x000000008c200000|  0%| F|  |TAMS 0x000000008c100000, 0x000000008c100000| Untracked 
| 194|0x000000008c200000, 0x000000008c200000, 0x000000008c300000|  0%| F|  |TAMS 0x000000008c200000, 0x000000008c200000| Untracked 
| 195|0x000000008c300000, 0x000000008c300000, 0x000000008c400000|  0%| F|  |TAMS 0x000000008c300000, 0x000000008c300000| Untracked 
| 196|0x000000008c400000, 0x000000008c400000, 0x000000008c500000|  0%| F|  |TAMS 0x000000008c400000, 0x000000008c400000| Untracked 
| 197|0x000000008c500000, 0x000000008c500000, 0x000000008c600000|  0%| F|  |TAMS 0x000000008c500000, 0x000000008c500000| Untracked 
| 198|0x000000008c600000, 0x000000008c600000, 0x000000008c700000|  0%| F|  |TAMS 0x000000008c600000, 0x000000008c600000| Untracked 
| 199|0x000000008c700000, 0x000000008c700000, 0x000000008c800000|  0%| F|  |TAMS 0x000000008c700000, 0x000000008c700000| Untracked 
| 200|0x000000008c800000, 0x000000008c800000, 0x000000008c900000|  0%| F|  |TAMS 0x000000008c800000, 0x000000008c800000| Untracked 
| 201|0x000000008c900000, 0x000000008c900000, 0x000000008ca00000|  0%| F|  |TAMS 0x000000008c900000, 0x000000008c900000| Untracked 
| 202|0x000000008ca00000, 0x000000008ca00000, 0x000000008cb00000|  0%| F|  |TAMS 0x000000008ca00000, 0x000000008ca00000| Untracked 
| 203|0x000000008cb00000, 0x000000008cb00000, 0x000000008cc00000|  0%| F|  |TAMS 0x000000008cb00000, 0x000000008cb00000| Untracked 
| 204|0x000000008cc00000, 0x000000008cc00000, 0x000000008cd00000|  0%| F|  |TAMS 0x000000008cc00000, 0x000000008cc00000| Untracked 
| 205|0x000000008cd00000, 0x000000008cd00000, 0x000000008ce00000|  0%| F|  |TAMS 0x000000008cd00000, 0x000000008cd00000| Untracked 
| 206|0x000000008ce00000, 0x000000008ce00000, 0x000000008cf00000|  0%| F|  |TAMS 0x000000008ce00000, 0x000000008ce00000| Untracked 
| 207|0x000000008cf00000, 0x000000008cf00000, 0x000000008d000000|  0%| F|  |TAMS 0x000000008cf00000, 0x000000008cf00000| Untracked 
| 208|0x000000008d000000, 0x000000008d000000, 0x000000008d100000|  0%| F|  |TAMS 0x000000008d000000, 0x000000008d000000| Untracked 
| 209|0x000000008d100000, 0x000000008d100000, 0x000000008d200000|  0%| F|  |TAMS 0x000000008d100000, 0x000000008d100000| Untracked 
| 210|0x000000008d200000, 0x000000008d200000, 0x000000008d300000|  0%| F|  |TAMS 0x000000008d200000, 0x000000008d200000| Untracked 
| 211|0x000000008d300000, 0x000000008d300000, 0x000000008d400000|  0%| F|  |TAMS 0x000000008d300000, 0x000000008d300000| Untracked 
| 212|0x000000008d400000, 0x000000008d400000, 0x000000008d500000|  0%| F|  |TAMS 0x000000008d400000, 0x000000008d400000| Untracked 
| 213|0x000000008d500000, 0x000000008d500000, 0x000000008d600000|  0%| F|  |TAMS 0x000000008d500000, 0x000000008d500000| Untracked 
| 214|0x000000008d600000, 0x000000008d600000, 0x000000008d700000|  0%| F|  |TAMS 0x000000008d600000, 0x000000008d600000| Untracked 
| 215|0x000000008d700000, 0x000000008d700000, 0x000000008d800000|  0%| F|  |TAMS 0x000000008d700000, 0x000000008d700000| Untracked 
| 216|0x000000008d800000, 0x000000008d800000, 0x000000008d900000|  0%| F|  |TAMS 0x000000008d800000, 0x000000008d800000| Untracked 
| 217|0x000000008d900000, 0x000000008d900000, 0x000000008da00000|  0%| F|  |TAMS 0x000000008d900000, 0x000000008d900000| Untracked 
| 218|0x000000008da00000, 0x000000008da00000, 0x000000008db00000|  0%| F|  |TAMS 0x000000008da00000, 0x000000008da00000| Untracked 
| 219|0x000000008db00000, 0x000000008db00000, 0x000000008dc00000|  0%| F|  |TAMS 0x000000008db00000, 0x000000008db00000| Untracked 
| 220|0x000000008dc00000, 0x000000008dc00000, 0x000000008dd00000|  0%| F|  |TAMS 0x000000008dc00000, 0x000000008dc00000| Untracked 
| 221|0x000000008dd00000, 0x000000008dd00000, 0x000000008de00000|  0%| F|  |TAMS 0x000000008dd00000, 0x000000008dd00000| Untracked 
| 222|0x000000008de00000, 0x000000008de00000, 0x000000008df00000|  0%| F|  |TAMS 0x000000008de00000, 0x000000008de00000| Untracked 
| 223|0x000000008df00000, 0x000000008df00000, 0x000000008e000000|  0%| F|  |TAMS 0x000000008df00000, 0x000000008df00000| Untracked 

Card table byte_map: [0x0000027356370000,0x0000027356770000] _byte_map_base: 0x0000027355f70000

Marking Bits (Prev, Next): (CMBitMap*) 0x0000027343af7950, (CMBitMap*) 0x0000027343af7910
 Prev Bits: [0x0000027358b70000, 0x000002735ab70000)
 Next Bits: [0x0000027356b70000, 0x0000027358b70000)

Polling page: 0x00000273418f0000

Metaspace:

Usage:
  Non-class:     91.21 MB used.
      Class:     14.29 MB used.
       Both:    105.50 MB used.

Virtual space:
  Non-class space:       96.00 MB reserved,      91.56 MB ( 95%) committed,  12 nodes.
      Class space:        1.00 GB reserved,      14.62 MB (  1%) committed,  1 nodes.
             Both:        1.09 GB reserved,     106.19 MB (  9%) committed. 

Chunk freelists:
   Non-Class:  3.91 MB
       Class:  1.40 MB
        Both:  5.31 MB

MaxMetaspaceSize: unlimited
CompressedClassSpaceSize: 1.00 GB
Initial GC threshold: 21.00 MB
Current GC threshold: 175.94 MB
CDS: off
MetaspaceReclaimPolicy: balanced
 - commit_granule_bytes: 65536.
 - commit_granule_words: 8192.
 - virtual_space_node_default_size: 1048576.
 - enlarge_chunks_in_place: 1.
 - new_chunks_are_fully_committed: 0.
 - uncommit_free_chunks: 1.
 - use_allocation_guard: 0.
 - handle_deallocations: 1.


Internal statistics:

num_allocs_failed_limit: 6.
num_arena_births: 994.
num_arena_deaths: 4.
num_vsnodes_births: 13.
num_vsnodes_deaths: 0.
num_space_committed: 1699.
num_space_uncommitted: 0.
num_chunks_returned_to_freelist: 10.
num_chunks_taken_from_freelist: 4984.
num_chunk_merges: 6.
num_chunk_splits: 3362.
num_chunks_enlarged: 2337.
num_purges: 2.
num_inconsistent_stats: 0.

CodeHeap 'non-profiled nmethods': size=120000Kb used=6464Kb max_used=6961Kb free=113535Kb
 bounds [0x000002734ea40000, 0x000002734f110000, 0x0000027355f70000]
CodeHeap 'profiled nmethods': size=120000Kb used=26407Kb max_used=26407Kb free=93592Kb
 bounds [0x0000027346f70000, 0x0000027348940000, 0x000002734e4a0000]
CodeHeap 'non-nmethods': size=5760Kb used=2415Kb max_used=2487Kb free=3344Kb
 bounds [0x000002734e4a0000, 0x000002734e720000, 0x000002734ea40000]
 total_blobs=13545 nmethods=12595 adapters=860
 compilation: enabled
              stopped_count=0, restarted_count=0
 full_count=0

Compilation events (20 events):
Event: 17.231 Thread 0x000002735dc7c920 14842       2       com.android.tools.r8.dex.code.N0::hashCode (21 bytes)
Event: 17.231 Thread 0x000002735dc7c920 nmethod 14842 0x0000027348938e90 code [0x0000027348939020, 0x0000027348939168]
Event: 17.231 Thread 0x000002735dc7c920 14843       2       com.android.tools.r8.graph.B0::hashCode (10 bytes)
Event: 17.231 Thread 0x000002735dc7c920 nmethod 14843 0x0000027348939210 code [0x00000273489393a0, 0x00000273489394b8]
Event: 17.231 Thread 0x000002735dc7c920 14841       2       com.android.tools.r8.internal.Hy::next (35 bytes)
Event: 17.232 Thread 0x000002735dc7c920 nmethod 14841 0x0000027348939590 code [0x0000027348939760, 0x0000027348939988]
Event: 17.232 Thread 0x000002735dc7c920 14844       2       com.android.tools.r8.internal.J6$$Lambda$1540/0x0000000100e5e668::test (12 bytes)
Event: 17.232 Thread 0x000002735dc7c920 nmethod 14844 0x0000027348939a90 code [0x0000027348939c20, 0x0000027348939d78]
Event: 17.232 Thread 0x000002735dc7c920 14846       2       com.android.tools.r8.internal.rb::a (13 bytes)
Event: 17.232 Thread 0x000002735dc7c920 nmethod 14846 0x0000027348939e90 code [0x000002734893a040, 0x000002734893a2f8]
Event: 17.232 Thread 0x000002735dc7c920 14845       2       com.android.tools.r8.internal.J6::a (14 bytes)
Event: 17.232 Thread 0x000002735dc7c920 nmethod 14845 0x000002734893a490 code [0x000002734893a620, 0x000002734893a718]
Event: 17.242 Thread 0x000002735dc7c920 14848       2       com.android.tools.r8.ir.regalloc.n::a (65 bytes)
Event: 17.242 Thread 0x000002735dc7c920 nmethod 14848 0x000002734893a810 code [0x000002734893a9e0, 0x000002734893ad18]
Event: 17.245 Thread 0x000002735dc7c920 14850       2       com.android.tools.r8.internal.PO::L2 (36 bytes)
Event: 17.245 Thread 0x000002735dc7c920 nmethod 14850 0x000002734893af10 code [0x000002734893b0c0, 0x000002734893b288]
Event: 17.246 Thread 0x000002735dc7c920 14851       1       com.android.tools.r8.graph.v0$b::a (5 bytes)
Event: 17.246 Thread 0x000002735dc7c920 nmethod 14851 0x000002734efa7a10 code [0x000002734efa7ba0, 0x000002734efa7c58]
Event: 17.246 Thread 0x000002735dc7c920 14852       1       com.android.tools.r8.graph.v0$b::b (5 bytes)
Event: 17.246 Thread 0x000002735dc7c920 nmethod 14852 0x000002734efa7710 code [0x000002734efa78a0, 0x000002734efa7958]

GC Heap History (20 events):
Event: 12.262 GC heap after
{Heap after GC invocations=29 (full 0):
 garbage-first heap   total 162816K, used 82944K [0x0000000080000000, 0x0000000100000000)
  region size 1024K, 6 young (6144K), 6 survivors (6144K)
 Metaspace       used 84733K, committed 85376K, reserved 1122304K
  class space    used 11596K, committed 11904K, reserved 1048576K
}
Event: 12.855 GC heap before
{Heap before GC invocations=29 (full 0):
 garbage-first heap   total 162816K, used 129024K [0x0000000080000000, 0x0000000100000000)
  region size 1024K, 52 young (53248K), 6 survivors (6144K)
 Metaspace       used 87329K, committed 87936K, reserved 1130496K
  class space    used 11846K, committed 12096K, reserved 1048576K
}
Event: 12.864 GC heap after
{Heap after GC invocations=30 (full 0):
 garbage-first heap   total 162816K, used 85686K [0x0000000080000000, 0x0000000100000000)
  region size 1024K, 5 young (5120K), 5 survivors (5120K)
 Metaspace       used 87329K, committed 87936K, reserved 1130496K
  class space    used 11846K, committed 12096K, reserved 1048576K
}
Event: 13.607 GC heap before
{Heap before GC invocations=31 (full 0):
 garbage-first heap   total 162816K, used 129718K [0x0000000080000000, 0x0000000100000000)
  region size 1024K, 49 young (50176K), 5 survivors (5120K)
 Metaspace       used 92780K, committed 93440K, reserved 1130496K
  class space    used 12584K, committed 12928K, reserved 1048576K
}
Event: 13.614 GC heap after
{Heap after GC invocations=32 (full 0):
 garbage-first heap   total 162816K, used 89448K [0x0000000080000000, 0x0000000100000000)
  region size 1024K, 4 young (4096K), 4 survivors (4096K)
 Metaspace       used 92780K, committed 93440K, reserved 1130496K
  class space    used 12584K, committed 12928K, reserved 1048576K
}
Event: 13.678 GC heap before
{Heap before GC invocations=32 (full 0):
 garbage-first heap   total 162816K, used 92520K [0x0000000080000000, 0x0000000100000000)
  region size 1024K, 7 young (7168K), 4 survivors (4096K)
 Metaspace       used 93069K, committed 93696K, reserved 1130496K
  class space    used 12630K, committed 12928K, reserved 1048576K
}
Event: 13.690 GC heap after
{Heap after GC invocations=33 (full 0):
 garbage-first heap   total 195584K, used 88780K [0x0000000080000000, 0x0000000100000000)
  region size 1024K, 1 young (1024K), 1 survivors (1024K)
 Metaspace       used 93069K, committed 93696K, reserved 1130496K
  class space    used 12630K, committed 12928K, reserved 1048576K
}
Event: 14.581 GC heap before
{Heap before GC invocations=33 (full 0):
 garbage-first heap   total 195584K, used 154316K [0x0000000080000000, 0x0000000100000000)
  region size 1024K, 66 young (67584K), 1 survivors (1024K)
 Metaspace       used 97679K, committed 98432K, reserved 1138688K
  class space    used 13241K, committed 13632K, reserved 1048576K
}
Event: 14.588 GC heap after
{Heap after GC invocations=34 (full 0):
 garbage-first heap   total 195584K, used 94974K [0x0000000080000000, 0x0000000100000000)
  region size 1024K, 7 young (7168K), 7 survivors (7168K)
 Metaspace       used 97679K, committed 98432K, reserved 1138688K
  class space    used 13241K, committed 13632K, reserved 1048576K
}
Event: 15.313 GC heap before
{Heap before GC invocations=35 (full 0):
 garbage-first heap   total 195584K, used 155390K [0x0000000080000000, 0x0000000100000000)
  region size 1024K, 67 young (68608K), 7 survivors (7168K)
 Metaspace       used 102432K, committed 103168K, reserved 1138688K
  class space    used 13891K, committed 14208K, reserved 1048576K
}
Event: 15.324 GC heap after
{Heap after GC invocations=36 (full 0):
 garbage-first heap   total 195584K, used 102244K [0x0000000080000000, 0x0000000100000000)
  region size 1024K, 9 young (9216K), 9 survivors (9216K)
 Metaspace       used 102432K, committed 103168K, reserved 1138688K
  class space    used 13891K, committed 14208K, reserved 1048576K
}
Event: 15.334 GC heap before
{Heap before GC invocations=36 (full 0):
 garbage-first heap   total 195584K, used 103268K [0x0000000080000000, 0x0000000100000000)
  region size 1024K, 10 young (10240K), 9 survivors (9216K)
 Metaspace       used 102437K, committed 103168K, reserved 1138688K
  class space    used 13891K, committed 14208K, reserved 1048576K
}
Event: 15.341 GC heap after
{Heap after GC invocations=37 (full 0):
 garbage-first heap   total 195584K, used 102309K [0x0000000080000000, 0x0000000100000000)
  region size 1024K, 2 young (2048K), 2 survivors (2048K)
 Metaspace       used 102437K, committed 103168K, reserved 1138688K
  class space    used 13891K, committed 14208K, reserved 1048576K
}
Event: 16.345 GC heap before
{Heap before GC invocations=37 (full 0):
 garbage-first heap   total 195584K, used 156581K [0x0000000080000000, 0x0000000100000000)
  region size 1024K, 55 young (56320K), 2 survivors (2048K)
 Metaspace       used 107133K, committed 107904K, reserved 1146880K
  class space    used 14549K, committed 14912K, reserved 1048576K
}
Event: 16.351 GC heap after
{Heap after GC invocations=38 (full 0):
 garbage-first heap   total 195584K, used 103562K [0x0000000080000000, 0x0000000100000000)
  region size 1024K, 3 young (3072K), 3 survivors (3072K)
 Metaspace       used 107133K, committed 107904K, reserved 1146880K
  class space    used 14549K, committed 14912K, reserved 1048576K
}
Event: 16.915 GC heap before
{Heap before GC invocations=39 (full 0):
 garbage-first heap   total 195584K, used 157834K [0x0000000080000000, 0x0000000100000000)
  region size 1024K, 56 young (57344K), 3 survivors (3072K)
 Metaspace       used 107830K, committed 108544K, reserved 1146880K
  class space    used 14623K, committed 14976K, reserved 1048576K
}
Event: 16.920 GC heap after
{Heap after GC invocations=40 (full 0):
 garbage-first heap   total 195584K, used 103533K [0x0000000080000000, 0x0000000100000000)
  region size 1024K, 3 young (3072K), 3 survivors (3072K)
 Metaspace       used 107830K, committed 108544K, reserved 1146880K
  class space    used 14623K, committed 14976K, reserved 1048576K
}
Event: 16.959 GC heap before
{Heap before GC invocations=40 (full 0):
 garbage-first heap   total 195584K, used 109677K [0x0000000080000000, 0x0000000100000000)
  region size 1024K, 9 young (9216K), 3 survivors (3072K)
 Metaspace       used 107865K, committed 108608K, reserved 1146880K
  class space    used 14625K, committed 14976K, reserved 1048576K
}
Event: 16.964 GC heap after
{Heap after GC invocations=41 (full 0):
 garbage-first heap   total 195584K, used 103312K [0x0000000080000000, 0x0000000100000000)
  region size 1024K, 1 young (1024K), 1 survivors (1024K)
 Metaspace       used 107865K, committed 108608K, reserved 1146880K
  class space    used 14625K, committed 14976K, reserved 1048576K
}
Event: 17.246 GC heap before
{Heap before GC invocations=41 (full 0):
 garbage-first heap   total 195584K, used 160656K [0x0000000080000000, 0x0000000100000000)
  region size 1024K, 57 young (58368K), 1 survivors (1024K)
 Metaspace       used 108035K, committed 108736K, reserved 1146880K
  class space    used 14633K, committed 14976K, reserved 1048576K
}

Dll operation events (2 events):
Event: 0.006 Loaded shared library C:\Program Files\Android\Android Studio\jbr\bin\java.dll
Event: 0.441 Loaded shared library C:\Program Files\Android\Android Studio\jbr\bin\verify.dll

Deoptimization events (20 events):
Event: 17.183 Thread 0x0000027362298f30 Uncommon trap: trap_request=0xffffffde fr.pc=0x000002734f100ae4 relative=0x0000000000000764
Event: 17.183 Thread 0x0000027362298f30 Uncommon trap: reason=class_check action=maybe_recompile pc=0x000002734f100ae4 method=com.android.tools.r8.ir.regalloc.b.a(Lcom/android/tools/r8/internal/Rm;Lcom/android/tools/r8/ir/regalloc/a;)Z @ 134 c2
Event: 17.183 Thread 0x0000027362298f30 DEOPT PACKING pc=0x000002734f100ae4 sp=0x000000ebeb0fc1b0
Event: 17.183 Thread 0x0000027362298f30 DEOPT UNPACKING pc=0x000002734e4f69a3 sp=0x000000ebeb0fc148 mode 2
Event: 17.183 Thread 0x0000027362298f30 Uncommon trap: trap_request=0xffffffde fr.pc=0x000002734f100ae4 relative=0x0000000000000764
Event: 17.183 Thread 0x0000027362298f30 Uncommon trap: reason=class_check action=maybe_recompile pc=0x000002734f100ae4 method=com.android.tools.r8.ir.regalloc.b.a(Lcom/android/tools/r8/internal/Rm;Lcom/android/tools/r8/ir/regalloc/a;)Z @ 134 c2
Event: 17.183 Thread 0x0000027362298f30 DEOPT PACKING pc=0x000002734f100ae4 sp=0x000000ebeb0fc1b0
Event: 17.183 Thread 0x0000027362298f30 DEOPT UNPACKING pc=0x000002734e4f69a3 sp=0x000000ebeb0fc148 mode 2
Event: 17.196 Thread 0x0000027362298f30 DEOPT PACKING pc=0x000002734867d606 sp=0x000000ebeb0fbe10
Event: 17.196 Thread 0x0000027362298f30 DEOPT UNPACKING pc=0x000002734e4f7143 sp=0x000000ebeb0fb370 mode 0
Event: 17.201 Thread 0x0000027362298f30 DEOPT PACKING pc=0x00000273483e7ea6 sp=0x000000ebeb0fc580
Event: 17.201 Thread 0x0000027362298f30 DEOPT UNPACKING pc=0x000002734e4f7143 sp=0x000000ebeb0fb9f8 mode 0
Event: 17.218 Thread 0x0000027362298f30 Uncommon trap: trap_request=0xffffffde fr.pc=0x000002734f100ae4 relative=0x0000000000000764
Event: 17.218 Thread 0x0000027362298f30 Uncommon trap: reason=class_check action=maybe_recompile pc=0x000002734f100ae4 method=com.android.tools.r8.ir.regalloc.b.a(Lcom/android/tools/r8/internal/Rm;Lcom/android/tools/r8/ir/regalloc/a;)Z @ 134 c2
Event: 17.218 Thread 0x0000027362298f30 DEOPT PACKING pc=0x000002734f100ae4 sp=0x000000ebeb0fc1b0
Event: 17.218 Thread 0x0000027362298f30 DEOPT UNPACKING pc=0x000002734e4f69a3 sp=0x000000ebeb0fc148 mode 2
Event: 17.218 Thread 0x0000027362298f30 Uncommon trap: trap_request=0xffffffde fr.pc=0x000002734f100ae4 relative=0x0000000000000764
Event: 17.218 Thread 0x0000027362298f30 Uncommon trap: reason=class_check action=maybe_recompile pc=0x000002734f100ae4 method=com.android.tools.r8.ir.regalloc.b.a(Lcom/android/tools/r8/internal/Rm;Lcom/android/tools/r8/ir/regalloc/a;)Z @ 134 c2
Event: 17.218 Thread 0x0000027362298f30 DEOPT PACKING pc=0x000002734f100ae4 sp=0x000000ebeb0fc1b0
Event: 17.218 Thread 0x0000027362298f30 DEOPT UNPACKING pc=0x000002734e4f69a3 sp=0x000000ebeb0fc148 mode 2

Classes unloaded (2 events):
Event: 12.983 Thread 0x000002735d09eb00 Unloading class 0x0000000100b98800 'java/lang/invoke/LambdaForm$DMH+0x0000000100b98800'
Event: 12.983 Thread 0x000002735d09eb00 Unloading class 0x0000000100b98400 'java/lang/invoke/LambdaForm$DMH+0x0000000100b98400'

Classes redefined (0 events):
No events

Internal exceptions (20 events):
Event: 14.874 Thread 0x0000027361f7d2b0 Exception <a 'java/lang/NoSuchMethodError'{0x000000008a516c88}: static Ljava/lang/Object;.<clinit>()V> (0x000000008a516c88) 
thrown [s\src\hotspot\share\prims\jni.cpp, line 1108]
Event: 14.875 Thread 0x0000027361f7d2b0 Exception <a 'java/lang/NoSuchMethodError'{0x000000008a536758}: static Lcom/android/build/api/variant/impl/VariantOutputImpl$SerializedForm;.<clinit>()V> (0x000000008a536758) 
thrown [s\src\hotspot\share\prims\jni.cpp, line 1108]
Event: 14.876 Thread 0x0000027361f7d2b0 Exception <a 'java/lang/NoSuchMethodError'{0x000000008a56db98}: static Lcom/android/build/api/variant/impl/VariantOutputConfigurationImpl;.<clinit>()V> (0x000000008a56db98) 
thrown [s\src\hotspot\share\prims\jni.cpp, line 1108]
Event: 14.893 Thread 0x0000027362298f30 Exception <a 'java/lang/NoSuchMethodError'{0x000000008a321418}: 'void java.lang.invoke.DirectMethodHandle$Holder.invokeStatic(java.lang.Object, java.lang.Object, java.lang.Object, int)'> (0x000000008a321418) 
thrown [s\src\hotspot\share\interpreter\linkResolver.cpp, line 771]
Event: 14.894 Thread 0x0000027362298f30 Exception <a 'java/lang/IncompatibleClassChangeError'{0x000000008a32a260}: Found class java.lang.Object, but interface was expected> (0x000000008a32a260) 
thrown [s\src\hotspot\share\interpreter\linkResolver.cpp, line 838]
Event: 14.943 Thread 0x0000027361f7cde0 Exception <a 'java/lang/NoSuchMethodError'{0x000000008a08c048}: 'void java.lang.invoke.DirectMethodHandle$Holder.invokeStatic(java.lang.Object, long)'> (0x000000008a08c048) 
thrown [s\src\hotspot\share\interpreter\linkResolver.cpp, line 771]
Event: 14.954 Thread 0x0000027361f7cde0 Exception <a 'java/lang/NoSuchMethodError'{0x000000008a0e6f20}: 'java.lang.Object java.lang.invoke.DirectMethodHandle$Holder.invokeStatic(java.lang.Object, java.lang.Object, long, java.lang.Object)'> (0x000000008a0e6f20) 
thrown [s\src\hotspot\share\interpreter\linkResolver.cpp, line 771]
Event: 14.954 Thread 0x0000027361f7cde0 Exception <a 'java/lang/NoSuchMethodError'{0x000000008a0ea9a0}: 'java.lang.Object java.lang.invoke.DirectMethodHandle$Holder.invokeStaticInit(java.lang.Object, java.lang.Object, long, java.lang.Object)'> (0x000000008a0ea9a0) 
thrown [s\src\hotspot\share\interpreter\linkResolver.cpp, line 771]
Event: 15.186 Thread 0x0000027361f7cde0 Exception <a 'java/lang/NoSuchMethodError'{0x0000000088abab90}: 'int java.lang.invoke.DirectMethodHandle$Holder.invokeSpecialIFC(java.lang.Object, java.lang.Object, java.lang.Object)'> (0x0000000088abab90) 
thrown [s\src\hotspot\share\interpreter\linkResolver.cpp, line 771]
Event: 15.240 Thread 0x0000027362298f30 Exception <a 'java/lang/NoSuchMethodError'{0x00000000888ed338}: 'java.lang.Object java.lang.invoke.DirectMethodHandle$Holder.invokeStatic(java.lang.Object, int, java.lang.Object, java.lang.Object)'> (0x00000000888ed338) 
thrown [s\src\hotspot\share\interpreter\linkResolver.cpp, line 771]
Event: 15.241 Thread 0x0000027362298f30 Exception <a 'java/lang/NoSuchMethodError'{0x0000000088702ae0}: 'java.lang.Object java.lang.invoke.DirectMethodHandle$Holder.invokeStatic(java.lang.Object, java.lang.Object, int, java.lang.Object, java.lang.Object)'> (0x0000000088702ae0) 
thrown [s\src\hotspot\share\interpreter\linkResolver.cpp, line 771]
Event: 15.410 Thread 0x0000027362298f30 Exception <a 'java/lang/IncompatibleClassChangeError'{0x000000008b310c60}: Found class java.lang.Object, but interface was expected> (0x000000008b310c60) 
thrown [s\src\hotspot\share\interpreter\linkResolver.cpp, line 838]
Event: 15.411 Thread 0x0000027362298f30 Exception <a 'java/lang/IncompatibleClassChangeError'{0x000000008b319528}: Found class java.lang.Object, but interface was expected> (0x000000008b319528) 
thrown [s\src\hotspot\share\interpreter\linkResolver.cpp, line 838]
Event: 15.468 Thread 0x0000027362298f30 Exception <a 'java/lang/NoSuchMethodError'{0x000000008b1ce018}: 'void java.lang.invoke.DirectMethodHandle$Holder.invokeSpecial(java.lang.Object, java.lang.Object, int, java.lang.Object)'> (0x000000008b1ce018) 
thrown [s\src\hotspot\share\interpreter\linkResolver.cpp, line 771]
Event: 15.526 Thread 0x0000027362298f30 Exception <a 'java/lang/NoSuchMethodError'{0x000000008ae7da10}: 'int java.lang.invoke.DirectMethodHandle$Holder.invokeSpecial(java.lang.Object, java.lang.Object, java.lang.Object, int, java.lang.Object)'> (0x000000008ae7da10) 
thrown [s\src\hotspot\share\interpreter\linkResolver.cpp, line 771]
Event: 15.584 Thread 0x0000027362298f30 Exception <a 'java/lang/NoSuchMethodError'{0x000000008ac9f080}: 'int java.lang.invoke.DirectMethodHandle$Holder.invokeSpecial(java.lang.Object, java.lang.Object, java.lang.Object, int)'> (0x000000008ac9f080) 
thrown [s\src\hotspot\share\interpreter\linkResolver.cpp, line 771]
Event: 15.648 Thread 0x0000027362298f30 Exception <a 'java/lang/NoSuchMethodError'{0x000000008aabf508}: 'java.lang.Object java.lang.invoke.DirectMethodHandle$Holder.invokeInterface(java.lang.Object, java.lang.Object, int)'> (0x000000008aabf508) 
thrown [s\src\hotspot\share\interpreter\linkResolver.cpp, line 771]
Event: 16.536 Thread 0x0000027362298f30 Implicit null exception at 0x000002734f0f5b70 to 0x000002734f0f5c5c
Event: 16.755 Thread 0x0000027362298f30 Exception <a 'java/lang/NoSuchMethodError'{0x000000008a29d7c0}: 'int java.lang.invoke.DirectMethodHandle$Holder.invokeStatic(java.lang.Object, java.lang.Object, int, java.lang.Object)'> (0x000000008a29d7c0) 
thrown [s\src\hotspot\share\interpreter\linkResolver.cpp, line 771]
Event: 16.841 Thread 0x0000027362298f30 Exception <a 'java/lang/NoSuchMethodError'{0x000000008978c390}: 'int java.lang.invoke.DirectMethodHandle$Holder.invokeInterface(java.lang.Object, java.lang.Object, int)'> (0x000000008978c390) 
thrown [s\src\hotspot\share\interpreter\linkResolver.cpp, line 771]

VM Operations (20 events):
Event: 16.509 Executing VM operation: G1Concurrent done
Event: 16.530 Executing VM operation: HandshakeAllThreads
Event: 16.530 Executing VM operation: HandshakeAllThreads done
Event: 16.574 Executing VM operation: G1Concurrent
Event: 16.575 Executing VM operation: G1Concurrent done
Event: 16.644 Executing VM operation: ICBufferFull
Event: 16.644 Executing VM operation: ICBufferFull done
Event: 16.745 Executing VM operation: HandshakeAllThreads
Event: 16.745 Executing VM operation: HandshakeAllThreads done
Event: 16.790 Executing VM operation: HandshakeAllThreads
Event: 16.791 Executing VM operation: HandshakeAllThreads done
Event: 16.835 Executing VM operation: ICBufferFull
Event: 16.835 Executing VM operation: ICBufferFull done
Event: 16.915 Executing VM operation: G1CollectForAllocation
Event: 16.921 Executing VM operation: G1CollectForAllocation done
Event: 16.959 Executing VM operation: G1CollectForAllocation
Event: 16.964 Executing VM operation: G1CollectForAllocation done
Event: 17.230 Executing VM operation: ICBufferFull
Event: 17.231 Executing VM operation: ICBufferFull done
Event: 17.246 Executing VM operation: G1CollectForAllocation

Events (20 events):
Event: 16.438 Thread 0x000002735dc7dc50 flushing nmethod 0x00000273485b8910
Event: 16.438 Thread 0x000002735dc7dc50 flushing nmethod 0x00000273485b9090
Event: 16.438 Thread 0x000002735dc7dc50 flushing nmethod 0x00000273485c6d10
Event: 16.438 Thread 0x000002735dc7dc50 flushing nmethod 0x00000273485e4290
Event: 16.438 Thread 0x000002735dc7dc50 flushing nmethod 0x00000273485f5610
Event: 16.438 Thread 0x000002735dc7dc50 flushing nmethod 0x0000027348648090
Event: 16.438 Thread 0x000002735dc7dc50 flushing nmethod 0x000002734867c110
Event: 16.438 Thread 0x000002735dc7dc50 flushing nmethod 0x00000273486aa210
Event: 16.438 Thread 0x000002735dc7dc50 flushing nmethod 0x00000273486bba90
Event: 16.438 Thread 0x000002735dc7dc50 flushing nmethod 0x00000273486c3890
Event: 16.438 Thread 0x000002735dc7dc50 flushing nmethod 0x00000273486f6d10
Event: 16.438 Thread 0x000002735dc7dc50 flushing nmethod 0x0000027348703a10
Event: 16.438 Thread 0x000002735dc7dc50 flushing nmethod 0x0000027348728990
Event: 16.438 Thread 0x000002735dc7dc50 flushing nmethod 0x0000027348730590
Event: 16.438 Thread 0x000002735dc7dc50 flushing nmethod 0x0000027348775510
Event: 16.438 Thread 0x000002735dc7dc50 flushing nmethod 0x0000027348781410
Event: 16.438 Thread 0x000002735dc7dc50 flushing nmethod 0x0000027348787d10
Event: 16.438 Thread 0x000002735dc7dc50 flushing nmethod 0x0000027348791510
Event: 16.438 Thread 0x000002735dc7dc50 flushing nmethod 0x00000273487ec590
Event: 16.590 Thread 0x0000027365a77ef0 Thread exited: 0x0000027365a77ef0


Dynamic libraries:
0x00007ff6a5be0000 - 0x00007ff6a5bea000 	C:\Program Files\Android\Android Studio\jbr\bin\java.exe
0x00007ffc2edb0000 - 0x00007ffc2efa8000 	C:\WINDOWS\SYSTEM32\ntdll.dll
0x00007ffc2eb10000 - 0x00007ffc2ebcf000 	C:\WINDOWS\System32\KERNEL32.DLL
0x00007ffc2c9c0000 - 0x00007ffc2ccb6000 	C:\WINDOWS\System32\KERNELBASE.dll
0x00007ffc2c8c0000 - 0x00007ffc2c9c0000 	C:\WINDOWS\System32\ucrtbase.dll
0x00007ffc0fc80000 - 0x00007ffc0fc97000 	C:\Program Files\Android\Android Studio\jbr\bin\jli.dll
0x00007ffc107e0000 - 0x00007ffc107fb000 	C:\Program Files\Android\Android Studio\jbr\bin\VCRUNTIME140.dll
0x00007ffc2ebd0000 - 0x00007ffc2ed6d000 	C:\WINDOWS\System32\USER32.dll
0x00007ffc2c6a0000 - 0x00007ffc2c6c2000 	C:\WINDOWS\System32\win32u.dll
0x00007ffc2ea10000 - 0x00007ffc2ea3c000 	C:\WINDOWS\System32\GDI32.dll
0x00007ffc2ccc0000 - 0x00007ffc2cdd5000 	C:\WINDOWS\System32\gdi32full.dll
0x00007ffc2c820000 - 0x00007ffc2c8bd000 	C:\WINDOWS\System32\msvcp_win.dll
0x00007ffc124a0000 - 0x00007ffc1273a000 	C:\WINDOWS\WinSxS\amd64_microsoft.windows.common-controls_6595b64144ccf1df_6.0.19041.1110_none_60b5254171f9507e\COMCTL32.dll
0x00007ffc2d440000 - 0x00007ffc2d4de000 	C:\WINDOWS\System32\msvcrt.dll
0x00007ffc2e0a0000 - 0x00007ffc2e0d0000 	C:\WINDOWS\System32\IMM32.DLL
0x00007ffc1a2b0000 - 0x00007ffc1a2bc000 	C:\Program Files\Android\Android Studio\jbr\bin\vcruntime140_1.dll
0x00007ffc08fd0000 - 0x00007ffc0905d000 	C:\Program Files\Android\Android Studio\jbr\bin\msvcp140.dll
0x00007ffbc8ab0000 - 0x00007ffbc971e000 	C:\Program Files\Android\Android Studio\jbr\bin\server\jvm.dll
0x00007ffc2e200000 - 0x00007ffc2e2af000 	C:\WINDOWS\System32\ADVAPI32.dll
0x00007ffc2ce10000 - 0x00007ffc2ceac000 	C:\WINDOWS\System32\sechost.dll
0x00007ffc2dcf0000 - 0x00007ffc2de16000 	C:\WINDOWS\System32\RPCRT4.dll
0x00007ffc0ae40000 - 0x00007ffc0ae49000 	C:\WINDOWS\SYSTEM32\WSOCK32.dll
0x00007ffc259b0000 - 0x00007ffc259ba000 	C:\WINDOWS\SYSTEM32\VERSION.dll
0x00007ffc2e940000 - 0x00007ffc2e9ab000 	C:\WINDOWS\System32\WS2_32.dll
0x00007ffc24090000 - 0x00007ffc240b7000 	C:\WINDOWS\SYSTEM32\WINMM.dll
0x00007ffc2a350000 - 0x00007ffc2a362000 	C:\WINDOWS\SYSTEM32\kernel.appcore.dll
0x00007ffc28030000 - 0x00007ffc2803a000 	C:\Program Files\Android\Android Studio\jbr\bin\jimage.dll
0x00007ffc25b30000 - 0x00007ffc25d14000 	C:\WINDOWS\SYSTEM32\DBGHELP.DLL
0x00007ffc20360000 - 0x00007ffc20394000 	C:\WINDOWS\SYSTEM32\dbgcore.DLL
0x00007ffc2c6d0000 - 0x00007ffc2c752000 	C:\WINDOWS\System32\bcryptPrimitives.dll
0x00007ffc1d300000 - 0x00007ffc1d325000 	C:\Program Files\Android\Android Studio\jbr\bin\java.dll
0x00007ffc1d010000 - 0x00007ffc1d028000 	C:\Program Files\Android\Android Studio\jbr\bin\zip.dll
0x00007ffc2d5a0000 - 0x00007ffc2dce4000 	C:\WINDOWS\System32\SHELL32.dll
0x00007ffc2a550000 - 0x00007ffc2ace3000 	C:\WINDOWS\SYSTEM32\windows.storage.dll
0x00007ffc2e550000 - 0x00007ffc2e8a4000 	C:\WINDOWS\System32\combase.dll
0x00007ffc2be00000 - 0x00007ffc2be2e000 	C:\WINDOWS\SYSTEM32\Wldp.dll
0x00007ffc2dfd0000 - 0x00007ffc2e07d000 	C:\WINDOWS\System32\SHCORE.dll
0x00007ffc2e9b0000 - 0x00007ffc2ea05000 	C:\WINDOWS\System32\shlwapi.dll
0x00007ffc2c3c0000 - 0x00007ffc2c3e5000 	C:\WINDOWS\SYSTEM32\profapi.dll
0x00007ffc12930000 - 0x00007ffc12949000 	C:\Program Files\Android\Android Studio\jbr\bin\net.dll
0x00007ffc25a20000 - 0x00007ffc25b2a000 	C:\WINDOWS\SYSTEM32\WINHTTP.dll
0x00007ffc2bb60000 - 0x00007ffc2bbca000 	C:\WINDOWS\system32\mswsock.dll
0x00007ffc0fca0000 - 0x00007ffc0fcb6000 	C:\Program Files\Android\Android Studio\jbr\bin\nio.dll
0x00007ffc28020000 - 0x00007ffc28030000 	C:\Program Files\Android\Android Studio\jbr\bin\verify.dll
0x00007ffc0aff0000 - 0x00007ffc0b017000 	C:\Users\Pichau\.gradle\native\68d5fa5c4cc2d200863cafc0d521ce42e7d3e7ee720ec0a83991735586a16f82\windows-amd64\native-platform.dll
0x00007ffbf9f60000 - 0x00007ffbfa0a4000 	C:\Users\Pichau\.gradle\native\e376f236ea51e6404a007f0833ffe2c6e607c4080706a723a18a27aeea778392\windows-amd64\native-platform-file-events.dll
0x00007ffc27fd0000 - 0x00007ffc27fd9000 	C:\Program Files\Android\Android Studio\jbr\bin\management.dll
0x00007ffc21470000 - 0x00007ffc2147b000 	C:\Program Files\Android\Android Studio\jbr\bin\management_ext.dll
0x00007ffc2e930000 - 0x00007ffc2e938000 	C:\WINDOWS\System32\PSAPI.DLL
0x00007ffc2bd50000 - 0x00007ffc2bd68000 	C:\WINDOWS\SYSTEM32\CRYPTSP.dll
0x00007ffc2b470000 - 0x00007ffc2b4a4000 	C:\WINDOWS\system32\rsaenh.dll
0x00007ffc2cde0000 - 0x00007ffc2ce07000 	C:\WINDOWS\System32\bcrypt.dll
0x00007ffc2c340000 - 0x00007ffc2c36e000 	C:\WINDOWS\SYSTEM32\USERENV.dll
0x00007ffc2bd70000 - 0x00007ffc2bd7c000 	C:\WINDOWS\SYSTEM32\CRYPTBASE.dll
0x00007ffc2b850000 - 0x00007ffc2b88b000 	C:\WINDOWS\SYSTEM32\IPHLPAPI.DLL
0x00007ffc2e080000 - 0x00007ffc2e088000 	C:\WINDOWS\System32\NSI.dll
0x00007ffc269b0000 - 0x00007ffc269c7000 	C:\WINDOWS\SYSTEM32\dhcpcsvc6.DLL
0x00007ffc26990000 - 0x00007ffc269ad000 	C:\WINDOWS\SYSTEM32\dhcpcsvc.DLL
0x00007ffc2b890000 - 0x00007ffc2b95a000 	C:\WINDOWS\SYSTEM32\DNSAPI.dll
0x00007ffc12920000 - 0x00007ffc12927000 	C:\WINDOWS\system32\wshunix.dll

dbghelp: loaded successfully - version: 4.0.5 - missing functions: none
symbol engine: initialized successfully - sym options: 0x614 - pdb path: .;C:\Program Files\Android\Android Studio\jbr\bin;C:\WINDOWS\SYSTEM32;C:\WINDOWS\WinSxS\amd64_microsoft.windows.common-controls_6595b64144ccf1df_6.0.19041.1110_none_60b5254171f9507e;C:\Program Files\Android\Android Studio\jbr\bin\server;C:\Users\Pichau\.gradle\native\68d5fa5c4cc2d200863cafc0d521ce42e7d3e7ee720ec0a83991735586a16f82\windows-amd64;C:\Users\Pichau\.gradle\native\e376f236ea51e6404a007f0833ffe2c6e607c4080706a723a18a27aeea778392\windows-amd64

VM Arguments:
jvm_args: --add-opens=java.base/java.util=ALL-UNNAMED --add-opens=java.base/java.lang=ALL-UNNAMED --add-opens=java.base/java.lang.invoke=ALL-UNNAMED --add-opens=java.prefs/java.util.prefs=ALL-UNNAMED --add-opens=java.base/java.nio.charset=ALL-UNNAMED --add-opens=java.base/java.net=ALL-UNNAMED --add-opens=java.base/java.util.concurrent.atomic=ALL-UNNAMED -Xmx2048m -Dfile.encoding=UTF-8 -Duser.country=BR -Duser.language=pt -Duser.variant 
java_command: org.gradle.launcher.daemon.bootstrap.GradleDaemon 8.0
java_class_path (initial): C:\Users\Pichau\.gradle\wrapper\dists\gradle-8.0-bin\ca5e32bp14vu59qr306oxotwh\gradle-8.0\lib\gradle-launcher-8.0.jar
Launcher Type: SUN_STANDARD

[Global flags]
     intx CICompilerCount                          = 3                                         {product} {ergonomic}
     uint ConcGCThreads                            = 1                                         {product} {ergonomic}
     uint G1ConcRefinementThreads                  = 4                                         {product} {ergonomic}
   size_t G1HeapRegionSize                         = 1048576                                   {product} {ergonomic}
    uintx GCDrainStackTargetSize                   = 64                                        {product} {ergonomic}
   size_t InitialHeapSize                          = 234881024                                 {product} {ergonomic}
   size_t MarkStackSize                            = 4194304                                   {product} {ergonomic}
   size_t MaxHeapSize                              = 2147483648                                {product} {command line}
   size_t MaxNewSize                               = 1287651328                                {product} {ergonomic}
   size_t MinHeapDeltaBytes                        = 1048576                                   {product} {ergonomic}
   size_t MinHeapSize                              = 8388608                                   {product} {ergonomic}
    uintx NonNMethodCodeHeapSize                   = 5832780                                {pd product} {ergonomic}
    uintx NonProfiledCodeHeapSize                  = 122912730                              {pd product} {ergonomic}
    uintx ProfiledCodeHeapSize                     = 122912730                              {pd product} {ergonomic}
    uintx ReservedCodeCacheSize                    = 251658240                              {pd product} {ergonomic}
     bool SegmentedCodeCache                       = true                                      {product} {ergonomic}
   size_t SoftMaxHeapSize                          = 2147483648                             {manageable} {ergonomic}
     bool UseCompressedClassPointers               = true                           {product lp64_product} {ergonomic}
     bool UseCompressedOops                        = true                           {product lp64_product} {ergonomic}
     bool UseG1GC                                  = true                                      {product} {ergonomic}
     bool UseLargePagesIndividualAllocation        = false                                  {pd product} {ergonomic}

Logging:
Log output configuration:
 #0: stdout all=warning uptime,level,tags
 #1: stderr all=off uptime,level,tags

Environment Variables:
PATH=C:\WINDOWS\system32;C:\WINDOWS;C:\WINDOWS\System32\Wbem;C:\WINDOWS\System32\WindowsPowerShell\v1.0\;C:\WINDOWS\System32\OpenSSH\;C:\Program Files\Microsoft SQL Server\150\Tools\Binn\;C:\Program Files\Microsoft SQL Server\Client SDK\ODBC\170\Tools\Binn\;C:\Program Files\dotnet\;C:\Program Files\Microsoft SQL Server\Client SDK\ODBC\110\Tools\Binn\;C:\Program Files (x86)\Microsoft SQL Server\120\Tools\Binn\;C:\Program Files\Microsoft SQL Server\120\Tools\Binn\;C:\Program Files\Microsoft SQL Server\120\DTS\Binn\;C:\Program Files (x86)\Microsoft SQL Server\120\Tools\Binn\ManagementStudio\;C:\Program Files (x86)\Microsoft SQL Server\120\DTS\Binn\;C:\Users\Pichau\AppData\Local\Microsoft\WindowsApps;;C:\Users\Pichau\AppData\Local\Programs\Microsoft VS Code\bin;C:\Users\Pichau\.dotnet\tools
USERNAME=Tho
OS=Windows_NT
PROCESSOR_IDENTIFIER=AMD64 Family 23 Model 17 Stepping 0, AuthenticAMD
TMP=C:\Users\Pichau\AppData\Local\Temp
TEMP=C:\Users\Pichau\AppData\Local\Temp


JNI global refs:
JNI global refs: 26, weak refs: 25

JNI global refs memory usage: 843, weak refs: 841


---------------  S Y S T E M  ---------------

OS:
 Windows 10 , 64 bit Build 19041 (10.0.19041.3155)
OS uptime: 0 days 6:29 hours

CPU: total 4 (initial active 4) (4 cores per cpu, 1 threads per core) family 23 model 17 stepping 0 microcode 0x0, cx8, cmov, fxsr, mmx, 3dnowpref, sse, sse2, sse3, ssse3, sse4a, sse4.1, sse4.2, popcnt, lzcnt, tsc, tscinvbit, avx, avx2, aes, clmul, bmi1, bmi2, adx, sha, fma, vzeroupper, clflush, clflushopt

Memory: 4k page, system-wide physical 14264M (3211M free)
TotalPageFile size 14264M (AvailPageFile size 40M)
current process WorkingSet (physical memory assigned to process): 485M, peak: 487M
current process commit charge ("private bytes"): 547M, peak: 765M

vm_info: OpenJDK 64-Bit Server VM (17.0.6+0-b2043.56-10027231) for windows-amd64 JRE (17.0.6+0-b2043.56-10027231), built on Apr 28 2023 00:43:19 by "androidbuild" with MS VC++ 16.10 / 16.11 (VS2019)

END.
