#
# There is insufficient memory for the Java Runtime Environment to continue.
# Native memory allocation (mmap) failed to map 87031808 bytes for G1 virtual space
# Possible reasons:
#   The system is out of physical RAM or swap space
#   The process is running with CompressedOops enabled, and the Java Heap may be blocking the growth of the native heap
# Possible solutions:
#   Reduce memory load on the system
#   Increase physical memory or swap space
#   Check if swap backing store is full
#   Decrease Java heap size (-Xmx/-Xms)
#   Decrease number of Java threads
#   Decrease Java thread stack sizes (-Xss)
#   Set larger code cache with -XX:ReservedCodeCacheSize=
#   JVM is running with Unscaled Compressed Oops mode in which the Java heap is
#     placed in the first 4GB address space. The Java Heap base address is the
#     maximum limit for the native heap growth. Please use -XX:HeapBaseMinAddress
#     to set the Java Heap base and to place the Java Heap above 4GB virtual address.
# This output file may be truncated or incomplete.
#
#  Out of Memory Error (os_windows.cpp:3769), pid=8300, tid=8956
#
# JRE version: OpenJDK Runtime Environment (17.0.6) (build 17.0.6+0-b2043.56-10027231)
# Java VM: OpenJDK 64-Bit Server VM (17.0.6+0-b2043.56-10027231, mixed mode, tiered, compressed oops, compressed class ptrs, g1 gc, windows-amd64)
# No core dump will be written. Minidumps are not enabled by default on client versions of Windows
#

---------------  S U M M A R Y ------------

Command Line: --add-opens=java.base/java.util=ALL-UNNAMED --add-opens=java.base/java.lang=ALL-UNNAMED --add-opens=java.base/java.lang.invoke=ALL-UNNAMED --add-opens=java.prefs/java.util.prefs=ALL-UNNAMED --add-opens=java.base/java.nio.charset=ALL-UNNAMED --add-opens=java.base/java.net=ALL-UNNAMED --add-opens=java.base/java.util.concurrent.atomic=ALL-UNNAMED -Xmx2048m -Dfile.encoding=UTF-8 -Duser.country=BR -Duser.language=pt -Duser.variant org.gradle.launcher.daemon.bootstrap.GradleDaemon 8.0

Host: AMD Ryzen 3 2200G with Radeon Vega Graphics    , 4 cores, 13G,  Windows 10 , 64 bit Build 19041 (10.0.19041.3155)
Time: Tue Sep 12 22:39:48 2023 Hora oficial do Brasil elapsed time: 36.087646 seconds (0d 0h 0m 36s)

---------------  T H R E A D  ---------------

Current thread (0x0000020526f211b0):  VMThread "VM Thread" [stack: 0x000000a953f00000,0x000000a954000000] [id=8956]

Stack: [0x000000a953f00000,0x000000a954000000]
Native frames: (J=compiled Java code, j=interpreted, Vv=VM code, C=native code)
V  [jvm.dll+0x683c9a]
V  [jvm.dll+0x8427a4]
V  [jvm.dll+0x843f9e]
V  [jvm.dll+0x844603]
V  [jvm.dll+0x249b75]
V  [jvm.dll+0x680b69]
V  [jvm.dll+0x67505a]
V  [jvm.dll+0x309acb]
V  [jvm.dll+0x310f86]
V  [jvm.dll+0x3608ee]
V  [jvm.dll+0x360b1f]
V  [jvm.dll+0x2dfbf8]
V  [jvm.dll+0x2ddec4]
V  [jvm.dll+0x2dd4cc]
V  [jvm.dll+0x321f3b]
V  [jvm.dll+0x848ccb]
V  [jvm.dll+0x849a04]
V  [jvm.dll+0x849f1d]
V  [jvm.dll+0x84a2f4]
V  [jvm.dll+0x84a3c0]
V  [jvm.dll+0x7f274a]
V  [jvm.dll+0x682ad5]
C  [ucrtbase.dll+0x21bb2]
C  [KERNEL32.DLL+0x17614]
C  [ntdll.dll+0x526b1]

VM_Operation (0x000000a959dfbb70): G1CollectForAllocation, mode: safepoint, requested by thread 0x00000205304c5840


---------------  P R O C E S S  ---------------

Threads class SMR info:
_java_thread_list=0x0000020526deb0c0, length=100, elements={
0x000002050b9cc7d0, 0x0000020527810ab0, 0x0000020527812840, 0x00000205278594d0,
0x0000020527859f90, 0x000002052785c960, 0x000002052785d220, 0x000002052785dec0,
0x0000020527863d80, 0x0000020527864680, 0x0000020527a20960, 0x0000020527a24080,
0x0000020528d56120, 0x00000205290a5080, 0x00000205290ec6e0, 0x000002052a70e640,
0x0000020528d61ab0, 0x0000020528d61f80, 0x0000020528ef4340, 0x00000205292f2450,
0x00000205292f2920, 0x00000205292f32c0, 0x00000205292f3790, 0x00000205292f1f80,
0x000002052ad16f10, 0x000002052ad11d40, 0x000002052ad12bb0, 0x000002052ad10530,
0x000002052ad16a40, 0x000002052ad10ed0, 0x000002052ad160a0, 0x000002052ad15700,
0x000002052ad14890, 0x000002052ad13ef0, 0x000002052ad143c0, 0x000002052ad16570,
0x000002052ad173e0, 0x000002052ad13080, 0x000002052ad13a20, 0x000002052c2b28b0,
0x000002052c2ac870, 0x000002052c2aeef0, 0x000002052c2aba00, 0x000002052c2abed0,
0x000002052c2ad6e0, 0x000002052c2af3c0, 0x000002052c2ae080, 0x000002052c2b0bd0,
0x000002052c2b1f10, 0x000002052c2acd40, 0x000002052c2b0700, 0x000002052c2adbb0,
0x000002052c2af890, 0x000002052c2aea20, 0x000002052c2ad210, 0x000002052c2ae550,
0x000002052c2ac3a0, 0x000002052c2b23e0, 0x000002052c2afd60, 0x000002052c2ab060,
0x000002052c2b0230, 0x000002052c2b10a0, 0x000002052c2b1570, 0x000002052c2b1a40,
0x000002052c2ab530, 0x000002052c8288c0, 0x000002052c827580, 0x000002052c827a50,
0x000002052c825d70, 0x000002052c8258a0, 0x000002052c826240, 0x000002052c827f20,
0x000002052c8270b0, 0x000002052c8283f0, 0x000002052c828d90, 0x000002052c826710,
0x000002052c829260, 0x000002052c826be0, 0x000002052cabc260, 0x000002052caba0b0,
0x000002052cab83d0, 0x000002052cabdf40, 0x000002052cab7560, 0x000002052cab8d70,
0x000002052cab9be0, 0x000002052cab7f00, 0x00000205303cc7d0, 0x00000205301c5a10,
0x00000205304c5370, 0x00000205304c5840, 0x000002052cab9240, 0x0000020530113510,
0x000002052a567d40, 0x00000205301139e0, 0x00000205304c5d10, 0x000002052a566060,
0x000002052a5673a0, 0x000002052a566ed0, 0x00000205301c5070, 0x00000205304c49d0
}

Java Threads: ( => current thread )
  0x000002050b9cc7d0 JavaThread "main" [_thread_blocked, id=7156, stack(0x000000a953900000,0x000000a953a00000)]
  0x0000020527810ab0 JavaThread "Reference Handler" daemon [_thread_blocked, id=7904, stack(0x000000a954000000,0x000000a954100000)]
  0x0000020527812840 JavaThread "Finalizer" daemon [_thread_blocked, id=5568, stack(0x000000a954100000,0x000000a954200000)]
  0x00000205278594d0 JavaThread "Signal Dispatcher" daemon [_thread_blocked, id=8156, stack(0x000000a954200000,0x000000a954300000)]
  0x0000020527859f90 JavaThread "Attach Listener" daemon [_thread_blocked, id=1396, stack(0x000000a954300000,0x000000a954400000)]
  0x000002052785c960 JavaThread "Service Thread" daemon [_thread_blocked, id=6712, stack(0x000000a954400000,0x000000a954500000)]
  0x000002052785d220 JavaThread "Monitor Deflation Thread" daemon [_thread_blocked, id=8884, stack(0x000000a954500000,0x000000a954600000)]
  0x000002052785dec0 JavaThread "C2 CompilerThread0" daemon [_thread_blocked, id=7948, stack(0x000000a954600000,0x000000a954700000)]
  0x0000020527863d80 JavaThread "C1 CompilerThread0" daemon [_thread_blocked, id=7248, stack(0x000000a954700000,0x000000a954800000)]
  0x0000020527864680 JavaThread "Sweeper thread" daemon [_thread_blocked, id=7036, stack(0x000000a954800000,0x000000a954900000)]
  0x0000020527a20960 JavaThread "Common-Cleaner" daemon [_thread_blocked, id=8972, stack(0x000000a954900000,0x000000a954a00000)]
  0x0000020527a24080 JavaThread "Notification Thread" daemon [_thread_blocked, id=6156, stack(0x000000a954a00000,0x000000a954b00000)]
  0x0000020528d56120 JavaThread "Daemon health stats" [_thread_blocked, id=5604, stack(0x000000a955000000,0x000000a955100000)]
  0x00000205290a5080 JavaThread "Incoming local TCP Connector on port 52614" [_thread_in_native, id=7696, stack(0x000000a955100000,0x000000a955200000)]
  0x00000205290ec6e0 JavaThread "Daemon periodic checks" [_thread_blocked, id=2772, stack(0x000000a955200000,0x000000a955300000)]
  0x000002052a70e640 JavaThread "Daemon" [_thread_blocked, id=10952, stack(0x000000a955300000,0x000000a955400000)]
  0x0000020528d61ab0 JavaThread "Handler for socket connection from /127.0.0.1:52614 to /127.0.0.1:52615" [_thread_in_native, id=6220, stack(0x000000a955400000,0x000000a955500000)]
  0x0000020528d61f80 JavaThread "Cancel handler" [_thread_blocked, id=5668, stack(0x000000a955500000,0x000000a955600000)]
  0x0000020528ef4340 JavaThread "Daemon worker" [_thread_blocked, id=3920, stack(0x000000a955600000,0x000000a955700000)]
  0x00000205292f2450 JavaThread "Asynchronous log dispatcher for DefaultDaemonConnection: socket connection from /127.0.0.1:52614 to /127.0.0.1:52615" [_thread_blocked, id=9100, stack(0x000000a955700000,0x000000a955800000)]
  0x00000205292f2920 JavaThread "Stdin handler" [_thread_blocked, id=2324, stack(0x000000a955800000,0x000000a955900000)]
  0x00000205292f32c0 JavaThread "Daemon client event forwarder" [_thread_blocked, id=4392, stack(0x000000a955900000,0x000000a955a00000)]
  0x00000205292f3790 JavaThread "Cache worker for journal cache (C:\Users\Pichau\.gradle\caches\journal-1)" [_thread_blocked, id=4996, stack(0x000000a955a00000,0x000000a955b00000)]
  0x00000205292f1f80 JavaThread "File lock request listener" [_thread_in_native, id=1964, stack(0x000000a955b00000,0x000000a955c00000)]
  0x000002052ad16f10 JavaThread "Cache worker for file hash cache (C:\Users\Pichau\.gradle\caches\8.0\fileHashes)" [_thread_blocked, id=7568, stack(0x000000a955c00000,0x000000a955d00000)]
  0x000002052ad11d40 JavaThread "File watcher server" daemon [_thread_blocked, id=9036, stack(0x000000a955d00000,0x000000a955e00000)]
  0x000002052ad12bb0 JavaThread "File watcher consumer" daemon [_thread_blocked, id=7988, stack(0x000000a955e00000,0x000000a955f00000)]
  0x000002052ad10530 JavaThread "Cache worker for checksums cache (C:\Users\Pichau\AndroidStudioProjects\Tcc_funcionario\.gradle\8.0\checksums)" [_thread_blocked, id=10676, stack(0x000000a955f00000,0x000000a956000000)]
  0x000002052ad16a40 JavaThread "Cache worker for cache directory md-rule (C:\Users\Pichau\.gradle\caches\8.0\md-rule)" [_thread_blocked, id=10680, stack(0x000000a956000000,0x000000a956100000)]
  0x000002052ad10ed0 JavaThread "Cache worker for file content cache (C:\Users\Pichau\.gradle\caches\8.0\fileContent)" [_thread_blocked, id=4564, stack(0x000000a956100000,0x000000a956200000)]
  0x000002052ad160a0 JavaThread "Cache worker for file hash cache (C:\Users\Pichau\AndroidStudioProjects\Tcc_funcionario\.gradle\8.0\fileHashes)" [_thread_blocked, id=11244, stack(0x000000a956200000,0x000000a956300000)]
  0x000002052ad15700 JavaThread "Cache worker for cache directory md-supplier (C:\Users\Pichau\.gradle\caches\8.0\md-supplier)" [_thread_blocked, id=3776, stack(0x000000a956300000,0x000000a956400000)]
  0x000002052ad14890 JavaThread "Cache worker for execution history cache (C:\Users\Pichau\.gradle\caches\8.0\executionHistory)" [_thread_blocked, id=4984, stack(0x000000a954c00000,0x000000a954d00000)]
  0x000002052ad13ef0 JavaThread "jar transforms" [_thread_blocked, id=10252, stack(0x000000a956500000,0x000000a956600000)]
  0x000002052ad143c0 JavaThread "jar transforms Thread 2" [_thread_blocked, id=1820, stack(0x000000a956600000,0x000000a956700000)]
  0x000002052ad16570 JavaThread "jar transforms Thread 3" [_thread_blocked, id=2200, stack(0x000000a956800000,0x000000a956900000)]
  0x000002052ad173e0 JavaThread "jar transforms Thread 4" [_thread_blocked, id=10316, stack(0x000000a956900000,0x000000a956a00000)]
  0x000002052ad13080 JavaThread "Cache worker for dependencies-accessors (C:\Users\Pichau\AndroidStudioProjects\Tcc_funcionario\.gradle\8.0\dependencies-accessors)" [_thread_blocked, id=6556, stack(0x000000a956a00000,0x000000a956b00000)]
  0x000002052ad13a20 JavaThread "Cache worker for Build Output Cleanup Cache (C:\Users\Pichau\AndroidStudioProjects\Tcc_funcionario\.gradle\buildOutputCleanup)" [_thread_blocked, id=7672, stack(0x000000a956400000,0x000000a956500000)]
  0x000002052c2b28b0 JavaThread "Unconstrained build operations" [_thread_blocked, id=4344, stack(0x000000a956c00000,0x000000a956d00000)]
  0x000002052c2ac870 JavaThread "Unconstrained build operations Thread 2" [_thread_blocked, id=9192, stack(0x000000a956d00000,0x000000a956e00000)]
  0x000002052c2aeef0 JavaThread "Unconstrained build operations Thread 3" [_thread_blocked, id=7892, stack(0x000000a956e00000,0x000000a956f00000)]
  0x000002052c2aba00 JavaThread "Unconstrained build operations Thread 4" [_thread_blocked, id=10468, stack(0x000000a956f00000,0x000000a957000000)]
  0x000002052c2abed0 JavaThread "Unconstrained build operations Thread 5" [_thread_blocked, id=9704, stack(0x000000a957000000,0x000000a957100000)]
  0x000002052c2ad6e0 JavaThread "Unconstrained build operations Thread 6" [_thread_blocked, id=1316, stack(0x000000a957100000,0x000000a957200000)]
  0x000002052c2af3c0 JavaThread "Unconstrained build operations Thread 7" [_thread_blocked, id=6396, stack(0x000000a957200000,0x000000a957300000)]
  0x000002052c2ae080 JavaThread "Unconstrained build operations Thread 8" [_thread_blocked, id=10412, stack(0x000000a957300000,0x000000a957400000)]
  0x000002052c2b0bd0 JavaThread "Unconstrained build operations Thread 9" [_thread_blocked, id=4312, stack(0x000000a957400000,0x000000a957500000)]
  0x000002052c2b1f10 JavaThread "Unconstrained build operations Thread 10" [_thread_blocked, id=6708, stack(0x000000a957500000,0x000000a957600000)]
  0x000002052c2acd40 JavaThread "Unconstrained build operations Thread 11" [_thread_blocked, id=3388, stack(0x000000a957600000,0x000000a957700000)]
  0x000002052c2b0700 JavaThread "Unconstrained build operations Thread 12" [_thread_blocked, id=3852, stack(0x000000a957700000,0x000000a957800000)]
  0x000002052c2adbb0 JavaThread "Unconstrained build operations Thread 13" [_thread_blocked, id=5956, stack(0x000000a957800000,0x000000a957900000)]
  0x000002052c2af890 JavaThread "Unconstrained build operations Thread 14" [_thread_blocked, id=7176, stack(0x000000a957900000,0x000000a957a00000)]
  0x000002052c2aea20 JavaThread "Unconstrained build operations Thread 15" [_thread_blocked, id=3248, stack(0x000000a957a00000,0x000000a957b00000)]
  0x000002052c2ad210 JavaThread "Unconstrained build operations Thread 16" [_thread_blocked, id=5988, stack(0x000000a957b00000,0x000000a957c00000)]
  0x000002052c2ae550 JavaThread "Unconstrained build operations Thread 17" [_thread_blocked, id=3832, stack(0x000000a957c00000,0x000000a957d00000)]
  0x000002052c2ac3a0 JavaThread "Unconstrained build operations Thread 18" [_thread_blocked, id=5284, stack(0x000000a957d00000,0x000000a957e00000)]
  0x000002052c2b23e0 JavaThread "Unconstrained build operations Thread 19" [_thread_blocked, id=6668, stack(0x000000a957e00000,0x000000a957f00000)]
  0x000002052c2afd60 JavaThread "Unconstrained build operations Thread 20" [_thread_blocked, id=4052, stack(0x000000a957f00000,0x000000a958000000)]
  0x000002052c2ab060 JavaThread "Unconstrained build operations Thread 21" [_thread_blocked, id=6216, stack(0x000000a958000000,0x000000a958100000)]
  0x000002052c2b0230 JavaThread "Unconstrained build operations Thread 22" [_thread_blocked, id=9456, stack(0x000000a958100000,0x000000a958200000)]
  0x000002052c2b10a0 JavaThread "Unconstrained build operations Thread 23" [_thread_blocked, id=1664, stack(0x000000a958200000,0x000000a958300000)]
  0x000002052c2b1570 JavaThread "Unconstrained build operations Thread 24" [_thread_blocked, id=6128, stack(0x000000a958300000,0x000000a958400000)]
  0x000002052c2b1a40 JavaThread "Unconstrained build operations Thread 25" [_thread_blocked, id=1248, stack(0x000000a958400000,0x000000a958500000)]
  0x000002052c2ab530 JavaThread "Unconstrained build operations Thread 26" [_thread_blocked, id=1412, stack(0x000000a958500000,0x000000a958600000)]
  0x000002052c8288c0 JavaThread "Unconstrained build operations Thread 27" [_thread_blocked, id=6900, stack(0x000000a958600000,0x000000a958700000)]
  0x000002052c827580 JavaThread "Unconstrained build operations Thread 28" [_thread_blocked, id=5864, stack(0x000000a958700000,0x000000a958800000)]
  0x000002052c827a50 JavaThread "Unconstrained build operations Thread 29" [_thread_blocked, id=4248, stack(0x000000a958800000,0x000000a958900000)]
  0x000002052c825d70 JavaThread "Unconstrained build operations Thread 30" [_thread_blocked, id=10576, stack(0x000000a958900000,0x000000a958a00000)]
  0x000002052c8258a0 JavaThread "Unconstrained build operations Thread 31" [_thread_blocked, id=5372, stack(0x000000a958a00000,0x000000a958b00000)]
  0x000002052c826240 JavaThread "Unconstrained build operations Thread 32" [_thread_blocked, id=2000, stack(0x000000a958b00000,0x000000a958c00000)]
  0x000002052c827f20 JavaThread "Unconstrained build operations Thread 33" [_thread_blocked, id=6168, stack(0x000000a958c00000,0x000000a958d00000)]
  0x000002052c8270b0 JavaThread "Unconstrained build operations Thread 34" [_thread_blocked, id=8636, stack(0x000000a958d00000,0x000000a958e00000)]
  0x000002052c8283f0 JavaThread "Unconstrained build operations Thread 35" [_thread_blocked, id=7200, stack(0x000000a958e00000,0x000000a958f00000)]
  0x000002052c828d90 JavaThread "Unconstrained build operations Thread 36" [_thread_blocked, id=2236, stack(0x000000a958f00000,0x000000a959000000)]
  0x000002052c826710 JavaThread "Unconstrained build operations Thread 37" [_thread_blocked, id=10980, stack(0x000000a959000000,0x000000a959100000)]
  0x000002052c829260 JavaThread "Unconstrained build operations Thread 38" [_thread_blocked, id=9224, stack(0x000000a959100000,0x000000a959200000)]
  0x000002052c826be0 JavaThread "Unconstrained build operations Thread 39" [_thread_blocked, id=10648, stack(0x000000a959200000,0x000000a959300000)]
  0x000002052cabc260 JavaThread "Unconstrained build operations Thread 40" [_thread_blocked, id=11056, stack(0x000000a959300000,0x000000a959400000)]
  0x000002052caba0b0 JavaThread "build event listener" [_thread_blocked, id=1948, stack(0x000000a959400000,0x000000a959500000)]
  0x000002052cab83d0 JavaThread "Memory manager" [_thread_blocked, id=6848, stack(0x000000a959500000,0x000000a959600000)]
  0x000002052cabdf40 JavaThread "included builds" [_thread_blocked, id=2936, stack(0x000000a959600000,0x000000a959700000)]
  0x000002052cab7560 JavaThread "Execution worker" [_thread_blocked, id=8880, stack(0x000000a959700000,0x000000a959800000)]
  0x000002052cab8d70 JavaThread "Execution worker Thread 2" [_thread_blocked, id=5516, stack(0x000000a959800000,0x000000a959900000)]
  0x000002052cab9be0 JavaThread "Execution worker Thread 3" [_thread_blocked, id=7504, stack(0x000000a959900000,0x000000a959a00000)]
  0x000002052cab7f00 JavaThread "Cache worker for execution history cache (C:\Users\Pichau\AndroidStudioProjects\Tcc_funcionario\.gradle\8.0\executionHistory)" [_thread_blocked, id=3352, stack(0x000000a959a00000,0x000000a959b00000)]
  0x00000205303cc7d0 JavaThread "C2 CompilerThread1" daemon [_thread_in_native, id=9340, stack(0x000000a956b00000,0x000000a956c00000)]
  0x00000205301c5a10 JavaThread "WorkerExecutor Queue" [_thread_blocked, id=1432, stack(0x000000a959b00000,0x000000a959c00000)]
  0x00000205304c5370 JavaThread "WorkerExecutor Queue Thread 2" [_thread_blocked, id=10840, stack(0x000000a959c00000,0x000000a959d00000)]
  0x00000205304c5840 JavaThread "WorkerExecutor Queue Thread 3" [_thread_blocked, id=6880, stack(0x000000a959d00000,0x000000a959e00000)]
  0x000002052cab9240 JavaThread "pool-3-thread-1" [_thread_blocked, id=5152, stack(0x000000a959f00000,0x000000a95a000000)]
  0x0000020530113510 JavaThread "stderr" [_thread_in_native, id=6316, stack(0x000000a95a000000,0x000000a95a100000)]
  0x000002052a567d40 JavaThread "stdout" [_thread_in_native, id=5916, stack(0x000000a95a100000,0x000000a95a200000)]
  0x00000205301139e0 JavaThread "WorkerExecutor Queue Thread 5" [_thread_blocked, id=9900, stack(0x000000a95a200000,0x000000a95a300000)]
  0x00000205304c5d10 JavaThread "Cache worker for Java compile cache (C:\Users\Pichau\.gradle\caches\8.0\javaCompile)" [_thread_blocked, id=10888, stack(0x000000a959e00000,0x000000a959f00000)]
  0x000002052a566060 JavaThread "Build operations" [_thread_blocked, id=6096, stack(0x000000a95a500000,0x000000a95a600000)]
  0x000002052a5673a0 JavaThread "Build operations Thread 2" [_thread_blocked, id=9312, stack(0x000000a95a600000,0x000000a95a700000)]
  0x000002052a566ed0 JavaThread "Build operations Thread 3" [_thread_blocked, id=1844, stack(0x000000a95a700000,0x000000a95a800000)]
  0x00000205301c5070 JavaThread "Build operations Thread 4" [_thread_blocked, id=2976, stack(0x000000a95a800000,0x000000a95a900000)]
  0x00000205304c49d0 JavaThread "WorkerExecutor Queue Thread 6" [_thread_blocked, id=4068, stack(0x000000a95a900000,0x000000a95aa00000)]

Other Threads:
=>0x0000020526f211b0 VMThread "VM Thread" [stack: 0x000000a953f00000,0x000000a954000000] [id=8956]
  0x0000020527833a10 WatcherThread [stack: 0x000000a954b00000,0x000000a954c00000] [id=10712]
  0x000002050ba57db0 GCTaskThread "GC Thread#0" [stack: 0x000000a953a00000,0x000000a953b00000] [id=3112]
  0x0000020527f701b0 GCTaskThread "GC Thread#1" [stack: 0x000000a954d00000,0x000000a954e00000] [id=9760]
  0x00000205280948c0 GCTaskThread "GC Thread#2" [stack: 0x000000a954e00000,0x000000a954f00000] [id=10892]
  0x00000205281a75a0 GCTaskThread "GC Thread#3" [stack: 0x000000a954f00000,0x000000a955000000] [id=8064]
  0x000002050ba69410 ConcurrentGCThread "G1 Main Marker" [stack: 0x000000a953b00000,0x000000a953c00000] [id=6920]
  0x000002050ba6a4d0 ConcurrentGCThread "G1 Conc#0" [stack: 0x000000a953c00000,0x000000a953d00000] [id=5680]
  0x000002050bacecc0 ConcurrentGCThread "G1 Refine#0" [stack: 0x000000a953d00000,0x000000a953e00000] [id=972]
  0x000002052aed6da0 ConcurrentGCThread "G1 Refine#1" [stack: 0x000000a956700000,0x000000a956800000] [id=6908]
  0x0000020526dd1ba0 ConcurrentGCThread "G1 Service" [stack: 0x000000a953e00000,0x000000a953f00000] [id=10836]

Threads with active compile tasks:
C2 CompilerThread0    36109 21095       4       com.android.tools.r8.internal.aV::a (119 bytes)
C2 CompilerThread1    36109 21089 %     4       com.android.tools.r8.internal.J6::a @ 961 (1671 bytes)

VM state: at safepoint (normal execution)

VM Mutex/Monitor currently owned by a thread:  ([mutex/lock_event])
[0x000002050b9fae00] Threads_lock - owner thread: 0x0000020526f211b0
[0x000002050b9face0] Heap_lock - owner thread: 0x00000205304c5840

Heap address: 0x0000000080000000, size: 2048 MB, Compressed Oops mode: 32-bit

CDS archive(s) not mapped
Compressed class space mapped at: 0x0000000100000000-0x0000000140000000, reserved size: 1073741824
Narrow klass base: 0x0000000000000000, Narrow klass shift: 3, Narrow klass range: 0x140000000

GC Precious Log:
 CPUs: 4 total, 4 available
 Memory: 14264M
 Large Page Support: Disabled
 NUMA Support: Disabled
 Compressed Oops: Enabled (32-bit)
 Heap Region Size: 1M
 Heap Min Capacity: 8M
 Heap Initial Capacity: 224M
 Heap Max Capacity: 2G
 Pre-touch: Disabled
 Parallel Workers: 4
 Concurrent Workers: 1
 Concurrent Refinement Workers: 4
 Periodic GC: Disabled

Heap:
 garbage-first heap   total 239616K, used 183744K [0x0000000080000000, 0x0000000100000000)
  region size 1024K, 3 young (3072K), 3 survivors (3072K)
 Metaspace       used 127318K, committed 128128K, reserved 1163264K
  class space    used 16878K, committed 17280K, reserved 1048576K

Heap Regions: E=young(eden), S=young(survivor), O=old, HS=humongous(starts), HC=humongous(continues), CS=collection set, F=free, OA=open archive, CA=closed archive, TAMS=top-at-mark-start (previous, next)
|   0|0x0000000080000000, 0x0000000080100000, 0x0000000080100000|100%| O|  |TAMS 0x0000000080100000, 0x0000000080000000| Untracked 
|   1|0x0000000080100000, 0x0000000080200000, 0x0000000080200000|100%| O|  |TAMS 0x0000000080200000, 0x0000000080100000| Untracked 
|   2|0x0000000080200000, 0x0000000080300000, 0x0000000080300000|100%| O|  |TAMS 0x0000000080300000, 0x0000000080200000| Untracked 
|   3|0x0000000080300000, 0x0000000080400000, 0x0000000080400000|100%|HS|  |TAMS 0x0000000080400000, 0x0000000080300000| Complete 
|   4|0x0000000080400000, 0x0000000080500000, 0x0000000080500000|100%|HC|  |TAMS 0x0000000080500000, 0x0000000080400000| Complete 
|   5|0x0000000080500000, 0x0000000080600000, 0x0000000080600000|100%|HC|  |TAMS 0x0000000080600000, 0x0000000080500000| Complete 
|   6|0x0000000080600000, 0x0000000080700000, 0x0000000080700000|100%|HC|  |TAMS 0x0000000080700000, 0x0000000080600000| Complete 
|   7|0x0000000080700000, 0x0000000080800000, 0x0000000080800000|100%| O|  |TAMS 0x0000000080800000, 0x0000000080700000| Untracked 
|   8|0x0000000080800000, 0x0000000080900000, 0x0000000080900000|100%| O|  |TAMS 0x0000000080900000, 0x0000000080800000| Untracked 
|   9|0x0000000080900000, 0x0000000080a00000, 0x0000000080a00000|100%| O|  |TAMS 0x0000000080a00000, 0x0000000080900000| Untracked 
|  10|0x0000000080a00000, 0x0000000080b00000, 0x0000000080b00000|100%| O|  |TAMS 0x0000000080b00000, 0x0000000080a00000| Untracked 
|  11|0x0000000080b00000, 0x0000000080baa600, 0x0000000080c00000| 66%| O|  |TAMS 0x0000000080baa600, 0x0000000080b00000| Untracked 
|  12|0x0000000080c00000, 0x0000000080d00000, 0x0000000080d00000|100%| O|  |TAMS 0x0000000080d00000, 0x0000000080c00000| Untracked 
|  13|0x0000000080d00000, 0x0000000080e00000, 0x0000000080e00000|100%| O|  |TAMS 0x0000000080e00000, 0x0000000080d00000| Untracked 
|  14|0x0000000080e00000, 0x0000000080f00000, 0x0000000080f00000|100%| O|  |TAMS 0x0000000080f00000, 0x0000000080e00000| Untracked 
|  15|0x0000000080f00000, 0x0000000081000000, 0x0000000081000000|100%| O|  |TAMS 0x0000000081000000, 0x0000000080f00000| Untracked 
|  16|0x0000000081000000, 0x0000000081100000, 0x0000000081100000|100%| O|  |TAMS 0x0000000081100000, 0x0000000081000000| Untracked 
|  17|0x0000000081100000, 0x0000000081200000, 0x0000000081200000|100%| O|  |TAMS 0x0000000081200000, 0x0000000081100000| Untracked 
|  18|0x0000000081200000, 0x0000000081300000, 0x0000000081300000|100%| O|  |TAMS 0x0000000081300000, 0x0000000081200000| Untracked 
|  19|0x0000000081300000, 0x0000000081400000, 0x0000000081400000|100%| O|  |TAMS 0x0000000081400000, 0x0000000081300000| Untracked 
|  20|0x0000000081400000, 0x0000000081500000, 0x0000000081500000|100%| O|  |TAMS 0x0000000081500000, 0x0000000081400000| Untracked 
|  21|0x0000000081500000, 0x0000000081600000, 0x0000000081600000|100%| O|  |TAMS 0x0000000081600000, 0x0000000081500000| Untracked 
|  22|0x0000000081600000, 0x0000000081700000, 0x0000000081700000|100%| O|  |TAMS 0x0000000081700000, 0x0000000081600000| Untracked 
|  23|0x0000000081700000, 0x0000000081800000, 0x0000000081800000|100%|HS|  |TAMS 0x0000000081800000, 0x0000000081700000| Complete 
|  24|0x0000000081800000, 0x0000000081900000, 0x0000000081900000|100%| O|  |TAMS 0x0000000081800000, 0x0000000081800000| Untracked 
|  25|0x0000000081900000, 0x0000000081a00000, 0x0000000081a00000|100%| O|  |TAMS 0x0000000081a00000, 0x0000000081900000| Untracked 
|  26|0x0000000081a00000, 0x0000000081b00000, 0x0000000081b00000|100%| O|  |TAMS 0x0000000081b00000, 0x0000000081a00000| Untracked 
|  27|0x0000000081b00000, 0x0000000081c00000, 0x0000000081c00000|100%| O|  |TAMS 0x0000000081c00000, 0x0000000081b00000| Untracked 
|  28|0x0000000081c00000, 0x0000000081d00000, 0x0000000081d00000|100%| O|  |TAMS 0x0000000081d00000, 0x0000000081c00000| Untracked 
|  29|0x0000000081d00000, 0x0000000081e00000, 0x0000000081e00000|100%| O|  |TAMS 0x0000000081e00000, 0x0000000081d00000| Untracked 
|  30|0x0000000081e00000, 0x0000000081f00000, 0x0000000081f00000|100%| O|  |TAMS 0x0000000081f00000, 0x0000000081e00000| Untracked 
|  31|0x0000000081f00000, 0x0000000082000000, 0x0000000082000000|100%| O|  |TAMS 0x0000000082000000, 0x0000000081f00000| Untracked 
|  32|0x0000000082000000, 0x0000000082100000, 0x0000000082100000|100%| O|  |TAMS 0x0000000082100000, 0x0000000082000000| Untracked 
|  33|0x0000000082100000, 0x0000000082200000, 0x0000000082200000|100%| O|  |TAMS 0x0000000082200000, 0x0000000082100000| Untracked 
|  34|0x0000000082200000, 0x0000000082300000, 0x0000000082300000|100%| O|  |TAMS 0x0000000082300000, 0x0000000082200000| Untracked 
|  35|0x0000000082300000, 0x0000000082400000, 0x0000000082400000|100%|HS|  |TAMS 0x0000000082400000, 0x0000000082300000| Complete 
|  36|0x0000000082400000, 0x0000000082500000, 0x0000000082500000|100%| O|  |TAMS 0x0000000082500000, 0x0000000082400000| Untracked 
|  37|0x0000000082500000, 0x0000000082600000, 0x0000000082600000|100%| O|  |TAMS 0x0000000082600000, 0x0000000082500000| Untracked 
|  38|0x0000000082600000, 0x0000000082700000, 0x0000000082700000|100%| O|  |TAMS 0x0000000082700000, 0x0000000082600000| Untracked 
|  39|0x0000000082700000, 0x0000000082800000, 0x0000000082800000|100%| O|  |TAMS 0x0000000082800000, 0x0000000082700000| Untracked 
|  40|0x0000000082800000, 0x0000000082900000, 0x0000000082900000|100%| O|  |TAMS 0x0000000082900000, 0x0000000082800000| Untracked 
|  41|0x0000000082900000, 0x0000000082a00000, 0x0000000082a00000|100%| O|  |TAMS 0x0000000082a00000, 0x0000000082900000| Untracked 
|  42|0x0000000082a00000, 0x0000000082b00000, 0x0000000082b00000|100%| O|  |TAMS 0x0000000082b00000, 0x0000000082a00000| Untracked 
|  43|0x0000000082b00000, 0x0000000082c00000, 0x0000000082c00000|100%| O|  |TAMS 0x0000000082c00000, 0x0000000082b00000| Untracked 
|  44|0x0000000082c00000, 0x0000000082d00000, 0x0000000082d00000|100%| O|  |TAMS 0x0000000082d00000, 0x0000000082c00000| Untracked 
|  45|0x0000000082d00000, 0x0000000082e00000, 0x0000000082e00000|100%| O|  |TAMS 0x0000000082e00000, 0x0000000082d00000| Untracked 
|  46|0x0000000082e00000, 0x0000000082f00000, 0x0000000082f00000|100%| O|  |TAMS 0x0000000082f00000, 0x0000000082e00000| Untracked 
|  47|0x0000000082f00000, 0x0000000083000000, 0x0000000083000000|100%| O|  |TAMS 0x0000000083000000, 0x0000000082f00000| Untracked 
|  48|0x0000000083000000, 0x0000000083100000, 0x0000000083100000|100%| O|  |TAMS 0x0000000083100000, 0x0000000083000000| Untracked 
|  49|0x0000000083100000, 0x0000000083200000, 0x0000000083200000|100%| O|  |TAMS 0x0000000083200000, 0x0000000083100000| Untracked 
|  50|0x0000000083200000, 0x0000000083300000, 0x0000000083300000|100%| O|  |TAMS 0x0000000083300000, 0x0000000083200000| Untracked 
|  51|0x0000000083300000, 0x0000000083400000, 0x0000000083400000|100%| O|  |TAMS 0x0000000083400000, 0x0000000083300000| Untracked 
|  52|0x0000000083400000, 0x0000000083500000, 0x0000000083500000|100%| O|  |TAMS 0x0000000083500000, 0x0000000083400000| Untracked 
|  53|0x0000000083500000, 0x0000000083600000, 0x0000000083600000|100%| O|  |TAMS 0x0000000083600000, 0x0000000083500000| Untracked 
|  54|0x0000000083600000, 0x0000000083700000, 0x0000000083700000|100%| O|  |TAMS 0x0000000083700000, 0x0000000083600000| Untracked 
|  55|0x0000000083700000, 0x0000000083800000, 0x0000000083800000|100%| O|  |TAMS 0x0000000083800000, 0x0000000083700000| Untracked 
|  56|0x0000000083800000, 0x0000000083900000, 0x0000000083900000|100%| O|  |TAMS 0x0000000083900000, 0x0000000083800000| Untracked 
|  57|0x0000000083900000, 0x0000000083a00000, 0x0000000083a00000|100%| O|  |TAMS 0x0000000083a00000, 0x0000000083900000| Untracked 
|  58|0x0000000083a00000, 0x0000000083b00000, 0x0000000083b00000|100%| O|  |TAMS 0x0000000083b00000, 0x0000000083a00000| Untracked 
|  59|0x0000000083b00000, 0x0000000083c00000, 0x0000000083c00000|100%| O|  |TAMS 0x0000000083c00000, 0x0000000083b00000| Untracked 
|  60|0x0000000083c00000, 0x0000000083d00000, 0x0000000083d00000|100%| O|  |TAMS 0x0000000083d00000, 0x0000000083c00000| Untracked 
|  61|0x0000000083d00000, 0x0000000083e00000, 0x0000000083e00000|100%| O|  |TAMS 0x0000000083e00000, 0x0000000083d00000| Untracked 
|  62|0x0000000083e00000, 0x0000000083f00000, 0x0000000083f00000|100%| O|  |TAMS 0x0000000083f00000, 0x0000000083e00000| Untracked 
|  63|0x0000000083f00000, 0x0000000084000000, 0x0000000084000000|100%| O|  |TAMS 0x0000000084000000, 0x0000000083f00000| Untracked 
|  64|0x0000000084000000, 0x0000000084100000, 0x0000000084100000|100%| O|  |TAMS 0x0000000084100000, 0x0000000084000000| Untracked 
|  65|0x0000000084100000, 0x0000000084200000, 0x0000000084200000|100%| O|  |TAMS 0x0000000084200000, 0x0000000084100000| Untracked 
|  66|0x0000000084200000, 0x0000000084300000, 0x0000000084300000|100%| O|  |TAMS 0x0000000084300000, 0x0000000084200000| Untracked 
|  67|0x0000000084300000, 0x0000000084400000, 0x0000000084400000|100%| O|  |TAMS 0x0000000084400000, 0x0000000084300000| Untracked 
|  68|0x0000000084400000, 0x0000000084500000, 0x0000000084500000|100%| O|  |TAMS 0x0000000084500000, 0x0000000084400000| Untracked 
|  69|0x0000000084500000, 0x0000000084600000, 0x0000000084600000|100%| O|  |TAMS 0x0000000084600000, 0x0000000084500000| Untracked 
|  70|0x0000000084600000, 0x0000000084700000, 0x0000000084700000|100%| O|  |TAMS 0x0000000084700000, 0x0000000084600000| Untracked 
|  71|0x0000000084700000, 0x0000000084800000, 0x0000000084800000|100%| O|  |TAMS 0x0000000084800000, 0x0000000084700000| Untracked 
|  72|0x0000000084800000, 0x0000000084900000, 0x0000000084900000|100%| O|  |TAMS 0x0000000084900000, 0x0000000084800000| Untracked 
|  73|0x0000000084900000, 0x0000000084a00000, 0x0000000084a00000|100%| O|  |TAMS 0x0000000084a00000, 0x0000000084900000| Untracked 
|  74|0x0000000084a00000, 0x0000000084b00000, 0x0000000084b00000|100%| O|  |TAMS 0x0000000084b00000, 0x0000000084a00000| Untracked 
|  75|0x0000000084b00000, 0x0000000084c00000, 0x0000000084c00000|100%| O|  |TAMS 0x0000000084c00000, 0x0000000084b00000| Untracked 
|  76|0x0000000084c00000, 0x0000000084d00000, 0x0000000084d00000|100%| O|  |TAMS 0x0000000084d00000, 0x0000000084c00000| Untracked 
|  77|0x0000000084d00000, 0x0000000084e00000, 0x0000000084e00000|100%| O|  |TAMS 0x0000000084e00000, 0x0000000084d00000| Untracked 
|  78|0x0000000084e00000, 0x0000000084f00000, 0x0000000084f00000|100%| O|  |TAMS 0x0000000084f00000, 0x0000000084e00000| Untracked 
|  79|0x0000000084f00000, 0x0000000085000000, 0x0000000085000000|100%| O|  |TAMS 0x0000000085000000, 0x0000000084f00000| Untracked 
|  80|0x0000000085000000, 0x0000000085100000, 0x0000000085100000|100%| O|  |TAMS 0x0000000085000000, 0x0000000085000000| Untracked 
|  81|0x0000000085100000, 0x0000000085200000, 0x0000000085200000|100%| O|  |TAMS 0x0000000085100000, 0x0000000085100000| Untracked 
|  82|0x0000000085200000, 0x0000000085300000, 0x0000000085300000|100%| O|  |TAMS 0x0000000085300000, 0x0000000085200000| Untracked 
|  83|0x0000000085300000, 0x0000000085400000, 0x0000000085400000|100%| O|  |TAMS 0x0000000085400000, 0x0000000085300000| Untracked 
|  84|0x0000000085400000, 0x0000000085500000, 0x0000000085500000|100%| O|  |TAMS 0x0000000085500000, 0x0000000085400000| Untracked 
|  85|0x0000000085500000, 0x0000000085600000, 0x0000000085600000|100%| O|  |TAMS 0x0000000085600000, 0x0000000085500000| Untracked 
|  86|0x0000000085600000, 0x0000000085700000, 0x0000000085700000|100%| O|  |TAMS 0x0000000085600000, 0x0000000085600000| Untracked 
|  87|0x0000000085700000, 0x0000000085800000, 0x0000000085800000|100%| O|  |TAMS 0x0000000085800000, 0x0000000085700000| Untracked 
|  88|0x0000000085800000, 0x0000000085900000, 0x0000000085900000|100%| O|  |TAMS 0x0000000085900000, 0x0000000085800000| Untracked 
|  89|0x0000000085900000, 0x0000000085a00000, 0x0000000085a00000|100%| O|  |TAMS 0x0000000085a00000, 0x0000000085900000| Untracked 
|  90|0x0000000085a00000, 0x0000000085b00000, 0x0000000085b00000|100%| O|  |TAMS 0x0000000085b00000, 0x0000000085a00000| Untracked 
|  91|0x0000000085b00000, 0x0000000085c00000, 0x0000000085c00000|100%| O|  |TAMS 0x0000000085c00000, 0x0000000085b00000| Untracked 
|  92|0x0000000085c00000, 0x0000000085d00000, 0x0000000085d00000|100%| O|  |TAMS 0x0000000085d00000, 0x0000000085c00000| Untracked 
|  93|0x0000000085d00000, 0x0000000085e00000, 0x0000000085e00000|100%| O|  |TAMS 0x0000000085e00000, 0x0000000085d00000| Untracked 
|  94|0x0000000085e00000, 0x0000000085f00000, 0x0000000085f00000|100%| O|  |TAMS 0x0000000085f00000, 0x0000000085e00000| Untracked 
|  95|0x0000000085f00000, 0x0000000086000000, 0x0000000086000000|100%| O|  |TAMS 0x0000000086000000, 0x0000000085f00000| Untracked 
|  96|0x0000000086000000, 0x0000000086100000, 0x0000000086100000|100%| O|  |TAMS 0x0000000086100000, 0x0000000086000000| Untracked 
|  97|0x0000000086100000, 0x0000000086200000, 0x0000000086200000|100%| O|  |TAMS 0x0000000086135e00, 0x0000000086100000| Untracked 
|  98|0x0000000086200000, 0x0000000086300000, 0x0000000086300000|100%| O|  |TAMS 0x0000000086200000, 0x0000000086200000| Untracked 
|  99|0x0000000086300000, 0x0000000086400000, 0x0000000086400000|100%| O|  |TAMS 0x0000000086300000, 0x0000000086300000| Untracked 
| 100|0x0000000086400000, 0x0000000086500000, 0x0000000086500000|100%| O|  |TAMS 0x0000000086400000, 0x0000000086400000| Untracked 
| 101|0x0000000086500000, 0x0000000086600000, 0x0000000086600000|100%| O|  |TAMS 0x0000000086500000, 0x0000000086500000| Untracked 
| 102|0x0000000086600000, 0x0000000086700000, 0x0000000086700000|100%| O|  |TAMS 0x0000000086600000, 0x0000000086600000| Untracked 
| 103|0x0000000086700000, 0x0000000086800000, 0x0000000086800000|100%| O|  |TAMS 0x0000000086700000, 0x0000000086700000| Untracked 
| 104|0x0000000086800000, 0x0000000086900000, 0x0000000086900000|100%| O|  |TAMS 0x0000000086800000, 0x0000000086800000| Untracked 
| 105|0x0000000086900000, 0x0000000086a00000, 0x0000000086a00000|100%| O|  |TAMS 0x0000000086900000, 0x0000000086900000| Untracked 
| 106|0x0000000086a00000, 0x0000000086b00000, 0x0000000086b00000|100%| O|  |TAMS 0x0000000086a00000, 0x0000000086a00000| Untracked 
| 107|0x0000000086b00000, 0x0000000086c00000, 0x0000000086c00000|100%| O|  |TAMS 0x0000000086b00000, 0x0000000086b00000| Untracked 
| 108|0x0000000086c00000, 0x0000000086d00000, 0x0000000086d00000|100%| O|  |TAMS 0x0000000086c00000, 0x0000000086c00000| Untracked 
| 109|0x0000000086d00000, 0x0000000086e00000, 0x0000000086e00000|100%| O|  |TAMS 0x0000000086d00000, 0x0000000086d00000| Untracked 
| 110|0x0000000086e00000, 0x0000000086f00000, 0x0000000086f00000|100%| O|  |TAMS 0x0000000086e00000, 0x0000000086e00000| Untracked 
| 111|0x0000000086f00000, 0x0000000087000000, 0x0000000087000000|100%| O|  |TAMS 0x0000000086f00000, 0x0000000086f00000| Untracked 
| 112|0x0000000087000000, 0x0000000087100000, 0x0000000087100000|100%| O|  |TAMS 0x0000000087000000, 0x0000000087000000| Untracked 
| 113|0x0000000087100000, 0x0000000087200000, 0x0000000087200000|100%| O|  |TAMS 0x0000000087100000, 0x0000000087100000| Untracked 
| 114|0x0000000087200000, 0x0000000087300000, 0x0000000087300000|100%|HS|  |TAMS 0x0000000087200000, 0x0000000087200000| Complete 
| 115|0x0000000087300000, 0x0000000087400000, 0x0000000087400000|100%|HC|  |TAMS 0x0000000087300000, 0x0000000087300000| Complete 
| 116|0x0000000087400000, 0x0000000087500000, 0x0000000087500000|100%| O|  |TAMS 0x0000000087400000, 0x0000000087400000| Untracked 
| 117|0x0000000087500000, 0x0000000087600000, 0x0000000087600000|100%| O|  |TAMS 0x0000000087500000, 0x0000000087500000| Untracked 
| 118|0x0000000087600000, 0x0000000087700000, 0x0000000087700000|100%| O|  |TAMS 0x0000000087600000, 0x0000000087600000| Untracked 
| 119|0x0000000087700000, 0x0000000087800000, 0x0000000087800000|100%| O|  |TAMS 0x0000000087700000, 0x0000000087700000| Untracked 
| 120|0x0000000087800000, 0x0000000087900000, 0x0000000087900000|100%| O|  |TAMS 0x0000000087800000, 0x0000000087800000| Untracked 
| 121|0x0000000087900000, 0x0000000087a00000, 0x0000000087a00000|100%| O|  |TAMS 0x0000000087900000, 0x0000000087900000| Untracked 
| 122|0x0000000087a00000, 0x0000000087b00000, 0x0000000087b00000|100%| O|  |TAMS 0x0000000087a00000, 0x0000000087a00000| Untracked 
| 123|0x0000000087b00000, 0x0000000087c00000, 0x0000000087c00000|100%| O|  |TAMS 0x0000000087b00000, 0x0000000087b00000| Untracked 
| 124|0x0000000087c00000, 0x0000000087d00000, 0x0000000087d00000|100%| O|  |TAMS 0x0000000087c00000, 0x0000000087c00000| Untracked 
| 125|0x0000000087d00000, 0x0000000087e00000, 0x0000000087e00000|100%| O|  |TAMS 0x0000000087d00000, 0x0000000087d00000| Untracked 
| 126|0x0000000087e00000, 0x0000000087f00000, 0x0000000087f00000|100%| O|  |TAMS 0x0000000087e00000, 0x0000000087e00000| Untracked 
| 127|0x0000000087f00000, 0x0000000088000000, 0x0000000088000000|100%| O|  |TAMS 0x0000000087f00000, 0x0000000087f00000| Untracked 
| 128|0x0000000088000000, 0x0000000088100000, 0x0000000088100000|100%| O|  |TAMS 0x0000000088000000, 0x0000000088000000| Untracked 
| 129|0x0000000088100000, 0x0000000088200000, 0x0000000088200000|100%| O|  |TAMS 0x0000000088100000, 0x0000000088100000| Untracked 
| 130|0x0000000088200000, 0x0000000088300000, 0x0000000088300000|100%|HS|  |TAMS 0x0000000088200000, 0x0000000088200000| Complete 
| 131|0x0000000088300000, 0x0000000088400000, 0x0000000088400000|100%|HC|  |TAMS 0x0000000088300000, 0x0000000088300000| Complete 
| 132|0x0000000088400000, 0x0000000088500000, 0x0000000088500000|100%|HS|  |TAMS 0x0000000088400000, 0x0000000088400000| Complete 
| 133|0x0000000088500000, 0x0000000088600000, 0x0000000088600000|100%|HS|  |TAMS 0x0000000088500000, 0x0000000088500000| Complete 
| 134|0x0000000088600000, 0x0000000088700000, 0x0000000088700000|100%|HC|  |TAMS 0x0000000088600000, 0x0000000088600000| Complete 
| 135|0x0000000088700000, 0x0000000088800000, 0x0000000088800000|100%| O|  |TAMS 0x0000000088700000, 0x0000000088700000| Untracked 
| 136|0x0000000088800000, 0x0000000088900000, 0x0000000088900000|100%| O|  |TAMS 0x0000000088800000, 0x0000000088800000| Untracked 
| 137|0x0000000088900000, 0x0000000088a00000, 0x0000000088a00000|100%| O|  |TAMS 0x0000000088900000, 0x0000000088900000| Untracked 
| 138|0x0000000088a00000, 0x0000000088b00000, 0x0000000088b00000|100%| O|  |TAMS 0x0000000088a00000, 0x0000000088a00000| Untracked 
| 139|0x0000000088b00000, 0x0000000088c00000, 0x0000000088c00000|100%| O|  |TAMS 0x0000000088b00000, 0x0000000088b00000| Untracked 
| 140|0x0000000088c00000, 0x0000000088d00000, 0x0000000088d00000|100%| O|  |TAMS 0x0000000088c00000, 0x0000000088c00000| Untracked 
| 141|0x0000000088d00000, 0x0000000088e00000, 0x0000000088e00000|100%|HS|  |TAMS 0x0000000088d00000, 0x0000000088d00000| Complete 
| 142|0x0000000088e00000, 0x0000000088f00000, 0x0000000088f00000|100%|HC|  |TAMS 0x0000000088e00000, 0x0000000088e00000| Complete 
| 143|0x0000000088f00000, 0x0000000089000000, 0x0000000089000000|100%|HS|  |TAMS 0x0000000088f00000, 0x0000000088f00000| Complete 
| 144|0x0000000089000000, 0x0000000089100000, 0x0000000089100000|100%|HC|  |TAMS 0x0000000089000000, 0x0000000089000000| Complete 
| 145|0x0000000089100000, 0x0000000089200000, 0x0000000089200000|100%|HC|  |TAMS 0x0000000089100000, 0x0000000089100000| Complete 
| 146|0x0000000089200000, 0x0000000089300000, 0x0000000089300000|100%| O|  |TAMS 0x0000000089200000, 0x0000000089200000| Untracked 
| 147|0x0000000089300000, 0x0000000089400000, 0x0000000089400000|100%| O|  |TAMS 0x0000000089300000, 0x0000000089300000| Untracked 
| 148|0x0000000089400000, 0x0000000089500000, 0x0000000089500000|100%| O|  |TAMS 0x0000000089400000, 0x0000000089400000| Untracked 
| 149|0x0000000089500000, 0x0000000089600000, 0x0000000089600000|100%|HS|  |TAMS 0x0000000089500000, 0x0000000089500000| Complete 
| 150|0x0000000089600000, 0x0000000089700000, 0x0000000089700000|100%|HC|  |TAMS 0x0000000089600000, 0x0000000089600000| Complete 
| 151|0x0000000089700000, 0x0000000089800000, 0x0000000089800000|100%| O|  |TAMS 0x0000000089700000, 0x0000000089700000| Untracked 
| 152|0x0000000089800000, 0x0000000089900000, 0x0000000089900000|100%|HS|  |TAMS 0x0000000089800000, 0x0000000089800000| Complete 
| 153|0x0000000089900000, 0x0000000089a00000, 0x0000000089a00000|100%| O|  |TAMS 0x0000000089900000, 0x0000000089900000| Untracked 
| 154|0x0000000089a00000, 0x0000000089b00000, 0x0000000089b00000|100%| O|  |TAMS 0x0000000089a00000, 0x0000000089a00000| Untracked 
| 155|0x0000000089b00000, 0x0000000089c00000, 0x0000000089c00000|100%| O|  |TAMS 0x0000000089b00000, 0x0000000089b00000| Untracked 
| 156|0x0000000089c00000, 0x0000000089d00000, 0x0000000089d00000|100%|HS|  |TAMS 0x0000000089c00000, 0x0000000089c00000| Complete 
| 157|0x0000000089d00000, 0x0000000089e00000, 0x0000000089e00000|100%|HC|  |TAMS 0x0000000089d00000, 0x0000000089d00000| Complete 
| 158|0x0000000089e00000, 0x0000000089f00000, 0x0000000089f00000|100%| O|  |TAMS 0x0000000089e00000, 0x0000000089e00000| Untracked 
| 159|0x0000000089f00000, 0x000000008a000000, 0x000000008a000000|100%| O|  |TAMS 0x0000000089f00000, 0x0000000089f00000| Untracked 
| 160|0x000000008a000000, 0x000000008a100000, 0x000000008a100000|100%| O|  |TAMS 0x000000008a000000, 0x000000008a000000| Untracked 
| 161|0x000000008a100000, 0x000000008a200000, 0x000000008a200000|100%| O|  |TAMS 0x000000008a100000, 0x000000008a100000| Untracked 
| 162|0x000000008a200000, 0x000000008a300000, 0x000000008a300000|100%| O|  |TAMS 0x000000008a200000, 0x000000008a200000| Untracked 
| 163|0x000000008a300000, 0x000000008a400000, 0x000000008a400000|100%|HS|  |TAMS 0x000000008a300000, 0x000000008a300000| Complete 
| 164|0x000000008a400000, 0x000000008a500000, 0x000000008a500000|100%|HC|  |TAMS 0x000000008a400000, 0x000000008a400000| Complete 
| 165|0x000000008a500000, 0x000000008a600000, 0x000000008a600000|100%| O|  |TAMS 0x000000008a500000, 0x000000008a500000| Untracked 
| 166|0x000000008a600000, 0x000000008a700000, 0x000000008a700000|100%| O|  |TAMS 0x000000008a600000, 0x000000008a600000| Untracked 
| 167|0x000000008a700000, 0x000000008a800000, 0x000000008a800000|100%| O|  |TAMS 0x000000008a700000, 0x000000008a700000| Untracked 
| 168|0x000000008a800000, 0x000000008a900000, 0x000000008a900000|100%| O|  |TAMS 0x000000008a800000, 0x000000008a800000| Untracked 
| 169|0x000000008a900000, 0x000000008a9c5c00, 0x000000008aa00000| 77%| O|  |TAMS 0x000000008a900000, 0x000000008a900000| Untracked 
| 170|0x000000008aa00000, 0x000000008aa00000, 0x000000008ab00000|  0%| F|  |TAMS 0x000000008aa00000, 0x000000008aa00000| Untracked 
| 171|0x000000008ab00000, 0x000000008ab00000, 0x000000008ac00000|  0%| F|  |TAMS 0x000000008ab00000, 0x000000008ab00000| Untracked 
| 172|0x000000008ac00000, 0x000000008ac00000, 0x000000008ad00000|  0%| F|  |TAMS 0x000000008ac00000, 0x000000008ac00000| Untracked 
| 173|0x000000008ad00000, 0x000000008ad00000, 0x000000008ae00000|  0%| F|  |TAMS 0x000000008ad00000, 0x000000008ad00000| Untracked 
| 174|0x000000008ae00000, 0x000000008af00000, 0x000000008af00000|100%|HS|  |TAMS 0x000000008ae00000, 0x000000008ae00000| Complete 
| 175|0x000000008af00000, 0x000000008b000000, 0x000000008b000000|100%|HC|  |TAMS 0x000000008af00000, 0x000000008af00000| Complete 
| 176|0x000000008b000000, 0x000000008b100000, 0x000000008b100000|100%|HC|  |TAMS 0x000000008b000000, 0x000000008b000000| Complete 
| 177|0x000000008b100000, 0x000000008b200000, 0x000000008b200000|100%| O|  |TAMS 0x000000008b100000, 0x000000008b100000| Untracked 
| 178|0x000000008b200000, 0x000000008b300000, 0x000000008b300000|100%| O|  |TAMS 0x000000008b200000, 0x000000008b200000| Untracked 
| 179|0x000000008b300000, 0x000000008b400000, 0x000000008b400000|100%| O|  |TAMS 0x000000008b300000, 0x000000008b300000| Untracked 
| 180|0x000000008b400000, 0x000000008b500000, 0x000000008b500000|100%| O|  |TAMS 0x000000008b400000, 0x000000008b400000| Untracked 
| 181|0x000000008b500000, 0x000000008b500000, 0x000000008b600000|  0%| F|  |TAMS 0x000000008b500000, 0x000000008b500000| Untracked 
| 182|0x000000008b600000, 0x000000008b600000, 0x000000008b700000|  0%| F|  |TAMS 0x000000008b600000, 0x000000008b600000| Untracked 
| 183|0x000000008b700000, 0x000000008b700000, 0x000000008b800000|  0%| F|  |TAMS 0x000000008b700000, 0x000000008b700000| Untracked 
| 184|0x000000008b800000, 0x000000008b800000, 0x000000008b900000|  0%| F|  |TAMS 0x000000008b800000, 0x000000008b800000| Untracked 
| 185|0x000000008b900000, 0x000000008b900000, 0x000000008ba00000|  0%| F|  |TAMS 0x000000008b900000, 0x000000008b900000| Untracked 
| 186|0x000000008ba00000, 0x000000008ba00000, 0x000000008bb00000|  0%| F|  |TAMS 0x000000008ba00000, 0x000000008ba00000| Untracked 
| 187|0x000000008bb00000, 0x000000008bb00000, 0x000000008bc00000|  0%| F|  |TAMS 0x000000008bb00000, 0x000000008bb00000| Untracked 
| 188|0x000000008bc00000, 0x000000008bc00000, 0x000000008bd00000|  0%| F|  |TAMS 0x000000008bc00000, 0x000000008bc00000| Untracked 
| 189|0x000000008bd00000, 0x000000008bd00000, 0x000000008be00000|  0%| F|  |TAMS 0x000000008bd00000, 0x000000008bd00000| Untracked 
| 190|0x000000008be00000, 0x000000008be00000, 0x000000008bf00000|  0%| F|  |TAMS 0x000000008be00000, 0x000000008be00000| Untracked 
| 191|0x000000008bf00000, 0x000000008bf00000, 0x000000008c000000|  0%| F|  |TAMS 0x000000008bf00000, 0x000000008bf00000| Untracked 
| 192|0x000000008c000000, 0x000000008c000000, 0x000000008c100000|  0%| F|  |TAMS 0x000000008c000000, 0x000000008c000000| Untracked 
| 193|0x000000008c100000, 0x000000008c100000, 0x000000008c200000|  0%| F|  |TAMS 0x000000008c100000, 0x000000008c100000| Untracked 
| 194|0x000000008c200000, 0x000000008c200000, 0x000000008c300000|  0%| F|  |TAMS 0x000000008c200000, 0x000000008c200000| Untracked 
| 195|0x000000008c300000, 0x000000008c300000, 0x000000008c400000|  0%| F|  |TAMS 0x000000008c300000, 0x000000008c300000| Untracked 
| 196|0x000000008c400000, 0x000000008c400000, 0x000000008c500000|  0%| F|  |TAMS 0x000000008c400000, 0x000000008c400000| Untracked 
| 197|0x000000008c500000, 0x000000008c500000, 0x000000008c600000|  0%| F|  |TAMS 0x000000008c500000, 0x000000008c500000| Untracked 
| 198|0x000000008c600000, 0x000000008c600000, 0x000000008c700000|  0%| F|  |TAMS 0x000000008c600000, 0x000000008c600000| Untracked 
| 199|0x000000008c700000, 0x000000008c700000, 0x000000008c800000|  0%| F|  |TAMS 0x000000008c700000, 0x000000008c700000| Untracked 
| 200|0x000000008c800000, 0x000000008c800000, 0x000000008c900000|  0%| F|  |TAMS 0x000000008c800000, 0x000000008c800000| Untracked 
| 201|0x000000008c900000, 0x000000008c900000, 0x000000008ca00000|  0%| F|  |TAMS 0x000000008c900000, 0x000000008c900000| Untracked 
| 202|0x000000008ca00000, 0x000000008ca00000, 0x000000008cb00000|  0%| F|  |TAMS 0x000000008ca00000, 0x000000008ca00000| Untracked 
| 203|0x000000008cb00000, 0x000000008cb00000, 0x000000008cc00000|  0%| F|  |TAMS 0x000000008cb00000, 0x000000008cb00000| Untracked 
| 204|0x000000008cc00000, 0x000000008cc00000, 0x000000008cd00000|  0%| F|  |TAMS 0x000000008cc00000, 0x000000008cc00000| Untracked 
| 205|0x000000008cd00000, 0x000000008cd00000, 0x000000008ce00000|  0%| F|  |TAMS 0x000000008cd00000, 0x000000008cd00000| Untracked 
| 206|0x000000008ce00000, 0x000000008ce00000, 0x000000008cf00000|  0%| F|  |TAMS 0x000000008ce00000, 0x000000008ce00000| Untracked 
| 207|0x000000008cf00000, 0x000000008d000000, 0x000000008d000000|100%| S|CS|TAMS 0x000000008cf00000, 0x000000008cf00000| Complete 
| 208|0x000000008d000000, 0x000000008d100000, 0x000000008d100000|100%| S|CS|TAMS 0x000000008d000000, 0x000000008d000000| Complete 
| 209|0x000000008d100000, 0x000000008d100000, 0x000000008d200000|  0%| F|  |TAMS 0x000000008d100000, 0x000000008d100000| Untracked 
| 210|0x000000008d200000, 0x000000008d200000, 0x000000008d300000|  0%| F|  |TAMS 0x000000008d200000, 0x000000008d200000| Untracked 
| 211|0x000000008d300000, 0x000000008d300000, 0x000000008d400000|  0%| F|  |TAMS 0x000000008d300000, 0x000000008d300000| Untracked 
| 212|0x000000008d400000, 0x000000008d500000, 0x000000008d500000|100%| S|CS|TAMS 0x000000008d400000, 0x000000008d400000| Complete 
| 213|0x000000008d500000, 0x000000008d500000, 0x000000008d600000|  0%| F|  |TAMS 0x000000008d500000, 0x000000008d500000| Untracked 
| 214|0x000000008d600000, 0x000000008d600000, 0x000000008d700000|  0%| F|  |TAMS 0x000000008d600000, 0x000000008d600000| Untracked 
| 215|0x000000008d700000, 0x000000008d700000, 0x000000008d800000|  0%| F|  |TAMS 0x000000008d700000, 0x000000008d700000| Untracked 
| 216|0x000000008d800000, 0x000000008d800000, 0x000000008d900000|  0%| F|  |TAMS 0x000000008d800000, 0x000000008d800000| Untracked 
| 217|0x000000008d900000, 0x000000008d900000, 0x000000008da00000|  0%| F|  |TAMS 0x000000008d900000, 0x000000008d900000| Untracked 
| 218|0x000000008da00000, 0x000000008da00000, 0x000000008db00000|  0%| F|  |TAMS 0x000000008da00000, 0x000000008da00000| Untracked 
| 219|0x000000008db00000, 0x000000008db00000, 0x000000008dc00000|  0%| F|  |TAMS 0x000000008db00000, 0x000000008db00000| Untracked 
| 220|0x000000008dc00000, 0x000000008dc00000, 0x000000008dd00000|  0%| F|  |TAMS 0x000000008dc00000, 0x000000008dc00000| Untracked 
| 221|0x000000008dd00000, 0x000000008dd00000, 0x000000008de00000|  0%| F|  |TAMS 0x000000008dd00000, 0x000000008dd00000| Untracked 
| 222|0x000000008de00000, 0x000000008de00000, 0x000000008df00000|  0%| F|  |TAMS 0x000000008de00000, 0x000000008de00000| Untracked 
| 223|0x000000008df00000, 0x000000008df00000, 0x000000008e000000|  0%| F|  |TAMS 0x000000008df00000, 0x000000008df00000| Untracked 
| 224|0x000000008e000000, 0x000000008e000000, 0x000000008e100000|  0%| F|  |TAMS 0x000000008e000000, 0x000000008e000000| Untracked 
| 225|0x000000008e100000, 0x000000008e100000, 0x000000008e200000|  0%| F|  |TAMS 0x000000008e100000, 0x000000008e100000| Untracked 
| 226|0x000000008e200000, 0x000000008e200000, 0x000000008e300000|  0%| F|  |TAMS 0x000000008e200000, 0x000000008e200000| Untracked 
| 227|0x000000008e300000, 0x000000008e300000, 0x000000008e400000|  0%| F|  |TAMS 0x000000008e300000, 0x000000008e300000| Untracked 
| 228|0x000000008e400000, 0x000000008e400000, 0x000000008e500000|  0%| F|  |TAMS 0x000000008e400000, 0x000000008e400000| Untracked 
| 229|0x000000008e500000, 0x000000008e500000, 0x000000008e600000|  0%| F|  |TAMS 0x000000008e500000, 0x000000008e500000| Untracked 
| 230|0x000000008e600000, 0x000000008e600000, 0x000000008e700000|  0%| F|  |TAMS 0x000000008e600000, 0x000000008e600000| Untracked 
| 231|0x000000008e700000, 0x000000008e700000, 0x000000008e800000|  0%| F|  |TAMS 0x000000008e700000, 0x000000008e700000| Untracked 
| 232|0x000000008e800000, 0x000000008e800000, 0x000000008e900000|  0%| F|  |TAMS 0x000000008e800000, 0x000000008e800000| Untracked 
| 233|0x000000008e900000, 0x000000008e900000, 0x000000008ea00000|  0%| F|  |TAMS 0x000000008e900000, 0x000000008e900000| Untracked 

Card table byte_map: [0x00000205200f0000,0x00000205204f0000] _byte_map_base: 0x000002051fcf0000

Marking Bits (Prev, Next): (CMBitMap*) 0x000002050ba58310, (CMBitMap*) 0x000002050ba582d0
 Prev Bits: [0x00000205228f0000, 0x00000205248f0000)
 Next Bits: [0x00000205208f0000, 0x00000205228f0000)

Polling page: 0x000002050bad0000

Metaspace:

Usage:
  Non-class:    107.85 MB used.
      Class:     16.48 MB used.
       Both:    124.33 MB used.

Virtual space:
  Non-class space:      112.00 MB reserved,     108.25 MB ( 97%) committed,  14 nodes.
      Class space:        1.00 GB reserved,      16.88 MB (  2%) committed,  1 nodes.
             Both:        1.11 GB reserved,     125.12 MB ( 11%) committed. 

Chunk freelists:
   Non-Class:  3.11 MB
       Class:  2.98 MB
        Both:  6.09 MB

MaxMetaspaceSize: unlimited
CompressedClassSpaceSize: 1.00 GB
Initial GC threshold: 21.00 MB
Current GC threshold: 166.19 MB
CDS: off
MetaspaceReclaimPolicy: balanced
 - commit_granule_bytes: 65536.
 - commit_granule_words: 8192.
 - virtual_space_node_default_size: 1048576.
 - enlarge_chunks_in_place: 1.
 - new_chunks_are_fully_committed: 0.
 - uncommit_free_chunks: 1.
 - use_allocation_guard: 0.
 - handle_deallocations: 1.


Internal statistics:

num_allocs_failed_limit: 9.
num_arena_births: 1144.
num_arena_deaths: 8.
num_vsnodes_births: 15.
num_vsnodes_deaths: 0.
num_space_committed: 2002.
num_space_uncommitted: 0.
num_chunks_returned_to_freelist: 19.
num_chunks_taken_from_freelist: 5977.
num_chunk_merges: 10.
num_chunk_splits: 4055.
num_chunks_enlarged: 2812.
num_purges: 2.
num_inconsistent_stats: 0.

CodeHeap 'non-profiled nmethods': size=120000Kb used=10816Kb max_used=10816Kb free=109183Kb
 bounds [0x0000020518190000, 0x0000020518c30000, 0x000002051f6c0000]
CodeHeap 'profiled nmethods': size=120000Kb used=36928Kb max_used=36928Kb free=83071Kb
 bounds [0x00000205106c0000, 0x0000020512ae0000, 0x0000020517bf0000]
CodeHeap 'non-nmethods': size=5760Kb used=2444Kb max_used=2521Kb free=3315Kb
 bounds [0x0000020517bf0000, 0x0000020517e70000, 0x0000020518190000]
 total_blobs=18776 nmethods=17797 adapters=890
 compilation: enabled
              stopped_count=0, restarted_count=0
 full_count=0

Compilation events (20 events):
Event: 36.017 Thread 0x0000020527863d80 21402       2       com.android.tools.r8.internal.Dn::setValue (10 bytes)
Event: 36.017 Thread 0x0000020527863d80 nmethod 21402 0x0000020512ac8f10 code [0x0000020512ac90a0, 0x0000020512ac91f8]
Event: 36.020 Thread 0x0000020527863d80 21403       2       com.android.tools.r8.utils.r2$$Lambda$1343/0x0000000100db0490::<init> (10 bytes)
Event: 36.021 Thread 0x0000020527863d80 nmethod 21403 0x0000020512ac9290 code [0x0000020512ac9420, 0x0000020512ac9578]
Event: 36.022 Thread 0x0000020527863d80 21404       2       com.android.tools.r8.internal.cs::hasNext (212 bytes)
Event: 36.023 Thread 0x0000020527863d80 nmethod 21404 0x0000020512ac9610 code [0x0000020512ac9860, 0x0000020512aca248]
Event: 36.023 Thread 0x0000020527863d80 21405       2       com.android.tools.r8.graph.Q2::a (9 bytes)
Event: 36.023 Thread 0x0000020527863d80 nmethod 21405 0x0000020512aca590 code [0x0000020512aca720, 0x0000020512aca848]
Event: 36.026 Thread 0x0000020527863d80 21406       3       com.android.tools.r8.internal.V7::b (169 bytes)
Event: 36.028 Thread 0x0000020527863d80 nmethod 21406 0x0000020512aca910 code [0x0000020512acace0, 0x0000020512acc9a8]
Event: 36.028 Thread 0x0000020527863d80 21407 %     3       com.android.tools.r8.internal.Le::a @ 108 (142 bytes)
Event: 36.029 Thread 0x0000020527863d80 nmethod 21407% 0x0000020512acd310 code [0x0000020512acd5c0, 0x0000020512ace668]
Event: 36.030 Thread 0x0000020527863d80 21408       2       com.android.tools.r8.graph.p0$$Lambda$1630/0x0000000100eccc68::test (8 bytes)
Event: 36.030 Thread 0x0000020527863d80 nmethod 21408 0x0000020512acec10 code [0x0000020512acedc0, 0x0000020512acef88]
Event: 36.030 Thread 0x0000020527863d80 21409       2       com.android.tools.r8.graph.p0::d (23 bytes)
Event: 36.030 Thread 0x0000020527863d80 nmethod 21409 0x0000020512acf090 code [0x0000020512acf240, 0x0000020512acf3c8]
Event: 36.031 Thread 0x0000020527863d80 21410       2       java.util.Arrays$ArrayList::spliterator (10 bytes)
Event: 36.031 Thread 0x0000020527863d80 nmethod 21410 0x0000020512acf510 code [0x0000020512acf6c0, 0x0000020512acf8f8]
Event: 36.051 Thread 0x0000020527863d80 21413       2       com.android.tools.r8.internal.O6::a (25 bytes)
Event: 36.052 Thread 0x0000020527863d80 nmethod 21413 0x0000020512acfa10 code [0x0000020512acfc00, 0x0000020512acff68]

GC Heap History (20 events):
Event: 30.043 GC heap after
{Heap after GC invocations=59 (full 0):
 garbage-first heap   total 199680K, used 116918K [0x0000000080000000, 0x0000000100000000)
  region size 1024K, 3 young (3072K), 3 survivors (3072K)
 Metaspace       used 112983K, committed 113664K, reserved 1146880K
  class space    used 15184K, committed 15488K, reserved 1048576K
}
Event: 30.919 GC heap before
{Heap before GC invocations=59 (full 0):
 garbage-first heap   total 199680K, used 173238K [0x0000000080000000, 0x0000000100000000)
  region size 1024K, 59 young (60416K), 3 survivors (3072K)
 Metaspace       used 115846K, committed 116608K, reserved 1155072K
  class space    used 15580K, committed 15936K, reserved 1048576K
}
Event: 30.926 GC heap after
{Heap after GC invocations=60 (full 0):
 garbage-first heap   total 199680K, used 119339K [0x0000000080000000, 0x0000000100000000)
  region size 1024K, 5 young (5120K), 5 survivors (5120K)
 Metaspace       used 115846K, committed 116608K, reserved 1155072K
  class space    used 15580K, committed 15936K, reserved 1048576K
}
Event: 32.334 GC heap before
{Heap before GC invocations=60 (full 0):
 garbage-first heap   total 199680K, used 174635K [0x0000000080000000, 0x0000000100000000)
  region size 1024K, 57 young (58368K), 5 survivors (5120K)
 Metaspace       used 122505K, committed 123264K, reserved 1163264K
  class space    used 16404K, committed 16768K, reserved 1048576K
}
Event: 32.347 GC heap after
{Heap after GC invocations=61 (full 0):
 garbage-first heap   total 199680K, used 126320K [0x0000000080000000, 0x0000000100000000)
  region size 1024K, 8 young (8192K), 8 survivors (8192K)
 Metaspace       used 122505K, committed 123264K, reserved 1163264K
  class space    used 16404K, committed 16768K, reserved 1048576K
}
Event: 33.991 GC heap before
{Heap before GC invocations=61 (full 0):
 garbage-first heap   total 199680K, used 168304K [0x0000000080000000, 0x0000000100000000)
  region size 1024K, 49 young (50176K), 8 survivors (8192K)
 Metaspace       used 124881K, committed 125696K, reserved 1163264K
  class space    used 16605K, committed 16960K, reserved 1048576K
}
Event: 34.004 GC heap after
{Heap after GC invocations=62 (full 0):
 garbage-first heap   total 199680K, used 132660K [0x0000000080000000, 0x0000000100000000)
  region size 1024K, 7 young (7168K), 7 survivors (7168K)
 Metaspace       used 124881K, committed 125696K, reserved 1163264K
  class space    used 16605K, committed 16960K, reserved 1048576K
}
Event: 34.703 GC heap before
{Heap before GC invocations=62 (full 0):
 garbage-first heap   total 199680K, used 165428K [0x0000000080000000, 0x0000000100000000)
  region size 1024K, 40 young (40960K), 7 survivors (7168K)
 Metaspace       used 126062K, committed 126848K, reserved 1163264K
  class space    used 16724K, committed 17088K, reserved 1048576K
}
Event: 34.719 GC heap after
{Heap after GC invocations=63 (full 0):
 garbage-first heap   total 199680K, used 136346K [0x0000000080000000, 0x0000000100000000)
  region size 1024K, 4 young (4096K), 4 survivors (4096K)
 Metaspace       used 126062K, committed 126848K, reserved 1163264K
  class space    used 16724K, committed 17088K, reserved 1048576K
}
Event: 35.167 GC heap before
{Heap before GC invocations=63 (full 0):
 garbage-first heap   total 199680K, used 171162K [0x0000000080000000, 0x0000000100000000)
  region size 1024K, 34 young (34816K), 4 survivors (4096K)
 Metaspace       used 126441K, committed 127232K, reserved 1163264K
  class space    used 16764K, committed 17152K, reserved 1048576K
}
Event: 35.175 GC heap after
{Heap after GC invocations=64 (full 0):
 garbage-first heap   total 199680K, used 146551K [0x0000000080000000, 0x0000000100000000)
  region size 1024K, 5 young (5120K), 5 survivors (5120K)
 Metaspace       used 126441K, committed 127232K, reserved 1163264K
  class space    used 16764K, committed 17152K, reserved 1048576K
}
Event: 35.383 GC heap before
{Heap before GC invocations=64 (full 0):
 garbage-first heap   total 199680K, used 181367K [0x0000000080000000, 0x0000000100000000)
  region size 1024K, 26 young (26624K), 5 survivors (5120K)
 Metaspace       used 127134K, committed 127936K, reserved 1163264K
  class space    used 16870K, committed 17280K, reserved 1048576K
}
Event: 35.390 GC heap after
{Heap after GC invocations=65 (full 0):
 garbage-first heap   total 239616K, used 160425K [0x0000000080000000, 0x0000000100000000)
  region size 1024K, 4 young (4096K), 4 survivors (4096K)
 Metaspace       used 127134K, committed 127936K, reserved 1163264K
  class space    used 16870K, committed 17280K, reserved 1048576K
}
Event: 35.686 GC heap before
{Heap before GC invocations=65 (full 0):
 garbage-first heap   total 239616K, used 213673K [0x0000000080000000, 0x0000000100000000)
  region size 1024K, 38 young (38912K), 4 survivors (4096K)
 Metaspace       used 127283K, committed 128064K, reserved 1163264K
  class space    used 16878K, committed 17280K, reserved 1048576K
}
Event: 35.694 GC heap after
{Heap after GC invocations=66 (full 0):
 garbage-first heap   total 239616K, used 173628K [0x0000000080000000, 0x0000000100000000)
  region size 1024K, 5 young (5120K), 5 survivors (5120K)
 Metaspace       used 127283K, committed 128064K, reserved 1163264K
  class space    used 16878K, committed 17280K, reserved 1048576K
}
Event: 35.846 GC heap before
{Heap before GC invocations=66 (full 0):
 garbage-first heap   total 239616K, used 198204K [0x0000000080000000, 0x0000000100000000)
  region size 1024K, 30 young (30720K), 5 survivors (5120K)
 Metaspace       used 127307K, committed 128064K, reserved 1163264K
  class space    used 16878K, committed 17280K, reserved 1048576K
}
Event: 35.855 GC heap after
{Heap after GC invocations=67 (full 0):
 garbage-first heap   total 239616K, used 178130K [0x0000000080000000, 0x0000000100000000)
  region size 1024K, 4 young (4096K), 4 survivors (4096K)
 Metaspace       used 127307K, committed 128064K, reserved 1163264K
  class space    used 16878K, committed 17280K, reserved 1048576K
}
Event: 35.959 GC heap before
{Heap before GC invocations=67 (full 0):
 garbage-first heap   total 239616K, used 200658K [0x0000000080000000, 0x0000000100000000)
  region size 1024K, 26 young (26624K), 4 survivors (4096K)
 Metaspace       used 127313K, committed 128128K, reserved 1163264K
  class space    used 16878K, committed 17280K, reserved 1048576K
}
Event: 35.966 GC heap after
{Heap after GC invocations=68 (full 0):
 garbage-first heap   total 239616K, used 180777K [0x0000000080000000, 0x0000000100000000)
  region size 1024K, 3 young (3072K), 3 survivors (3072K)
 Metaspace       used 127313K, committed 128128K, reserved 1163264K
  class space    used 16878K, committed 17280K, reserved 1048576K
}
Event: 36.078 GC heap before
{Heap before GC invocations=68 (full 0):
 garbage-first heap   total 239616K, used 202281K [0x0000000080000000, 0x0000000100000000)
  region size 1024K, 24 young (24576K), 3 survivors (3072K)
 Metaspace       used 127318K, committed 128128K, reserved 1163264K
  class space    used 16878K, committed 17280K, reserved 1048576K
}

Dll operation events (2 events):
Event: 0.007 Loaded shared library C:\Program Files\Android\Android Studio\jbr\bin\java.dll
Event: 0.533 Loaded shared library C:\Program Files\Android\Android Studio\jbr\bin\verify.dll

Deoptimization events (20 events):
Event: 35.766 Thread 0x00000205304c5370 DEOPT PACKING pc=0x0000020518be8c7c sp=0x000000a959cfd3a0
Event: 35.766 Thread 0x00000205304c5370 DEOPT UNPACKING pc=0x0000020517c469a3 sp=0x000000a959cfd2d8 mode 2
Event: 35.769 Thread 0x00000205304c5370 Uncommon trap: trap_request=0xffffff45 fr.pc=0x0000020518be8fe8 relative=0x00000000000000e8
Event: 35.769 Thread 0x00000205304c5370 Uncommon trap: reason=unstable_if action=reinterpret pc=0x0000020518be8fe8 method=com.android.tools.r8.utils.e1.e(I)Z @ 45 c2
Event: 35.769 Thread 0x00000205304c5370 DEOPT PACKING pc=0x0000020518be8fe8 sp=0x000000a959cfd340
Event: 35.769 Thread 0x00000205304c5370 DEOPT UNPACKING pc=0x0000020517c469a3 sp=0x000000a959cfd2d8 mode 2
Event: 35.831 Thread 0x00000205301c5a10 DEOPT PACKING pc=0x000002051211cad3 sp=0x000000a959bfbc10
Event: 35.831 Thread 0x00000205301c5a10 DEOPT UNPACKING pc=0x0000020517c47143 sp=0x000000a959bfb350 mode 0
Event: 35.938 Thread 0x00000205304c5840 DEOPT PACKING pc=0x0000020512364637 sp=0x000000a959dfbfa0
Event: 35.938 Thread 0x00000205304c5840 DEOPT UNPACKING pc=0x0000020517c47143 sp=0x000000a959dfb458 mode 0
Event: 36.021 Thread 0x00000205304c49d0 Uncommon trap: trap_request=0xffffffde fr.pc=0x00000205189ac83c relative=0x000000000000037c
Event: 36.021 Thread 0x00000205304c49d0 Uncommon trap: reason=class_check action=maybe_recompile pc=0x00000205189ac83c method=com.android.tools.r8.internal.cs.hasNext()Z @ 31 c2
Event: 36.021 Thread 0x00000205304c49d0 DEOPT PACKING pc=0x00000205189ac83c sp=0x000000a95a9fd410
Event: 36.021 Thread 0x00000205304c49d0 DEOPT UNPACKING pc=0x0000020517c469a3 sp=0x000000a95a9fd3d0 mode 2
Event: 36.021 Thread 0x00000205304c49d0 Uncommon trap: trap_request=0xffffffde fr.pc=0x00000205189ac83c relative=0x000000000000037c
Event: 36.021 Thread 0x00000205304c49d0 Uncommon trap: reason=class_check action=maybe_recompile pc=0x00000205189ac83c method=com.android.tools.r8.internal.cs.hasNext()Z @ 31 c2
Event: 36.021 Thread 0x00000205304c49d0 DEOPT PACKING pc=0x00000205189ac83c sp=0x000000a95a9fd420
Event: 36.021 Thread 0x00000205304c49d0 DEOPT UNPACKING pc=0x0000020517c469a3 sp=0x000000a95a9fd3e0 mode 2
Event: 36.035 Thread 0x00000205304c5840 DEOPT PACKING pc=0x0000020510a5fbd5 sp=0x000000a959dfbcf0
Event: 36.035 Thread 0x00000205304c5840 DEOPT UNPACKING pc=0x0000020517c47143 sp=0x000000a959dfb1a8 mode 0

Classes unloaded (4 events):
Event: 20.176 Thread 0x0000020526f211b0 Unloading class 0x0000000100ba1000 'java/lang/invoke/LambdaForm$DMH+0x0000000100ba1000'
Event: 20.176 Thread 0x0000020526f211b0 Unloading class 0x0000000100ba0800 'java/lang/invoke/LambdaForm$DMH+0x0000000100ba0800'
Event: 20.176 Thread 0x0000020526f211b0 Unloading class 0x0000000100ba0c00 'java/lang/invoke/LambdaForm$DMH+0x0000000100ba0c00'
Event: 20.176 Thread 0x0000020526f211b0 Unloading class 0x0000000100ba0400 'java/lang/invoke/LambdaForm$DMH+0x0000000100ba0400'

Classes redefined (0 events):
No events

Internal exceptions (20 events):
Event: 34.124 Thread 0x000002052cabdf40 Exception <a 'sun/nio/fs/WindowsException'{0x000000008bccdb70}> (0x000000008bccdb70) 
thrown [s\src\hotspot\share\prims\jni.cpp, line 517]
Event: 34.129 Thread 0x000002052cabdf40 Exception <a 'sun/nio/fs/WindowsException'{0x000000008bcd6010}> (0x000000008bcd6010) 
thrown [s\src\hotspot\share\prims\jni.cpp, line 517]
Event: 34.164 Thread 0x000002052cabdf40 Exception <a 'sun/nio/fs/WindowsException'{0x000000008b99c360}> (0x000000008b99c360) 
thrown [s\src\hotspot\share\prims\jni.cpp, line 517]
Event: 34.179 Thread 0x000002052cabdf40 Exception <a 'sun/nio/fs/WindowsException'{0x000000008b9b4df8}> (0x000000008b9b4df8) 
thrown [s\src\hotspot\share\prims\jni.cpp, line 517]
Event: 34.202 Thread 0x000002052cabdf40 Exception <a 'sun/nio/fs/WindowsException'{0x000000008b9bfbd0}> (0x000000008b9bfbd0) 
thrown [s\src\hotspot\share\prims\jni.cpp, line 517]
Event: 34.222 Thread 0x000002052cabdf40 Exception <a 'sun/nio/fs/WindowsException'{0x000000008b85db20}> (0x000000008b85db20) 
thrown [s\src\hotspot\share\prims\jni.cpp, line 517]
Event: 34.236 Thread 0x000002052cabdf40 Exception <a 'sun/nio/fs/WindowsException'{0x000000008b891568}> (0x000000008b891568) 
thrown [s\src\hotspot\share\prims\jni.cpp, line 517]
Event: 34.262 Thread 0x000002052cabdf40 Exception <a 'sun/nio/fs/WindowsException'{0x000000008b8e06c0}> (0x000000008b8e06c0) 
thrown [s\src\hotspot\share\prims\jni.cpp, line 517]
Event: 34.293 Thread 0x000002052cabdf40 Exception <a 'sun/nio/fs/WindowsException'{0x000000008b7307b0}> (0x000000008b7307b0) 
thrown [s\src\hotspot\share\prims\jni.cpp, line 517]
Event: 34.319 Thread 0x000002052cabdf40 Exception <a 'sun/nio/fs/WindowsException'{0x000000008b7b0118}> (0x000000008b7b0118) 
thrown [s\src\hotspot\share\prims\jni.cpp, line 517]
Event: 34.335 Thread 0x000002052cabdf40 Exception <a 'sun/nio/fs/WindowsException'{0x000000008b60ad38}> (0x000000008b60ad38) 
thrown [s\src\hotspot\share\prims\jni.cpp, line 517]
Event: 34.889 Thread 0x00000205292f32c0 Exception <a 'java/lang/NoSuchMethodError'{0x000000008ba51980}: static Lorg/gradle/internal/build/event/types/DefaultJavaCompileTaskSuccessResult;.<clinit>()V> (0x000000008ba51980) 
thrown [s\src\hotspot\share\prims\jni.cpp, line 1108]
Event: 35.184 Thread 0x000002052cab8d70 Exception <a 'sun/nio/fs/WindowsException'{0x000000008df30c78}> (0x000000008df30c78) 
thrown [s\src\hotspot\share\prims\jni.cpp, line 517]
Event: 35.228 Thread 0x000002052cab8d70 Exception <a 'java/lang/NoSuchMethodError'{0x000000008c1c68d0}: static Lcom/android/build/gradle/internal/tasks/DexArchiveBuilderTaskDelegate$ClasspathServiceKey;.<clinit>()V> (0x000000008c1c68d0) 
thrown [s\src\hotspot\share\prims\jni.cpp, line 1108]
Event: 35.249 Thread 0x00000205304c5370 Exception <a 'sun/nio/fs/WindowsException'{0x000000008bfad428}> (0x000000008bfad428) 
thrown [s\src\hotspot\share\prims\jni.cpp, line 517]
Event: 35.269 Thread 0x00000205304c5840 Exception <a 'sun/nio/fs/WindowsException'{0x000000008bdde8c8}> (0x000000008bdde8c8) 
thrown [s\src\hotspot\share\prims\jni.cpp, line 517]
Event: 35.269 Thread 0x00000205301c5a10 Exception <a 'sun/nio/fs/WindowsException'{0x000000008bdc24b0}> (0x000000008bdc24b0) 
thrown [s\src\hotspot\share\prims\jni.cpp, line 517]
Event: 35.274 Thread 0x00000205301c5a10 Exception <a 'java/lang/NoSuchMethodError'{0x000000008bc289a8}: 'java.lang.Object java.lang.invoke.DirectMethodHandle$Holder.newInvokeSpecial(java.lang.Object, java.lang.Object, int, java.lang.Object, java.lang.Object)'> (0x000000008bc289a8) 
thrown [s\src\hotspot\share\interpreter\linkResolver.cpp, line 771]
Event: 35.275 Thread 0x00000205301c5a10 Exception <a 'java/lang/NoSuchMethodError'{0x000000008bc58f70}: 'java.lang.Object java.lang.invoke.Invokers$Holder.linkToTargetMethod(java.lang.Object, int, java.lang.Object, java.lang.Object, java.lang.Object)'> (0x000000008bc58f70) 
thrown [s\src\hotspot\share\interpreter\linkResolver.cpp, line 771]
Event: 35.419 Thread 0x00000205304c5840 Exception <a 'java/lang/NoSuchMethodError'{0x000000008e85b030}: 'long java.lang.invoke.DirectMethodHandle$Holder.invokeStatic(java.lang.Object, java.lang.Object)'> (0x000000008e85b030) 
thrown [s\src\hotspot\share\interpreter\linkResolver.cpp, line 771]

VM Operations (20 events):
Event: 35.176 Executing VM operation: G1CollectForAllocation done
Event: 35.334 Executing VM operation: HandshakeAllThreads
Event: 35.335 Executing VM operation: HandshakeAllThreads done
Event: 35.345 Executing VM operation: HandshakeAllThreads
Event: 35.351 Executing VM operation: HandshakeAllThreads done
Event: 35.365 Executing VM operation: G1CollectForAllocation
Event: 35.397 Executing VM operation: G1CollectForAllocation done
Event: 35.417 Executing VM operation: HandshakeAllThreads
Event: 35.417 Executing VM operation: HandshakeAllThreads done
Event: 35.425 Executing VM operation: HandshakeAllThreads
Event: 35.425 Executing VM operation: HandshakeAllThreads done
Event: 35.669 Executing VM operation: G1CollectForAllocation
Event: 35.697 Executing VM operation: G1CollectForAllocation done
Event: 35.752 Executing VM operation: HandshakeAllThreads
Event: 35.762 Executing VM operation: HandshakeAllThreads done
Event: 35.845 Executing VM operation: G1CollectForAllocation
Event: 35.861 Executing VM operation: G1CollectForAllocation done
Event: 35.943 Executing VM operation: G1CollectForAllocation
Event: 35.973 Executing VM operation: G1CollectForAllocation done
Event: 36.055 Executing VM operation: G1CollectForAllocation

Events (20 events):
Event: 34.398 loading class java/util/concurrent/RecursiveAction
Event: 34.398 loading class java/util/concurrent/RecursiveAction done
Event: 34.465 Thread 0x000002052a566060 Thread added: 0x000002052a566060
Event: 34.465 Thread 0x000002052a5673a0 Thread added: 0x000002052a5673a0
Event: 34.465 Thread 0x000002052a566ed0 Thread added: 0x000002052a566ed0
Event: 34.465 Thread 0x00000205301c5070 Thread added: 0x00000205301c5070
Event: 35.060 loading class java/nio/file/FileTreeIterator
Event: 35.060 loading class java/nio/file/FileTreeIterator done
Event: 35.092 loading class java/io/PushbackInputStream
Event: 35.092 loading class java/io/PushbackInputStream done
Event: 35.335 loading class java/nio/BufferUnderflowException
Event: 35.335 loading class java/nio/BufferUnderflowException done
Event: 35.424 Thread 0x00000205304c49d0 Thread added: 0x00000205304c49d0
Event: 35.787 Thread 0x0000020527864680 flushing nmethod 0x0000020512646990
Event: 35.787 Thread 0x0000020527864680 flushing nmethod 0x00000205126d2290
Event: 35.787 Thread 0x0000020527864680 flushing nmethod 0x00000205126d3b90
Event: 35.787 Thread 0x0000020527864680 flushing nmethod 0x000002051271c690
Event: 35.787 Thread 0x0000020527864680 flushing nmethod 0x000002051271e210
Event: 35.787 Thread 0x0000020527864680 flushing nmethod 0x0000020512724a10
Event: 35.787 Thread 0x0000020527864680 flushing nmethod 0x0000020512724e90


Dynamic libraries:
0x00007ff603790000 - 0x00007ff60379a000 	C:\Program Files\Android\Android Studio\jbr\bin\java.exe
0x00007ffffdf50000 - 0x00007ffffe148000 	C:\WINDOWS\SYSTEM32\ntdll.dll
0x00007ffffc010000 - 0x00007ffffc0cf000 	C:\WINDOWS\System32\KERNEL32.DLL
0x00007ffffbc00000 - 0x00007ffffbef6000 	C:\WINDOWS\System32\KERNELBASE.dll
0x00007ffffbb00000 - 0x00007ffffbc00000 	C:\WINDOWS\System32\ucrtbase.dll
0x00007fffdbf80000 - 0x00007fffdbf97000 	C:\Program Files\Android\Android Studio\jbr\bin\jli.dll
0x00007fffd75a0000 - 0x00007fffd75bb000 	C:\Program Files\Android\Android Studio\jbr\bin\VCRUNTIME140.dll
0x00007ffffc9e0000 - 0x00007ffffcb7d000 	C:\WINDOWS\System32\USER32.dll
0x00007fffe16e0000 - 0x00007fffe197a000 	C:\WINDOWS\WinSxS\amd64_microsoft.windows.common-controls_6595b64144ccf1df_6.0.19041.1110_none_60b5254171f9507e\COMCTL32.dll
0x00007ffffbad0000 - 0x00007ffffbaf2000 	C:\WINDOWS\System32\win32u.dll
0x00007ffffd500000 - 0x00007ffffd59e000 	C:\WINDOWS\System32\msvcrt.dll
0x00007ffffda10000 - 0x00007ffffda3c000 	C:\WINDOWS\System32\GDI32.dll
0x00007ffffb630000 - 0x00007ffffb745000 	C:\WINDOWS\System32\gdi32full.dll
0x00007ffffb7f0000 - 0x00007ffffb88d000 	C:\WINDOWS\System32\msvcp_win.dll
0x00007ffffcfe0000 - 0x00007ffffd010000 	C:\WINDOWS\System32\IMM32.DLL
0x00007fffdf010000 - 0x00007fffdf01c000 	C:\Program Files\Android\Android Studio\jbr\bin\vcruntime140_1.dll
0x00007fffcf590000 - 0x00007fffcf61d000 	C:\Program Files\Android\Android Studio\jbr\bin\msvcp140.dll
0x00007fffca120000 - 0x00007fffcad8e000 	C:\Program Files\Android\Android Studio\jbr\bin\server\jvm.dll
0x00007ffffd320000 - 0x00007ffffd3cf000 	C:\WINDOWS\System32\ADVAPI32.dll
0x00007ffffd7f0000 - 0x00007ffffd88c000 	C:\WINDOWS\System32\sechost.dll
0x00007ffffd5a0000 - 0x00007ffffd6c6000 	C:\WINDOWS\System32\RPCRT4.dll
0x00007ffff3800000 - 0x00007ffff3827000 	C:\WINDOWS\SYSTEM32\WINMM.dll
0x00007fffd2fe0000 - 0x00007fffd2fe9000 	C:\WINDOWS\SYSTEM32\WSOCK32.dll
0x00007ffff3830000 - 0x00007ffff383a000 	C:\WINDOWS\SYSTEM32\VERSION.dll
0x00007ffffd2b0000 - 0x00007ffffd31b000 	C:\WINDOWS\System32\WS2_32.dll
0x00007ffff94f0000 - 0x00007ffff9502000 	C:\WINDOWS\SYSTEM32\kernel.appcore.dll
0x00007fffe04d0000 - 0x00007fffe04da000 	C:\Program Files\Android\Android Studio\jbr\bin\jimage.dll
0x00007ffff4ac0000 - 0x00007ffff4ca4000 	C:\WINDOWS\SYSTEM32\DBGHELP.DLL
0x00007fffef2b0000 - 0x00007fffef2e4000 	C:\WINDOWS\SYSTEM32\dbgcore.DLL
0x00007ffffb890000 - 0x00007ffffb912000 	C:\WINDOWS\System32\bcryptPrimitives.dll
0x00007fffe04a0000 - 0x00007fffe04c5000 	C:\Program Files\Android\Android Studio\jbr\bin\java.dll
0x00007fffe0480000 - 0x00007fffe0498000 	C:\Program Files\Android\Android Studio\jbr\bin\zip.dll
0x00007ffffc1e0000 - 0x00007ffffc924000 	C:\WINDOWS\System32\SHELL32.dll
0x00007ffff96f0000 - 0x00007ffff9e83000 	C:\WINDOWS\SYSTEM32\windows.storage.dll
0x00007ffffcb80000 - 0x00007ffffced4000 	C:\WINDOWS\System32\combase.dll
0x00007ffffafa0000 - 0x00007ffffafce000 	C:\WINDOWS\SYSTEM32\Wldp.dll
0x00007ffffc130000 - 0x00007ffffc1dd000 	C:\WINDOWS\System32\SHCORE.dll
0x00007ffffbfb0000 - 0x00007ffffc005000 	C:\WINDOWS\System32\shlwapi.dll
0x00007ffffb560000 - 0x00007ffffb585000 	C:\WINDOWS\SYSTEM32\profapi.dll
0x00007fffe0460000 - 0x00007fffe0479000 	C:\Program Files\Android\Android Studio\jbr\bin\net.dll
0x00007ffff49b0000 - 0x00007ffff4aba000 	C:\WINDOWS\SYSTEM32\WINHTTP.dll
0x00007ffffad00000 - 0x00007ffffad6a000 	C:\WINDOWS\system32\mswsock.dll
0x00007fffe03e0000 - 0x00007fffe03f6000 	C:\Program Files\Android\Android Studio\jbr\bin\nio.dll
0x00007fffe0450000 - 0x00007fffe0460000 	C:\Program Files\Android\Android Studio\jbr\bin\verify.dll
0x00007fffd4870000 - 0x00007fffd4897000 	C:\Users\Pichau\.gradle\native\68d5fa5c4cc2d200863cafc0d521ce42e7d3e7ee720ec0a83991735586a16f82\windows-amd64\native-platform.dll
0x00007fffc0c50000 - 0x00007fffc0d94000 	C:\Users\Pichau\.gradle\native\e376f236ea51e6404a007f0833ffe2c6e607c4080706a723a18a27aeea778392\windows-amd64\native-platform-file-events.dll
0x00007fffe03d0000 - 0x00007fffe03d9000 	C:\Program Files\Android\Android Studio\jbr\bin\management.dll
0x00007fffe03c0000 - 0x00007fffe03cb000 	C:\Program Files\Android\Android Studio\jbr\bin\management_ext.dll
0x00007ffffd920000 - 0x00007ffffd928000 	C:\WINDOWS\System32\PSAPI.DLL
0x00007ffffaef0000 - 0x00007ffffaf08000 	C:\WINDOWS\SYSTEM32\CRYPTSP.dll
0x00007ffffa610000 - 0x00007ffffa644000 	C:\WINDOWS\system32\rsaenh.dll
0x00007ffffb750000 - 0x00007ffffb777000 	C:\WINDOWS\System32\bcrypt.dll
0x00007ffffb520000 - 0x00007ffffb54e000 	C:\WINDOWS\SYSTEM32\USERENV.dll
0x00007ffffaf10000 - 0x00007ffffaf1c000 	C:\WINDOWS\SYSTEM32\CRYPTBASE.dll
0x00007ffffa9f0000 - 0x00007ffffaa2b000 	C:\WINDOWS\SYSTEM32\IPHLPAPI.DLL
0x00007ffffda00000 - 0x00007ffffda08000 	C:\WINDOWS\System32\NSI.dll
0x00007ffff61f0000 - 0x00007ffff6207000 	C:\WINDOWS\SYSTEM32\dhcpcsvc6.DLL
0x00007ffff61d0000 - 0x00007ffff61ed000 	C:\WINDOWS\SYSTEM32\dhcpcsvc.DLL
0x00007ffffaa30000 - 0x00007ffffaafa000 	C:\WINDOWS\SYSTEM32\DNSAPI.dll
0x00007fffe03b0000 - 0x00007fffe03b7000 	C:\WINDOWS\system32\wshunix.dll

dbghelp: loaded successfully - version: 4.0.5 - missing functions: none
symbol engine: initialized successfully - sym options: 0x614 - pdb path: .;C:\Program Files\Android\Android Studio\jbr\bin;C:\WINDOWS\SYSTEM32;C:\WINDOWS\WinSxS\amd64_microsoft.windows.common-controls_6595b64144ccf1df_6.0.19041.1110_none_60b5254171f9507e;C:\Program Files\Android\Android Studio\jbr\bin\server;C:\Users\Pichau\.gradle\native\68d5fa5c4cc2d200863cafc0d521ce42e7d3e7ee720ec0a83991735586a16f82\windows-amd64;C:\Users\Pichau\.gradle\native\e376f236ea51e6404a007f0833ffe2c6e607c4080706a723a18a27aeea778392\windows-amd64

VM Arguments:
jvm_args: --add-opens=java.base/java.util=ALL-UNNAMED --add-opens=java.base/java.lang=ALL-UNNAMED --add-opens=java.base/java.lang.invoke=ALL-UNNAMED --add-opens=java.prefs/java.util.prefs=ALL-UNNAMED --add-opens=java.base/java.nio.charset=ALL-UNNAMED --add-opens=java.base/java.net=ALL-UNNAMED --add-opens=java.base/java.util.concurrent.atomic=ALL-UNNAMED -Xmx2048m -Dfile.encoding=UTF-8 -Duser.country=BR -Duser.language=pt -Duser.variant 
java_command: org.gradle.launcher.daemon.bootstrap.GradleDaemon 8.0
java_class_path (initial): C:\Users\Pichau\.gradle\wrapper\dists\gradle-8.0-bin\ca5e32bp14vu59qr306oxotwh\gradle-8.0\lib\gradle-launcher-8.0.jar
Launcher Type: SUN_STANDARD

[Global flags]
     intx CICompilerCount                          = 3                                         {product} {ergonomic}
     uint ConcGCThreads                            = 1                                         {product} {ergonomic}
     uint G1ConcRefinementThreads                  = 4                                         {product} {ergonomic}
   size_t G1HeapRegionSize                         = 1048576                                   {product} {ergonomic}
    uintx GCDrainStackTargetSize                   = 64                                        {product} {ergonomic}
   size_t InitialHeapSize                          = 234881024                                 {product} {ergonomic}
   size_t MarkStackSize                            = 4194304                                   {product} {ergonomic}
   size_t MaxHeapSize                              = 2147483648                                {product} {command line}
   size_t MaxNewSize                               = 1287651328                                {product} {ergonomic}
   size_t MinHeapDeltaBytes                        = 1048576                                   {product} {ergonomic}
   size_t MinHeapSize                              = 8388608                                   {product} {ergonomic}
    uintx NonNMethodCodeHeapSize                   = 5832780                                {pd product} {ergonomic}
    uintx NonProfiledCodeHeapSize                  = 122912730                              {pd product} {ergonomic}
    uintx ProfiledCodeHeapSize                     = 122912730                              {pd product} {ergonomic}
    uintx ReservedCodeCacheSize                    = 251658240                              {pd product} {ergonomic}
     bool SegmentedCodeCache                       = true                                      {product} {ergonomic}
   size_t SoftMaxHeapSize                          = 2147483648                             {manageable} {ergonomic}
     bool UseCompressedClassPointers               = true                           {product lp64_product} {ergonomic}
     bool UseCompressedOops                        = true                           {product lp64_product} {ergonomic}
     bool UseG1GC                                  = true                                      {product} {ergonomic}
     bool UseLargePagesIndividualAllocation        = false                                  {pd product} {ergonomic}

Logging:
Log output configuration:
 #0: stdout all=warning uptime,level,tags
 #1: stderr all=off uptime,level,tags

Environment Variables:
PATH=C:\WINDOWS\system32;C:\WINDOWS;C:\WINDOWS\System32\Wbem;C:\WINDOWS\System32\WindowsPowerShell\v1.0\;C:\WINDOWS\System32\OpenSSH\;C:\Program Files\Microsoft SQL Server\150\Tools\Binn\;C:\Program Files\Microsoft SQL Server\Client SDK\ODBC\170\Tools\Binn\;C:\Program Files\dotnet\;C:\Program Files\Microsoft SQL Server\Client SDK\ODBC\110\Tools\Binn\;C:\Program Files (x86)\Microsoft SQL Server\120\Tools\Binn\;C:\Program Files\Microsoft SQL Server\120\Tools\Binn\;C:\Program Files\Microsoft SQL Server\120\DTS\Binn\;C:\Program Files (x86)\Microsoft SQL Server\120\Tools\Binn\ManagementStudio\;C:\Program Files (x86)\Microsoft SQL Server\120\DTS\Binn\;C:\Users\Pichau\AppData\Local\Microsoft\WindowsApps;;C:\Users\Pichau\AppData\Local\Programs\Microsoft VS Code\bin;C:\Users\Pichau\.dotnet\tools
USERNAME=Tho
OS=Windows_NT
PROCESSOR_IDENTIFIER=AMD64 Family 23 Model 17 Stepping 0, AuthenticAMD
TMP=C:\Users\Pichau\AppData\Local\Temp
TEMP=C:\Users\Pichau\AppData\Local\Temp


JNI global refs:
JNI global refs: 27, weak refs: 61

JNI global refs memory usage: 843, weak refs: 1473


---------------  S Y S T E M  ---------------

OS:
 Windows 10 , 64 bit Build 19041 (10.0.19041.3155)
OS uptime: 0 days 3:43 hours

CPU: total 4 (initial active 4) (4 cores per cpu, 1 threads per core) family 23 model 17 stepping 0 microcode 0x0, cx8, cmov, fxsr, mmx, 3dnowpref, sse, sse2, sse3, ssse3, sse4a, sse4.1, sse4.2, popcnt, lzcnt, tsc, tscinvbit, avx, avx2, aes, clmul, bmi1, bmi2, adx, sha, fma, vzeroupper, clflush, clflushopt

Memory: 4k page, system-wide physical 14264M (3439M free)
TotalPageFile size 14264M (AvailPageFile size 44M)
current process WorkingSet (physical memory assigned to process): 571M, peak: 571M
current process commit charge ("private bytes"): 601M, peak: 682M

vm_info: OpenJDK 64-Bit Server VM (17.0.6+0-b2043.56-10027231) for windows-amd64 JRE (17.0.6+0-b2043.56-10027231), built on Apr 28 2023 00:43:19 by "androidbuild" with MS VC++ 16.10 / 16.11 (VS2019)

END.
