#
# There is insufficient memory for the Java Runtime Environment to continue.
# Native memory allocation (malloc) failed to allocate 2054816 bytes for Chunk::new
# Possible reasons:
#   The system is out of physical RAM or swap space
#   The process is running with CompressedOops enabled, and the Java Heap may be blocking the growth of the native heap
# Possible solutions:
#   Reduce memory load on the system
#   Increase physical memory or swap space
#   Check if swap backing store is full
#   Decrease Java heap size (-Xmx/-Xms)
#   Decrease number of Java threads
#   Decrease Java thread stack sizes (-Xss)
#   Set larger code cache with -XX:ReservedCodeCacheSize=
#   JVM is running with Unscaled Compressed Oops mode in which the Java heap is
#     placed in the first 4GB address space. The Java Heap base address is the
#     maximum limit for the native heap growth. Please use -XX:HeapBaseMinAddress
#     to set the Java Heap base and to place the Java Heap above 4GB virtual address.
# This output file may be truncated or incomplete.
#
#  Out of Memory Error (arena.cpp:189), pid=6384, tid=2196
#
# JRE version: OpenJDK Runtime Environment (17.0.6) (build 17.0.6+0-b2043.56-10027231)
# Java VM: OpenJDK 64-Bit Server VM (17.0.6+0-b2043.56-10027231, mixed mode, tiered, compressed oops, compressed class ptrs, g1 gc, windows-amd64)
# No core dump will be written. Minidumps are not enabled by default on client versions of Windows
#

---------------  S U M M A R Y ------------

Command Line: --add-opens=java.base/java.util=ALL-UNNAMED --add-opens=java.base/java.lang=ALL-UNNAMED --add-opens=java.base/java.lang.invoke=ALL-UNNAMED --add-opens=java.prefs/java.util.prefs=ALL-UNNAMED --add-opens=java.base/java.nio.charset=ALL-UNNAMED --add-opens=java.base/java.net=ALL-UNNAMED --add-opens=java.base/java.util.concurrent.atomic=ALL-UNNAMED -Xmx2048m -Dfile.encoding=UTF-8 -Duser.country=BR -Duser.language=pt -Duser.variant org.gradle.launcher.daemon.bootstrap.GradleDaemon 8.0

Host: AMD Ryzen 3 2200G with Radeon Vega Graphics    , 4 cores, 13G,  Windows 10 , 64 bit Build 19041 (10.0.19041.3155)
Time: Tue Sep 12 22:40:38 2023 Hora oficial do Brasil elapsed time: 40.136969 seconds (0d 0h 0m 40s)

---------------  T H R E A D  ---------------

Current thread (0x000001bd1b27e160):  JavaThread "C2 CompilerThread0" daemon [_thread_in_native, id=2196, stack(0x00000056ffb00000,0x00000056ffc00000)]


Current CompileTask:
C2:  40137 20325 %     4       com.android.tools.r8.ir.regalloc.b::c @ 2074 (4041 bytes)

Stack: [0x00000056ffb00000,0x00000056ffc00000]
Native frames: (J=compiled Java code, j=interpreted, Vv=VM code, C=native code)
V  [jvm.dll+0x683c9a]
V  [jvm.dll+0x8427a4]
V  [jvm.dll+0x843f9e]
V  [jvm.dll+0x844603]
V  [jvm.dll+0x249b75]
V  [jvm.dll+0xabcac]
V  [jvm.dll+0xac27c]
V  [jvm.dll+0x2b0eef]
V  [jvm.dll+0x58a267]
V  [jvm.dll+0x2243b2]
V  [jvm.dll+0x22478f]
V  [jvm.dll+0x21e055]
V  [jvm.dll+0x21b51b]
V  [jvm.dll+0x1a4fdd]
V  [jvm.dll+0x22b098]
V  [jvm.dll+0x229159]
V  [jvm.dll+0x7f81ec]
V  [jvm.dll+0x7f274a]
V  [jvm.dll+0x682ad5]
C  [ucrtbase.dll+0x21bb2]
C  [KERNEL32.DLL+0x17614]
C  [ntdll.dll+0x526b1]


---------------  P R O C E S S  ---------------

Threads class SMR info:
_java_thread_list=0x000001bd286fbbc0, length=95, elements={
0x000001bd7fd172d0, 0x000001bd1bc32610, 0x000001bd1b2569b0, 0x000001bd1b277870,
0x000001bd1b278330, 0x000001bd1b278bf0, 0x000001bd1b2794b0, 0x000001bd1b27e160,
0x000001bd1bc548e0, 0x000001bd1bc54df0, 0x000001bd1bdf7020, 0x000001bd1bdf9910,
0x000001bd1ec87ae0, 0x000001bd1be83810, 0x000001bd1d4ce6c0, 0x000001bd1d225210,
0x000001bd1d71cfd0, 0x000001bd1d46de80, 0x000001bd1d46f1c0, 0x000001bd1d46e350,
0x000001bd20a2a0e0, 0x000001bd20a288d0, 0x000001bd20a26720, 0x000001bd20a27a60,
0x000001bd20a2aa80, 0x000001bd20a28da0, 0x000001bd20a2b8f0, 0x000001bd20a2cc30,
0x000001bd20db4eb0, 0x000001bd20db5850, 0x000001bd20dbb890, 0x000001bd20db5d20,
0x000001bd20dbaa20, 0x000001bd20db4040, 0x000001bd20db5380, 0x000001bd20db61f0,
0x000001bd20dbb3c0, 0x000001bd20db66c0, 0x000001bd20db96e0, 0x000001bd20dba080,
0x000001bd20db6b90, 0x000001bd20db7530, 0x000001bd20db7a00, 0x000001bd20db83a0,
0x000001bd20db4510, 0x000001bd20db7ed0, 0x000001bd20db8870, 0x000001bd20db8d40,
0x000001bd20dba550, 0x000001bd20dbaef0, 0x000001bd20a27590, 0x000001bd20a27f30,
0x000001bd20a2c760, 0x000001bd20a253e0, 0x000001bd20a2bdc0, 0x000001bd20a2c290,
0x000001bd20a258b0, 0x000001bd20a25d80, 0x000001bd20a26250, 0x000001bd20a26bf0,
0x000001bd20a270c0, 0x000001bd20a28400, 0x000001bd20a29740, 0x000001bd20a29c10,
0x000001bd20a2a5b0, 0x000001bd1d46d9b0, 0x000001bd1d46e820, 0x000001bd1d46ecf0,
0x000001bd1ebcaed0, 0x000001bd1ebcc210, 0x000001bd1ebd0f10, 0x000001bd1ebcc6e0,
0x000001bd1ebcbd40, 0x000001bd1ebd0a40, 0x000001bd1ebd13e0, 0x000001bd1ebccbb0,
0x000001bd1ebca530, 0x000001bd1ebd0570, 0x000001bd1ebcb3a0, 0x000001bd1ebcd550,
0x000001bd1ebd18b0, 0x000001bd1ebca060, 0x000001bd1ebcaa00, 0x000001bd1ebcda20,
0x000001bd1ebcdef0, 0x000001bd1ebce3c0, 0x000001bd1ebce890, 0x000001bd240535b0,
0x000001bd203f8f50, 0x000001bd24054420, 0x000001bd240530e0, 0x000001bd2611b830,
0x000001bd216c2b10, 0x000001bd2611a9c0, 0x000001bd2611c6a0
}

Java Threads: ( => current thread )
  0x000001bd7fd172d0 JavaThread "main" [_thread_blocked, id=4212, stack(0x00000056fee00000,0x00000056fef00000)]
  0x000001bd1bc32610 JavaThread "Reference Handler" daemon [_thread_blocked, id=3812, stack(0x00000056ff500000,0x00000056ff600000)]
  0x000001bd1b2569b0 JavaThread "Finalizer" daemon [_thread_blocked, id=6792, stack(0x00000056ff600000,0x00000056ff700000)]
  0x000001bd1b277870 JavaThread "Signal Dispatcher" daemon [_thread_blocked, id=8168, stack(0x00000056ff700000,0x00000056ff800000)]
  0x000001bd1b278330 JavaThread "Attach Listener" daemon [_thread_blocked, id=8204, stack(0x00000056ff800000,0x00000056ff900000)]
  0x000001bd1b278bf0 JavaThread "Service Thread" daemon [_thread_blocked, id=9092, stack(0x00000056ff900000,0x00000056ffa00000)]
  0x000001bd1b2794b0 JavaThread "Monitor Deflation Thread" daemon [_thread_blocked, id=9904, stack(0x00000056ffa00000,0x00000056ffb00000)]
=>0x000001bd1b27e160 JavaThread "C2 CompilerThread0" daemon [_thread_in_native, id=2196, stack(0x00000056ffb00000,0x00000056ffc00000)]
  0x000001bd1bc548e0 JavaThread "C1 CompilerThread0" daemon [_thread_blocked, id=5968, stack(0x00000056ffc00000,0x00000056ffd00000)]
  0x000001bd1bc54df0 JavaThread "Sweeper thread" daemon [_thread_blocked, id=4084, stack(0x00000056ffd00000,0x00000056ffe00000)]
  0x000001bd1bdf7020 JavaThread "Common-Cleaner" daemon [_thread_blocked, id=7392, stack(0x00000056ffe00000,0x00000056fff00000)]
  0x000001bd1bdf9910 JavaThread "Notification Thread" daemon [_thread_blocked, id=32, stack(0x00000056fff00000,0x0000005700000000)]
  0x000001bd1ec87ae0 JavaThread "Daemon health stats" [_thread_blocked, id=6780, stack(0x0000005680500000,0x0000005680600000)]
  0x000001bd1be83810 JavaThread "Incoming local TCP Connector on port 52627" [_thread_in_native, id=3340, stack(0x0000005680100000,0x0000005680200000)]
  0x000001bd1d4ce6c0 JavaThread "Daemon periodic checks" [_thread_blocked, id=5440, stack(0x0000005680600000,0x0000005680700000)]
  0x000001bd1d225210 JavaThread "Daemon" [_thread_blocked, id=3784, stack(0x0000005680700000,0x0000005680800000)]
  0x000001bd1d71cfd0 JavaThread "Daemon worker" [_thread_blocked, id=6304, stack(0x0000005680a00000,0x0000005680b00000)]
  0x000001bd1d46de80 JavaThread "Cache worker for journal cache (C:\Users\Pichau\.gradle\caches\journal-1)" [_thread_blocked, id=8996, stack(0x0000005680e00000,0x0000005680f00000)]
  0x000001bd1d46f1c0 JavaThread "File lock request listener" [_thread_in_native, id=7564, stack(0x0000005680f00000,0x0000005681000000)]
  0x000001bd1d46e350 JavaThread "Cache worker for file hash cache (C:\Users\Pichau\.gradle\caches\8.0\fileHashes)" [_thread_blocked, id=3760, stack(0x0000005681100000,0x0000005681200000)]
  0x000001bd20a2a0e0 JavaThread "File watcher server" daemon [_thread_in_native, id=10692, stack(0x0000005681000000,0x0000005681100000)]
  0x000001bd20a288d0 JavaThread "File watcher consumer" daemon [_thread_blocked, id=5844, stack(0x0000005681200000,0x0000005681300000)]
  0x000001bd20a26720 JavaThread "Cache worker for file content cache (C:\Users\Pichau\.gradle\caches\8.0\fileContent)" [_thread_blocked, id=4080, stack(0x0000005681500000,0x0000005681600000)]
  0x000001bd20a27a60 JavaThread "Cache worker for execution history cache (C:\Users\Pichau\.gradle\caches\8.0\executionHistory)" [_thread_blocked, id=6796, stack(0x0000005681900000,0x0000005681a00000)]
  0x000001bd20a2aa80 JavaThread "jar transforms" [_thread_blocked, id=3536, stack(0x0000005681a00000,0x0000005681b00000)]
  0x000001bd20a28da0 JavaThread "jar transforms Thread 2" [_thread_blocked, id=7024, stack(0x0000005681b00000,0x0000005681c00000)]
  0x000001bd20a2b8f0 JavaThread "jar transforms Thread 3" [_thread_blocked, id=8568, stack(0x0000005681d00000,0x0000005681e00000)]
  0x000001bd20a2cc30 JavaThread "jar transforms Thread 4" [_thread_blocked, id=980, stack(0x0000005681e00000,0x0000005681f00000)]
  0x000001bd20db4eb0 JavaThread "Memory manager" [_thread_blocked, id=3188, stack(0x0000005684a00000,0x0000005684b00000)]
  0x000001bd20db5850 JavaThread "included builds" [_thread_blocked, id=3464, stack(0x0000005684b00000,0x0000005684c00000)]
  0x000001bd20dbb890 JavaThread "Handler for socket connection from /127.0.0.1:52627 to /127.0.0.1:52635" [_thread_in_native, id=6176, stack(0x0000005680800000,0x0000005680900000)]
  0x000001bd20db5d20 JavaThread "Cancel handler" [_thread_blocked, id=1372, stack(0x0000005680900000,0x0000005680a00000)]
  0x000001bd20dbaa20 JavaThread "Asynchronous log dispatcher for DefaultDaemonConnection: socket connection from /127.0.0.1:52627 to /127.0.0.1:52635" [_thread_blocked, id=5976, stack(0x0000005680b00000,0x0000005680c00000)]
  0x000001bd20db4040 JavaThread "Stdin handler" [_thread_blocked, id=4184, stack(0x0000005680c00000,0x0000005680d00000)]
  0x000001bd20db5380 JavaThread "Daemon client event forwarder" [_thread_blocked, id=1088, stack(0x0000005680d00000,0x0000005680e00000)]
  0x000001bd20db61f0 JavaThread "Cache worker for checksums cache (C:\Users\Pichau\AndroidStudioProjects\Tcc_funcionario\.gradle\8.0\checksums)" [_thread_blocked, id=8044, stack(0x0000005681300000,0x0000005681400000)]
  0x000001bd20dbb3c0 JavaThread "Cache worker for cache directory md-rule (C:\Users\Pichau\.gradle\caches\8.0\md-rule)" [_thread_blocked, id=8756, stack(0x0000005681400000,0x0000005681500000)]
  0x000001bd20db66c0 JavaThread "Cache worker for file hash cache (C:\Users\Pichau\AndroidStudioProjects\Tcc_funcionario\.gradle\8.0\fileHashes)" [_thread_blocked, id=7668, stack(0x0000005681600000,0x0000005681700000)]
  0x000001bd20db96e0 JavaThread "Cache worker for cache directory md-supplier (C:\Users\Pichau\.gradle\caches\8.0\md-supplier)" [_thread_blocked, id=976, stack(0x0000005681700000,0x0000005681800000)]
  0x000001bd20dba080 JavaThread "Cache worker for dependencies-accessors (C:\Users\Pichau\AndroidStudioProjects\Tcc_funcionario\.gradle\8.0\dependencies-accessors)" [_thread_blocked, id=236, stack(0x0000005681800000,0x0000005681900000)]
  0x000001bd20db6b90 JavaThread "Cache worker for Build Output Cleanup Cache (C:\Users\Pichau\AndroidStudioProjects\Tcc_funcionario\.gradle\buildOutputCleanup)" [_thread_blocked, id=7076, stack(0x0000005682000000,0x0000005682100000)]
  0x000001bd20db7530 JavaThread "Unconstrained build operations" [_thread_blocked, id=2688, stack(0x0000005682100000,0x0000005682200000)]
  0x000001bd20db7a00 JavaThread "Unconstrained build operations Thread 2" [_thread_blocked, id=8792, stack(0x0000005682200000,0x0000005682300000)]
  0x000001bd20db83a0 JavaThread "Unconstrained build operations Thread 3" [_thread_blocked, id=6416, stack(0x0000005682300000,0x0000005682400000)]
  0x000001bd20db4510 JavaThread "Unconstrained build operations Thread 4" [_thread_blocked, id=3124, stack(0x0000005682400000,0x0000005682500000)]
  0x000001bd20db7ed0 JavaThread "Unconstrained build operations Thread 5" [_thread_blocked, id=9420, stack(0x0000005682500000,0x0000005682600000)]
  0x000001bd20db8870 JavaThread "Unconstrained build operations Thread 6" [_thread_blocked, id=6040, stack(0x0000005682600000,0x0000005682700000)]
  0x000001bd20db8d40 JavaThread "Unconstrained build operations Thread 7" [_thread_blocked, id=7388, stack(0x0000005682700000,0x0000005682800000)]
  0x000001bd20dba550 JavaThread "Unconstrained build operations Thread 8" [_thread_blocked, id=4436, stack(0x0000005682800000,0x0000005682900000)]
  0x000001bd20dbaef0 JavaThread "Unconstrained build operations Thread 9" [_thread_blocked, id=7924, stack(0x0000005682900000,0x0000005682a00000)]
  0x000001bd20a27590 JavaThread "Unconstrained build operations Thread 10" [_thread_blocked, id=10368, stack(0x0000005682a00000,0x0000005682b00000)]
  0x000001bd20a27f30 JavaThread "Unconstrained build operations Thread 11" [_thread_blocked, id=8540, stack(0x0000005682b00000,0x0000005682c00000)]
  0x000001bd20a2c760 JavaThread "Unconstrained build operations Thread 12" [_thread_blocked, id=11024, stack(0x0000005682c00000,0x0000005682d00000)]
  0x000001bd20a253e0 JavaThread "Unconstrained build operations Thread 13" [_thread_blocked, id=9000, stack(0x0000005682d00000,0x0000005682e00000)]
  0x000001bd20a2bdc0 JavaThread "Unconstrained build operations Thread 14" [_thread_blocked, id=132, stack(0x0000005682e00000,0x0000005682f00000)]
  0x000001bd20a2c290 JavaThread "Unconstrained build operations Thread 15" [_thread_blocked, id=10464, stack(0x0000005682f00000,0x0000005683000000)]
  0x000001bd20a258b0 JavaThread "Unconstrained build operations Thread 16" [_thread_blocked, id=6952, stack(0x0000005683000000,0x0000005683100000)]
  0x000001bd20a25d80 JavaThread "Unconstrained build operations Thread 17" [_thread_blocked, id=8800, stack(0x0000005683100000,0x0000005683200000)]
  0x000001bd20a26250 JavaThread "Unconstrained build operations Thread 18" [_thread_blocked, id=10728, stack(0x0000005683200000,0x0000005683300000)]
  0x000001bd20a26bf0 JavaThread "Unconstrained build operations Thread 19" [_thread_blocked, id=2628, stack(0x0000005683300000,0x0000005683400000)]
  0x000001bd20a270c0 JavaThread "Unconstrained build operations Thread 20" [_thread_blocked, id=932, stack(0x0000005683400000,0x0000005683500000)]
  0x000001bd20a28400 JavaThread "Unconstrained build operations Thread 21" [_thread_blocked, id=7472, stack(0x0000005683500000,0x0000005683600000)]
  0x000001bd20a29740 JavaThread "Unconstrained build operations Thread 22" [_thread_blocked, id=10436, stack(0x0000005683600000,0x0000005683700000)]
  0x000001bd20a29c10 JavaThread "Unconstrained build operations Thread 23" [_thread_blocked, id=9788, stack(0x0000005683700000,0x0000005683800000)]
  0x000001bd20a2a5b0 JavaThread "Unconstrained build operations Thread 24" [_thread_blocked, id=10296, stack(0x0000005683800000,0x0000005683900000)]
  0x000001bd1d46d9b0 JavaThread "Unconstrained build operations Thread 25" [_thread_blocked, id=4796, stack(0x0000005683900000,0x0000005683a00000)]
  0x000001bd1d46e820 JavaThread "Unconstrained build operations Thread 26" [_thread_blocked, id=5344, stack(0x0000005683a00000,0x0000005683b00000)]
  0x000001bd1d46ecf0 JavaThread "Unconstrained build operations Thread 27" [_thread_blocked, id=408, stack(0x0000005683b00000,0x0000005683c00000)]
  0x000001bd1ebcaed0 JavaThread "Unconstrained build operations Thread 28" [_thread_blocked, id=5312, stack(0x0000005683c00000,0x0000005683d00000)]
  0x000001bd1ebcc210 JavaThread "Unconstrained build operations Thread 29" [_thread_blocked, id=10912, stack(0x0000005683d00000,0x0000005683e00000)]
  0x000001bd1ebd0f10 JavaThread "Unconstrained build operations Thread 30" [_thread_blocked, id=2432, stack(0x0000005683e00000,0x0000005683f00000)]
  0x000001bd1ebcc6e0 JavaThread "Unconstrained build operations Thread 31" [_thread_blocked, id=6536, stack(0x0000005683f00000,0x0000005684000000)]
  0x000001bd1ebcbd40 JavaThread "Unconstrained build operations Thread 32" [_thread_blocked, id=8368, stack(0x0000005684000000,0x0000005684100000)]
  0x000001bd1ebd0a40 JavaThread "Unconstrained build operations Thread 33" [_thread_blocked, id=9088, stack(0x0000005684100000,0x0000005684200000)]
  0x000001bd1ebd13e0 JavaThread "Unconstrained build operations Thread 34" [_thread_blocked, id=7824, stack(0x0000005684200000,0x0000005684300000)]
  0x000001bd1ebccbb0 JavaThread "Unconstrained build operations Thread 35" [_thread_blocked, id=4904, stack(0x0000005684300000,0x0000005684400000)]
  0x000001bd1ebca530 JavaThread "Unconstrained build operations Thread 36" [_thread_blocked, id=8596, stack(0x0000005684400000,0x0000005684500000)]
  0x000001bd1ebd0570 JavaThread "Unconstrained build operations Thread 37" [_thread_blocked, id=9892, stack(0x0000005684500000,0x0000005684600000)]
  0x000001bd1ebcb3a0 JavaThread "Unconstrained build operations Thread 38" [_thread_blocked, id=5376, stack(0x0000005684600000,0x0000005684700000)]
  0x000001bd1ebcd550 JavaThread "Unconstrained build operations Thread 39" [_thread_blocked, id=9860, stack(0x0000005684700000,0x0000005684800000)]
  0x000001bd1ebd18b0 JavaThread "Unconstrained build operations Thread 40" [_thread_blocked, id=9124, stack(0x0000005684800000,0x0000005684900000)]
  0x000001bd1ebca060 JavaThread "build event listener" [_thread_blocked, id=7976, stack(0x0000005684900000,0x0000005684a00000)]
  0x000001bd1ebcaa00 JavaThread "included builds" [_thread_blocked, id=2620, stack(0x0000005684c00000,0x0000005684d00000)]
  0x000001bd1ebcda20 JavaThread "Execution worker" [_thread_blocked, id=6836, stack(0x0000005684d00000,0x0000005684e00000)]
  0x000001bd1ebcdef0 JavaThread "Execution worker Thread 2" [_thread_blocked, id=4180, stack(0x0000005684e00000,0x0000005684f00000)]
  0x000001bd1ebce3c0 JavaThread "Execution worker Thread 3" [_thread_blocked, id=11036, stack(0x0000005684f00000,0x0000005685000000)]
  0x000001bd1ebce890 JavaThread "Cache worker for execution history cache (C:\Users\Pichau\AndroidStudioProjects\Tcc_funcionario\.gradle\8.0\executionHistory)" [_thread_blocked, id=7744, stack(0x0000005685000000,0x0000005685100000)]
  0x000001bd240535b0 JavaThread "WorkerExecutor Queue" [_thread_in_Java, id=10604, stack(0x0000005685100000,0x0000005685200000)]
  0x000001bd203f8f50 JavaThread "C2 CompilerThread1" daemon [_thread_in_native, id=6828, stack(0x0000005681f00000,0x0000005682000000)]
  0x000001bd24054420 JavaThread "WorkerExecutor Queue Thread 2" [_thread_blocked, id=9772, stack(0x0000005685200000,0x0000005685300000)]
  0x000001bd240530e0 JavaThread "WorkerExecutor Queue Thread 3" [_thread_blocked, id=5708, stack(0x0000005685300000,0x0000005685400000)]
  0x000001bd2611b830 JavaThread "WorkerExecutor Queue Thread 5" [_thread_blocked, id=5712, stack(0x0000005685700000,0x0000005685800000)]
  0x000001bd216c2b10 JavaThread "pool-4-thread-1" [_thread_blocked, id=1104, stack(0x0000005685800000,0x0000005685900000)]
  0x000001bd2611a9c0 JavaThread "stderr" [_thread_in_native, id=7516, stack(0x0000005685900000,0x0000005685a00000)]
  0x000001bd2611c6a0 JavaThread "stdout" [_thread_in_native, id=9848, stack(0x0000005685a00000,0x0000005685b00000)]

Other Threads:
  0x000001bd1bc207b0 VMThread "VM Thread" [stack: 0x00000056ff400000,0x00000056ff500000] [id=1296]
  0x000001bd1be01e00 WatcherThread [stack: 0x0000005680000000,0x0000005680100000] [id=9608]
  0x000001bd7fd75940 GCTaskThread "GC Thread#0" [stack: 0x00000056fef00000,0x00000056ff000000] [id=9108]
  0x000001bd1c39fa40 GCTaskThread "GC Thread#1" [stack: 0x0000005680200000,0x0000005680300000] [id=3780]
  0x000001bd1bf33830 GCTaskThread "GC Thread#2" [stack: 0x0000005680300000,0x0000005680400000] [id=8152]
  0x000001bd1c71a490 GCTaskThread "GC Thread#3" [stack: 0x0000005680400000,0x0000005680500000] [id=7528]
  0x000001bd7fd86790 ConcurrentGCThread "G1 Main Marker" [stack: 0x00000056ff000000,0x00000056ff100000] [id=9376]
  0x000001bd7fd870b0 ConcurrentGCThread "G1 Conc#0" [stack: 0x00000056ff100000,0x00000056ff200000] [id=1268]
  0x000001bd1b0d2150 ConcurrentGCThread "G1 Refine#0" [stack: 0x00000056ff200000,0x00000056ff300000] [id=9536]
  0x000001bd20335230 ConcurrentGCThread "G1 Refine#1" [stack: 0x0000005681c00000,0x0000005681d00000] [id=2060]
  0x000001bd1b0d3a90 ConcurrentGCThread "G1 Service" [stack: 0x00000056ff300000,0x00000056ff400000] [id=4076]

Threads with active compile tasks:
C2 CompilerThread0    40159 20325 %     4       com.android.tools.r8.ir.regalloc.b::c @ 2074 (4041 bytes)
C2 CompilerThread1    40159 20393 %     4       com.android.tools.r8.internal.lH::a @ 331 (447 bytes)

VM state: not at safepoint (normal execution)

VM Mutex/Monitor currently owned by a thread: None

Heap address: 0x0000000080000000, size: 2048 MB, Compressed Oops mode: 32-bit

CDS archive(s) not mapped
Compressed class space mapped at: 0x0000000100000000-0x0000000140000000, reserved size: 1073741824
Narrow klass base: 0x0000000000000000, Narrow klass shift: 3, Narrow klass range: 0x140000000

GC Precious Log:
 CPUs: 4 total, 4 available
 Memory: 14264M
 Large Page Support: Disabled
 NUMA Support: Disabled
 Compressed Oops: Enabled (32-bit)
 Heap Region Size: 1M
 Heap Min Capacity: 8M
 Heap Initial Capacity: 224M
 Heap Max Capacity: 2G
 Pre-touch: Disabled
 Parallel Workers: 4
 Concurrent Workers: 1
 Concurrent Refinement Workers: 4
 Periodic GC: Disabled

Heap:
 garbage-first heap   total 275456K, used 198169K [0x0000000080000000, 0x0000000100000000)
  region size 1024K, 82 young (83968K), 1 survivors (1024K)
 Metaspace       used 123309K, committed 124160K, reserved 1163264K
  class space    used 16167K, committed 16576K, reserved 1048576K

Heap Regions: E=young(eden), S=young(survivor), O=old, HS=humongous(starts), HC=humongous(continues), CS=collection set, F=free, OA=open archive, CA=closed archive, TAMS=top-at-mark-start (previous, next)
|   0|0x0000000080000000, 0x0000000080100000, 0x0000000080100000|100%| O|  |TAMS 0x0000000080100000, 0x0000000080000000| Untracked 
|   1|0x0000000080100000, 0x0000000080200000, 0x0000000080200000|100%| O|  |TAMS 0x0000000080200000, 0x0000000080100000| Untracked 
|   2|0x0000000080200000, 0x0000000080300000, 0x0000000080300000|100%|HS|  |TAMS 0x0000000080300000, 0x0000000080200000| Complete 
|   3|0x0000000080300000, 0x0000000080400000, 0x0000000080400000|100%|HC|  |TAMS 0x0000000080400000, 0x0000000080300000| Complete 
|   4|0x0000000080400000, 0x0000000080500000, 0x0000000080500000|100%|HC|  |TAMS 0x0000000080500000, 0x0000000080400000| Complete 
|   5|0x0000000080500000, 0x0000000080600000, 0x0000000080600000|100%|HC|  |TAMS 0x0000000080600000, 0x0000000080500000| Complete 
|   6|0x0000000080600000, 0x0000000080700000, 0x0000000080700000|100%| O|  |TAMS 0x0000000080700000, 0x0000000080600000| Untracked 
|   7|0x0000000080700000, 0x0000000080800000, 0x0000000080800000|100%| O|  |TAMS 0x0000000080800000, 0x0000000080700000| Untracked 
|   8|0x0000000080800000, 0x0000000080900000, 0x0000000080900000|100%| O|  |TAMS 0x0000000080900000, 0x0000000080800000| Untracked 
|   9|0x0000000080900000, 0x0000000080a00000, 0x0000000080a00000|100%| O|  |TAMS 0x0000000080a00000, 0x0000000080900000| Untracked 
|  10|0x0000000080a00000, 0x0000000080b00000, 0x0000000080b00000|100%| O|  |TAMS 0x0000000080b00000, 0x0000000080a00000| Untracked 
|  11|0x0000000080b00000, 0x0000000080c00000, 0x0000000080c00000|100%| O|  |TAMS 0x0000000080c00000, 0x0000000080b00000| Untracked 
|  12|0x0000000080c00000, 0x0000000080d00000, 0x0000000080d00000|100%| O|  |TAMS 0x0000000080d00000, 0x0000000080c00000| Untracked 
|  13|0x0000000080d00000, 0x0000000080e00000, 0x0000000080e00000|100%| O|  |TAMS 0x0000000080e00000, 0x0000000080d00000| Untracked 
|  14|0x0000000080e00000, 0x0000000080f00000, 0x0000000080f00000|100%| O|  |TAMS 0x0000000080f00000, 0x0000000080e00000| Untracked 
|  15|0x0000000080f00000, 0x0000000081000000, 0x0000000081000000|100%| O|  |TAMS 0x0000000081000000, 0x0000000080f00000| Untracked 
|  16|0x0000000081000000, 0x0000000081100000, 0x0000000081100000|100%| O|  |TAMS 0x0000000081100000, 0x0000000081000000| Untracked 
|  17|0x0000000081100000, 0x0000000081200000, 0x0000000081200000|100%| O|  |TAMS 0x0000000081200000, 0x0000000081100000| Untracked 
|  18|0x0000000081200000, 0x0000000081300000, 0x0000000081300000|100%| O|  |TAMS 0x0000000081300000, 0x0000000081200000| Untracked 
|  19|0x0000000081300000, 0x0000000081400000, 0x0000000081400000|100%| O|  |TAMS 0x0000000081400000, 0x0000000081300000| Untracked 
|  20|0x0000000081400000, 0x0000000081500000, 0x0000000081500000|100%| O|  |TAMS 0x0000000081500000, 0x0000000081400000| Untracked 
|  21|0x0000000081500000, 0x0000000081600000, 0x0000000081600000|100%| O|  |TAMS 0x0000000081600000, 0x0000000081500000| Untracked 
|  22|0x0000000081600000, 0x0000000081700000, 0x0000000081700000|100%| O|  |TAMS 0x0000000081700000, 0x0000000081600000| Untracked 
|  23|0x0000000081700000, 0x0000000081800000, 0x0000000081800000|100%| O|  |TAMS 0x0000000081800000, 0x0000000081700000| Untracked 
|  24|0x0000000081800000, 0x0000000081900000, 0x0000000081900000|100%| O|  |TAMS 0x0000000081900000, 0x0000000081800000| Untracked 
|  25|0x0000000081900000, 0x0000000081a00000, 0x0000000081a00000|100%| O|  |TAMS 0x0000000081a00000, 0x0000000081900000| Untracked 
|  26|0x0000000081a00000, 0x0000000081b00000, 0x0000000081b00000|100%| O|  |TAMS 0x0000000081b00000, 0x0000000081a00000| Untracked 
|  27|0x0000000081b00000, 0x0000000081c00000, 0x0000000081c00000|100%| O|  |TAMS 0x0000000081c00000, 0x0000000081b00000| Untracked 
|  28|0x0000000081c00000, 0x0000000081c00000, 0x0000000081d00000|  0%| F|  |TAMS 0x0000000081c00000, 0x0000000081c00000| Untracked 
|  29|0x0000000081d00000, 0x0000000081e00000, 0x0000000081e00000|100%| O|  |TAMS 0x0000000081e00000, 0x0000000081d00000| Untracked 
|  30|0x0000000081e00000, 0x0000000081f00000, 0x0000000081f00000|100%| O|  |TAMS 0x0000000081f00000, 0x0000000081e00000| Untracked 
|  31|0x0000000081f00000, 0x0000000082000000, 0x0000000082000000|100%| O|  |TAMS 0x0000000082000000, 0x0000000081f00000| Untracked 
|  32|0x0000000082000000, 0x0000000082000000, 0x0000000082100000|  0%| F|  |TAMS 0x0000000082000000, 0x0000000082000000| Untracked 
|  33|0x0000000082100000, 0x0000000082200000, 0x0000000082200000|100%| O|  |TAMS 0x0000000082200000, 0x0000000082100000| Untracked 
|  34|0x0000000082200000, 0x0000000082300000, 0x0000000082300000|100%| O|  |TAMS 0x0000000082300000, 0x0000000082200000| Untracked 
|  35|0x0000000082300000, 0x0000000082300000, 0x0000000082400000|  0%| F|  |TAMS 0x0000000082300000, 0x0000000082300000| Untracked 
|  36|0x0000000082400000, 0x0000000082500000, 0x0000000082500000|100%| O|  |TAMS 0x0000000082400000, 0x0000000082400000| Untracked 
|  37|0x0000000082500000, 0x0000000082600000, 0x0000000082600000|100%| O|  |TAMS 0x0000000082500000, 0x0000000082500000| Untracked 
|  38|0x0000000082600000, 0x0000000082700000, 0x0000000082700000|100%| O|  |TAMS 0x0000000082600000, 0x0000000082600000| Untracked 
|  39|0x0000000082700000, 0x0000000082800000, 0x0000000082800000|100%|HS|  |TAMS 0x0000000082800000, 0x0000000082700000| Complete 
|  40|0x0000000082800000, 0x0000000082900000, 0x0000000082900000|100%|HS|  |TAMS 0x0000000082900000, 0x0000000082800000| Complete 
|  41|0x0000000082900000, 0x0000000082a00000, 0x0000000082a00000|100%| O|  |TAMS 0x0000000082a00000, 0x0000000082900000| Untracked 
|  42|0x0000000082a00000, 0x0000000082b00000, 0x0000000082b00000|100%| O|  |TAMS 0x0000000082b00000, 0x0000000082a00000| Untracked 
|  43|0x0000000082b00000, 0x0000000082c00000, 0x0000000082c00000|100%| O|  |TAMS 0x0000000082c00000, 0x0000000082b00000| Untracked 
|  44|0x0000000082c00000, 0x0000000082d00000, 0x0000000082d00000|100%| O|  |TAMS 0x0000000082d00000, 0x0000000082c00000| Untracked 
|  45|0x0000000082d00000, 0x0000000082e00000, 0x0000000082e00000|100%| O|  |TAMS 0x0000000082e00000, 0x0000000082d00000| Untracked 
|  46|0x0000000082e00000, 0x0000000082f00000, 0x0000000082f00000|100%| O|  |TAMS 0x0000000082f00000, 0x0000000082e00000| Untracked 
|  47|0x0000000082f00000, 0x0000000083000000, 0x0000000083000000|100%| O|  |TAMS 0x0000000083000000, 0x0000000082f00000| Untracked 
|  48|0x0000000083000000, 0x0000000083100000, 0x0000000083100000|100%| O|  |TAMS 0x0000000083100000, 0x0000000083000000| Untracked 
|  49|0x0000000083100000, 0x0000000083200000, 0x0000000083200000|100%| O|  |TAMS 0x0000000083200000, 0x0000000083100000| Untracked 
|  50|0x0000000083200000, 0x0000000083300000, 0x0000000083300000|100%| O|  |TAMS 0x0000000083300000, 0x0000000083200000| Untracked 
|  51|0x0000000083300000, 0x0000000083400000, 0x0000000083400000|100%| O|  |TAMS 0x0000000083400000, 0x0000000083300000| Untracked 
|  52|0x0000000083400000, 0x0000000083500000, 0x0000000083500000|100%| O|  |TAMS 0x0000000083500000, 0x0000000083400000| Untracked 
|  53|0x0000000083500000, 0x0000000083600000, 0x0000000083600000|100%| O|  |TAMS 0x0000000083600000, 0x0000000083500000| Untracked 
|  54|0x0000000083600000, 0x0000000083700000, 0x0000000083700000|100%| O|  |TAMS 0x0000000083700000, 0x0000000083600000| Untracked 
|  55|0x0000000083700000, 0x0000000083800000, 0x0000000083800000|100%| O|  |TAMS 0x0000000083800000, 0x0000000083700000| Untracked 
|  56|0x0000000083800000, 0x0000000083900000, 0x0000000083900000|100%| O|  |TAMS 0x0000000083900000, 0x0000000083800000| Untracked 
|  57|0x0000000083900000, 0x0000000083a00000, 0x0000000083a00000|100%| O|  |TAMS 0x0000000083a00000, 0x0000000083900000| Untracked 
|  58|0x0000000083a00000, 0x0000000083b00000, 0x0000000083b00000|100%| O|  |TAMS 0x0000000083b00000, 0x0000000083a00000| Untracked 
|  59|0x0000000083b00000, 0x0000000083c00000, 0x0000000083c00000|100%| O|  |TAMS 0x0000000083c00000, 0x0000000083b00000| Untracked 
|  60|0x0000000083c00000, 0x0000000083d00000, 0x0000000083d00000|100%| O|  |TAMS 0x0000000083d00000, 0x0000000083c00000| Untracked 
|  61|0x0000000083d00000, 0x0000000083e00000, 0x0000000083e00000|100%| O|  |TAMS 0x0000000083e00000, 0x0000000083d00000| Untracked 
|  62|0x0000000083e00000, 0x0000000083f00000, 0x0000000083f00000|100%| O|  |TAMS 0x0000000083f00000, 0x0000000083e00000| Untracked 
|  63|0x0000000083f00000, 0x0000000084000000, 0x0000000084000000|100%| O|  |TAMS 0x0000000084000000, 0x0000000083f00000| Untracked 
|  64|0x0000000084000000, 0x0000000084100000, 0x0000000084100000|100%| O|  |TAMS 0x0000000084100000, 0x0000000084000000| Untracked 
|  65|0x0000000084100000, 0x0000000084200000, 0x0000000084200000|100%| O|  |TAMS 0x0000000084200000, 0x0000000084100000| Untracked 
|  66|0x0000000084200000, 0x0000000084300000, 0x0000000084300000|100%| O|  |TAMS 0x0000000084300000, 0x0000000084200000| Untracked 
|  67|0x0000000084300000, 0x0000000084400000, 0x0000000084400000|100%| O|  |TAMS 0x0000000084400000, 0x0000000084300000| Untracked 
|  68|0x0000000084400000, 0x0000000084500000, 0x0000000084500000|100%| O|  |TAMS 0x0000000084500000, 0x0000000084400000| Untracked 
|  69|0x0000000084500000, 0x0000000084600000, 0x0000000084600000|100%| O|  |TAMS 0x0000000084600000, 0x0000000084500000| Untracked 
|  70|0x0000000084600000, 0x0000000084700000, 0x0000000084700000|100%| O|  |TAMS 0x0000000084700000, 0x0000000084600000| Untracked 
|  71|0x0000000084700000, 0x0000000084800000, 0x0000000084800000|100%| O|  |TAMS 0x0000000084800000, 0x0000000084700000| Untracked 
|  72|0x0000000084800000, 0x0000000084900000, 0x0000000084900000|100%| O|  |TAMS 0x0000000084900000, 0x0000000084800000| Untracked 
|  73|0x0000000084900000, 0x0000000084a00000, 0x0000000084a00000|100%| O|  |TAMS 0x0000000084a00000, 0x0000000084900000| Untracked 
|  74|0x0000000084a00000, 0x0000000084b00000, 0x0000000084b00000|100%| O|  |TAMS 0x0000000084b00000, 0x0000000084a00000| Untracked 
|  75|0x0000000084b00000, 0x0000000084c00000, 0x0000000084c00000|100%| O|  |TAMS 0x0000000084c00000, 0x0000000084b00000| Untracked 
|  76|0x0000000084c00000, 0x0000000084d00000, 0x0000000084d00000|100%| O|  |TAMS 0x0000000084d00000, 0x0000000084c00000| Untracked 
|  77|0x0000000084d00000, 0x0000000084e00000, 0x0000000084e00000|100%| O|  |TAMS 0x0000000084e00000, 0x0000000084d00000| Untracked 
|  78|0x0000000084e00000, 0x0000000084f00000, 0x0000000084f00000|100%| O|  |TAMS 0x0000000084f00000, 0x0000000084e00000| Untracked 
|  79|0x0000000084f00000, 0x0000000085000000, 0x0000000085000000|100%| O|  |TAMS 0x0000000084f00000, 0x0000000084f00000| Untracked 
|  80|0x0000000085000000, 0x0000000085100000, 0x0000000085100000|100%| O|  |TAMS 0x0000000085000000, 0x0000000085000000| Untracked 
|  81|0x0000000085100000, 0x0000000085200000, 0x0000000085200000|100%| O|  |TAMS 0x0000000085100000, 0x0000000085100000| Untracked 
|  82|0x0000000085200000, 0x0000000085300000, 0x0000000085300000|100%| O|  |TAMS 0x0000000085300000, 0x0000000085200000| Untracked 
|  83|0x0000000085300000, 0x0000000085400000, 0x0000000085400000|100%| O|  |TAMS 0x0000000085300000, 0x0000000085300000| Untracked 
|  84|0x0000000085400000, 0x0000000085500000, 0x0000000085500000|100%| O|  |TAMS 0x0000000085500000, 0x0000000085400000| Untracked 
|  85|0x0000000085500000, 0x0000000085600000, 0x0000000085600000|100%| O|  |TAMS 0x0000000085600000, 0x0000000085500000| Untracked 
|  86|0x0000000085600000, 0x0000000085700000, 0x0000000085700000|100%| O|  |TAMS 0x0000000085700000, 0x0000000085600000| Untracked 
|  87|0x0000000085700000, 0x0000000085700000, 0x0000000085800000|  0%| F|  |TAMS 0x0000000085700000, 0x0000000085700000| Untracked 
|  88|0x0000000085800000, 0x0000000085900000, 0x0000000085900000|100%| O|  |TAMS 0x0000000085900000, 0x0000000085800000| Untracked 
|  89|0x0000000085900000, 0x0000000085a00000, 0x0000000085a00000|100%| O|  |TAMS 0x0000000085a00000, 0x0000000085900000| Untracked 
|  90|0x0000000085a00000, 0x0000000085b00000, 0x0000000085b00000|100%| O|  |TAMS 0x0000000085b00000, 0x0000000085a00000| Untracked 
|  91|0x0000000085b00000, 0x0000000085c00000, 0x0000000085c00000|100%| O|  |TAMS 0x0000000085c00000, 0x0000000085b00000| Untracked 
|  92|0x0000000085c00000, 0x0000000085d00000, 0x0000000085d00000|100%| O|  |TAMS 0x0000000085c00000, 0x0000000085c00000| Untracked 
|  93|0x0000000085d00000, 0x0000000085e00000, 0x0000000085e00000|100%| O|  |TAMS 0x0000000085e00000, 0x0000000085d00000| Untracked 
|  94|0x0000000085e00000, 0x0000000085f00000, 0x0000000085f00000|100%| O|  |TAMS 0x0000000085ee1a00, 0x0000000085e00000| Untracked 
|  95|0x0000000085f00000, 0x0000000086000000, 0x0000000086000000|100%| O|  |TAMS 0x0000000085f00000, 0x0000000085f00000| Untracked 
|  96|0x0000000086000000, 0x0000000086100000, 0x0000000086100000|100%| O|  |TAMS 0x0000000086000000, 0x0000000086000000| Untracked 
|  97|0x0000000086100000, 0x0000000086200000, 0x0000000086200000|100%| O|  |TAMS 0x0000000086100000, 0x0000000086100000| Untracked 
|  98|0x0000000086200000, 0x0000000086300000, 0x0000000086300000|100%| O|  |TAMS 0x0000000086200000, 0x0000000086200000| Untracked 
|  99|0x0000000086300000, 0x0000000086400000, 0x0000000086400000|100%| O|  |TAMS 0x0000000086300000, 0x0000000086300000| Untracked 
| 100|0x0000000086400000, 0x0000000086400000, 0x0000000086500000|  0%| F|  |TAMS 0x0000000086400000, 0x0000000086400000| Untracked 
| 101|0x0000000086500000, 0x0000000086500000, 0x0000000086600000|  0%| F|  |TAMS 0x0000000086500000, 0x0000000086500000| Untracked 
| 102|0x0000000086600000, 0x0000000086600000, 0x0000000086700000|  0%| F|  |TAMS 0x0000000086600000, 0x0000000086600000| Untracked 
| 103|0x0000000086700000, 0x0000000086700000, 0x0000000086800000|  0%| F|  |TAMS 0x0000000086700000, 0x0000000086700000| Untracked 
| 104|0x0000000086800000, 0x0000000086800000, 0x0000000086900000|  0%| F|  |TAMS 0x0000000086800000, 0x0000000086800000| Untracked 
| 105|0x0000000086900000, 0x0000000086900000, 0x0000000086a00000|  0%| F|  |TAMS 0x0000000086900000, 0x0000000086900000| Untracked 
| 106|0x0000000086a00000, 0x0000000086a00000, 0x0000000086b00000|  0%| F|  |TAMS 0x0000000086a00000, 0x0000000086a00000| Untracked 
| 107|0x0000000086b00000, 0x0000000086b00000, 0x0000000086c00000|  0%| F|  |TAMS 0x0000000086b00000, 0x0000000086b00000| Untracked 
| 108|0x0000000086c00000, 0x0000000086c00000, 0x0000000086d00000|  0%| F|  |TAMS 0x0000000086c00000, 0x0000000086c00000| Untracked 
| 109|0x0000000086d00000, 0x0000000086e00000, 0x0000000086e00000|100%| O|  |TAMS 0x0000000086e00000, 0x0000000086d00000| Untracked 
| 110|0x0000000086e00000, 0x0000000086f00000, 0x0000000086f00000|100%| O|  |TAMS 0x0000000086f00000, 0x0000000086e00000| Untracked 
| 111|0x0000000086f00000, 0x0000000087000000, 0x0000000087000000|100%| O|  |TAMS 0x0000000087000000, 0x0000000086f00000| Untracked 
| 112|0x0000000087000000, 0x0000000087100000, 0x0000000087100000|100%| O|  |TAMS 0x0000000087100000, 0x0000000087000000| Untracked 
| 113|0x0000000087100000, 0x0000000087100000, 0x0000000087200000|  0%| F|  |TAMS 0x0000000087100000, 0x0000000087100000| Untracked 
| 114|0x0000000087200000, 0x0000000087200000, 0x0000000087300000|  0%| F|  |TAMS 0x0000000087200000, 0x0000000087200000| Untracked 
| 115|0x0000000087300000, 0x0000000087300000, 0x0000000087400000|  0%| F|  |TAMS 0x0000000087300000, 0x0000000087300000| Untracked 
| 116|0x0000000087400000, 0x0000000087400000, 0x0000000087500000|  0%| F|  |TAMS 0x0000000087400000, 0x0000000087400000| Untracked 
| 117|0x0000000087500000, 0x0000000087500000, 0x0000000087600000|  0%| F|  |TAMS 0x0000000087500000, 0x0000000087500000| Untracked 
| 118|0x0000000087600000, 0x0000000087600000, 0x0000000087700000|  0%| F|  |TAMS 0x0000000087600000, 0x0000000087600000| Untracked 
| 119|0x0000000087700000, 0x0000000087800000, 0x0000000087800000|100%| O|  |TAMS 0x0000000087800000, 0x0000000087700000| Untracked 
| 120|0x0000000087800000, 0x0000000087900000, 0x0000000087900000|100%| O|  |TAMS 0x0000000087900000, 0x0000000087800000| Untracked 
| 121|0x0000000087900000, 0x0000000087a00000, 0x0000000087a00000|100%| O|  |TAMS 0x0000000087a00000, 0x0000000087900000| Untracked 
| 122|0x0000000087a00000, 0x0000000087b00000, 0x0000000087b00000|100%| O|  |TAMS 0x0000000087b00000, 0x0000000087a00000| Untracked 
| 123|0x0000000087b00000, 0x0000000087c00000, 0x0000000087c00000|100%| O|  |TAMS 0x0000000087c00000, 0x0000000087b00000| Untracked 
| 124|0x0000000087c00000, 0x0000000087d00000, 0x0000000087d00000|100%| O|  |TAMS 0x0000000087d00000, 0x0000000087c00000| Untracked 
| 125|0x0000000087d00000, 0x0000000087d00000, 0x0000000087e00000|  0%| F|  |TAMS 0x0000000087d00000, 0x0000000087d00000| Untracked 
| 126|0x0000000087e00000, 0x0000000087e00000, 0x0000000087f00000|  0%| F|  |TAMS 0x0000000087e00000, 0x0000000087e00000| Untracked 
| 127|0x0000000087f00000, 0x0000000087f00000, 0x0000000088000000|  0%| F|  |TAMS 0x0000000087f00000, 0x0000000087f00000| Untracked 
| 128|0x0000000088000000, 0x0000000088000000, 0x0000000088100000|  0%| F|  |TAMS 0x0000000088000000, 0x0000000088000000| Untracked 
| 129|0x0000000088100000, 0x0000000088200000, 0x0000000088200000|100%| O|  |TAMS 0x0000000088200000, 0x0000000088100000| Untracked 
| 130|0x0000000088200000, 0x0000000088300000, 0x0000000088300000|100%| O|  |TAMS 0x0000000088300000, 0x0000000088200000| Untracked 
| 131|0x0000000088300000, 0x0000000088400000, 0x0000000088400000|100%| O|  |TAMS 0x0000000088400000, 0x0000000088300000| Untracked 
| 132|0x0000000088400000, 0x0000000088500000, 0x0000000088500000|100%| O|  |TAMS 0x0000000088500000, 0x0000000088400000| Untracked 
| 133|0x0000000088500000, 0x0000000088600000, 0x0000000088600000|100%| O|  |TAMS 0x0000000088600000, 0x0000000088500000| Untracked 
| 134|0x0000000088600000, 0x0000000088700000, 0x0000000088700000|100%| O|  |TAMS 0x0000000088700000, 0x0000000088600000| Untracked 
| 135|0x0000000088700000, 0x0000000088800000, 0x0000000088800000|100%| O|  |TAMS 0x0000000088800000, 0x0000000088700000| Untracked 
| 136|0x0000000088800000, 0x0000000088800000, 0x0000000088900000|  0%| F|  |TAMS 0x0000000088800000, 0x0000000088800000| Untracked 
| 137|0x0000000088900000, 0x0000000088900000, 0x0000000088a00000|  0%| F|  |TAMS 0x0000000088900000, 0x0000000088900000| Untracked 
| 138|0x0000000088a00000, 0x0000000088a00000, 0x0000000088b00000|  0%| F|  |TAMS 0x0000000088a00000, 0x0000000088a00000| Untracked 
| 139|0x0000000088b00000, 0x0000000088b00000, 0x0000000088c00000|  0%| F|  |TAMS 0x0000000088b00000, 0x0000000088b00000| Untracked 
| 140|0x0000000088c00000, 0x0000000088c00000, 0x0000000088d00000|  0%| F|  |TAMS 0x0000000088c00000, 0x0000000088c00000| Untracked 
| 141|0x0000000088d00000, 0x0000000088d00000, 0x0000000088e00000|  0%| F|  |TAMS 0x0000000088d00000, 0x0000000088d00000| Untracked 
| 142|0x0000000088e00000, 0x0000000088e00000, 0x0000000088f00000|  0%| F|  |TAMS 0x0000000088e00000, 0x0000000088e00000| Untracked 
| 143|0x0000000088f00000, 0x0000000088f00000, 0x0000000089000000|  0%| F|  |TAMS 0x0000000088f00000, 0x0000000088f00000| Untracked 
| 144|0x0000000089000000, 0x0000000089000000, 0x0000000089100000|  0%| F|  |TAMS 0x0000000089000000, 0x0000000089000000| Untracked 
| 145|0x0000000089100000, 0x0000000089100000, 0x0000000089200000|  0%| F|  |TAMS 0x0000000089100000, 0x0000000089100000| Untracked 
| 146|0x0000000089200000, 0x0000000089200000, 0x0000000089300000|  0%| F|  |TAMS 0x0000000089200000, 0x0000000089200000| Untracked 
| 147|0x0000000089300000, 0x0000000089300000, 0x0000000089400000|  0%| F|  |TAMS 0x0000000089300000, 0x0000000089300000| Untracked 
| 148|0x0000000089400000, 0x0000000089400000, 0x0000000089500000|  0%| F|  |TAMS 0x0000000089400000, 0x0000000089400000| Untracked 
| 149|0x0000000089500000, 0x0000000089500000, 0x0000000089600000|  0%| F|  |TAMS 0x0000000089500000, 0x0000000089500000| Untracked 
| 150|0x0000000089600000, 0x0000000089600000, 0x0000000089700000|  0%| F|  |TAMS 0x0000000089600000, 0x0000000089600000| Untracked 
| 151|0x0000000089700000, 0x0000000089700000, 0x0000000089800000|  0%| F|  |TAMS 0x0000000089700000, 0x0000000089700000| Untracked 
| 152|0x0000000089800000, 0x0000000089800000, 0x0000000089900000|  0%| F|  |TAMS 0x0000000089800000, 0x0000000089800000| Untracked 
| 153|0x0000000089900000, 0x0000000089900000, 0x0000000089a00000|  0%| F|  |TAMS 0x0000000089900000, 0x0000000089900000| Untracked 
| 154|0x0000000089a00000, 0x0000000089a00000, 0x0000000089b00000|  0%| F|  |TAMS 0x0000000089a00000, 0x0000000089a00000| Untracked 
| 155|0x0000000089b00000, 0x0000000089b00000, 0x0000000089c00000|  0%| F|  |TAMS 0x0000000089b00000, 0x0000000089b00000| Untracked 
| 156|0x0000000089c00000, 0x0000000089c00000, 0x0000000089d00000|  0%| F|  |TAMS 0x0000000089c00000, 0x0000000089c00000| Untracked 
| 157|0x0000000089d00000, 0x0000000089d00000, 0x0000000089e00000|  0%| F|  |TAMS 0x0000000089d00000, 0x0000000089d00000| Untracked 
| 158|0x0000000089e00000, 0x0000000089e00000, 0x0000000089f00000|  0%| F|  |TAMS 0x0000000089e00000, 0x0000000089e00000| Untracked 
| 159|0x0000000089f00000, 0x0000000089f00000, 0x000000008a000000|  0%| F|  |TAMS 0x0000000089f00000, 0x0000000089f00000| Untracked 
| 160|0x000000008a000000, 0x000000008a000000, 0x000000008a100000|  0%| F|  |TAMS 0x000000008a000000, 0x000000008a000000| Untracked 
| 161|0x000000008a100000, 0x000000008a100000, 0x000000008a200000|  0%| F|  |TAMS 0x000000008a100000, 0x000000008a100000| Untracked 
| 162|0x000000008a200000, 0x000000008a200000, 0x000000008a300000|  0%| F|  |TAMS 0x000000008a200000, 0x000000008a200000| Untracked 
| 163|0x000000008a300000, 0x000000008a300000, 0x000000008a400000|  0%| F|  |TAMS 0x000000008a300000, 0x000000008a300000| Untracked 
| 164|0x000000008a400000, 0x000000008a400000, 0x000000008a500000|  0%| F|  |TAMS 0x000000008a400000, 0x000000008a400000| Untracked 
| 165|0x000000008a500000, 0x000000008a500000, 0x000000008a600000|  0%| F|  |TAMS 0x000000008a500000, 0x000000008a500000| Untracked 
| 166|0x000000008a600000, 0x000000008a686598, 0x000000008a700000| 52%| S|CS|TAMS 0x000000008a600000, 0x000000008a600000| Complete 
| 167|0x000000008a700000, 0x000000008a700000, 0x000000008a800000|  0%| F|  |TAMS 0x000000008a700000, 0x000000008a700000| Untracked 
| 168|0x000000008a800000, 0x000000008a800000, 0x000000008a900000|  0%| F|  |TAMS 0x000000008a800000, 0x000000008a800000| Untracked 
| 169|0x000000008a900000, 0x000000008a900000, 0x000000008aa00000|  0%| F|  |TAMS 0x000000008a900000, 0x000000008a900000| Untracked 
| 170|0x000000008aa00000, 0x000000008aa00000, 0x000000008ab00000|  0%| F|  |TAMS 0x000000008aa00000, 0x000000008aa00000| Untracked 
| 171|0x000000008ab00000, 0x000000008ab00000, 0x000000008ac00000|  0%| F|  |TAMS 0x000000008ab00000, 0x000000008ab00000| Untracked 
| 172|0x000000008ac00000, 0x000000008ac00000, 0x000000008ad00000|  0%| F|  |TAMS 0x000000008ac00000, 0x000000008ac00000| Untracked 
| 173|0x000000008ad00000, 0x000000008ad00000, 0x000000008ae00000|  0%| F|  |TAMS 0x000000008ad00000, 0x000000008ad00000| Untracked 
| 174|0x000000008ae00000, 0x000000008ae00000, 0x000000008af00000|  0%| F|  |TAMS 0x000000008ae00000, 0x000000008ae00000| Untracked 
| 175|0x000000008af00000, 0x000000008af00000, 0x000000008b000000|  0%| F|  |TAMS 0x000000008af00000, 0x000000008af00000| Untracked 
| 176|0x000000008b000000, 0x000000008b000000, 0x000000008b100000|  0%| F|  |TAMS 0x000000008b000000, 0x000000008b000000| Untracked 
| 177|0x000000008b100000, 0x000000008b100000, 0x000000008b200000|  0%| F|  |TAMS 0x000000008b100000, 0x000000008b100000| Untracked 
| 178|0x000000008b200000, 0x000000008b200000, 0x000000008b300000|  0%| F|  |TAMS 0x000000008b200000, 0x000000008b200000| Untracked 
| 179|0x000000008b300000, 0x000000008b300000, 0x000000008b400000|  0%| F|  |TAMS 0x000000008b300000, 0x000000008b300000| Untracked 
| 180|0x000000008b400000, 0x000000008b400000, 0x000000008b500000|  0%| F|  |TAMS 0x000000008b400000, 0x000000008b400000| Untracked 
| 181|0x000000008b500000, 0x000000008b500000, 0x000000008b600000|  0%| F|  |TAMS 0x000000008b500000, 0x000000008b500000| Untracked 
| 182|0x000000008b600000, 0x000000008b600000, 0x000000008b700000|  0%| F|  |TAMS 0x000000008b600000, 0x000000008b600000| Untracked 
| 183|0x000000008b700000, 0x000000008b700000, 0x000000008b800000|  0%| F|  |TAMS 0x000000008b700000, 0x000000008b700000| Untracked 
| 184|0x000000008b800000, 0x000000008b800000, 0x000000008b900000|  0%| F|  |TAMS 0x000000008b800000, 0x000000008b800000| Untracked 
| 185|0x000000008b900000, 0x000000008b900000, 0x000000008ba00000|  0%| F|  |TAMS 0x000000008b900000, 0x000000008b900000| Untracked 
| 186|0x000000008ba00000, 0x000000008ba00000, 0x000000008bb00000|  0%| F|  |TAMS 0x000000008ba00000, 0x000000008ba00000| Untracked 
| 187|0x000000008bb00000, 0x000000008bb00000, 0x000000008bc00000|  0%| F|  |TAMS 0x000000008bb00000, 0x000000008bb00000| Untracked 
| 188|0x000000008bc00000, 0x000000008bd00000, 0x000000008bd00000|100%| E|  |TAMS 0x000000008bc00000, 0x000000008bc00000| Complete 
| 189|0x000000008bd00000, 0x000000008be00000, 0x000000008be00000|100%| E|CS|TAMS 0x000000008bd00000, 0x000000008bd00000| Complete 
| 190|0x000000008be00000, 0x000000008bf00000, 0x000000008bf00000|100%| E|CS|TAMS 0x000000008be00000, 0x000000008be00000| Complete 
| 191|0x000000008bf00000, 0x000000008c000000, 0x000000008c000000|100%| E|CS|TAMS 0x000000008bf00000, 0x000000008bf00000| Complete 
| 192|0x000000008c000000, 0x000000008c100000, 0x000000008c100000|100%| E|CS|TAMS 0x000000008c000000, 0x000000008c000000| Complete 
| 193|0x000000008c100000, 0x000000008c200000, 0x000000008c200000|100%| E|CS|TAMS 0x000000008c100000, 0x000000008c100000| Complete 
| 194|0x000000008c200000, 0x000000008c300000, 0x000000008c300000|100%| E|CS|TAMS 0x000000008c200000, 0x000000008c200000| Complete 
| 195|0x000000008c300000, 0x000000008c400000, 0x000000008c400000|100%| E|CS|TAMS 0x000000008c300000, 0x000000008c300000| Complete 
| 196|0x000000008c400000, 0x000000008c500000, 0x000000008c500000|100%| E|CS|TAMS 0x000000008c400000, 0x000000008c400000| Complete 
| 197|0x000000008c500000, 0x000000008c600000, 0x000000008c600000|100%| E|CS|TAMS 0x000000008c500000, 0x000000008c500000| Complete 
| 198|0x000000008c600000, 0x000000008c700000, 0x000000008c700000|100%| E|CS|TAMS 0x000000008c600000, 0x000000008c600000| Complete 
| 199|0x000000008c700000, 0x000000008c800000, 0x000000008c800000|100%| E|CS|TAMS 0x000000008c700000, 0x000000008c700000| Complete 
| 200|0x000000008c800000, 0x000000008c900000, 0x000000008c900000|100%| E|CS|TAMS 0x000000008c800000, 0x000000008c800000| Complete 
| 201|0x000000008c900000, 0x000000008ca00000, 0x000000008ca00000|100%| E|CS|TAMS 0x000000008c900000, 0x000000008c900000| Complete 
| 202|0x000000008ca00000, 0x000000008cb00000, 0x000000008cb00000|100%| E|CS|TAMS 0x000000008ca00000, 0x000000008ca00000| Complete 
| 203|0x000000008cb00000, 0x000000008cc00000, 0x000000008cc00000|100%| E|CS|TAMS 0x000000008cb00000, 0x000000008cb00000| Complete 
| 204|0x000000008cc00000, 0x000000008cd00000, 0x000000008cd00000|100%| E|CS|TAMS 0x000000008cc00000, 0x000000008cc00000| Complete 
| 205|0x000000008cd00000, 0x000000008ce00000, 0x000000008ce00000|100%| E|CS|TAMS 0x000000008cd00000, 0x000000008cd00000| Complete 
| 206|0x000000008ce00000, 0x000000008cf00000, 0x000000008cf00000|100%| E|CS|TAMS 0x000000008ce00000, 0x000000008ce00000| Complete 
| 207|0x000000008cf00000, 0x000000008d000000, 0x000000008d000000|100%| E|CS|TAMS 0x000000008cf00000, 0x000000008cf00000| Complete 
| 208|0x000000008d000000, 0x000000008d100000, 0x000000008d100000|100%| E|CS|TAMS 0x000000008d000000, 0x000000008d000000| Complete 
| 209|0x000000008d100000, 0x000000008d200000, 0x000000008d200000|100%| E|CS|TAMS 0x000000008d100000, 0x000000008d100000| Complete 
| 210|0x000000008d200000, 0x000000008d300000, 0x000000008d300000|100%| E|CS|TAMS 0x000000008d200000, 0x000000008d200000| Complete 
| 211|0x000000008d300000, 0x000000008d400000, 0x000000008d400000|100%| E|CS|TAMS 0x000000008d300000, 0x000000008d300000| Complete 
| 212|0x000000008d400000, 0x000000008d500000, 0x000000008d500000|100%| E|CS|TAMS 0x000000008d400000, 0x000000008d400000| Complete 
| 213|0x000000008d500000, 0x000000008d600000, 0x000000008d600000|100%| E|CS|TAMS 0x000000008d500000, 0x000000008d500000| Complete 
| 214|0x000000008d600000, 0x000000008d700000, 0x000000008d700000|100%| E|CS|TAMS 0x000000008d600000, 0x000000008d600000| Complete 
| 215|0x000000008d700000, 0x000000008d800000, 0x000000008d800000|100%| E|CS|TAMS 0x000000008d700000, 0x000000008d700000| Complete 
| 216|0x000000008d800000, 0x000000008d900000, 0x000000008d900000|100%| E|CS|TAMS 0x000000008d800000, 0x000000008d800000| Complete 
| 217|0x000000008d900000, 0x000000008da00000, 0x000000008da00000|100%| E|CS|TAMS 0x000000008d900000, 0x000000008d900000| Complete 
| 218|0x000000008da00000, 0x000000008db00000, 0x000000008db00000|100%| E|CS|TAMS 0x000000008da00000, 0x000000008da00000| Complete 
| 219|0x000000008db00000, 0x000000008dc00000, 0x000000008dc00000|100%| E|CS|TAMS 0x000000008db00000, 0x000000008db00000| Complete 
| 220|0x000000008dc00000, 0x000000008dd00000, 0x000000008dd00000|100%| E|CS|TAMS 0x000000008dc00000, 0x000000008dc00000| Complete 
| 221|0x000000008dd00000, 0x000000008de00000, 0x000000008de00000|100%| E|CS|TAMS 0x000000008dd00000, 0x000000008dd00000| Complete 
| 222|0x000000008de00000, 0x000000008df00000, 0x000000008df00000|100%| E|CS|TAMS 0x000000008de00000, 0x000000008de00000| Complete 
| 223|0x000000008df00000, 0x000000008e000000, 0x000000008e000000|100%| E|CS|TAMS 0x000000008df00000, 0x000000008df00000| Complete 
| 224|0x000000008e000000, 0x000000008e100000, 0x000000008e100000|100%| E|CS|TAMS 0x000000008e000000, 0x000000008e000000| Complete 
| 225|0x000000008e100000, 0x000000008e200000, 0x000000008e200000|100%| E|CS|TAMS 0x000000008e100000, 0x000000008e100000| Complete 
| 226|0x000000008e200000, 0x000000008e300000, 0x000000008e300000|100%| E|CS|TAMS 0x000000008e200000, 0x000000008e200000| Complete 
| 227|0x000000008e300000, 0x000000008e400000, 0x000000008e400000|100%| E|CS|TAMS 0x000000008e300000, 0x000000008e300000| Complete 
| 228|0x000000008e400000, 0x000000008e500000, 0x000000008e500000|100%| E|CS|TAMS 0x000000008e400000, 0x000000008e400000| Complete 
| 229|0x000000008e500000, 0x000000008e600000, 0x000000008e600000|100%| E|CS|TAMS 0x000000008e500000, 0x000000008e500000| Complete 
| 230|0x000000008e600000, 0x000000008e700000, 0x000000008e700000|100%| E|CS|TAMS 0x000000008e600000, 0x000000008e600000| Complete 
| 231|0x000000008e700000, 0x000000008e800000, 0x000000008e800000|100%| E|CS|TAMS 0x000000008e700000, 0x000000008e700000| Complete 
| 232|0x000000008e800000, 0x000000008e900000, 0x000000008e900000|100%| E|CS|TAMS 0x000000008e800000, 0x000000008e800000| Complete 
| 233|0x000000008e900000, 0x000000008ea00000, 0x000000008ea00000|100%| E|CS|TAMS 0x000000008e900000, 0x000000008e900000| Complete 
| 234|0x000000008ea00000, 0x000000008eb00000, 0x000000008eb00000|100%| E|CS|TAMS 0x000000008ea00000, 0x000000008ea00000| Complete 
| 235|0x000000008eb00000, 0x000000008ec00000, 0x000000008ec00000|100%| E|CS|TAMS 0x000000008eb00000, 0x000000008eb00000| Complete 
| 236|0x000000008ec00000, 0x000000008ed00000, 0x000000008ed00000|100%| E|CS|TAMS 0x000000008ec00000, 0x000000008ec00000| Complete 
| 237|0x000000008ed00000, 0x000000008ee00000, 0x000000008ee00000|100%| E|CS|TAMS 0x000000008ed00000, 0x000000008ed00000| Complete 
| 238|0x000000008ee00000, 0x000000008ef00000, 0x000000008ef00000|100%| E|CS|TAMS 0x000000008ee00000, 0x000000008ee00000| Complete 
| 239|0x000000008ef00000, 0x000000008f000000, 0x000000008f000000|100%| E|CS|TAMS 0x000000008ef00000, 0x000000008ef00000| Complete 
| 240|0x000000008f000000, 0x000000008f100000, 0x000000008f100000|100%| E|CS|TAMS 0x000000008f000000, 0x000000008f000000| Complete 
| 241|0x000000008f100000, 0x000000008f200000, 0x000000008f200000|100%| E|CS|TAMS 0x000000008f100000, 0x000000008f100000| Complete 
| 242|0x000000008f200000, 0x000000008f300000, 0x000000008f300000|100%| E|CS|TAMS 0x000000008f200000, 0x000000008f200000| Complete 
| 243|0x000000008f300000, 0x000000008f400000, 0x000000008f400000|100%| E|CS|TAMS 0x000000008f300000, 0x000000008f300000| Complete 
| 244|0x000000008f400000, 0x000000008f500000, 0x000000008f500000|100%| E|CS|TAMS 0x000000008f400000, 0x000000008f400000| Complete 
| 245|0x000000008f500000, 0x000000008f600000, 0x000000008f600000|100%| E|CS|TAMS 0x000000008f500000, 0x000000008f500000| Complete 
| 246|0x000000008f600000, 0x000000008f700000, 0x000000008f700000|100%| E|CS|TAMS 0x000000008f600000, 0x000000008f600000| Complete 
| 247|0x000000008f700000, 0x000000008f800000, 0x000000008f800000|100%| E|CS|TAMS 0x000000008f700000, 0x000000008f700000| Complete 
| 248|0x000000008f800000, 0x000000008f900000, 0x000000008f900000|100%| E|CS|TAMS 0x000000008f800000, 0x000000008f800000| Complete 
| 249|0x000000008f900000, 0x000000008fa00000, 0x000000008fa00000|100%| E|CS|TAMS 0x000000008f900000, 0x000000008f900000| Complete 
| 250|0x000000008fa00000, 0x000000008fb00000, 0x000000008fb00000|100%| E|CS|TAMS 0x000000008fa00000, 0x000000008fa00000| Complete 
| 251|0x000000008fb00000, 0x000000008fc00000, 0x000000008fc00000|100%| E|CS|TAMS 0x000000008fb00000, 0x000000008fb00000| Complete 
| 252|0x000000008fc00000, 0x000000008fd00000, 0x000000008fd00000|100%| E|CS|TAMS 0x000000008fc00000, 0x000000008fc00000| Complete 
| 253|0x000000008fd00000, 0x000000008fe00000, 0x000000008fe00000|100%| E|CS|TAMS 0x000000008fd00000, 0x000000008fd00000| Complete 
| 254|0x000000008fe00000, 0x000000008ff00000, 0x000000008ff00000|100%| E|CS|TAMS 0x000000008fe00000, 0x000000008fe00000| Complete 
| 255|0x000000008ff00000, 0x0000000090000000, 0x0000000090000000|100%| E|CS|TAMS 0x000000008ff00000, 0x000000008ff00000| Complete 
| 256|0x0000000090000000, 0x0000000090100000, 0x0000000090100000|100%| E|CS|TAMS 0x0000000090000000, 0x0000000090000000| Complete 
| 257|0x0000000090100000, 0x0000000090200000, 0x0000000090200000|100%| E|CS|TAMS 0x0000000090100000, 0x0000000090100000| Complete 
| 258|0x0000000090200000, 0x0000000090300000, 0x0000000090300000|100%| E|CS|TAMS 0x0000000090200000, 0x0000000090200000| Complete 
| 259|0x0000000090300000, 0x0000000090400000, 0x0000000090400000|100%| E|CS|TAMS 0x0000000090300000, 0x0000000090300000| Complete 
| 260|0x0000000090400000, 0x0000000090500000, 0x0000000090500000|100%| E|CS|TAMS 0x0000000090400000, 0x0000000090400000| Complete 
| 261|0x0000000090500000, 0x0000000090600000, 0x0000000090600000|100%| E|CS|TAMS 0x0000000090500000, 0x0000000090500000| Complete 
| 262|0x0000000090600000, 0x0000000090700000, 0x0000000090700000|100%| E|CS|TAMS 0x0000000090600000, 0x0000000090600000| Complete 
| 263|0x0000000090700000, 0x0000000090800000, 0x0000000090800000|100%| E|CS|TAMS 0x0000000090700000, 0x0000000090700000| Complete 
| 264|0x0000000090800000, 0x0000000090900000, 0x0000000090900000|100%| E|CS|TAMS 0x0000000090800000, 0x0000000090800000| Complete 
| 265|0x0000000090900000, 0x0000000090a00000, 0x0000000090a00000|100%| E|CS|TAMS 0x0000000090900000, 0x0000000090900000| Complete 
| 266|0x0000000090a00000, 0x0000000090b00000, 0x0000000090b00000|100%| E|CS|TAMS 0x0000000090a00000, 0x0000000090a00000| Complete 
| 267|0x0000000090b00000, 0x0000000090c00000, 0x0000000090c00000|100%| E|CS|TAMS 0x0000000090b00000, 0x0000000090b00000| Complete 
| 268|0x0000000090c00000, 0x0000000090d00000, 0x0000000090d00000|100%| E|CS|TAMS 0x0000000090c00000, 0x0000000090c00000| Complete 

Card table byte_map: [0x000001bd143f0000,0x000001bd147f0000] _byte_map_base: 0x000001bd13ff0000

Marking Bits (Prev, Next): (CMBitMap*) 0x000001bd7fd75e60, (CMBitMap*) 0x000001bd7fd75ea0
 Prev Bits: [0x000001bd14bf0000, 0x000001bd16bf0000)
 Next Bits: [0x000001bd16bf0000, 0x000001bd18bf0000)

Polling page: 0x000001bd049a0000

Metaspace:

Usage:
  Non-class:    104.63 MB used.
      Class:     15.79 MB used.
       Both:    120.42 MB used.

Virtual space:
  Non-class space:      112.00 MB reserved,     105.06 MB ( 94%) committed,  14 nodes.
      Class space:        1.00 GB reserved,      16.19 MB (  2%) committed,  1 nodes.
             Both:        1.11 GB reserved,     121.25 MB ( 11%) committed. 

Chunk freelists:
   Non-Class:  2.91 MB
       Class:  3.83 MB
        Both:  6.74 MB

MaxMetaspaceSize: unlimited
CompressedClassSpaceSize: 1.00 GB
Initial GC threshold: 21.00 MB
Current GC threshold: 190.75 MB
CDS: off
MetaspaceReclaimPolicy: balanced
 - commit_granule_bytes: 65536.
 - commit_granule_words: 8192.
 - virtual_space_node_default_size: 1048576.
 - enlarge_chunks_in_place: 1.
 - new_chunks_are_fully_committed: 0.
 - uncommit_free_chunks: 1.
 - use_allocation_guard: 0.
 - handle_deallocations: 1.


Internal statistics:

num_allocs_failed_limit: 15.
num_arena_births: 1292.
num_arena_deaths: 6.
num_vsnodes_births: 15.
num_vsnodes_deaths: 0.
num_space_committed: 1939.
num_space_uncommitted: 0.
num_chunks_returned_to_freelist: 23.
num_chunks_taken_from_freelist: 5979.
num_chunk_merges: 18.
num_chunk_splits: 3990.
num_chunks_enlarged: 2721.
num_purges: 2.
num_inconsistent_stats: 0.

CodeHeap 'non-profiled nmethods': size=120000Kb used=10881Kb max_used=10881Kb free=109118Kb
 bounds [0x000001bd0c490000, 0x000001bd0cf40000, 0x000001bd139c0000]
CodeHeap 'profiled nmethods': size=120000Kb used=35740Kb max_used=35740Kb free=84259Kb
 bounds [0x000001bd049c0000, 0x000001bd06cb0000, 0x000001bd0bef0000]
CodeHeap 'non-nmethods': size=5760Kb used=2444Kb max_used=2521Kb free=3315Kb
 bounds [0x000001bd0bef0000, 0x000001bd0c170000, 0x000001bd0c490000]
 total_blobs=17877 nmethods=16894 adapters=893
 compilation: enabled
              stopped_count=0, restarted_count=0
 full_count=0

Compilation events (20 events):
Event: 40.063 Thread 0x000001bd1bc548e0 20459       2       com.android.tools.r8.internal.vr::a (43 bytes)
Event: 40.063 Thread 0x000001bd1bc548e0 nmethod 20459 0x000001bd06c9a610 code [0x000001bd06c9a7e0, 0x000001bd06c9aa48]
Event: 40.067 Thread 0x000001bd1bc548e0 20460       2       com.android.tools.r8.dex.code.O0::<init> (109 bytes)
Event: 40.067 Thread 0x000001bd1bc548e0 nmethod 20460 0x000001bd06c9ac10 code [0x000001bd06c9ada0, 0x000001bd06c9aeb8]
Event: 40.067 Thread 0x000001bd1bc548e0 20461       2       com.android.tools.r8.dex.code.O0::hashCode (29 bytes)
Event: 40.067 Thread 0x000001bd1bc548e0 nmethod 20461 0x000001bd06c9af90 code [0x000001bd06c9b120, 0x000001bd06c9b288]
Event: 40.077 Thread 0x000001bd1bc548e0 20462       2       com.android.tools.r8.utils.X$$Lambda$1498/0x0000000100f41b98::apply (16 bytes)
Event: 40.077 Thread 0x000001bd1bc548e0 nmethod 20462 0x000001bd06c9b310 code [0x000001bd06c9b4c0, 0x000001bd06c9b628]
Event: 40.077 Thread 0x000001bd1bc548e0 20463       2       com.android.tools.r8.utils.W::<init> (28 bytes)
Event: 40.077 Thread 0x000001bd1bc548e0 nmethod 20463 0x000001bd06c9b710 code [0x000001bd06c9b8a0, 0x000001bd06c9baf8]
Event: 40.077 Thread 0x000001bd1bc548e0 20464       2       com.android.builder.dexing.r8.ClassFileProviderFactory$OrderedClassFileResourceProvider::getProgramResource (36 bytes)
Event: 40.077 Thread 0x000001bd1bc548e0 nmethod 20464 0x000001bd06c9bb90 code [0x000001bd06c9bd60, 0x000001bd06c9bfc8]
Event: 40.104 Thread 0x000001bd1bc548e0 20465       2       com.android.tools.r8.graph.proto.c::a (101 bytes)
Event: 40.104 Thread 0x000001bd1bc548e0 nmethod 20465 0x000001bd06c9c110 code [0x000001bd06c9c300, 0x000001bd06c9c5e8]
Event: 40.113 Thread 0x000001bd1bc548e0 20466       2       com.android.tools.r8.internal.cF::l (27 bytes)
Event: 40.113 Thread 0x000001bd1bc548e0 nmethod 20466 0x000001bd06c9c810 code [0x000001bd06c9c9a0, 0x000001bd06c9cbd8]
Event: 40.113 Thread 0x000001bd1bc548e0 20467       2       java.util.stream.SortedOps$OfRef::<init> (32 bytes)
Event: 40.114 Thread 0x000001bd1bc548e0 nmethod 20467 0x000001bd06c9cc90 code [0x000001bd06c9ce40, 0x000001bd06c9d0f8]
Event: 40.114 Thread 0x000001bd1bc548e0 20468       2       java.util.stream.ReferencePipeline::limit (25 bytes)
Event: 40.114 Thread 0x000001bd1bc548e0 nmethod 20468 0x000001bd06c9d290 code [0x000001bd06c9d440, 0x000001bd06c9d648]

GC Heap History (20 events):
Event: 33.157 GC heap before
{Heap before GC invocations=50 (full 0):
 garbage-first heap   total 188416K, used 159860K [0x0000000080000000, 0x0000000100000000)
  region size 1024K, 33 young (33792K), 3 survivors (3072K)
 Metaspace       used 107205K, committed 108032K, reserved 1146880K
  class space    used 14025K, committed 14400K, reserved 1048576K
}
Event: 33.163 GC heap after
{Heap after GC invocations=51 (full 0):
 garbage-first heap   total 188416K, used 133504K [0x0000000080000000, 0x0000000100000000)
  region size 1024K, 5 young (5120K), 5 survivors (5120K)
 Metaspace       used 107205K, committed 108032K, reserved 1146880K
  class space    used 14025K, committed 14400K, reserved 1048576K
}
Event: 33.566 GC heap before
{Heap before GC invocations=51 (full 0):
 garbage-first heap   total 188416K, used 160128K [0x0000000080000000, 0x0000000100000000)
  region size 1024K, 32 young (32768K), 5 survivors (5120K)
 Metaspace       used 108136K, committed 108864K, reserved 1146880K
  class space    used 14145K, committed 14528K, reserved 1048576K
}
Event: 33.575 GC heap after
{Heap after GC invocations=52 (full 0):
 garbage-first heap   total 188416K, used 137030K [0x0000000080000000, 0x0000000100000000)
  region size 1024K, 4 young (4096K), 4 survivors (4096K)
 Metaspace       used 108136K, committed 108864K, reserved 1146880K
  class space    used 14145K, committed 14528K, reserved 1048576K
}
Event: 33.908 GC heap before
{Heap before GC invocations=52 (full 0):
 garbage-first heap   total 188416K, used 159558K [0x0000000080000000, 0x0000000100000000)
  region size 1024K, 27 young (27648K), 4 survivors (4096K)
 Metaspace       used 110372K, committed 111168K, reserved 1146880K
  class space    used 14447K, committed 14848K, reserved 1048576K
}
Event: 33.915 GC heap after
{Heap after GC invocations=53 (full 0):
 garbage-first heap   total 188416K, used 139935K [0x0000000080000000, 0x0000000100000000)
  region size 1024K, 4 young (4096K), 4 survivors (4096K)
 Metaspace       used 110372K, committed 111168K, reserved 1146880K
  class space    used 14447K, committed 14848K, reserved 1048576K
}
Event: 34.001 GC heap before
{Heap before GC invocations=53 (full 0):
 garbage-first heap   total 188416K, used 143007K [0x0000000080000000, 0x0000000100000000)
  region size 1024K, 8 young (8192K), 4 survivors (4096K)
 Metaspace       used 110907K, committed 111680K, reserved 1146880K
  class space    used 14513K, committed 14912K, reserved 1048576K
}
Event: 34.006 GC heap after
{Heap after GC invocations=54 (full 0):
 garbage-first heap   total 188416K, used 139835K [0x0000000080000000, 0x0000000100000000)
  region size 1024K, 1 young (1024K), 1 survivors (1024K)
 Metaspace       used 110907K, committed 111680K, reserved 1146880K
  class space    used 14513K, committed 14912K, reserved 1048576K
}
Event: 34.507 GC heap before
{Heap before GC invocations=55 (full 0):
 garbage-first heap   total 214016K, used 141883K [0x0000000080000000, 0x0000000100000000)
  region size 1024K, 20 young (20480K), 1 survivors (1024K)
 Metaspace       used 112257K, committed 113088K, reserved 1146880K
  class space    used 14702K, committed 15168K, reserved 1048576K
}
Event: 34.512 GC heap after
{Heap after GC invocations=56 (full 0):
 garbage-first heap   total 214016K, used 125582K [0x0000000080000000, 0x0000000100000000)
  region size 1024K, 3 young (3072K), 3 survivors (3072K)
 Metaspace       used 112257K, committed 113088K, reserved 1146880K
  class space    used 14702K, committed 15168K, reserved 1048576K
}
Event: 34.601 GC heap before
{Heap before GC invocations=56 (full 0):
 garbage-first heap   total 214016K, used 132750K [0x0000000080000000, 0x0000000100000000)
  region size 1024K, 10 young (10240K), 3 survivors (3072K)
 Metaspace       used 112339K, committed 113152K, reserved 1155072K
  class space    used 14705K, committed 15168K, reserved 1048576K
}
Event: 34.609 GC heap after
{Heap after GC invocations=57 (full 0):
 garbage-first heap   total 214016K, used 108355K [0x0000000080000000, 0x0000000100000000)
  region size 1024K, 2 young (2048K), 2 survivors (2048K)
 Metaspace       used 112339K, committed 113152K, reserved 1155072K
  class space    used 14705K, committed 15168K, reserved 1048576K
}
Event: 35.329 GC heap before
{Heap before GC invocations=57 (full 0):
 garbage-first heap   total 214016K, used 172867K [0x0000000080000000, 0x0000000100000000)
  region size 1024K, 66 young (67584K), 2 survivors (2048K)
 Metaspace       used 116085K, committed 116928K, reserved 1155072K
  class space    used 15205K, committed 15616K, reserved 1048576K
}
Event: 35.342 GC heap after
{Heap after GC invocations=58 (full 0):
 garbage-first heap   total 275456K, used 116632K [0x0000000080000000, 0x0000000100000000)
  region size 1024K, 9 young (9216K), 9 survivors (9216K)
 Metaspace       used 116085K, committed 116928K, reserved 1155072K
  class space    used 15205K, committed 15616K, reserved 1048576K
}
Event: 37.586 GC heap before
{Heap before GC invocations=59 (full 0):
 garbage-first heap   total 275456K, used 219032K [0x0000000080000000, 0x0000000100000000)
  region size 1024K, 107 young (109568K), 9 survivors (9216K)
 Metaspace       used 122082K, committed 122880K, reserved 1163264K
  class space    used 16052K, committed 16448K, reserved 1048576K
}
Event: 37.597 GC heap after
{Heap after GC invocations=60 (full 0):
 garbage-first heap   total 275456K, used 119219K [0x0000000080000000, 0x0000000100000000)
  region size 1024K, 5 young (5120K), 5 survivors (5120K)
 Metaspace       used 122082K, committed 122880K, reserved 1163264K
  class space    used 16052K, committed 16448K, reserved 1048576K
}
Event: 37.775 GC heap before
{Heap before GC invocations=60 (full 0):
 garbage-first heap   total 275456K, used 127411K [0x0000000080000000, 0x0000000100000000)
  region size 1024K, 13 young (13312K), 5 survivors (5120K)
 Metaspace       used 122298K, committed 123200K, reserved 1163264K
  class space    used 16075K, committed 16512K, reserved 1048576K
}
Event: 37.791 GC heap after
{Heap after GC invocations=61 (full 0):
 garbage-first heap   total 275456K, used 116632K [0x0000000080000000, 0x0000000100000000)
  region size 1024K, 1 young (1024K), 1 survivors (1024K)
 Metaspace       used 122298K, committed 123200K, reserved 1163264K
  class space    used 16075K, committed 16512K, reserved 1048576K
}
Event: 39.224 GC heap before
{Heap before GC invocations=61 (full 0):
 garbage-first heap   total 275456K, used 220056K [0x0000000080000000, 0x0000000100000000)
  region size 1024K, 102 young (104448K), 1 survivors (1024K)
 Metaspace       used 123053K, committed 123904K, reserved 1163264K
  class space    used 16136K, committed 16576K, reserved 1048576K
}
Event: 39.229 GC heap after
{Heap after GC invocations=62 (full 0):
 garbage-first heap   total 275456K, used 116249K [0x0000000080000000, 0x0000000100000000)
  region size 1024K, 1 young (1024K), 1 survivors (1024K)
 Metaspace       used 123053K, committed 123904K, reserved 1163264K
  class space    used 16136K, committed 16576K, reserved 1048576K
}

Dll operation events (2 events):
Event: 0.007 Loaded shared library C:\Program Files\Android\Android Studio\jbr\bin\java.dll
Event: 0.459 Loaded shared library C:\Program Files\Android\Android Studio\jbr\bin\verify.dll

Deoptimization events (20 events):
Event: 39.650 Thread 0x000001bd240535b0 DEOPT PACKING pc=0x000001bd0c5a5e78 sp=0x00000056851fbf20
Event: 39.650 Thread 0x000001bd240535b0 DEOPT UNPACKING pc=0x000001bd0bf469a3 sp=0x00000056851fbe80 mode 2
Event: 39.650 Thread 0x000001bd240535b0 Uncommon trap: trap_request=0xffffffbe fr.pc=0x000001bd0c5a5e78 relative=0x00000000000007b8
Event: 39.650 Thread 0x000001bd240535b0 Uncommon trap: reason=profile_predicate action=maybe_recompile pc=0x000001bd0c5a5e78 method=com.android.tools.r8.graph.p2.a([C)I @ 8 c2
Event: 39.650 Thread 0x000001bd240535b0 DEOPT PACKING pc=0x000001bd0c5a5e78 sp=0x00000056851fb7c0
Event: 39.650 Thread 0x000001bd240535b0 DEOPT UNPACKING pc=0x000001bd0bf469a3 sp=0x00000056851fb720 mode 2
Event: 39.882 Thread 0x000001bd240535b0 DEOPT PACKING pc=0x000001bd06b85aa6 sp=0x00000056851fb800
Event: 39.882 Thread 0x000001bd240535b0 DEOPT UNPACKING pc=0x000001bd0bf47143 sp=0x00000056851fac78 mode 0
Event: 39.919 Thread 0x000001bd240535b0 DEOPT PACKING pc=0x000001bd06959a10 sp=0x00000056851fb4f0
Event: 39.919 Thread 0x000001bd240535b0 DEOPT UNPACKING pc=0x000001bd0bf47143 sp=0x00000056851facf8 mode 0
Event: 39.969 Thread 0x000001bd240535b0 DEOPT PACKING pc=0x000001bd06b85aa6 sp=0x00000056851fc470
Event: 39.970 Thread 0x000001bd240535b0 DEOPT UNPACKING pc=0x000001bd0bf47143 sp=0x00000056851fb8e8 mode 0
Event: 39.999 Thread 0x000001bd240535b0 DEOPT PACKING pc=0x000001bd06b9f86a sp=0x00000056851fbb00
Event: 39.999 Thread 0x000001bd240535b0 DEOPT UNPACKING pc=0x000001bd0bf47143 sp=0x00000056851fafb8 mode 0
Event: 40.002 Thread 0x000001bd240535b0 DEOPT PACKING pc=0x000001bd06958e48 sp=0x00000056851fb900
Event: 40.002 Thread 0x000001bd240535b0 DEOPT UNPACKING pc=0x000001bd0bf47143 sp=0x00000056851fb110 mode 0
Event: 40.026 Thread 0x000001bd240535b0 DEOPT PACKING pc=0x000001bd06b85aa6 sp=0x00000056851fbdc0
Event: 40.026 Thread 0x000001bd240535b0 DEOPT UNPACKING pc=0x000001bd0bf47143 sp=0x00000056851fb238 mode 0
Event: 40.087 Thread 0x000001bd240535b0 DEOPT PACKING pc=0x000001bd06958e48 sp=0x00000056851fb900
Event: 40.087 Thread 0x000001bd240535b0 DEOPT UNPACKING pc=0x000001bd0bf47143 sp=0x00000056851fb110 mode 0

Classes unloaded (3 events):
Event: 34.161 Thread 0x000001bd1bc207b0 Unloading class 0x0000000100bfcc00 'java/lang/invoke/LambdaForm$DMH+0x0000000100bfcc00'
Event: 34.161 Thread 0x000001bd1bc207b0 Unloading class 0x0000000100bfc400 'java/lang/invoke/LambdaForm$DMH+0x0000000100bfc400'
Event: 34.161 Thread 0x000001bd1bc207b0 Unloading class 0x0000000100bfc800 'java/lang/invoke/LambdaForm$DMH+0x0000000100bfc800'

Classes redefined (0 events):
No events

Internal exceptions (20 events):
Event: 35.728 Thread 0x000001bd240530e0 Implicit null exception at 0x000001bd0ce799b0 to 0x000001bd0ce799c7
Event: 35.751 Thread 0x000001bd1ebcaa00 Exception <a 'sun/nio/fs/WindowsException'{0x00000000908ae420}> (0x00000000908ae420) 
thrown [s\src\hotspot\share\prims\jni.cpp, line 517]
Event: 35.751 Thread 0x000001bd1ebcaa00 Exception <a 'sun/nio/fs/WindowsException'{0x00000000908af570}> (0x00000000908af570) 
thrown [s\src\hotspot\share\prims\jni.cpp, line 517]
Event: 35.751 Thread 0x000001bd1ebcaa00 Exception <a 'sun/nio/fs/WindowsException'{0x00000000908af5e0}> (0x00000000908af5e0) 
thrown [s\src\hotspot\share\prims\jni.cpp, line 517]
Event: 35.751 Thread 0x000001bd1ebcaa00 Exception <a 'sun/nio/fs/WindowsException'{0x00000000908af9e8}> (0x00000000908af9e8) 
thrown [s\src\hotspot\share\prims\jni.cpp, line 517]
Event: 35.752 Thread 0x000001bd1ebcaa00 Exception <a 'sun/nio/fs/WindowsException'{0x00000000908b1d30}> (0x00000000908b1d30) 
thrown [s\src\hotspot\share\prims\jni.cpp, line 517]
Event: 35.997 Thread 0x000001bd240535b0 Exception <a 'java/lang/IncompatibleClassChangeError'{0x000000008e5df868}: Found class java.lang.Object, but interface was expected> (0x000000008e5df868) 
thrown [s\src\hotspot\share\interpreter\linkResolver.cpp, line 838]
Event: 35.997 Thread 0x000001bd240535b0 Exception <a 'java/lang/IncompatibleClassChangeError'{0x000000008e4683a0}: Found class java.lang.Object, but interface was expected> (0x000000008e4683a0) 
thrown [s\src\hotspot\share\interpreter\linkResolver.cpp, line 838]
Event: 36.091 Thread 0x000001bd1ebcaa00 Exception <a 'sun/nio/fs/WindowsException'{0x000000008dccb428}> (0x000000008dccb428) 
thrown [s\src\hotspot\share\prims\jni.cpp, line 517]
Event: 36.091 Thread 0x000001bd1ebcaa00 Exception <a 'sun/nio/fs/WindowsException'{0x000000008dccc598}> (0x000000008dccc598) 
thrown [s\src\hotspot\share\prims\jni.cpp, line 517]
Event: 36.091 Thread 0x000001bd1ebcaa00 Exception <a 'sun/nio/fs/WindowsException'{0x000000008dccc608}> (0x000000008dccc608) 
thrown [s\src\hotspot\share\prims\jni.cpp, line 517]
Event: 36.091 Thread 0x000001bd1ebcaa00 Exception <a 'sun/nio/fs/WindowsException'{0x000000008dccca70}> (0x000000008dccca70) 
thrown [s\src\hotspot\share\prims\jni.cpp, line 517]
Event: 36.123 Thread 0x000001bd240535b0 Exception <a 'java/lang/NoSuchMethodError'{0x000000008daa9600}: 'void java.lang.invoke.DirectMethodHandle$Holder.invokeSpecial(java.lang.Object, java.lang.Object, int, java.lang.Object)'> (0x000000008daa9600) 
thrown [s\src\hotspot\share\interpreter\linkResolver.cpp, line 771]
Event: 36.250 Thread 0x000001bd240535b0 Exception <a 'java/lang/NoSuchMethodError'{0x000000008d7cc230}: 'int java.lang.invoke.DirectMethodHandle$Holder.invokeSpecial(java.lang.Object, java.lang.Object, java.lang.Object, int, java.lang.Object)'> (0x000000008d7cc230) 
thrown [s\src\hotspot\share\interpreter\linkResolver.cpp, line 771]
Event: 36.326 Thread 0x000001bd240535b0 Exception <a 'java/lang/NoSuchMethodError'{0x000000008d48e6e8}: 'int java.lang.invoke.DirectMethodHandle$Holder.invokeSpecial(java.lang.Object, java.lang.Object, java.lang.Object, int)'> (0x000000008d48e6e8) 
thrown [s\src\hotspot\share\interpreter\linkResolver.cpp, line 771]
Event: 36.332 Thread 0x000001bd2611b830 Exception <a 'java/lang/NoSuchMethodError'{0x000000008d3101a0}: 'int java.lang.invoke.DirectMethodHandle$Holder.invokeSpecialIFC(java.lang.Object, java.lang.Object, java.lang.Object)'> (0x000000008d3101a0) 
thrown [s\src\hotspot\share\interpreter\linkResolver.cpp, line 771]
Event: 36.465 Thread 0x000001bd240535b0 Exception <a 'java/lang/NoSuchMethodError'{0x000000008d16fec0}: 'java.lang.Object java.lang.invoke.DirectMethodHandle$Holder.invokeInterface(java.lang.Object, java.lang.Object, int)'> (0x000000008d16fec0) 
thrown [s\src\hotspot\share\interpreter\linkResolver.cpp, line 771]
Event: 37.680 Thread 0x000001bd240535b0 Implicit null exception at 0x000001bd0c68fcf0 to 0x000001bd0c68fddc
Event: 38.101 Thread 0x000001bd240535b0 Exception <a 'java/lang/NoSuchMethodError'{0x000000008f93a970}: 'int java.lang.invoke.DirectMethodHandle$Holder.invokeStatic(java.lang.Object, java.lang.Object, int, java.lang.Object)'> (0x000000008f93a970) 
thrown [s\src\hotspot\share\interpreter\linkResolver.cpp, line 771]
Event: 38.343 Thread 0x000001bd240535b0 Exception <a 'java/lang/NoSuchMethodError'{0x000000008efe9b88}: 'int java.lang.invoke.DirectMethodHandle$Holder.invokeInterface(java.lang.Object, java.lang.Object, int)'> (0x000000008efe9b88) 
thrown [s\src\hotspot\share\interpreter\linkResolver.cpp, line 771]

VM Operations (20 events):
Event: 37.775 Executing VM operation: G1CollectForAllocation
Event: 37.791 Executing VM operation: G1CollectForAllocation done
Event: 37.975 Executing VM operation: ICBufferFull
Event: 37.975 Executing VM operation: ICBufferFull done
Event: 38.086 Executing VM operation: HandshakeAllThreads
Event: 38.086 Executing VM operation: HandshakeAllThreads done
Event: 38.169 Executing VM operation: HandshakeAllThreads
Event: 38.170 Executing VM operation: HandshakeAllThreads done
Event: 38.187 Executing VM operation: HandshakeAllThreads
Event: 38.187 Executing VM operation: HandshakeAllThreads done
Event: 38.252 Executing VM operation: ICBufferFull
Event: 38.252 Executing VM operation: ICBufferFull done
Event: 38.606 Executing VM operation: ICBufferFull
Event: 38.606 Executing VM operation: ICBufferFull done
Event: 39.224 Executing VM operation: G1CollectForAllocation
Event: 39.230 Executing VM operation: G1CollectForAllocation done
Event: 39.866 Executing VM operation: HandshakeAllThreads
Event: 39.866 Executing VM operation: HandshakeAllThreads done
Event: 40.001 Executing VM operation: ICBufferFull
Event: 40.001 Executing VM operation: ICBufferFull done

Events (20 events):
Event: 36.634 Thread 0x000001bd1bc54df0 flushing nmethod 0x000001bd06684310
Event: 36.634 Thread 0x000001bd1bc54df0 flushing nmethod 0x000001bd06685e10
Event: 36.634 Thread 0x000001bd1bc54df0 flushing nmethod 0x000001bd06687110
Event: 36.634 Thread 0x000001bd1bc54df0 flushing nmethod 0x000001bd06687d90
Event: 36.634 Thread 0x000001bd1bc54df0 flushing nmethod 0x000001bd06689410
Event: 36.634 Thread 0x000001bd1bc54df0 flushing nmethod 0x000001bd06697d10
Event: 36.634 Thread 0x000001bd1bc54df0 flushing nmethod 0x000001bd06699790
Event: 36.634 Thread 0x000001bd1bc54df0 flushing nmethod 0x000001bd066a2c10
Event: 38.173 Thread 0x000001bd1bc54df0 flushing nmethod 0x000001bd0ca67490
Event: 38.173 Thread 0x000001bd1bc54df0 flushing nmethod 0x000001bd0cc08510
Event: 38.173 Thread 0x000001bd1bc54df0 flushing nmethod 0x000001bd0cc16890
Event: 38.174 Thread 0x000001bd1bc54df0 flushing nmethod 0x000001bd0cd45690
Event: 38.177 Thread 0x000001bd1bc54df0 flushing nmethod 0x000001bd04dcaf10
Event: 38.180 Thread 0x000001bd1bc54df0 flushing nmethod 0x000001bd052a8490
Event: 38.180 Thread 0x000001bd1bc54df0 flushing nmethod 0x000001bd052a8b90
Event: 38.183 Thread 0x000001bd1bc54df0 flushing nmethod 0x000001bd057fc390
Event: 38.194 Thread 0x000001bd1bc54df0 flushing nmethod 0x000001bd0669aa90
Event: 38.194 Thread 0x000001bd1bc54df0 flushing nmethod 0x000001bd0669b390
Event: 38.195 Thread 0x000001bd1bc54df0 flushing nmethod 0x000001bd066da490
Event: 38.195 Thread 0x000001bd1bc54df0 flushing nmethod 0x000001bd066da810


Dynamic libraries:
0x00007ff603790000 - 0x00007ff60379a000 	C:\Program Files\Android\Android Studio\jbr\bin\java.exe
0x00007ffffdf50000 - 0x00007ffffe148000 	C:\WINDOWS\SYSTEM32\ntdll.dll
0x00007ffffc010000 - 0x00007ffffc0cf000 	C:\WINDOWS\System32\KERNEL32.DLL
0x00007ffffbc00000 - 0x00007ffffbef6000 	C:\WINDOWS\System32\KERNELBASE.dll
0x00007ffffbb00000 - 0x00007ffffbc00000 	C:\WINDOWS\System32\ucrtbase.dll
0x00007fffdbf80000 - 0x00007fffdbf97000 	C:\Program Files\Android\Android Studio\jbr\bin\jli.dll
0x00007ffffc9e0000 - 0x00007ffffcb7d000 	C:\WINDOWS\System32\USER32.dll
0x00007fffd75a0000 - 0x00007fffd75bb000 	C:\Program Files\Android\Android Studio\jbr\bin\VCRUNTIME140.dll
0x00007ffffbad0000 - 0x00007ffffbaf2000 	C:\WINDOWS\System32\win32u.dll
0x00007fffe16e0000 - 0x00007fffe197a000 	C:\WINDOWS\WinSxS\amd64_microsoft.windows.common-controls_6595b64144ccf1df_6.0.19041.1110_none_60b5254171f9507e\COMCTL32.dll
0x00007ffffda10000 - 0x00007ffffda3c000 	C:\WINDOWS\System32\GDI32.dll
0x00007ffffd500000 - 0x00007ffffd59e000 	C:\WINDOWS\System32\msvcrt.dll
0x00007ffffb630000 - 0x00007ffffb745000 	C:\WINDOWS\System32\gdi32full.dll
0x00007ffffb7f0000 - 0x00007ffffb88d000 	C:\WINDOWS\System32\msvcp_win.dll
0x00007ffffcfe0000 - 0x00007ffffd010000 	C:\WINDOWS\System32\IMM32.DLL
0x00007fffdf010000 - 0x00007fffdf01c000 	C:\Program Files\Android\Android Studio\jbr\bin\vcruntime140_1.dll
0x00007fffcf590000 - 0x00007fffcf61d000 	C:\Program Files\Android\Android Studio\jbr\bin\msvcp140.dll
0x00007fffca120000 - 0x00007fffcad8e000 	C:\Program Files\Android\Android Studio\jbr\bin\server\jvm.dll
0x00007ffffd320000 - 0x00007ffffd3cf000 	C:\WINDOWS\System32\ADVAPI32.dll
0x00007ffffd7f0000 - 0x00007ffffd88c000 	C:\WINDOWS\System32\sechost.dll
0x00007ffffd5a0000 - 0x00007ffffd6c6000 	C:\WINDOWS\System32\RPCRT4.dll
0x00007ffff3800000 - 0x00007ffff3827000 	C:\WINDOWS\SYSTEM32\WINMM.dll
0x00007fffd2fe0000 - 0x00007fffd2fe9000 	C:\WINDOWS\SYSTEM32\WSOCK32.dll
0x00007ffffd2b0000 - 0x00007ffffd31b000 	C:\WINDOWS\System32\WS2_32.dll
0x00007ffff3830000 - 0x00007ffff383a000 	C:\WINDOWS\SYSTEM32\VERSION.dll
0x00007ffff94f0000 - 0x00007ffff9502000 	C:\WINDOWS\SYSTEM32\kernel.appcore.dll
0x00007fffe04d0000 - 0x00007fffe04da000 	C:\Program Files\Android\Android Studio\jbr\bin\jimage.dll
0x00007ffff4ac0000 - 0x00007ffff4ca4000 	C:\WINDOWS\SYSTEM32\DBGHELP.DLL
0x00007fffef2b0000 - 0x00007fffef2e4000 	C:\WINDOWS\SYSTEM32\dbgcore.DLL
0x00007ffffb890000 - 0x00007ffffb912000 	C:\WINDOWS\System32\bcryptPrimitives.dll
0x00007fffe04a0000 - 0x00007fffe04c5000 	C:\Program Files\Android\Android Studio\jbr\bin\java.dll
0x00007fffe0480000 - 0x00007fffe0498000 	C:\Program Files\Android\Android Studio\jbr\bin\zip.dll
0x00007ffffc1e0000 - 0x00007ffffc924000 	C:\WINDOWS\System32\SHELL32.dll
0x00007ffff96f0000 - 0x00007ffff9e83000 	C:\WINDOWS\SYSTEM32\windows.storage.dll
0x00007ffffcb80000 - 0x00007ffffced4000 	C:\WINDOWS\System32\combase.dll
0x00007ffffafa0000 - 0x00007ffffafce000 	C:\WINDOWS\SYSTEM32\Wldp.dll
0x00007ffffc130000 - 0x00007ffffc1dd000 	C:\WINDOWS\System32\SHCORE.dll
0x00007ffffbfb0000 - 0x00007ffffc005000 	C:\WINDOWS\System32\shlwapi.dll
0x00007ffffb560000 - 0x00007ffffb585000 	C:\WINDOWS\SYSTEM32\profapi.dll
0x00007fffe0460000 - 0x00007fffe0479000 	C:\Program Files\Android\Android Studio\jbr\bin\net.dll
0x00007ffff49b0000 - 0x00007ffff4aba000 	C:\WINDOWS\SYSTEM32\WINHTTP.dll
0x00007ffffad00000 - 0x00007ffffad6a000 	C:\WINDOWS\system32\mswsock.dll
0x00007fffe03e0000 - 0x00007fffe03f6000 	C:\Program Files\Android\Android Studio\jbr\bin\nio.dll
0x00007fffe0450000 - 0x00007fffe0460000 	C:\Program Files\Android\Android Studio\jbr\bin\verify.dll
0x00007fffd4870000 - 0x00007fffd4897000 	C:\Users\Pichau\.gradle\native\68d5fa5c4cc2d200863cafc0d521ce42e7d3e7ee720ec0a83991735586a16f82\windows-amd64\native-platform.dll
0x00007fffc0c50000 - 0x00007fffc0d94000 	C:\Users\Pichau\.gradle\native\e376f236ea51e6404a007f0833ffe2c6e607c4080706a723a18a27aeea778392\windows-amd64\native-platform-file-events.dll
0x00007fffe03d0000 - 0x00007fffe03d9000 	C:\Program Files\Android\Android Studio\jbr\bin\management.dll
0x00007fffe03c0000 - 0x00007fffe03cb000 	C:\Program Files\Android\Android Studio\jbr\bin\management_ext.dll
0x00007ffffd920000 - 0x00007ffffd928000 	C:\WINDOWS\System32\PSAPI.DLL
0x00007ffffaef0000 - 0x00007ffffaf08000 	C:\WINDOWS\SYSTEM32\CRYPTSP.dll
0x00007ffffa610000 - 0x00007ffffa644000 	C:\WINDOWS\system32\rsaenh.dll
0x00007ffffb750000 - 0x00007ffffb777000 	C:\WINDOWS\System32\bcrypt.dll
0x00007ffffb520000 - 0x00007ffffb54e000 	C:\WINDOWS\SYSTEM32\USERENV.dll
0x00007ffffaf10000 - 0x00007ffffaf1c000 	C:\WINDOWS\SYSTEM32\CRYPTBASE.dll
0x00007ffffa9f0000 - 0x00007ffffaa2b000 	C:\WINDOWS\SYSTEM32\IPHLPAPI.DLL
0x00007ffffda00000 - 0x00007ffffda08000 	C:\WINDOWS\System32\NSI.dll
0x00007ffff61f0000 - 0x00007ffff6207000 	C:\WINDOWS\SYSTEM32\dhcpcsvc6.DLL
0x00007ffff61d0000 - 0x00007ffff61ed000 	C:\WINDOWS\SYSTEM32\dhcpcsvc.DLL
0x00007ffffaa30000 - 0x00007ffffaafa000 	C:\WINDOWS\SYSTEM32\DNSAPI.dll
0x00007fffe03b0000 - 0x00007fffe03b7000 	C:\WINDOWS\system32\wshunix.dll
0x00007ffffa730000 - 0x00007ffffa763000 	C:\WINDOWS\SYSTEM32\ntmarta.dll

dbghelp: loaded successfully - version: 4.0.5 - missing functions: none
symbol engine: initialized successfully - sym options: 0x614 - pdb path: .;C:\Program Files\Android\Android Studio\jbr\bin;C:\WINDOWS\SYSTEM32;C:\WINDOWS\WinSxS\amd64_microsoft.windows.common-controls_6595b64144ccf1df_6.0.19041.1110_none_60b5254171f9507e;C:\Program Files\Android\Android Studio\jbr\bin\server;C:\Users\Pichau\.gradle\native\68d5fa5c4cc2d200863cafc0d521ce42e7d3e7ee720ec0a83991735586a16f82\windows-amd64;C:\Users\Pichau\.gradle\native\e376f236ea51e6404a007f0833ffe2c6e607c4080706a723a18a27aeea778392\windows-amd64

VM Arguments:
jvm_args: --add-opens=java.base/java.util=ALL-UNNAMED --add-opens=java.base/java.lang=ALL-UNNAMED --add-opens=java.base/java.lang.invoke=ALL-UNNAMED --add-opens=java.prefs/java.util.prefs=ALL-UNNAMED --add-opens=java.base/java.nio.charset=ALL-UNNAMED --add-opens=java.base/java.net=ALL-UNNAMED --add-opens=java.base/java.util.concurrent.atomic=ALL-UNNAMED -Xmx2048m -Dfile.encoding=UTF-8 -Duser.country=BR -Duser.language=pt -Duser.variant 
java_command: org.gradle.launcher.daemon.bootstrap.GradleDaemon 8.0
java_class_path (initial): C:\Users\Pichau\.gradle\wrapper\dists\gradle-8.0-bin\ca5e32bp14vu59qr306oxotwh\gradle-8.0\lib\gradle-launcher-8.0.jar
Launcher Type: SUN_STANDARD

[Global flags]
     intx CICompilerCount                          = 3                                         {product} {ergonomic}
     uint ConcGCThreads                            = 1                                         {product} {ergonomic}
     uint G1ConcRefinementThreads                  = 4                                         {product} {ergonomic}
   size_t G1HeapRegionSize                         = 1048576                                   {product} {ergonomic}
    uintx GCDrainStackTargetSize                   = 64                                        {product} {ergonomic}
   size_t InitialHeapSize                          = 234881024                                 {product} {ergonomic}
   size_t MarkStackSize                            = 4194304                                   {product} {ergonomic}
   size_t MaxHeapSize                              = 2147483648                                {product} {command line}
   size_t MaxNewSize                               = 1287651328                                {product} {ergonomic}
   size_t MinHeapDeltaBytes                        = 1048576                                   {product} {ergonomic}
   size_t MinHeapSize                              = 8388608                                   {product} {ergonomic}
    uintx NonNMethodCodeHeapSize                   = 5832780                                {pd product} {ergonomic}
    uintx NonProfiledCodeHeapSize                  = 122912730                              {pd product} {ergonomic}
    uintx ProfiledCodeHeapSize                     = 122912730                              {pd product} {ergonomic}
    uintx ReservedCodeCacheSize                    = 251658240                              {pd product} {ergonomic}
     bool SegmentedCodeCache                       = true                                      {product} {ergonomic}
   size_t SoftMaxHeapSize                          = 2147483648                             {manageable} {ergonomic}
     bool UseCompressedClassPointers               = true                           {product lp64_product} {ergonomic}
     bool UseCompressedOops                        = true                           {product lp64_product} {ergonomic}
     bool UseG1GC                                  = true                                      {product} {ergonomic}
     bool UseLargePagesIndividualAllocation        = false                                  {pd product} {ergonomic}

Logging:
Log output configuration:
 #0: stdout all=warning uptime,level,tags
 #1: stderr all=off uptime,level,tags

Environment Variables:
PATH=C:\WINDOWS\system32;C:\WINDOWS;C:\WINDOWS\System32\Wbem;C:\WINDOWS\System32\WindowsPowerShell\v1.0\;C:\WINDOWS\System32\OpenSSH\;C:\Program Files\Microsoft SQL Server\150\Tools\Binn\;C:\Program Files\Microsoft SQL Server\Client SDK\ODBC\170\Tools\Binn\;C:\Program Files\dotnet\;C:\Program Files\Microsoft SQL Server\Client SDK\ODBC\110\Tools\Binn\;C:\Program Files (x86)\Microsoft SQL Server\120\Tools\Binn\;C:\Program Files\Microsoft SQL Server\120\Tools\Binn\;C:\Program Files\Microsoft SQL Server\120\DTS\Binn\;C:\Program Files (x86)\Microsoft SQL Server\120\Tools\Binn\ManagementStudio\;C:\Program Files (x86)\Microsoft SQL Server\120\DTS\Binn\;C:\Users\Pichau\AppData\Local\Microsoft\WindowsApps;;C:\Users\Pichau\AppData\Local\Programs\Microsoft VS Code\bin;C:\Users\Pichau\.dotnet\tools
USERNAME=Tho
OS=Windows_NT
PROCESSOR_IDENTIFIER=AMD64 Family 23 Model 17 Stepping 0, AuthenticAMD
TMP=C:\Users\Pichau\AppData\Local\Temp
TEMP=C:\Users\Pichau\AppData\Local\Temp


JNI global refs:
JNI global refs: 26, weak refs: 27

JNI global refs memory usage: 843, weak refs: 841


---------------  S Y S T E M  ---------------

OS:
 Windows 10 , 64 bit Build 19041 (10.0.19041.3155)
OS uptime: 0 days 3:44 hours

CPU: total 4 (initial active 4) (4 cores per cpu, 1 threads per core) family 23 model 17 stepping 0 microcode 0x0, cx8, cmov, fxsr, mmx, 3dnowpref, sse, sse2, sse3, ssse3, sse4a, sse4.1, sse4.2, popcnt, lzcnt, tsc, tscinvbit, avx, avx2, aes, clmul, bmi1, bmi2, adx, sha, fma, vzeroupper, clflush, clflushopt

Memory: 4k page, system-wide physical 14264M (3375M free)
TotalPageFile size 14264M (AvailPageFile size 10M)
current process WorkingSet (physical memory assigned to process): 610M, peak: 612M
current process commit charge ("private bytes"): 639M, peak: 640M

vm_info: OpenJDK 64-Bit Server VM (17.0.6+0-b2043.56-10027231) for windows-amd64 JRE (17.0.6+0-b2043.56-10027231), built on Apr 28 2023 00:43:19 by "androidbuild" with MS VC++ 16.10 / 16.11 (VS2019)

END.
