#
# There is insufficient memory for the Java Runtime Environment to continue.
# Native memory allocation (malloc) failed to allocate 2209296 bytes for Chunk::new
# Possible reasons:
#   The system is out of physical RAM or swap space
#   The process is running with CompressedOops enabled, and the Java Heap may be blocking the growth of the native heap
# Possible solutions:
#   Reduce memory load on the system
#   Increase physical memory or swap space
#   Check if swap backing store is full
#   Decrease Java heap size (-Xmx/-Xms)
#   Decrease number of Java threads
#   Decrease Java thread stack sizes (-Xss)
#   Set larger code cache with -XX:ReservedCodeCacheSize=
#   JVM is running with Unscaled Compressed Oops mode in which the Java heap is
#     placed in the first 4GB address space. The Java Heap base address is the
#     maximum limit for the native heap growth. Please use -XX:HeapBaseMinAddress
#     to set the Java Heap base and to place the Java Heap above 4GB virtual address.
# This output file may be truncated or incomplete.
#
#  Out of Memory Error (arena.cpp:189), pid=5776, tid=5828
#
# JRE version: OpenJDK Runtime Environment (17.0.6) (build 17.0.6+0-b2043.56-10027231)
# Java VM: OpenJDK 64-Bit Server VM (17.0.6+0-b2043.56-10027231, mixed mode, tiered, compressed oops, compressed class ptrs, g1 gc, windows-amd64)
# No core dump will be written. Minidumps are not enabled by default on client versions of Windows
#

---------------  S U M M A R Y ------------

Command Line: --add-opens=java.base/java.util=ALL-UNNAMED --add-opens=java.base/java.lang=ALL-UNNAMED --add-opens=java.base/java.lang.invoke=ALL-UNNAMED --add-opens=java.prefs/java.util.prefs=ALL-UNNAMED --add-opens=java.base/java.nio.charset=ALL-UNNAMED --add-opens=java.base/java.net=ALL-UNNAMED --add-opens=java.base/java.util.concurrent.atomic=ALL-UNNAMED -Xmx2048m -Dfile.encoding=UTF-8 -Duser.country=BR -Duser.language=pt -Duser.variant org.gradle.launcher.daemon.bootstrap.GradleDaemon 8.0

Host: AMD Ryzen 3 2200G with Radeon Vega Graphics    , 4 cores, 13G,  Windows 10 , 64 bit Build 19041 (10.0.19041.3155)
Time: Sun Aug 27 15:55:41 2023 Hora oficial do Brasil elapsed time: 421.243840 seconds (0d 0h 7m 1s)

---------------  T H R E A D  ---------------

Current thread (0x0000028178457550):  JavaThread "C2 CompilerThread0" daemon [_thread_in_native, id=5828, stack(0x000000b208f00000,0x000000b209000000)]


Current CompileTask:
C2: 421244 26394 %     4       com.android.tools.r8.ir.regalloc.b::c @ 2074 (4041 bytes)

Stack: [0x000000b208f00000,0x000000b209000000]
Native frames: (J=compiled Java code, j=interpreted, Vv=VM code, C=native code)
V  [jvm.dll+0x683c9a]
V  [jvm.dll+0x8427a4]
V  [jvm.dll+0x843f9e]
V  [jvm.dll+0x844603]
V  [jvm.dll+0x249b75]
V  [jvm.dll+0xabcac]
V  [jvm.dll+0xac27c]
V  [jvm.dll+0x2b0eef]
V  [jvm.dll+0x58a267]
V  [jvm.dll+0x2243b2]
V  [jvm.dll+0x22478f]
V  [jvm.dll+0x21e055]
V  [jvm.dll+0x21b51b]
V  [jvm.dll+0x1a4fdd]
V  [jvm.dll+0x22b098]
V  [jvm.dll+0x229159]
V  [jvm.dll+0x7f81ec]
V  [jvm.dll+0x7f274a]
V  [jvm.dll+0x682ad5]
C  [ucrtbase.dll+0x21bb2]
C  [KERNEL32.DLL+0x17614]
C  [ntdll.dll+0x526b1]


---------------  P R O C E S S  ---------------

Threads class SMR info:
_java_thread_list=0x0000028102da50a0, length=96, elements={
0x000002815e458550, 0x000002817840f7d0, 0x0000028178411560, 0x0000028177a54840,
0x0000028178452500, 0x0000028178454dd0, 0x0000028178455690, 0x0000028178457550,
0x0000028178458520, 0x000002817845cb40, 0x00000281785d3e80, 0x00000281785d1270,
0x0000028179bca1c0, 0x0000028179934f70, 0x000002817980c1d0, 0x000002817ab9a480,
0x000002817ab9ae20, 0x000002817ab9bc90, 0x000002817ab9c630, 0x000002817ab9b2f0,
0x000002817ab99ae0, 0x000002817bf076e0, 0x000002817bf05060, 0x000002817bf08080,
0x000002817bf08550, 0x000002817bf08a20, 0x0000028179e38600, 0x000002817e5f9200,
0x000002817e5f4500, 0x000002817e5f96d0, 0x000002817b612050, 0x000002817b611b80,
0x000002817b613860, 0x000002817e5fa070, 0x00000281004cbf60, 0x00000281004c98e0,
0x00000281004ca280, 0x00000281004cac20, 0x00000281004cb0f0, 0x000002817b613d30,
0x000002817b614200, 0x000002817e5f8390, 0x0000028100391a20, 0x00000281003906e0,
0x000002810038f870, 0x0000028100390bb0, 0x000002810038fd40, 0x0000028100391080,
0x000002810038eed0, 0x000002810038ea00, 0x000002810038f3a0, 0x000002810038e530,
0x0000028100391550, 0x000002810038e060, 0x000002817e15d260, 0x000002817e15c8c0,
0x000002817e15cd90, 0x000002817e15ea70, 0x000002817e15dc00, 0x000002817e15e0d0,
0x00000281004cc430, 0x00000281004cc900, 0x00000281004c9410, 0x00000281004cba90,
0x00000281004c8f40, 0x0000028179e00af0, 0x0000028179dffc80, 0x0000028179e00620,
0x0000028179e00150, 0x0000028179e00fc0, 0x000002810046d210, 0x000002810046e550,
0x000002810046d6e0, 0x000002810046b530, 0x000002810046dbb0, 0x000002810046ba00,
0x000002810046bed0, 0x000002810046ea20, 0x000002810046c3a0, 0x000002810046e080,
0x000002810046b060, 0x000002810046c870, 0x000002817e5f61e0, 0x0000028178b7c310,
0x000002817e15ef40, 0x000002817e15e5a0, 0x000002817e15c3f0, 0x000002817e15b580,
0x000002817b610840, 0x0000028178b7b970, 0x000002817b612ec0, 0x000002817ba95c00,
0x000002817e5f6b80, 0x000002817b6111e0, 0x000002817dbac390, 0x000002817dbaab80
}

Java Threads: ( => current thread )
  0x000002815e458550 JavaThread "main" [_thread_blocked, id=9788, stack(0x000000b208200000,0x000000b208300000)]
  0x000002817840f7d0 JavaThread "Reference Handler" daemon [_thread_blocked, id=9340, stack(0x000000b208900000,0x000000b208a00000)]
  0x0000028178411560 JavaThread "Finalizer" daemon [_thread_blocked, id=7784, stack(0x000000b208a00000,0x000000b208b00000)]
  0x0000028177a54840 JavaThread "Signal Dispatcher" daemon [_thread_blocked, id=10944, stack(0x000000b208b00000,0x000000b208c00000)]
  0x0000028178452500 JavaThread "Attach Listener" daemon [_thread_blocked, id=1988, stack(0x000000b208c00000,0x000000b208d00000)]
  0x0000028178454dd0 JavaThread "Service Thread" daemon [_thread_blocked, id=8656, stack(0x000000b208d00000,0x000000b208e00000)]
  0x0000028178455690 JavaThread "Monitor Deflation Thread" daemon [_thread_blocked, id=1832, stack(0x000000b208e00000,0x000000b208f00000)]
=>0x0000028178457550 JavaThread "C2 CompilerThread0" daemon [_thread_in_native, id=5828, stack(0x000000b208f00000,0x000000b209000000)]
  0x0000028178458520 JavaThread "C1 CompilerThread0" daemon [_thread_blocked, id=6812, stack(0x000000b209000000,0x000000b209100000)]
  0x000002817845cb40 JavaThread "Sweeper thread" daemon [_thread_blocked, id=4332, stack(0x000000b209100000,0x000000b209200000)]
  0x00000281785d3e80 JavaThread "Common-Cleaner" daemon [_thread_blocked, id=9364, stack(0x000000b209200000,0x000000b209300000)]
  0x00000281785d1270 JavaThread "Notification Thread" daemon [_thread_blocked, id=3312, stack(0x000000b209300000,0x000000b209400000)]
  0x0000028179bca1c0 JavaThread "Daemon health stats" [_thread_blocked, id=3104, stack(0x000000b209900000,0x000000b209a00000)]
  0x0000028179934f70 JavaThread "Incoming local TCP Connector on port 53327" [_thread_in_native, id=6980, stack(0x000000b209a00000,0x000000b209b00000)]
  0x000002817980c1d0 JavaThread "Daemon periodic checks" [_thread_blocked, id=2832, stack(0x000000b209b00000,0x000000b209c00000)]
  0x000002817ab9a480 JavaThread "Cache worker for journal cache (C:\Users\Pichau\.gradle\caches\journal-1)" [_thread_blocked, id=5384, stack(0x000000b20a300000,0x000000b20a400000)]
  0x000002817ab9ae20 JavaThread "File lock request listener" [_thread_in_native, id=1324, stack(0x000000b20a400000,0x000000b20a500000)]
  0x000002817ab9bc90 JavaThread "Cache worker for file hash cache (C:\Users\Pichau\.gradle\caches\8.0\fileHashes)" [_thread_blocked, id=2864, stack(0x000000b20a500000,0x000000b20a600000)]
  0x000002817ab9c630 JavaThread "File watcher server" daemon [_thread_in_native, id=2868, stack(0x000000b20a600000,0x000000b20a700000)]
  0x000002817ab9b2f0 JavaThread "File watcher consumer" daemon [_thread_blocked, id=8716, stack(0x000000b20a700000,0x000000b20a800000)]
  0x000002817ab99ae0 JavaThread "Cache worker for file content cache (C:\Users\Pichau\.gradle\caches\8.0\fileContent)" [_thread_blocked, id=3200, stack(0x000000b20aa00000,0x000000b20ab00000)]
  0x000002817bf076e0 JavaThread "Cache worker for execution history cache (C:\Users\Pichau\.gradle\caches\8.0\executionHistory)" [_thread_blocked, id=10520, stack(0x000000b20ad00000,0x000000b20ae00000)]
  0x000002817bf05060 JavaThread "jar transforms" [_thread_blocked, id=1960, stack(0x000000b20ae00000,0x000000b20af00000)]
  0x000002817bf08080 JavaThread "jar transforms Thread 2" [_thread_blocked, id=9184, stack(0x000000b20af00000,0x000000b20b000000)]
  0x000002817bf08550 JavaThread "jar transforms Thread 3" [_thread_blocked, id=1280, stack(0x000000b20b000000,0x000000b20b100000)]
  0x000002817bf08a20 JavaThread "jar transforms Thread 4" [_thread_blocked, id=5332, stack(0x000000b20b100000,0x000000b20b200000)]
  0x0000028179e38600 JavaThread "Memory manager" [_thread_blocked, id=2156, stack(0x000000b20dd00000,0x000000b20de00000)]
  0x000002817e5f9200 JavaThread "Cache worker for Java compile cache (C:\Users\Pichau\.gradle\caches\8.0\javaCompile)" [_thread_blocked, id=5184, stack(0x000000b20e300000,0x000000b20e400000)]
  0x000002817e5f4500 JavaThread "ForkJoinPool.commonPool-worker-5" daemon [_thread_blocked, id=7720, stack(0x000000b20ea00000,0x000000b20eb00000)]
  0x000002817e5f96d0 JavaThread "Daemon Thread 4" [_thread_blocked, id=7636, stack(0x000000b207f00000,0x000000b208000000)]
  0x000002817b612050 JavaThread "Handler for socket connection from /127.0.0.1:53327 to /127.0.0.1:53468" [_thread_in_native, id=11232, stack(0x000000b208000000,0x000000b208100000)]
  0x000002817b611b80 JavaThread "Cancel handler" [_thread_blocked, id=4080, stack(0x000000b208100000,0x000000b208200000)]
  0x000002817b613860 JavaThread "Daemon worker Thread 4" [_thread_blocked, id=4360, stack(0x000000b209500000,0x000000b209600000)]
  0x000002817e5fa070 JavaThread "Asynchronous log dispatcher for DefaultDaemonConnection: socket connection from /127.0.0.1:53327 to /127.0.0.1:53468" [_thread_blocked, id=4268, stack(0x000000b209c00000,0x000000b209d00000)]
  0x00000281004cbf60 JavaThread "Stdin handler" [_thread_blocked, id=7896, stack(0x000000b209d00000,0x000000b209e00000)]
  0x00000281004c98e0 JavaThread "Daemon client event forwarder" [_thread_blocked, id=6860, stack(0x000000b209e00000,0x000000b209f00000)]
  0x00000281004ca280 JavaThread "Cache worker for checksums cache (C:\Users\Pichau\AndroidStudioProjects\Tcc_funcionario\.gradle\8.0\checksums)" [_thread_blocked, id=5944, stack(0x000000b209f00000,0x000000b20a000000)]
  0x00000281004cac20 JavaThread "Cache worker for cache directory md-rule (C:\Users\Pichau\.gradle\caches\8.0\md-rule)" [_thread_blocked, id=5052, stack(0x000000b20a100000,0x000000b20a200000)]
  0x00000281004cb0f0 JavaThread "Cache worker for file hash cache (C:\Users\Pichau\AndroidStudioProjects\Tcc_funcionario\.gradle\8.0\fileHashes)" [_thread_blocked, id=8888, stack(0x000000b20a200000,0x000000b20a300000)]
  0x000002817b613d30 JavaThread "Cache worker for cache directory md-supplier (C:\Users\Pichau\.gradle\caches\8.0\md-supplier)" [_thread_blocked, id=9772, stack(0x000000b20a800000,0x000000b20a900000)]
  0x000002817b614200 JavaThread "Cache worker for dependencies-accessors (C:\Users\Pichau\AndroidStudioProjects\Tcc_funcionario\.gradle\8.0\dependencies-accessors)" [_thread_blocked, id=3056, stack(0x000000b20a900000,0x000000b20aa00000)]
  0x000002817e5f8390 JavaThread "Cache worker for Build Output Cleanup Cache (C:\Users\Pichau\AndroidStudioProjects\Tcc_funcionario\.gradle\buildOutputCleanup)" [_thread_blocked, id=9176, stack(0x000000b20ab00000,0x000000b20ac00000)]
  0x0000028100391a20 JavaThread "Unconstrained build operations" [_thread_blocked, id=7364, stack(0x000000b20ac00000,0x000000b20ad00000)]
  0x00000281003906e0 JavaThread "Unconstrained build operations Thread 2" [_thread_blocked, id=3132, stack(0x000000b20b200000,0x000000b20b300000)]
  0x000002810038f870 JavaThread "Unconstrained build operations Thread 3" [_thread_blocked, id=408, stack(0x000000b20b300000,0x000000b20b400000)]
  0x0000028100390bb0 JavaThread "Unconstrained build operations Thread 4" [_thread_blocked, id=4312, stack(0x000000b20b400000,0x000000b20b500000)]
  0x000002810038fd40 JavaThread "Unconstrained build operations Thread 5" [_thread_blocked, id=9912, stack(0x000000b20b500000,0x000000b20b600000)]
  0x0000028100391080 JavaThread "Unconstrained build operations Thread 6" [_thread_blocked, id=9492, stack(0x000000b20b600000,0x000000b20b700000)]
  0x000002810038eed0 JavaThread "Unconstrained build operations Thread 7" [_thread_blocked, id=1480, stack(0x000000b20b700000,0x000000b20b800000)]
  0x000002810038ea00 JavaThread "Unconstrained build operations Thread 8" [_thread_blocked, id=6552, stack(0x000000b20b800000,0x000000b20b900000)]
  0x000002810038f3a0 JavaThread "Unconstrained build operations Thread 9" [_thread_blocked, id=8140, stack(0x000000b20b900000,0x000000b20ba00000)]
  0x000002810038e530 JavaThread "Unconstrained build operations Thread 10" [_thread_blocked, id=5672, stack(0x000000b20ba00000,0x000000b20bb00000)]
  0x0000028100391550 JavaThread "Unconstrained build operations Thread 11" [_thread_blocked, id=10080, stack(0x000000b20bb00000,0x000000b20bc00000)]
  0x000002810038e060 JavaThread "Unconstrained build operations Thread 12" [_thread_blocked, id=9684, stack(0x000000b20bc00000,0x000000b20bd00000)]
  0x000002817e15d260 JavaThread "Unconstrained build operations Thread 13" [_thread_blocked, id=3600, stack(0x000000b20bd00000,0x000000b20be00000)]
  0x000002817e15c8c0 JavaThread "Unconstrained build operations Thread 14" [_thread_blocked, id=7132, stack(0x000000b20be00000,0x000000b20bf00000)]
  0x000002817e15cd90 JavaThread "Unconstrained build operations Thread 15" [_thread_blocked, id=7848, stack(0x000000b20bf00000,0x000000b20c000000)]
  0x000002817e15ea70 JavaThread "Unconstrained build operations Thread 16" [_thread_blocked, id=5740, stack(0x000000b20c000000,0x000000b20c100000)]
  0x000002817e15dc00 JavaThread "Unconstrained build operations Thread 17" [_thread_blocked, id=7976, stack(0x000000b20c100000,0x000000b20c200000)]
  0x000002817e15e0d0 JavaThread "Unconstrained build operations Thread 18" [_thread_blocked, id=7116, stack(0x000000b20c200000,0x000000b20c300000)]
  0x00000281004cc430 JavaThread "Unconstrained build operations Thread 19" [_thread_blocked, id=4040, stack(0x000000b20c300000,0x000000b20c400000)]
  0x00000281004cc900 JavaThread "Unconstrained build operations Thread 20" [_thread_blocked, id=5876, stack(0x000000b20c400000,0x000000b20c500000)]
  0x00000281004c9410 JavaThread "Unconstrained build operations Thread 21" [_thread_blocked, id=8008, stack(0x000000b20c500000,0x000000b20c600000)]
  0x00000281004cba90 JavaThread "Unconstrained build operations Thread 22" [_thread_blocked, id=2692, stack(0x000000b20c600000,0x000000b20c700000)]
  0x00000281004c8f40 JavaThread "Unconstrained build operations Thread 23" [_thread_blocked, id=5000, stack(0x000000b20c700000,0x000000b20c800000)]
  0x0000028179e00af0 JavaThread "Unconstrained build operations Thread 24" [_thread_blocked, id=7996, stack(0x000000b20c800000,0x000000b20c900000)]
  0x0000028179dffc80 JavaThread "Unconstrained build operations Thread 25" [_thread_blocked, id=3416, stack(0x000000b20c900000,0x000000b20ca00000)]
  0x0000028179e00620 JavaThread "Unconstrained build operations Thread 26" [_thread_blocked, id=6828, stack(0x000000b20ca00000,0x000000b20cb00000)]
  0x0000028179e00150 JavaThread "Unconstrained build operations Thread 27" [_thread_blocked, id=3744, stack(0x000000b20cb00000,0x000000b20cc00000)]
  0x0000028179e00fc0 JavaThread "Unconstrained build operations Thread 28" [_thread_blocked, id=5808, stack(0x000000b20cc00000,0x000000b20cd00000)]
  0x000002810046d210 JavaThread "Unconstrained build operations Thread 29" [_thread_blocked, id=3256, stack(0x000000b20cd00000,0x000000b20ce00000)]
  0x000002810046e550 JavaThread "Unconstrained build operations Thread 30" [_thread_blocked, id=9468, stack(0x000000b20ce00000,0x000000b20cf00000)]
  0x000002810046d6e0 JavaThread "Unconstrained build operations Thread 31" [_thread_blocked, id=8532, stack(0x000000b20cf00000,0x000000b20d000000)]
  0x000002810046b530 JavaThread "Unconstrained build operations Thread 32" [_thread_blocked, id=5496, stack(0x000000b20d000000,0x000000b20d100000)]
  0x000002810046dbb0 JavaThread "Unconstrained build operations Thread 33" [_thread_blocked, id=6772, stack(0x000000b20d100000,0x000000b20d200000)]
  0x000002810046ba00 JavaThread "Unconstrained build operations Thread 34" [_thread_blocked, id=10496, stack(0x000000b20d200000,0x000000b20d300000)]
  0x000002810046bed0 JavaThread "Unconstrained build operations Thread 35" [_thread_blocked, id=7356, stack(0x000000b20d300000,0x000000b20d400000)]
  0x000002810046ea20 JavaThread "Unconstrained build operations Thread 36" [_thread_blocked, id=1408, stack(0x000000b20d400000,0x000000b20d500000)]
  0x000002810046c3a0 JavaThread "Unconstrained build operations Thread 37" [_thread_blocked, id=10360, stack(0x000000b20d500000,0x000000b20d600000)]
  0x000002810046e080 JavaThread "Unconstrained build operations Thread 38" [_thread_blocked, id=7908, stack(0x000000b20d600000,0x000000b20d700000)]
  0x000002810046b060 JavaThread "Unconstrained build operations Thread 39" [_thread_blocked, id=1860, stack(0x000000b20d700000,0x000000b20d800000)]
  0x000002810046c870 JavaThread "Unconstrained build operations Thread 40" [_thread_blocked, id=7900, stack(0x000000b20d800000,0x000000b20d900000)]
  0x000002817e5f61e0 JavaThread "build event listener" [_thread_blocked, id=8728, stack(0x000000b20d900000,0x000000b20da00000)]
  0x0000028178b7c310 JavaThread "included builds" [_thread_blocked, id=2684, stack(0x000000b20da00000,0x000000b20db00000)]
  0x000002817e15ef40 JavaThread "Execution worker" [_thread_blocked, id=8284, stack(0x000000b20db00000,0x000000b20dc00000)]
  0x000002817e15e5a0 JavaThread "Execution worker Thread 2" [_thread_blocked, id=8340, stack(0x000000b20dc00000,0x000000b20dd00000)]
  0x000002817e15c3f0 JavaThread "Execution worker Thread 3" [_thread_blocked, id=9376, stack(0x000000b20de00000,0x000000b20df00000)]
  0x000002817e15b580 JavaThread "Cache worker for execution history cache (C:\Users\Pichau\AndroidStudioProjects\Tcc_funcionario\.gradle\8.0\executionHistory)" [_thread_blocked, id=10472, stack(0x000000b20df00000,0x000000b20e000000)]
  0x000002817b610840 JavaThread "WorkerExecutor Queue" [_thread_blocked, id=10376, stack(0x000000b20e000000,0x000000b20e100000)]
  0x0000028178b7b970 JavaThread "WorkerExecutor Queue Thread 2" [_thread_blocked, id=6356, stack(0x000000b20e100000,0x000000b20e200000)]
  0x000002817b612ec0 JavaThread "WorkerExecutor Queue Thread 4" [_thread_blocked, id=1064, stack(0x000000b20e200000,0x000000b20e300000)]
  0x000002817ba95c00 JavaThread "C2 CompilerThread1" daemon [_thread_in_native, id=2856, stack(0x000000b20e400000,0x000000b20e500000)]
  0x000002817e5f6b80 JavaThread "WorkerExecutor Queue Thread 5" [_thread_in_vm, id=6900, stack(0x000000b20e600000,0x000000b20e700000)]
  0x000002817b6111e0 JavaThread "pool-12-thread-1" [_thread_blocked, id=3008, stack(0x000000b20e700000,0x000000b20e800000)]
  0x000002817dbac390 JavaThread "stderr" [_thread_in_native, id=3060, stack(0x000000b20e800000,0x000000b20e900000)]
  0x000002817dbaab80 JavaThread "stdout" [_thread_in_native, id=2004, stack(0x000000b20e900000,0x000000b20ea00000)]

Other Threads:
  0x0000028177a033c0 VMThread "VM Thread" [stack: 0x000000b208800000,0x000000b208900000] [id=2356]
  0x00000281785d1b50 WatcherThread [stack: 0x000000b209400000,0x000000b209500000] [id=4608]
  0x000002815e4b6af0 GCTaskThread "GC Thread#0" [stack: 0x000000b208300000,0x000000b208400000] [id=1612]
  0x0000028178d687f0 GCTaskThread "GC Thread#1" [stack: 0x000000b209600000,0x000000b209700000] [id=8092]
  0x0000028178814830 GCTaskThread "GC Thread#2" [stack: 0x000000b209700000,0x000000b209800000] [id=3420]
  0x000002817895e960 GCTaskThread "GC Thread#3" [stack: 0x000000b209800000,0x000000b209900000] [id=1976]
  0x000002815e4c7f50 ConcurrentGCThread "G1 Main Marker" [stack: 0x000000b208400000,0x000000b208500000] [id=7372]
  0x000002815e4c9010 ConcurrentGCThread "G1 Conc#0" [stack: 0x000000b208500000,0x000000b208600000] [id=9888]
  0x000002815e52cff0 ConcurrentGCThread "G1 Refine#0" [stack: 0x000000b208600000,0x000000b208700000] [id=9128]
  0x000002815e52e930 ConcurrentGCThread "G1 Service" [stack: 0x000000b208700000,0x000000b208800000] [id=6148]

Threads with active compile tasks:
C2 CompilerThread0   421267 26394 %     4       com.android.tools.r8.ir.regalloc.b::c @ 2074 (4041 bytes)
C2 CompilerThread1   421267 26407       4       com.android.tools.r8.internal.V7::a (316 bytes)

VM state: not at safepoint (normal execution)

VM Mutex/Monitor currently owned by a thread:  ([mutex/lock_event])
[0x000002815e453a20] MethodCompileQueue_lock - owner thread: 0x000002817e5f6b80

Heap address: 0x0000000080000000, size: 2048 MB, Compressed Oops mode: 32-bit

CDS archive(s) not mapped
Compressed class space mapped at: 0x0000000100000000-0x0000000140000000, reserved size: 1073741824
Narrow klass base: 0x0000000000000000, Narrow klass shift: 3, Narrow klass range: 0x140000000

GC Precious Log:
 CPUs: 4 total, 4 available
 Memory: 14264M
 Large Page Support: Disabled
 NUMA Support: Disabled
 Compressed Oops: Enabled (32-bit)
 Heap Region Size: 1M
 Heap Min Capacity: 8M
 Heap Initial Capacity: 224M
 Heap Max Capacity: 2G
 Pre-touch: Disabled
 Parallel Workers: 4
 Concurrent Workers: 1
 Concurrent Refinement Workers: 4
 Periodic GC: Disabled

Heap:
 garbage-first heap   total 275456K, used 229121K [0x0000000080000000, 0x0000000100000000)
  region size 1024K, 61 young (62464K), 3 survivors (3072K)
 Metaspace       used 140719K, committed 141760K, reserved 1179648K
  class space    used 18265K, committed 18752K, reserved 1048576K

Heap Regions: E=young(eden), S=young(survivor), O=old, HS=humongous(starts), HC=humongous(continues), CS=collection set, F=free, OA=open archive, CA=closed archive, TAMS=top-at-mark-start (previous, next)
|   0|0x0000000080000000, 0x0000000080100000, 0x0000000080100000|100%| O|  |TAMS 0x0000000080100000, 0x0000000080000000| Untracked 
|   1|0x0000000080100000, 0x0000000080200000, 0x0000000080200000|100%| O|  |TAMS 0x0000000080200000, 0x0000000080100000| Untracked 
|   2|0x0000000080200000, 0x0000000080300000, 0x0000000080300000|100%|HS|  |TAMS 0x0000000080300000, 0x0000000080200000| Complete 
|   3|0x0000000080300000, 0x0000000080400000, 0x0000000080400000|100%|HC|  |TAMS 0x0000000080400000, 0x0000000080300000| Complete 
|   4|0x0000000080400000, 0x0000000080500000, 0x0000000080500000|100%|HC|  |TAMS 0x0000000080500000, 0x0000000080400000| Complete 
|   5|0x0000000080500000, 0x0000000080600000, 0x0000000080600000|100%|HC|  |TAMS 0x0000000080600000, 0x0000000080500000| Complete 
|   6|0x0000000080600000, 0x0000000080700000, 0x0000000080700000|100%| O|  |TAMS 0x0000000080700000, 0x0000000080600000| Untracked 
|   7|0x0000000080700000, 0x0000000080800000, 0x0000000080800000|100%| O|  |TAMS 0x0000000080800000, 0x0000000080700000| Untracked 
|   8|0x0000000080800000, 0x0000000080900000, 0x0000000080900000|100%| O|  |TAMS 0x0000000080900000, 0x0000000080800000| Untracked 
|   9|0x0000000080900000, 0x0000000080a00000, 0x0000000080a00000|100%| O|  |TAMS 0x0000000080a00000, 0x0000000080900000| Untracked 
|  10|0x0000000080a00000, 0x0000000080b00000, 0x0000000080b00000|100%| O|  |TAMS 0x0000000080b00000, 0x0000000080a00000| Untracked 
|  11|0x0000000080b00000, 0x0000000080c00000, 0x0000000080c00000|100%| O|  |TAMS 0x0000000080c00000, 0x0000000080b00000| Untracked 
|  12|0x0000000080c00000, 0x0000000080d00000, 0x0000000080d00000|100%| O|  |TAMS 0x0000000080d00000, 0x0000000080c00000| Untracked 
|  13|0x0000000080d00000, 0x0000000080e00000, 0x0000000080e00000|100%| O|  |TAMS 0x0000000080e00000, 0x0000000080d00000| Untracked 
|  14|0x0000000080e00000, 0x0000000080f00000, 0x0000000080f00000|100%| O|  |TAMS 0x0000000080f00000, 0x0000000080e00000| Untracked 
|  15|0x0000000080f00000, 0x0000000081000000, 0x0000000081000000|100%| O|  |TAMS 0x0000000081000000, 0x0000000080f00000| Untracked 
|  16|0x0000000081000000, 0x0000000081100000, 0x0000000081100000|100%| O|  |TAMS 0x0000000081100000, 0x0000000081000000| Untracked 
|  17|0x0000000081100000, 0x0000000081200000, 0x0000000081200000|100%| O|  |TAMS 0x0000000081200000, 0x0000000081100000| Untracked 
|  18|0x0000000081200000, 0x0000000081300000, 0x0000000081300000|100%| O|  |TAMS 0x0000000081300000, 0x0000000081200000| Untracked 
|  19|0x0000000081300000, 0x0000000081400000, 0x0000000081400000|100%| O|  |TAMS 0x0000000081400000, 0x0000000081300000| Untracked 
|  20|0x0000000081400000, 0x0000000081500000, 0x0000000081500000|100%| O|  |TAMS 0x0000000081500000, 0x0000000081400000| Untracked 
|  21|0x0000000081500000, 0x0000000081600000, 0x0000000081600000|100%| O|  |TAMS 0x0000000081600000, 0x0000000081500000| Untracked 
|  22|0x0000000081600000, 0x0000000081700000, 0x0000000081700000|100%| O|  |TAMS 0x0000000081700000, 0x0000000081600000| Untracked 
|  23|0x0000000081700000, 0x0000000081800000, 0x0000000081800000|100%| O|  |TAMS 0x0000000081800000, 0x0000000081700000| Untracked 
|  24|0x0000000081800000, 0x0000000081900000, 0x0000000081900000|100%| O|  |TAMS 0x0000000081900000, 0x0000000081800000| Untracked 
|  25|0x0000000081900000, 0x0000000081a00000, 0x0000000081a00000|100%| O|  |TAMS 0x0000000081a00000, 0x0000000081900000| Untracked 
|  26|0x0000000081a00000, 0x0000000081b00000, 0x0000000081b00000|100%| O|  |TAMS 0x0000000081b00000, 0x0000000081a00000| Untracked 
|  27|0x0000000081b00000, 0x0000000081c00000, 0x0000000081c00000|100%| O|  |TAMS 0x0000000081c00000, 0x0000000081b00000| Untracked 
|  28|0x0000000081c00000, 0x0000000081d00000, 0x0000000081d00000|100%| O|  |TAMS 0x0000000081d00000, 0x0000000081c00000| Untracked 
|  29|0x0000000081d00000, 0x0000000081e00000, 0x0000000081e00000|100%|HS|  |TAMS 0x0000000081e00000, 0x0000000081d00000| Complete 
|  30|0x0000000081e00000, 0x0000000081f00000, 0x0000000081f00000|100%|HS|  |TAMS 0x0000000081f00000, 0x0000000081e00000| Complete 
|  31|0x0000000081f00000, 0x0000000082000000, 0x0000000082000000|100%| O|  |TAMS 0x0000000082000000, 0x0000000081f00000| Untracked 
|  32|0x0000000082000000, 0x0000000082100000, 0x0000000082100000|100%| O|  |TAMS 0x0000000082100000, 0x0000000082000000| Untracked 
|  33|0x0000000082100000, 0x0000000082200000, 0x0000000082200000|100%| O|  |TAMS 0x0000000082200000, 0x0000000082100000| Untracked 
|  34|0x0000000082200000, 0x0000000082300000, 0x0000000082300000|100%| O|  |TAMS 0x0000000082200000, 0x0000000082200000| Untracked 
|  35|0x0000000082300000, 0x0000000082400000, 0x0000000082400000|100%| O|  |TAMS 0x0000000082400000, 0x0000000082300000| Untracked 
|  36|0x0000000082400000, 0x0000000082500000, 0x0000000082500000|100%| O|  |TAMS 0x0000000082500000, 0x0000000082400000| Untracked 
|  37|0x0000000082500000, 0x0000000082600000, 0x0000000082600000|100%| O|  |TAMS 0x0000000082600000, 0x0000000082500000| Untracked 
|  38|0x0000000082600000, 0x0000000082700000, 0x0000000082700000|100%| O|  |TAMS 0x0000000082700000, 0x0000000082600000| Untracked 
|  39|0x0000000082700000, 0x0000000082800000, 0x0000000082800000|100%| O|  |TAMS 0x0000000082800000, 0x0000000082700000| Untracked 
|  40|0x0000000082800000, 0x0000000082900000, 0x0000000082900000|100%| O|  |TAMS 0x0000000082900000, 0x0000000082800000| Untracked 
|  41|0x0000000082900000, 0x0000000082a00000, 0x0000000082a00000|100%| O|  |TAMS 0x0000000082a00000, 0x0000000082900000| Untracked 
|  42|0x0000000082a00000, 0x0000000082b00000, 0x0000000082b00000|100%| O|  |TAMS 0x0000000082b00000, 0x0000000082a00000| Untracked 
|  43|0x0000000082b00000, 0x0000000082c00000, 0x0000000082c00000|100%| O|  |TAMS 0x0000000082c00000, 0x0000000082b00000| Untracked 
|  44|0x0000000082c00000, 0x0000000082d00000, 0x0000000082d00000|100%| O|  |TAMS 0x0000000082d00000, 0x0000000082c00000| Untracked 
|  45|0x0000000082d00000, 0x0000000082e00000, 0x0000000082e00000|100%| O|  |TAMS 0x0000000082e00000, 0x0000000082d00000| Untracked 
|  46|0x0000000082e00000, 0x0000000082f00000, 0x0000000082f00000|100%| O|  |TAMS 0x0000000082f00000, 0x0000000082e00000| Untracked 
|  47|0x0000000082f00000, 0x0000000083000000, 0x0000000083000000|100%| O|  |TAMS 0x0000000083000000, 0x0000000082f00000| Untracked 
|  48|0x0000000083000000, 0x0000000083100000, 0x0000000083100000|100%| O|  |TAMS 0x0000000083100000, 0x0000000083000000| Untracked 
|  49|0x0000000083100000, 0x0000000083200000, 0x0000000083200000|100%| O|  |TAMS 0x0000000083200000, 0x0000000083100000| Untracked 
|  50|0x0000000083200000, 0x0000000083300000, 0x0000000083300000|100%| O|  |TAMS 0x0000000083300000, 0x0000000083200000| Untracked 
|  51|0x0000000083300000, 0x0000000083400000, 0x0000000083400000|100%| O|  |TAMS 0x0000000083400000, 0x0000000083300000| Untracked 
|  52|0x0000000083400000, 0x0000000083500000, 0x0000000083500000|100%| O|  |TAMS 0x0000000083500000, 0x0000000083400000| Untracked 
|  53|0x0000000083500000, 0x0000000083600000, 0x0000000083600000|100%| O|  |TAMS 0x0000000083600000, 0x0000000083500000| Untracked 
|  54|0x0000000083600000, 0x0000000083700000, 0x0000000083700000|100%| O|  |TAMS 0x0000000083700000, 0x0000000083600000| Untracked 
|  55|0x0000000083700000, 0x0000000083800000, 0x0000000083800000|100%| O|  |TAMS 0x0000000083800000, 0x0000000083700000| Untracked 
|  56|0x0000000083800000, 0x0000000083900000, 0x0000000083900000|100%| O|  |TAMS 0x0000000083900000, 0x0000000083800000| Untracked 
|  57|0x0000000083900000, 0x0000000083a00000, 0x0000000083a00000|100%| O|  |TAMS 0x0000000083a00000, 0x0000000083900000| Untracked 
|  58|0x0000000083a00000, 0x0000000083b00000, 0x0000000083b00000|100%| O|  |TAMS 0x0000000083a00000, 0x0000000083a00000| Untracked 
|  59|0x0000000083b00000, 0x0000000083c00000, 0x0000000083c00000|100%| O|  |TAMS 0x0000000083c00000, 0x0000000083b00000| Untracked 
|  60|0x0000000083c00000, 0x0000000083d00000, 0x0000000083d00000|100%| O|  |TAMS 0x0000000083d00000, 0x0000000083c00000| Untracked 
|  61|0x0000000083d00000, 0x0000000083e00000, 0x0000000083e00000|100%| O|  |TAMS 0x0000000083e00000, 0x0000000083d00000| Untracked 
|  62|0x0000000083e00000, 0x0000000083f00000, 0x0000000083f00000|100%| O|  |TAMS 0x0000000083f00000, 0x0000000083e00000| Untracked 
|  63|0x0000000083f00000, 0x0000000084000000, 0x0000000084000000|100%| O|  |TAMS 0x0000000084000000, 0x0000000083f00000| Untracked 
|  64|0x0000000084000000, 0x0000000084100000, 0x0000000084100000|100%| O|  |TAMS 0x0000000084100000, 0x0000000084000000| Untracked 
|  65|0x0000000084100000, 0x0000000084200000, 0x0000000084200000|100%| O|  |TAMS 0x0000000084200000, 0x0000000084100000| Untracked 
|  66|0x0000000084200000, 0x0000000084300000, 0x0000000084300000|100%| O|  |TAMS 0x0000000084300000, 0x0000000084200000| Untracked 
|  67|0x0000000084300000, 0x0000000084400000, 0x0000000084400000|100%| O|  |TAMS 0x0000000084400000, 0x0000000084300000| Untracked 
|  68|0x0000000084400000, 0x0000000084500000, 0x0000000084500000|100%| O|  |TAMS 0x0000000084500000, 0x0000000084400000| Untracked 
|  69|0x0000000084500000, 0x0000000084600000, 0x0000000084600000|100%| O|  |TAMS 0x0000000084600000, 0x0000000084500000| Untracked 
|  70|0x0000000084600000, 0x0000000084700000, 0x0000000084700000|100%| O|  |TAMS 0x0000000084700000, 0x0000000084600000| Untracked 
|  71|0x0000000084700000, 0x0000000084800000, 0x0000000084800000|100%| O|  |TAMS 0x0000000084700000, 0x0000000084700000| Untracked 
|  72|0x0000000084800000, 0x0000000084900000, 0x0000000084900000|100%| O|  |TAMS 0x0000000084900000, 0x0000000084800000| Untracked 
|  73|0x0000000084900000, 0x0000000084a00000, 0x0000000084a00000|100%| O|  |TAMS 0x0000000084a00000, 0x0000000084900000| Untracked 
|  74|0x0000000084a00000, 0x0000000084b00000, 0x0000000084b00000|100%| O|  |TAMS 0x0000000084a00000, 0x0000000084a00000| Untracked 
|  75|0x0000000084b00000, 0x0000000084c00000, 0x0000000084c00000|100%| O|  |TAMS 0x0000000084c00000, 0x0000000084b00000| Untracked 
|  76|0x0000000084c00000, 0x0000000084d00000, 0x0000000084d00000|100%| O|  |TAMS 0x0000000084c00000, 0x0000000084c00000| Untracked 
|  77|0x0000000084d00000, 0x0000000084e00000, 0x0000000084e00000|100%| O|  |TAMS 0x0000000084d00000, 0x0000000084d00000| Untracked 
|  78|0x0000000084e00000, 0x0000000084f00000, 0x0000000084f00000|100%| O|  |TAMS 0x0000000084f00000, 0x0000000084e00000| Untracked 
|  79|0x0000000084f00000, 0x0000000085000000, 0x0000000085000000|100%| O|  |TAMS 0x0000000084f00000, 0x0000000084f00000| Untracked 
|  80|0x0000000085000000, 0x0000000085100000, 0x0000000085100000|100%| O|  |TAMS 0x0000000085000000, 0x0000000085000000| Untracked 
|  81|0x0000000085100000, 0x0000000085200000, 0x0000000085200000|100%| O|  |TAMS 0x0000000085200000, 0x0000000085100000| Untracked 
|  82|0x0000000085200000, 0x0000000085300000, 0x0000000085300000|100%| O|  |TAMS 0x0000000085200000, 0x0000000085200000| Untracked 
|  83|0x0000000085300000, 0x0000000085400000, 0x0000000085400000|100%| O|  |TAMS 0x0000000085400000, 0x0000000085300000| Untracked 
|  84|0x0000000085400000, 0x0000000085500000, 0x0000000085500000|100%| O|  |TAMS 0x0000000085400000, 0x0000000085400000| Untracked 
|  85|0x0000000085500000, 0x0000000085600000, 0x0000000085600000|100%| O|  |TAMS 0x0000000085600000, 0x0000000085500000| Untracked 
|  86|0x0000000085600000, 0x0000000085700000, 0x0000000085700000|100%| O|  |TAMS 0x0000000085700000, 0x0000000085600000| Untracked 
|  87|0x0000000085700000, 0x0000000085800000, 0x0000000085800000|100%| O|  |TAMS 0x0000000085800000, 0x0000000085700000| Untracked 
|  88|0x0000000085800000, 0x0000000085900000, 0x0000000085900000|100%|HS|  |TAMS 0x0000000085800000, 0x0000000085800000| Complete 
|  89|0x0000000085900000, 0x0000000085a00000, 0x0000000085a00000|100%|HC|  |TAMS 0x0000000085900000, 0x0000000085900000| Complete 
|  90|0x0000000085a00000, 0x0000000085b00000, 0x0000000085b00000|100%| O|  |TAMS 0x0000000085a00000, 0x0000000085a00000| Untracked 
|  91|0x0000000085b00000, 0x0000000085c00000, 0x0000000085c00000|100%| O|  |TAMS 0x0000000085b00000, 0x0000000085b00000| Untracked 
|  92|0x0000000085c00000, 0x0000000085d00000, 0x0000000085d00000|100%| O|  |TAMS 0x0000000085c00000, 0x0000000085c00000| Untracked 
|  93|0x0000000085d00000, 0x0000000085e00000, 0x0000000085e00000|100%| O|  |TAMS 0x0000000085d00000, 0x0000000085d00000| Untracked 
|  94|0x0000000085e00000, 0x0000000085f00000, 0x0000000085f00000|100%| O|  |TAMS 0x0000000085e00000, 0x0000000085e00000| Untracked 
|  95|0x0000000085f00000, 0x0000000086000000, 0x0000000086000000|100%| O|  |TAMS 0x0000000085f00000, 0x0000000085f00000| Untracked 
|  96|0x0000000086000000, 0x0000000086100000, 0x0000000086100000|100%| O|  |TAMS 0x0000000086000000, 0x0000000086000000| Untracked 
|  97|0x0000000086100000, 0x0000000086200000, 0x0000000086200000|100%| O|  |TAMS 0x0000000086200000, 0x0000000086100000| Untracked 
|  98|0x0000000086200000, 0x0000000086300000, 0x0000000086300000|100%| O|  |TAMS 0x0000000086300000, 0x0000000086200000| Untracked 
|  99|0x0000000086300000, 0x0000000086400000, 0x0000000086400000|100%| O|  |TAMS 0x0000000086400000, 0x0000000086300000| Untracked 
| 100|0x0000000086400000, 0x0000000086500000, 0x0000000086500000|100%| O|  |TAMS 0x0000000086400000, 0x0000000086400000| Untracked 
| 101|0x0000000086500000, 0x0000000086600000, 0x0000000086600000|100%| O|  |TAMS 0x0000000086500000, 0x0000000086500000| Untracked 
| 102|0x0000000086600000, 0x0000000086700000, 0x0000000086700000|100%| O|  |TAMS 0x0000000086600000, 0x0000000086600000| Untracked 
| 103|0x0000000086700000, 0x0000000086800000, 0x0000000086800000|100%| O|  |TAMS 0x0000000086700000, 0x0000000086700000| Untracked 
| 104|0x0000000086800000, 0x0000000086900000, 0x0000000086900000|100%| O|  |TAMS 0x0000000086800000, 0x0000000086800000| Untracked 
| 105|0x0000000086900000, 0x0000000086a00000, 0x0000000086a00000|100%| O|  |TAMS 0x0000000086900000, 0x0000000086900000| Untracked 
| 106|0x0000000086a00000, 0x0000000086a00000, 0x0000000086b00000|  0%| F|  |TAMS 0x0000000086a00000, 0x0000000086a00000| Untracked 
| 107|0x0000000086b00000, 0x0000000086b00000, 0x0000000086c00000|  0%| F|  |TAMS 0x0000000086b00000, 0x0000000086b00000| Untracked 
| 108|0x0000000086c00000, 0x0000000086d00000, 0x0000000086d00000|100%| O|  |TAMS 0x0000000086c00000, 0x0000000086c00000| Untracked 
| 109|0x0000000086d00000, 0x0000000086e00000, 0x0000000086e00000|100%| O|  |TAMS 0x0000000086d00000, 0x0000000086d00000| Untracked 
| 110|0x0000000086e00000, 0x0000000086e68a00, 0x0000000086f00000| 40%| O|  |TAMS 0x0000000086e00000, 0x0000000086e00000| Untracked 
| 111|0x0000000086f00000, 0x0000000087000000, 0x0000000087000000|100%| O|  |TAMS 0x0000000086f00000, 0x0000000086f00000| Untracked 
| 112|0x0000000087000000, 0x0000000087100000, 0x0000000087100000|100%| O|  |TAMS 0x0000000087000000, 0x0000000087000000| Untracked 
| 113|0x0000000087100000, 0x0000000087200000, 0x0000000087200000|100%| O|  |TAMS 0x0000000087200000, 0x0000000087100000| Untracked 
| 114|0x0000000087200000, 0x0000000087300000, 0x0000000087300000|100%| O|  |TAMS 0x0000000087300000, 0x0000000087200000| Untracked 
| 115|0x0000000087300000, 0x0000000087400000, 0x0000000087400000|100%| O|  |TAMS 0x0000000087400000, 0x0000000087300000| Untracked 
| 116|0x0000000087400000, 0x0000000087500000, 0x0000000087500000|100%| O|  |TAMS 0x0000000087500000, 0x0000000087400000| Untracked 
| 117|0x0000000087500000, 0x0000000087600000, 0x0000000087600000|100%| O|  |TAMS 0x0000000087500000, 0x0000000087500000| Untracked 
| 118|0x0000000087600000, 0x0000000087700000, 0x0000000087700000|100%| O|  |TAMS 0x0000000087700000, 0x0000000087600000| Untracked 
| 119|0x0000000087700000, 0x0000000087800000, 0x0000000087800000|100%|HS|  |TAMS 0x0000000087800000, 0x0000000087700000| Complete 
| 120|0x0000000087800000, 0x0000000087900000, 0x0000000087900000|100%| O|  |TAMS 0x0000000087900000, 0x0000000087800000| Untracked 
| 121|0x0000000087900000, 0x0000000087a00000, 0x0000000087a00000|100%| O|  |TAMS 0x0000000087a00000, 0x0000000087900000| Untracked 
| 122|0x0000000087a00000, 0x0000000087b00000, 0x0000000087b00000|100%| O|  |TAMS 0x0000000087b00000, 0x0000000087a00000| Untracked 
| 123|0x0000000087b00000, 0x0000000087c00000, 0x0000000087c00000|100%| O|  |TAMS 0x0000000087c00000, 0x0000000087b00000| Untracked 
| 124|0x0000000087c00000, 0x0000000087d00000, 0x0000000087d00000|100%| O|  |TAMS 0x0000000087d00000, 0x0000000087c00000| Untracked 
| 125|0x0000000087d00000, 0x0000000087e00000, 0x0000000087e00000|100%| O|  |TAMS 0x0000000087d00000, 0x0000000087d00000| Untracked 
| 126|0x0000000087e00000, 0x0000000087f00000, 0x0000000087f00000|100%| O|  |TAMS 0x0000000087e00000, 0x0000000087e00000| Untracked 
| 127|0x0000000087f00000, 0x0000000088000000, 0x0000000088000000|100%| O|  |TAMS 0x0000000087f00000, 0x0000000087f00000| Untracked 
| 128|0x0000000088000000, 0x0000000088100000, 0x0000000088100000|100%| O|  |TAMS 0x0000000088000000, 0x0000000088000000| Untracked 
| 129|0x0000000088100000, 0x0000000088200000, 0x0000000088200000|100%| O|  |TAMS 0x0000000088100000, 0x0000000088100000| Untracked 
| 130|0x0000000088200000, 0x0000000088300000, 0x0000000088300000|100%| O|  |TAMS 0x0000000088200000, 0x0000000088200000| Untracked 
| 131|0x0000000088300000, 0x0000000088400000, 0x0000000088400000|100%| O|  |TAMS 0x0000000088400000, 0x0000000088300000| Untracked 
| 132|0x0000000088400000, 0x0000000088500000, 0x0000000088500000|100%| O|  |TAMS 0x0000000088500000, 0x0000000088400000| Untracked 
| 133|0x0000000088500000, 0x0000000088600000, 0x0000000088600000|100%| O|  |TAMS 0x0000000088600000, 0x0000000088500000| Untracked 
| 134|0x0000000088600000, 0x0000000088700000, 0x0000000088700000|100%| O|  |TAMS 0x0000000088700000, 0x0000000088600000| Untracked 
| 135|0x0000000088700000, 0x0000000088700000, 0x0000000088800000|  0%| F|  |TAMS 0x0000000088700000, 0x0000000088700000| Untracked 
| 136|0x0000000088800000, 0x0000000088800000, 0x0000000088900000|  0%| F|  |TAMS 0x0000000088800000, 0x0000000088800000| Untracked 
| 137|0x0000000088900000, 0x0000000088900000, 0x0000000088a00000|  0%| F|  |TAMS 0x0000000088900000, 0x0000000088900000| Untracked 
| 138|0x0000000088a00000, 0x0000000088a00000, 0x0000000088b00000|  0%| F|  |TAMS 0x0000000088a00000, 0x0000000088a00000| Untracked 
| 139|0x0000000088b00000, 0x0000000088b00000, 0x0000000088c00000|  0%| F|  |TAMS 0x0000000088b00000, 0x0000000088b00000| Untracked 
| 140|0x0000000088c00000, 0x0000000088d00000, 0x0000000088d00000|100%| O|  |TAMS 0x0000000088c00000, 0x0000000088c00000| Untracked 
| 141|0x0000000088d00000, 0x0000000088e00000, 0x0000000088e00000|100%| O|  |TAMS 0x0000000088d00000, 0x0000000088d00000| Untracked 
| 142|0x0000000088e00000, 0x0000000088f00000, 0x0000000088f00000|100%| O|  |TAMS 0x0000000088e00000, 0x0000000088e00000| Untracked 
| 143|0x0000000088f00000, 0x0000000089000000, 0x0000000089000000|100%| O|  |TAMS 0x0000000089000000, 0x0000000088f00000| Untracked 
| 144|0x0000000089000000, 0x0000000089100000, 0x0000000089100000|100%| O|  |TAMS 0x0000000089100000, 0x0000000089000000| Untracked 
| 145|0x0000000089100000, 0x0000000089200000, 0x0000000089200000|100%| O|  |TAMS 0x0000000089200000, 0x0000000089100000| Untracked 
| 146|0x0000000089200000, 0x0000000089300000, 0x0000000089300000|100%| O|  |TAMS 0x0000000089300000, 0x0000000089200000| Untracked 
| 147|0x0000000089300000, 0x0000000089400000, 0x0000000089400000|100%| O|  |TAMS 0x0000000089400000, 0x0000000089300000| Untracked 
| 148|0x0000000089400000, 0x0000000089500000, 0x0000000089500000|100%| O|  |TAMS 0x0000000089500000, 0x0000000089400000| Untracked 
| 149|0x0000000089500000, 0x0000000089600000, 0x0000000089600000|100%| O|  |TAMS 0x0000000089600000, 0x0000000089500000| Untracked 
| 150|0x0000000089600000, 0x0000000089700000, 0x0000000089700000|100%| O|  |TAMS 0x0000000089700000, 0x0000000089600000| Untracked 
| 151|0x0000000089700000, 0x0000000089800000, 0x0000000089800000|100%| O|  |TAMS 0x0000000089800000, 0x0000000089700000| Untracked 
| 152|0x0000000089800000, 0x0000000089900000, 0x0000000089900000|100%| O|  |TAMS 0x00000000898cc000, 0x0000000089800000| Untracked 
| 153|0x0000000089900000, 0x0000000089a00000, 0x0000000089a00000|100%| O|  |TAMS 0x0000000089900000, 0x0000000089900000| Untracked 
| 154|0x0000000089a00000, 0x0000000089b00000, 0x0000000089b00000|100%| O|  |TAMS 0x0000000089a00000, 0x0000000089a00000| Untracked 
| 155|0x0000000089b00000, 0x0000000089c00000, 0x0000000089c00000|100%| O|  |TAMS 0x0000000089b00000, 0x0000000089b00000| Untracked 
| 156|0x0000000089c00000, 0x0000000089d00000, 0x0000000089d00000|100%| O|  |TAMS 0x0000000089c00000, 0x0000000089c00000| Untracked 
| 157|0x0000000089d00000, 0x0000000089e00000, 0x0000000089e00000|100%| O|  |TAMS 0x0000000089d00000, 0x0000000089d00000| Untracked 
| 158|0x0000000089e00000, 0x0000000089e00000, 0x0000000089f00000|  0%| F|  |TAMS 0x0000000089e00000, 0x0000000089e00000| Untracked 
| 159|0x0000000089f00000, 0x000000008a000000, 0x000000008a000000|100%| O|  |TAMS 0x0000000089f00000, 0x0000000089f00000| Untracked 
| 160|0x000000008a000000, 0x000000008a100000, 0x000000008a100000|100%| O|  |TAMS 0x000000008a000000, 0x000000008a000000| Untracked 
| 161|0x000000008a100000, 0x000000008a200000, 0x000000008a200000|100%| O|  |TAMS 0x000000008a100000, 0x000000008a100000| Untracked 
| 162|0x000000008a200000, 0x000000008a300000, 0x000000008a300000|100%| O|  |TAMS 0x000000008a200000, 0x000000008a200000| Untracked 
| 163|0x000000008a300000, 0x000000008a400000, 0x000000008a400000|100%| O|  |TAMS 0x000000008a300000, 0x000000008a300000| Untracked 
| 164|0x000000008a400000, 0x000000008a500000, 0x000000008a500000|100%| O|  |TAMS 0x000000008a400000, 0x000000008a400000| Untracked 
| 165|0x000000008a500000, 0x000000008a600000, 0x000000008a600000|100%| O|  |TAMS 0x000000008a500000, 0x000000008a500000| Untracked 
| 166|0x000000008a600000, 0x000000008a700000, 0x000000008a700000|100%| O|  |TAMS 0x000000008a600000, 0x000000008a600000| Untracked 
| 167|0x000000008a700000, 0x000000008a800000, 0x000000008a800000|100%|HS|  |TAMS 0x000000008a700000, 0x000000008a700000| Complete 
| 168|0x000000008a800000, 0x000000008a900000, 0x000000008a900000|100%|HC|  |TAMS 0x000000008a800000, 0x000000008a800000| Complete 
| 169|0x000000008a900000, 0x000000008aa00000, 0x000000008aa00000|100%|HC|  |TAMS 0x000000008a900000, 0x000000008a900000| Complete 
| 170|0x000000008aa00000, 0x000000008ab00000, 0x000000008ab00000|100%|HC|  |TAMS 0x000000008aa00000, 0x000000008aa00000| Complete 
| 171|0x000000008ab00000, 0x000000008ac00000, 0x000000008ac00000|100%|HC|  |TAMS 0x000000008ab00000, 0x000000008ab00000| Complete 
| 172|0x000000008ac00000, 0x000000008ad00000, 0x000000008ad00000|100%|HC|  |TAMS 0x000000008ac00000, 0x000000008ac00000| Complete 
| 173|0x000000008ad00000, 0x000000008ad00000, 0x000000008ae00000|  0%| F|  |TAMS 0x000000008ad00000, 0x000000008ad00000| Untracked 
| 174|0x000000008ae00000, 0x000000008ae00000, 0x000000008af00000|  0%| F|  |TAMS 0x000000008ae00000, 0x000000008ae00000| Untracked 
| 175|0x000000008af00000, 0x000000008af00000, 0x000000008b000000|  0%| F|  |TAMS 0x000000008af00000, 0x000000008af00000| Untracked 
| 176|0x000000008b000000, 0x000000008b000000, 0x000000008b100000|  0%| F|  |TAMS 0x000000008b000000, 0x000000008b000000| Untracked 
| 177|0x000000008b100000, 0x000000008b100000, 0x000000008b200000|  0%| F|  |TAMS 0x000000008b100000, 0x000000008b100000| Untracked 
| 178|0x000000008b200000, 0x000000008b200000, 0x000000008b300000|  0%| F|  |TAMS 0x000000008b200000, 0x000000008b200000| Untracked 
| 179|0x000000008b300000, 0x000000008b300000, 0x000000008b400000|  0%| F|  |TAMS 0x000000008b300000, 0x000000008b300000| Untracked 
| 180|0x000000008b400000, 0x000000008b400000, 0x000000008b500000|  0%| F|  |TAMS 0x000000008b400000, 0x000000008b400000| Untracked 
| 181|0x000000008b500000, 0x000000008b500000, 0x000000008b600000|  0%| F|  |TAMS 0x000000008b500000, 0x000000008b500000| Untracked 
| 182|0x000000008b600000, 0x000000008b600000, 0x000000008b700000|  0%| F|  |TAMS 0x000000008b600000, 0x000000008b600000| Untracked 
| 183|0x000000008b700000, 0x000000008b700000, 0x000000008b800000|  0%| F|  |TAMS 0x000000008b700000, 0x000000008b700000| Untracked 
| 184|0x000000008b800000, 0x000000008b800000, 0x000000008b900000|  0%| F|  |TAMS 0x000000008b800000, 0x000000008b800000| Untracked 
| 185|0x000000008b900000, 0x000000008b900000, 0x000000008ba00000|  0%| F|  |TAMS 0x000000008b900000, 0x000000008b900000| Untracked 
| 186|0x000000008ba00000, 0x000000008ba00000, 0x000000008bb00000|  0%| F|  |TAMS 0x000000008ba00000, 0x000000008ba00000| Untracked 
| 187|0x000000008bb00000, 0x000000008bb00000, 0x000000008bc00000|  0%| F|  |TAMS 0x000000008bb00000, 0x000000008bb00000| Untracked 
| 188|0x000000008bc00000, 0x000000008bc00000, 0x000000008bd00000|  0%| F|  |TAMS 0x000000008bc00000, 0x000000008bc00000| Untracked 
| 189|0x000000008bd00000, 0x000000008bd00000, 0x000000008be00000|  0%| F|  |TAMS 0x000000008bd00000, 0x000000008bd00000| Untracked 
| 190|0x000000008be00000, 0x000000008be00000, 0x000000008bf00000|  0%| F|  |TAMS 0x000000008be00000, 0x000000008be00000| Untracked 
| 191|0x000000008bf00000, 0x000000008bf00000, 0x000000008c000000|  0%| F|  |TAMS 0x000000008bf00000, 0x000000008bf00000| Untracked 
| 192|0x000000008c000000, 0x000000008c000000, 0x000000008c100000|  0%| F|  |TAMS 0x000000008c000000, 0x000000008c000000| Untracked 
| 193|0x000000008c100000, 0x000000008c100000, 0x000000008c200000|  0%| F|  |TAMS 0x000000008c100000, 0x000000008c100000| Untracked 
| 194|0x000000008c200000, 0x000000008c200000, 0x000000008c300000|  0%| F|  |TAMS 0x000000008c200000, 0x000000008c200000| Untracked 
| 195|0x000000008c300000, 0x000000008c300000, 0x000000008c400000|  0%| F|  |TAMS 0x000000008c300000, 0x000000008c300000| Untracked 
| 196|0x000000008c400000, 0x000000008c400000, 0x000000008c500000|  0%| F|  |TAMS 0x000000008c400000, 0x000000008c400000| Untracked 
| 197|0x000000008c500000, 0x000000008c500000, 0x000000008c600000|  0%| F|  |TAMS 0x000000008c500000, 0x000000008c500000| Untracked 
| 198|0x000000008c600000, 0x000000008c600000, 0x000000008c700000|  0%| F|  |TAMS 0x000000008c600000, 0x000000008c600000| Untracked 
| 199|0x000000008c700000, 0x000000008c700000, 0x000000008c800000|  0%| F|  |TAMS 0x000000008c700000, 0x000000008c700000| Untracked 
| 200|0x000000008c800000, 0x000000008c800000, 0x000000008c900000|  0%| F|  |TAMS 0x000000008c800000, 0x000000008c800000| Untracked 
| 201|0x000000008c900000, 0x000000008c900000, 0x000000008ca00000|  0%| F|  |TAMS 0x000000008c900000, 0x000000008c900000| Untracked 
| 202|0x000000008ca00000, 0x000000008ca57da0, 0x000000008cb00000| 34%| S|CS|TAMS 0x000000008ca00000, 0x000000008ca00000| Complete 
| 203|0x000000008cb00000, 0x000000008cc00000, 0x000000008cc00000|100%| S|CS|TAMS 0x000000008cb00000, 0x000000008cb00000| Complete 
| 204|0x000000008cc00000, 0x000000008cd00000, 0x000000008cd00000|100%| S|CS|TAMS 0x000000008cc00000, 0x000000008cc00000| Complete 
| 205|0x000000008cd00000, 0x000000008cd00000, 0x000000008ce00000|  0%| F|  |TAMS 0x000000008cd00000, 0x000000008cd00000| Untracked 
| 206|0x000000008ce00000, 0x000000008ce00000, 0x000000008cf00000|  0%| F|  |TAMS 0x000000008ce00000, 0x000000008ce00000| Untracked 
| 207|0x000000008cf00000, 0x000000008cf00000, 0x000000008d000000|  0%| F|  |TAMS 0x000000008cf00000, 0x000000008cf00000| Untracked 
| 208|0x000000008d000000, 0x000000008d000000, 0x000000008d100000|  0%| F|  |TAMS 0x000000008d000000, 0x000000008d000000| Untracked 
| 209|0x000000008d100000, 0x000000008d100000, 0x000000008d200000|  0%| F|  |TAMS 0x000000008d100000, 0x000000008d100000| Untracked 
| 210|0x000000008d200000, 0x000000008d200000, 0x000000008d300000|  0%| F|  |TAMS 0x000000008d200000, 0x000000008d200000| Untracked 
| 211|0x000000008d300000, 0x000000008d400000, 0x000000008d400000|100%| E|  |TAMS 0x000000008d300000, 0x000000008d300000| Complete 
| 212|0x000000008d400000, 0x000000008d500000, 0x000000008d500000|100%| E|CS|TAMS 0x000000008d400000, 0x000000008d400000| Complete 
| 213|0x000000008d500000, 0x000000008d600000, 0x000000008d600000|100%| E|CS|TAMS 0x000000008d500000, 0x000000008d500000| Complete 
| 214|0x000000008d600000, 0x000000008d700000, 0x000000008d700000|100%| E|CS|TAMS 0x000000008d600000, 0x000000008d600000| Complete 
| 215|0x000000008d700000, 0x000000008d800000, 0x000000008d800000|100%| E|CS|TAMS 0x000000008d700000, 0x000000008d700000| Complete 
| 216|0x000000008d800000, 0x000000008d900000, 0x000000008d900000|100%| E|CS|TAMS 0x000000008d800000, 0x000000008d800000| Complete 
| 217|0x000000008d900000, 0x000000008da00000, 0x000000008da00000|100%| E|CS|TAMS 0x000000008d900000, 0x000000008d900000| Complete 
| 218|0x000000008da00000, 0x000000008db00000, 0x000000008db00000|100%| E|CS|TAMS 0x000000008da00000, 0x000000008da00000| Complete 
| 219|0x000000008db00000, 0x000000008dc00000, 0x000000008dc00000|100%| E|CS|TAMS 0x000000008db00000, 0x000000008db00000| Complete 
| 220|0x000000008dc00000, 0x000000008dd00000, 0x000000008dd00000|100%| E|CS|TAMS 0x000000008dc00000, 0x000000008dc00000| Complete 
| 221|0x000000008dd00000, 0x000000008de00000, 0x000000008de00000|100%| E|CS|TAMS 0x000000008dd00000, 0x000000008dd00000| Complete 
| 222|0x000000008de00000, 0x000000008df00000, 0x000000008df00000|100%| E|CS|TAMS 0x000000008de00000, 0x000000008de00000| Complete 
| 223|0x000000008df00000, 0x000000008e000000, 0x000000008e000000|100%| E|CS|TAMS 0x000000008df00000, 0x000000008df00000| Complete 
| 224|0x000000008e000000, 0x000000008e100000, 0x000000008e100000|100%| E|CS|TAMS 0x000000008e000000, 0x000000008e000000| Complete 
| 225|0x000000008e100000, 0x000000008e200000, 0x000000008e200000|100%| E|CS|TAMS 0x000000008e100000, 0x000000008e100000| Complete 
| 226|0x000000008e200000, 0x000000008e300000, 0x000000008e300000|100%| E|CS|TAMS 0x000000008e200000, 0x000000008e200000| Complete 
| 227|0x000000008e300000, 0x000000008e400000, 0x000000008e400000|100%| E|CS|TAMS 0x000000008e300000, 0x000000008e300000| Complete 
| 228|0x000000008e400000, 0x000000008e500000, 0x000000008e500000|100%| E|CS|TAMS 0x000000008e400000, 0x000000008e400000| Complete 
| 229|0x000000008e500000, 0x000000008e600000, 0x000000008e600000|100%| E|CS|TAMS 0x000000008e500000, 0x000000008e500000| Complete 
| 230|0x000000008e600000, 0x000000008e700000, 0x000000008e700000|100%| E|CS|TAMS 0x000000008e600000, 0x000000008e600000| Complete 
| 231|0x000000008e700000, 0x000000008e800000, 0x000000008e800000|100%| E|CS|TAMS 0x000000008e700000, 0x000000008e700000| Complete 
| 232|0x000000008e800000, 0x000000008e900000, 0x000000008e900000|100%| E|CS|TAMS 0x000000008e800000, 0x000000008e800000| Complete 
| 233|0x000000008e900000, 0x000000008ea00000, 0x000000008ea00000|100%| E|CS|TAMS 0x000000008e900000, 0x000000008e900000| Complete 
| 234|0x000000008ea00000, 0x000000008eb00000, 0x000000008eb00000|100%| E|CS|TAMS 0x000000008ea00000, 0x000000008ea00000| Complete 
| 235|0x000000008eb00000, 0x000000008ec00000, 0x000000008ec00000|100%| E|CS|TAMS 0x000000008eb00000, 0x000000008eb00000| Complete 
| 236|0x000000008ec00000, 0x000000008ed00000, 0x000000008ed00000|100%| E|CS|TAMS 0x000000008ec00000, 0x000000008ec00000| Complete 
| 237|0x000000008ed00000, 0x000000008ee00000, 0x000000008ee00000|100%| E|CS|TAMS 0x000000008ed00000, 0x000000008ed00000| Complete 
| 238|0x000000008ee00000, 0x000000008ef00000, 0x000000008ef00000|100%| E|CS|TAMS 0x000000008ee00000, 0x000000008ee00000| Complete 
| 239|0x000000008ef00000, 0x000000008f000000, 0x000000008f000000|100%| E|CS|TAMS 0x000000008ef00000, 0x000000008ef00000| Complete 
| 240|0x000000008f000000, 0x000000008f100000, 0x000000008f100000|100%| E|CS|TAMS 0x000000008f000000, 0x000000008f000000| Complete 
| 241|0x000000008f100000, 0x000000008f200000, 0x000000008f200000|100%| E|CS|TAMS 0x000000008f100000, 0x000000008f100000| Complete 
| 242|0x000000008f200000, 0x000000008f300000, 0x000000008f300000|100%| E|CS|TAMS 0x000000008f200000, 0x000000008f200000| Complete 
| 243|0x000000008f300000, 0x000000008f400000, 0x000000008f400000|100%| E|CS|TAMS 0x000000008f300000, 0x000000008f300000| Complete 
| 244|0x000000008f400000, 0x000000008f500000, 0x000000008f500000|100%| E|CS|TAMS 0x000000008f400000, 0x000000008f400000| Complete 
| 245|0x000000008f500000, 0x000000008f600000, 0x000000008f600000|100%| E|CS|TAMS 0x000000008f500000, 0x000000008f500000| Complete 
| 246|0x000000008f600000, 0x000000008f700000, 0x000000008f700000|100%| E|CS|TAMS 0x000000008f600000, 0x000000008f600000| Complete 
| 247|0x000000008f700000, 0x000000008f800000, 0x000000008f800000|100%| E|CS|TAMS 0x000000008f700000, 0x000000008f700000| Complete 
| 248|0x000000008f800000, 0x000000008f900000, 0x000000008f900000|100%| E|CS|TAMS 0x000000008f800000, 0x000000008f800000| Complete 
| 249|0x000000008f900000, 0x000000008fa00000, 0x000000008fa00000|100%| E|CS|TAMS 0x000000008f900000, 0x000000008f900000| Complete 
| 250|0x000000008fa00000, 0x000000008fb00000, 0x000000008fb00000|100%| E|CS|TAMS 0x000000008fa00000, 0x000000008fa00000| Complete 
| 251|0x000000008fb00000, 0x000000008fc00000, 0x000000008fc00000|100%| E|CS|TAMS 0x000000008fb00000, 0x000000008fb00000| Complete 
| 252|0x000000008fc00000, 0x000000008fd00000, 0x000000008fd00000|100%| E|CS|TAMS 0x000000008fc00000, 0x000000008fc00000| Complete 
| 253|0x000000008fd00000, 0x000000008fe00000, 0x000000008fe00000|100%| E|CS|TAMS 0x000000008fd00000, 0x000000008fd00000| Complete 
| 254|0x000000008fe00000, 0x000000008ff00000, 0x000000008ff00000|100%| E|CS|TAMS 0x000000008fe00000, 0x000000008fe00000| Complete 
| 255|0x000000008ff00000, 0x0000000090000000, 0x0000000090000000|100%| E|CS|TAMS 0x000000008ff00000, 0x000000008ff00000| Complete 
| 256|0x0000000090000000, 0x0000000090100000, 0x0000000090100000|100%| E|CS|TAMS 0x0000000090000000, 0x0000000090000000| Complete 
| 257|0x0000000090100000, 0x0000000090200000, 0x0000000090200000|100%| E|CS|TAMS 0x0000000090100000, 0x0000000090100000| Complete 
| 258|0x0000000090200000, 0x0000000090300000, 0x0000000090300000|100%| E|CS|TAMS 0x0000000090200000, 0x0000000090200000| Complete 
| 259|0x0000000090300000, 0x0000000090400000, 0x0000000090400000|100%| E|CS|TAMS 0x0000000090300000, 0x0000000090300000| Complete 
| 260|0x0000000090400000, 0x0000000090500000, 0x0000000090500000|100%| E|CS|TAMS 0x0000000090400000, 0x0000000090400000| Complete 
| 261|0x0000000090500000, 0x0000000090600000, 0x0000000090600000|100%| E|CS|TAMS 0x0000000090500000, 0x0000000090500000| Complete 
| 262|0x0000000090600000, 0x0000000090700000, 0x0000000090700000|100%| E|CS|TAMS 0x0000000090600000, 0x0000000090600000| Complete 
| 263|0x0000000090700000, 0x0000000090800000, 0x0000000090800000|100%| E|CS|TAMS 0x0000000090700000, 0x0000000090700000| Complete 
| 264|0x0000000090800000, 0x0000000090900000, 0x0000000090900000|100%| E|CS|TAMS 0x0000000090800000, 0x0000000090800000| Complete 
| 265|0x0000000090900000, 0x0000000090a00000, 0x0000000090a00000|100%| E|CS|TAMS 0x0000000090900000, 0x0000000090900000| Complete 
| 266|0x0000000090a00000, 0x0000000090b00000, 0x0000000090b00000|100%| E|CS|TAMS 0x0000000090a00000, 0x0000000090a00000| Complete 
| 267|0x0000000090b00000, 0x0000000090c00000, 0x0000000090c00000|100%| E|CS|TAMS 0x0000000090b00000, 0x0000000090b00000| Complete 
| 268|0x0000000090c00000, 0x0000000090d00000, 0x0000000090d00000|100%| E|CS|TAMS 0x0000000090c00000, 0x0000000090c00000| Complete 

Card table byte_map: [0x0000028170d30000,0x0000028171130000] _byte_map_base: 0x0000028170930000

Marking Bits (Prev, Next): (CMBitMap*) 0x000002815e4b7010, (CMBitMap*) 0x000002815e4b7050
 Prev Bits: [0x0000028171530000, 0x0000028173530000)
 Next Bits: [0x0000028173530000, 0x0000028175530000)

Polling page: 0x000002815c310000

Metaspace:

Usage:
  Non-class:    119.58 MB used.
      Class:     17.84 MB used.
       Both:    137.42 MB used.

Virtual space:
  Non-class space:      128.00 MB reserved,     120.12 MB ( 94%) committed,  16 nodes.
      Class space:        1.00 GB reserved,      18.31 MB (  2%) committed,  1 nodes.
             Both:        1.12 GB reserved,     138.44 MB ( 12%) committed. 

Chunk freelists:
   Non-Class:  2.11 MB
       Class:  1.45 MB
        Both:  3.56 MB

MaxMetaspaceSize: unlimited
CompressedClassSpaceSize: 1.00 GB
Initial GC threshold: 21.00 MB
Current GC threshold: 206.06 MB
CDS: off
MetaspaceReclaimPolicy: balanced
 - commit_granule_bytes: 65536.
 - commit_granule_words: 8192.
 - virtual_space_node_default_size: 1048576.
 - enlarge_chunks_in_place: 1.
 - new_chunks_are_fully_committed: 0.
 - uncommit_free_chunks: 1.
 - use_allocation_guard: 0.
 - handle_deallocations: 1.


Internal statistics:

num_allocs_failed_limit: 12.
num_arena_births: 1734.
num_arena_deaths: 8.
num_vsnodes_births: 17.
num_vsnodes_deaths: 0.
num_space_committed: 2214.
num_space_uncommitted: 0.
num_chunks_returned_to_freelist: 22.
num_chunks_taken_from_freelist: 7184.
num_chunk_merges: 14.
num_chunk_splits: 4767.
num_chunks_enlarged: 3138.
num_purges: 4.
num_inconsistent_stats: 0.

CodeHeap 'non-profiled nmethods': size=120000Kb used=14709Kb max_used=14712Kb free=105290Kb
 bounds [0x0000028169400000, 0x000002816a260000, 0x0000028170930000]
CodeHeap 'profiled nmethods': size=120000Kb used=45582Kb max_used=45582Kb free=74417Kb
 bounds [0x0000028161930000, 0x00000281645c0000, 0x0000028168e60000]
CodeHeap 'non-nmethods': size=5760Kb used=2469Kb max_used=2537Kb free=3290Kb
 bounds [0x0000028168e60000, 0x00000281690f0000, 0x0000028169400000]
 total_blobs=22597 nmethods=21584 adapters=922
 compilation: enabled
              stopped_count=0, restarted_count=0
 full_count=0

Compilation events (20 events):
Event: 421.145 Thread 0x0000028178458520 26515       1       com.android.tools.r8.internal.CP::G2 (3 bytes)
Event: 421.145 Thread 0x0000028178458520 nmethod 26515 0x000002816a25dd10 code [0x000002816a25dea0, 0x000002816a25df78]
Event: 421.156 Thread 0x0000028178458520 26516       2       com.android.tools.r8.graph.M4::b (31 bytes)
Event: 421.156 Thread 0x0000028178458520 nmethod 26516 0x00000281645ae190 code [0x00000281645ae360, 0x00000281645ae5e8]
Event: 421.156 Thread 0x0000028178458520 26517       2       com.android.tools.r8.graph.V0::O0 (8 bytes)
Event: 421.156 Thread 0x0000028178458520 nmethod 26517 0x00000281645ae790 code [0x00000281645ae920, 0x00000281645aea68]
Event: 421.172 Thread 0x0000028178458520 26518       2       com.android.tools.r8.ir.optimize.C::a (854 bytes)
Event: 421.176 Thread 0x0000028178458520 nmethod 26518 0x00000281645aeb90 code [0x00000281645af200, 0x00000281645b16f8]
Event: 421.206 Thread 0x0000028178458520 26519       2       com.android.tools.r8.graph.v0$a::<init> (24 bytes)
Event: 421.206 Thread 0x0000028178458520 nmethod 26519 0x00000281630f6b90 code [0x00000281630f6d20, 0x00000281630f6e38]
Event: 421.217 Thread 0x0000028178458520 26522       2       java.util.stream.ReferencePipeline::sorted (6 bytes)
Event: 421.217 Thread 0x0000028178458520 nmethod 26522 0x00000281630eba10 code [0x00000281630ebba0, 0x00000281630ebd48]
Event: 421.217 Thread 0x0000028178458520 26523       2       java.util.stream.SortedOps::makeRef (10 bytes)
Event: 421.217 Thread 0x0000028178458520 nmethod 26523 0x000002816321f290 code [0x000002816321f420, 0x000002816321f5a8]
Event: 421.217 Thread 0x0000028178458520 26524       2       java.util.stream.SliceOps::makeRef (68 bytes)
Event: 421.218 Thread 0x0000028178458520 nmethod 26524 0x00000281630ec190 code [0x00000281630ec3a0, 0x00000281630ec7d8]
Event: 421.222 Thread 0x0000028178458520 26525       2       com.android.tools.r8.ir.optimize.E::a (1486 bytes)
Event: 421.229 Thread 0x0000028178458520 nmethod 26525 0x00000281645b3090 code [0x00000281645b3ae0, 0x00000281645b7cf8]
Event: 421.229 Thread 0x0000028178458520 26526       2       com.android.tools.r8.ir.optimize.D::<init> (5 bytes)
Event: 421.229 Thread 0x0000028178458520 nmethod 26526 0x0000028163cbd810 code [0x0000028163cbd9a0, 0x0000028163cbda98]

GC Heap History (20 events):
Event: 413.275 GC heap before
{Heap before GC invocations=53 (full 0):
 garbage-first heap   total 275456K, used 162587K [0x0000000080000000, 0x0000000100000000)
  region size 1024K, 13 young (13312K), 1 survivors (1024K)
 Metaspace       used 128611K, committed 129600K, reserved 1163264K
  class space    used 17118K, committed 17600K, reserved 1048576K
}
Event: 413.287 GC heap after
{Heap after GC invocations=54 (full 0):
 garbage-first heap   total 275456K, used 132779K [0x0000000080000000, 0x0000000100000000)
  region size 1024K, 1 young (1024K), 1 survivors (1024K)
 Metaspace       used 128611K, committed 129600K, reserved 1163264K
  class space    used 17118K, committed 17600K, reserved 1048576K
}
Event: 414.649 GC heap before
{Heap before GC invocations=54 (full 0):
 garbage-first heap   total 275456K, used 204459K [0x0000000080000000, 0x0000000100000000)
  region size 1024K, 72 young (73728K), 1 survivors (1024K)
 Metaspace       used 132174K, committed 133120K, reserved 1171456K
  class space    used 17424K, committed 17856K, reserved 1048576K
}
Event: 414.659 GC heap after
{Heap after GC invocations=55 (full 0):
 garbage-first heap   total 275456K, used 145408K [0x0000000080000000, 0x0000000100000000)
  region size 1024K, 9 young (9216K), 9 survivors (9216K)
 Metaspace       used 132174K, committed 133120K, reserved 1171456K
  class space    used 17424K, committed 17856K, reserved 1048576K
}
Event: 415.941 GC heap before
{Heap before GC invocations=55 (full 0):
 garbage-first heap   total 275456K, used 210943K [0x0000000080000000, 0x0000000100000000)
  region size 1024K, 74 young (75776K), 9 survivors (9216K)
 Metaspace       used 132901K, committed 133888K, reserved 1171456K
  class space    used 17467K, committed 17920K, reserved 1048576K
}
Event: 415.945 GC heap after
{Heap after GC invocations=56 (full 0):
 garbage-first heap   total 275456K, used 139449K [0x0000000080000000, 0x0000000100000000)
  region size 1024K, 1 young (1024K), 1 survivors (1024K)
 Metaspace       used 132901K, committed 133888K, reserved 1171456K
  class space    used 17467K, committed 17920K, reserved 1048576K
}
Event: 417.244 GC heap before
{Heap before GC invocations=56 (full 0):
 garbage-first heap   total 275456K, used 213177K [0x0000000080000000, 0x0000000100000000)
  region size 1024K, 74 young (75776K), 1 survivors (1024K)
 Metaspace       used 136747K, committed 137728K, reserved 1171456K
  class space    used 17943K, committed 18432K, reserved 1048576K
}
Event: 417.251 GC heap after
{Heap after GC invocations=57 (full 0):
 garbage-first heap   total 275456K, used 143891K [0x0000000080000000, 0x0000000100000000)
  region size 1024K, 6 young (6144K), 6 survivors (6144K)
 Metaspace       used 136747K, committed 137728K, reserved 1171456K
  class space    used 17943K, committed 18432K, reserved 1048576K
}
Event: 417.833 GC heap before
{Heap before GC invocations=57 (full 0):
 garbage-first heap   total 275456K, used 218643K [0x0000000080000000, 0x0000000100000000)
  region size 1024K, 78 young (79872K), 6 survivors (6144K)
 Metaspace       used 137752K, committed 138816K, reserved 1171456K
  class space    used 18050K, committed 18560K, reserved 1048576K
}
Event: 417.854 GC heap after
{Heap after GC invocations=58 (full 0):
 garbage-first heap   total 275456K, used 159138K [0x0000000080000000, 0x0000000100000000)
  region size 1024K, 10 young (10240K), 10 survivors (10240K)
 Metaspace       used 137752K, committed 138816K, reserved 1171456K
  class space    used 18050K, committed 18560K, reserved 1048576K
}
Event: 418.651 GC heap before
{Heap before GC invocations=58 (full 0):
 garbage-first heap   total 275456K, used 237986K [0x0000000080000000, 0x0000000100000000)
  region size 1024K, 70 young (71680K), 10 survivors (10240K)
 Metaspace       used 139089K, committed 140096K, reserved 1179648K
  class space    used 18177K, committed 18688K, reserved 1048576K
}
Event: 418.665 GC heap after
{Heap after GC invocations=59 (full 0):
 garbage-first heap   total 275456K, used 170403K [0x0000000080000000, 0x0000000100000000)
  region size 1024K, 6 young (6144K), 6 survivors (6144K)
 Metaspace       used 139089K, committed 140096K, reserved 1179648K
  class space    used 18177K, committed 18688K, reserved 1048576K
}
Event: 419.314 GC heap before
{Heap before GC invocations=59 (full 0):
 garbage-first heap   total 275456K, used 227747K [0x0000000080000000, 0x0000000100000000)
  region size 1024K, 60 young (61440K), 6 survivors (6144K)
 Metaspace       used 139851K, committed 140864K, reserved 1179648K
  class space    used 18223K, committed 18752K, reserved 1048576K
}
Event: 419.318 GC heap after
{Heap after GC invocations=60 (full 0):
 garbage-first heap   total 275456K, used 169925K [0x0000000080000000, 0x0000000100000000)
  region size 1024K, 2 young (2048K), 2 survivors (2048K)
 Metaspace       used 139851K, committed 140864K, reserved 1179648K
  class space    used 18223K, committed 18752K, reserved 1048576K
}
Event: 419.770 GC heap before
{Heap before GC invocations=60 (full 0):
 garbage-first heap   total 275456K, used 228293K [0x0000000080000000, 0x0000000100000000)
  region size 1024K, 59 young (60416K), 2 survivors (2048K)
 Metaspace       used 140235K, committed 141312K, reserved 1179648K
  class space    used 18253K, committed 18752K, reserved 1048576K
}
Event: 419.774 GC heap after
{Heap after GC invocations=61 (full 0):
 garbage-first heap   total 275456K, used 169593K [0x0000000080000000, 0x0000000100000000)
  region size 1024K, 2 young (2048K), 2 survivors (2048K)
 Metaspace       used 140235K, committed 141312K, reserved 1179648K
  class space    used 18253K, committed 18752K, reserved 1048576K
}
Event: 420.154 GC heap before
{Heap before GC invocations=61 (full 0):
 garbage-first heap   total 275456K, used 231033K [0x0000000080000000, 0x0000000100000000)
  region size 1024K, 62 young (63488K), 2 survivors (2048K)
 Metaspace       used 140347K, committed 141376K, reserved 1179648K
  class space    used 18261K, committed 18752K, reserved 1048576K
}
Event: 420.157 GC heap after
{Heap after GC invocations=62 (full 0):
 garbage-first heap   total 275456K, used 170386K [0x0000000080000000, 0x0000000100000000)
  region size 1024K, 2 young (2048K), 2 survivors (2048K)
 Metaspace       used 140347K, committed 141376K, reserved 1179648K
  class space    used 18261K, committed 18752K, reserved 1048576K
}
Event: 420.668 GC heap before
{Heap before GC invocations=62 (full 0):
 garbage-first heap   total 275456K, used 233874K [0x0000000080000000, 0x0000000100000000)
  region size 1024K, 64 young (65536K), 2 survivors (2048K)
 Metaspace       used 140593K, committed 141632K, reserved 1179648K
  class space    used 18263K, committed 18752K, reserved 1048576K
}
Event: 420.672 GC heap after
{Heap after GC invocations=63 (full 0):
 garbage-first heap   total 275456K, used 170753K [0x0000000080000000, 0x0000000100000000)
  region size 1024K, 3 young (3072K), 3 survivors (3072K)
 Metaspace       used 140593K, committed 141632K, reserved 1179648K
  class space    used 18263K, committed 18752K, reserved 1048576K
}

Dll operation events (2 events):
Event: 0.008 Loaded shared library C:\Program Files\Android\Android Studio\jbr\bin\java.dll
Event: 0.598 Loaded shared library C:\Program Files\Android\Android Studio\jbr\bin\verify.dll

Deoptimization events (20 events):
Event: 421.046 Thread 0x000002817e5f6b80 DEOPT PACKING pc=0x00000281628589d4 sp=0x000000b20e6fc460
Event: 421.046 Thread 0x000002817e5f6b80 DEOPT UNPACKING pc=0x0000028168eb7143 sp=0x000000b20e6fb9e8 mode 0
Event: 421.059 Thread 0x000002817e5f6b80 Uncommon trap: trap_request=0xffffff45 fr.pc=0x000002816a250bc0 relative=0x0000000000004020
Event: 421.059 Thread 0x000002817e5f6b80 Uncommon trap: reason=unstable_if action=reinterpret pc=0x000002816a250bc0 method=com.android.tools.r8.internal.xW.v()Lcom/android/tools/r8/internal/xW; @ 6 c2
Event: 421.059 Thread 0x000002817e5f6b80 DEOPT PACKING pc=0x000002816a250bc0 sp=0x000000b20e6fc010
Event: 421.059 Thread 0x000002817e5f6b80 DEOPT UNPACKING pc=0x0000028168eb69a3 sp=0x000000b20e6fc020 mode 2
Event: 421.065 Thread 0x000002817e5f6b80 DEOPT PACKING pc=0x0000028161c2a72a sp=0x000000b20e6fc190
Event: 421.065 Thread 0x000002817e5f6b80 DEOPT UNPACKING pc=0x0000028168eb7143 sp=0x000000b20e6fb6a0 mode 0
Event: 421.074 Thread 0x000002817e15c3f0 Uncommon trap: trap_request=0xffffff45 fr.pc=0x000002816987b47c relative=0x0000000000001a9c
Event: 421.074 Thread 0x000002817e15c3f0 Uncommon trap: reason=unstable_if action=reinterpret pc=0x000002816987b47c method=java.util.TimSort.countRunAndMakeAscending([Ljava/lang/Object;IILjava/util/Comparator;)I @ 27 c2
Event: 421.074 Thread 0x000002817e15c3f0 DEOPT PACKING pc=0x000002816987b47c sp=0x000000b20defb670
Event: 421.074 Thread 0x000002817e15c3f0 DEOPT UNPACKING pc=0x0000028168eb69a3 sp=0x000000b20defb5a8 mode 2
Event: 421.147 Thread 0x000002817e5f6b80 Uncommon trap: trap_request=0xffffffde fr.pc=0x000002816a21db44 relative=0x00000000000057a4
Event: 421.147 Thread 0x000002817e5f6b80 Uncommon trap: reason=class_check action=maybe_recompile pc=0x000002816a21db44 method=com.android.tools.r8.ir.optimize.i0.a(Lcom/android/tools/r8/internal/Rm;)Z @ 91 c2
Event: 421.147 Thread 0x000002817e5f6b80 DEOPT PACKING pc=0x000002816a21db44 sp=0x000000b20e6fc3a0
Event: 421.147 Thread 0x000002817e5f6b80 DEOPT UNPACKING pc=0x0000028168eb69a3 sp=0x000000b20e6fc398 mode 2
Event: 421.147 Thread 0x000002817e5f6b80 Uncommon trap: trap_request=0xffffffde fr.pc=0x000002816a21db44 relative=0x00000000000057a4
Event: 421.147 Thread 0x000002817e5f6b80 Uncommon trap: reason=class_check action=maybe_recompile pc=0x000002816a21db44 method=com.android.tools.r8.ir.optimize.i0.a(Lcom/android/tools/r8/internal/Rm;)Z @ 91 c2
Event: 421.147 Thread 0x000002817e5f6b80 DEOPT PACKING pc=0x000002816a21db44 sp=0x000000b20e6fc3a0
Event: 421.147 Thread 0x000002817e5f6b80 DEOPT UNPACKING pc=0x0000028168eb69a3 sp=0x000000b20e6fc398 mode 2

Classes unloaded (4 events):
Event: 12.238 Thread 0x0000028177a033c0 Unloading class 0x0000000100ba4c00 'java/lang/invoke/LambdaForm$DMH+0x0000000100ba4c00'
Event: 12.238 Thread 0x0000028177a033c0 Unloading class 0x0000000100ba4800 'java/lang/invoke/LambdaForm$DMH+0x0000000100ba4800'
Event: 12.238 Thread 0x0000028177a033c0 Unloading class 0x0000000100ba4400 'java/lang/invoke/LambdaForm$DMH+0x0000000100ba4400'
Event: 410.952 Thread 0x0000028177a033c0 Unloading class 0x0000000100d20400 'jdk/internal/reflect/GeneratedSerializationConstructorAccessor75'

Classes redefined (0 events):
No events

Internal exceptions (20 events):
Event: 417.893 Thread 0x000002817b612ec0 Exception <a 'java/lang/NoSuchMethodError'{0x0000000090a0cb90}: 'java.lang.Object java.lang.invoke.DirectMethodHandle$Holder.invokeStaticInit(java.lang.Object, java.lang.Object, long, java.lang.Object)'> (0x0000000090a0cb90) 
thrown [s\src\hotspot\share\interpreter\linkResolver.cpp, line 771]
Event: 418.106 Thread 0x000002817e15ef40 Exception <a 'sun/nio/fs/WindowsException'{0x000000009004f160}> (0x000000009004f160) 
thrown [s\src\hotspot\share\prims\jni.cpp, line 517]
Event: 418.113 Thread 0x000002817e15ef40 Exception <a 'sun/nio/fs/WindowsException'{0x00000000900fceb0}> (0x00000000900fceb0) 
thrown [s\src\hotspot\share\prims\jni.cpp, line 517]
Event: 418.171 Thread 0x000002817e15ef40 Exception <a 'sun/nio/fs/WindowsException'{0x000000008fe8aa88}> (0x000000008fe8aa88) 
thrown [s\src\hotspot\share\prims\jni.cpp, line 517]
Event: 418.171 Thread 0x000002817e15ef40 Exception <a 'sun/nio/fs/WindowsException'{0x000000008fe8b930}> (0x000000008fe8b930) 
thrown [s\src\hotspot\share\prims\jni.cpp, line 517]
Event: 418.171 Thread 0x000002817e15ef40 Exception <a 'sun/nio/fs/WindowsException'{0x000000008fe8b9a0}> (0x000000008fe8b9a0) 
thrown [s\src\hotspot\share\prims\jni.cpp, line 517]
Event: 418.171 Thread 0x000002817e15ef40 Exception <a 'sun/nio/fs/WindowsException'{0x000000008fe8bda8}> (0x000000008fe8bda8) 
thrown [s\src\hotspot\share\prims\jni.cpp, line 517]
Event: 418.179 Thread 0x000002817e15ef40 Exception <a 'sun/nio/fs/WindowsException'{0x000000008fe8db90}> (0x000000008fe8db90) 
thrown [s\src\hotspot\share\prims\jni.cpp, line 517]
Event: 418.307 Thread 0x000002817e15ef40 Exception <a 'sun/nio/fs/WindowsException'{0x000000008feaccb0}> (0x000000008feaccb0) 
thrown [s\src\hotspot\share\prims\jni.cpp, line 517]
Event: 418.307 Thread 0x000002817e15ef40 Exception <a 'sun/nio/fs/WindowsException'{0x000000008feadb78}> (0x000000008feadb78) 
thrown [s\src\hotspot\share\prims\jni.cpp, line 517]
Event: 418.307 Thread 0x000002817e15ef40 Exception <a 'sun/nio/fs/WindowsException'{0x000000008feadbe8}> (0x000000008feadbe8) 
thrown [s\src\hotspot\share\prims\jni.cpp, line 517]
Event: 418.307 Thread 0x000002817e15ef40 Exception <a 'sun/nio/fs/WindowsException'{0x000000008feae050}> (0x000000008feae050) 
thrown [s\src\hotspot\share\prims\jni.cpp, line 517]
Event: 418.448 Thread 0x000002817b612ec0 Exception <a 'java/lang/NoSuchMethodError'{0x000000008e2824a8}: 'int java.lang.invoke.DirectMethodHandle$Holder.invokeSpecialIFC(java.lang.Object, java.lang.Object, java.lang.Object)'> (0x000000008e2824a8) 
thrown [s\src\hotspot\share\interpreter\linkResolver.cpp, line 771]
Event: 418.812 Thread 0x000002817e5f6b80 Exception <a 'java/lang/NoSuchMethodError'{0x000000008f51fe60}: 'void java.lang.invoke.DirectMethodHandle$Holder.invokeSpecial(java.lang.Object, java.lang.Object, java.lang.Object, java.lang.Object, java.lang.Object, java.lang.Object, java.lang.Object, java.lang.Object, java.lang.Object, java.lang.Object)'> (0x000000008f51fe60) 
thrown [s\src\hotspot\share\interpreter\linkResolver.cpp, line 771]
Event: 418.813 Thread 0x000002817e5f6b80 Exception <a 'java/lang/NoSuchMethodError'{0x000000008f52b960}: 'java.lang.Object java.lang.invoke.DirectMethodHandle$Holder.newInvokeSpecial(java.lang.Object, java.lang.Object, java.lang.Object, java.lang.Object, java.lang.Object, java.lang.Object, java.lang.Object, java.lang.Object, java.lang.Object)'> (0x000000008f52b960) 
thrown [s\src\hotspot\share\interpreter\linkResolver.cpp, line 771]
Event: 418.814 Thread 0x000002817e5f6b80 Exception <a 'java/lang/NoSuchMethodError'{0x000000008f530c50}: 'java.lang.Object java.lang.invoke.DirectMethodHandle$Holder.invokeSpecial(java.lang.Object, java.lang.Object, java.lang.Object, java.lang.Object, java.lang.Object, java.lang.Object, java.lang.Object, java.lang.Object, java.lang.Object, java.lang.Object)'> (0x000000008f530c50) 
thrown [s\src\hotspot\share\interpreter\linkResolver.cpp, line 771]
Event: 418.814 Thread 0x000002817e5f6b80 Exception <a 'java/lang/NoSuchMethodError'{0x000000008f535398}: 'java.lang.Object java.lang.invoke.Invokers$Holder.linkToTargetMethod(java.lang.Object, java.lang.Object, java.lang.Object, java.lang.Object, java.lang.Object, java.lang.Object, java.lang.Object, java.lang.Object, java.lang.Object)'> (0x000000008f535398) 
thrown [s\src\hotspot\share\interpreter\linkResolver.cpp, line 771]
Event: 419.186 Thread 0x000002817e5f6b80 Implicit null exception at 0x0000028169898a70 to 0x0000028169898b5c
Event: 419.449 Thread 0x000002817e5f6b80 Exception <a 'java/lang/NoSuchMethodError'{0x000000008ff72d80}: 'int java.lang.invoke.DirectMethodHandle$Holder.invokeStatic(java.lang.Object, java.lang.Object, int, java.lang.Object)'> (0x000000008ff72d80) 
thrown [s\src\hotspot\share\interpreter\linkResolver.cpp, line 771]
Event: 419.554 Thread 0x000002817e5f6b80 Exception <a 'java/lang/NoSuchMethodError'{0x000000008f34ac70}: 'int java.lang.invoke.DirectMethodHandle$Holder.invokeInterface(java.lang.Object, java.lang.Object, int)'> (0x000000008f34ac70) 
thrown [s\src\hotspot\share\interpreter\linkResolver.cpp, line 771]

VM Operations (20 events):
Event: 419.433 Executing VM operation: HandshakeAllThreads
Event: 419.433 Executing VM operation: HandshakeAllThreads done
Event: 419.489 Executing VM operation: ICBufferFull
Event: 419.489 Executing VM operation: ICBufferFull done
Event: 419.496 Executing VM operation: HandshakeAllThreads
Event: 419.496 Executing VM operation: HandshakeAllThreads done
Event: 419.699 Executing VM operation: ICBufferFull
Event: 419.699 Executing VM operation: ICBufferFull done
Event: 419.770 Executing VM operation: G1CollectForAllocation
Event: 419.775 Executing VM operation: G1CollectForAllocation done
Event: 420.154 Executing VM operation: G1CollectForAllocation
Event: 420.157 Executing VM operation: G1CollectForAllocation done
Event: 420.514 Executing VM operation: HandshakeAllThreads
Event: 420.514 Executing VM operation: HandshakeAllThreads done
Event: 420.668 Executing VM operation: G1CollectForAllocation
Event: 420.673 Executing VM operation: G1CollectForAllocation done
Event: 421.165 Executing VM operation: HandshakeAllThreads
Event: 421.166 Executing VM operation: HandshakeAllThreads done
Event: 421.166 Executing VM operation: HandshakeAllThreads
Event: 421.166 Executing VM operation: HandshakeAllThreads done

Events (20 events):
Event: 421.182 Thread 0x000002817845cb40 flushing nmethod 0x0000028162890a90
Event: 421.187 Thread 0x000002817845cb40 flushing nmethod 0x00000281630eba10
Event: 421.187 Thread 0x000002817845cb40 flushing nmethod 0x00000281630ec190
Event: 421.187 Thread 0x000002817845cb40 flushing nmethod 0x00000281630f6b90
Event: 421.187 Thread 0x000002817845cb40 flushing nmethod 0x00000281630f7e10
Event: 421.187 Thread 0x000002817845cb40 flushing nmethod 0x00000281630fb810
Event: 421.187 Thread 0x000002817845cb40 flushing nmethod 0x00000281630fd990
Event: 421.187 Thread 0x000002817845cb40 flushing nmethod 0x0000028163110110
Event: 421.187 Thread 0x000002817845cb40 flushing nmethod 0x0000028163110f90
Event: 421.187 Thread 0x000002817845cb40 flushing nmethod 0x0000028163130010
Event: 421.187 Thread 0x000002817845cb40 flushing nmethod 0x0000028163169290
Event: 421.187 Thread 0x000002817845cb40 flushing nmethod 0x000002816316af10
Event: 421.188 Thread 0x000002817845cb40 flushing nmethod 0x000002816321f290
Event: 421.190 Thread 0x000002817845cb40 flushing nmethod 0x0000028163592990
Event: 421.190 Thread 0x000002817845cb40 flushing nmethod 0x0000028163593210
Event: 421.190 Thread 0x000002817845cb40 flushing nmethod 0x0000028163593590
Event: 421.190 Thread 0x000002817845cb40 flushing nmethod 0x0000028163596810
Event: 421.190 Thread 0x000002817845cb40 flushing nmethod 0x00000281635a0390
Event: 421.196 Thread 0x000002817845cb40 flushing nmethod 0x0000028164100510
Event: 421.197 Thread 0x000002817845cb40 flushing nmethod 0x0000028164191a90


Dynamic libraries:
0x00007ff6a5be0000 - 0x00007ff6a5bea000 	C:\Program Files\Android\Android Studio\jbr\bin\java.exe
0x00007ffc2edb0000 - 0x00007ffc2efa8000 	C:\WINDOWS\SYSTEM32\ntdll.dll
0x00007ffc2eb10000 - 0x00007ffc2ebcf000 	C:\WINDOWS\System32\KERNEL32.DLL
0x00007ffc2c9c0000 - 0x00007ffc2ccb6000 	C:\WINDOWS\System32\KERNELBASE.dll
0x00007ffc2c8c0000 - 0x00007ffc2c9c0000 	C:\WINDOWS\System32\ucrtbase.dll
0x00007ffc0fc80000 - 0x00007ffc0fc97000 	C:\Program Files\Android\Android Studio\jbr\bin\jli.dll
0x00007ffc107e0000 - 0x00007ffc107fb000 	C:\Program Files\Android\Android Studio\jbr\bin\VCRUNTIME140.dll
0x00007ffc2ebd0000 - 0x00007ffc2ed6d000 	C:\WINDOWS\System32\USER32.dll
0x00007ffc2c6a0000 - 0x00007ffc2c6c2000 	C:\WINDOWS\System32\win32u.dll
0x00007ffc124a0000 - 0x00007ffc1273a000 	C:\WINDOWS\WinSxS\amd64_microsoft.windows.common-controls_6595b64144ccf1df_6.0.19041.1110_none_60b5254171f9507e\COMCTL32.dll
0x00007ffc2ea10000 - 0x00007ffc2ea3c000 	C:\WINDOWS\System32\GDI32.dll
0x00007ffc2d440000 - 0x00007ffc2d4de000 	C:\WINDOWS\System32\msvcrt.dll
0x00007ffc2ccc0000 - 0x00007ffc2cdd5000 	C:\WINDOWS\System32\gdi32full.dll
0x00007ffc2c820000 - 0x00007ffc2c8bd000 	C:\WINDOWS\System32\msvcp_win.dll
0x00007ffc2e0a0000 - 0x00007ffc2e0d0000 	C:\WINDOWS\System32\IMM32.DLL
0x00007ffc1a2b0000 - 0x00007ffc1a2bc000 	C:\Program Files\Android\Android Studio\jbr\bin\vcruntime140_1.dll
0x00007ffc08fd0000 - 0x00007ffc0905d000 	C:\Program Files\Android\Android Studio\jbr\bin\msvcp140.dll
0x00007ffbc8ab0000 - 0x00007ffbc971e000 	C:\Program Files\Android\Android Studio\jbr\bin\server\jvm.dll
0x00007ffc2e200000 - 0x00007ffc2e2af000 	C:\WINDOWS\System32\ADVAPI32.dll
0x00007ffc2ce10000 - 0x00007ffc2ceac000 	C:\WINDOWS\System32\sechost.dll
0x00007ffc2dcf0000 - 0x00007ffc2de16000 	C:\WINDOWS\System32\RPCRT4.dll
0x00007ffc0ae40000 - 0x00007ffc0ae49000 	C:\WINDOWS\SYSTEM32\WSOCK32.dll
0x00007ffc24090000 - 0x00007ffc240b7000 	C:\WINDOWS\SYSTEM32\WINMM.dll
0x00007ffc2e940000 - 0x00007ffc2e9ab000 	C:\WINDOWS\System32\WS2_32.dll
0x00007ffc259b0000 - 0x00007ffc259ba000 	C:\WINDOWS\SYSTEM32\VERSION.dll
0x00007ffc2a350000 - 0x00007ffc2a362000 	C:\WINDOWS\SYSTEM32\kernel.appcore.dll
0x00007ffc28030000 - 0x00007ffc2803a000 	C:\Program Files\Android\Android Studio\jbr\bin\jimage.dll
0x00007ffc25b30000 - 0x00007ffc25d14000 	C:\WINDOWS\SYSTEM32\DBGHELP.DLL
0x00007ffc20360000 - 0x00007ffc20394000 	C:\WINDOWS\SYSTEM32\dbgcore.DLL
0x00007ffc2c6d0000 - 0x00007ffc2c752000 	C:\WINDOWS\System32\bcryptPrimitives.dll
0x00007ffc1d300000 - 0x00007ffc1d325000 	C:\Program Files\Android\Android Studio\jbr\bin\java.dll
0x00007ffc1d010000 - 0x00007ffc1d028000 	C:\Program Files\Android\Android Studio\jbr\bin\zip.dll
0x00007ffc2d5a0000 - 0x00007ffc2dce4000 	C:\WINDOWS\System32\SHELL32.dll
0x00007ffc2a550000 - 0x00007ffc2ace3000 	C:\WINDOWS\SYSTEM32\windows.storage.dll
0x00007ffc2e550000 - 0x00007ffc2e8a4000 	C:\WINDOWS\System32\combase.dll
0x00007ffc2be00000 - 0x00007ffc2be2e000 	C:\WINDOWS\SYSTEM32\Wldp.dll
0x00007ffc2dfd0000 - 0x00007ffc2e07d000 	C:\WINDOWS\System32\SHCORE.dll
0x00007ffc2e9b0000 - 0x00007ffc2ea05000 	C:\WINDOWS\System32\shlwapi.dll
0x00007ffc2c3c0000 - 0x00007ffc2c3e5000 	C:\WINDOWS\SYSTEM32\profapi.dll
0x00007ffc12930000 - 0x00007ffc12949000 	C:\Program Files\Android\Android Studio\jbr\bin\net.dll
0x00007ffc25a20000 - 0x00007ffc25b2a000 	C:\WINDOWS\SYSTEM32\WINHTTP.dll
0x00007ffc2bb60000 - 0x00007ffc2bbca000 	C:\WINDOWS\system32\mswsock.dll
0x00007ffc0fca0000 - 0x00007ffc0fcb6000 	C:\Program Files\Android\Android Studio\jbr\bin\nio.dll
0x00007ffc28020000 - 0x00007ffc28030000 	C:\Program Files\Android\Android Studio\jbr\bin\verify.dll
0x00007ffc0aff0000 - 0x00007ffc0b017000 	C:\Users\Pichau\.gradle\native\68d5fa5c4cc2d200863cafc0d521ce42e7d3e7ee720ec0a83991735586a16f82\windows-amd64\native-platform.dll
0x00007ffbf9f60000 - 0x00007ffbfa0a4000 	C:\Users\Pichau\.gradle\native\e376f236ea51e6404a007f0833ffe2c6e607c4080706a723a18a27aeea778392\windows-amd64\native-platform-file-events.dll
0x00007ffc27fd0000 - 0x00007ffc27fd9000 	C:\Program Files\Android\Android Studio\jbr\bin\management.dll
0x00007ffc21470000 - 0x00007ffc2147b000 	C:\Program Files\Android\Android Studio\jbr\bin\management_ext.dll
0x00007ffc2e930000 - 0x00007ffc2e938000 	C:\WINDOWS\System32\PSAPI.DLL
0x00007ffc2bd50000 - 0x00007ffc2bd68000 	C:\WINDOWS\SYSTEM32\CRYPTSP.dll
0x00007ffc2b470000 - 0x00007ffc2b4a4000 	C:\WINDOWS\system32\rsaenh.dll
0x00007ffc2cde0000 - 0x00007ffc2ce07000 	C:\WINDOWS\System32\bcrypt.dll
0x00007ffc2c340000 - 0x00007ffc2c36e000 	C:\WINDOWS\SYSTEM32\USERENV.dll
0x00007ffc2bd70000 - 0x00007ffc2bd7c000 	C:\WINDOWS\SYSTEM32\CRYPTBASE.dll
0x00007ffc2b850000 - 0x00007ffc2b88b000 	C:\WINDOWS\SYSTEM32\IPHLPAPI.DLL
0x00007ffc2e080000 - 0x00007ffc2e088000 	C:\WINDOWS\System32\NSI.dll
0x00007ffc269b0000 - 0x00007ffc269c7000 	C:\WINDOWS\SYSTEM32\dhcpcsvc6.DLL
0x00007ffc26990000 - 0x00007ffc269ad000 	C:\WINDOWS\SYSTEM32\dhcpcsvc.DLL
0x00007ffc2b890000 - 0x00007ffc2b95a000 	C:\WINDOWS\SYSTEM32\DNSAPI.dll
0x00007ffc12920000 - 0x00007ffc12927000 	C:\WINDOWS\system32\wshunix.dll
0x00007ffc2b590000 - 0x00007ffc2b5c3000 	C:\WINDOWS\SYSTEM32\ntmarta.dll

dbghelp: loaded successfully - version: 4.0.5 - missing functions: none
symbol engine: initialized successfully - sym options: 0x614 - pdb path: .;C:\Program Files\Android\Android Studio\jbr\bin;C:\WINDOWS\SYSTEM32;C:\WINDOWS\WinSxS\amd64_microsoft.windows.common-controls_6595b64144ccf1df_6.0.19041.1110_none_60b5254171f9507e;C:\Program Files\Android\Android Studio\jbr\bin\server;C:\Users\Pichau\.gradle\native\68d5fa5c4cc2d200863cafc0d521ce42e7d3e7ee720ec0a83991735586a16f82\windows-amd64;C:\Users\Pichau\.gradle\native\e376f236ea51e6404a007f0833ffe2c6e607c4080706a723a18a27aeea778392\windows-amd64

VM Arguments:
jvm_args: --add-opens=java.base/java.util=ALL-UNNAMED --add-opens=java.base/java.lang=ALL-UNNAMED --add-opens=java.base/java.lang.invoke=ALL-UNNAMED --add-opens=java.prefs/java.util.prefs=ALL-UNNAMED --add-opens=java.base/java.nio.charset=ALL-UNNAMED --add-opens=java.base/java.net=ALL-UNNAMED --add-opens=java.base/java.util.concurrent.atomic=ALL-UNNAMED -Xmx2048m -Dfile.encoding=UTF-8 -Duser.country=BR -Duser.language=pt -Duser.variant 
java_command: org.gradle.launcher.daemon.bootstrap.GradleDaemon 8.0
java_class_path (initial): C:\Users\Pichau\.gradle\wrapper\dists\gradle-8.0-bin\ca5e32bp14vu59qr306oxotwh\gradle-8.0\lib\gradle-launcher-8.0.jar
Launcher Type: SUN_STANDARD

[Global flags]
     intx CICompilerCount                          = 3                                         {product} {ergonomic}
     uint ConcGCThreads                            = 1                                         {product} {ergonomic}
     uint G1ConcRefinementThreads                  = 4                                         {product} {ergonomic}
   size_t G1HeapRegionSize                         = 1048576                                   {product} {ergonomic}
    uintx GCDrainStackTargetSize                   = 64                                        {product} {ergonomic}
   size_t InitialHeapSize                          = 234881024                                 {product} {ergonomic}
   size_t MarkStackSize                            = 4194304                                   {product} {ergonomic}
   size_t MaxHeapSize                              = 2147483648                                {product} {command line}
   size_t MaxNewSize                               = 1287651328                                {product} {ergonomic}
   size_t MinHeapDeltaBytes                        = 1048576                                   {product} {ergonomic}
   size_t MinHeapSize                              = 8388608                                   {product} {ergonomic}
    uintx NonNMethodCodeHeapSize                   = 5832780                                {pd product} {ergonomic}
    uintx NonProfiledCodeHeapSize                  = 122912730                              {pd product} {ergonomic}
    uintx ProfiledCodeHeapSize                     = 122912730                              {pd product} {ergonomic}
    uintx ReservedCodeCacheSize                    = 251658240                              {pd product} {ergonomic}
     bool SegmentedCodeCache                       = true                                      {product} {ergonomic}
   size_t SoftMaxHeapSize                          = 2147483648                             {manageable} {ergonomic}
     bool UseCompressedClassPointers               = true                           {product lp64_product} {ergonomic}
     bool UseCompressedOops                        = true                           {product lp64_product} {ergonomic}
     bool UseG1GC                                  = true                                      {product} {ergonomic}
     bool UseLargePagesIndividualAllocation        = false                                  {pd product} {ergonomic}

Logging:
Log output configuration:
 #0: stdout all=warning uptime,level,tags
 #1: stderr all=off uptime,level,tags

Environment Variables:
PATH=C:\WINDOWS\system32;C:\WINDOWS;C:\WINDOWS\System32\Wbem;C:\WINDOWS\System32\WindowsPowerShell\v1.0\;C:\WINDOWS\System32\OpenSSH\;C:\Program Files\Microsoft SQL Server\150\Tools\Binn\;C:\Program Files\Microsoft SQL Server\Client SDK\ODBC\170\Tools\Binn\;C:\Program Files\dotnet\;C:\Program Files\Microsoft SQL Server\Client SDK\ODBC\110\Tools\Binn\;C:\Program Files (x86)\Microsoft SQL Server\120\Tools\Binn\;C:\Program Files\Microsoft SQL Server\120\Tools\Binn\;C:\Program Files\Microsoft SQL Server\120\DTS\Binn\;C:\Program Files (x86)\Microsoft SQL Server\120\Tools\Binn\ManagementStudio\;C:\Program Files (x86)\Microsoft SQL Server\120\DTS\Binn\;C:\Users\Pichau\AppData\Local\Microsoft\WindowsApps;;C:\Users\Pichau\AppData\Local\Programs\Microsoft VS Code\bin;C:\Users\Pichau\.dotnet\tools
USERNAME=Tho
OS=Windows_NT
PROCESSOR_IDENTIFIER=AMD64 Family 23 Model 17 Stepping 0, AuthenticAMD
TMP=C:\Users\Pichau\AppData\Local\Temp
TEMP=C:\Users\Pichau\AppData\Local\Temp


JNI global refs:
JNI global refs: 27, weak refs: 36

JNI global refs memory usage: 843, weak refs: 841


---------------  S Y S T E M  ---------------

OS:
 Windows 10 , 64 bit Build 19041 (10.0.19041.3155)
OS uptime: 0 days 6:29 hours

CPU: total 4 (initial active 4) (4 cores per cpu, 1 threads per core) family 23 model 17 stepping 0 microcode 0x0, cx8, cmov, fxsr, mmx, 3dnowpref, sse, sse2, sse3, ssse3, sse4a, sse4.1, sse4.2, popcnt, lzcnt, tsc, tscinvbit, avx, avx2, aes, clmul, bmi1, bmi2, adx, sha, fma, vzeroupper, clflush, clflushopt

Memory: 4k page, system-wide physical 14264M (3121M free)
TotalPageFile size 14264M (AvailPageFile size 6M)
current process WorkingSet (physical memory assigned to process): 651M, peak: 652M
current process commit charge ("private bytes"): 677M, peak: 679M

vm_info: OpenJDK 64-Bit Server VM (17.0.6+0-b2043.56-10027231) for windows-amd64 JRE (17.0.6+0-b2043.56-10027231), built on Apr 28 2023 00:43:19 by "androidbuild" with MS VC++ 16.10 / 16.11 (VS2019)

END.
