#
# There is insufficient memory for the Java Runtime Environment to continue.
# Native memory allocation (mmap) failed to map 283115520 bytes for G1 virtual space
# Possible reasons:
#   The system is out of physical RAM or swap space
#   The process is running with CompressedOops enabled, and the Java Heap may be blocking the growth of the native heap
# Possible solutions:
#   Reduce memory load on the system
#   Increase physical memory or swap space
#   Check if swap backing store is full
#   Decrease Java heap size (-Xmx/-Xms)
#   Decrease number of Java threads
#   Decrease Java thread stack sizes (-Xss)
#   Set larger code cache with -XX:ReservedCodeCacheSize=
#   JVM is running with Unscaled Compressed Oops mode in which the Java heap is
#     placed in the first 4GB address space. The Java Heap base address is the
#     maximum limit for the native heap growth. Please use -XX:HeapBaseMinAddress
#     to set the Java Heap base and to place the Java Heap above 4GB virtual address.
# This output file may be truncated or incomplete.
#
#  Out of Memory Error (os_windows.cpp:3769), pid=8184, tid=6656
#
# JRE version: OpenJDK Runtime Environment (17.0.6) (build 17.0.6+0-b2043.56-10027231)
# Java VM: OpenJDK 64-Bit Server VM (17.0.6+0-b2043.56-10027231, mixed mode, tiered, compressed oops, compressed class ptrs, g1 gc, windows-amd64)
# No core dump will be written. Minidumps are not enabled by default on client versions of Windows
#

---------------  S U M M A R Y ------------

Command Line: --add-opens=java.base/java.util=ALL-UNNAMED --add-opens=java.base/java.lang=ALL-UNNAMED --add-opens=java.base/java.lang.invoke=ALL-UNNAMED --add-opens=java.prefs/java.util.prefs=ALL-UNNAMED --add-opens=java.base/java.nio.charset=ALL-UNNAMED --add-opens=java.base/java.net=ALL-UNNAMED --add-opens=java.base/java.util.concurrent.atomic=ALL-UNNAMED -Xmx2048m -Dfile.encoding=UTF-8 -Duser.country=BR -Duser.language=pt -Duser.variant org.gradle.launcher.daemon.bootstrap.GradleDaemon 8.0

Host: AMD Ryzen 3 2200G with Radeon Vega Graphics    , 4 cores, 13G,  Windows 10 , 64 bit Build 19041 (10.0.19041.3155)
Time: Sun Aug 27 15:38:09 2023 Hora oficial do Brasil elapsed time: 250.427039 seconds (0d 0h 4m 10s)

---------------  T H R E A D  ---------------

Current thread (0x000002b72816d270):  VMThread "VM Thread" [stack: 0x000000ed84f00000,0x000000ed85000000] [id=6656]

Stack: [0x000000ed84f00000,0x000000ed85000000]
Native frames: (J=compiled Java code, j=interpreted, Vv=VM code, C=native code)
V  [jvm.dll+0x683c9a]
V  [jvm.dll+0x8427a4]
V  [jvm.dll+0x843f9e]
V  [jvm.dll+0x844603]
V  [jvm.dll+0x249b75]
V  [jvm.dll+0x680b69]
V  [jvm.dll+0x67505a]
V  [jvm.dll+0x309acb]
V  [jvm.dll+0x310f86]
V  [jvm.dll+0x3608ee]
V  [jvm.dll+0x360b1f]
V  [jvm.dll+0x2dfbf8]
V  [jvm.dll+0x2ddec4]
V  [jvm.dll+0x2dd4cc]
V  [jvm.dll+0x322261]
V  [jvm.dll+0x848ccb]
V  [jvm.dll+0x849a04]
V  [jvm.dll+0x849f1d]
V  [jvm.dll+0x84a2f4]
V  [jvm.dll+0x84a3c0]
V  [jvm.dll+0x7f274a]
V  [jvm.dll+0x682ad5]
C  [ucrtbase.dll+0x21bb2]
C  [KERNEL32.DLL+0x17614]
C  [ntdll.dll+0x526b1]

VM_Operation (0x000000ed8a1f7100): G1TryInitiateConcMark, mode: safepoint, requested by thread 0x000002b72ed16390


---------------  P R O C E S S  ---------------

Threads class SMR info:
_java_thread_list=0x000002b729f0cd00, length=93, elements={
0x000002b70cc3c2f0, 0x000002b728171ff0, 0x000002b728173d90, 0x000002b728c091a0,
0x000002b728c09a60, 0x000002b728c0a730, 0x000002b728c0b710, 0x000002b728c0c3b0,
0x000002b728c0f170, 0x000002b72818df50, 0x000002b728dee230, 0x000002b728df0920,
0x000002b72a218f10, 0x000002b72b21b090, 0x000002b72bc79fc0, 0x000002b729180100,
0x000002b72917e8f0, 0x000002b72917f290, 0x000002b72917fc30, 0x000002b72917f760,
0x000002b729180aa0, 0x000002b72b74a2f0, 0x000002b72b747c70, 0x000002b72b7472d0,
0x000002b72b745f90, 0x000002b72b748140, 0x000002b72b948490, 0x000002b72b945470,
0x000002b735acdb60, 0x000002b72e9eb690, 0x000002b72e9e94e0, 0x000002b72e9ec030,
0x000002b72e9e9010, 0x000002b7310fe4e0, 0x000002b731100690, 0x000002b7310fe9b0,
0x000002b7310ff350, 0x000002b7310ff820, 0x000002b731100b60, 0x000002b731101500,
0x000002b7310fe010, 0x000002b7310ffcf0, 0x000002b72d59f140, 0x000002b72b94be50,
0x000002b72b948960, 0x000002b72b94afe0, 0x000002b72b94c7f0, 0x000002b72b944fa0,
0x000002b72b945940, 0x000002b72b945e10, 0x000002b72b949300, 0x000002b72b949ca0,
0x000002b72b9462e0, 0x000002b731533d70, 0x000002b731538f40, 0x000002b731535f20,
0x000002b731536d90, 0x000002b731537260, 0x000002b7315380d0, 0x000002b731538a70,
0x000002b731539410, 0x000002b7315398e0, 0x000002b7315338a0, 0x000002b7315333d0,
0x000002b731534240, 0x000002b7315350b0, 0x000002b731535a50, 0x000002b7315368c0,
0x000002b72b746460, 0x000002b72b7442b0, 0x000002b72b748ae0, 0x000002b72b742aa0,
0x000002b72b744c50, 0x000002b72b749950, 0x000002b72b742f70, 0x000002b72b745120,
0x000002b72b749480, 0x000002b72b743440, 0x000002b72b748fb0, 0x000002b72b745ac0,
0x000002b72b749e20, 0x000002b72b746930, 0x000002b72917df50, 0x000002b72ed15520,
0x000002b72ed16390, 0x000002b731101030, 0x000002b7311019d0, 0x000002b7335253e0,
0x000002b72e9ec9d0, 0x000002b72e9e9e80, 0x000002b72e9ec500, 0x000002b72e9eacf0,
0x000002b72e9ea350
}

Java Threads: ( => current thread )
  0x000002b70cc3c2f0 JavaThread "main" [_thread_blocked, id=1792, stack(0x000000ed84900000,0x000000ed84a00000)]
  0x000002b728171ff0 JavaThread "Reference Handler" daemon [_thread_blocked, id=2916, stack(0x000000ed85000000,0x000000ed85100000)]
  0x000002b728173d90 JavaThread "Finalizer" daemon [_thread_blocked, id=6676, stack(0x000000ed85100000,0x000000ed85200000)]
  0x000002b728c091a0 JavaThread "Signal Dispatcher" daemon [_thread_blocked, id=9724, stack(0x000000ed85200000,0x000000ed85300000)]
  0x000002b728c09a60 JavaThread "Attach Listener" daemon [_thread_blocked, id=9032, stack(0x000000ed85300000,0x000000ed85400000)]
  0x000002b728c0a730 JavaThread "Service Thread" daemon [_thread_blocked, id=10416, stack(0x000000ed85400000,0x000000ed85500000)]
  0x000002b728c0b710 JavaThread "Monitor Deflation Thread" daemon [_thread_blocked, id=10536, stack(0x000000ed85500000,0x000000ed85600000)]
  0x000002b728c0c3b0 JavaThread "C2 CompilerThread0" daemon [_thread_blocked, id=536, stack(0x000000ed85600000,0x000000ed85700000)]
  0x000002b728c0f170 JavaThread "C1 CompilerThread0" daemon [_thread_blocked, id=9912, stack(0x000000ed85700000,0x000000ed85800000)]
  0x000002b72818df50 JavaThread "Sweeper thread" daemon [_thread_blocked, id=4540, stack(0x000000ed85800000,0x000000ed85900000)]
  0x000002b728dee230 JavaThread "Common-Cleaner" daemon [_thread_blocked, id=8704, stack(0x000000ed85900000,0x000000ed85a00000)]
  0x000002b728df0920 JavaThread "Notification Thread" daemon [_thread_blocked, id=9744, stack(0x000000ed85a00000,0x000000ed85b00000)]
  0x000002b72a218f10 JavaThread "Daemon health stats" [_thread_blocked, id=3004, stack(0x000000ed86000000,0x000000ed86100000)]
  0x000002b72b21b090 JavaThread "Incoming local TCP Connector on port 52968" [_thread_in_native, id=8736, stack(0x000000ed86100000,0x000000ed86200000)]
  0x000002b72bc79fc0 JavaThread "Daemon periodic checks" [_thread_blocked, id=6680, stack(0x000000ed86200000,0x000000ed86300000)]
  0x000002b729180100 JavaThread "Cache worker for journal cache (C:\Users\Pichau\.gradle\caches\journal-1)" [_thread_blocked, id=2836, stack(0x000000ed86a00000,0x000000ed86b00000)]
  0x000002b72917e8f0 JavaThread "File lock request listener" [_thread_in_native, id=7836, stack(0x000000ed86b00000,0x000000ed86c00000)]
  0x000002b72917f290 JavaThread "Cache worker for file hash cache (C:\Users\Pichau\.gradle\caches\8.0\fileHashes)" [_thread_blocked, id=6816, stack(0x000000ed86c00000,0x000000ed86d00000)]
  0x000002b72917fc30 JavaThread "File watcher server" daemon [_thread_blocked, id=6528, stack(0x000000ed86d00000,0x000000ed86e00000)]
  0x000002b72917f760 JavaThread "File watcher consumer" daemon [_thread_blocked, id=6900, stack(0x000000ed86e00000,0x000000ed86f00000)]
  0x000002b729180aa0 JavaThread "Cache worker for file content cache (C:\Users\Pichau\.gradle\caches\8.0\fileContent)" [_thread_blocked, id=7028, stack(0x000000ed87100000,0x000000ed87200000)]
  0x000002b72b74a2f0 JavaThread "Cache worker for execution history cache (C:\Users\Pichau\.gradle\caches\8.0\executionHistory)" [_thread_blocked, id=3908, stack(0x000000ed87400000,0x000000ed87500000)]
  0x000002b72b747c70 JavaThread "jar transforms" [_thread_blocked, id=9152, stack(0x000000ed85c00000,0x000000ed85d00000)]
  0x000002b72b7472d0 JavaThread "jar transforms Thread 2" [_thread_blocked, id=10552, stack(0x000000ed87600000,0x000000ed87700000)]
  0x000002b72b745f90 JavaThread "jar transforms Thread 3" [_thread_blocked, id=5376, stack(0x000000ed87700000,0x000000ed87800000)]
  0x000002b72b748140 JavaThread "jar transforms Thread 4" [_thread_blocked, id=6384, stack(0x000000ed87800000,0x000000ed87900000)]
  0x000002b72b948490 JavaThread "Memory manager" [_thread_blocked, id=1764, stack(0x000000ed8a400000,0x000000ed8a500000)]
  0x000002b72b945470 JavaThread "Cache worker for Java compile cache (C:\Users\Pichau\.gradle\caches\8.0\javaCompile)" [_thread_blocked, id=11084, stack(0x000000ed8aa00000,0x000000ed8ab00000)]
  0x000002b735acdb60 JavaThread "ForkJoinPool.commonPool-worker-4" daemon [_thread_blocked, id=10600, stack(0x000000ed8b400000,0x000000ed8b500000)]
  0x000002b72e9eb690 JavaThread "Daemon Thread 3" [_thread_blocked, id=3444, stack(0x000000ed84600000,0x000000ed84700000)]
  0x000002b72e9e94e0 JavaThread "Handler for socket connection from /127.0.0.1:52968 to /127.0.0.1:53096" [_thread_in_native, id=8320, stack(0x000000ed84700000,0x000000ed84800000)]
  0x000002b72e9ec030 JavaThread "Cancel handler" [_thread_blocked, id=6944, stack(0x000000ed84800000,0x000000ed84900000)]
  0x000002b72e9e9010 JavaThread "Daemon worker Thread 3" [_thread_blocked, id=1096, stack(0x000000ed86300000,0x000000ed86400000)]
  0x000002b7310fe4e0 JavaThread "Asynchronous log dispatcher for DefaultDaemonConnection: socket connection from /127.0.0.1:52968 to /127.0.0.1:53096" [_thread_blocked, id=10704, stack(0x000000ed86400000,0x000000ed86500000)]
  0x000002b731100690 JavaThread "Stdin handler" [_thread_blocked, id=5752, stack(0x000000ed86500000,0x000000ed86600000)]
  0x000002b7310fe9b0 JavaThread "Daemon client event forwarder" [_thread_blocked, id=9856, stack(0x000000ed86600000,0x000000ed86700000)]
  0x000002b7310ff350 JavaThread "Cache worker for checksums cache (C:\Users\Pichau\AndroidStudioProjects\Tcc_funcionario\.gradle\8.0\checksums)" [_thread_blocked, id=11152, stack(0x000000ed86700000,0x000000ed86800000)]
  0x000002b7310ff820 JavaThread "Cache worker for cache directory md-rule (C:\Users\Pichau\.gradle\caches\8.0\md-rule)" [_thread_blocked, id=2220, stack(0x000000ed86800000,0x000000ed86900000)]
  0x000002b731100b60 JavaThread "Cache worker for file hash cache (C:\Users\Pichau\AndroidStudioProjects\Tcc_funcionario\.gradle\8.0\fileHashes)" [_thread_blocked, id=10080, stack(0x000000ed86900000,0x000000ed86a00000)]
  0x000002b731101500 JavaThread "Cache worker for cache directory md-supplier (C:\Users\Pichau\.gradle\caches\8.0\md-supplier)" [_thread_blocked, id=2096, stack(0x000000ed86f00000,0x000000ed87000000)]
  0x000002b7310fe010 JavaThread "Cache worker for dependencies-accessors (C:\Users\Pichau\AndroidStudioProjects\Tcc_funcionario\.gradle\8.0\dependencies-accessors)" [_thread_blocked, id=3884, stack(0x000000ed87000000,0x000000ed87100000)]
  0x000002b7310ffcf0 JavaThread "Cache worker for Build Output Cleanup Cache (C:\Users\Pichau\AndroidStudioProjects\Tcc_funcionario\.gradle\buildOutputCleanup)" [_thread_blocked, id=5692, stack(0x000000ed87200000,0x000000ed87300000)]
  0x000002b72d59f140 JavaThread "C2 CompilerThread1" daemon [_thread_blocked, id=4168, stack(0x000000ed87300000,0x000000ed87400000)]
  0x000002b72b94be50 JavaThread "Unconstrained build operations" [_thread_blocked, id=10148, stack(0x000000ed87500000,0x000000ed87600000)]
  0x000002b72b948960 JavaThread "Unconstrained build operations Thread 2" [_thread_blocked, id=4456, stack(0x000000ed87900000,0x000000ed87a00000)]
  0x000002b72b94afe0 JavaThread "Unconstrained build operations Thread 3" [_thread_blocked, id=2948, stack(0x000000ed87a00000,0x000000ed87b00000)]
  0x000002b72b94c7f0 JavaThread "Unconstrained build operations Thread 4" [_thread_blocked, id=10472, stack(0x000000ed87b00000,0x000000ed87c00000)]
  0x000002b72b944fa0 JavaThread "Unconstrained build operations Thread 5" [_thread_blocked, id=5944, stack(0x000000ed87c00000,0x000000ed87d00000)]
  0x000002b72b945940 JavaThread "Unconstrained build operations Thread 6" [_thread_blocked, id=1936, stack(0x000000ed87d00000,0x000000ed87e00000)]
  0x000002b72b945e10 JavaThread "Unconstrained build operations Thread 7" [_thread_blocked, id=7248, stack(0x000000ed87e00000,0x000000ed87f00000)]
  0x000002b72b949300 JavaThread "Unconstrained build operations Thread 8" [_thread_blocked, id=6452, stack(0x000000ed87f00000,0x000000ed88000000)]
  0x000002b72b949ca0 JavaThread "Unconstrained build operations Thread 9" [_thread_blocked, id=3592, stack(0x000000ed88000000,0x000000ed88100000)]
  0x000002b72b9462e0 JavaThread "Unconstrained build operations Thread 10" [_thread_blocked, id=4332, stack(0x000000ed88100000,0x000000ed88200000)]
  0x000002b731533d70 JavaThread "Unconstrained build operations Thread 11" [_thread_blocked, id=7160, stack(0x000000ed88200000,0x000000ed88300000)]
  0x000002b731538f40 JavaThread "Unconstrained build operations Thread 12" [_thread_blocked, id=6560, stack(0x000000ed88300000,0x000000ed88400000)]
  0x000002b731535f20 JavaThread "Unconstrained build operations Thread 13" [_thread_blocked, id=3220, stack(0x000000ed88400000,0x000000ed88500000)]
  0x000002b731536d90 JavaThread "Unconstrained build operations Thread 14" [_thread_blocked, id=6316, stack(0x000000ed88500000,0x000000ed88600000)]
  0x000002b731537260 JavaThread "Unconstrained build operations Thread 15" [_thread_blocked, id=5908, stack(0x000000ed88600000,0x000000ed88700000)]
  0x000002b7315380d0 JavaThread "Unconstrained build operations Thread 16" [_thread_blocked, id=988, stack(0x000000ed88700000,0x000000ed88800000)]
  0x000002b731538a70 JavaThread "Unconstrained build operations Thread 17" [_thread_blocked, id=9820, stack(0x000000ed88800000,0x000000ed88900000)]
  0x000002b731539410 JavaThread "Unconstrained build operations Thread 18" [_thread_blocked, id=9680, stack(0x000000ed88900000,0x000000ed88a00000)]
  0x000002b7315398e0 JavaThread "Unconstrained build operations Thread 19" [_thread_blocked, id=10192, stack(0x000000ed88a00000,0x000000ed88b00000)]
  0x000002b7315338a0 JavaThread "Unconstrained build operations Thread 20" [_thread_blocked, id=9108, stack(0x000000ed88b00000,0x000000ed88c00000)]
  0x000002b7315333d0 JavaThread "Unconstrained build operations Thread 21" [_thread_blocked, id=10208, stack(0x000000ed88c00000,0x000000ed88d00000)]
  0x000002b731534240 JavaThread "Unconstrained build operations Thread 22" [_thread_blocked, id=5208, stack(0x000000ed88d00000,0x000000ed88e00000)]
  0x000002b7315350b0 JavaThread "Unconstrained build operations Thread 23" [_thread_blocked, id=5132, stack(0x000000ed88e00000,0x000000ed88f00000)]
  0x000002b731535a50 JavaThread "Unconstrained build operations Thread 24" [_thread_blocked, id=4460, stack(0x000000ed88f00000,0x000000ed89000000)]
  0x000002b7315368c0 JavaThread "Unconstrained build operations Thread 25" [_thread_blocked, id=1276, stack(0x000000ed89000000,0x000000ed89100000)]
  0x000002b72b746460 JavaThread "Unconstrained build operations Thread 26" [_thread_blocked, id=6808, stack(0x000000ed89100000,0x000000ed89200000)]
  0x000002b72b7442b0 JavaThread "Unconstrained build operations Thread 27" [_thread_blocked, id=2736, stack(0x000000ed89200000,0x000000ed89300000)]
  0x000002b72b748ae0 JavaThread "Unconstrained build operations Thread 28" [_thread_blocked, id=4268, stack(0x000000ed89300000,0x000000ed89400000)]
  0x000002b72b742aa0 JavaThread "Unconstrained build operations Thread 29" [_thread_blocked, id=6088, stack(0x000000ed89400000,0x000000ed89500000)]
  0x000002b72b744c50 JavaThread "Unconstrained build operations Thread 30" [_thread_blocked, id=6860, stack(0x000000ed89500000,0x000000ed89600000)]
  0x000002b72b749950 JavaThread "Unconstrained build operations Thread 31" [_thread_blocked, id=132, stack(0x000000ed89600000,0x000000ed89700000)]
  0x000002b72b742f70 JavaThread "Unconstrained build operations Thread 32" [_thread_blocked, id=9392, stack(0x000000ed89700000,0x000000ed89800000)]
  0x000002b72b745120 JavaThread "Unconstrained build operations Thread 33" [_thread_blocked, id=9292, stack(0x000000ed89800000,0x000000ed89900000)]
  0x000002b72b749480 JavaThread "Unconstrained build operations Thread 34" [_thread_blocked, id=4580, stack(0x000000ed89900000,0x000000ed89a00000)]
  0x000002b72b743440 JavaThread "Unconstrained build operations Thread 35" [_thread_blocked, id=7568, stack(0x000000ed89a00000,0x000000ed89b00000)]
  0x000002b72b748fb0 JavaThread "Unconstrained build operations Thread 36" [_thread_blocked, id=10340, stack(0x000000ed89b00000,0x000000ed89c00000)]
  0x000002b72b745ac0 JavaThread "Unconstrained build operations Thread 37" [_thread_blocked, id=6136, stack(0x000000ed89c00000,0x000000ed89d00000)]
  0x000002b72b749e20 JavaThread "Unconstrained build operations Thread 38" [_thread_blocked, id=7904, stack(0x000000ed89d00000,0x000000ed89e00000)]
  0x000002b72b746930 JavaThread "Unconstrained build operations Thread 39" [_thread_blocked, id=6216, stack(0x000000ed89e00000,0x000000ed89f00000)]
  0x000002b72917df50 JavaThread "Unconstrained build operations Thread 40" [_thread_blocked, id=10856, stack(0x000000ed89f00000,0x000000ed8a000000)]
  0x000002b72ed15520 JavaThread "build event listener" [_thread_blocked, id=3200, stack(0x000000ed8a000000,0x000000ed8a100000)]
  0x000002b72ed16390 JavaThread "included builds" [_thread_blocked, id=10708, stack(0x000000ed8a100000,0x000000ed8a200000)]
  0x000002b731101030 JavaThread "Execution worker" [_thread_blocked, id=9324, stack(0x000000ed8a200000,0x000000ed8a300000)]
  0x000002b7311019d0 JavaThread "Execution worker Thread 2" [_thread_blocked, id=4728, stack(0x000000ed8a300000,0x000000ed8a400000)]
  0x000002b7335253e0 JavaThread "Execution worker Thread 3" [_thread_blocked, id=1480, stack(0x000000ed8a500000,0x000000ed8a600000)]
  0x000002b72e9ec9d0 JavaThread "Cache worker for execution history cache (C:\Users\Pichau\AndroidStudioProjects\Tcc_funcionario\.gradle\8.0\executionHistory)" [_thread_blocked, id=6100, stack(0x000000ed8a600000,0x000000ed8a700000)]
  0x000002b72e9e9e80 JavaThread "Build operations" [_thread_blocked, id=6872, stack(0x000000ed8a700000,0x000000ed8a800000)]
  0x000002b72e9ec500 JavaThread "Build operations Thread 2" [_thread_blocked, id=10468, stack(0x000000ed8a800000,0x000000ed8a900000)]
  0x000002b72e9eacf0 JavaThread "Build operations Thread 3" [_thread_blocked, id=7280, stack(0x000000ed8a900000,0x000000ed8aa00000)]
  0x000002b72e9ea350 JavaThread "Build operations Thread 4" [_thread_blocked, id=1440, stack(0x000000ed8ac00000,0x000000ed8ad00000)]

Other Threads:
=>0x000002b72816d270 VMThread "VM Thread" [stack: 0x000000ed84f00000,0x000000ed85000000] [id=6656]
  0x000002b70ccb0a60 WatcherThread [stack: 0x000000ed85b00000,0x000000ed85c00000] [id=2988]
  0x000002b70cc98750 GCTaskThread "GC Thread#0" [stack: 0x000000ed84a00000,0x000000ed84b00000] [id=10796]
  0x000002b7293188b0 GCTaskThread "GC Thread#1" [stack: 0x000000ed85d00000,0x000000ed85e00000] [id=3056]
  0x000002b7294d09f0 GCTaskThread "GC Thread#2" [stack: 0x000000ed85e00000,0x000000ed85f00000] [id=4828]
  0x000002b72927aef0 GCTaskThread "GC Thread#3" [stack: 0x000000ed85f00000,0x000000ed86000000] [id=10668]
  0x000002b70cca94a0 ConcurrentGCThread "G1 Main Marker" [stack: 0x000000ed84b00000,0x000000ed84c00000] [id=2424]
  0x000002b70ccaa460 ConcurrentGCThread "G1 Conc#0" [stack: 0x000000ed84c00000,0x000000ed84d00000] [id=4628]
  0x000002b70cd0e4a0 ConcurrentGCThread "G1 Refine#0" [stack: 0x000000ed84d00000,0x000000ed84e00000] [id=7004]
  0x000002b72d0fc580 ConcurrentGCThread "G1 Refine#1" [stack: 0x000000ed8ab00000,0x000000ed8ac00000] [id=11120]
  0x000002b727fe7170 ConcurrentGCThread "G1 Service" [stack: 0x000000ed84e00000,0x000000ed84f00000] [id=2740]

Threads with active compile tasks:
C2 CompilerThread0   250448 21376 %     4       com.sun.tools.javac.util.Position$LineMapImpl::build @ 25 (128 bytes)
C2 CompilerThread1   250448 21373       4       com.sun.tools.javac.parser.JavaTokenizer::scanIdent (639 bytes)

VM state: at safepoint (normal execution)

VM Mutex/Monitor currently owned by a thread:  ([mutex/lock_event])
[0x000002b70cc37400] Threads_lock - owner thread: 0x000002b72816d270
[0x000002b70cc389f0] Heap_lock - owner thread: 0x000002b72ed16390

Heap address: 0x0000000080000000, size: 2048 MB, Compressed Oops mode: 32-bit

CDS archive(s) not mapped
Compressed class space mapped at: 0x0000000100000000-0x0000000140000000, reserved size: 1073741824
Narrow klass base: 0x0000000000000000, Narrow klass shift: 3, Narrow klass range: 0x140000000

GC Precious Log:
 CPUs: 4 total, 4 available
 Memory: 14264M
 Large Page Support: Disabled
 NUMA Support: Disabled
 Compressed Oops: Enabled (32-bit)
 Heap Region Size: 1M
 Heap Min Capacity: 8M
 Heap Initial Capacity: 224M
 Heap Max Capacity: 2G
 Pre-touch: Disabled
 Parallel Workers: 4
 Concurrent Workers: 1
 Concurrent Refinement Workers: 4
 Periodic GC: Disabled

Heap:
 garbage-first heap   total 235520K, used 116677K [0x0000000080000000, 0x0000000100000000)
  region size 1024K, 9 young (9216K), 9 survivors (9216K)
 Metaspace       used 129728K, committed 130688K, reserved 1163264K
  class space    used 17250K, committed 17664K, reserved 1048576K

Heap Regions: E=young(eden), S=young(survivor), O=old, HS=humongous(starts), HC=humongous(continues), CS=collection set, F=free, OA=open archive, CA=closed archive, TAMS=top-at-mark-start (previous, next)
|   0|0x0000000080000000, 0x0000000080100000, 0x0000000080100000|100%| O|  |TAMS 0x0000000080100000, 0x0000000080100000| Untracked 
|   1|0x0000000080100000, 0x0000000080200000, 0x0000000080200000|100%| O|  |TAMS 0x0000000080200000, 0x0000000080200000| Untracked 
|   2|0x0000000080200000, 0x0000000080300000, 0x0000000080300000|100%|HS|  |TAMS 0x0000000080300000, 0x0000000080300000| Complete 
|   3|0x0000000080300000, 0x0000000080400000, 0x0000000080400000|100%|HC|  |TAMS 0x0000000080400000, 0x0000000080400000| Complete 
|   4|0x0000000080400000, 0x0000000080500000, 0x0000000080500000|100%|HC|  |TAMS 0x0000000080500000, 0x0000000080500000| Complete 
|   5|0x0000000080500000, 0x0000000080600000, 0x0000000080600000|100%|HC|  |TAMS 0x0000000080600000, 0x0000000080600000| Complete 
|   6|0x0000000080600000, 0x0000000080700000, 0x0000000080700000|100%| O|  |TAMS 0x0000000080700000, 0x0000000080700000| Untracked 
|   7|0x0000000080700000, 0x0000000080800000, 0x0000000080800000|100%| O|  |TAMS 0x0000000080800000, 0x0000000080800000| Untracked 
|   8|0x0000000080800000, 0x0000000080900000, 0x0000000080900000|100%| O|  |TAMS 0x0000000080900000, 0x0000000080900000| Untracked 
|   9|0x0000000080900000, 0x0000000080a00000, 0x0000000080a00000|100%| O|  |TAMS 0x0000000080a00000, 0x0000000080a00000| Untracked 
|  10|0x0000000080a00000, 0x0000000080b00000, 0x0000000080b00000|100%| O|  |TAMS 0x0000000080b00000, 0x0000000080b00000| Untracked 
|  11|0x0000000080b00000, 0x0000000080c00000, 0x0000000080c00000|100%| O|  |TAMS 0x0000000080c00000, 0x0000000080c00000| Untracked 
|  12|0x0000000080c00000, 0x0000000080d00000, 0x0000000080d00000|100%| O|  |TAMS 0x0000000080d00000, 0x0000000080d00000| Untracked 
|  13|0x0000000080d00000, 0x0000000080e00000, 0x0000000080e00000|100%| O|  |TAMS 0x0000000080e00000, 0x0000000080e00000| Untracked 
|  14|0x0000000080e00000, 0x0000000080f00000, 0x0000000080f00000|100%| O|  |TAMS 0x0000000080f00000, 0x0000000080f00000| Untracked 
|  15|0x0000000080f00000, 0x0000000081000000, 0x0000000081000000|100%| O|  |TAMS 0x0000000081000000, 0x0000000081000000| Untracked 
|  16|0x0000000081000000, 0x0000000081100000, 0x0000000081100000|100%| O|  |TAMS 0x0000000081100000, 0x0000000081100000| Untracked 
|  17|0x0000000081100000, 0x0000000081200000, 0x0000000081200000|100%| O|  |TAMS 0x0000000081200000, 0x0000000081200000| Untracked 
|  18|0x0000000081200000, 0x0000000081300000, 0x0000000081300000|100%| O|  |TAMS 0x0000000081300000, 0x0000000081300000| Untracked 
|  19|0x0000000081300000, 0x0000000081400000, 0x0000000081400000|100%| O|  |TAMS 0x0000000081400000, 0x0000000081400000| Untracked 
|  20|0x0000000081400000, 0x0000000081500000, 0x0000000081500000|100%|HS|  |TAMS 0x0000000081500000, 0x0000000081500000| Complete 
|  21|0x0000000081500000, 0x0000000081600000, 0x0000000081600000|100%| O|  |TAMS 0x0000000081600000, 0x0000000081600000| Untracked 
|  22|0x0000000081600000, 0x0000000081700000, 0x0000000081700000|100%| O|  |TAMS 0x0000000081700000, 0x0000000081700000| Untracked 
|  23|0x0000000081700000, 0x0000000081800000, 0x0000000081800000|100%| O|  |TAMS 0x0000000081800000, 0x0000000081800000| Untracked 
|  24|0x0000000081800000, 0x0000000081900000, 0x0000000081900000|100%| O|  |TAMS 0x0000000081900000, 0x0000000081900000| Untracked 
|  25|0x0000000081900000, 0x0000000081a00000, 0x0000000081a00000|100%| O|  |TAMS 0x0000000081a00000, 0x0000000081a00000| Untracked 
|  26|0x0000000081a00000, 0x0000000081b00000, 0x0000000081b00000|100%| O|  |TAMS 0x0000000081b00000, 0x0000000081b00000| Untracked 
|  27|0x0000000081b00000, 0x0000000081c00000, 0x0000000081c00000|100%| O|  |TAMS 0x0000000081c00000, 0x0000000081c00000| Untracked 
|  28|0x0000000081c00000, 0x0000000081d00000, 0x0000000081d00000|100%|HS|  |TAMS 0x0000000081d00000, 0x0000000081d00000| Complete 
|  29|0x0000000081d00000, 0x0000000081e00000, 0x0000000081e00000|100%| O|  |TAMS 0x0000000081e00000, 0x0000000081e00000| Untracked 
|  30|0x0000000081e00000, 0x0000000081f00000, 0x0000000081f00000|100%| O|  |TAMS 0x0000000081f00000, 0x0000000081f00000| Untracked 
|  31|0x0000000081f00000, 0x0000000082000000, 0x0000000082000000|100%| O|  |TAMS 0x0000000082000000, 0x0000000082000000| Untracked 
|  32|0x0000000082000000, 0x0000000082100000, 0x0000000082100000|100%| O|  |TAMS 0x0000000082100000, 0x0000000082100000| Untracked 
|  33|0x0000000082100000, 0x0000000082200000, 0x0000000082200000|100%| O|  |TAMS 0x0000000082200000, 0x0000000082200000| Untracked 
|  34|0x0000000082200000, 0x0000000082300000, 0x0000000082300000|100%| O|  |TAMS 0x0000000082300000, 0x0000000082300000| Untracked 
|  35|0x0000000082300000, 0x0000000082400000, 0x0000000082400000|100%| O|  |TAMS 0x0000000082400000, 0x0000000082400000| Untracked 
|  36|0x0000000082400000, 0x0000000082500000, 0x0000000082500000|100%| O|  |TAMS 0x0000000082500000, 0x0000000082500000| Untracked 
|  37|0x0000000082500000, 0x0000000082600000, 0x0000000082600000|100%| O|  |TAMS 0x0000000082600000, 0x0000000082600000| Untracked 
|  38|0x0000000082600000, 0x0000000082700000, 0x0000000082700000|100%| O|  |TAMS 0x0000000082700000, 0x0000000082700000| Untracked 
|  39|0x0000000082700000, 0x0000000082800000, 0x0000000082800000|100%| O|  |TAMS 0x0000000082800000, 0x0000000082800000| Untracked 
|  40|0x0000000082800000, 0x0000000082900000, 0x0000000082900000|100%| O|  |TAMS 0x0000000082900000, 0x0000000082900000| Untracked 
|  41|0x0000000082900000, 0x0000000082a00000, 0x0000000082a00000|100%| O|  |TAMS 0x0000000082a00000, 0x0000000082a00000| Untracked 
|  42|0x0000000082a00000, 0x0000000082b00000, 0x0000000082b00000|100%| O|  |TAMS 0x0000000082b00000, 0x0000000082b00000| Untracked 
|  43|0x0000000082b00000, 0x0000000082c00000, 0x0000000082c00000|100%| O|  |TAMS 0x0000000082c00000, 0x0000000082c00000| Untracked 
|  44|0x0000000082c00000, 0x0000000082d00000, 0x0000000082d00000|100%| O|  |TAMS 0x0000000082c00000, 0x0000000082d00000| Untracked 
|  45|0x0000000082d00000, 0x0000000082e00000, 0x0000000082e00000|100%| O|  |TAMS 0x0000000082e00000, 0x0000000082e00000| Untracked 
|  46|0x0000000082e00000, 0x0000000082f00000, 0x0000000082f00000|100%| O|  |TAMS 0x0000000082f00000, 0x0000000082f00000| Untracked 
|  47|0x0000000082f00000, 0x0000000083000000, 0x0000000083000000|100%| O|  |TAMS 0x0000000083000000, 0x0000000083000000| Untracked 
|  48|0x0000000083000000, 0x0000000083100000, 0x0000000083100000|100%| O|  |TAMS 0x0000000083100000, 0x0000000083100000| Untracked 
|  49|0x0000000083100000, 0x0000000083200000, 0x0000000083200000|100%| O|  |TAMS 0x0000000083200000, 0x0000000083200000| Untracked 
|  50|0x0000000083200000, 0x0000000083300000, 0x0000000083300000|100%| O|  |TAMS 0x0000000083300000, 0x0000000083300000| Untracked 
|  51|0x0000000083300000, 0x0000000083400000, 0x0000000083400000|100%| O|  |TAMS 0x0000000083400000, 0x0000000083400000| Untracked 
|  52|0x0000000083400000, 0x0000000083500000, 0x0000000083500000|100%| O|  |TAMS 0x0000000083500000, 0x0000000083500000| Untracked 
|  53|0x0000000083500000, 0x0000000083600000, 0x0000000083600000|100%| O|  |TAMS 0x0000000083600000, 0x0000000083600000| Untracked 
|  54|0x0000000083600000, 0x0000000083700000, 0x0000000083700000|100%| O|  |TAMS 0x0000000083700000, 0x0000000083700000| Untracked 
|  55|0x0000000083700000, 0x0000000083800000, 0x0000000083800000|100%| O|  |TAMS 0x0000000083800000, 0x0000000083800000| Untracked 
|  56|0x0000000083800000, 0x0000000083900000, 0x0000000083900000|100%| O|  |TAMS 0x0000000083900000, 0x0000000083900000| Untracked 
|  57|0x0000000083900000, 0x0000000083a00000, 0x0000000083a00000|100%| O|  |TAMS 0x0000000083a00000, 0x0000000083a00000| Untracked 
|  58|0x0000000083a00000, 0x0000000083b00000, 0x0000000083b00000|100%| O|  |TAMS 0x0000000083b00000, 0x0000000083b00000| Untracked 
|  59|0x0000000083b00000, 0x0000000083c00000, 0x0000000083c00000|100%| O|  |TAMS 0x0000000083b00000, 0x0000000083c00000| Untracked 
|  60|0x0000000083c00000, 0x0000000083d00000, 0x0000000083d00000|100%| O|  |TAMS 0x0000000083d00000, 0x0000000083d00000| Untracked 
|  61|0x0000000083d00000, 0x0000000083d00000, 0x0000000083e00000|  0%| F|  |TAMS 0x0000000083d00000, 0x0000000083d00000| Untracked 
|  62|0x0000000083e00000, 0x0000000083f00000, 0x0000000083f00000|100%| O|  |TAMS 0x0000000083f00000, 0x0000000083f00000| Untracked 
|  63|0x0000000083f00000, 0x0000000084000000, 0x0000000084000000|100%| O|  |TAMS 0x0000000084000000, 0x0000000084000000| Untracked 
|  64|0x0000000084000000, 0x0000000084100000, 0x0000000084100000|100%| O|  |TAMS 0x0000000084100000, 0x0000000084100000| Untracked 
|  65|0x0000000084100000, 0x0000000084200000, 0x0000000084200000|100%| O|  |TAMS 0x0000000084200000, 0x0000000084200000| Untracked 
|  66|0x0000000084200000, 0x0000000084300000, 0x0000000084300000|100%| O|  |TAMS 0x0000000084300000, 0x0000000084300000| Untracked 
|  67|0x0000000084300000, 0x0000000084400000, 0x0000000084400000|100%| O|  |TAMS 0x0000000084400000, 0x0000000084400000| Untracked 
|  68|0x0000000084400000, 0x0000000084500000, 0x0000000084500000|100%| O|  |TAMS 0x0000000084500000, 0x0000000084500000| Untracked 
|  69|0x0000000084500000, 0x0000000084500000, 0x0000000084600000|  0%| F|  |TAMS 0x0000000084500000, 0x0000000084500000| Untracked 
|  70|0x0000000084600000, 0x0000000084700000, 0x0000000084700000|100%| O|  |TAMS 0x0000000084700000, 0x0000000084700000| Untracked 
|  71|0x0000000084700000, 0x0000000084800000, 0x0000000084800000|100%| O|  |TAMS 0x0000000084800000, 0x0000000084800000| Untracked 
|  72|0x0000000084800000, 0x0000000084900000, 0x0000000084900000|100%| O|  |TAMS 0x0000000084900000, 0x0000000084900000| Untracked 
|  73|0x0000000084900000, 0x0000000084a00000, 0x0000000084a00000|100%| O|  |TAMS 0x0000000084a00000, 0x0000000084a00000| Untracked 
|  74|0x0000000084a00000, 0x0000000084a00000, 0x0000000084b00000|  0%| F|  |TAMS 0x0000000084a00000, 0x0000000084a00000| Untracked 
|  75|0x0000000084b00000, 0x0000000084c00000, 0x0000000084c00000|100%| O|  |TAMS 0x0000000084c00000, 0x0000000084c00000| Untracked 
|  76|0x0000000084c00000, 0x0000000084d00000, 0x0000000084d00000|100%| O|  |TAMS 0x0000000084d00000, 0x0000000084d00000| Untracked 
|  77|0x0000000084d00000, 0x0000000084d00000, 0x0000000084e00000|  0%| F|  |TAMS 0x0000000084d00000, 0x0000000084d00000| Untracked 
|  78|0x0000000084e00000, 0x0000000084f00000, 0x0000000084f00000|100%| O|  |TAMS 0x0000000084f00000, 0x0000000084f00000| Untracked 
|  79|0x0000000084f00000, 0x0000000085000000, 0x0000000085000000|100%| O|  |TAMS 0x0000000085000000, 0x0000000085000000| Untracked 
|  80|0x0000000085000000, 0x0000000085100000, 0x0000000085100000|100%| O|  |TAMS 0x0000000085100000, 0x0000000085100000| Untracked 
|  81|0x0000000085100000, 0x0000000085200000, 0x0000000085200000|100%| O|  |TAMS 0x0000000085200000, 0x0000000085200000| Untracked 
|  82|0x0000000085200000, 0x0000000085300000, 0x0000000085300000|100%| O|  |TAMS 0x0000000085300000, 0x0000000085300000| Untracked 
|  83|0x0000000085300000, 0x0000000085400000, 0x0000000085400000|100%| O|  |TAMS 0x0000000085400000, 0x0000000085400000| Untracked 
|  84|0x0000000085400000, 0x0000000085400000, 0x0000000085500000|  0%| F|  |TAMS 0x0000000085400000, 0x0000000085400000| Untracked 
|  85|0x0000000085500000, 0x0000000085600000, 0x0000000085600000|100%| O|  |TAMS 0x0000000085600000, 0x0000000085600000| Untracked 
|  86|0x0000000085600000, 0x0000000085700000, 0x0000000085700000|100%| O|  |TAMS 0x0000000085700000, 0x0000000085700000| Untracked 
|  87|0x0000000085700000, 0x0000000085800000, 0x0000000085800000|100%| O|  |TAMS 0x0000000085800000, 0x0000000085800000| Untracked 
|  88|0x0000000085800000, 0x0000000085900000, 0x0000000085900000|100%| O|  |TAMS 0x0000000085900000, 0x0000000085900000| Untracked 
|  89|0x0000000085900000, 0x0000000085900000, 0x0000000085a00000|  0%| F|  |TAMS 0x0000000085900000, 0x0000000085900000| Untracked 
|  90|0x0000000085a00000, 0x0000000085a00000, 0x0000000085b00000|  0%| F|  |TAMS 0x0000000085a00000, 0x0000000085a00000| Untracked 
|  91|0x0000000085b00000, 0x0000000085c00000, 0x0000000085c00000|100%| O|  |TAMS 0x0000000085c00000, 0x0000000085c00000| Untracked 
|  92|0x0000000085c00000, 0x0000000085c00000, 0x0000000085d00000|  0%| F|  |TAMS 0x0000000085c00000, 0x0000000085c00000| Untracked 
|  93|0x0000000085d00000, 0x0000000085d00000, 0x0000000085e00000|  0%| F|  |TAMS 0x0000000085d00000, 0x0000000085d00000| Untracked 
|  94|0x0000000085e00000, 0x0000000085e00000, 0x0000000085f00000|  0%| F|  |TAMS 0x0000000085e00000, 0x0000000085e00000| Untracked 
|  95|0x0000000085f00000, 0x0000000085f00000, 0x0000000086000000|  0%| F|  |TAMS 0x0000000085f00000, 0x0000000085f00000| Untracked 
|  96|0x0000000086000000, 0x0000000086000000, 0x0000000086100000|  0%| F|  |TAMS 0x0000000086000000, 0x0000000086000000| Untracked 
|  97|0x0000000086100000, 0x0000000086100000, 0x0000000086200000|  0%| F|  |TAMS 0x0000000086100000, 0x0000000086100000| Untracked 
|  98|0x0000000086200000, 0x0000000086300000, 0x0000000086300000|100%| O|  |TAMS 0x0000000086300000, 0x0000000086300000| Untracked 
|  99|0x0000000086300000, 0x0000000086400000, 0x0000000086400000|100%| O|  |TAMS 0x0000000086400000, 0x0000000086400000| Untracked 
| 100|0x0000000086400000, 0x0000000086500000, 0x0000000086500000|100%| O|  |TAMS 0x0000000086500000, 0x0000000086500000| Untracked 
| 101|0x0000000086500000, 0x0000000086600000, 0x0000000086600000|100%| O|  |TAMS 0x0000000086600000, 0x0000000086600000| Untracked 
| 102|0x0000000086600000, 0x0000000086700000, 0x0000000086700000|100%| O|  |TAMS 0x0000000086700000, 0x0000000086700000| Untracked 
| 103|0x0000000086700000, 0x0000000086800000, 0x0000000086800000|100%| O|  |TAMS 0x0000000086800000, 0x0000000086800000| Untracked 
| 104|0x0000000086800000, 0x0000000086800000, 0x0000000086900000|  0%| F|  |TAMS 0x0000000086800000, 0x0000000086800000| Untracked 
| 105|0x0000000086900000, 0x0000000086900000, 0x0000000086a00000|  0%| F|  |TAMS 0x0000000086900000, 0x0000000086900000| Untracked 
| 106|0x0000000086a00000, 0x0000000086b00000, 0x0000000086b00000|100%| O|  |TAMS 0x0000000086a00000, 0x0000000086b00000| Untracked 
| 107|0x0000000086b00000, 0x0000000086c00000, 0x0000000086c00000|100%| O|  |TAMS 0x0000000086b00000, 0x0000000086c00000| Untracked 
| 108|0x0000000086c00000, 0x0000000086d00000, 0x0000000086d00000|100%| O|  |TAMS 0x0000000086d00000, 0x0000000086d00000| Untracked 
| 109|0x0000000086d00000, 0x0000000086e00000, 0x0000000086e00000|100%| O|  |TAMS 0x0000000086d00000, 0x0000000086e00000| Untracked 
| 110|0x0000000086e00000, 0x0000000086f00000, 0x0000000086f00000|100%| O|  |TAMS 0x0000000086f00000, 0x0000000086f00000| Untracked 
| 111|0x0000000086f00000, 0x0000000086f00000, 0x0000000087000000|  0%| F|  |TAMS 0x0000000086f00000, 0x0000000086f00000| Untracked 
| 112|0x0000000087000000, 0x0000000087000000, 0x0000000087100000|  0%| F|  |TAMS 0x0000000087000000, 0x0000000087000000| Untracked 
| 113|0x0000000087100000, 0x0000000087100000, 0x0000000087200000|  0%| F|  |TAMS 0x0000000087100000, 0x0000000087100000| Untracked 
| 114|0x0000000087200000, 0x0000000087200000, 0x0000000087300000|  0%| F|  |TAMS 0x0000000087200000, 0x0000000087200000| Untracked 
| 115|0x0000000087300000, 0x0000000087400000, 0x0000000087400000|100%| O|  |TAMS 0x0000000087400000, 0x0000000087400000| Untracked 
| 116|0x0000000087400000, 0x0000000087500000, 0x0000000087500000|100%| O|  |TAMS 0x0000000087500000, 0x0000000087500000| Untracked 
| 117|0x0000000087500000, 0x0000000087600000, 0x0000000087600000|100%| O|  |TAMS 0x0000000087600000, 0x0000000087600000| Untracked 
| 118|0x0000000087600000, 0x0000000087618000, 0x0000000087700000|  9%| O|  |TAMS 0x0000000087600000, 0x0000000087618000| Untracked 
| 119|0x0000000087700000, 0x0000000087800000, 0x0000000087800000|100%| O|  |TAMS 0x0000000087800000, 0x0000000087800000| Untracked 
| 120|0x0000000087800000, 0x0000000087900000, 0x0000000087900000|100%| O|  |TAMS 0x0000000087900000, 0x0000000087900000| Untracked 
| 121|0x0000000087900000, 0x0000000087a00000, 0x0000000087a00000|100%| O|  |TAMS 0x0000000087a00000, 0x0000000087a00000| Untracked 
| 122|0x0000000087a00000, 0x0000000087b00000, 0x0000000087b00000|100%| O|  |TAMS 0x0000000087b00000, 0x0000000087b00000| Untracked 
| 123|0x0000000087b00000, 0x0000000087b00000, 0x0000000087c00000|  0%| F|  |TAMS 0x0000000087b00000, 0x0000000087b00000| Untracked 
| 124|0x0000000087c00000, 0x0000000087d00000, 0x0000000087d00000|100%| O|  |TAMS 0x0000000087cc5800, 0x0000000087d00000| Untracked 
| 125|0x0000000087d00000, 0x0000000087d00000, 0x0000000087e00000|  0%| F|  |TAMS 0x0000000087d00000, 0x0000000087d00000| Untracked 
| 126|0x0000000087e00000, 0x0000000087e00000, 0x0000000087f00000|  0%| F|  |TAMS 0x0000000087e00000, 0x0000000087e00000| Untracked 
| 127|0x0000000087f00000, 0x0000000087f00000, 0x0000000088000000|  0%| F|  |TAMS 0x0000000087f00000, 0x0000000087f00000| Untracked 
| 128|0x0000000088000000, 0x0000000088000000, 0x0000000088100000|  0%| F|  |TAMS 0x0000000088000000, 0x0000000088000000| Untracked 
| 129|0x0000000088100000, 0x0000000088100000, 0x0000000088200000|  0%| F|  |TAMS 0x0000000088100000, 0x0000000088100000| Untracked 
| 130|0x0000000088200000, 0x0000000088300000, 0x0000000088300000|100%| O|  |TAMS 0x0000000088300000, 0x0000000088300000| Untracked 
| 131|0x0000000088300000, 0x0000000088300000, 0x0000000088400000|  0%| F|  |TAMS 0x0000000088300000, 0x0000000088300000| Untracked 
| 132|0x0000000088400000, 0x0000000088400000, 0x0000000088500000|  0%| F|  |TAMS 0x0000000088400000, 0x0000000088400000| Untracked 
| 133|0x0000000088500000, 0x0000000088500000, 0x0000000088600000|  0%| F|  |TAMS 0x0000000088500000, 0x0000000088500000| Untracked 
| 134|0x0000000088600000, 0x0000000088600000, 0x0000000088700000|  0%| F|  |TAMS 0x0000000088600000, 0x0000000088600000| Untracked 
| 135|0x0000000088700000, 0x0000000088700000, 0x0000000088800000|  0%| F|  |TAMS 0x0000000088700000, 0x0000000088700000| Untracked 
| 136|0x0000000088800000, 0x0000000088800000, 0x0000000088900000|  0%| F|  |TAMS 0x0000000088800000, 0x0000000088800000| Untracked 
| 137|0x0000000088900000, 0x0000000088900000, 0x0000000088a00000|  0%| F|  |TAMS 0x0000000088900000, 0x0000000088900000| Untracked 
| 138|0x0000000088a00000, 0x0000000088a00000, 0x0000000088b00000|  0%| F|  |TAMS 0x0000000088a00000, 0x0000000088a00000| Untracked 
| 139|0x0000000088b00000, 0x0000000088b00000, 0x0000000088c00000|  0%| F|  |TAMS 0x0000000088b00000, 0x0000000088b00000| Untracked 
| 140|0x0000000088c00000, 0x0000000088c00000, 0x0000000088d00000|  0%| F|  |TAMS 0x0000000088c00000, 0x0000000088c00000| Untracked 
| 141|0x0000000088d00000, 0x0000000088d00000, 0x0000000088e00000|  0%| F|  |TAMS 0x0000000088d00000, 0x0000000088d00000| Untracked 
| 142|0x0000000088e00000, 0x0000000088e00000, 0x0000000088f00000|  0%| F|  |TAMS 0x0000000088e00000, 0x0000000088e00000| Untracked 
| 143|0x0000000088f00000, 0x0000000088f00000, 0x0000000089000000|  0%| F|  |TAMS 0x0000000088f00000, 0x0000000088f00000| Untracked 
| 144|0x0000000089000000, 0x0000000089000000, 0x0000000089100000|  0%| F|  |TAMS 0x0000000089000000, 0x0000000089000000| Untracked 
| 145|0x0000000089100000, 0x0000000089100000, 0x0000000089200000|  0%| F|  |TAMS 0x0000000089100000, 0x0000000089100000| Untracked 
| 146|0x0000000089200000, 0x0000000089200000, 0x0000000089300000|  0%| F|  |TAMS 0x0000000089200000, 0x0000000089200000| Untracked 
| 147|0x0000000089300000, 0x0000000089300000, 0x0000000089400000|  0%| F|  |TAMS 0x0000000089300000, 0x0000000089300000| Untracked 
| 148|0x0000000089400000, 0x0000000089400000, 0x0000000089500000|  0%| F|  |TAMS 0x0000000089400000, 0x0000000089400000| Untracked 
| 149|0x0000000089500000, 0x0000000089500000, 0x0000000089600000|  0%| F|  |TAMS 0x0000000089500000, 0x0000000089500000| Untracked 
| 150|0x0000000089600000, 0x0000000089600000, 0x0000000089700000|  0%| F|  |TAMS 0x0000000089600000, 0x0000000089600000| Untracked 
| 151|0x0000000089700000, 0x0000000089700000, 0x0000000089800000|  0%| F|  |TAMS 0x0000000089700000, 0x0000000089700000| Untracked 
| 152|0x0000000089800000, 0x0000000089800000, 0x0000000089900000|  0%| F|  |TAMS 0x0000000089800000, 0x0000000089800000| Untracked 
| 153|0x0000000089900000, 0x0000000089900000, 0x0000000089a00000|  0%| F|  |TAMS 0x0000000089900000, 0x0000000089900000| Untracked 
| 154|0x0000000089a00000, 0x0000000089a00000, 0x0000000089b00000|  0%| F|  |TAMS 0x0000000089a00000, 0x0000000089a00000| Untracked 
| 155|0x0000000089b00000, 0x0000000089b00000, 0x0000000089c00000|  0%| F|  |TAMS 0x0000000089b00000, 0x0000000089b00000| Untracked 
| 156|0x0000000089c00000, 0x0000000089c00000, 0x0000000089d00000|  0%| F|  |TAMS 0x0000000089c00000, 0x0000000089c00000| Untracked 
| 157|0x0000000089d00000, 0x0000000089d00000, 0x0000000089e00000|  0%| F|  |TAMS 0x0000000089d00000, 0x0000000089d00000| Untracked 
| 158|0x0000000089e00000, 0x0000000089e00000, 0x0000000089f00000|  0%| F|  |TAMS 0x0000000089e00000, 0x0000000089e00000| Untracked 
| 159|0x0000000089f00000, 0x0000000089f00000, 0x000000008a000000|  0%| F|  |TAMS 0x0000000089f00000, 0x0000000089f00000| Untracked 
| 160|0x000000008a000000, 0x000000008a000000, 0x000000008a100000|  0%| F|  |TAMS 0x000000008a000000, 0x000000008a000000| Untracked 
| 161|0x000000008a100000, 0x000000008a100000, 0x000000008a200000|  0%| F|  |TAMS 0x000000008a100000, 0x000000008a100000| Untracked 
| 162|0x000000008a200000, 0x000000008a200000, 0x000000008a300000|  0%| F|  |TAMS 0x000000008a200000, 0x000000008a200000| Untracked 
| 163|0x000000008a300000, 0x000000008a300000, 0x000000008a400000|  0%| F|  |TAMS 0x000000008a300000, 0x000000008a300000| Untracked 
| 164|0x000000008a400000, 0x000000008a400000, 0x000000008a500000|  0%| F|  |TAMS 0x000000008a400000, 0x000000008a400000| Untracked 
| 165|0x000000008a500000, 0x000000008a500000, 0x000000008a600000|  0%| F|  |TAMS 0x000000008a500000, 0x000000008a500000| Untracked 
| 166|0x000000008a600000, 0x000000008a600000, 0x000000008a700000|  0%| F|  |TAMS 0x000000008a600000, 0x000000008a600000| Untracked 
| 167|0x000000008a700000, 0x000000008a700000, 0x000000008a800000|  0%| F|  |TAMS 0x000000008a700000, 0x000000008a700000| Untracked 
| 168|0x000000008a800000, 0x000000008a800000, 0x000000008a900000|  0%| F|  |TAMS 0x000000008a800000, 0x000000008a800000| Untracked 
| 169|0x000000008a900000, 0x000000008a900000, 0x000000008aa00000|  0%| F|  |TAMS 0x000000008a900000, 0x000000008a900000| Untracked 
| 170|0x000000008aa00000, 0x000000008aa00000, 0x000000008ab00000|  0%| F|  |TAMS 0x000000008aa00000, 0x000000008aa00000| Untracked 
| 171|0x000000008ab00000, 0x000000008abd9430, 0x000000008ac00000| 84%| S|CS|TAMS 0x000000008ab00000, 0x000000008ab00000| Complete 
| 172|0x000000008ac00000, 0x000000008ad00000, 0x000000008ad00000|100%| S|CS|TAMS 0x000000008ac00000, 0x000000008ac00000| Complete 
| 173|0x000000008ad00000, 0x000000008ae00000, 0x000000008ae00000|100%| S|CS|TAMS 0x000000008ad00000, 0x000000008ad00000| Complete 
| 174|0x000000008ae00000, 0x000000008af00000, 0x000000008af00000|100%| S|CS|TAMS 0x000000008ae00000, 0x000000008ae00000| Complete 
| 175|0x000000008af00000, 0x000000008b000000, 0x000000008b000000|100%| S|CS|TAMS 0x000000008af00000, 0x000000008af00000| Complete 
| 176|0x000000008b000000, 0x000000008b100000, 0x000000008b100000|100%| S|CS|TAMS 0x000000008b000000, 0x000000008b000000| Complete 
| 177|0x000000008b100000, 0x000000008b200000, 0x000000008b200000|100%| S|CS|TAMS 0x000000008b100000, 0x000000008b100000| Complete 
| 178|0x000000008b200000, 0x000000008b300000, 0x000000008b300000|100%| S|CS|TAMS 0x000000008b200000, 0x000000008b200000| Complete 
| 179|0x000000008b300000, 0x000000008b400000, 0x000000008b400000|100%| S|CS|TAMS 0x000000008b300000, 0x000000008b300000| Complete 
| 180|0x000000008b400000, 0x000000008b400000, 0x000000008b500000|  0%| F|  |TAMS 0x000000008b400000, 0x000000008b400000| Untracked 
| 181|0x000000008b500000, 0x000000008b500000, 0x000000008b600000|  0%| F|  |TAMS 0x000000008b500000, 0x000000008b500000| Untracked 
| 182|0x000000008b600000, 0x000000008b600000, 0x000000008b700000|  0%| F|  |TAMS 0x000000008b600000, 0x000000008b600000| Untracked 
| 183|0x000000008b700000, 0x000000008b700000, 0x000000008b800000|  0%| F|  |TAMS 0x000000008b700000, 0x000000008b700000| Untracked 
| 184|0x000000008b800000, 0x000000008b800000, 0x000000008b900000|  0%| F|  |TAMS 0x000000008b800000, 0x000000008b800000| Untracked 
| 185|0x000000008b900000, 0x000000008b900000, 0x000000008ba00000|  0%| F|  |TAMS 0x000000008b900000, 0x000000008b900000| Untracked 
| 186|0x000000008ba00000, 0x000000008ba00000, 0x000000008bb00000|  0%| F|  |TAMS 0x000000008ba00000, 0x000000008ba00000| Untracked 
| 187|0x000000008bb00000, 0x000000008bb00000, 0x000000008bc00000|  0%| F|  |TAMS 0x000000008bb00000, 0x000000008bb00000| Untracked 
| 188|0x000000008bc00000, 0x000000008bc00000, 0x000000008bd00000|  0%| F|  |TAMS 0x000000008bc00000, 0x000000008bc00000| Untracked 
| 189|0x000000008bd00000, 0x000000008bd00000, 0x000000008be00000|  0%| F|  |TAMS 0x000000008bd00000, 0x000000008bd00000| Untracked 
| 190|0x000000008be00000, 0x000000008be00000, 0x000000008bf00000|  0%| F|  |TAMS 0x000000008be00000, 0x000000008be00000| Untracked 
| 191|0x000000008bf00000, 0x000000008bf00000, 0x000000008c000000|  0%| F|  |TAMS 0x000000008bf00000, 0x000000008bf00000| Untracked 
| 192|0x000000008c000000, 0x000000008c000000, 0x000000008c100000|  0%| F|  |TAMS 0x000000008c000000, 0x000000008c000000| Untracked 
| 193|0x000000008c100000, 0x000000008c100000, 0x000000008c200000|  0%| F|  |TAMS 0x000000008c100000, 0x000000008c100000| Untracked 
| 194|0x000000008c200000, 0x000000008c200000, 0x000000008c300000|  0%| F|  |TAMS 0x000000008c200000, 0x000000008c200000| Untracked 
| 195|0x000000008c300000, 0x000000008c300000, 0x000000008c400000|  0%| F|  |TAMS 0x000000008c300000, 0x000000008c300000| Untracked 
| 196|0x000000008c400000, 0x000000008c400000, 0x000000008c500000|  0%| F|  |TAMS 0x000000008c400000, 0x000000008c400000| Untracked 
| 197|0x000000008c500000, 0x000000008c500000, 0x000000008c600000|  0%| F|  |TAMS 0x000000008c500000, 0x000000008c500000| Untracked 
| 198|0x000000008c600000, 0x000000008c600000, 0x000000008c700000|  0%| F|  |TAMS 0x000000008c600000, 0x000000008c600000| Untracked 
| 199|0x000000008c700000, 0x000000008c700000, 0x000000008c800000|  0%| F|  |TAMS 0x000000008c700000, 0x000000008c700000| Untracked 
| 200|0x000000008c800000, 0x000000008c800000, 0x000000008c900000|  0%| F|  |TAMS 0x000000008c800000, 0x000000008c800000| Untracked 
| 201|0x000000008c900000, 0x000000008c900000, 0x000000008ca00000|  0%| F|  |TAMS 0x000000008c900000, 0x000000008c900000| Untracked 
| 202|0x000000008ca00000, 0x000000008ca00000, 0x000000008cb00000|  0%| F|  |TAMS 0x000000008ca00000, 0x000000008ca00000| Untracked 
| 203|0x000000008cb00000, 0x000000008cb00000, 0x000000008cc00000|  0%| F|  |TAMS 0x000000008cb00000, 0x000000008cb00000| Untracked 
| 204|0x000000008cc00000, 0x000000008cc00000, 0x000000008cd00000|  0%| F|  |TAMS 0x000000008cc00000, 0x000000008cc00000| Untracked 
| 205|0x000000008cd00000, 0x000000008cd00000, 0x000000008ce00000|  0%| F|  |TAMS 0x000000008cd00000, 0x000000008cd00000| Untracked 
| 206|0x000000008ce00000, 0x000000008ce00000, 0x000000008cf00000|  0%| F|  |TAMS 0x000000008ce00000, 0x000000008ce00000| Untracked 
| 207|0x000000008cf00000, 0x000000008cf00000, 0x000000008d000000|  0%| F|  |TAMS 0x000000008cf00000, 0x000000008cf00000| Untracked 
| 208|0x000000008d000000, 0x000000008d000000, 0x000000008d100000|  0%| F|  |TAMS 0x000000008d000000, 0x000000008d000000| Untracked 
| 209|0x000000008d100000, 0x000000008d100000, 0x000000008d200000|  0%| F|  |TAMS 0x000000008d100000, 0x000000008d100000| Untracked 
| 210|0x000000008d200000, 0x000000008d200000, 0x000000008d300000|  0%| F|  |TAMS 0x000000008d200000, 0x000000008d200000| Untracked 
| 211|0x000000008d300000, 0x000000008d300000, 0x000000008d400000|  0%| F|  |TAMS 0x000000008d300000, 0x000000008d300000| Untracked 
| 212|0x000000008d400000, 0x000000008d400000, 0x000000008d500000|  0%| F|  |TAMS 0x000000008d400000, 0x000000008d400000| Untracked 
| 213|0x000000008d500000, 0x000000008d500000, 0x000000008d600000|  0%| F|  |TAMS 0x000000008d500000, 0x000000008d500000| Untracked 
| 214|0x000000008d600000, 0x000000008d600000, 0x000000008d700000|  0%| F|  |TAMS 0x000000008d600000, 0x000000008d600000| Untracked 
| 215|0x000000008d700000, 0x000000008d700000, 0x000000008d800000|  0%| F|  |TAMS 0x000000008d700000, 0x000000008d700000| Untracked 
| 216|0x000000008d800000, 0x000000008d800000, 0x000000008d900000|  0%| F|  |TAMS 0x000000008d800000, 0x000000008d800000| Untracked 
| 217|0x000000008d900000, 0x000000008d900000, 0x000000008da00000|  0%| F|  |TAMS 0x000000008d900000, 0x000000008d900000| Untracked 
| 218|0x000000008da00000, 0x000000008da00000, 0x000000008db00000|  0%| F|  |TAMS 0x000000008da00000, 0x000000008da00000| Untracked 
| 219|0x000000008db00000, 0x000000008db00000, 0x000000008dc00000|  0%| F|  |TAMS 0x000000008db00000, 0x000000008db00000| Untracked 
| 220|0x000000008dc00000, 0x000000008dc00000, 0x000000008dd00000|  0%| F|  |TAMS 0x000000008dc00000, 0x000000008dc00000| Untracked 
| 221|0x000000008dd00000, 0x000000008dd00000, 0x000000008de00000|  0%| F|  |TAMS 0x000000008dd00000, 0x000000008dd00000| Untracked 
| 222|0x000000008de00000, 0x000000008de00000, 0x000000008df00000|  0%| F|  |TAMS 0x000000008de00000, 0x000000008de00000| Untracked 
| 223|0x000000008df00000, 0x000000008df00000, 0x000000008e000000|  0%| F|  |TAMS 0x000000008df00000, 0x000000008df00000| Untracked 
| 224|0x000000008e000000, 0x000000008e000000, 0x000000008e100000|  0%| F|  |TAMS 0x000000008e000000, 0x000000008e000000| Untracked 
| 225|0x000000008e100000, 0x000000008e100000, 0x000000008e200000|  0%| F|  |TAMS 0x000000008e100000, 0x000000008e100000| Untracked 
| 226|0x000000008e200000, 0x000000008e200000, 0x000000008e300000|  0%| F|  |TAMS 0x000000008e200000, 0x000000008e200000| Untracked 
| 227|0x000000008e300000, 0x000000008e300000, 0x000000008e400000|  0%| F|  |TAMS 0x000000008e300000, 0x000000008e300000| Untracked 
| 228|0x000000008e400000, 0x000000008e400000, 0x000000008e500000|  0%| F|  |TAMS 0x000000008e400000, 0x000000008e400000| Untracked 
| 229|0x000000008e500000, 0x000000008e500000, 0x000000008e600000|  0%| F|  |TAMS 0x000000008e500000, 0x000000008e500000| Untracked 

Card table byte_map: [0x000002b721300000,0x000002b721700000] _byte_map_base: 0x000002b720f00000

Marking Bits (Prev, Next): (CMBitMap*) 0x000002b70cc98bb0, (CMBitMap*) 0x000002b70cc98b70
 Prev Bits: [0x000002b723b00000, 0x000002b725b00000)
 Next Bits: [0x000002b721b00000, 0x000002b723b00000)

Polling page: 0x000002b70cab0000

Metaspace:

Usage:
  Non-class:    109.84 MB used.
      Class:     16.85 MB used.
       Both:    126.69 MB used.

Virtual space:
  Non-class space:      112.00 MB reserved,     110.38 MB ( 99%) committed,  14 nodes.
      Class space:        1.00 GB reserved,      17.25 MB (  2%) committed,  1 nodes.
             Both:        1.11 GB reserved,     127.62 MB ( 11%) committed. 

Chunk freelists:
   Non-Class:  1.48 MB
       Class:  2.60 MB
        Both:  4.08 MB

MaxMetaspaceSize: unlimited
CompressedClassSpaceSize: 1.00 GB
Initial GC threshold: 21.00 MB
Current GC threshold: 211.56 MB
CDS: off
MetaspaceReclaimPolicy: balanced
 - commit_granule_bytes: 65536.
 - commit_granule_words: 8192.
 - virtual_space_node_default_size: 1048576.
 - enlarge_chunks_in_place: 1.
 - new_chunks_are_fully_committed: 0.
 - uncommit_free_chunks: 1.
 - use_allocation_guard: 0.
 - handle_deallocations: 1.


Internal statistics:

num_allocs_failed_limit: 12.
num_arena_births: 1500.
num_arena_deaths: 6.
num_vsnodes_births: 15.
num_vsnodes_deaths: 0.
num_space_committed: 2042.
num_space_uncommitted: 0.
num_chunks_returned_to_freelist: 20.
num_chunks_taken_from_freelist: 6441.
num_chunk_merges: 9.
num_chunk_splits: 4244.
num_chunks_enlarged: 2820.
num_purges: 4.
num_inconsistent_stats: 0.

CodeHeap 'non-profiled nmethods': size=120000Kb used=11612Kb max_used=11612Kb free=108387Kb
 bounds [0x000002b7193a0000, 0x000002b719f00000, 0x000002b7208d0000]
CodeHeap 'profiled nmethods': size=120000Kb used=37030Kb max_used=37030Kb free=82969Kb
 bounds [0x000002b7118d0000, 0x000002b713d00000, 0x000002b718e00000]
CodeHeap 'non-nmethods': size=5760Kb used=2451Kb max_used=2528Kb free=3308Kb
 bounds [0x000002b718e00000, 0x000002b719080000, 0x000002b7193a0000]
 total_blobs=19129 nmethods=18133 adapters=907
 compilation: enabled
              stopped_count=0, restarted_count=0
 full_count=0

Compilation events (20 events):
Event: 250.386 Thread 0x000002b728c0f170 21367       3       java.util.ServiceLoader$ModuleServicesLookupIterator::iteratorFor (191 bytes)
Event: 250.388 Thread 0x000002b728c0f170 nmethod 21367 0x000002b713cefa90 code [0x000002b713cf00c0, 0x000002b713cf3bc8]
Event: 250.396 Thread 0x000002b72d59f140 21368       4       com.sun.tools.javac.parser.Tokens$NamedToken::checkKind (43 bytes)
Event: 250.397 Thread 0x000002b72d59f140 nmethod 21368 0x000002b719ef5a90 code [0x000002b719ef5c00, 0x000002b719ef5cb8]
Event: 250.397 Thread 0x000002b728c0f170 21369       3       com.sun.tools.javac.parser.JavacParser::parExpression (47 bytes)
Event: 250.398 Thread 0x000002b728c0f170 nmethod 21369 0x000002b713cf5010 code [0x000002b713cf52a0, 0x000002b713cf5e98]
Event: 250.398 Thread 0x000002b728c0f170 21370       3       com.sun.tools.javac.parser.JavacParser::localVariableDeclarations (50 bytes)
Event: 250.398 Thread 0x000002b72d59f140 21371       4       com.sun.tools.javac.parser.Tokens$NamedToken::<init> (16 bytes)
Event: 250.398 Thread 0x000002b728c0c3b0 21372       4       com.sun.tools.javac.parser.JavacParser::accept (56 bytes)
Event: 250.399 Thread 0x000002b728c0f170 nmethod 21370 0x000002b713cf6490 code [0x000002b713cf6700, 0x000002b713cf7128]
Event: 250.401 Thread 0x000002b72d59f140 nmethod 21371 0x000002b719ef5d90 code [0x000002b719ef5f00, 0x000002b719ef6258]
Event: 250.401 Thread 0x000002b72d59f140 21373       4       com.sun.tools.javac.parser.JavaTokenizer::scanIdent (639 bytes)
Event: 250.401 Thread 0x000002b728c0f170 21377       3       com.sun.tools.javac.parser.JavacParser::typeParametersOpt (79 bytes)
Event: 250.402 Thread 0x000002b728c0f170 nmethod 21377 0x000002b713cf7610 code [0x000002b713cf7900, 0x000002b713cf8668]
Event: 250.402 Thread 0x000002b728c0f170 21378       3       com.sun.tools.javac.util.IntHashTable::rehash (88 bytes)
Event: 250.402 Thread 0x000002b728c0f170 nmethod 21378 0x000002b713cf8c10 code [0x000002b713cf8de0, 0x000002b713cf93a8]
Event: 250.402 Thread 0x000002b728c0f170 21379       3       com.sun.tools.javac.code.DeferredCompletionFailureHandler$3::uninstall (1 bytes)
Event: 250.403 Thread 0x000002b728c0f170 nmethod 21379 0x000002b713cf9610 code [0x000002b713cf97a0, 0x000002b713cf98b8]
Event: 250.404 Thread 0x000002b728c0c3b0 nmethod 21372 0x000002b719ef6390 code [0x000002b719ef6540, 0x000002b719ef6ca8]
Event: 250.404 Thread 0x000002b728c0c3b0 21376 %     4       com.sun.tools.javac.util.Position$LineMapImpl::build @ 25 (128 bytes)

GC Heap History (20 events):
Event: 52.157 GC heap after
{Heap after GC invocations=43 (full 0):
 garbage-first heap   total 214016K, used 104714K [0x0000000080000000, 0x0000000100000000)
  region size 1024K, 1 young (1024K), 1 survivors (1024K)
 Metaspace       used 125687K, committed 126528K, reserved 1163264K
  class space    used 16951K, committed 17344K, reserved 1048576K
}
Event: 54.577 GC heap before
{Heap before GC invocations=43 (full 0):
 garbage-first heap   total 214016K, used 169226K [0x0000000080000000, 0x0000000100000000)
  region size 1024K, 66 young (67584K), 1 survivors (1024K)
 Metaspace       used 127323K, committed 128128K, reserved 1163264K
  class space    used 17117K, committed 17472K, reserved 1048576K
}
Event: 54.583 GC heap after
{Heap after GC invocations=44 (full 0):
 garbage-first heap   total 214016K, used 109193K [0x0000000080000000, 0x0000000100000000)
  region size 1024K, 5 young (5120K), 5 survivors (5120K)
 Metaspace       used 127323K, committed 128128K, reserved 1163264K
  class space    used 17117K, committed 17472K, reserved 1048576K
}
Event: 124.237 GC heap before
{Heap before GC invocations=45 (full 0):
 garbage-first heap   total 214016K, used 185993K [0x0000000080000000, 0x0000000100000000)
  region size 1024K, 68 young (69632K), 5 survivors (5120K)
 Metaspace       used 127971K, committed 128832K, reserved 1163264K
  class space    used 17176K, committed 17536K, reserved 1048576K
}
Event: 124.248 GC heap after
{Heap after GC invocations=46 (full 0):
 garbage-first heap   total 214016K, used 115158K [0x0000000080000000, 0x0000000100000000)
  region size 1024K, 9 young (9216K), 9 survivors (9216K)
 Metaspace       used 127971K, committed 128832K, reserved 1163264K
  class space    used 17176K, committed 17536K, reserved 1048576K
}
Event: 124.267 GC heap before
{Heap before GC invocations=46 (full 0):
 garbage-first heap   total 214016K, used 118230K [0x0000000080000000, 0x0000000100000000)
  region size 1024K, 10 young (10240K), 9 survivors (9216K)
 Metaspace       used 127976K, committed 128832K, reserved 1163264K
  class space    used 17176K, committed 17536K, reserved 1048576K
}
Event: 124.276 GC heap after
{Heap after GC invocations=47 (full 0):
 garbage-first heap   total 214016K, used 116833K [0x0000000080000000, 0x0000000100000000)
  region size 1024K, 2 young (2048K), 2 survivors (2048K)
 Metaspace       used 127976K, committed 128832K, reserved 1163264K
  class space    used 17176K, committed 17536K, reserved 1048576K
}
Event: 125.085 GC heap before
{Heap before GC invocations=47 (full 0):
 garbage-first heap   total 214016K, used 171105K [0x0000000080000000, 0x0000000100000000)
  region size 1024K, 56 young (57344K), 2 survivors (2048K)
 Metaspace       used 128544K, committed 129408K, reserved 1163264K
  class space    used 17200K, committed 17600K, reserved 1048576K
}
Event: 125.091 GC heap after
{Heap after GC invocations=48 (full 0):
 garbage-first heap   total 214016K, used 121564K [0x0000000080000000, 0x0000000100000000)
  region size 1024K, 6 young (6144K), 6 survivors (6144K)
 Metaspace       used 128544K, committed 129408K, reserved 1163264K
  class space    used 17200K, committed 17600K, reserved 1048576K
}
Event: 167.627 GC heap before
{Heap before GC invocations=49 (full 0):
 garbage-first heap   total 235520K, used 186076K [0x0000000080000000, 0x0000000100000000)
  region size 1024K, 57 young (58368K), 6 survivors (6144K)
 Metaspace       used 128990K, committed 129920K, reserved 1163264K
  class space    used 17243K, committed 17664K, reserved 1048576K
}
Event: 167.637 GC heap after
{Heap after GC invocations=50 (full 0):
 garbage-first heap   total 235520K, used 126820K [0x0000000080000000, 0x0000000100000000)
  region size 1024K, 7 young (7168K), 7 survivors (7168K)
 Metaspace       used 128990K, committed 129920K, reserved 1163264K
  class space    used 17243K, committed 17664K, reserved 1048576K
}
Event: 167.688 GC heap before
{Heap before GC invocations=50 (full 0):
 garbage-first heap   total 235520K, used 130916K [0x0000000080000000, 0x0000000100000000)
  region size 1024K, 11 young (11264K), 7 survivors (7168K)
 Metaspace       used 129003K, committed 129984K, reserved 1163264K
  class space    used 17245K, committed 17664K, reserved 1048576K
}
Event: 167.698 GC heap after
{Heap after GC invocations=51 (full 0):
 garbage-first heap   total 235520K, used 122646K [0x0000000080000000, 0x0000000100000000)
  region size 1024K, 1 young (1024K), 1 survivors (1024K)
 Metaspace       used 129003K, committed 129984K, reserved 1163264K
  class space    used 17245K, committed 17664K, reserved 1048576K
}
Event: 167.942 GC heap before
{Heap before GC invocations=51 (full 0):
 garbage-first heap   total 235520K, used 130838K [0x0000000080000000, 0x0000000100000000)
  region size 1024K, 11 young (11264K), 1 survivors (1024K)
 Metaspace       used 129041K, committed 129984K, reserved 1163264K
  class space    used 17245K, committed 17664K, reserved 1048576K
}
Event: 167.945 GC heap after
{Heap after GC invocations=52 (full 0):
 garbage-first heap   total 235520K, used 124694K [0x0000000080000000, 0x0000000100000000)
  region size 1024K, 3 young (3072K), 3 survivors (3072K)
 Metaspace       used 129041K, committed 129984K, reserved 1163264K
  class space    used 17245K, committed 17664K, reserved 1048576K
}
Event: 249.353 GC heap before
{Heap before GC invocations=53 (full 0):
 garbage-first heap   total 235520K, used 201494K [0x0000000080000000, 0x0000000100000000)
  region size 1024K, 64 young (65536K), 3 survivors (3072K)
 Metaspace       used 129498K, committed 130432K, reserved 1163264K
  class space    used 17249K, committed 17664K, reserved 1048576K
}
Event: 249.358 GC heap after
{Heap after GC invocations=54 (full 0):
 garbage-first heap   total 235520K, used 126002K [0x0000000080000000, 0x0000000100000000)
  region size 1024K, 3 young (3072K), 3 survivors (3072K)
 Metaspace       used 129498K, committed 130432K, reserved 1163264K
  class space    used 17249K, committed 17664K, reserved 1048576K
}
Event: 249.456 GC heap before
{Heap before GC invocations=54 (full 0):
 garbage-first heap   total 235520K, used 133170K [0x0000000080000000, 0x0000000100000000)
  region size 1024K, 11 young (11264K), 3 survivors (3072K)
 Metaspace       used 129532K, committed 130432K, reserved 1163264K
  class space    used 17250K, committed 17664K, reserved 1048576K
}
Event: 249.463 GC heap after
{Heap after GC invocations=55 (full 0):
 garbage-first heap   total 235520K, used 109407K [0x0000000080000000, 0x0000000100000000)
  region size 1024K, 2 young (2048K), 2 survivors (2048K)
 Metaspace       used 129532K, committed 130432K, reserved 1163264K
  class space    used 17250K, committed 17664K, reserved 1048576K
}
Event: 250.407 GC heap before
{Heap before GC invocations=55 (full 0):
 garbage-first heap   total 235520K, used 156511K [0x0000000080000000, 0x0000000100000000)
  region size 1024K, 50 young (51200K), 2 survivors (2048K)
 Metaspace       used 129728K, committed 130688K, reserved 1163264K
  class space    used 17250K, committed 17664K, reserved 1048576K
}

Dll operation events (2 events):
Event: 0.006 Loaded shared library C:\Program Files\Android\Android Studio\jbr\bin\java.dll
Event: 0.397 Loaded shared library C:\Program Files\Android\Android Studio\jbr\bin\verify.dll

Deoptimization events (20 events):
Event: 167.980 Thread 0x000002b735acc820 DEOPT PACKING pc=0x000002b711f2d5e6 sp=0x000000ed8a6f8d50
Event: 167.980 Thread 0x000002b735acc820 DEOPT UNPACKING pc=0x000002b718e57143 sp=0x000000ed8a6f8260 mode 0
Event: 168.521 Thread 0x000002b735acc820 Uncommon trap: trap_request=0xffffff45 fr.pc=0x000002b719d14360 relative=0x0000000000000060
Event: 168.521 Thread 0x000002b735acc820 Uncommon trap: reason=unstable_if action=reinterpret pc=0x000002b719d14360 method=com.google.common.collect.HashBiMap.inverse()Lcom/google/common/collect/BiMap; @ 6 c2
Event: 168.521 Thread 0x000002b735acc820 DEOPT PACKING pc=0x000002b719d14360 sp=0x000000ed8a6fa530
Event: 168.521 Thread 0x000002b735acc820 DEOPT UNPACKING pc=0x000002b718e569a3 sp=0x000000ed8a6fa4c0 mode 2
Event: 168.796 Thread 0x000002b72ed159f0 Uncommon trap: trap_request=0xffffffc6 fr.pc=0x000002b719690794 relative=0x00000000000002d4
Event: 168.796 Thread 0x000002b72ed159f0 Uncommon trap: reason=bimorphic_or_optimized_type_check action=maybe_recompile pc=0x000002b719690794 method=org.gradle.internal.snapshot.ChildMapFactory.childMapFromSorted(Ljava/util/List;)Lorg/gradle/internal/snapshot/ChildMap; @ 1 c2
Event: 168.796 Thread 0x000002b72ed159f0 DEOPT PACKING pc=0x000002b719690794 sp=0x000000ed8a1fcca0
Event: 168.796 Thread 0x000002b72ed159f0 DEOPT UNPACKING pc=0x000002b718e569a3 sp=0x000000ed8a1fcc68 mode 2
Event: 249.403 Thread 0x000002b72e9e9010 Uncommon trap: trap_request=0xffffffde fr.pc=0x000002b7194ef99c relative=0x000000000000065c
Event: 249.403 Thread 0x000002b72e9e9010 Uncommon trap: reason=class_check action=maybe_recompile pc=0x000002b7194ef99c method=org.gradle.cache.internal.LockOnDemandCrossProcessCacheAccess.incrementLockCount()V @ 97 c2
Event: 249.403 Thread 0x000002b72e9e9010 DEOPT PACKING pc=0x000002b7194ef99c sp=0x000000ed863f7000
Event: 249.403 Thread 0x000002b72e9e9010 DEOPT UNPACKING pc=0x000002b718e569a3 sp=0x000000ed863f6fb0 mode 2
Event: 250.035 Thread 0x000002b72ed16390 DEOPT PACKING pc=0x000002b71224af2d sp=0x000000ed8a1fa2e0
Event: 250.035 Thread 0x000002b72ed16390 DEOPT UNPACKING pc=0x000002b718e57143 sp=0x000000ed8a1f9698 mode 0
Event: 250.395 Thread 0x000002b72ed16390 Uncommon trap: trap_request=0xffffffde fr.pc=0x000002b71978cadc relative=0x0000000000004d1c
Event: 250.395 Thread 0x000002b72ed16390 Uncommon trap: reason=class_check action=maybe_recompile pc=0x000002b71978cadc method=jdk.internal.loader.URLClassPath.getLoader(I)Ljdk/internal/loader/URLClassPath$Loader; @ 88 c2
Event: 250.395 Thread 0x000002b72ed16390 DEOPT PACKING pc=0x000002b71978cadc sp=0x000000ed8a1f8590
Event: 250.395 Thread 0x000002b72ed16390 DEOPT UNPACKING pc=0x000002b718e569a3 sp=0x000000ed8a1f85a0 mode 2

Classes unloaded (3 events):
Event: 14.466 Thread 0x000002b72816d270 Unloading class 0x0000000100ba4800 'java/lang/invoke/LambdaForm$DMH+0x0000000100ba4800'
Event: 14.466 Thread 0x000002b72816d270 Unloading class 0x0000000100ba4000 'java/lang/invoke/LambdaForm$DMH+0x0000000100ba4000'
Event: 51.156 Thread 0x000002b72816d270 Unloading class 0x0000000100d24800 'jdk/internal/reflect/GeneratedSerializationConstructorAccessor76'

Classes redefined (0 events):
No events

Internal exceptions (20 events):
Event: 250.277 Thread 0x000002b72ed16390 Exception <a 'sun/nio/fs/WindowsException'{0x000000008b83cd30}> (0x000000008b83cd30) 
thrown [s\src\hotspot\share\prims\jni.cpp, line 517]
Event: 250.279 Thread 0x000002b72ed16390 Exception <a 'sun/nio/fs/WindowsException'{0x000000008b83da80}> (0x000000008b83da80) 
thrown [s\src\hotspot\share\prims\jni.cpp, line 517]
Event: 250.281 Thread 0x000002b72ed16390 Exception <a 'sun/nio/fs/WindowsException'{0x000000008b843300}> (0x000000008b843300) 
thrown [s\src\hotspot\share\prims\jni.cpp, line 517]
Event: 250.283 Thread 0x000002b72ed16390 Exception <a 'sun/nio/fs/WindowsException'{0x000000008b844050}> (0x000000008b844050) 
thrown [s\src\hotspot\share\prims\jni.cpp, line 517]
Event: 250.288 Thread 0x000002b72ed16390 Exception <a 'sun/nio/fs/WindowsException'{0x000000008b844da0}> (0x000000008b844da0) 
thrown [s\src\hotspot\share\prims\jni.cpp, line 517]
Event: 250.290 Thread 0x000002b72ed16390 Exception <a 'sun/nio/fs/WindowsException'{0x000000008b845af0}> (0x000000008b845af0) 
thrown [s\src\hotspot\share\prims\jni.cpp, line 517]
Event: 250.292 Thread 0x000002b72ed16390 Exception <a 'sun/nio/fs/WindowsException'{0x000000008b846840}> (0x000000008b846840) 
thrown [s\src\hotspot\share\prims\jni.cpp, line 517]
Event: 250.294 Thread 0x000002b72ed16390 Exception <a 'sun/nio/fs/WindowsException'{0x000000008b847590}> (0x000000008b847590) 
thrown [s\src\hotspot\share\prims\jni.cpp, line 517]
Event: 250.296 Thread 0x000002b72ed16390 Exception <a 'sun/nio/fs/WindowsException'{0x000000008b848318}> (0x000000008b848318) 
thrown [s\src\hotspot\share\prims\jni.cpp, line 517]
Event: 250.299 Thread 0x000002b72ed16390 Exception <a 'sun/nio/fs/WindowsException'{0x000000008b849138}> (0x000000008b849138) 
thrown [s\src\hotspot\share\prims\jni.cpp, line 517]
Event: 250.301 Thread 0x000002b72ed16390 Exception <a 'sun/nio/fs/WindowsException'{0x000000008b849eb0}> (0x000000008b849eb0) 
thrown [s\src\hotspot\share\prims\jni.cpp, line 517]
Event: 250.305 Thread 0x000002b72ed16390 Exception <a 'sun/nio/fs/WindowsException'{0x000000008b84ac08}> (0x000000008b84ac08) 
thrown [s\src\hotspot\share\prims\jni.cpp, line 517]
Event: 250.309 Thread 0x000002b72ed16390 Exception <a 'sun/nio/fs/WindowsException'{0x000000008b84b958}> (0x000000008b84b958) 
thrown [s\src\hotspot\share\prims\jni.cpp, line 517]
Event: 250.311 Thread 0x000002b72ed16390 Exception <a 'sun/nio/fs/WindowsException'{0x000000008b84c710}> (0x000000008b84c710) 
thrown [s\src\hotspot\share\prims\jni.cpp, line 517]
Event: 250.314 Thread 0x000002b72ed16390 Exception <a 'sun/nio/fs/WindowsException'{0x000000008b84d468}> (0x000000008b84d468) 
thrown [s\src\hotspot\share\prims\jni.cpp, line 517]
Event: 250.316 Thread 0x000002b72ed16390 Exception <a 'sun/nio/fs/WindowsException'{0x000000008b84e1b8}> (0x000000008b84e1b8) 
thrown [s\src\hotspot\share\prims\jni.cpp, line 517]
Event: 250.318 Thread 0x000002b72ed16390 Exception <a 'sun/nio/fs/WindowsException'{0x000000008b84efc8}> (0x000000008b84efc8) 
thrown [s\src\hotspot\share\prims\jni.cpp, line 517]
Event: 250.320 Thread 0x000002b72ed16390 Exception <a 'sun/nio/fs/WindowsException'{0x000000008b84fd40}> (0x000000008b84fd40) 
thrown [s\src\hotspot\share\prims\jni.cpp, line 517]
Event: 250.403 Thread 0x000002b72ed16390 Exception <a 'sun/nio/fs/WindowsException'{0x000000008b49a288}> (0x000000008b49a288) 
thrown [s\src\hotspot\share\prims\jni.cpp, line 517]
Event: 250.403 Thread 0x000002b72ed16390 Exception <a 'sun/nio/fs/WindowsException'{0x000000008b49a518}> (0x000000008b49a518) 
thrown [s\src\hotspot\share\prims\jni.cpp, line 517]

VM Operations (20 events):
Event: 168.544 Executing VM operation: ICBufferFull done
Event: 168.796 Executing VM operation: ICBufferFull
Event: 168.796 Executing VM operation: ICBufferFull done
Event: 169.801 Executing VM operation: Cleanup
Event: 169.801 Executing VM operation: Cleanup done
Event: 182.885 Executing VM operation: Cleanup
Event: 182.885 Executing VM operation: Cleanup done
Event: 185.911 Executing VM operation: Cleanup
Event: 185.911 Executing VM operation: Cleanup done
Event: 191.941 Executing VM operation: Cleanup
Event: 191.941 Executing VM operation: Cleanup done
Event: 232.174 Executing VM operation: Cleanup
Event: 232.174 Executing VM operation: Cleanup done
Event: 249.353 Executing VM operation: G1CollectForAllocation
Event: 249.358 Executing VM operation: G1CollectForAllocation done
Event: 249.456 Executing VM operation: G1CollectForAllocation
Event: 249.463 Executing VM operation: G1CollectForAllocation done
Event: 250.184 Executing VM operation: ICBufferFull
Event: 250.184 Executing VM operation: ICBufferFull done
Event: 250.406 Executing VM operation: G1TryInitiateConcMark

Events (20 events):
Event: 249.493 Thread 0x000002b72b749950 Thread added: 0x000002b72b749950
Event: 249.493 Thread 0x000002b72b742f70 Thread added: 0x000002b72b742f70
Event: 249.493 Thread 0x000002b72b745120 Thread added: 0x000002b72b745120
Event: 249.493 Thread 0x000002b72b749480 Thread added: 0x000002b72b749480
Event: 249.493 Thread 0x000002b72b743440 Thread added: 0x000002b72b743440
Event: 249.493 Thread 0x000002b72b748fb0 Thread added: 0x000002b72b748fb0
Event: 249.493 Thread 0x000002b72b745ac0 Thread added: 0x000002b72b745ac0
Event: 249.493 Thread 0x000002b72b749e20 Thread added: 0x000002b72b749e20
Event: 249.493 Thread 0x000002b72b746930 Thread added: 0x000002b72b746930
Event: 249.494 Thread 0x000002b72917df50 Thread added: 0x000002b72917df50
Event: 249.544 Thread 0x000002b72ed15520 Thread added: 0x000002b72ed15520
Event: 249.941 Thread 0x000002b72ed16390 Thread added: 0x000002b72ed16390
Event: 249.942 Thread 0x000002b731101030 Thread added: 0x000002b731101030
Event: 249.942 Thread 0x000002b7311019d0 Thread added: 0x000002b7311019d0
Event: 249.942 Thread 0x000002b7335253e0 Thread added: 0x000002b7335253e0
Event: 249.943 Thread 0x000002b72e9ec9d0 Thread added: 0x000002b72e9ec9d0
Event: 250.223 Thread 0x000002b72e9e9e80 Thread added: 0x000002b72e9e9e80
Event: 250.224 Thread 0x000002b72e9ec500 Thread added: 0x000002b72e9ec500
Event: 250.224 Thread 0x000002b72e9eacf0 Thread added: 0x000002b72e9eacf0
Event: 250.224 Thread 0x000002b72e9ea350 Thread added: 0x000002b72e9ea350


Dynamic libraries:
0x00007ff6a5be0000 - 0x00007ff6a5bea000 	C:\Program Files\Android\Android Studio\jbr\bin\java.exe
0x00007ffc2edb0000 - 0x00007ffc2efa8000 	C:\WINDOWS\SYSTEM32\ntdll.dll
0x00007ffc2eb10000 - 0x00007ffc2ebcf000 	C:\WINDOWS\System32\KERNEL32.DLL
0x00007ffc2c9c0000 - 0x00007ffc2ccb6000 	C:\WINDOWS\System32\KERNELBASE.dll
0x00007ffc2c8c0000 - 0x00007ffc2c9c0000 	C:\WINDOWS\System32\ucrtbase.dll
0x00007ffc107e0000 - 0x00007ffc107fb000 	C:\Program Files\Android\Android Studio\jbr\bin\VCRUNTIME140.dll
0x00007ffc0fc80000 - 0x00007ffc0fc97000 	C:\Program Files\Android\Android Studio\jbr\bin\jli.dll
0x00007ffc124a0000 - 0x00007ffc1273a000 	C:\WINDOWS\WinSxS\amd64_microsoft.windows.common-controls_6595b64144ccf1df_6.0.19041.1110_none_60b5254171f9507e\COMCTL32.dll
0x00007ffc2ebd0000 - 0x00007ffc2ed6d000 	C:\WINDOWS\System32\USER32.dll
0x00007ffc2d440000 - 0x00007ffc2d4de000 	C:\WINDOWS\System32\msvcrt.dll
0x00007ffc2c6a0000 - 0x00007ffc2c6c2000 	C:\WINDOWS\System32\win32u.dll
0x00007ffc2ea10000 - 0x00007ffc2ea3c000 	C:\WINDOWS\System32\GDI32.dll
0x00007ffc2ccc0000 - 0x00007ffc2cdd5000 	C:\WINDOWS\System32\gdi32full.dll
0x00007ffc2c820000 - 0x00007ffc2c8bd000 	C:\WINDOWS\System32\msvcp_win.dll
0x00007ffc2e0a0000 - 0x00007ffc2e0d0000 	C:\WINDOWS\System32\IMM32.DLL
0x00007ffc1a2b0000 - 0x00007ffc1a2bc000 	C:\Program Files\Android\Android Studio\jbr\bin\vcruntime140_1.dll
0x00007ffc08fd0000 - 0x00007ffc0905d000 	C:\Program Files\Android\Android Studio\jbr\bin\msvcp140.dll
0x00007ffbc8ab0000 - 0x00007ffbc971e000 	C:\Program Files\Android\Android Studio\jbr\bin\server\jvm.dll
0x00007ffc2e200000 - 0x00007ffc2e2af000 	C:\WINDOWS\System32\ADVAPI32.dll
0x00007ffc2ce10000 - 0x00007ffc2ceac000 	C:\WINDOWS\System32\sechost.dll
0x00007ffc2dcf0000 - 0x00007ffc2de16000 	C:\WINDOWS\System32\RPCRT4.dll
0x00007ffc0ae40000 - 0x00007ffc0ae49000 	C:\WINDOWS\SYSTEM32\WSOCK32.dll
0x00007ffc24090000 - 0x00007ffc240b7000 	C:\WINDOWS\SYSTEM32\WINMM.dll
0x00007ffc259b0000 - 0x00007ffc259ba000 	C:\WINDOWS\SYSTEM32\VERSION.dll
0x00007ffc2e940000 - 0x00007ffc2e9ab000 	C:\WINDOWS\System32\WS2_32.dll
0x00007ffc2a350000 - 0x00007ffc2a362000 	C:\WINDOWS\SYSTEM32\kernel.appcore.dll
0x00007ffc28030000 - 0x00007ffc2803a000 	C:\Program Files\Android\Android Studio\jbr\bin\jimage.dll
0x00007ffc25b30000 - 0x00007ffc25d14000 	C:\WINDOWS\SYSTEM32\DBGHELP.DLL
0x00007ffc20360000 - 0x00007ffc20394000 	C:\WINDOWS\SYSTEM32\dbgcore.DLL
0x00007ffc2c6d0000 - 0x00007ffc2c752000 	C:\WINDOWS\System32\bcryptPrimitives.dll
0x00007ffc1d300000 - 0x00007ffc1d325000 	C:\Program Files\Android\Android Studio\jbr\bin\java.dll
0x00007ffc1d010000 - 0x00007ffc1d028000 	C:\Program Files\Android\Android Studio\jbr\bin\zip.dll
0x00007ffc2d5a0000 - 0x00007ffc2dce4000 	C:\WINDOWS\System32\SHELL32.dll
0x00007ffc2a550000 - 0x00007ffc2ace3000 	C:\WINDOWS\SYSTEM32\windows.storage.dll
0x00007ffc2e550000 - 0x00007ffc2e8a4000 	C:\WINDOWS\System32\combase.dll
0x00007ffc2be00000 - 0x00007ffc2be2e000 	C:\WINDOWS\SYSTEM32\Wldp.dll
0x00007ffc2dfd0000 - 0x00007ffc2e07d000 	C:\WINDOWS\System32\SHCORE.dll
0x00007ffc2e9b0000 - 0x00007ffc2ea05000 	C:\WINDOWS\System32\shlwapi.dll
0x00007ffc2c3c0000 - 0x00007ffc2c3e5000 	C:\WINDOWS\SYSTEM32\profapi.dll
0x00007ffc12930000 - 0x00007ffc12949000 	C:\Program Files\Android\Android Studio\jbr\bin\net.dll
0x00007ffc25a20000 - 0x00007ffc25b2a000 	C:\WINDOWS\SYSTEM32\WINHTTP.dll
0x00007ffc2bb60000 - 0x00007ffc2bbca000 	C:\WINDOWS\system32\mswsock.dll
0x00007ffc0fca0000 - 0x00007ffc0fcb6000 	C:\Program Files\Android\Android Studio\jbr\bin\nio.dll
0x00007ffc28020000 - 0x00007ffc28030000 	C:\Program Files\Android\Android Studio\jbr\bin\verify.dll
0x00007ffc0aff0000 - 0x00007ffc0b017000 	C:\Users\Pichau\.gradle\native\68d5fa5c4cc2d200863cafc0d521ce42e7d3e7ee720ec0a83991735586a16f82\windows-amd64\native-platform.dll
0x00007ffbf9f60000 - 0x00007ffbfa0a4000 	C:\Users\Pichau\.gradle\native\e376f236ea51e6404a007f0833ffe2c6e607c4080706a723a18a27aeea778392\windows-amd64\native-platform-file-events.dll
0x00007ffc27fd0000 - 0x00007ffc27fd9000 	C:\Program Files\Android\Android Studio\jbr\bin\management.dll
0x00007ffc21470000 - 0x00007ffc2147b000 	C:\Program Files\Android\Android Studio\jbr\bin\management_ext.dll
0x00007ffc2e930000 - 0x00007ffc2e938000 	C:\WINDOWS\System32\PSAPI.DLL
0x00007ffc2bd50000 - 0x00007ffc2bd68000 	C:\WINDOWS\SYSTEM32\CRYPTSP.dll
0x00007ffc2b470000 - 0x00007ffc2b4a4000 	C:\WINDOWS\system32\rsaenh.dll
0x00007ffc2cde0000 - 0x00007ffc2ce07000 	C:\WINDOWS\System32\bcrypt.dll
0x00007ffc2c340000 - 0x00007ffc2c36e000 	C:\WINDOWS\SYSTEM32\USERENV.dll
0x00007ffc2bd70000 - 0x00007ffc2bd7c000 	C:\WINDOWS\SYSTEM32\CRYPTBASE.dll
0x00007ffc2b850000 - 0x00007ffc2b88b000 	C:\WINDOWS\SYSTEM32\IPHLPAPI.DLL
0x00007ffc2e080000 - 0x00007ffc2e088000 	C:\WINDOWS\System32\NSI.dll
0x00007ffc269b0000 - 0x00007ffc269c7000 	C:\WINDOWS\SYSTEM32\dhcpcsvc6.DLL
0x00007ffc26990000 - 0x00007ffc269ad000 	C:\WINDOWS\SYSTEM32\dhcpcsvc.DLL
0x00007ffc2b890000 - 0x00007ffc2b95a000 	C:\WINDOWS\SYSTEM32\DNSAPI.dll
0x00007ffc12920000 - 0x00007ffc12927000 	C:\WINDOWS\system32\wshunix.dll
0x00007ffc2b590000 - 0x00007ffc2b5c3000 	C:\WINDOWS\SYSTEM32\ntmarta.dll

dbghelp: loaded successfully - version: 4.0.5 - missing functions: none
symbol engine: initialized successfully - sym options: 0x614 - pdb path: .;C:\Program Files\Android\Android Studio\jbr\bin;C:\WINDOWS\SYSTEM32;C:\WINDOWS\WinSxS\amd64_microsoft.windows.common-controls_6595b64144ccf1df_6.0.19041.1110_none_60b5254171f9507e;C:\Program Files\Android\Android Studio\jbr\bin\server;C:\Users\Pichau\.gradle\native\68d5fa5c4cc2d200863cafc0d521ce42e7d3e7ee720ec0a83991735586a16f82\windows-amd64;C:\Users\Pichau\.gradle\native\e376f236ea51e6404a007f0833ffe2c6e607c4080706a723a18a27aeea778392\windows-amd64

VM Arguments:
jvm_args: --add-opens=java.base/java.util=ALL-UNNAMED --add-opens=java.base/java.lang=ALL-UNNAMED --add-opens=java.base/java.lang.invoke=ALL-UNNAMED --add-opens=java.prefs/java.util.prefs=ALL-UNNAMED --add-opens=java.base/java.nio.charset=ALL-UNNAMED --add-opens=java.base/java.net=ALL-UNNAMED --add-opens=java.base/java.util.concurrent.atomic=ALL-UNNAMED -Xmx2048m -Dfile.encoding=UTF-8 -Duser.country=BR -Duser.language=pt -Duser.variant 
java_command: org.gradle.launcher.daemon.bootstrap.GradleDaemon 8.0
java_class_path (initial): C:\Users\Pichau\.gradle\wrapper\dists\gradle-8.0-bin\ca5e32bp14vu59qr306oxotwh\gradle-8.0\lib\gradle-launcher-8.0.jar
Launcher Type: SUN_STANDARD

[Global flags]
     intx CICompilerCount                          = 3                                         {product} {ergonomic}
     uint ConcGCThreads                            = 1                                         {product} {ergonomic}
     uint G1ConcRefinementThreads                  = 4                                         {product} {ergonomic}
   size_t G1HeapRegionSize                         = 1048576                                   {product} {ergonomic}
    uintx GCDrainStackTargetSize                   = 64                                        {product} {ergonomic}
   size_t InitialHeapSize                          = 234881024                                 {product} {ergonomic}
   size_t MarkStackSize                            = 4194304                                   {product} {ergonomic}
   size_t MaxHeapSize                              = 2147483648                                {product} {command line}
   size_t MaxNewSize                               = 1287651328                                {product} {ergonomic}
   size_t MinHeapDeltaBytes                        = 1048576                                   {product} {ergonomic}
   size_t MinHeapSize                              = 8388608                                   {product} {ergonomic}
    uintx NonNMethodCodeHeapSize                   = 5832780                                {pd product} {ergonomic}
    uintx NonProfiledCodeHeapSize                  = 122912730                              {pd product} {ergonomic}
    uintx ProfiledCodeHeapSize                     = 122912730                              {pd product} {ergonomic}
    uintx ReservedCodeCacheSize                    = 251658240                              {pd product} {ergonomic}
     bool SegmentedCodeCache                       = true                                      {product} {ergonomic}
   size_t SoftMaxHeapSize                          = 2147483648                             {manageable} {ergonomic}
     bool UseCompressedClassPointers               = true                           {product lp64_product} {ergonomic}
     bool UseCompressedOops                        = true                           {product lp64_product} {ergonomic}
     bool UseG1GC                                  = true                                      {product} {ergonomic}
     bool UseLargePagesIndividualAllocation        = false                                  {pd product} {ergonomic}

Logging:
Log output configuration:
 #0: stdout all=warning uptime,level,tags
 #1: stderr all=off uptime,level,tags

Environment Variables:
PATH=C:\WINDOWS\system32;C:\WINDOWS;C:\WINDOWS\System32\Wbem;C:\WINDOWS\System32\WindowsPowerShell\v1.0\;C:\WINDOWS\System32\OpenSSH\;C:\Program Files\Microsoft SQL Server\150\Tools\Binn\;C:\Program Files\Microsoft SQL Server\Client SDK\ODBC\170\Tools\Binn\;C:\Program Files\dotnet\;C:\Program Files\Microsoft SQL Server\Client SDK\ODBC\110\Tools\Binn\;C:\Program Files (x86)\Microsoft SQL Server\120\Tools\Binn\;C:\Program Files\Microsoft SQL Server\120\Tools\Binn\;C:\Program Files\Microsoft SQL Server\120\DTS\Binn\;C:\Program Files (x86)\Microsoft SQL Server\120\Tools\Binn\ManagementStudio\;C:\Program Files (x86)\Microsoft SQL Server\120\DTS\Binn\;C:\Users\Pichau\AppData\Local\Microsoft\WindowsApps;;C:\Users\Pichau\AppData\Local\Programs\Microsoft VS Code\bin;C:\Users\Pichau\.dotnet\tools
USERNAME=Tho
OS=Windows_NT
PROCESSOR_IDENTIFIER=AMD64 Family 23 Model 17 Stepping 0, AuthenticAMD
TMP=C:\Users\Pichau\AppData\Local\Temp
TEMP=C:\Users\Pichau\AppData\Local\Temp


JNI global refs:
JNI global refs: 27, weak refs: 2

JNI global refs memory usage: 843, weak refs: 841


---------------  S Y S T E M  ---------------

OS:
 Windows 10 , 64 bit Build 19041 (10.0.19041.3155)
OS uptime: 0 days 6:11 hours

CPU: total 4 (initial active 4) (4 cores per cpu, 1 threads per core) family 23 model 17 stepping 0 microcode 0x0, cx8, cmov, fxsr, mmx, 3dnowpref, sse, sse2, sse3, ssse3, sse4a, sse4.1, sse4.2, popcnt, lzcnt, tsc, tscinvbit, avx, avx2, aes, clmul, bmi1, bmi2, adx, sha, fma, vzeroupper, clflush, clflushopt

Memory: 4k page, system-wide physical 14264M (3132M free)
TotalPageFile size 14264M (AvailPageFile size 116M)
current process WorkingSet (physical memory assigned to process): 558M, peak: 569M
current process commit charge ("private bytes"): 581M, peak: 851M

vm_info: OpenJDK 64-Bit Server VM (17.0.6+0-b2043.56-10027231) for windows-amd64 JRE (17.0.6+0-b2043.56-10027231), built on Apr 28 2023 00:43:19 by "androidbuild" with MS VC++ 16.10 / 16.11 (VS2019)

END.
