#
# There is insufficient memory for the Java Runtime Environment to continue.
# Native memory allocation (mmap) failed to map 573571072 bytes for G1 virtual space
# Possible reasons:
#   The system is out of physical RAM or swap space
#   The process is running with CompressedOops enabled, and the Java Heap may be blocking the growth of the native heap
# Possible solutions:
#   Reduce memory load on the system
#   Increase physical memory or swap space
#   Check if swap backing store is full
#   Decrease Java heap size (-Xmx/-Xms)
#   Decrease number of Java threads
#   Decrease Java thread stack sizes (-Xss)
#   Set larger code cache with -XX:ReservedCodeCacheSize=
#   JVM is running with Unscaled Compressed Oops mode in which the Java heap is
#     placed in the first 4GB address space. The Java Heap base address is the
#     maximum limit for the native heap growth. Please use -XX:HeapBaseMinAddress
#     to set the Java Heap base and to place the Java Heap above 4GB virtual address.
# This output file may be truncated or incomplete.
#
#  Out of Memory Error (os_windows.cpp:3769), pid=11240, tid=3828
#
# JRE version: OpenJDK Runtime Environment (17.0.6) (build 17.0.6+0-b2043.56-10027231)
# Java VM: OpenJDK 64-Bit Server VM (17.0.6+0-b2043.56-10027231, mixed mode, tiered, compressed oops, compressed class ptrs, g1 gc, windows-amd64)
# No core dump will be written. Minidumps are not enabled by default on client versions of Windows
#

---------------  S U M M A R Y ------------

Command Line: --add-opens=java.base/java.util=ALL-UNNAMED --add-opens=java.base/java.lang=ALL-UNNAMED --add-opens=java.base/java.lang.invoke=ALL-UNNAMED --add-opens=java.prefs/java.util.prefs=ALL-UNNAMED --add-opens=java.base/java.nio.charset=ALL-UNNAMED --add-opens=java.base/java.net=ALL-UNNAMED --add-opens=java.base/java.util.concurrent.atomic=ALL-UNNAMED -Xmx2048m -Dfile.encoding=UTF-8 -Duser.country=BR -Duser.language=pt -Duser.variant org.gradle.launcher.daemon.bootstrap.GradleDaemon 8.0

Host: AMD Ryzen 3 2200G with Radeon Vega Graphics    , 4 cores, 13G,  Windows 10 , 64 bit Build 19041 (10.0.19041.3155)
Time: Tue Sep 12 22:34:22 2023 Hora oficial do Brasil elapsed time: 7436.140986 seconds (0d 2h 3m 56s)

---------------  T H R E A D  ---------------

Current thread (0x00000200f9e6dfa0):  VMThread "VM Thread" [stack: 0x000000e1d8000000,0x000000e1d8100000] [id=3828]

Stack: [0x000000e1d8000000,0x000000e1d8100000]
Native frames: (J=compiled Java code, j=interpreted, Vv=VM code, C=native code)
V  [jvm.dll+0x683c9a]
V  [jvm.dll+0x8427a4]
V  [jvm.dll+0x843f9e]
V  [jvm.dll+0x844603]
V  [jvm.dll+0x249b75]
V  [jvm.dll+0x680b69]
V  [jvm.dll+0x67505a]
V  [jvm.dll+0x309acb]
V  [jvm.dll+0x310f86]
V  [jvm.dll+0x3608ee]
V  [jvm.dll+0x360b1f]
V  [jvm.dll+0x2dfbf8]
V  [jvm.dll+0x2ddec4]
V  [jvm.dll+0x2dd4cc]
V  [jvm.dll+0x322261]
V  [jvm.dll+0x848ccb]
V  [jvm.dll+0x849a04]
V  [jvm.dll+0x849f1d]
V  [jvm.dll+0x84a2f4]
V  [jvm.dll+0x84a3c0]
V  [jvm.dll+0x7f274a]
V  [jvm.dll+0x682ad5]
C  [ucrtbase.dll+0x21bb2]
C  [KERNEL32.DLL+0x17614]
C  [ntdll.dll+0x526b1]

VM_Operation (0x000000e1de5fe860): G1TryInitiateConcMark, mode: safepoint, requested by thread 0x0000020084dbb060


---------------  P R O C E S S  ---------------

Threads class SMR info:
_java_thread_list=0x00000200835a97b0, length=98, elements={
0x00000200e0887f10, 0x00000200f9e89610, 0x00000200f9e8b6a0, 0x00000200fa822950,
0x00000200fa823410, 0x00000200fa825ce0, 0x00000200fa8265a0, 0x00000200fa827240,
0x00000200fa8add60, 0x00000200fa8ae270, 0x00000200fa9d2f00, 0x00000200fa9d3be0,
0x00000200fd32d530, 0x00000200fd056040, 0x00000200fd32bcd0, 0x00000200fc0b6f20,
0x00000200fc0b8730, 0x00000200fc0b6a50, 0x00000200fc0b60b0, 0x00000200fc0b5240,
0x00000200fc0b7d90, 0x00000200fdace3c0, 0x00000200fdace890, 0x00000200fdad00a0,
0x00000200fdad0570, 0x00000200fdacd080, 0x00000200fa87be40, 0x00000200840b3210,
0x0000020084dbd210, 0x0000020084dbe550, 0x0000020080064b50, 0x0000020080065020,
0x00000200800654f0, 0x0000020080066830, 0x00000200800659c0, 0x0000020083fc5460,
0x0000020083fc5930, 0x0000020084dbbed0, 0x0000020084dbc3a0, 0x0000020084dbcd40,
0x0000020080066d00, 0x0000020080b6c410, 0x0000020080b680b0, 0x0000020080b68580,
0x0000020080b6d280, 0x0000020080b6ac00, 0x0000020080b66d70, 0x0000020080b68a50,
0x0000020080b6b5a0, 0x0000020080b6c8e0, 0x0000020080b69d90, 0x0000020080b698c0,
0x0000020080b6d750, 0x0000020080b68f20, 0x0000020080b6a730, 0x0000020080b6a260,
0x0000020080b6ba70, 0x0000020080b6cdb0, 0x0000020080b65f00, 0x0000020080b663d0,
0x0000020080b67240, 0x00000200fa878480, 0x00000200fa87dff0, 0x00000200fa87a160,
0x00000200fa87ab00, 0x00000200fa87c310, 0x00000200fa87afd0, 0x00000200fa87d180,
0x00000200fa87b4a0, 0x00000200fa87d650, 0x00000200fa87c7e0, 0x00000200fa87ccb0,
0x00000200fa87e4c0, 0x00000200fa878950, 0x00000200fa87e990, 0x00000200fa87ee60,
0x00000200fa878e20, 0x00000200fa8792f0, 0x00000200fa877610, 0x00000200fa877ae0,
0x00000200fa877fb0, 0x00000200800671d0, 0x00000200838c1dc0, 0x00000200838bdf30,
0x00000200838bcbf0, 0x00000200838c2c30, 0x00000200838bf270, 0x00000200838bf740,
0x00000200838bfc10, 0x00000200838c0f50, 0x00000200838c00e0, 0x000002008861b740,
0x00000200838c0a80, 0x00000200838c3100, 0x00000200838bbd80, 0x00000200838bc720,
0x00000200838bd0c0, 0x0000020084dbb060
}

Java Threads: ( => current thread )
  0x00000200e0887f10 JavaThread "main" [_thread_blocked, id=6088, stack(0x000000e1d7a00000,0x000000e1d7b00000)]
  0x00000200f9e89610 JavaThread "Reference Handler" daemon [_thread_blocked, id=6724, stack(0x000000e1d8100000,0x000000e1d8200000)]
  0x00000200f9e8b6a0 JavaThread "Finalizer" daemon [_thread_blocked, id=10304, stack(0x000000e1d8200000,0x000000e1d8300000)]
  0x00000200fa822950 JavaThread "Signal Dispatcher" daemon [_thread_blocked, id=4104, stack(0x000000e1d8300000,0x000000e1d8400000)]
  0x00000200fa823410 JavaThread "Attach Listener" daemon [_thread_blocked, id=4808, stack(0x000000e1d8400000,0x000000e1d8500000)]
  0x00000200fa825ce0 JavaThread "Service Thread" daemon [_thread_blocked, id=9208, stack(0x000000e1d8500000,0x000000e1d8600000)]
  0x00000200fa8265a0 JavaThread "Monitor Deflation Thread" daemon [_thread_blocked, id=7980, stack(0x000000e1d8600000,0x000000e1d8700000)]
  0x00000200fa827240 JavaThread "C2 CompilerThread0" daemon [_thread_in_native, id=10708, stack(0x000000e1d8700000,0x000000e1d8800000)]
  0x00000200fa8add60 JavaThread "C1 CompilerThread0" daemon [_thread_blocked, id=6092, stack(0x000000e1d8800000,0x000000e1d8900000)]
  0x00000200fa8ae270 JavaThread "Sweeper thread" daemon [_thread_blocked, id=10200, stack(0x000000e1d8900000,0x000000e1d8a00000)]
  0x00000200fa9d2f00 JavaThread "Common-Cleaner" daemon [_thread_blocked, id=10772, stack(0x000000e1d8a00000,0x000000e1d8b00000)]
  0x00000200fa9d3be0 JavaThread "Notification Thread" daemon [_thread_blocked, id=10472, stack(0x000000e1d8b00000,0x000000e1d8c00000)]
  0x00000200fd32d530 JavaThread "Daemon health stats" [_thread_blocked, id=9152, stack(0x000000e1d9100000,0x000000e1d9200000)]
  0x00000200fd056040 JavaThread "Incoming local TCP Connector on port 50376" [_thread_in_native, id=1592, stack(0x000000e1d9200000,0x000000e1d9300000)]
  0x00000200fd32bcd0 JavaThread "Daemon periodic checks" [_thread_blocked, id=5976, stack(0x000000e1d9300000,0x000000e1d9400000)]
  0x00000200fc0b6f20 JavaThread "Cache worker for journal cache (C:\Users\Pichau\.gradle\caches\journal-1)" [_thread_blocked, id=8464, stack(0x000000e1d9b00000,0x000000e1d9c00000)]
  0x00000200fc0b8730 JavaThread "File lock request listener" [_thread_in_native, id=5332, stack(0x000000e1d9c00000,0x000000e1d9d00000)]
  0x00000200fc0b6a50 JavaThread "Cache worker for file hash cache (C:\Users\Pichau\.gradle\caches\8.0\fileHashes)" [_thread_blocked, id=9624, stack(0x000000e1d9d00000,0x000000e1d9e00000)]
  0x00000200fc0b60b0 JavaThread "File watcher server" daemon [_thread_blocked, id=976, stack(0x000000e1d9e00000,0x000000e1d9f00000)]
  0x00000200fc0b5240 JavaThread "File watcher consumer" daemon [_thread_blocked, id=9636, stack(0x000000e1d9f00000,0x000000e1da000000)]
  0x00000200fc0b7d90 JavaThread "Cache worker for file content cache (C:\Users\Pichau\.gradle\caches\8.0\fileContent)" [_thread_blocked, id=532, stack(0x000000e1da200000,0x000000e1da300000)]
  0x00000200fdace3c0 JavaThread "Cache worker for execution history cache (C:\Users\Pichau\.gradle\caches\8.0\executionHistory)" [_thread_blocked, id=3216, stack(0x000000e1d8d00000,0x000000e1d8e00000)]
  0x00000200fdace890 JavaThread "jar transforms" [_thread_blocked, id=6448, stack(0x000000e1da500000,0x000000e1da600000)]
  0x00000200fdad00a0 JavaThread "jar transforms Thread 2" [_thread_blocked, id=6416, stack(0x000000e1da700000,0x000000e1da800000)]
  0x00000200fdad0570 JavaThread "jar transforms Thread 3" [_thread_blocked, id=6852, stack(0x000000e1da900000,0x000000e1daa00000)]
  0x00000200fdacd080 JavaThread "jar transforms Thread 4" [_thread_blocked, id=9852, stack(0x000000e1daa00000,0x000000e1dab00000)]
  0x00000200fa87be40 JavaThread "Memory manager" [_thread_blocked, id=4848, stack(0x000000e1dd700000,0x000000e1dd800000)]
  0x00000200840b3210 JavaThread "Cache worker for Java compile cache (C:\Users\Pichau\.gradle\caches\8.0\javaCompile)" [_thread_blocked, id=2768, stack(0x000000e1de700000,0x000000e1de800000)]
  0x0000020084dbd210 JavaThread "Daemon Thread 16" [_thread_blocked, id=7076, stack(0x000000e1d7800000,0x000000e1d7900000)]
  0x0000020084dbe550 JavaThread "Handler for socket connection from /127.0.0.1:50376 to /127.0.0.1:52526" [_thread_in_native, id=7472, stack(0x000000e1d7900000,0x000000e1d7a00000)]
  0x0000020080064b50 JavaThread "Cancel handler" [_thread_blocked, id=6428, stack(0x000000e1d9400000,0x000000e1d9500000)]
  0x0000020080065020 JavaThread "Daemon worker Thread 16" [_thread_blocked, id=5344, stack(0x000000e1d9500000,0x000000e1d9600000)]
  0x00000200800654f0 JavaThread "Asynchronous log dispatcher for DefaultDaemonConnection: socket connection from /127.0.0.1:50376 to /127.0.0.1:52526" [_thread_blocked, id=132, stack(0x000000e1d9600000,0x000000e1d9700000)]
  0x0000020080066830 JavaThread "Stdin handler" [_thread_blocked, id=8080, stack(0x000000e1d9700000,0x000000e1d9800000)]
  0x00000200800659c0 JavaThread "Daemon client event forwarder" [_thread_blocked, id=7924, stack(0x000000e1d9800000,0x000000e1d9900000)]
  0x0000020083fc5460 JavaThread "Cache worker for checksums cache (C:\Users\Pichau\AndroidStudioProjects\Tcc_funcionario\.gradle\8.0\checksums)" [_thread_blocked, id=1112, stack(0x000000e1d9900000,0x000000e1d9a00000)]
  0x0000020083fc5930 JavaThread "Cache worker for cache directory md-rule (C:\Users\Pichau\.gradle\caches\8.0\md-rule)" [_thread_blocked, id=2336, stack(0x000000e1d9a00000,0x000000e1d9b00000)]
  0x0000020084dbbed0 JavaThread "Cache worker for file hash cache (C:\Users\Pichau\AndroidStudioProjects\Tcc_funcionario\.gradle\8.0\fileHashes)" [_thread_blocked, id=7388, stack(0x000000e1da000000,0x000000e1da100000)]
  0x0000020084dbc3a0 JavaThread "Cache worker for cache directory md-supplier (C:\Users\Pichau\.gradle\caches\8.0\md-supplier)" [_thread_blocked, id=9000, stack(0x000000e1da100000,0x000000e1da200000)]
  0x0000020084dbcd40 JavaThread "Cache worker for dependencies-accessors (C:\Users\Pichau\AndroidStudioProjects\Tcc_funcionario\.gradle\8.0\dependencies-accessors)" [_thread_blocked, id=2688, stack(0x000000e1da300000,0x000000e1da400000)]
  0x0000020080066d00 JavaThread "Cache worker for Build Output Cleanup Cache (C:\Users\Pichau\AndroidStudioProjects\Tcc_funcionario\.gradle\buildOutputCleanup)" [_thread_blocked, id=4440, stack(0x000000e1da400000,0x000000e1da500000)]
  0x0000020080b6c410 JavaThread "Unconstrained build operations" [_thread_blocked, id=8844, stack(0x000000e1da600000,0x000000e1da700000)]
  0x0000020080b680b0 JavaThread "Unconstrained build operations Thread 2" [_thread_blocked, id=4796, stack(0x000000e1dab00000,0x000000e1dac00000)]
  0x0000020080b68580 JavaThread "Unconstrained build operations Thread 3" [_thread_blocked, id=7676, stack(0x000000e1dac00000,0x000000e1dad00000)]
  0x0000020080b6d280 JavaThread "Unconstrained build operations Thread 4" [_thread_blocked, id=664, stack(0x000000e1dad00000,0x000000e1dae00000)]
  0x0000020080b6ac00 JavaThread "Unconstrained build operations Thread 5" [_thread_blocked, id=1372, stack(0x000000e1dae00000,0x000000e1daf00000)]
  0x0000020080b66d70 JavaThread "Unconstrained build operations Thread 6" [_thread_blocked, id=6324, stack(0x000000e1daf00000,0x000000e1db000000)]
  0x0000020080b68a50 JavaThread "Unconstrained build operations Thread 7" [_thread_blocked, id=10296, stack(0x000000e1db000000,0x000000e1db100000)]
  0x0000020080b6b5a0 JavaThread "Unconstrained build operations Thread 8" [_thread_blocked, id=7744, stack(0x000000e1db100000,0x000000e1db200000)]
  0x0000020080b6c8e0 JavaThread "Unconstrained build operations Thread 9" [_thread_blocked, id=2628, stack(0x000000e1db200000,0x000000e1db300000)]
  0x0000020080b69d90 JavaThread "Unconstrained build operations Thread 10" [_thread_blocked, id=10128, stack(0x000000e1db300000,0x000000e1db400000)]
  0x0000020080b698c0 JavaThread "Unconstrained build operations Thread 11" [_thread_blocked, id=9932, stack(0x000000e1db400000,0x000000e1db500000)]
  0x0000020080b6d750 JavaThread "Unconstrained build operations Thread 12" [_thread_blocked, id=11024, stack(0x000000e1db500000,0x000000e1db600000)]
  0x0000020080b68f20 JavaThread "Unconstrained build operations Thread 13" [_thread_blocked, id=10572, stack(0x000000e1db600000,0x000000e1db700000)]
  0x0000020080b6a730 JavaThread "Unconstrained build operations Thread 14" [_thread_blocked, id=7144, stack(0x000000e1db700000,0x000000e1db800000)]
  0x0000020080b6a260 JavaThread "Unconstrained build operations Thread 15" [_thread_blocked, id=10628, stack(0x000000e1db800000,0x000000e1db900000)]
  0x0000020080b6ba70 JavaThread "Unconstrained build operations Thread 16" [_thread_blocked, id=7604, stack(0x000000e1db900000,0x000000e1dba00000)]
  0x0000020080b6cdb0 JavaThread "Unconstrained build operations Thread 17" [_thread_blocked, id=8608, stack(0x000000e1dba00000,0x000000e1dbb00000)]
  0x0000020080b65f00 JavaThread "Unconstrained build operations Thread 18" [_thread_blocked, id=6960, stack(0x000000e1dbb00000,0x000000e1dbc00000)]
  0x0000020080b663d0 JavaThread "Unconstrained build operations Thread 19" [_thread_blocked, id=9584, stack(0x000000e1dbc00000,0x000000e1dbd00000)]
  0x0000020080b67240 JavaThread "Unconstrained build operations Thread 20" [_thread_blocked, id=6952, stack(0x000000e1dbd00000,0x000000e1dbe00000)]
  0x00000200fa878480 JavaThread "Unconstrained build operations Thread 21" [_thread_blocked, id=8224, stack(0x000000e1dbe00000,0x000000e1dbf00000)]
  0x00000200fa87dff0 JavaThread "Unconstrained build operations Thread 22" [_thread_blocked, id=7416, stack(0x000000e1dbf00000,0x000000e1dc000000)]
  0x00000200fa87a160 JavaThread "Unconstrained build operations Thread 23" [_thread_blocked, id=1776, stack(0x000000e1dc000000,0x000000e1dc100000)]
  0x00000200fa87ab00 JavaThread "Unconstrained build operations Thread 24" [_thread_blocked, id=10728, stack(0x000000e1dc100000,0x000000e1dc200000)]
  0x00000200fa87c310 JavaThread "Unconstrained build operations Thread 25" [_thread_blocked, id=10436, stack(0x000000e1dc200000,0x000000e1dc300000)]
  0x00000200fa87afd0 JavaThread "Unconstrained build operations Thread 26" [_thread_blocked, id=9788, stack(0x000000e1dc300000,0x000000e1dc400000)]
  0x00000200fa87d180 JavaThread "Unconstrained build operations Thread 27" [_thread_blocked, id=6328, stack(0x000000e1dc400000,0x000000e1dc500000)]
  0x00000200fa87b4a0 JavaThread "Unconstrained build operations Thread 28" [_thread_blocked, id=9420, stack(0x000000e1dc500000,0x000000e1dc600000)]
  0x00000200fa87d650 JavaThread "Unconstrained build operations Thread 29" [_thread_blocked, id=8332, stack(0x000000e1dc600000,0x000000e1dc700000)]
  0x00000200fa87c7e0 JavaThread "Unconstrained build operations Thread 30" [_thread_blocked, id=9052, stack(0x000000e1dc700000,0x000000e1dc800000)]
  0x00000200fa87ccb0 JavaThread "Unconstrained build operations Thread 31" [_thread_blocked, id=7140, stack(0x000000e1dc800000,0x000000e1dc900000)]
  0x00000200fa87e4c0 JavaThread "Unconstrained build operations Thread 32" [_thread_blocked, id=2932, stack(0x000000e1dc900000,0x000000e1dca00000)]
  0x00000200fa878950 JavaThread "Unconstrained build operations Thread 33" [_thread_blocked, id=8460, stack(0x000000e1dca00000,0x000000e1dcb00000)]
  0x00000200fa87e990 JavaThread "Unconstrained build operations Thread 34" [_thread_blocked, id=4368, stack(0x000000e1dcb00000,0x000000e1dcc00000)]
  0x00000200fa87ee60 JavaThread "Unconstrained build operations Thread 35" [_thread_blocked, id=7068, stack(0x000000e1dcc00000,0x000000e1dcd00000)]
  0x00000200fa878e20 JavaThread "Unconstrained build operations Thread 36" [_thread_blocked, id=4916, stack(0x000000e1dcd00000,0x000000e1dce00000)]
  0x00000200fa8792f0 JavaThread "Unconstrained build operations Thread 37" [_thread_blocked, id=10368, stack(0x000000e1dce00000,0x000000e1dcf00000)]
  0x00000200fa877610 JavaThread "Unconstrained build operations Thread 38" [_thread_blocked, id=2468, stack(0x000000e1dcf00000,0x000000e1dd000000)]
  0x00000200fa877ae0 JavaThread "Unconstrained build operations Thread 39" [_thread_blocked, id=5380, stack(0x000000e1dd000000,0x000000e1dd100000)]
  0x00000200fa877fb0 JavaThread "Unconstrained build operations Thread 40" [_thread_blocked, id=11080, stack(0x000000e1dd100000,0x000000e1dd200000)]
  0x00000200800671d0 JavaThread "build event listener" [_thread_blocked, id=3124, stack(0x000000e1dd200000,0x000000e1dd300000)]
  0x00000200838c1dc0 JavaThread "included builds" [_thread_blocked, id=8540, stack(0x000000e1dd400000,0x000000e1dd500000)]
  0x00000200838bdf30 JavaThread "Execution worker" [_thread_blocked, id=5780, stack(0x000000e1dd500000,0x000000e1dd600000)]
  0x00000200838bcbf0 JavaThread "Execution worker Thread 2" [_thread_blocked, id=8800, stack(0x000000e1dd600000,0x000000e1dd700000)]
  0x00000200838c2c30 JavaThread "Execution worker Thread 3" [_thread_blocked, id=2380, stack(0x000000e1dd800000,0x000000e1dd900000)]
  0x00000200838bf270 JavaThread "Cache worker for execution history cache (C:\Users\Pichau\AndroidStudioProjects\Tcc_funcionario\.gradle\8.0\executionHistory)" [_thread_blocked, id=7668, stack(0x000000e1dd900000,0x000000e1dda00000)]
  0x00000200838bf740 JavaThread "Build operations" [_thread_blocked, id=932, stack(0x000000e1dda00000,0x000000e1ddb00000)]
  0x00000200838bfc10 JavaThread "Build operations Thread 2" [_thread_blocked, id=7716, stack(0x000000e1ddb00000,0x000000e1ddc00000)]
  0x00000200838c0f50 JavaThread "Build operations Thread 3" [_thread_blocked, id=7880, stack(0x000000e1ddc00000,0x000000e1ddd00000)]
  0x00000200838c00e0 JavaThread "Build operations Thread 4" [_thread_blocked, id=1416, stack(0x000000e1ddf00000,0x000000e1de000000)]
  0x000002008861b740 JavaThread "C2 CompilerThread1" daemon [_thread_blocked, id=6040, stack(0x000000e1dd300000,0x000000e1dd400000)]
  0x00000200838c0a80 JavaThread "WorkerExecutor Queue" [_thread_blocked, id=1520, stack(0x000000e1de000000,0x000000e1de100000)]
  0x00000200838c3100 JavaThread "WorkerExecutor Queue Thread 2" [_thread_blocked, id=4436, stack(0x000000e1de100000,0x000000e1de200000)]
  0x00000200838bbd80 JavaThread "WorkerExecutor Queue Thread 3" [_thread_blocked, id=236, stack(0x000000e1de200000,0x000000e1de300000)]
  0x00000200838bc720 JavaThread "WorkerExecutor Queue Thread 4" [_thread_blocked, id=9632, stack(0x000000e1de300000,0x000000e1de400000)]
  0x00000200838bd0c0 JavaThread "WorkerExecutor Queue Thread 5" [_thread_blocked, id=10640, stack(0x000000e1de400000,0x000000e1de500000)]
  0x0000020084dbb060 JavaThread "ForkJoinPool.commonPool-worker-31" daemon [_thread_blocked, id=10464, stack(0x000000e1de500000,0x000000e1de600000)]

Other Threads:
=>0x00000200f9e6dfa0 VMThread "VM Thread" [stack: 0x000000e1d8000000,0x000000e1d8100000] [id=3828]
  0x00000200fa9fc290 WatcherThread [stack: 0x000000e1d8c00000,0x000000e1d8d00000] [id=4568]
  0x00000200e08e62c0 GCTaskThread "GC Thread#0" [stack: 0x000000e1d7b00000,0x000000e1d7c00000] [id=4212]
  0x00000200fab931a0 GCTaskThread "GC Thread#1" [stack: 0x000000e1d8e00000,0x000000e1d8f00000] [id=5872]
  0x00000200fafcbfc0 GCTaskThread "GC Thread#2" [stack: 0x000000e1d8f00000,0x000000e1d9000000] [id=6984]
  0x00000200faae0420 GCTaskThread "GC Thread#3" [stack: 0x000000e1d9000000,0x000000e1d9100000] [id=8828]
  0x00000200e08f7110 ConcurrentGCThread "G1 Main Marker" [stack: 0x000000e1d7c00000,0x000000e1d7d00000] [id=9108]
  0x00000200e08fa320 ConcurrentGCThread "G1 Conc#0" [stack: 0x000000e1d7d00000,0x000000e1d7e00000] [id=7680]
  0x00000200e095d280 ConcurrentGCThread "G1 Refine#0" [stack: 0x000000e1d7e00000,0x000000e1d7f00000] [id=8816]
  0x00000200fcc5e560 ConcurrentGCThread "G1 Refine#1" [stack: 0x000000e1da800000,0x000000e1da900000] [id=10448]
  0x00000200ff58f2c0 ConcurrentGCThread "G1 Refine#2" [stack: 0x000000e1ddd00000,0x000000e1dde00000] [id=4444]
  0x00000200ff58dea0 ConcurrentGCThread "G1 Refine#3" [stack: 0x000000e1dde00000,0x000000e1ddf00000] [id=8792]
  0x00000200e095ebc0 ConcurrentGCThread "G1 Service" [stack: 0x000000e1d7f00000,0x000000e1d8000000] [id=7448]

Threads with active compile tasks:
C2 CompilerThread0  7436171 33906       4       com.android.tools.r8.internal.fk::a (2962 bytes)
C2 CompilerThread1  7436171 33902       4       com.android.tools.r8.internal.fk::b (624 bytes)

VM state: at safepoint (normal execution)

VM Mutex/Monitor currently owned by a thread:  ([mutex/lock_event])
[0x00000200e0883470] Threads_lock - owner thread: 0x00000200f9e6dfa0
[0x00000200e0882030] Heap_lock - owner thread: 0x0000020084dbb060

Heap address: 0x0000000080000000, size: 2048 MB, Compressed Oops mode: 32-bit

CDS archive(s) not mapped
Compressed class space mapped at: 0x0000000100000000-0x0000000140000000, reserved size: 1073741824
Narrow klass base: 0x0000000000000000, Narrow klass shift: 3, Narrow klass range: 0x140000000

GC Precious Log:
 CPUs: 4 total, 4 available
 Memory: 14264M
 Large Page Support: Disabled
 NUMA Support: Disabled
 Compressed Oops: Enabled (32-bit)
 Heap Region Size: 1M
 Heap Min Capacity: 8M
 Heap Initial Capacity: 224M
 Heap Max Capacity: 2G
 Pre-touch: Disabled
 Parallel Workers: 4
 Concurrent Workers: 1
 Concurrent Refinement Workers: 4
 Periodic GC: Disabled

Heap:
 garbage-first heap   total 312320K, used 119789K [0x0000000080000000, 0x0000000100000000)
  region size 1024K, 1 young (1024K), 1 survivors (1024K)
 Metaspace       used 148541K, committed 150272K, reserved 1179648K
  class space    used 19184K, committed 20032K, reserved 1048576K

Heap Regions: E=young(eden), S=young(survivor), O=old, HS=humongous(starts), HC=humongous(continues), CS=collection set, F=free, OA=open archive, CA=closed archive, TAMS=top-at-mark-start (previous, next)
|   0|0x0000000080000000, 0x0000000080100000, 0x0000000080100000|100%| O|  |TAMS 0x0000000080100000, 0x0000000080100000| Untracked 
|   1|0x0000000080100000, 0x0000000080200000, 0x0000000080200000|100%| O|  |TAMS 0x0000000080200000, 0x0000000080200000| Untracked 
|   2|0x0000000080200000, 0x0000000080300000, 0x0000000080300000|100%|HS|  |TAMS 0x0000000080300000, 0x0000000080300000| Complete 
|   3|0x0000000080300000, 0x0000000080400000, 0x0000000080400000|100%|HC|  |TAMS 0x0000000080400000, 0x0000000080400000| Complete 
|   4|0x0000000080400000, 0x0000000080500000, 0x0000000080500000|100%|HC|  |TAMS 0x0000000080500000, 0x0000000080500000| Complete 
|   5|0x0000000080500000, 0x0000000080600000, 0x0000000080600000|100%|HC|  |TAMS 0x0000000080600000, 0x0000000080600000| Complete 
|   6|0x0000000080600000, 0x0000000080700000, 0x0000000080700000|100%| O|  |TAMS 0x0000000080700000, 0x0000000080700000| Untracked 
|   7|0x0000000080700000, 0x0000000080800000, 0x0000000080800000|100%| O|  |TAMS 0x0000000080800000, 0x0000000080800000| Untracked 
|   8|0x0000000080800000, 0x0000000080900000, 0x0000000080900000|100%| O|  |TAMS 0x0000000080900000, 0x0000000080900000| Untracked 
|   9|0x0000000080900000, 0x0000000080a00000, 0x0000000080a00000|100%| O|  |TAMS 0x0000000080a00000, 0x0000000080a00000| Untracked 
|  10|0x0000000080a00000, 0x0000000080b00000, 0x0000000080b00000|100%| O|  |TAMS 0x0000000080b00000, 0x0000000080b00000| Untracked 
|  11|0x0000000080b00000, 0x0000000080c00000, 0x0000000080c00000|100%| O|  |TAMS 0x0000000080c00000, 0x0000000080c00000| Untracked 
|  12|0x0000000080c00000, 0x0000000080d00000, 0x0000000080d00000|100%| O|  |TAMS 0x0000000080d00000, 0x0000000080d00000| Untracked 
|  13|0x0000000080d00000, 0x0000000080e00000, 0x0000000080e00000|100%| O|  |TAMS 0x0000000080e00000, 0x0000000080e00000| Untracked 
|  14|0x0000000080e00000, 0x0000000080f00000, 0x0000000080f00000|100%| O|  |TAMS 0x0000000080f00000, 0x0000000080f00000| Untracked 
|  15|0x0000000080f00000, 0x0000000081000000, 0x0000000081000000|100%| O|  |TAMS 0x0000000081000000, 0x0000000081000000| Untracked 
|  16|0x0000000081000000, 0x0000000081100000, 0x0000000081100000|100%| O|  |TAMS 0x0000000081100000, 0x0000000081100000| Untracked 
|  17|0x0000000081100000, 0x0000000081200000, 0x0000000081200000|100%| O|  |TAMS 0x0000000081200000, 0x0000000081200000| Untracked 
|  18|0x0000000081200000, 0x0000000081300000, 0x0000000081300000|100%| O|  |TAMS 0x0000000081300000, 0x0000000081300000| Untracked 
|  19|0x0000000081300000, 0x0000000081400000, 0x0000000081400000|100%| O|  |TAMS 0x0000000081400000, 0x0000000081400000| Untracked 
|  20|0x0000000081400000, 0x0000000081500000, 0x0000000081500000|100%| O|  |TAMS 0x0000000081500000, 0x0000000081500000| Untracked 
|  21|0x0000000081500000, 0x0000000081600000, 0x0000000081600000|100%| O|  |TAMS 0x0000000081600000, 0x0000000081600000| Untracked 
|  22|0x0000000081600000, 0x0000000081700000, 0x0000000081700000|100%| O|  |TAMS 0x0000000081700000, 0x0000000081700000| Untracked 
|  23|0x0000000081700000, 0x0000000081800000, 0x0000000081800000|100%| O|  |TAMS 0x0000000081800000, 0x0000000081800000| Untracked 
|  24|0x0000000081800000, 0x0000000081900000, 0x0000000081900000|100%| O|  |TAMS 0x0000000081900000, 0x0000000081900000| Untracked 
|  25|0x0000000081900000, 0x0000000081a00000, 0x0000000081a00000|100%| O|  |TAMS 0x0000000081a00000, 0x0000000081a00000| Untracked 
|  26|0x0000000081a00000, 0x0000000081b00000, 0x0000000081b00000|100%| O|  |TAMS 0x0000000081b00000, 0x0000000081b00000| Untracked 
|  27|0x0000000081b00000, 0x0000000081c00000, 0x0000000081c00000|100%| O|  |TAMS 0x0000000081c00000, 0x0000000081c00000| Untracked 
|  28|0x0000000081c00000, 0x0000000081d00000, 0x0000000081d00000|100%| O|  |TAMS 0x0000000081d00000, 0x0000000081d00000| Untracked 
|  29|0x0000000081d00000, 0x0000000081e00000, 0x0000000081e00000|100%| O|  |TAMS 0x0000000081e00000, 0x0000000081e00000| Untracked 
|  30|0x0000000081e00000, 0x0000000081f00000, 0x0000000081f00000|100%| O|  |TAMS 0x0000000081f00000, 0x0000000081f00000| Untracked 
|  31|0x0000000081f00000, 0x0000000082000000, 0x0000000082000000|100%| O|  |TAMS 0x0000000082000000, 0x0000000082000000| Untracked 
|  32|0x0000000082000000, 0x0000000082100000, 0x0000000082100000|100%| O|  |TAMS 0x0000000082100000, 0x0000000082100000| Untracked 
|  33|0x0000000082100000, 0x0000000082200000, 0x0000000082200000|100%| O|  |TAMS 0x0000000082200000, 0x0000000082200000| Untracked 
|  34|0x0000000082200000, 0x0000000082300000, 0x0000000082300000|100%| O|  |TAMS 0x0000000082300000, 0x0000000082300000| Untracked 
|  35|0x0000000082300000, 0x0000000082300000, 0x0000000082400000|  0%| F|  |TAMS 0x0000000082300000, 0x0000000082300000| Untracked 
|  36|0x0000000082400000, 0x0000000082400000, 0x0000000082500000|  0%| F|  |TAMS 0x0000000082400000, 0x0000000082400000| Untracked 
|  37|0x0000000082500000, 0x0000000082600000, 0x0000000082600000|100%| O|  |TAMS 0x0000000082500000, 0x0000000082600000| Untracked 
|  38|0x0000000082600000, 0x0000000082700000, 0x0000000082700000|100%| O|  |TAMS 0x0000000082600000, 0x0000000082700000| Untracked 
|  39|0x0000000082700000, 0x0000000082800000, 0x0000000082800000|100%| O|  |TAMS 0x0000000082800000, 0x0000000082800000| Untracked 
|  40|0x0000000082800000, 0x0000000082900000, 0x0000000082900000|100%|HS|  |TAMS 0x0000000082900000, 0x0000000082900000| Complete 
|  41|0x0000000082900000, 0x0000000082a00000, 0x0000000082a00000|100%|HS|  |TAMS 0x0000000082a00000, 0x0000000082a00000| Complete 
|  42|0x0000000082a00000, 0x0000000082b00000, 0x0000000082b00000|100%| O|  |TAMS 0x0000000082b00000, 0x0000000082b00000| Untracked 
|  43|0x0000000082b00000, 0x0000000082c00000, 0x0000000082c00000|100%| O|  |TAMS 0x0000000082c00000, 0x0000000082c00000| Untracked 
|  44|0x0000000082c00000, 0x0000000082d00000, 0x0000000082d00000|100%| O|  |TAMS 0x0000000082d00000, 0x0000000082d00000| Untracked 
|  45|0x0000000082d00000, 0x0000000082e00000, 0x0000000082e00000|100%| O|  |TAMS 0x0000000082e00000, 0x0000000082e00000| Untracked 
|  46|0x0000000082e00000, 0x0000000082f00000, 0x0000000082f00000|100%| O|  |TAMS 0x0000000082f00000, 0x0000000082f00000| Untracked 
|  47|0x0000000082f00000, 0x0000000083000000, 0x0000000083000000|100%| O|  |TAMS 0x0000000083000000, 0x0000000083000000| Untracked 
|  48|0x0000000083000000, 0x0000000083100000, 0x0000000083100000|100%| O|  |TAMS 0x0000000083000000, 0x0000000083100000| Untracked 
|  49|0x0000000083100000, 0x0000000083200000, 0x0000000083200000|100%| O|  |TAMS 0x0000000083200000, 0x0000000083200000| Untracked 
|  50|0x0000000083200000, 0x0000000083300000, 0x0000000083300000|100%| O|  |TAMS 0x0000000083300000, 0x0000000083300000| Untracked 
|  51|0x0000000083300000, 0x0000000083300000, 0x0000000083400000|  0%| F|  |TAMS 0x0000000083300000, 0x0000000083300000| Untracked 
|  52|0x0000000083400000, 0x0000000083500000, 0x0000000083500000|100%| O|  |TAMS 0x0000000083500000, 0x0000000083500000| Untracked 
|  53|0x0000000083500000, 0x0000000083600000, 0x0000000083600000|100%| O|  |TAMS 0x0000000083600000, 0x0000000083600000| Untracked 
|  54|0x0000000083600000, 0x0000000083700000, 0x0000000083700000|100%| O|  |TAMS 0x0000000083700000, 0x0000000083700000| Untracked 
|  55|0x0000000083700000, 0x0000000083800000, 0x0000000083800000|100%| O|  |TAMS 0x0000000083800000, 0x0000000083800000| Untracked 
|  56|0x0000000083800000, 0x0000000083900000, 0x0000000083900000|100%| O|  |TAMS 0x0000000083900000, 0x0000000083900000| Untracked 
|  57|0x0000000083900000, 0x0000000083900000, 0x0000000083a00000|  0%| F|  |TAMS 0x0000000083900000, 0x0000000083900000| Untracked 
|  58|0x0000000083a00000, 0x0000000083b00000, 0x0000000083b00000|100%| O|  |TAMS 0x0000000083b00000, 0x0000000083b00000| Untracked 
|  59|0x0000000083b00000, 0x0000000083c00000, 0x0000000083c00000|100%| O|  |TAMS 0x0000000083c00000, 0x0000000083c00000| Untracked 
|  60|0x0000000083c00000, 0x0000000083d00000, 0x0000000083d00000|100%| O|  |TAMS 0x0000000083c00000, 0x0000000083d00000| Untracked 
|  61|0x0000000083d00000, 0x0000000083e00000, 0x0000000083e00000|100%| O|  |TAMS 0x0000000083e00000, 0x0000000083e00000| Untracked 
|  62|0x0000000083e00000, 0x0000000083f00000, 0x0000000083f00000|100%| O|  |TAMS 0x0000000083f00000, 0x0000000083f00000| Untracked 
|  63|0x0000000083f00000, 0x0000000084000000, 0x0000000084000000|100%| O|  |TAMS 0x0000000084000000, 0x0000000084000000| Untracked 
|  64|0x0000000084000000, 0x0000000084100000, 0x0000000084100000|100%| O|  |TAMS 0x0000000084100000, 0x0000000084100000| Untracked 
|  65|0x0000000084100000, 0x0000000084200000, 0x0000000084200000|100%| O|  |TAMS 0x0000000084200000, 0x0000000084200000| Untracked 
|  66|0x0000000084200000, 0x0000000084300000, 0x0000000084300000|100%| O|  |TAMS 0x0000000084300000, 0x0000000084300000| Untracked 
|  67|0x0000000084300000, 0x0000000084300000, 0x0000000084400000|  0%| F|  |TAMS 0x0000000084300000, 0x0000000084300000| Untracked 
|  68|0x0000000084400000, 0x0000000084500000, 0x0000000084500000|100%| O|  |TAMS 0x0000000084500000, 0x0000000084500000| Untracked 
|  69|0x0000000084500000, 0x0000000084600000, 0x0000000084600000|100%| O|  |TAMS 0x0000000084600000, 0x0000000084600000| Untracked 
|  70|0x0000000084600000, 0x0000000084600000, 0x0000000084700000|  0%| F|  |TAMS 0x0000000084600000, 0x0000000084600000| Untracked 
|  71|0x0000000084700000, 0x0000000084800000, 0x0000000084800000|100%| O|  |TAMS 0x0000000084800000, 0x0000000084800000| Untracked 
|  72|0x0000000084800000, 0x0000000084900000, 0x0000000084900000|100%| O|  |TAMS 0x0000000084900000, 0x0000000084900000| Untracked 
|  73|0x0000000084900000, 0x0000000084a00000, 0x0000000084a00000|100%| O|  |TAMS 0x0000000084a00000, 0x0000000084a00000| Untracked 
|  74|0x0000000084a00000, 0x0000000084b00000, 0x0000000084b00000|100%| O|  |TAMS 0x0000000084a00000, 0x0000000084b00000| Untracked 
|  75|0x0000000084b00000, 0x0000000084c00000, 0x0000000084c00000|100%| O|  |TAMS 0x0000000084c00000, 0x0000000084c00000| Untracked 
|  76|0x0000000084c00000, 0x0000000084d00000, 0x0000000084d00000|100%| O|  |TAMS 0x0000000084c00000, 0x0000000084d00000| Untracked 
|  77|0x0000000084d00000, 0x0000000084e00000, 0x0000000084e00000|100%| O|  |TAMS 0x0000000084e00000, 0x0000000084e00000| Untracked 
|  78|0x0000000084e00000, 0x0000000084f00000, 0x0000000084f00000|100%| O|  |TAMS 0x0000000084f00000, 0x0000000084f00000| Untracked 
|  79|0x0000000084f00000, 0x0000000085000000, 0x0000000085000000|100%| O|  |TAMS 0x0000000084f00000, 0x0000000085000000| Untracked 
|  80|0x0000000085000000, 0x0000000085100000, 0x0000000085100000|100%| O|  |TAMS 0x0000000085100000, 0x0000000085100000| Untracked 
|  81|0x0000000085100000, 0x0000000085200000, 0x0000000085200000|100%| O|  |TAMS 0x0000000085100000, 0x0000000085200000| Untracked 
|  82|0x0000000085200000, 0x0000000085300000, 0x0000000085300000|100%| O|  |TAMS 0x0000000085300000, 0x0000000085300000| Untracked 
|  83|0x0000000085300000, 0x0000000085400000, 0x0000000085400000|100%| O|  |TAMS 0x0000000085300000, 0x0000000085400000| Untracked 
|  84|0x0000000085400000, 0x0000000085500000, 0x0000000085500000|100%| O|  |TAMS 0x0000000085400000, 0x0000000085500000| Untracked 
|  85|0x0000000085500000, 0x0000000085600000, 0x0000000085600000|100%| O|  |TAMS 0x0000000085500000, 0x0000000085600000| Untracked 
|  86|0x0000000085600000, 0x0000000085700000, 0x0000000085700000|100%| O|  |TAMS 0x0000000085600000, 0x0000000085700000| Untracked 
|  87|0x0000000085700000, 0x0000000085800000, 0x0000000085800000|100%| O|  |TAMS 0x0000000085800000, 0x0000000085800000| Untracked 
|  88|0x0000000085800000, 0x0000000085900000, 0x0000000085900000|100%| O|  |TAMS 0x0000000085900000, 0x0000000085900000| Untracked 
|  89|0x0000000085900000, 0x0000000085a00000, 0x0000000085a00000|100%| O|  |TAMS 0x0000000085a00000, 0x0000000085a00000| Untracked 
|  90|0x0000000085a00000, 0x0000000085b00000, 0x0000000085b00000|100%| O|  |TAMS 0x0000000085b00000, 0x0000000085b00000| Untracked 
|  91|0x0000000085b00000, 0x0000000085c00000, 0x0000000085c00000|100%| O|  |TAMS 0x0000000085c00000, 0x0000000085c00000| Untracked 
|  92|0x0000000085c00000, 0x0000000085c00000, 0x0000000085d00000|  0%| F|  |TAMS 0x0000000085c00000, 0x0000000085c00000| Untracked 
|  93|0x0000000085d00000, 0x0000000085e00000, 0x0000000085e00000|100%| O|  |TAMS 0x0000000085e00000, 0x0000000085e00000| Untracked 
|  94|0x0000000085e00000, 0x0000000085e00000, 0x0000000085f00000|  0%| F|  |TAMS 0x0000000085e00000, 0x0000000085e00000| Untracked 
|  95|0x0000000085f00000, 0x0000000086000000, 0x0000000086000000|100%| O|  |TAMS 0x0000000086000000, 0x0000000086000000| Untracked 
|  96|0x0000000086000000, 0x0000000086000000, 0x0000000086100000|  0%| F|  |TAMS 0x0000000086000000, 0x0000000086000000| Untracked 
|  97|0x0000000086100000, 0x0000000086100000, 0x0000000086200000|  0%| F|  |TAMS 0x0000000086100000, 0x0000000086100000| Untracked 
|  98|0x0000000086200000, 0x0000000086300000, 0x0000000086300000|100%| O|  |TAMS 0x0000000086300000, 0x0000000086300000| Untracked 
|  99|0x0000000086300000, 0x0000000086400000, 0x0000000086400000|100%| O|  |TAMS 0x0000000086400000, 0x0000000086400000| Untracked 
| 100|0x0000000086400000, 0x0000000086500000, 0x0000000086500000|100%| O|  |TAMS 0x0000000086500000, 0x0000000086500000| Untracked 
| 101|0x0000000086500000, 0x0000000086600000, 0x0000000086600000|100%| O|  |TAMS 0x0000000086600000, 0x0000000086600000| Untracked 
| 102|0x0000000086600000, 0x0000000086700000, 0x0000000086700000|100%| O|  |TAMS 0x0000000086700000, 0x0000000086700000| Untracked 
| 103|0x0000000086700000, 0x0000000086800000, 0x0000000086800000|100%| O|  |TAMS 0x0000000086800000, 0x0000000086800000| Untracked 
| 104|0x0000000086800000, 0x0000000086800000, 0x0000000086900000|  0%| F|  |TAMS 0x0000000086800000, 0x0000000086800000| Untracked 
| 105|0x0000000086900000, 0x0000000086900000, 0x0000000086a00000|  0%| F|  |TAMS 0x0000000086900000, 0x0000000086900000| Untracked 
| 106|0x0000000086a00000, 0x0000000086a00000, 0x0000000086b00000|  0%| F|  |TAMS 0x0000000086a00000, 0x0000000086a00000| Untracked 
| 107|0x0000000086b00000, 0x0000000086b00000, 0x0000000086c00000|  0%| F|  |TAMS 0x0000000086b00000, 0x0000000086b00000| Untracked 
| 108|0x0000000086c00000, 0x0000000086c00000, 0x0000000086d00000|  0%| F|  |TAMS 0x0000000086c00000, 0x0000000086c00000| Untracked 
| 109|0x0000000086d00000, 0x0000000086e00000, 0x0000000086e00000|100%| O|  |TAMS 0x0000000086d17200, 0x0000000086e00000| Untracked 
| 110|0x0000000086e00000, 0x0000000086f00000, 0x0000000086f00000|100%| O|  |TAMS 0x0000000086f00000, 0x0000000086f00000| Untracked 
| 111|0x0000000086f00000, 0x0000000087000000, 0x0000000087000000|100%| O|  |TAMS 0x0000000086f00000, 0x0000000087000000| Untracked 
| 112|0x0000000087000000, 0x0000000087100000, 0x0000000087100000|100%| O|  |TAMS 0x0000000087000000, 0x0000000087100000| Untracked 
| 113|0x0000000087100000, 0x0000000087200000, 0x0000000087200000|100%| O|  |TAMS 0x0000000087200000, 0x0000000087200000| Untracked 
| 114|0x0000000087200000, 0x0000000087300000, 0x0000000087300000|100%| O|  |TAMS 0x0000000087200000, 0x0000000087300000| Untracked 
| 115|0x0000000087300000, 0x000000008731f400, 0x0000000087400000| 12%| O|  |TAMS 0x0000000087300000, 0x000000008731f400| Untracked 
| 116|0x0000000087400000, 0x0000000087400000, 0x0000000087500000|  0%| F|  |TAMS 0x0000000087400000, 0x0000000087400000| Untracked 
| 117|0x0000000087500000, 0x0000000087500000, 0x0000000087600000|  0%| F|  |TAMS 0x0000000087500000, 0x0000000087500000| Untracked 
| 118|0x0000000087600000, 0x0000000087700000, 0x0000000087700000|100%| O|  |TAMS 0x0000000087700000, 0x0000000087700000| Untracked 
| 119|0x0000000087700000, 0x0000000087800000, 0x0000000087800000|100%|HS|  |TAMS 0x0000000087800000, 0x0000000087800000| Complete 
| 120|0x0000000087800000, 0x0000000087900000, 0x0000000087900000|100%|HC|  |TAMS 0x0000000087900000, 0x0000000087900000| Complete 
| 121|0x0000000087900000, 0x0000000087a00000, 0x0000000087a00000|100%| O|  |TAMS 0x0000000087a00000, 0x0000000087a00000| Untracked 
| 122|0x0000000087a00000, 0x0000000087b00000, 0x0000000087b00000|100%| O|  |TAMS 0x0000000087b00000, 0x0000000087b00000| Untracked 
| 123|0x0000000087b00000, 0x0000000087c00000, 0x0000000087c00000|100%| O|  |TAMS 0x0000000087c00000, 0x0000000087c00000| Untracked 
| 124|0x0000000087c00000, 0x0000000087c00000, 0x0000000087d00000|  0%| F|  |TAMS 0x0000000087c00000, 0x0000000087c00000| Untracked 
| 125|0x0000000087d00000, 0x0000000087e00000, 0x0000000087e00000|100%| O|  |TAMS 0x0000000087e00000, 0x0000000087e00000| Untracked 
| 126|0x0000000087e00000, 0x0000000087f00000, 0x0000000087f00000|100%| O|  |TAMS 0x0000000087f00000, 0x0000000087f00000| Untracked 
| 127|0x0000000087f00000, 0x0000000088000000, 0x0000000088000000|100%| O|  |TAMS 0x0000000088000000, 0x0000000088000000| Untracked 
| 128|0x0000000088000000, 0x0000000088100000, 0x0000000088100000|100%| O|  |TAMS 0x0000000088100000, 0x0000000088100000| Untracked 
| 129|0x0000000088100000, 0x0000000088200000, 0x0000000088200000|100%| O|  |TAMS 0x0000000088200000, 0x0000000088200000| Untracked 
| 130|0x0000000088200000, 0x0000000088200000, 0x0000000088300000|  0%| F|  |TAMS 0x0000000088200000, 0x0000000088200000| Untracked 
| 131|0x0000000088300000, 0x0000000088400000, 0x0000000088400000|100%| O|  |TAMS 0x0000000088400000, 0x0000000088400000| Untracked 
| 132|0x0000000088400000, 0x0000000088400000, 0x0000000088500000|  0%| F|  |TAMS 0x0000000088400000, 0x0000000088400000| Untracked 
| 133|0x0000000088500000, 0x0000000088500000, 0x0000000088600000|  0%| F|  |TAMS 0x0000000088500000, 0x0000000088500000| Untracked 
| 134|0x0000000088600000, 0x0000000088600000, 0x0000000088700000|  0%| F|  |TAMS 0x0000000088600000, 0x0000000088600000| Untracked 
| 135|0x0000000088700000, 0x0000000088800000, 0x0000000088800000|100%| O|  |TAMS 0x0000000088800000, 0x0000000088800000| Untracked 
| 136|0x0000000088800000, 0x0000000088800000, 0x0000000088900000|  0%| F|  |TAMS 0x0000000088800000, 0x0000000088800000| Untracked 
| 137|0x0000000088900000, 0x0000000088900000, 0x0000000088a00000|  0%| F|  |TAMS 0x0000000088900000, 0x0000000088900000| Untracked 
| 138|0x0000000088a00000, 0x0000000088a00000, 0x0000000088b00000|  0%| F|  |TAMS 0x0000000088a00000, 0x0000000088a00000| Untracked 
| 139|0x0000000088b00000, 0x0000000088b00000, 0x0000000088c00000|  0%| F|  |TAMS 0x0000000088b00000, 0x0000000088b00000| Untracked 
| 140|0x0000000088c00000, 0x0000000088c00000, 0x0000000088d00000|  0%| F|  |TAMS 0x0000000088c00000, 0x0000000088c00000| Untracked 
| 141|0x0000000088d00000, 0x0000000088d00000, 0x0000000088e00000|  0%| F|  |TAMS 0x0000000088d00000, 0x0000000088d00000| Untracked 
| 142|0x0000000088e00000, 0x0000000088e00000, 0x0000000088f00000|  0%| F|  |TAMS 0x0000000088e00000, 0x0000000088e00000| Untracked 
| 143|0x0000000088f00000, 0x0000000088f00000, 0x0000000089000000|  0%| F|  |TAMS 0x0000000088f00000, 0x0000000088f00000| Untracked 
| 144|0x0000000089000000, 0x0000000089000000, 0x0000000089100000|  0%| F|  |TAMS 0x0000000089000000, 0x0000000089000000| Untracked 
| 145|0x0000000089100000, 0x0000000089100000, 0x0000000089200000|  0%| F|  |TAMS 0x0000000089100000, 0x0000000089100000| Untracked 
| 146|0x0000000089200000, 0x0000000089200000, 0x0000000089300000|  0%| F|  |TAMS 0x0000000089200000, 0x0000000089200000| Untracked 
| 147|0x0000000089300000, 0x0000000089300000, 0x0000000089400000|  0%| F|  |TAMS 0x0000000089300000, 0x0000000089300000| Untracked 
| 148|0x0000000089400000, 0x0000000089400000, 0x0000000089500000|  0%| F|  |TAMS 0x0000000089400000, 0x0000000089400000| Untracked 
| 149|0x0000000089500000, 0x0000000089500000, 0x0000000089600000|  0%| F|  |TAMS 0x0000000089500000, 0x0000000089500000| Untracked 
| 150|0x0000000089600000, 0x0000000089600000, 0x0000000089700000|  0%| F|  |TAMS 0x0000000089600000, 0x0000000089600000| Untracked 
| 151|0x0000000089700000, 0x0000000089700000, 0x0000000089800000|  0%| F|  |TAMS 0x0000000089700000, 0x0000000089700000| Untracked 
| 152|0x0000000089800000, 0x0000000089800000, 0x0000000089900000|  0%| F|  |TAMS 0x0000000089800000, 0x0000000089800000| Untracked 
| 153|0x0000000089900000, 0x0000000089900000, 0x0000000089a00000|  0%| F|  |TAMS 0x0000000089900000, 0x0000000089900000| Untracked 
| 154|0x0000000089a00000, 0x0000000089a00000, 0x0000000089b00000|  0%| F|  |TAMS 0x0000000089a00000, 0x0000000089a00000| Untracked 
| 155|0x0000000089b00000, 0x0000000089b00000, 0x0000000089c00000|  0%| F|  |TAMS 0x0000000089b00000, 0x0000000089b00000| Untracked 
| 156|0x0000000089c00000, 0x0000000089c00000, 0x0000000089d00000|  0%| F|  |TAMS 0x0000000089c00000, 0x0000000089c00000| Untracked 
| 157|0x0000000089d00000, 0x0000000089d00000, 0x0000000089e00000|  0%| F|  |TAMS 0x0000000089d00000, 0x0000000089d00000| Untracked 
| 158|0x0000000089e00000, 0x0000000089f00000, 0x0000000089f00000|100%| O|  |TAMS 0x0000000089f00000, 0x0000000089f00000| Untracked 
| 159|0x0000000089f00000, 0x000000008a000000, 0x000000008a000000|100%| O|  |TAMS 0x000000008a000000, 0x000000008a000000| Untracked 
| 160|0x000000008a000000, 0x000000008a100000, 0x000000008a100000|100%| O|  |TAMS 0x000000008a100000, 0x000000008a100000| Untracked 
| 161|0x000000008a100000, 0x000000008a100000, 0x000000008a200000|  0%| F|  |TAMS 0x000000008a100000, 0x000000008a100000| Untracked 
| 162|0x000000008a200000, 0x000000008a200000, 0x000000008a300000|  0%| F|  |TAMS 0x000000008a200000, 0x000000008a200000| Untracked 
| 163|0x000000008a300000, 0x000000008a300000, 0x000000008a400000|  0%| F|  |TAMS 0x000000008a300000, 0x000000008a300000| Untracked 
| 164|0x000000008a400000, 0x000000008a400000, 0x000000008a500000|  0%| F|  |TAMS 0x000000008a400000, 0x000000008a400000| Untracked 
| 165|0x000000008a500000, 0x000000008a500000, 0x000000008a600000|  0%| F|  |TAMS 0x000000008a500000, 0x000000008a500000| Untracked 
| 166|0x000000008a600000, 0x000000008a600000, 0x000000008a700000|  0%| F|  |TAMS 0x000000008a600000, 0x000000008a600000| Untracked 
| 167|0x000000008a700000, 0x000000008a700000, 0x000000008a800000|  0%| F|  |TAMS 0x000000008a700000, 0x000000008a700000| Untracked 
| 168|0x000000008a800000, 0x000000008a800000, 0x000000008a900000|  0%| F|  |TAMS 0x000000008a800000, 0x000000008a800000| Untracked 
| 169|0x000000008a900000, 0x000000008a900000, 0x000000008aa00000|  0%| F|  |TAMS 0x000000008a900000, 0x000000008a900000| Untracked 
| 170|0x000000008aa00000, 0x000000008aa00000, 0x000000008ab00000|  0%| F|  |TAMS 0x000000008aa00000, 0x000000008aa00000| Untracked 
| 171|0x000000008ab00000, 0x000000008ab00000, 0x000000008ac00000|  0%| F|  |TAMS 0x000000008ab00000, 0x000000008ab00000| Untracked 
| 172|0x000000008ac00000, 0x000000008ac00000, 0x000000008ad00000|  0%| F|  |TAMS 0x000000008ac00000, 0x000000008ac00000| Untracked 
| 173|0x000000008ad00000, 0x000000008ad00000, 0x000000008ae00000|  0%| F|  |TAMS 0x000000008ad00000, 0x000000008ad00000| Untracked 
| 174|0x000000008ae00000, 0x000000008ae00000, 0x000000008af00000|  0%| F|  |TAMS 0x000000008ae00000, 0x000000008ae00000| Untracked 
| 175|0x000000008af00000, 0x000000008af00000, 0x000000008b000000|  0%| F|  |TAMS 0x000000008af00000, 0x000000008af00000| Untracked 
| 176|0x000000008b000000, 0x000000008b000000, 0x000000008b100000|  0%| F|  |TAMS 0x000000008b000000, 0x000000008b000000| Untracked 
| 177|0x000000008b100000, 0x000000008b100000, 0x000000008b200000|  0%| F|  |TAMS 0x000000008b100000, 0x000000008b100000| Untracked 
| 178|0x000000008b200000, 0x000000008b200000, 0x000000008b300000|  0%| F|  |TAMS 0x000000008b200000, 0x000000008b200000| Untracked 
| 179|0x000000008b300000, 0x000000008b300000, 0x000000008b400000|  0%| F|  |TAMS 0x000000008b300000, 0x000000008b300000| Untracked 
| 180|0x000000008b400000, 0x000000008b400000, 0x000000008b500000|  0%| F|  |TAMS 0x000000008b400000, 0x000000008b400000| Untracked 
| 181|0x000000008b500000, 0x000000008b500000, 0x000000008b600000|  0%| F|  |TAMS 0x000000008b500000, 0x000000008b500000| Untracked 
| 182|0x000000008b600000, 0x000000008b600000, 0x000000008b700000|  0%| F|  |TAMS 0x000000008b600000, 0x000000008b600000| Untracked 
| 183|0x000000008b700000, 0x000000008b700000, 0x000000008b800000|  0%| F|  |TAMS 0x000000008b700000, 0x000000008b700000| Untracked 
| 184|0x000000008b800000, 0x000000008b800000, 0x000000008b900000|  0%| F|  |TAMS 0x000000008b800000, 0x000000008b800000| Untracked 
| 185|0x000000008b900000, 0x000000008b900000, 0x000000008ba00000|  0%| F|  |TAMS 0x000000008b900000, 0x000000008b900000| Untracked 
| 186|0x000000008ba00000, 0x000000008ba00000, 0x000000008bb00000|  0%| F|  |TAMS 0x000000008ba00000, 0x000000008ba00000| Untracked 
| 187|0x000000008bb00000, 0x000000008bb00000, 0x000000008bc00000|  0%| F|  |TAMS 0x000000008bb00000, 0x000000008bb00000| Untracked 
| 188|0x000000008bc00000, 0x000000008bc00000, 0x000000008bd00000|  0%| F|  |TAMS 0x000000008bc00000, 0x000000008bc00000| Untracked 
| 189|0x000000008bd00000, 0x000000008bd00000, 0x000000008be00000|  0%| F|  |TAMS 0x000000008bd00000, 0x000000008bd00000| Untracked 
| 190|0x000000008be00000, 0x000000008be00000, 0x000000008bf00000|  0%| F|  |TAMS 0x000000008be00000, 0x000000008be00000| Untracked 
| 191|0x000000008bf00000, 0x000000008bf00000, 0x000000008c000000|  0%| F|  |TAMS 0x000000008bf00000, 0x000000008bf00000| Untracked 
| 192|0x000000008c000000, 0x000000008c000000, 0x000000008c100000|  0%| F|  |TAMS 0x000000008c000000, 0x000000008c000000| Untracked 
| 193|0x000000008c100000, 0x000000008c100000, 0x000000008c200000|  0%| F|  |TAMS 0x000000008c100000, 0x000000008c100000| Untracked 
| 194|0x000000008c200000, 0x000000008c200000, 0x000000008c300000|  0%| F|  |TAMS 0x000000008c200000, 0x000000008c200000| Untracked 
| 195|0x000000008c300000, 0x000000008c300000, 0x000000008c400000|  0%| F|  |TAMS 0x000000008c300000, 0x000000008c300000| Untracked 
| 196|0x000000008c400000, 0x000000008c400000, 0x000000008c500000|  0%| F|  |TAMS 0x000000008c400000, 0x000000008c400000| Untracked 
| 197|0x000000008c500000, 0x000000008c500000, 0x000000008c600000|  0%| F|  |TAMS 0x000000008c500000, 0x000000008c500000| Untracked 
| 198|0x000000008c600000, 0x000000008c600000, 0x000000008c700000|  0%| F|  |TAMS 0x000000008c600000, 0x000000008c600000| Untracked 
| 199|0x000000008c700000, 0x000000008c700000, 0x000000008c800000|  0%| F|  |TAMS 0x000000008c700000, 0x000000008c700000| Untracked 
| 200|0x000000008c800000, 0x000000008c800000, 0x000000008c900000|  0%| F|  |TAMS 0x000000008c800000, 0x000000008c800000| Untracked 
| 201|0x000000008c900000, 0x000000008c900000, 0x000000008ca00000|  0%| F|  |TAMS 0x000000008c900000, 0x000000008c900000| Untracked 
| 202|0x000000008ca00000, 0x000000008ca00000, 0x000000008cb00000|  0%| F|  |TAMS 0x000000008ca00000, 0x000000008ca00000| Untracked 
| 203|0x000000008cb00000, 0x000000008cb00000, 0x000000008cc00000|  0%| F|  |TAMS 0x000000008cb00000, 0x000000008cb00000| Untracked 
| 204|0x000000008cc00000, 0x000000008cc00000, 0x000000008cd00000|  0%| F|  |TAMS 0x000000008cc00000, 0x000000008cc00000| Untracked 
| 205|0x000000008cd00000, 0x000000008cd00000, 0x000000008ce00000|  0%| F|  |TAMS 0x000000008cd00000, 0x000000008cd00000| Untracked 
| 206|0x000000008ce00000, 0x000000008ce00000, 0x000000008cf00000|  0%| F|  |TAMS 0x000000008ce00000, 0x000000008ce00000| Untracked 
| 207|0x000000008cf00000, 0x000000008cf00000, 0x000000008d000000|  0%| F|  |TAMS 0x000000008cf00000, 0x000000008cf00000| Untracked 
| 208|0x000000008d000000, 0x000000008d000000, 0x000000008d100000|  0%| F|  |TAMS 0x000000008d000000, 0x000000008d000000| Untracked 
| 209|0x000000008d100000, 0x000000008d100000, 0x000000008d200000|  0%| F|  |TAMS 0x000000008d100000, 0x000000008d100000| Untracked 
| 210|0x000000008d200000, 0x000000008d200000, 0x000000008d300000|  0%| F|  |TAMS 0x000000008d200000, 0x000000008d200000| Untracked 
| 211|0x000000008d300000, 0x000000008d300000, 0x000000008d400000|  0%| F|  |TAMS 0x000000008d300000, 0x000000008d300000| Untracked 
| 212|0x000000008d400000, 0x000000008d400000, 0x000000008d500000|  0%| F|  |TAMS 0x000000008d400000, 0x000000008d400000| Untracked 
| 213|0x000000008d500000, 0x000000008d500000, 0x000000008d600000|  0%| F|  |TAMS 0x000000008d500000, 0x000000008d500000| Untracked 
| 214|0x000000008d600000, 0x000000008d600000, 0x000000008d700000|  0%| F|  |TAMS 0x000000008d600000, 0x000000008d600000| Untracked 
| 215|0x000000008d700000, 0x000000008d700000, 0x000000008d800000|  0%| F|  |TAMS 0x000000008d700000, 0x000000008d700000| Untracked 
| 216|0x000000008d800000, 0x000000008d800000, 0x000000008d900000|  0%| F|  |TAMS 0x000000008d800000, 0x000000008d800000| Untracked 
| 217|0x000000008d900000, 0x000000008d900000, 0x000000008da00000|  0%| F|  |TAMS 0x000000008d900000, 0x000000008d900000| Untracked 
| 218|0x000000008da00000, 0x000000008da00000, 0x000000008db00000|  0%| F|  |TAMS 0x000000008da00000, 0x000000008da00000| Untracked 
| 219|0x000000008db00000, 0x000000008db00000, 0x000000008dc00000|  0%| F|  |TAMS 0x000000008db00000, 0x000000008db00000| Untracked 
| 220|0x000000008dc00000, 0x000000008dc00000, 0x000000008dd00000|  0%| F|  |TAMS 0x000000008dc00000, 0x000000008dc00000| Untracked 
| 221|0x000000008dd00000, 0x000000008dd00000, 0x000000008de00000|  0%| F|  |TAMS 0x000000008dd00000, 0x000000008dd00000| Untracked 
| 222|0x000000008de00000, 0x000000008de00000, 0x000000008df00000|  0%| F|  |TAMS 0x000000008de00000, 0x000000008de00000| Untracked 
| 223|0x000000008df00000, 0x000000008df00000, 0x000000008e000000|  0%| F|  |TAMS 0x000000008df00000, 0x000000008df00000| Untracked 
| 224|0x000000008e000000, 0x000000008e000000, 0x000000008e100000|  0%| F|  |TAMS 0x000000008e000000, 0x000000008e000000| Untracked 
| 225|0x000000008e100000, 0x000000008e100000, 0x000000008e200000|  0%| F|  |TAMS 0x000000008e100000, 0x000000008e100000| Untracked 
| 226|0x000000008e200000, 0x000000008e200000, 0x000000008e300000|  0%| F|  |TAMS 0x000000008e200000, 0x000000008e200000| Untracked 
| 227|0x000000008e300000, 0x000000008e300000, 0x000000008e400000|  0%| F|  |TAMS 0x000000008e300000, 0x000000008e300000| Untracked 
| 228|0x000000008e400000, 0x000000008e400000, 0x000000008e500000|  0%| F|  |TAMS 0x000000008e400000, 0x000000008e400000| Untracked 
| 229|0x000000008e500000, 0x000000008e500000, 0x000000008e600000|  0%| F|  |TAMS 0x000000008e500000, 0x000000008e500000| Untracked 
| 230|0x000000008e600000, 0x000000008e600000, 0x000000008e700000|  0%| F|  |TAMS 0x000000008e600000, 0x000000008e600000| Untracked 
| 231|0x000000008e700000, 0x000000008e700000, 0x000000008e800000|  0%| F|  |TAMS 0x000000008e700000, 0x000000008e700000| Untracked 
| 232|0x000000008e800000, 0x000000008e800000, 0x000000008e900000|  0%| F|  |TAMS 0x000000008e800000, 0x000000008e800000| Untracked 
| 233|0x000000008e900000, 0x000000008e900000, 0x000000008ea00000|  0%| F|  |TAMS 0x000000008e900000, 0x000000008e900000| Untracked 
| 234|0x000000008ea00000, 0x000000008ea00000, 0x000000008eb00000|  0%| F|  |TAMS 0x000000008ea00000, 0x000000008ea00000| Untracked 
| 235|0x000000008eb00000, 0x000000008eb00000, 0x000000008ec00000|  0%| F|  |TAMS 0x000000008eb00000, 0x000000008eb00000| Untracked 
| 236|0x000000008ec00000, 0x000000008ec00000, 0x000000008ed00000|  0%| F|  |TAMS 0x000000008ec00000, 0x000000008ec00000| Untracked 
| 237|0x000000008ed00000, 0x000000008ed00000, 0x000000008ee00000|  0%| F|  |TAMS 0x000000008ed00000, 0x000000008ed00000| Untracked 
| 238|0x000000008ee00000, 0x000000008ee00000, 0x000000008ef00000|  0%| F|  |TAMS 0x000000008ee00000, 0x000000008ee00000| Untracked 
| 239|0x000000008ef00000, 0x000000008ef00000, 0x000000008f000000|  0%| F|  |TAMS 0x000000008ef00000, 0x000000008ef00000| Untracked 
| 240|0x000000008f000000, 0x000000008f000000, 0x000000008f100000|  0%| F|  |TAMS 0x000000008f000000, 0x000000008f000000| Untracked 
| 241|0x000000008f100000, 0x000000008f100000, 0x000000008f200000|  0%| F|  |TAMS 0x000000008f100000, 0x000000008f100000| Untracked 
| 242|0x000000008f200000, 0x000000008f200000, 0x000000008f300000|  0%| F|  |TAMS 0x000000008f200000, 0x000000008f200000| Untracked 
| 243|0x000000008f300000, 0x000000008f300000, 0x000000008f400000|  0%| F|  |TAMS 0x000000008f300000, 0x000000008f300000| Untracked 
| 244|0x000000008f400000, 0x000000008f400000, 0x000000008f500000|  0%| F|  |TAMS 0x000000008f400000, 0x000000008f400000| Untracked 
| 245|0x000000008f500000, 0x000000008f500000, 0x000000008f600000|  0%| F|  |TAMS 0x000000008f500000, 0x000000008f500000| Untracked 
| 246|0x000000008f600000, 0x000000008f600000, 0x000000008f700000|  0%| F|  |TAMS 0x000000008f600000, 0x000000008f600000| Untracked 
| 247|0x000000008f700000, 0x000000008f700000, 0x000000008f800000|  0%| F|  |TAMS 0x000000008f700000, 0x000000008f700000| Untracked 
| 248|0x000000008f800000, 0x000000008f800000, 0x000000008f900000|  0%| F|  |TAMS 0x000000008f800000, 0x000000008f800000| Untracked 
| 249|0x000000008f900000, 0x000000008f900000, 0x000000008fa00000|  0%| F|  |TAMS 0x000000008f900000, 0x000000008f900000| Untracked 
| 250|0x000000008fa00000, 0x000000008fa00000, 0x000000008fb00000|  0%| F|  |TAMS 0x000000008fa00000, 0x000000008fa00000| Untracked 
| 251|0x000000008fb00000, 0x000000008fb00000, 0x000000008fc00000|  0%| F|  |TAMS 0x000000008fb00000, 0x000000008fb00000| Untracked 
| 252|0x000000008fc00000, 0x000000008fc00000, 0x000000008fd00000|  0%| F|  |TAMS 0x000000008fc00000, 0x000000008fc00000| Untracked 
| 253|0x000000008fd00000, 0x000000008fd00000, 0x000000008fe00000|  0%| F|  |TAMS 0x000000008fd00000, 0x000000008fd00000| Untracked 
| 254|0x000000008fe00000, 0x000000008fe00000, 0x000000008ff00000|  0%| F|  |TAMS 0x000000008fe00000, 0x000000008fe00000| Untracked 
| 255|0x000000008ff00000, 0x000000008ff00000, 0x0000000090000000|  0%| F|  |TAMS 0x000000008ff00000, 0x000000008ff00000| Untracked 
| 256|0x0000000090000000, 0x0000000090000000, 0x0000000090100000|  0%| F|  |TAMS 0x0000000090000000, 0x0000000090000000| Untracked 
| 257|0x0000000090100000, 0x0000000090100000, 0x0000000090200000|  0%| F|  |TAMS 0x0000000090100000, 0x0000000090100000| Untracked 
| 258|0x0000000090200000, 0x0000000090200000, 0x0000000090300000|  0%| F|  |TAMS 0x0000000090200000, 0x0000000090200000| Untracked 
| 259|0x0000000090300000, 0x0000000090300000, 0x0000000090400000|  0%| F|  |TAMS 0x0000000090300000, 0x0000000090300000| Untracked 
| 260|0x0000000090400000, 0x0000000090400000, 0x0000000090500000|  0%| F|  |TAMS 0x0000000090400000, 0x0000000090400000| Untracked 
| 261|0x0000000090500000, 0x0000000090500000, 0x0000000090600000|  0%| F|  |TAMS 0x0000000090500000, 0x0000000090500000| Untracked 
| 262|0x0000000090600000, 0x0000000090600000, 0x0000000090700000|  0%| F|  |TAMS 0x0000000090600000, 0x0000000090600000| Untracked 
| 263|0x0000000090700000, 0x0000000090700000, 0x0000000090800000|  0%| F|  |TAMS 0x0000000090700000, 0x0000000090700000| Untracked 
| 264|0x0000000090800000, 0x0000000090800000, 0x0000000090900000|  0%| F|  |TAMS 0x0000000090800000, 0x0000000090800000| Untracked 
| 265|0x0000000090900000, 0x0000000090900000, 0x0000000090a00000|  0%| F|  |TAMS 0x0000000090900000, 0x0000000090900000| Untracked 
| 266|0x0000000090a00000, 0x0000000090a00000, 0x0000000090b00000|  0%| F|  |TAMS 0x0000000090a00000, 0x0000000090a00000| Untracked 
| 267|0x0000000090b00000, 0x0000000090b00000, 0x0000000090c00000|  0%| F|  |TAMS 0x0000000090b00000, 0x0000000090b00000| Untracked 
| 268|0x0000000090c00000, 0x0000000090c00000, 0x0000000090d00000|  0%| F|  |TAMS 0x0000000090c00000, 0x0000000090c00000| Untracked 
| 269|0x0000000090d00000, 0x0000000090d00000, 0x0000000090e00000|  0%| F|  |TAMS 0x0000000090d00000, 0x0000000090d00000| Untracked 
| 270|0x0000000090e00000, 0x0000000090e00000, 0x0000000090f00000|  0%| F|  |TAMS 0x0000000090e00000, 0x0000000090e00000| Untracked 
| 271|0x0000000090f00000, 0x0000000090f00000, 0x0000000091000000|  0%| F|  |TAMS 0x0000000090f00000, 0x0000000090f00000| Untracked 
| 272|0x0000000091000000, 0x0000000091000000, 0x0000000091100000|  0%| F|  |TAMS 0x0000000091000000, 0x0000000091000000| Untracked 
| 273|0x0000000091100000, 0x0000000091100000, 0x0000000091200000|  0%| F|  |TAMS 0x0000000091100000, 0x0000000091100000| Untracked 
| 274|0x0000000091200000, 0x0000000091200000, 0x0000000091300000|  0%| F|  |TAMS 0x0000000091200000, 0x0000000091200000| Untracked 
| 275|0x0000000091300000, 0x0000000091300000, 0x0000000091400000|  0%| F|  |TAMS 0x0000000091300000, 0x0000000091300000| Untracked 
| 276|0x0000000091400000, 0x0000000091400000, 0x0000000091500000|  0%| F|  |TAMS 0x0000000091400000, 0x0000000091400000| Untracked 
| 277|0x0000000091500000, 0x0000000091500000, 0x0000000091600000|  0%| F|  |TAMS 0x0000000091500000, 0x0000000091500000| Untracked 
| 278|0x0000000091600000, 0x0000000091600000, 0x0000000091700000|  0%| F|  |TAMS 0x0000000091600000, 0x0000000091600000| Untracked 
| 279|0x0000000091700000, 0x0000000091700000, 0x0000000091800000|  0%| F|  |TAMS 0x0000000091700000, 0x0000000091700000| Untracked 
| 280|0x0000000091800000, 0x0000000091800000, 0x0000000091900000|  0%| F|  |TAMS 0x0000000091800000, 0x0000000091800000| Untracked 
| 281|0x0000000091900000, 0x0000000091900000, 0x0000000091a00000|  0%| F|  |TAMS 0x0000000091900000, 0x0000000091900000| Untracked 
| 282|0x0000000091a00000, 0x0000000091a00000, 0x0000000091b00000|  0%| F|  |TAMS 0x0000000091a00000, 0x0000000091a00000| Untracked 
| 283|0x0000000091b00000, 0x0000000091b00000, 0x0000000091c00000|  0%| F|  |TAMS 0x0000000091b00000, 0x0000000091b00000| Untracked 
| 284|0x0000000091c00000, 0x0000000091c00000, 0x0000000091d00000|  0%| F|  |TAMS 0x0000000091c00000, 0x0000000091c00000| Untracked 
| 285|0x0000000091d00000, 0x0000000091d00000, 0x0000000091e00000|  0%| F|  |TAMS 0x0000000091d00000, 0x0000000091d00000| Untracked 
| 286|0x0000000091e00000, 0x0000000091e00000, 0x0000000091f00000|  0%| F|  |TAMS 0x0000000091e00000, 0x0000000091e00000| Untracked 
| 287|0x0000000091f00000, 0x0000000091f00000, 0x0000000092000000|  0%| F|  |TAMS 0x0000000091f00000, 0x0000000091f00000| Untracked 
| 288|0x0000000092000000, 0x0000000092000000, 0x0000000092100000|  0%| F|  |TAMS 0x0000000092000000, 0x0000000092000000| Untracked 
| 289|0x0000000092100000, 0x0000000092100000, 0x0000000092200000|  0%| F|  |TAMS 0x0000000092100000, 0x0000000092100000| Untracked 
| 290|0x0000000092200000, 0x0000000092200000, 0x0000000092300000|  0%| F|  |TAMS 0x0000000092200000, 0x0000000092200000| Untracked 
| 291|0x0000000092300000, 0x00000000923dc288, 0x0000000092400000| 85%| S|CS|TAMS 0x0000000092300000, 0x0000000092300000| Complete 
| 292|0x0000000092400000, 0x0000000092400000, 0x0000000092500000|  0%| F|  |TAMS 0x0000000092400000, 0x0000000092400000| Untracked 
| 293|0x0000000092500000, 0x0000000092500000, 0x0000000092600000|  0%| F|  |TAMS 0x0000000092500000, 0x0000000092500000| Untracked 
| 294|0x0000000092600000, 0x0000000092600000, 0x0000000092700000|  0%| F|  |TAMS 0x0000000092600000, 0x0000000092600000| Untracked 
| 295|0x0000000092700000, 0x0000000092700000, 0x0000000092800000|  0%| F|  |TAMS 0x0000000092700000, 0x0000000092700000| Untracked 
| 296|0x0000000092800000, 0x0000000092800000, 0x0000000092900000|  0%| F|  |TAMS 0x0000000092800000, 0x0000000092800000| Untracked 
| 297|0x0000000092900000, 0x0000000092900000, 0x0000000092a00000|  0%| F|  |TAMS 0x0000000092900000, 0x0000000092900000| Untracked 
| 298|0x0000000092a00000, 0x0000000092a00000, 0x0000000092b00000|  0%| F|  |TAMS 0x0000000092a00000, 0x0000000092a00000| Untracked 
| 299|0x0000000092b00000, 0x0000000092b00000, 0x0000000092c00000|  0%| F|  |TAMS 0x0000000092b00000, 0x0000000092b00000| Untracked 
| 300|0x0000000092c00000, 0x0000000092c00000, 0x0000000092d00000|  0%| F|  |TAMS 0x0000000092c00000, 0x0000000092c00000| Untracked 
| 301|0x0000000092d00000, 0x0000000092d00000, 0x0000000092e00000|  0%| F|  |TAMS 0x0000000092d00000, 0x0000000092d00000| Untracked 
| 302|0x0000000092e00000, 0x0000000092e00000, 0x0000000092f00000|  0%| F|  |TAMS 0x0000000092e00000, 0x0000000092e00000| Untracked 
| 303|0x0000000092f00000, 0x0000000092f00000, 0x0000000093000000|  0%| F|  |TAMS 0x0000000092f00000, 0x0000000092f00000| Untracked 
| 304|0x0000000093000000, 0x0000000093000000, 0x0000000093100000|  0%| F|  |TAMS 0x0000000093000000, 0x0000000093000000| Untracked 

Card table byte_map: [0x00000200f3160000,0x00000200f3560000] _byte_map_base: 0x00000200f2d60000

Marking Bits (Prev, Next): (CMBitMap*) 0x00000200e08e67e0, (CMBitMap*) 0x00000200e08e6820
 Prev Bits: [0x00000200f3960000, 0x00000200f5960000)
 Next Bits: [0x00000200f5960000, 0x00000200f7960000)

Polling page: 0x00000200e0060000

Metaspace:

Usage:
  Non-class:    126.33 MB used.
      Class:     18.73 MB used.
       Both:    145.06 MB used.

Virtual space:
  Non-class space:      128.00 MB reserved,     127.19 MB (>99%) committed,  16 nodes.
      Class space:        1.00 GB reserved,      19.56 MB (  2%) committed,  1 nodes.
             Both:        1.12 GB reserved,     146.75 MB ( 13%) committed. 

Chunk freelists:
   Non-Class:  17.00 KB
       Class:  475.00 KB
        Both:  492.00 KB

MaxMetaspaceSize: unlimited
CompressedClassSpaceSize: 1.00 GB
Initial GC threshold: 21.00 MB
Current GC threshold: 244.31 MB
CDS: off
MetaspaceReclaimPolicy: balanced
 - commit_granule_bytes: 65536.
 - commit_granule_words: 8192.
 - virtual_space_node_default_size: 1048576.
 - enlarge_chunks_in_place: 1.
 - new_chunks_are_fully_committed: 0.
 - uncommit_free_chunks: 1.
 - use_allocation_guard: 0.
 - handle_deallocations: 1.


Internal statistics:

num_allocs_failed_limit: 21.
num_arena_births: 3844.
num_arena_deaths: 462.
num_vsnodes_births: 17.
num_vsnodes_deaths: 0.
num_space_committed: 2347.
num_space_uncommitted: 0.
num_chunks_returned_to_freelist: 621.
num_chunks_taken_from_freelist: 10171.
num_chunk_merges: 227.
num_chunk_splits: 6024.
num_chunks_enlarged: 3212.
num_purges: 12.
num_inconsistent_stats: 0.

CodeHeap 'non-profiled nmethods': size=120000Kb used=25659Kb max_used=25659Kb free=94340Kb
 bounds [0x00000200eb830000, 0x00000200ed140000, 0x00000200f2d60000]
CodeHeap 'profiled nmethods': size=120000Kb used=54062Kb max_used=54062Kb free=65937Kb
 bounds [0x00000200e3d60000, 0x00000200e7230000, 0x00000200eb290000]
CodeHeap 'non-nmethods': size=5760Kb used=2525Kb max_used=2571Kb free=3234Kb
 bounds [0x00000200eb290000, 0x00000200eb530000, 0x00000200eb830000]
 total_blobs=27765 nmethods=26727 adapters=947
 compilation: enabled
              stopped_count=0, restarted_count=0
 full_count=0

Compilation events (20 events):
Event: 7436.088 Thread 0x00000200fa8add60 33952       2       java.nio.charset.CharsetEncoder::onUnmappableCharacter (26 bytes)
Event: 7436.088 Thread 0x00000200fa8add60 nmethod 33952 0x00000200e7229f90 code [0x00000200e722a140, 0x00000200e722a368]
Event: 7436.093 Thread 0x00000200fa8add60 33953       2       javax.crypto.JceSecurity::canUseProvider (13 bytes)
Event: 7436.094 Thread 0x00000200fa8add60 nmethod 33953 0x00000200e722a490 code [0x00000200e722a620, 0x00000200e722a728]
Event: 7436.102 Thread 0x00000200fa8add60 33954       2       java.util.Formatter$FormatSpecifier::leadingSign (82 bytes)
Event: 7436.103 Thread 0x00000200fa8add60 nmethod 33954 0x00000200e722a810 code [0x00000200e722a9e0, 0x00000200e722ac78]
Event: 7436.103 Thread 0x00000200fa8add60 33955       2       java.util.Formatter$FormatSpecifier::localizedMagnitude (419 bytes)
Event: 7436.104 Thread 0x00000200fa8add60 nmethod 33955 0x00000200e722af10 code [0x00000200e722b1e0, 0x00000200e722bc88]
Event: 7436.104 Thread 0x00000200fa8add60 33956       2       java.util.Formatter::zero (57 bytes)
Event: 7436.104 Thread 0x00000200fa8add60 nmethod 33956 0x00000200e722c610 code [0x00000200e722c7c0, 0x00000200e722c978]
Event: 7436.104 Thread 0x00000200fa8add60 33958       2       sun.nio.ch.Util$BufferCache::removeFirst (65 bytes)
Event: 7436.104 Thread 0x00000200fa8add60 nmethod 33958 0x00000200e722ca90 code [0x00000200e722cc20, 0x00000200e722cdb8]
Event: 7436.104 Thread 0x00000200fa8add60 33957       2       java.util.Formatter$FormatSpecifier::trailingSign (26 bytes)
Event: 7436.105 Thread 0x00000200fa8add60 nmethod 33957 0x00000200e722cf10 code [0x00000200e722d0c0, 0x00000200e722d248]
Event: 7436.109 Thread 0x00000200fa8add60 33959       2       sun.nio.cs.UTF_8::newEncoder (9 bytes)
Event: 7436.110 Thread 0x00000200fa8add60 nmethod 33959 0x00000200e722d390 code [0x00000200e722d560, 0x00000200e722d708]
Event: 7436.110 Thread 0x00000200fa8add60 33960       2       sun.nio.cs.UTF_8$Encoder::<init> (10 bytes)
Event: 7436.110 Thread 0x00000200fa8add60 nmethod 33960 0x00000200e722d810 code [0x00000200e722d9e0, 0x00000200e722db08]
Event: 7436.110 Thread 0x00000200fa8add60 33961       2       java.nio.charset.CharsetEncoder::<init> (16 bytes)
Event: 7436.110 Thread 0x00000200fa8add60 nmethod 33961 0x00000200e722db90 code [0x00000200e722dd20, 0x00000200e722dee8]

GC Heap History (20 events):
Event: 6277.761 GC heap after
{Heap after GC invocations=113 (full 0):
 garbage-first heap   total 312320K, used 113680K [0x0000000080000000, 0x0000000100000000)
  region size 1024K, 2 young (2048K), 2 survivors (2048K)
 Metaspace       used 146404K, committed 147648K, reserved 1179648K
  class space    used 18821K, committed 19392K, reserved 1048576K
}
Event: 6277.833 GC heap before
{Heap before GC invocations=113 (full 0):
 garbage-first heap   total 312320K, used 121872K [0x0000000080000000, 0x0000000100000000)
  region size 1024K, 12 young (12288K), 2 survivors (2048K)
 Metaspace       used 146406K, committed 147648K, reserved 1179648K
  class space    used 18821K, committed 19392K, reserved 1048576K
}
Event: 6277.834 GC heap after
{Heap after GC invocations=114 (full 0):
 garbage-first heap   total 312320K, used 113214K [0x0000000080000000, 0x0000000100000000)
  region size 1024K, 1 young (1024K), 1 survivors (1024K)
 Metaspace       used 146406K, committed 147648K, reserved 1179648K
  class space    used 18821K, committed 19392K, reserved 1048576K
}
Event: 6510.872 GC heap before
{Heap before GC invocations=115 (full 0):
 garbage-first heap   total 312320K, used 298558K [0x0000000080000000, 0x0000000100000000)
  region size 1024K, 145 young (148480K), 1 survivors (1024K)
 Metaspace       used 148212K, committed 149952K, reserved 1179648K
  class space    used 19161K, committed 19968K, reserved 1048576K
}
Event: 6510.880 GC heap after
{Heap after GC invocations=116 (full 0):
 garbage-first heap   total 312320K, used 117756K [0x0000000080000000, 0x0000000100000000)
  region size 1024K, 4 young (4096K), 4 survivors (4096K)
 Metaspace       used 148212K, committed 149952K, reserved 1179648K
  class space    used 19161K, committed 19968K, reserved 1048576K
}
Event: 6511.029 GC heap before
{Heap before GC invocations=116 (full 0):
 garbage-first heap   total 312320K, used 127996K [0x0000000080000000, 0x0000000100000000)
  region size 1024K, 15 young (15360K), 4 survivors (4096K)
 Metaspace       used 148227K, committed 149952K, reserved 1179648K
  class space    used 19161K, committed 19968K, reserved 1048576K
}
Event: 6511.038 GC heap after
{Heap after GC invocations=117 (full 0):
 garbage-first heap   total 312320K, used 110568K [0x0000000080000000, 0x0000000100000000)
  region size 1024K, 2 young (2048K), 2 survivors (2048K)
 Metaspace       used 148227K, committed 149952K, reserved 1179648K
  class space    used 19161K, committed 19968K, reserved 1048576K
}
Event: 6511.408 GC heap before
{Heap before GC invocations=117 (full 0):
 garbage-first heap   total 312320K, used 138216K [0x0000000080000000, 0x0000000100000000)
  region size 1024K, 30 young (30720K), 2 survivors (2048K)
 Metaspace       used 148245K, committed 150080K, reserved 1179648K
  class space    used 19161K, committed 20032K, reserved 1048576K
}
Event: 6511.417 GC heap after
{Heap after GC invocations=118 (full 0):
 garbage-first heap   total 312320K, used 115791K [0x0000000080000000, 0x0000000100000000)
  region size 1024K, 8 young (8192K), 8 survivors (8192K)
 Metaspace       used 148245K, committed 150080K, reserved 1179648K
  class space    used 19161K, committed 20032K, reserved 1048576K
}
Event: 6863.164 GC heap before
{Heap before GC invocations=119 (full 0):
 garbage-first heap   total 312320K, used 262223K [0x0000000080000000, 0x0000000100000000)
  region size 1024K, 130 young (133120K), 8 survivors (8192K)
 Metaspace       used 148395K, committed 150144K, reserved 1179648K
  class space    used 19176K, committed 20032K, reserved 1048576K
}
Event: 6863.180 GC heap after
{Heap after GC invocations=120 (full 0):
 garbage-first heap   total 312320K, used 129875K [0x0000000080000000, 0x0000000100000000)
  region size 1024K, 17 young (17408K), 17 survivors (17408K)
 Metaspace       used 148395K, committed 150144K, reserved 1179648K
  class space    used 19176K, committed 20032K, reserved 1048576K
}
Event: 6863.206 GC heap before
{Heap before GC invocations=120 (full 0):
 garbage-first heap   total 312320K, used 130899K [0x0000000080000000, 0x0000000100000000)
  region size 1024K, 18 young (18432K), 17 survivors (17408K)
 Metaspace       used 148395K, committed 150144K, reserved 1179648K
  class space    used 19176K, committed 20032K, reserved 1048576K
}
Event: 6863.222 GC heap after
{Heap after GC invocations=121 (full 0):
 garbage-first heap   total 312320K, used 119388K [0x0000000080000000, 0x0000000100000000)
  region size 1024K, 2 young (2048K), 2 survivors (2048K)
 Metaspace       used 148395K, committed 150144K, reserved 1179648K
  class space    used 19176K, committed 20032K, reserved 1048576K
}
Event: 6864.179 GC heap before
{Heap before GC invocations=121 (full 0):
 garbage-first heap   total 312320K, used 164444K [0x0000000080000000, 0x0000000100000000)
  region size 1024K, 48 young (49152K), 2 survivors (2048K)
 Metaspace       used 148443K, committed 150208K, reserved 1179648K
  class space    used 19183K, committed 20032K, reserved 1048576K
}
Event: 6864.187 GC heap after
{Heap after GC invocations=122 (full 0):
 garbage-first heap   total 312320K, used 123697K [0x0000000080000000, 0x0000000100000000)
  region size 1024K, 6 young (6144K), 6 survivors (6144K)
 Metaspace       used 148443K, committed 150208K, reserved 1179648K
  class space    used 19183K, committed 20032K, reserved 1048576K
}
Event: 7435.807 GC heap before
{Heap before GC invocations=123 (full 0):
 garbage-first heap   total 312320K, used 258865K [0x0000000080000000, 0x0000000100000000)
  region size 1024K, 119 young (121856K), 6 survivors (6144K)
 Metaspace       used 148521K, committed 150272K, reserved 1179648K
  class space    used 19184K, committed 20032K, reserved 1048576K
}
Event: 7435.819 GC heap after
{Heap after GC invocations=124 (full 0):
 garbage-first heap   total 312320K, used 133212K [0x0000000080000000, 0x0000000100000000)
  region size 1024K, 13 young (13312K), 13 survivors (13312K)
 Metaspace       used 148521K, committed 150272K, reserved 1179648K
  class space    used 19184K, committed 20032K, reserved 1048576K
}
Event: 7435.843 GC heap before
{Heap before GC invocations=124 (full 0):
 garbage-first heap   total 312320K, used 135260K [0x0000000080000000, 0x0000000100000000)
  region size 1024K, 15 young (15360K), 13 survivors (13312K)
 Metaspace       used 148525K, committed 150272K, reserved 1179648K
  class space    used 19184K, committed 20032K, reserved 1048576K
}
Event: 7435.858 GC heap after
{Heap after GC invocations=125 (full 0):
 garbage-first heap   total 312320K, used 120445K [0x0000000080000000, 0x0000000100000000)
  region size 1024K, 2 young (2048K), 2 survivors (2048K)
 Metaspace       used 148525K, committed 150272K, reserved 1179648K
  class space    used 19184K, committed 20032K, reserved 1048576K
}
Event: 7436.134 GC heap before
{Heap before GC invocations=125 (full 0):
 garbage-first heap   total 312320K, used 130685K [0x0000000080000000, 0x0000000100000000)
  region size 1024K, 13 young (13312K), 2 survivors (2048K)
 Metaspace       used 148541K, committed 150272K, reserved 1179648K
  class space    used 19184K, committed 20032K, reserved 1048576K
}

Dll operation events (2 events):
Event: 0.014 Loaded shared library C:\Program Files\Android\Android Studio\jbr\bin\java.dll
Event: 0.520 Loaded shared library C:\Program Files\Android\Android Studio\jbr\bin\verify.dll

Deoptimization events (20 events):
Event: 7435.806 Thread 0x00000200838c3100 DEOPT PACKING pc=0x00000200ec7a36d4 sp=0x000000e1de1fc850
Event: 7435.806 Thread 0x00000200838c3100 DEOPT UNPACKING pc=0x00000200eb2e69a3 sp=0x000000e1de1fc7e8 mode 2
Event: 7435.806 Thread 0x00000200838c3100 Uncommon trap: trap_request=0xffffff45 fr.pc=0x00000200ece85bf4 relative=0x0000000000000e14
Event: 7435.806 Thread 0x00000200838c3100 Uncommon trap: reason=unstable_if action=reinterpret pc=0x00000200ece85bf4 method=com.android.tools.r8.internal.xW.Y()Z @ 133 c2
Event: 7435.806 Thread 0x00000200838c3100 DEOPT PACKING pc=0x00000200ece85bf4 sp=0x000000e1de1fca30
Event: 7435.806 Thread 0x00000200838c3100 DEOPT UNPACKING pc=0x00000200eb2e69a3 sp=0x000000e1de1fc918 mode 2
Event: 7435.807 Thread 0x00000200838c3100 Uncommon trap: trap_request=0xffffff45 fr.pc=0x00000200ec4cb98c relative=0x00000000000029ac
Event: 7435.807 Thread 0x00000200838c3100 Uncommon trap: reason=unstable_if action=reinterpret pc=0x00000200ec4cb98c method=com.android.tools.r8.internal.xW.Y()Z @ 133 c2
Event: 7435.807 Thread 0x00000200838c3100 DEOPT PACKING pc=0x00000200ec4cb98c sp=0x000000e1de1fcc20
Event: 7435.807 Thread 0x00000200838c3100 DEOPT UNPACKING pc=0x00000200eb2e69a3 sp=0x000000e1de1fcb90 mode 2
Event: 7435.834 Thread 0x00000200838c3100 DEOPT PACKING pc=0x00000200e6e46d85 sp=0x000000e1de1fc7f0
Event: 7435.834 Thread 0x00000200838c3100 DEOPT UNPACKING pc=0x00000200eb2e7143 sp=0x000000e1de1fc000 mode 0
Event: 7436.013 Thread 0x00000200838c0a80 Uncommon trap: trap_request=0xffffff45 fr.pc=0x00000200ed035be8 relative=0x00000000000025c8
Event: 7436.013 Thread 0x00000200838c0a80 Uncommon trap: reason=unstable_if action=reinterpret pc=0x00000200ed035be8 method=com.android.tools.r8.dex.code.O.a(IILcom/android/tools/r8/dex/code/a;Lcom/android/tools/r8/graph/p5;)Lcom/android/tools/r8/dex/code/B1; @ 505 c2
Event: 7436.013 Thread 0x00000200838c0a80 DEOPT PACKING pc=0x00000200ed035be8 sp=0x000000e1de0fd100
Event: 7436.013 Thread 0x00000200838c0a80 DEOPT UNPACKING pc=0x00000200eb2e69a3 sp=0x000000e1de0fd100 mode 2
Event: 7436.015 Thread 0x00000200838c0a80 DEOPT PACKING pc=0x00000200e5fe5b92 sp=0x000000e1de0fd290
Event: 7436.015 Thread 0x00000200838c0a80 DEOPT UNPACKING pc=0x00000200eb2e7143 sp=0x000000e1de0fc7f8 mode 0
Event: 7436.018 Thread 0x00000200838c0a80 DEOPT PACKING pc=0x00000200e6140494 sp=0x000000e1de0fd0d0
Event: 7436.018 Thread 0x00000200838c0a80 DEOPT UNPACKING pc=0x00000200eb2e7143 sp=0x000000e1de0fc5b8 mode 0

Classes unloaded (20 events):
Event: 2273.846 Thread 0x00000200f9e6dfa0 Unloading class 0x00000001000a6800 'java/lang/invoke/LambdaForm$MH+0x00000001000a6800'
Event: 2273.846 Thread 0x00000200f9e6dfa0 Unloading class 0x00000001000a4400 'java/lang/invoke/LambdaForm$MH+0x00000001000a4400'
Event: 4867.526 Thread 0x00000200f9e6dfa0 Unloading class 0x0000000101245400 'jdk/internal/reflect/GeneratedSerializationConstructorAccessor153'
Event: 4867.526 Thread 0x00000200f9e6dfa0 Unloading class 0x000000010124a000 'jdk/internal/reflect/GeneratedSerializationConstructorAccessor152'
Event: 4867.527 Thread 0x00000200f9e6dfa0 Unloading class 0x0000000101290800 'jdk/internal/reflect/GeneratedSerializationConstructorAccessor151'
Event: 4867.527 Thread 0x00000200f9e6dfa0 Unloading class 0x00000001012a0000 'jdk/internal/reflect/GeneratedSerializationConstructorAccessor150'
Event: 4867.527 Thread 0x00000200f9e6dfa0 Unloading class 0x0000000100d2c800 'jdk/internal/reflect/GeneratedConstructorAccessor81'
Event: 5059.442 Thread 0x00000200f9e6dfa0 Unloading class 0x0000000100e98400 'jdk/internal/reflect/GeneratedSerializationConstructorAccessor164'
Event: 5059.442 Thread 0x00000200f9e6dfa0 Unloading class 0x00000001011e0400 'jdk/internal/reflect/GeneratedSerializationConstructorAccessor158'
Event: 6275.084 Thread 0x00000200f9e6dfa0 Unloading class 0x00000001012d0400 'java/lang/invoke/LambdaForm$MH+0x00000001012d0400'
Event: 6275.084 Thread 0x00000200f9e6dfa0 Unloading class 0x00000001012d0000 'java/lang/invoke/LambdaForm$MH+0x00000001012d0000'
Event: 6275.084 Thread 0x00000200f9e6dfa0 Unloading class 0x00000001012cdc00 'java/lang/invoke/LambdaForm$MH+0x00000001012cdc00'
Event: 6275.084 Thread 0x00000200f9e6dfa0 Unloading class 0x00000001012cd800 'java/lang/invoke/LambdaForm$MH+0x00000001012cd800'
Event: 6275.084 Thread 0x00000200f9e6dfa0 Unloading class 0x00000001000a4400 'jdk/internal/reflect/GeneratedSerializationConstructorAccessor181'
Event: 6275.084 Thread 0x00000200f9e6dfa0 Unloading class 0x0000000100190c00 'jdk/internal/reflect/GeneratedSerializationConstructorAccessor180'
Event: 6275.084 Thread 0x00000200f9e6dfa0 Unloading class 0x0000000100191400 'jdk/internal/reflect/GeneratedSerializationConstructorAccessor179'
Event: 6275.084 Thread 0x00000200f9e6dfa0 Unloading class 0x0000000100290000 'jdk/internal/reflect/GeneratedSerializationConstructorAccessor173'
Event: 6275.084 Thread 0x00000200f9e6dfa0 Unloading class 0x0000000100585c00 'jdk/internal/reflect/GeneratedSerializationConstructorAccessor171'
Event: 6275.084 Thread 0x00000200f9e6dfa0 Unloading class 0x0000000100e5c000 'jdk/internal/reflect/GeneratedConstructorAccessor148'
Event: 6275.084 Thread 0x00000200f9e6dfa0 Unloading class 0x0000000100e5cc00 'jdk/internal/reflect/GeneratedConstructorAccessor147'

Classes redefined (0 events):
No events

Internal exceptions (20 events):
Event: 7435.670 Thread 0x00000200838bdf30 Exception <a 'sun/nio/fs/WindowsException'{0x000000008cb7c918}> (0x000000008cb7c918) 
thrown [s\src\hotspot\share\prims\jni.cpp, line 517]
Event: 7435.675 Thread 0x00000200838bdf30 Exception <a 'sun/nio/fs/WindowsException'{0x000000008cb7e6d0}> (0x000000008cb7e6d0) 
thrown [s\src\hotspot\share\prims\jni.cpp, line 517]
Event: 7435.676 Thread 0x00000200838bdf30 Exception <a 'sun/nio/fs/WindowsException'{0x000000008cb80488}> (0x000000008cb80488) 
thrown [s\src\hotspot\share\prims\jni.cpp, line 517]
Event: 7435.679 Thread 0x00000200838bdf30 Exception <a 'sun/nio/fs/WindowsException'{0x000000008cb82240}> (0x000000008cb82240) 
thrown [s\src\hotspot\share\prims\jni.cpp, line 517]
Event: 7435.681 Thread 0x00000200838bdf30 Exception <a 'sun/nio/fs/WindowsException'{0x000000008cb83ff8}> (0x000000008cb83ff8) 
thrown [s\src\hotspot\share\prims\jni.cpp, line 517]
Event: 7435.683 Thread 0x00000200838bdf30 Exception <a 'sun/nio/fs/WindowsException'{0x000000008cb8b3c8}> (0x000000008cb8b3c8) 
thrown [s\src\hotspot\share\prims\jni.cpp, line 517]
Event: 7435.687 Thread 0x00000200838bdf30 Exception <a 'sun/nio/fs/WindowsException'{0x000000008cb8d0e8}> (0x000000008cb8d0e8) 
thrown [s\src\hotspot\share\prims\jni.cpp, line 517]
Event: 7435.689 Thread 0x00000200838bdf30 Exception <a 'sun/nio/fs/WindowsException'{0x000000008cb8edf0}> (0x000000008cb8edf0) 
thrown [s\src\hotspot\share\prims\jni.cpp, line 517]
Event: 7435.692 Thread 0x00000200838bdf30 Exception <a 'sun/nio/fs/WindowsException'{0x000000008cb90ac8}> (0x000000008cb90ac8) 
thrown [s\src\hotspot\share\prims\jni.cpp, line 517]
Event: 7435.709 Thread 0x00000200838bdf30 Exception <a 'sun/nio/fs/WindowsException'{0x000000008c85f0d0}> (0x000000008c85f0d0) 
thrown [s\src\hotspot\share\prims\jni.cpp, line 517]
Event: 7435.715 Thread 0x00000200838c2c30 Exception <a 'sun/nio/fs/WindowsException'{0x000000008c726cf0}> (0x000000008c726cf0) 
thrown [s\src\hotspot\share\prims\jni.cpp, line 517]
Event: 7435.751 Thread 0x00000200838c3100 Exception <a 'sun/nio/fs/WindowsException'{0x000000008c145ec8}> (0x000000008c145ec8) 
thrown [s\src\hotspot\share\prims\jni.cpp, line 517]
Event: 7435.867 Thread 0x00000200838c3100 Exception <a 'sun/nio/fs/WindowsException'{0x000000009305c2f0}> (0x000000009305c2f0) 
thrown [s\src\hotspot\share\prims\jni.cpp, line 517]
Event: 7435.903 Thread 0x00000200838c3100 Exception <a 'sun/nio/fs/WindowsException'{0x0000000093064eb8}> (0x0000000093064eb8) 
thrown [s\src\hotspot\share\prims\jni.cpp, line 517]
Event: 7435.937 Thread 0x00000200838c1dc0 Exception <a 'sun/nio/fs/WindowsException'{0x0000000092f17968}> (0x0000000092f17968) 
thrown [s\src\hotspot\share\prims\jni.cpp, line 517]
Event: 7435.943 Thread 0x00000200838c1dc0 Exception <a 'sun/nio/fs/WindowsException'{0x0000000092b53918}> (0x0000000092b53918) 
thrown [s\src\hotspot\share\prims\jni.cpp, line 517]
Event: 7435.998 Thread 0x00000200838bbd80 Exception <a 'sun/nio/fs/WindowsException'{0x0000000092cf8bd0}> (0x0000000092cf8bd0) 
thrown [s\src\hotspot\share\prims\jni.cpp, line 517]
Event: 7435.998 Thread 0x00000200838bbd80 Exception <a 'sun/nio/fs/WindowsException'{0x0000000092cf8fe0}> (0x0000000092cf8fe0) 
thrown [s\src\hotspot\share\prims\jni.cpp, line 517]
Event: 7436.009 Thread 0x00000200838c0a80 Exception <a 'sun/nio/fs/WindowsException'{0x0000000092bfeeb8}> (0x0000000092bfeeb8) 
thrown [s\src\hotspot\share\prims\jni.cpp, line 517]
Event: 7436.023 Thread 0x00000200838c0a80 Exception <a 'sun/nio/fs/WindowsException'{0x00000000928ec230}> (0x00000000928ec230) 
thrown [s\src\hotspot\share\prims\jni.cpp, line 517]

VM Operations (20 events):
Event: 6863.181 Executing VM operation: G1CollectForAllocation done
Event: 6863.206 Executing VM operation: G1CollectForAllocation
Event: 6863.222 Executing VM operation: G1CollectForAllocation done
Event: 6864.179 Executing VM operation: G1TryInitiateConcMark
Event: 6864.189 Executing VM operation: G1TryInitiateConcMark done
Event: 6864.337 Executing VM operation: G1Concurrent
Event: 6864.351 Executing VM operation: G1Concurrent done
Event: 6864.427 Executing VM operation: G1Concurrent
Event: 6864.427 Executing VM operation: G1Concurrent done
Event: 6865.432 Executing VM operation: Cleanup
Event: 6865.432 Executing VM operation: Cleanup done
Event: 7434.887 Executing VM operation: Cleanup
Event: 7434.932 Executing VM operation: Cleanup done
Event: 7435.785 Executing VM operation: HandshakeAllThreads
Event: 7435.786 Executing VM operation: HandshakeAllThreads done
Event: 7435.807 Executing VM operation: G1CollectForAllocation
Event: 7435.819 Executing VM operation: G1CollectForAllocation done
Event: 7435.842 Executing VM operation: G1CollectForAllocation
Event: 7435.858 Executing VM operation: G1CollectForAllocation done
Event: 7436.134 Executing VM operation: G1TryInitiateConcMark

Events (20 events):
Event: 7434.357 Thread 0x00000200843ca910 Thread added: 0x00000200843ca910
Event: 7434.746 Thread 0x00000200838c1dc0 Thread added: 0x00000200838c1dc0
Event: 7434.749 Thread 0x00000200838bdf30 Thread added: 0x00000200838bdf30
Event: 7434.826 Thread 0x00000200838bcbf0 Thread added: 0x00000200838bcbf0
Event: 7434.827 Thread 0x00000200838c2c30 Thread added: 0x00000200838c2c30
Event: 7434.833 Thread 0x00000200838bf270 Thread added: 0x00000200838bf270
Event: 7434.944 Thread 0x00000200843ca910 Thread exited: 0x00000200843ca910
Event: 7435.127 Thread 0x00000200843ca910 Thread added: 0x00000200843ca910
Event: 7435.229 Thread 0x00000200838bf740 Thread added: 0x00000200838bf740
Event: 7435.229 Thread 0x00000200838bfc10 Thread added: 0x00000200838bfc10
Event: 7435.230 Thread 0x00000200838c0f50 Thread added: 0x00000200838c0f50
Event: 7435.230 Thread 0x00000200838c00e0 Thread added: 0x00000200838c00e0
Event: 7435.549 Thread 0x00000200843ca910 Thread exited: 0x00000200843ca910
Event: 7435.607 Thread 0x000002008861b740 Thread added: 0x000002008861b740
Event: 7435.740 Thread 0x00000200838c0a80 Thread added: 0x00000200838c0a80
Event: 7435.741 Thread 0x00000200838c3100 Thread added: 0x00000200838c3100
Event: 7435.742 Thread 0x00000200838bbd80 Thread added: 0x00000200838bbd80
Event: 7435.743 Thread 0x00000200838bc720 Thread added: 0x00000200838bc720
Event: 7435.743 Thread 0x00000200838bd0c0 Thread added: 0x00000200838bd0c0
Event: 7436.109 Thread 0x0000020084dbb060 Thread added: 0x0000020084dbb060


Dynamic libraries:
0x00007ff603790000 - 0x00007ff60379a000 	C:\Program Files\Android\Android Studio\jbr\bin\java.exe
0x00007ffffdf50000 - 0x00007ffffe148000 	C:\WINDOWS\SYSTEM32\ntdll.dll
0x00007ffffc010000 - 0x00007ffffc0cf000 	C:\WINDOWS\System32\KERNEL32.DLL
0x00007ffffbc00000 - 0x00007ffffbef6000 	C:\WINDOWS\System32\KERNELBASE.dll
0x00007ffffbb00000 - 0x00007ffffbc00000 	C:\WINDOWS\System32\ucrtbase.dll
0x00007fffdbf80000 - 0x00007fffdbf97000 	C:\Program Files\Android\Android Studio\jbr\bin\jli.dll
0x00007ffffc9e0000 - 0x00007ffffcb7d000 	C:\WINDOWS\System32\USER32.dll
0x00007ffffbad0000 - 0x00007ffffbaf2000 	C:\WINDOWS\System32\win32u.dll
0x00007ffffda10000 - 0x00007ffffda3c000 	C:\WINDOWS\System32\GDI32.dll
0x00007ffffb630000 - 0x00007ffffb745000 	C:\WINDOWS\System32\gdi32full.dll
0x00007ffffb7f0000 - 0x00007ffffb88d000 	C:\WINDOWS\System32\msvcp_win.dll
0x00007fffd0130000 - 0x00007fffd014b000 	C:\Program Files\Android\Android Studio\jbr\bin\VCRUNTIME140.dll
0x00007fffe16e0000 - 0x00007fffe197a000 	C:\WINDOWS\WinSxS\amd64_microsoft.windows.common-controls_6595b64144ccf1df_6.0.19041.1110_none_60b5254171f9507e\COMCTL32.dll
0x00007ffffd500000 - 0x00007ffffd59e000 	C:\WINDOWS\System32\msvcrt.dll
0x00007ffffcfe0000 - 0x00007ffffd010000 	C:\WINDOWS\System32\IMM32.DLL
0x00007fffd2f40000 - 0x00007fffd2f4c000 	C:\Program Files\Android\Android Studio\jbr\bin\vcruntime140_1.dll
0x00007fffcf570000 - 0x00007fffcf5fd000 	C:\Program Files\Android\Android Studio\jbr\bin\msvcp140.dll
0x00007fffca120000 - 0x00007fffcad8e000 	C:\Program Files\Android\Android Studio\jbr\bin\server\jvm.dll
0x00007ffffd320000 - 0x00007ffffd3cf000 	C:\WINDOWS\System32\ADVAPI32.dll
0x00007ffffd7f0000 - 0x00007ffffd88c000 	C:\WINDOWS\System32\sechost.dll
0x00007ffffd5a0000 - 0x00007ffffd6c6000 	C:\WINDOWS\System32\RPCRT4.dll
0x00007fffd2fe0000 - 0x00007fffd2fe9000 	C:\WINDOWS\SYSTEM32\WSOCK32.dll
0x00007ffff3800000 - 0x00007ffff3827000 	C:\WINDOWS\SYSTEM32\WINMM.dll
0x00007ffffd2b0000 - 0x00007ffffd31b000 	C:\WINDOWS\System32\WS2_32.dll
0x00007ffff3830000 - 0x00007ffff383a000 	C:\WINDOWS\SYSTEM32\VERSION.dll
0x00007ffff94f0000 - 0x00007ffff9502000 	C:\WINDOWS\SYSTEM32\kernel.appcore.dll
0x00007fffe04d0000 - 0x00007fffe04da000 	C:\Program Files\Android\Android Studio\jbr\bin\jimage.dll
0x00007ffff4ac0000 - 0x00007ffff4ca4000 	C:\WINDOWS\SYSTEM32\DBGHELP.DLL
0x00007fffef2b0000 - 0x00007fffef2e4000 	C:\WINDOWS\SYSTEM32\dbgcore.DLL
0x00007ffffb890000 - 0x00007ffffb912000 	C:\WINDOWS\System32\bcryptPrimitives.dll
0x00007fffe04a0000 - 0x00007fffe04c5000 	C:\Program Files\Android\Android Studio\jbr\bin\java.dll
0x00007fffe0480000 - 0x00007fffe0498000 	C:\Program Files\Android\Android Studio\jbr\bin\zip.dll
0x00007ffffc1e0000 - 0x00007ffffc924000 	C:\WINDOWS\System32\SHELL32.dll
0x00007ffff96f0000 - 0x00007ffff9e83000 	C:\WINDOWS\SYSTEM32\windows.storage.dll
0x00007ffffcb80000 - 0x00007ffffced4000 	C:\WINDOWS\System32\combase.dll
0x00007ffffafa0000 - 0x00007ffffafce000 	C:\WINDOWS\SYSTEM32\Wldp.dll
0x00007ffffc130000 - 0x00007ffffc1dd000 	C:\WINDOWS\System32\SHCORE.dll
0x00007ffffbfb0000 - 0x00007ffffc005000 	C:\WINDOWS\System32\shlwapi.dll
0x00007ffffb560000 - 0x00007ffffb585000 	C:\WINDOWS\SYSTEM32\profapi.dll
0x00007fffe0460000 - 0x00007fffe0479000 	C:\Program Files\Android\Android Studio\jbr\bin\net.dll
0x00007ffff49b0000 - 0x00007ffff4aba000 	C:\WINDOWS\SYSTEM32\WINHTTP.dll
0x00007ffffad00000 - 0x00007ffffad6a000 	C:\WINDOWS\system32\mswsock.dll
0x00007fffe03e0000 - 0x00007fffe03f6000 	C:\Program Files\Android\Android Studio\jbr\bin\nio.dll
0x00007fffe0450000 - 0x00007fffe0460000 	C:\Program Files\Android\Android Studio\jbr\bin\verify.dll
0x00007fffd4870000 - 0x00007fffd4897000 	C:\Users\Pichau\.gradle\native\68d5fa5c4cc2d200863cafc0d521ce42e7d3e7ee720ec0a83991735586a16f82\windows-amd64\native-platform.dll
0x00007fffc0c50000 - 0x00007fffc0d94000 	C:\Users\Pichau\.gradle\native\e376f236ea51e6404a007f0833ffe2c6e607c4080706a723a18a27aeea778392\windows-amd64\native-platform-file-events.dll
0x00007fffe03d0000 - 0x00007fffe03d9000 	C:\Program Files\Android\Android Studio\jbr\bin\management.dll
0x00007fffe03c0000 - 0x00007fffe03cb000 	C:\Program Files\Android\Android Studio\jbr\bin\management_ext.dll
0x00007ffffd920000 - 0x00007ffffd928000 	C:\WINDOWS\System32\PSAPI.DLL
0x00007ffffaef0000 - 0x00007ffffaf08000 	C:\WINDOWS\SYSTEM32\CRYPTSP.dll
0x00007ffffa610000 - 0x00007ffffa644000 	C:\WINDOWS\system32\rsaenh.dll
0x00007ffffb750000 - 0x00007ffffb777000 	C:\WINDOWS\System32\bcrypt.dll
0x00007ffffb520000 - 0x00007ffffb54e000 	C:\WINDOWS\SYSTEM32\USERENV.dll
0x00007ffffaf10000 - 0x00007ffffaf1c000 	C:\WINDOWS\SYSTEM32\CRYPTBASE.dll
0x00007ffffa9f0000 - 0x00007ffffaa2b000 	C:\WINDOWS\SYSTEM32\IPHLPAPI.DLL
0x00007ffffda00000 - 0x00007ffffda08000 	C:\WINDOWS\System32\NSI.dll
0x00007ffff61f0000 - 0x00007ffff6207000 	C:\WINDOWS\SYSTEM32\dhcpcsvc6.DLL
0x00007ffff61d0000 - 0x00007ffff61ed000 	C:\WINDOWS\SYSTEM32\dhcpcsvc.DLL
0x00007ffffaa30000 - 0x00007ffffaafa000 	C:\WINDOWS\SYSTEM32\DNSAPI.dll
0x00007fffe03b0000 - 0x00007fffe03b7000 	C:\WINDOWS\system32\wshunix.dll
0x00007ffff15d0000 - 0x00007ffff15da000 	C:\Windows\System32\rasadhlp.dll
0x00007ffff1350000 - 0x00007ffff13d2000 	C:\WINDOWS\System32\fwpuclnt.dll
0x00007ffffa730000 - 0x00007ffffa763000 	C:\WINDOWS\SYSTEM32\ntmarta.dll

dbghelp: loaded successfully - version: 4.0.5 - missing functions: none
symbol engine: initialized successfully - sym options: 0x614 - pdb path: .;C:\Program Files\Android\Android Studio\jbr\bin;C:\WINDOWS\SYSTEM32;C:\WINDOWS\WinSxS\amd64_microsoft.windows.common-controls_6595b64144ccf1df_6.0.19041.1110_none_60b5254171f9507e;C:\Program Files\Android\Android Studio\jbr\bin\server;C:\Users\Pichau\.gradle\native\68d5fa5c4cc2d200863cafc0d521ce42e7d3e7ee720ec0a83991735586a16f82\windows-amd64;C:\Users\Pichau\.gradle\native\e376f236ea51e6404a007f0833ffe2c6e607c4080706a723a18a27aeea778392\windows-amd64

VM Arguments:
jvm_args: --add-opens=java.base/java.util=ALL-UNNAMED --add-opens=java.base/java.lang=ALL-UNNAMED --add-opens=java.base/java.lang.invoke=ALL-UNNAMED --add-opens=java.prefs/java.util.prefs=ALL-UNNAMED --add-opens=java.base/java.nio.charset=ALL-UNNAMED --add-opens=java.base/java.net=ALL-UNNAMED --add-opens=java.base/java.util.concurrent.atomic=ALL-UNNAMED -Xmx2048m -Dfile.encoding=UTF-8 -Duser.country=BR -Duser.language=pt -Duser.variant 
java_command: org.gradle.launcher.daemon.bootstrap.GradleDaemon 8.0
java_class_path (initial): C:\Users\Pichau\.gradle\wrapper\dists\gradle-8.0-bin\ca5e32bp14vu59qr306oxotwh\gradle-8.0\lib\gradle-launcher-8.0.jar
Launcher Type: SUN_STANDARD

[Global flags]
     intx CICompilerCount                          = 3                                         {product} {ergonomic}
     uint ConcGCThreads                            = 1                                         {product} {ergonomic}
     uint G1ConcRefinementThreads                  = 4                                         {product} {ergonomic}
   size_t G1HeapRegionSize                         = 1048576                                   {product} {ergonomic}
    uintx GCDrainStackTargetSize                   = 64                                        {product} {ergonomic}
   size_t InitialHeapSize                          = 234881024                                 {product} {ergonomic}
   size_t MarkStackSize                            = 4194304                                   {product} {ergonomic}
   size_t MaxHeapSize                              = 2147483648                                {product} {command line}
   size_t MaxNewSize                               = 1287651328                                {product} {ergonomic}
   size_t MinHeapDeltaBytes                        = 1048576                                   {product} {ergonomic}
   size_t MinHeapSize                              = 8388608                                   {product} {ergonomic}
    uintx NonNMethodCodeHeapSize                   = 5832780                                {pd product} {ergonomic}
    uintx NonProfiledCodeHeapSize                  = 122912730                              {pd product} {ergonomic}
    uintx ProfiledCodeHeapSize                     = 122912730                              {pd product} {ergonomic}
    uintx ReservedCodeCacheSize                    = 251658240                              {pd product} {ergonomic}
     bool SegmentedCodeCache                       = true                                      {product} {ergonomic}
   size_t SoftMaxHeapSize                          = 2147483648                             {manageable} {ergonomic}
     bool UseCompressedClassPointers               = true                           {product lp64_product} {ergonomic}
     bool UseCompressedOops                        = true                           {product lp64_product} {ergonomic}
     bool UseG1GC                                  = true                                      {product} {ergonomic}
     bool UseLargePagesIndividualAllocation        = false                                  {pd product} {ergonomic}

Logging:
Log output configuration:
 #0: stdout all=warning uptime,level,tags
 #1: stderr all=off uptime,level,tags

Environment Variables:
PATH=C:\WINDOWS\system32;C:\WINDOWS;C:\WINDOWS\System32\Wbem;C:\WINDOWS\System32\WindowsPowerShell\v1.0\;C:\WINDOWS\System32\OpenSSH\;C:\Program Files\Microsoft SQL Server\150\Tools\Binn\;C:\Program Files\Microsoft SQL Server\Client SDK\ODBC\170\Tools\Binn\;C:\Program Files\dotnet\;C:\Program Files\Microsoft SQL Server\Client SDK\ODBC\110\Tools\Binn\;C:\Program Files (x86)\Microsoft SQL Server\120\Tools\Binn\;C:\Program Files\Microsoft SQL Server\120\Tools\Binn\;C:\Program Files\Microsoft SQL Server\120\DTS\Binn\;C:\Program Files (x86)\Microsoft SQL Server\120\Tools\Binn\ManagementStudio\;C:\Program Files (x86)\Microsoft SQL Server\120\DTS\Binn\;C:\Users\Pichau\AppData\Local\Microsoft\WindowsApps;;C:\Users\Pichau\AppData\Local\Programs\Microsoft VS Code\bin;C:\Users\Pichau\.dotnet\tools
USERNAME=Tho
OS=Windows_NT
PROCESSOR_IDENTIFIER=AMD64 Family 23 Model 17 Stepping 0, AuthenticAMD
TMP=C:\Users\Pichau\AppData\Local\Temp
TEMP=C:\Users\Pichau\AppData\Local\Temp


JNI global refs:
JNI global refs: 27, weak refs: 13

JNI global refs memory usage: 843, weak refs: 841


---------------  S Y S T E M  ---------------

OS:
 Windows 10 , 64 bit Build 19041 (10.0.19041.3155)
OS uptime: 0 days 3:38 hours

CPU: total 4 (initial active 4) (4 cores per cpu, 1 threads per core) family 23 model 17 stepping 0 microcode 0x0, cx8, cmov, fxsr, mmx, 3dnowpref, sse, sse2, sse3, ssse3, sse4a, sse4.1, sse4.2, popcnt, lzcnt, tsc, tscinvbit, avx, avx2, aes, clmul, bmi1, bmi2, adx, sha, fma, vzeroupper, clflush, clflushopt

Memory: 4k page, system-wide physical 14264M (3351M free)
TotalPageFile size 14264M (AvailPageFile size 25M)
current process WorkingSet (physical memory assigned to process): 662M, peak: 676M
current process commit charge ("private bytes"): 741M, peak: 1288M

vm_info: OpenJDK 64-Bit Server VM (17.0.6+0-b2043.56-10027231) for windows-amd64 JRE (17.0.6+0-b2043.56-10027231), built on Apr 28 2023 00:43:19 by "androidbuild" with MS VC++ 16.10 / 16.11 (VS2019)

END.
