#
# There is insufficient memory for the Java Runtime Environment to continue.
# Native memory allocation (mmap) failed to map 576716800 bytes for G1 virtual space
# Possible reasons:
#   The system is out of physical RAM or swap space
#   The process is running with CompressedOops enabled, and the Java Heap may be blocking the growth of the native heap
# Possible solutions:
#   Reduce memory load on the system
#   Increase physical memory or swap space
#   Check if swap backing store is full
#   Decrease Java heap size (-Xmx/-Xms)
#   Decrease number of Java threads
#   Decrease Java thread stack sizes (-Xss)
#   Set larger code cache with -XX:ReservedCodeCacheSize=
#   JVM is running with Unscaled Compressed Oops mode in which the Java heap is
#     placed in the first 4GB address space. The Java Heap base address is the
#     maximum limit for the native heap growth. Please use -XX:HeapBaseMinAddress
#     to set the Java Heap base and to place the Java Heap above 4GB virtual address.
# This output file may be truncated or incomplete.
#
#  Out of Memory Error (os_windows.cpp:3769), pid=2584, tid=9584
#
# JRE version: OpenJDK Runtime Environment (17.0.6) (build 17.0.6+0-b2043.56-10027231)
# Java VM: OpenJDK 64-Bit Server VM (17.0.6+0-b2043.56-10027231, mixed mode, tiered, compressed oops, compressed class ptrs, g1 gc, windows-amd64)
# No core dump will be written. Minidumps are not enabled by default on client versions of Windows
#

---------------  S U M M A R Y ------------

Command Line: --add-opens=java.base/java.util=ALL-UNNAMED --add-opens=java.base/java.lang=ALL-UNNAMED --add-opens=java.base/java.lang.invoke=ALL-UNNAMED --add-opens=java.prefs/java.util.prefs=ALL-UNNAMED --add-opens=java.base/java.nio.charset=ALL-UNNAMED --add-opens=java.base/java.net=ALL-UNNAMED --add-opens=java.base/java.util.concurrent.atomic=ALL-UNNAMED -Xmx2048m -Dfile.encoding=UTF-8 -Duser.country=BR -Duser.language=pt -Duser.variant org.gradle.launcher.daemon.bootstrap.GradleDaemon 8.0

Host: AMD Ryzen 3 2200G with Radeon Vega Graphics    , 4 cores, 13G,  Windows 10 , 64 bit Build 19041 (10.0.19041.3155)
Time: Mon Aug 28 20:41:48 2023 Hora oficial do Brasil elapsed time: 5465.664079 seconds (0d 1h 31m 5s)

---------------  T H R E A D  ---------------

Current thread (0x0000020579c03680):  VMThread "VM Thread" [stack: 0x00000077d6f00000,0x00000077d7000000] [id=9584]

Stack: [0x00000077d6f00000,0x00000077d7000000]
Native frames: (J=compiled Java code, j=interpreted, Vv=VM code, C=native code)
V  [jvm.dll+0x683c9a]
V  [jvm.dll+0x8427a4]
V  [jvm.dll+0x843f9e]
V  [jvm.dll+0x844603]
V  [jvm.dll+0x249b75]
V  [jvm.dll+0x680b69]
V  [jvm.dll+0x67505a]
V  [jvm.dll+0x309acb]
V  [jvm.dll+0x310f86]
V  [jvm.dll+0x3608ee]
V  [jvm.dll+0x360b1f]
V  [jvm.dll+0x2dfbf8]
V  [jvm.dll+0x2ddec4]
V  [jvm.dll+0x2dd4cc]
V  [jvm.dll+0x321f3b]
V  [jvm.dll+0x848ccb]
V  [jvm.dll+0x849a04]
V  [jvm.dll+0x849f1d]
V  [jvm.dll+0x84a2f4]
V  [jvm.dll+0x84a3c0]
V  [jvm.dll+0x7f274a]
V  [jvm.dll+0x682ad5]
C  [ucrtbase.dll+0x21bb2]
C  [KERNEL32.DLL+0x17614]
C  [ntdll.dll+0x526b1]

VM_Operation (0x00000077dc9fd5c0): G1CollectForAllocation, mode: safepoint, requested by thread 0x000002057b10cf20


---------------  P R O C E S S  ---------------

Threads class SMR info:
_java_thread_list=0x0000020504bb4040, length=91, elements={
0x000002055fd6d370, 0x0000020579c097b0, 0x0000020579c0c170, 0x0000020579c5f910,
0x0000020579c603d0, 0x0000020579c62cb0, 0x0000020579c24b30, 0x0000020579c77a90,
0x0000020579c7a3a0, 0x0000020579c7b4a0, 0x0000020579e0c0e0, 0x0000020579e0e5c0,
0x000002057c983210, 0x000002057c539730, 0x000002057b1cbd00, 0x000002057b1c51a0,
0x000002057b1c5670, 0x000002057b1c81c0, 0x000002057b1c8690, 0x000002057b1c64e0,
0x000002057b1c7350, 0x000002057e864d40, 0x000002057e869a40, 0x000002057e866ef0,
0x000002057e869570, 0x000002057e866080, 0x00000205029ff790, 0x00000205007d42e0,
0x00000205007d2130, 0x00000205007d7300, 0x00000205007d1790, 0x00000205007d77d0,
0x00000205007d7ca0, 0x00000205007d8170, 0x00000205007d3e10, 0x00000205007d0df0,
0x00000205007d6490, 0x00000205007d8640, 0x00000205007d2ad0, 0x00000205007d12c0,
0x00000205007d5af0, 0x00000205007d1c60, 0x00000205007d2fa0, 0x00000205007d47b0,
0x00000205007d4c80, 0x00000205007d5fc0, 0x00000205007d5150, 0x00000205007d5620,
0x00000205007d6960, 0x00000205007d6e30, 0x00000205029f7f40, 0x00000205029fc2a0,
0x00000205029fd110, 0x00000205029faf60, 0x00000205029fcc40, 0x00000205029fe920,
0x00000205029f88e0, 0x00000205029fa0f0, 0x00000205029fedf0, 0x00000205029fe450,
0x00000205029ff2c0, 0x00000205029f9280, 0x00000205029fd5e0, 0x00000205029fa5c0,
0x00000205029fc770, 0x00000205029fdab0, 0x00000205029fb430, 0x00000205029f9750,
0x00000205029fdf80, 0x00000205029f8410, 0x00000205029fb900, 0x00000205029f8db0,
0x00000205029f9c20, 0x00000205029fbdd0, 0x00000205029faa90, 0x000002057e864870,
0x000002057e865bb0, 0x000002057e868230, 0x000002057e866550, 0x000002057e867890,
0x000002057e8673c0, 0x000002057e86a8b0, 0x000002057e863a00, 0x000002057e86a3e0,
0x000002057e863060, 0x000002057e863ed0, 0x000002050350f030, 0x000002057b10cf20,
0x0000020502c23720, 0x0000020502c228b0, 0x000002050345f4d0
}

Java Threads: ( => current thread )
  0x000002055fd6d370 JavaThread "main" [_thread_blocked, id=6984, stack(0x00000077d6900000,0x00000077d6a00000)]
  0x0000020579c097b0 JavaThread "Reference Handler" daemon [_thread_blocked, id=2016, stack(0x00000077d7000000,0x00000077d7100000)]
  0x0000020579c0c170 JavaThread "Finalizer" daemon [_thread_blocked, id=2236, stack(0x00000077d7100000,0x00000077d7200000)]
  0x0000020579c5f910 JavaThread "Signal Dispatcher" daemon [_thread_blocked, id=4452, stack(0x00000077d7200000,0x00000077d7300000)]
  0x0000020579c603d0 JavaThread "Attach Listener" daemon [_thread_blocked, id=5840, stack(0x00000077d7300000,0x00000077d7400000)]
  0x0000020579c62cb0 JavaThread "Service Thread" daemon [_thread_blocked, id=5044, stack(0x00000077d7400000,0x00000077d7500000)]
  0x0000020579c24b30 JavaThread "Monitor Deflation Thread" daemon [_thread_blocked, id=12124, stack(0x00000077d7500000,0x00000077d7600000)]
  0x0000020579c77a90 JavaThread "C2 CompilerThread0" daemon [_thread_blocked, id=3848, stack(0x00000077d7600000,0x00000077d7700000)]
  0x0000020579c7a3a0 JavaThread "C1 CompilerThread0" daemon [_thread_blocked, id=408, stack(0x00000077d7700000,0x00000077d7800000)]
  0x0000020579c7b4a0 JavaThread "Sweeper thread" daemon [_thread_blocked, id=10600, stack(0x00000077d7800000,0x00000077d7900000)]
  0x0000020579e0c0e0 JavaThread "Common-Cleaner" daemon [_thread_blocked, id=8336, stack(0x00000077d7900000,0x00000077d7a00000)]
  0x0000020579e0e5c0 JavaThread "Notification Thread" daemon [_thread_blocked, id=10308, stack(0x00000077d7a00000,0x00000077d7b00000)]
  0x000002057c983210 JavaThread "Daemon health stats" [_thread_blocked, id=4640, stack(0x00000077d8000000,0x00000077d8100000)]
  0x000002057c539730 JavaThread "Incoming local TCP Connector on port 51834" [_thread_in_native, id=9392, stack(0x00000077d8100000,0x00000077d8200000)]
  0x000002057b1cbd00 JavaThread "Daemon periodic checks" [_thread_blocked, id=3580, stack(0x00000077d8200000,0x00000077d8300000)]
  0x000002057b1c51a0 JavaThread "Cache worker for journal cache (C:\Users\Pichau\.gradle\caches\journal-1)" [_thread_blocked, id=10088, stack(0x00000077d8a00000,0x00000077d8b00000)]
  0x000002057b1c5670 JavaThread "File lock request listener" [_thread_in_native, id=8260, stack(0x00000077d8b00000,0x00000077d8c00000)]
  0x000002057b1c81c0 JavaThread "Cache worker for file hash cache (C:\Users\Pichau\.gradle\caches\8.0\fileHashes)" [_thread_blocked, id=6952, stack(0x00000077d8c00000,0x00000077d8d00000)]
  0x000002057b1c8690 JavaThread "File watcher server" daemon [_thread_blocked, id=1120, stack(0x00000077d8d00000,0x00000077d8e00000)]
  0x000002057b1c64e0 JavaThread "File watcher consumer" daemon [_thread_blocked, id=4632, stack(0x00000077d8e00000,0x00000077d8f00000)]
  0x000002057b1c7350 JavaThread "Cache worker for file content cache (C:\Users\Pichau\.gradle\caches\8.0\fileContent)" [_thread_blocked, id=5252, stack(0x00000077d9100000,0x00000077d9200000)]
  0x000002057e864d40 JavaThread "Cache worker for execution history cache (C:\Users\Pichau\.gradle\caches\8.0\executionHistory)" [_thread_blocked, id=10488, stack(0x00000077d9400000,0x00000077d9500000)]
  0x000002057e869a40 JavaThread "jar transforms" [_thread_blocked, id=3240, stack(0x00000077d9500000,0x00000077d9600000)]
  0x000002057e866ef0 JavaThread "jar transforms Thread 2" [_thread_blocked, id=11252, stack(0x00000077d9600000,0x00000077d9700000)]
  0x000002057e869570 JavaThread "jar transforms Thread 3" [_thread_blocked, id=10912, stack(0x00000077d9700000,0x00000077d9800000)]
  0x000002057e866080 JavaThread "jar transforms Thread 4" [_thread_blocked, id=3412, stack(0x00000077d9800000,0x00000077d9900000)]
  0x00000205029ff790 JavaThread "Memory manager" [_thread_blocked, id=6320, stack(0x00000077dc400000,0x00000077dc500000)]
  0x00000205007d42e0 JavaThread "Daemon Thread 4" [_thread_blocked, id=9472, stack(0x00000077d6700000,0x00000077d6800000)]
  0x00000205007d2130 JavaThread "Handler for socket connection from /127.0.0.1:51834 to /127.0.0.1:53011" [_thread_in_native, id=9912, stack(0x00000077d6800000,0x00000077d6900000)]
  0x00000205007d7300 JavaThread "Cancel handler" [_thread_blocked, id=7748, stack(0x00000077d7c00000,0x00000077d7d00000)]
  0x00000205007d1790 JavaThread "Daemon worker Thread 4" [_thread_blocked, id=4920, stack(0x00000077d8300000,0x00000077d8400000)]
  0x00000205007d77d0 JavaThread "Asynchronous log dispatcher for DefaultDaemonConnection: socket connection from /127.0.0.1:51834 to /127.0.0.1:53011" [_thread_blocked, id=10060, stack(0x00000077d8400000,0x00000077d8500000)]
  0x00000205007d7ca0 JavaThread "Stdin handler" [_thread_blocked, id=2500, stack(0x00000077d8500000,0x00000077d8600000)]
  0x00000205007d8170 JavaThread "Daemon client event forwarder" [_thread_blocked, id=9440, stack(0x00000077d8600000,0x00000077d8700000)]
  0x00000205007d3e10 JavaThread "Cache worker for checksums cache (C:\Users\Pichau\AndroidStudioProjects\Tcc_funcionario\.gradle\8.0\checksums)" [_thread_blocked, id=8652, stack(0x00000077d8700000,0x00000077d8800000)]
  0x00000205007d0df0 JavaThread "Cache worker for cache directory md-rule (C:\Users\Pichau\.gradle\caches\8.0\md-rule)" [_thread_blocked, id=1656, stack(0x00000077d8800000,0x00000077d8900000)]
  0x00000205007d6490 JavaThread "Cache worker for file hash cache (C:\Users\Pichau\AndroidStudioProjects\Tcc_funcionario\.gradle\8.0\fileHashes)" [_thread_blocked, id=7104, stack(0x00000077d8900000,0x00000077d8a00000)]
  0x00000205007d8640 JavaThread "Cache worker for cache directory md-supplier (C:\Users\Pichau\.gradle\caches\8.0\md-supplier)" [_thread_blocked, id=9544, stack(0x00000077d8f00000,0x00000077d9000000)]
  0x00000205007d2ad0 JavaThread "Cache worker for dependencies-accessors (C:\Users\Pichau\AndroidStudioProjects\Tcc_funcionario\.gradle\8.0\dependencies-accessors)" [_thread_blocked, id=6504, stack(0x00000077d9000000,0x00000077d9100000)]
  0x00000205007d12c0 JavaThread "Cache worker for Build Output Cleanup Cache (C:\Users\Pichau\AndroidStudioProjects\Tcc_funcionario\.gradle\buildOutputCleanup)" [_thread_blocked, id=2744, stack(0x00000077d9300000,0x00000077d9400000)]
  0x00000205007d5af0 JavaThread "Unconstrained build operations" [_thread_blocked, id=11640, stack(0x00000077d9900000,0x00000077d9a00000)]
  0x00000205007d1c60 JavaThread "Unconstrained build operations Thread 2" [_thread_blocked, id=932, stack(0x00000077d9a00000,0x00000077d9b00000)]
  0x00000205007d2fa0 JavaThread "Unconstrained build operations Thread 3" [_thread_blocked, id=5628, stack(0x00000077d9b00000,0x00000077d9c00000)]
  0x00000205007d47b0 JavaThread "Unconstrained build operations Thread 4" [_thread_blocked, id=11652, stack(0x00000077d9c00000,0x00000077d9d00000)]
  0x00000205007d4c80 JavaThread "Unconstrained build operations Thread 5" [_thread_blocked, id=1524, stack(0x00000077d9d00000,0x00000077d9e00000)]
  0x00000205007d5fc0 JavaThread "Unconstrained build operations Thread 6" [_thread_blocked, id=260, stack(0x00000077d9e00000,0x00000077d9f00000)]
  0x00000205007d5150 JavaThread "Unconstrained build operations Thread 7" [_thread_blocked, id=10484, stack(0x00000077d9f00000,0x00000077da000000)]
  0x00000205007d5620 JavaThread "Unconstrained build operations Thread 8" [_thread_blocked, id=7656, stack(0x00000077da000000,0x00000077da100000)]
  0x00000205007d6960 JavaThread "Unconstrained build operations Thread 9" [_thread_blocked, id=32, stack(0x00000077da100000,0x00000077da200000)]
  0x00000205007d6e30 JavaThread "Unconstrained build operations Thread 10" [_thread_blocked, id=5428, stack(0x00000077da200000,0x00000077da300000)]
  0x00000205029f7f40 JavaThread "Unconstrained build operations Thread 11" [_thread_blocked, id=9460, stack(0x00000077da300000,0x00000077da400000)]
  0x00000205029fc2a0 JavaThread "Unconstrained build operations Thread 12" [_thread_blocked, id=5276, stack(0x00000077da400000,0x00000077da500000)]
  0x00000205029fd110 JavaThread "Unconstrained build operations Thread 13" [_thread_blocked, id=8556, stack(0x00000077da500000,0x00000077da600000)]
  0x00000205029faf60 JavaThread "Unconstrained build operations Thread 14" [_thread_blocked, id=9480, stack(0x00000077da600000,0x00000077da700000)]
  0x00000205029fcc40 JavaThread "Unconstrained build operations Thread 15" [_thread_blocked, id=5256, stack(0x00000077da700000,0x00000077da800000)]
  0x00000205029fe920 JavaThread "Unconstrained build operations Thread 16" [_thread_blocked, id=9556, stack(0x00000077da800000,0x00000077da900000)]
  0x00000205029f88e0 JavaThread "Unconstrained build operations Thread 17" [_thread_blocked, id=7652, stack(0x00000077da900000,0x00000077daa00000)]
  0x00000205029fa0f0 JavaThread "Unconstrained build operations Thread 18" [_thread_blocked, id=3356, stack(0x00000077daa00000,0x00000077dab00000)]
  0x00000205029fedf0 JavaThread "Unconstrained build operations Thread 19" [_thread_blocked, id=412, stack(0x00000077dab00000,0x00000077dac00000)]
  0x00000205029fe450 JavaThread "Unconstrained build operations Thread 20" [_thread_blocked, id=1176, stack(0x00000077dac00000,0x00000077dad00000)]
  0x00000205029ff2c0 JavaThread "Unconstrained build operations Thread 21" [_thread_blocked, id=7972, stack(0x00000077dad00000,0x00000077dae00000)]
  0x00000205029f9280 JavaThread "Unconstrained build operations Thread 22" [_thread_blocked, id=10664, stack(0x00000077dae00000,0x00000077daf00000)]
  0x00000205029fd5e0 JavaThread "Unconstrained build operations Thread 23" [_thread_blocked, id=2964, stack(0x00000077daf00000,0x00000077db000000)]
  0x00000205029fa5c0 JavaThread "Unconstrained build operations Thread 24" [_thread_blocked, id=1780, stack(0x00000077db000000,0x00000077db100000)]
  0x00000205029fc770 JavaThread "Unconstrained build operations Thread 25" [_thread_blocked, id=1588, stack(0x00000077db100000,0x00000077db200000)]
  0x00000205029fdab0 JavaThread "Unconstrained build operations Thread 26" [_thread_blocked, id=8476, stack(0x00000077db200000,0x00000077db300000)]
  0x00000205029fb430 JavaThread "Unconstrained build operations Thread 27" [_thread_blocked, id=6972, stack(0x00000077db300000,0x00000077db400000)]
  0x00000205029f9750 JavaThread "Unconstrained build operations Thread 28" [_thread_blocked, id=5420, stack(0x00000077db400000,0x00000077db500000)]
  0x00000205029fdf80 JavaThread "Unconstrained build operations Thread 29" [_thread_blocked, id=10516, stack(0x00000077db500000,0x00000077db600000)]
  0x00000205029f8410 JavaThread "Unconstrained build operations Thread 30" [_thread_blocked, id=5944, stack(0x00000077db600000,0x00000077db700000)]
  0x00000205029fb900 JavaThread "Unconstrained build operations Thread 31" [_thread_blocked, id=3088, stack(0x00000077db700000,0x00000077db800000)]
  0x00000205029f8db0 JavaThread "Unconstrained build operations Thread 32" [_thread_blocked, id=9792, stack(0x00000077db800000,0x00000077db900000)]
  0x00000205029f9c20 JavaThread "Unconstrained build operations Thread 33" [_thread_blocked, id=11280, stack(0x00000077db900000,0x00000077dba00000)]
  0x00000205029fbdd0 JavaThread "Unconstrained build operations Thread 34" [_thread_blocked, id=10892, stack(0x00000077dba00000,0x00000077dbb00000)]
  0x00000205029faa90 JavaThread "Unconstrained build operations Thread 35" [_thread_blocked, id=8112, stack(0x00000077dbb00000,0x00000077dbc00000)]
  0x000002057e864870 JavaThread "Unconstrained build operations Thread 36" [_thread_blocked, id=11628, stack(0x00000077dbc00000,0x00000077dbd00000)]
  0x000002057e865bb0 JavaThread "Unconstrained build operations Thread 37" [_thread_blocked, id=2916, stack(0x00000077dbd00000,0x00000077dbe00000)]
  0x000002057e868230 JavaThread "Unconstrained build operations Thread 38" [_thread_blocked, id=232, stack(0x00000077dbe00000,0x00000077dbf00000)]
  0x000002057e866550 JavaThread "Unconstrained build operations Thread 39" [_thread_blocked, id=3584, stack(0x00000077dbf00000,0x00000077dc000000)]
  0x000002057e867890 JavaThread "Unconstrained build operations Thread 40" [_thread_blocked, id=6004, stack(0x00000077dc000000,0x00000077dc100000)]
  0x000002057e8673c0 JavaThread "build event listener" [_thread_blocked, id=7236, stack(0x00000077dc100000,0x00000077dc200000)]
  0x000002057e86a8b0 JavaThread "included builds" [_thread_blocked, id=11728, stack(0x00000077dc200000,0x00000077dc300000)]
  0x000002057e863a00 JavaThread "Execution worker" [_thread_blocked, id=7708, stack(0x00000077dc300000,0x00000077dc400000)]
  0x000002057e86a3e0 JavaThread "Execution worker Thread 2" [_thread_blocked, id=4464, stack(0x00000077dc500000,0x00000077dc600000)]
  0x000002057e863060 JavaThread "Execution worker Thread 3" [_thread_blocked, id=12204, stack(0x00000077dc600000,0x00000077dc700000)]
  0x000002057e863ed0 JavaThread "Cache worker for execution history cache (C:\Users\Pichau\AndroidStudioProjects\Tcc_funcionario\.gradle\8.0\executionHistory)" [_thread_blocked, id=11956, stack(0x00000077dc700000,0x00000077dc800000)]
  0x000002050350f030 JavaThread "WorkerExecutor Queue" [_thread_blocked, id=1160, stack(0x00000077dc800000,0x00000077dc900000)]
  0x000002057b10cf20 JavaThread "WorkerExecutor Queue Thread 2" [_thread_blocked, id=5072, stack(0x00000077dc900000,0x00000077dca00000)]
  0x0000020502c23720 JavaThread "WorkerExecutor Queue Thread 3" [_thread_blocked, id=4040, stack(0x00000077dcb00000,0x00000077dcc00000)]
  0x0000020502c228b0 JavaThread "WorkerExecutor Queue Thread 4" [_thread_blocked, id=936, stack(0x00000077dcc00000,0x00000077dcd00000)]
  0x000002050345f4d0 JavaThread "C2 CompilerThread1" daemon [_thread_blocked, id=2272, stack(0x00000077d9200000,0x00000077d9300000)]

Other Threads:
=>0x0000020579c03680 VMThread "VM Thread" [stack: 0x00000077d6f00000,0x00000077d7000000] [id=9584]
  0x0000020579e0eca0 WatcherThread [stack: 0x00000077d7b00000,0x00000077d7c00000] [id=10248]
  0x000002055fdcbe30 GCTaskThread "GC Thread#0" [stack: 0x00000077d6a00000,0x00000077d6b00000] [id=6732]
  0x0000020579e61110 GCTaskThread "GC Thread#1" [stack: 0x00000077d7d00000,0x00000077d7e00000] [id=11072]
  0x0000020579e60650 GCTaskThread "GC Thread#2" [stack: 0x00000077d7e00000,0x00000077d7f00000] [id=9704]
  0x0000020579e613c0 GCTaskThread "GC Thread#3" [stack: 0x00000077d7f00000,0x00000077d8000000] [id=8640]
  0x000002055fddcc80 ConcurrentGCThread "G1 Main Marker" [stack: 0x00000077d6b00000,0x00000077d6c00000] [id=1920]
  0x000002055fdddd40 ConcurrentGCThread "G1 Conc#0" [stack: 0x00000077d6c00000,0x00000077d6d00000] [id=3224]
  0x00000205791d6560 ConcurrentGCThread "G1 Refine#0" [stack: 0x00000077d6d00000,0x00000077d6e00000] [id=400]
  0x00000205034653f0 ConcurrentGCThread "G1 Refine#1" [stack: 0x00000077d6600000,0x00000077d6700000] [id=2532]
  0x000002057a4d7760 ConcurrentGCThread "G1 Refine#2" [stack: 0x00000077dca00000,0x00000077dcb00000] [id=3408]
  0x00000205791d7d50 ConcurrentGCThread "G1 Service" [stack: 0x00000077d6e00000,0x00000077d6f00000] [id=8508]

Threads with active compile tasks:
C2 CompilerThread0  5465685 18029       4       java.util.TimSort::sort (229 bytes)
C2 CompilerThread1  5465685 18030       4       org.gradle.tooling.internal.provider.runner.ClientBuildEventGenerator::started (168 bytes)

VM state: at safepoint (normal execution)

VM Mutex/Monitor currently owned by a thread:  ([mutex/lock_event])
[0x000002055fd68c00] Threads_lock - owner thread: 0x0000020579c03680
[0x000002055fd68b70] Heap_lock - owner thread: 0x000002057b10cf20

Heap address: 0x0000000080000000, size: 2048 MB, Compressed Oops mode: 32-bit

CDS archive(s) not mapped
Compressed class space mapped at: 0x0000000100000000-0x0000000140000000, reserved size: 1073741824
Narrow klass base: 0x0000000000000000, Narrow klass shift: 3, Narrow klass range: 0x140000000

GC Precious Log:
 CPUs: 4 total, 4 available
 Memory: 14264M
 Large Page Support: Disabled
 NUMA Support: Disabled
 Compressed Oops: Enabled (32-bit)
 Heap Region Size: 1M
 Heap Min Capacity: 8M
 Heap Initial Capacity: 224M
 Heap Max Capacity: 2G
 Pre-touch: Disabled
 Parallel Workers: 4
 Concurrent Workers: 1
 Concurrent Refinement Workers: 4
 Periodic GC: Disabled

Heap:
 garbage-first heap   total 281600K, used 107594K [0x0000000080000000, 0x0000000100000000)
  region size 1024K, 9 young (9216K), 9 survivors (9216K)
 Metaspace       used 108728K, committed 109504K, reserved 1146880K
  class space    used 14139K, committed 14464K, reserved 1048576K

Heap Regions: E=young(eden), S=young(survivor), O=old, HS=humongous(starts), HC=humongous(continues), CS=collection set, F=free, OA=open archive, CA=closed archive, TAMS=top-at-mark-start (previous, next)
|   0|0x0000000080000000, 0x0000000080100000, 0x0000000080100000|100%| O|  |TAMS 0x0000000080100000, 0x0000000080100000| Untracked 
|   1|0x0000000080100000, 0x0000000080200000, 0x0000000080200000|100%| O|  |TAMS 0x0000000080200000, 0x0000000080200000| Untracked 
|   2|0x0000000080200000, 0x0000000080300000, 0x0000000080300000|100%|HS|  |TAMS 0x0000000080300000, 0x0000000080300000| Complete 
|   3|0x0000000080300000, 0x0000000080400000, 0x0000000080400000|100%|HC|  |TAMS 0x0000000080400000, 0x0000000080400000| Complete 
|   4|0x0000000080400000, 0x0000000080500000, 0x0000000080500000|100%|HC|  |TAMS 0x0000000080500000, 0x0000000080500000| Complete 
|   5|0x0000000080500000, 0x0000000080600000, 0x0000000080600000|100%|HC|  |TAMS 0x0000000080600000, 0x0000000080600000| Complete 
|   6|0x0000000080600000, 0x0000000080700000, 0x0000000080700000|100%| O|  |TAMS 0x0000000080700000, 0x0000000080700000| Untracked 
|   7|0x0000000080700000, 0x0000000080800000, 0x0000000080800000|100%| O|  |TAMS 0x0000000080800000, 0x0000000080800000| Untracked 
|   8|0x0000000080800000, 0x0000000080900000, 0x0000000080900000|100%| O|  |TAMS 0x0000000080900000, 0x0000000080900000| Untracked 
|   9|0x0000000080900000, 0x0000000080a00000, 0x0000000080a00000|100%| O|  |TAMS 0x0000000080a00000, 0x0000000080a00000| Untracked 
|  10|0x0000000080a00000, 0x0000000080b00000, 0x0000000080b00000|100%| O|  |TAMS 0x0000000080b00000, 0x0000000080b00000| Untracked 
|  11|0x0000000080b00000, 0x0000000080c00000, 0x0000000080c00000|100%| O|  |TAMS 0x0000000080c00000, 0x0000000080c00000| Untracked 
|  12|0x0000000080c00000, 0x0000000080d00000, 0x0000000080d00000|100%| O|  |TAMS 0x0000000080d00000, 0x0000000080d00000| Untracked 
|  13|0x0000000080d00000, 0x0000000080e00000, 0x0000000080e00000|100%| O|  |TAMS 0x0000000080e00000, 0x0000000080e00000| Untracked 
|  14|0x0000000080e00000, 0x0000000080f00000, 0x0000000080f00000|100%| O|  |TAMS 0x0000000080f00000, 0x0000000080f00000| Untracked 
|  15|0x0000000080f00000, 0x0000000081000000, 0x0000000081000000|100%| O|  |TAMS 0x0000000081000000, 0x0000000081000000| Untracked 
|  16|0x0000000081000000, 0x0000000081100000, 0x0000000081100000|100%| O|  |TAMS 0x0000000081100000, 0x0000000081100000| Untracked 
|  17|0x0000000081100000, 0x0000000081200000, 0x0000000081200000|100%| O|  |TAMS 0x0000000081200000, 0x0000000081200000| Untracked 
|  18|0x0000000081200000, 0x0000000081300000, 0x0000000081300000|100%| O|  |TAMS 0x0000000081300000, 0x0000000081300000| Untracked 
|  19|0x0000000081300000, 0x0000000081400000, 0x0000000081400000|100%| O|  |TAMS 0x0000000081400000, 0x0000000081400000| Untracked 
|  20|0x0000000081400000, 0x0000000081500000, 0x0000000081500000|100%| O|  |TAMS 0x0000000081500000, 0x0000000081500000| Untracked 
|  21|0x0000000081500000, 0x0000000081600000, 0x0000000081600000|100%| O|  |TAMS 0x0000000081600000, 0x0000000081600000| Untracked 
|  22|0x0000000081600000, 0x0000000081700000, 0x0000000081700000|100%| O|  |TAMS 0x0000000081700000, 0x0000000081700000| Untracked 
|  23|0x0000000081700000, 0x0000000081800000, 0x0000000081800000|100%| O|  |TAMS 0x0000000081700000, 0x0000000081800000| Untracked 
|  24|0x0000000081800000, 0x0000000081900000, 0x0000000081900000|100%| O|  |TAMS 0x0000000081900000, 0x0000000081900000| Untracked 
|  25|0x0000000081900000, 0x0000000081a00000, 0x0000000081a00000|100%| O|  |TAMS 0x0000000081a00000, 0x0000000081a00000| Untracked 
|  26|0x0000000081a00000, 0x0000000081b00000, 0x0000000081b00000|100%| O|  |TAMS 0x0000000081b00000, 0x0000000081b00000| Untracked 
|  27|0x0000000081b00000, 0x0000000081c00000, 0x0000000081c00000|100%| O|  |TAMS 0x0000000081c00000, 0x0000000081c00000| Untracked 
|  28|0x0000000081c00000, 0x0000000081d00000, 0x0000000081d00000|100%| O|  |TAMS 0x0000000081d00000, 0x0000000081d00000| Untracked 
|  29|0x0000000081d00000, 0x0000000081e00000, 0x0000000081e00000|100%| O|  |TAMS 0x0000000081d00000, 0x0000000081e00000| Untracked 
|  30|0x0000000081e00000, 0x0000000081f00000, 0x0000000081f00000|100%| O|  |TAMS 0x0000000081f00000, 0x0000000081f00000| Untracked 
|  31|0x0000000081f00000, 0x0000000082000000, 0x0000000082000000|100%|HS|  |TAMS 0x0000000082000000, 0x0000000082000000| Complete 
|  32|0x0000000082000000, 0x0000000082100000, 0x0000000082100000|100%|HS|  |TAMS 0x0000000082100000, 0x0000000082100000| Complete 
|  33|0x0000000082100000, 0x0000000082200000, 0x0000000082200000|100%| O|  |TAMS 0x0000000082200000, 0x0000000082200000| Untracked 
|  34|0x0000000082200000, 0x0000000082300000, 0x0000000082300000|100%| O|  |TAMS 0x0000000082300000, 0x0000000082300000| Untracked 
|  35|0x0000000082300000, 0x0000000082400000, 0x0000000082400000|100%| O|  |TAMS 0x0000000082400000, 0x0000000082400000| Untracked 
|  36|0x0000000082400000, 0x0000000082500000, 0x0000000082500000|100%| O|  |TAMS 0x0000000082500000, 0x0000000082500000| Untracked 
|  37|0x0000000082500000, 0x0000000082600000, 0x0000000082600000|100%| O|  |TAMS 0x0000000082600000, 0x0000000082600000| Untracked 
|  38|0x0000000082600000, 0x0000000082700000, 0x0000000082700000|100%| O|  |TAMS 0x0000000082700000, 0x0000000082700000| Untracked 
|  39|0x0000000082700000, 0x0000000082800000, 0x0000000082800000|100%| O|  |TAMS 0x0000000082800000, 0x0000000082800000| Untracked 
|  40|0x0000000082800000, 0x0000000082900000, 0x0000000082900000|100%| O|  |TAMS 0x0000000082900000, 0x0000000082900000| Untracked 
|  41|0x0000000082900000, 0x0000000082a00000, 0x0000000082a00000|100%| O|  |TAMS 0x0000000082900000, 0x0000000082a00000| Untracked 
|  42|0x0000000082a00000, 0x0000000082b00000, 0x0000000082b00000|100%| O|  |TAMS 0x0000000082b00000, 0x0000000082b00000| Untracked 
|  43|0x0000000082b00000, 0x0000000082b00000, 0x0000000082c00000|  0%| F|  |TAMS 0x0000000082b00000, 0x0000000082b00000| Untracked 
|  44|0x0000000082c00000, 0x0000000082d00000, 0x0000000082d00000|100%| O|  |TAMS 0x0000000082d00000, 0x0000000082d00000| Untracked 
|  45|0x0000000082d00000, 0x0000000082e00000, 0x0000000082e00000|100%| O|  |TAMS 0x0000000082e00000, 0x0000000082e00000| Untracked 
|  46|0x0000000082e00000, 0x0000000082f00000, 0x0000000082f00000|100%| O|  |TAMS 0x0000000082f00000, 0x0000000082f00000| Untracked 
|  47|0x0000000082f00000, 0x0000000083000000, 0x0000000083000000|100%| O|  |TAMS 0x0000000083000000, 0x0000000083000000| Untracked 
|  48|0x0000000083000000, 0x0000000083100000, 0x0000000083100000|100%| O|  |TAMS 0x0000000083100000, 0x0000000083100000| Untracked 
|  49|0x0000000083100000, 0x0000000083200000, 0x0000000083200000|100%| O|  |TAMS 0x0000000083200000, 0x0000000083200000| Untracked 
|  50|0x0000000083200000, 0x0000000083300000, 0x0000000083300000|100%| O|  |TAMS 0x0000000083300000, 0x0000000083300000| Untracked 
|  51|0x0000000083300000, 0x0000000083400000, 0x0000000083400000|100%| O|  |TAMS 0x0000000083400000, 0x0000000083400000| Untracked 
|  52|0x0000000083400000, 0x0000000083500000, 0x0000000083500000|100%| O|  |TAMS 0x0000000083500000, 0x0000000083500000| Untracked 
|  53|0x0000000083500000, 0x0000000083600000, 0x0000000083600000|100%| O|  |TAMS 0x0000000083600000, 0x0000000083600000| Untracked 
|  54|0x0000000083600000, 0x0000000083700000, 0x0000000083700000|100%| O|  |TAMS 0x0000000083700000, 0x0000000083700000| Untracked 
|  55|0x0000000083700000, 0x0000000083800000, 0x0000000083800000|100%| O|  |TAMS 0x0000000083800000, 0x0000000083800000| Untracked 
|  56|0x0000000083800000, 0x0000000083900000, 0x0000000083900000|100%| O|  |TAMS 0x0000000083900000, 0x0000000083900000| Untracked 
|  57|0x0000000083900000, 0x0000000083a00000, 0x0000000083a00000|100%| O|  |TAMS 0x0000000083a00000, 0x0000000083a00000| Untracked 
|  58|0x0000000083a00000, 0x0000000083b00000, 0x0000000083b00000|100%| O|  |TAMS 0x0000000083b00000, 0x0000000083b00000| Untracked 
|  59|0x0000000083b00000, 0x0000000083c00000, 0x0000000083c00000|100%| O|  |TAMS 0x0000000083c00000, 0x0000000083c00000| Untracked 
|  60|0x0000000083c00000, 0x0000000083d00000, 0x0000000083d00000|100%| O|  |TAMS 0x0000000083d00000, 0x0000000083d00000| Untracked 
|  61|0x0000000083d00000, 0x0000000083e00000, 0x0000000083e00000|100%| O|  |TAMS 0x0000000083e00000, 0x0000000083e00000| Untracked 
|  62|0x0000000083e00000, 0x0000000083f00000, 0x0000000083f00000|100%| O|  |TAMS 0x0000000083f00000, 0x0000000083f00000| Untracked 
|  63|0x0000000083f00000, 0x0000000084000000, 0x0000000084000000|100%| O|  |TAMS 0x0000000084000000, 0x0000000084000000| Untracked 
|  64|0x0000000084000000, 0x0000000084100000, 0x0000000084100000|100%| O|  |TAMS 0x0000000084100000, 0x0000000084100000| Untracked 
|  65|0x0000000084100000, 0x0000000084200000, 0x0000000084200000|100%| O|  |TAMS 0x0000000084200000, 0x0000000084200000| Untracked 
|  66|0x0000000084200000, 0x0000000084300000, 0x0000000084300000|100%| O|  |TAMS 0x0000000084300000, 0x0000000084300000| Untracked 
|  67|0x0000000084300000, 0x0000000084400000, 0x0000000084400000|100%| O|  |TAMS 0x0000000084400000, 0x0000000084400000| Untracked 
|  68|0x0000000084400000, 0x0000000084500000, 0x0000000084500000|100%| O|  |TAMS 0x0000000084400000, 0x0000000084500000| Untracked 
|  69|0x0000000084500000, 0x0000000084600000, 0x0000000084600000|100%| O|  |TAMS 0x0000000084500000, 0x0000000084600000| Untracked 
|  70|0x0000000084600000, 0x0000000084700000, 0x0000000084700000|100%| O|  |TAMS 0x0000000084600000, 0x0000000084700000| Untracked 
|  71|0x0000000084700000, 0x0000000084750800, 0x0000000084800000| 31%| O|  |TAMS 0x0000000084700000, 0x0000000084750800| Untracked 
|  72|0x0000000084800000, 0x0000000084800000, 0x0000000084900000|  0%| F|  |TAMS 0x0000000084800000, 0x0000000084800000| Untracked 
|  73|0x0000000084900000, 0x0000000084900000, 0x0000000084a00000|  0%| F|  |TAMS 0x0000000084900000, 0x0000000084900000| Untracked 
|  74|0x0000000084a00000, 0x0000000084b00000, 0x0000000084b00000|100%| O|  |TAMS 0x0000000084b00000, 0x0000000084b00000| Untracked 
|  75|0x0000000084b00000, 0x0000000084c00000, 0x0000000084c00000|100%| O|  |TAMS 0x0000000084c00000, 0x0000000084c00000| Untracked 
|  76|0x0000000084c00000, 0x0000000084d00000, 0x0000000084d00000|100%| O|  |TAMS 0x0000000084d00000, 0x0000000084d00000| Untracked 
|  77|0x0000000084d00000, 0x0000000084e00000, 0x0000000084e00000|100%| O|  |TAMS 0x0000000084e00000, 0x0000000084e00000| Untracked 
|  78|0x0000000084e00000, 0x0000000084f00000, 0x0000000084f00000|100%| O|  |TAMS 0x0000000084f00000, 0x0000000084f00000| Untracked 
|  79|0x0000000084f00000, 0x0000000085000000, 0x0000000085000000|100%| O|  |TAMS 0x0000000085000000, 0x0000000085000000| Untracked 
|  80|0x0000000085000000, 0x0000000085100000, 0x0000000085100000|100%| O|  |TAMS 0x0000000085100000, 0x0000000085100000| Untracked 
|  81|0x0000000085100000, 0x0000000085200000, 0x0000000085200000|100%| O|  |TAMS 0x0000000085200000, 0x0000000085200000| Untracked 
|  82|0x0000000085200000, 0x0000000085300000, 0x0000000085300000|100%| O|  |TAMS 0x0000000085300000, 0x0000000085300000| Untracked 
|  83|0x0000000085300000, 0x0000000085400000, 0x0000000085400000|100%| O|  |TAMS 0x0000000085400000, 0x0000000085400000| Untracked 
|  84|0x0000000085400000, 0x0000000085500000, 0x0000000085500000|100%| O|  |TAMS 0x0000000085500000, 0x0000000085500000| Untracked 
|  85|0x0000000085500000, 0x0000000085600000, 0x0000000085600000|100%| O|  |TAMS 0x0000000085600000, 0x0000000085600000| Untracked 
|  86|0x0000000085600000, 0x0000000085700000, 0x0000000085700000|100%| O|  |TAMS 0x0000000085700000, 0x0000000085700000| Untracked 
|  87|0x0000000085700000, 0x0000000085800000, 0x0000000085800000|100%| O|  |TAMS 0x0000000085800000, 0x0000000085800000| Untracked 
|  88|0x0000000085800000, 0x0000000085900000, 0x0000000085900000|100%| O|  |TAMS 0x0000000085900000, 0x0000000085900000| Untracked 
|  89|0x0000000085900000, 0x0000000085900000, 0x0000000085a00000|  0%| F|  |TAMS 0x0000000085900000, 0x0000000085900000| Untracked 
|  90|0x0000000085a00000, 0x0000000085a00000, 0x0000000085b00000|  0%| F|  |TAMS 0x0000000085a00000, 0x0000000085a00000| Untracked 
|  91|0x0000000085b00000, 0x0000000085b00000, 0x0000000085c00000|  0%| F|  |TAMS 0x0000000085b00000, 0x0000000085b00000| Untracked 
|  92|0x0000000085c00000, 0x0000000085c00000, 0x0000000085d00000|  0%| F|  |TAMS 0x0000000085c00000, 0x0000000085c00000| Untracked 
|  93|0x0000000085d00000, 0x0000000085d00000, 0x0000000085e00000|  0%| F|  |TAMS 0x0000000085d00000, 0x0000000085d00000| Untracked 
|  94|0x0000000085e00000, 0x0000000085e00000, 0x0000000085f00000|  0%| F|  |TAMS 0x0000000085e00000, 0x0000000085e00000| Untracked 
|  95|0x0000000085f00000, 0x0000000085f00000, 0x0000000086000000|  0%| F|  |TAMS 0x0000000085f00000, 0x0000000085f00000| Untracked 
|  96|0x0000000086000000, 0x0000000086000000, 0x0000000086100000|  0%| F|  |TAMS 0x0000000086000000, 0x0000000086000000| Untracked 
|  97|0x0000000086100000, 0x0000000086200000, 0x0000000086200000|100%| O|  |TAMS 0x0000000086200000, 0x0000000086200000| Untracked 
|  98|0x0000000086200000, 0x0000000086200000, 0x0000000086300000|  0%| F|  |TAMS 0x0000000086200000, 0x0000000086200000| Untracked 
|  99|0x0000000086300000, 0x0000000086300000, 0x0000000086400000|  0%| F|  |TAMS 0x0000000086300000, 0x0000000086300000| Untracked 
| 100|0x0000000086400000, 0x0000000086400000, 0x0000000086500000|  0%| F|  |TAMS 0x0000000086400000, 0x0000000086400000| Untracked 
| 101|0x0000000086500000, 0x0000000086500000, 0x0000000086600000|  0%| F|  |TAMS 0x0000000086500000, 0x0000000086500000| Untracked 
| 102|0x0000000086600000, 0x0000000086600000, 0x0000000086700000|  0%| F|  |TAMS 0x0000000086600000, 0x0000000086600000| Untracked 
| 103|0x0000000086700000, 0x0000000086800000, 0x0000000086800000|100%| O|  |TAMS 0x0000000086800000, 0x0000000086800000| Untracked 
| 104|0x0000000086800000, 0x0000000086800000, 0x0000000086900000|  0%| F|  |TAMS 0x0000000086800000, 0x0000000086800000| Untracked 
| 105|0x0000000086900000, 0x0000000086900000, 0x0000000086a00000|  0%| F|  |TAMS 0x0000000086900000, 0x0000000086900000| Untracked 
| 106|0x0000000086a00000, 0x0000000086b00000, 0x0000000086b00000|100%| O|  |TAMS 0x0000000086b00000, 0x0000000086b00000| Untracked 
| 107|0x0000000086b00000, 0x0000000086b00000, 0x0000000086c00000|  0%| F|  |TAMS 0x0000000086b00000, 0x0000000086b00000| Untracked 
| 108|0x0000000086c00000, 0x0000000086c00000, 0x0000000086d00000|  0%| F|  |TAMS 0x0000000086c00000, 0x0000000086c00000| Untracked 
| 109|0x0000000086d00000, 0x0000000086d00000, 0x0000000086e00000|  0%| F|  |TAMS 0x0000000086d00000, 0x0000000086d00000| Untracked 
| 110|0x0000000086e00000, 0x0000000086f00000, 0x0000000086f00000|100%| O|  |TAMS 0x0000000086f00000, 0x0000000086f00000| Untracked 
| 111|0x0000000086f00000, 0x0000000087000000, 0x0000000087000000|100%| O|  |TAMS 0x0000000087000000, 0x0000000087000000| Untracked 
| 112|0x0000000087000000, 0x0000000087000000, 0x0000000087100000|  0%| F|  |TAMS 0x0000000087000000, 0x0000000087000000| Untracked 
| 113|0x0000000087100000, 0x0000000087200000, 0x0000000087200000|100%| O|  |TAMS 0x0000000087200000, 0x0000000087200000| Untracked 
| 114|0x0000000087200000, 0x0000000087300000, 0x0000000087300000|100%| O|  |TAMS 0x0000000087300000, 0x0000000087300000| Untracked 
| 115|0x0000000087300000, 0x0000000087400000, 0x0000000087400000|100%| O|  |TAMS 0x00000000873e3e00, 0x0000000087400000| Untracked 
| 116|0x0000000087400000, 0x0000000087400000, 0x0000000087500000|  0%| F|  |TAMS 0x0000000087400000, 0x0000000087400000| Untracked 
| 117|0x0000000087500000, 0x0000000087500000, 0x0000000087600000|  0%| F|  |TAMS 0x0000000087500000, 0x0000000087500000| Untracked 
| 118|0x0000000087600000, 0x0000000087700000, 0x0000000087700000|100%| O|  |TAMS 0x0000000087700000, 0x0000000087700000| Untracked 
| 119|0x0000000087700000, 0x0000000087800000, 0x0000000087800000|100%| O|  |TAMS 0x0000000087800000, 0x0000000087800000| Untracked 
| 120|0x0000000087800000, 0x0000000087900000, 0x0000000087900000|100%| O|  |TAMS 0x0000000087900000, 0x0000000087900000| Untracked 
| 121|0x0000000087900000, 0x0000000087900000, 0x0000000087a00000|  0%| F|  |TAMS 0x0000000087900000, 0x0000000087900000| Untracked 
| 122|0x0000000087a00000, 0x0000000087a00000, 0x0000000087b00000|  0%| F|  |TAMS 0x0000000087a00000, 0x0000000087a00000| Untracked 
| 123|0x0000000087b00000, 0x0000000087b00000, 0x0000000087c00000|  0%| F|  |TAMS 0x0000000087b00000, 0x0000000087b00000| Untracked 
| 124|0x0000000087c00000, 0x0000000087c00000, 0x0000000087d00000|  0%| F|  |TAMS 0x0000000087c00000, 0x0000000087c00000| Untracked 
| 125|0x0000000087d00000, 0x0000000087d00000, 0x0000000087e00000|  0%| F|  |TAMS 0x0000000087d00000, 0x0000000087d00000| Untracked 
| 126|0x0000000087e00000, 0x0000000087e00000, 0x0000000087f00000|  0%| F|  |TAMS 0x0000000087e00000, 0x0000000087e00000| Untracked 
| 127|0x0000000087f00000, 0x0000000087f00000, 0x0000000088000000|  0%| F|  |TAMS 0x0000000087f00000, 0x0000000087f00000| Untracked 
| 128|0x0000000088000000, 0x0000000088000000, 0x0000000088100000|  0%| F|  |TAMS 0x0000000088000000, 0x0000000088000000| Untracked 
| 129|0x0000000088100000, 0x0000000088100000, 0x0000000088200000|  0%| F|  |TAMS 0x0000000088100000, 0x0000000088100000| Untracked 
| 130|0x0000000088200000, 0x0000000088200000, 0x0000000088300000|  0%| F|  |TAMS 0x0000000088200000, 0x0000000088200000| Untracked 
| 131|0x0000000088300000, 0x0000000088300000, 0x0000000088400000|  0%| F|  |TAMS 0x0000000088300000, 0x0000000088300000| Untracked 
| 132|0x0000000088400000, 0x0000000088400000, 0x0000000088500000|  0%| F|  |TAMS 0x0000000088400000, 0x0000000088400000| Untracked 
| 133|0x0000000088500000, 0x0000000088500000, 0x0000000088600000|  0%| F|  |TAMS 0x0000000088500000, 0x0000000088500000| Untracked 
| 134|0x0000000088600000, 0x0000000088600000, 0x0000000088700000|  0%| F|  |TAMS 0x0000000088600000, 0x0000000088600000| Untracked 
| 135|0x0000000088700000, 0x0000000088700000, 0x0000000088800000|  0%| F|  |TAMS 0x0000000088700000, 0x0000000088700000| Untracked 
| 136|0x0000000088800000, 0x0000000088800000, 0x0000000088900000|  0%| F|  |TAMS 0x0000000088800000, 0x0000000088800000| Untracked 
| 137|0x0000000088900000, 0x0000000088900000, 0x0000000088a00000|  0%| F|  |TAMS 0x0000000088900000, 0x0000000088900000| Untracked 
| 138|0x0000000088a00000, 0x0000000088a00000, 0x0000000088b00000|  0%| F|  |TAMS 0x0000000088a00000, 0x0000000088a00000| Untracked 
| 139|0x0000000088b00000, 0x0000000088b00000, 0x0000000088c00000|  0%| F|  |TAMS 0x0000000088b00000, 0x0000000088b00000| Untracked 
| 140|0x0000000088c00000, 0x0000000088c00000, 0x0000000088d00000|  0%| F|  |TAMS 0x0000000088c00000, 0x0000000088c00000| Untracked 
| 141|0x0000000088d00000, 0x0000000088d00000, 0x0000000088e00000|  0%| F|  |TAMS 0x0000000088d00000, 0x0000000088d00000| Untracked 
| 142|0x0000000088e00000, 0x0000000088e00000, 0x0000000088f00000|  0%| F|  |TAMS 0x0000000088e00000, 0x0000000088e00000| Untracked 
| 143|0x0000000088f00000, 0x0000000088f00000, 0x0000000089000000|  0%| F|  |TAMS 0x0000000088f00000, 0x0000000088f00000| Untracked 
| 144|0x0000000089000000, 0x0000000089000000, 0x0000000089100000|  0%| F|  |TAMS 0x0000000089000000, 0x0000000089000000| Untracked 
| 145|0x0000000089100000, 0x0000000089100000, 0x0000000089200000|  0%| F|  |TAMS 0x0000000089100000, 0x0000000089100000| Untracked 
| 146|0x0000000089200000, 0x0000000089200000, 0x0000000089300000|  0%| F|  |TAMS 0x0000000089200000, 0x0000000089200000| Untracked 
| 147|0x0000000089300000, 0x0000000089300000, 0x0000000089400000|  0%| F|  |TAMS 0x0000000089300000, 0x0000000089300000| Untracked 
| 148|0x0000000089400000, 0x0000000089400000, 0x0000000089500000|  0%| F|  |TAMS 0x0000000089400000, 0x0000000089400000| Untracked 
| 149|0x0000000089500000, 0x0000000089500000, 0x0000000089600000|  0%| F|  |TAMS 0x0000000089500000, 0x0000000089500000| Untracked 
| 150|0x0000000089600000, 0x0000000089600000, 0x0000000089700000|  0%| F|  |TAMS 0x0000000089600000, 0x0000000089600000| Untracked 
| 151|0x0000000089700000, 0x0000000089700000, 0x0000000089800000|  0%| F|  |TAMS 0x0000000089700000, 0x0000000089700000| Untracked 
| 152|0x0000000089800000, 0x0000000089800000, 0x0000000089900000|  0%| F|  |TAMS 0x0000000089800000, 0x0000000089800000| Untracked 
| 153|0x0000000089900000, 0x0000000089900000, 0x0000000089a00000|  0%| F|  |TAMS 0x0000000089900000, 0x0000000089900000| Untracked 
| 154|0x0000000089a00000, 0x0000000089a00000, 0x0000000089b00000|  0%| F|  |TAMS 0x0000000089a00000, 0x0000000089a00000| Untracked 
| 155|0x0000000089b00000, 0x0000000089b00000, 0x0000000089c00000|  0%| F|  |TAMS 0x0000000089b00000, 0x0000000089b00000| Untracked 
| 156|0x0000000089c00000, 0x0000000089c00000, 0x0000000089d00000|  0%| F|  |TAMS 0x0000000089c00000, 0x0000000089c00000| Untracked 
| 157|0x0000000089d00000, 0x0000000089d00000, 0x0000000089e00000|  0%| F|  |TAMS 0x0000000089d00000, 0x0000000089d00000| Untracked 
| 158|0x0000000089e00000, 0x0000000089e00000, 0x0000000089f00000|  0%| F|  |TAMS 0x0000000089e00000, 0x0000000089e00000| Untracked 
| 159|0x0000000089f00000, 0x0000000089f00000, 0x000000008a000000|  0%| F|  |TAMS 0x0000000089f00000, 0x0000000089f00000| Untracked 
| 160|0x000000008a000000, 0x000000008a000000, 0x000000008a100000|  0%| F|  |TAMS 0x000000008a000000, 0x000000008a000000| Untracked 
| 161|0x000000008a100000, 0x000000008a100000, 0x000000008a200000|  0%| F|  |TAMS 0x000000008a100000, 0x000000008a100000| Untracked 
| 162|0x000000008a200000, 0x000000008a200000, 0x000000008a300000|  0%| F|  |TAMS 0x000000008a200000, 0x000000008a200000| Untracked 
| 163|0x000000008a300000, 0x000000008a300000, 0x000000008a400000|  0%| F|  |TAMS 0x000000008a300000, 0x000000008a300000| Untracked 
| 164|0x000000008a400000, 0x000000008a400000, 0x000000008a500000|  0%| F|  |TAMS 0x000000008a400000, 0x000000008a400000| Untracked 
| 165|0x000000008a500000, 0x000000008a5c2360, 0x000000008a600000| 75%| S|CS|TAMS 0x000000008a500000, 0x000000008a500000| Complete 
| 166|0x000000008a600000, 0x000000008a700000, 0x000000008a700000|100%| S|CS|TAMS 0x000000008a600000, 0x000000008a600000| Complete 
| 167|0x000000008a700000, 0x000000008a800000, 0x000000008a800000|100%| S|CS|TAMS 0x000000008a700000, 0x000000008a700000| Complete 
| 168|0x000000008a800000, 0x000000008a900000, 0x000000008a900000|100%| S|CS|TAMS 0x000000008a800000, 0x000000008a800000| Complete 
| 169|0x000000008a900000, 0x000000008aa00000, 0x000000008aa00000|100%| S|CS|TAMS 0x000000008a900000, 0x000000008a900000| Complete 
| 170|0x000000008aa00000, 0x000000008ab00000, 0x000000008ab00000|100%| S|CS|TAMS 0x000000008aa00000, 0x000000008aa00000| Complete 
| 171|0x000000008ab00000, 0x000000008ac00000, 0x000000008ac00000|100%| S|CS|TAMS 0x000000008ab00000, 0x000000008ab00000| Complete 
| 172|0x000000008ac00000, 0x000000008ad00000, 0x000000008ad00000|100%| S|CS|TAMS 0x000000008ac00000, 0x000000008ac00000| Complete 
| 173|0x000000008ad00000, 0x000000008ae00000, 0x000000008ae00000|100%| S|CS|TAMS 0x000000008ad00000, 0x000000008ad00000| Complete 
| 174|0x000000008ae00000, 0x000000008ae00000, 0x000000008af00000|  0%| F|  |TAMS 0x000000008ae00000, 0x000000008ae00000| Untracked 
| 175|0x000000008af00000, 0x000000008af00000, 0x000000008b000000|  0%| F|  |TAMS 0x000000008af00000, 0x000000008af00000| Untracked 
| 176|0x000000008b000000, 0x000000008b000000, 0x000000008b100000|  0%| F|  |TAMS 0x000000008b000000, 0x000000008b000000| Untracked 
| 177|0x000000008b100000, 0x000000008b100000, 0x000000008b200000|  0%| F|  |TAMS 0x000000008b100000, 0x000000008b100000| Untracked 
| 178|0x000000008b200000, 0x000000008b200000, 0x000000008b300000|  0%| F|  |TAMS 0x000000008b200000, 0x000000008b200000| Untracked 
| 179|0x000000008b300000, 0x000000008b300000, 0x000000008b400000|  0%| F|  |TAMS 0x000000008b300000, 0x000000008b300000| Untracked 
| 180|0x000000008b400000, 0x000000008b400000, 0x000000008b500000|  0%| F|  |TAMS 0x000000008b400000, 0x000000008b400000| Untracked 
| 181|0x000000008b500000, 0x000000008b500000, 0x000000008b600000|  0%| F|  |TAMS 0x000000008b500000, 0x000000008b500000| Untracked 
| 182|0x000000008b600000, 0x000000008b600000, 0x000000008b700000|  0%| F|  |TAMS 0x000000008b600000, 0x000000008b600000| Untracked 
| 183|0x000000008b700000, 0x000000008b700000, 0x000000008b800000|  0%| F|  |TAMS 0x000000008b700000, 0x000000008b700000| Untracked 
| 184|0x000000008b800000, 0x000000008b800000, 0x000000008b900000|  0%| F|  |TAMS 0x000000008b800000, 0x000000008b800000| Untracked 
| 185|0x000000008b900000, 0x000000008b900000, 0x000000008ba00000|  0%| F|  |TAMS 0x000000008b900000, 0x000000008b900000| Untracked 
| 186|0x000000008ba00000, 0x000000008ba00000, 0x000000008bb00000|  0%| F|  |TAMS 0x000000008ba00000, 0x000000008ba00000| Untracked 
| 187|0x000000008bb00000, 0x000000008bb00000, 0x000000008bc00000|  0%| F|  |TAMS 0x000000008bb00000, 0x000000008bb00000| Untracked 
| 188|0x000000008bc00000, 0x000000008bc00000, 0x000000008bd00000|  0%| F|  |TAMS 0x000000008bc00000, 0x000000008bc00000| Untracked 
| 189|0x000000008bd00000, 0x000000008bd00000, 0x000000008be00000|  0%| F|  |TAMS 0x000000008bd00000, 0x000000008bd00000| Untracked 
| 190|0x000000008be00000, 0x000000008be00000, 0x000000008bf00000|  0%| F|  |TAMS 0x000000008be00000, 0x000000008be00000| Untracked 
| 191|0x000000008bf00000, 0x000000008bf00000, 0x000000008c000000|  0%| F|  |TAMS 0x000000008bf00000, 0x000000008bf00000| Untracked 
| 192|0x000000008c000000, 0x000000008c000000, 0x000000008c100000|  0%| F|  |TAMS 0x000000008c000000, 0x000000008c000000| Untracked 
| 193|0x000000008c100000, 0x000000008c100000, 0x000000008c200000|  0%| F|  |TAMS 0x000000008c100000, 0x000000008c100000| Untracked 
| 194|0x000000008c200000, 0x000000008c200000, 0x000000008c300000|  0%| F|  |TAMS 0x000000008c200000, 0x000000008c200000| Untracked 
| 195|0x000000008c300000, 0x000000008c300000, 0x000000008c400000|  0%| F|  |TAMS 0x000000008c300000, 0x000000008c300000| Untracked 
| 196|0x000000008c400000, 0x000000008c400000, 0x000000008c500000|  0%| F|  |TAMS 0x000000008c400000, 0x000000008c400000| Untracked 
| 197|0x000000008c500000, 0x000000008c500000, 0x000000008c600000|  0%| F|  |TAMS 0x000000008c500000, 0x000000008c500000| Untracked 
| 198|0x000000008c600000, 0x000000008c600000, 0x000000008c700000|  0%| F|  |TAMS 0x000000008c600000, 0x000000008c600000| Untracked 
| 199|0x000000008c700000, 0x000000008c700000, 0x000000008c800000|  0%| F|  |TAMS 0x000000008c700000, 0x000000008c700000| Untracked 
| 200|0x000000008c800000, 0x000000008c800000, 0x000000008c900000|  0%| F|  |TAMS 0x000000008c800000, 0x000000008c800000| Untracked 
| 201|0x000000008c900000, 0x000000008c900000, 0x000000008ca00000|  0%| F|  |TAMS 0x000000008c900000, 0x000000008c900000| Untracked 
| 202|0x000000008ca00000, 0x000000008ca00000, 0x000000008cb00000|  0%| F|  |TAMS 0x000000008ca00000, 0x000000008ca00000| Untracked 
| 203|0x000000008cb00000, 0x000000008cb00000, 0x000000008cc00000|  0%| F|  |TAMS 0x000000008cb00000, 0x000000008cb00000| Untracked 
| 204|0x000000008cc00000, 0x000000008cc00000, 0x000000008cd00000|  0%| F|  |TAMS 0x000000008cc00000, 0x000000008cc00000| Untracked 
| 205|0x000000008cd00000, 0x000000008cd00000, 0x000000008ce00000|  0%| F|  |TAMS 0x000000008cd00000, 0x000000008cd00000| Untracked 
| 206|0x000000008ce00000, 0x000000008ce00000, 0x000000008cf00000|  0%| F|  |TAMS 0x000000008ce00000, 0x000000008ce00000| Untracked 
| 207|0x000000008cf00000, 0x000000008cf00000, 0x000000008d000000|  0%| F|  |TAMS 0x000000008cf00000, 0x000000008cf00000| Untracked 
| 208|0x000000008d000000, 0x000000008d000000, 0x000000008d100000|  0%| F|  |TAMS 0x000000008d000000, 0x000000008d000000| Untracked 
| 209|0x000000008d100000, 0x000000008d100000, 0x000000008d200000|  0%| F|  |TAMS 0x000000008d100000, 0x000000008d100000| Untracked 
| 210|0x000000008d200000, 0x000000008d200000, 0x000000008d300000|  0%| F|  |TAMS 0x000000008d200000, 0x000000008d200000| Untracked 
| 211|0x000000008d300000, 0x000000008d300000, 0x000000008d400000|  0%| F|  |TAMS 0x000000008d300000, 0x000000008d300000| Untracked 
| 212|0x000000008d400000, 0x000000008d400000, 0x000000008d500000|  0%| F|  |TAMS 0x000000008d400000, 0x000000008d400000| Untracked 
| 213|0x000000008d500000, 0x000000008d500000, 0x000000008d600000|  0%| F|  |TAMS 0x000000008d500000, 0x000000008d500000| Untracked 
| 214|0x000000008d600000, 0x000000008d600000, 0x000000008d700000|  0%| F|  |TAMS 0x000000008d600000, 0x000000008d600000| Untracked 
| 215|0x000000008d700000, 0x000000008d700000, 0x000000008d800000|  0%| F|  |TAMS 0x000000008d700000, 0x000000008d700000| Untracked 
| 216|0x000000008d800000, 0x000000008d800000, 0x000000008d900000|  0%| F|  |TAMS 0x000000008d800000, 0x000000008d800000| Untracked 
| 217|0x000000008d900000, 0x000000008d900000, 0x000000008da00000|  0%| F|  |TAMS 0x000000008d900000, 0x000000008d900000| Untracked 
| 218|0x000000008da00000, 0x000000008da00000, 0x000000008db00000|  0%| F|  |TAMS 0x000000008da00000, 0x000000008da00000| Untracked 
| 219|0x000000008db00000, 0x000000008db00000, 0x000000008dc00000|  0%| F|  |TAMS 0x000000008db00000, 0x000000008db00000| Untracked 
| 220|0x000000008dc00000, 0x000000008dc00000, 0x000000008dd00000|  0%| F|  |TAMS 0x000000008dc00000, 0x000000008dc00000| Untracked 
| 221|0x000000008dd00000, 0x000000008dd00000, 0x000000008de00000|  0%| F|  |TAMS 0x000000008dd00000, 0x000000008dd00000| Untracked 
| 222|0x000000008de00000, 0x000000008de00000, 0x000000008df00000|  0%| F|  |TAMS 0x000000008de00000, 0x000000008de00000| Untracked 
| 223|0x000000008df00000, 0x000000008df00000, 0x000000008e000000|  0%| F|  |TAMS 0x000000008df00000, 0x000000008df00000| Untracked 
| 224|0x000000008e000000, 0x000000008e000000, 0x000000008e100000|  0%| F|  |TAMS 0x000000008e000000, 0x000000008e000000| Untracked 
| 225|0x000000008e100000, 0x000000008e100000, 0x000000008e200000|  0%| F|  |TAMS 0x000000008e100000, 0x000000008e100000| Untracked 
| 226|0x000000008e200000, 0x000000008e200000, 0x000000008e300000|  0%| F|  |TAMS 0x000000008e200000, 0x000000008e200000| Untracked 
| 227|0x000000008e300000, 0x000000008e300000, 0x000000008e400000|  0%| F|  |TAMS 0x000000008e300000, 0x000000008e300000| Untracked 
| 228|0x000000008e400000, 0x000000008e400000, 0x000000008e500000|  0%| F|  |TAMS 0x000000008e400000, 0x000000008e400000| Untracked 
| 229|0x000000008e500000, 0x000000008e500000, 0x000000008e600000|  0%| F|  |TAMS 0x000000008e500000, 0x000000008e500000| Untracked 
| 230|0x000000008e600000, 0x000000008e600000, 0x000000008e700000|  0%| F|  |TAMS 0x000000008e600000, 0x000000008e600000| Untracked 
| 231|0x000000008e700000, 0x000000008e700000, 0x000000008e800000|  0%| F|  |TAMS 0x000000008e700000, 0x000000008e700000| Untracked 
| 232|0x000000008e800000, 0x000000008e800000, 0x000000008e900000|  0%| F|  |TAMS 0x000000008e800000, 0x000000008e800000| Untracked 
| 233|0x000000008e900000, 0x000000008e900000, 0x000000008ea00000|  0%| F|  |TAMS 0x000000008e900000, 0x000000008e900000| Untracked 
| 234|0x000000008ea00000, 0x000000008ea00000, 0x000000008eb00000|  0%| F|  |TAMS 0x000000008ea00000, 0x000000008ea00000| Untracked 
| 235|0x000000008eb00000, 0x000000008eb00000, 0x000000008ec00000|  0%| F|  |TAMS 0x000000008eb00000, 0x000000008eb00000| Untracked 
| 236|0x000000008ec00000, 0x000000008ec00000, 0x000000008ed00000|  0%| F|  |TAMS 0x000000008ec00000, 0x000000008ec00000| Untracked 
| 237|0x000000008ed00000, 0x000000008ed00000, 0x000000008ee00000|  0%| F|  |TAMS 0x000000008ed00000, 0x000000008ed00000| Untracked 
| 238|0x000000008ee00000, 0x000000008ee00000, 0x000000008ef00000|  0%| F|  |TAMS 0x000000008ee00000, 0x000000008ee00000| Untracked 
| 239|0x000000008ef00000, 0x000000008ef00000, 0x000000008f000000|  0%| F|  |TAMS 0x000000008ef00000, 0x000000008ef00000| Untracked 
| 240|0x000000008f000000, 0x000000008f000000, 0x000000008f100000|  0%| F|  |TAMS 0x000000008f000000, 0x000000008f000000| Untracked 
| 241|0x000000008f100000, 0x000000008f100000, 0x000000008f200000|  0%| F|  |TAMS 0x000000008f100000, 0x000000008f100000| Untracked 
| 242|0x000000008f200000, 0x000000008f200000, 0x000000008f300000|  0%| F|  |TAMS 0x000000008f200000, 0x000000008f200000| Untracked 
| 243|0x000000008f300000, 0x000000008f300000, 0x000000008f400000|  0%| F|  |TAMS 0x000000008f300000, 0x000000008f300000| Untracked 
| 244|0x000000008f400000, 0x000000008f400000, 0x000000008f500000|  0%| F|  |TAMS 0x000000008f400000, 0x000000008f400000| Untracked 
| 245|0x000000008f500000, 0x000000008f500000, 0x000000008f600000|  0%| F|  |TAMS 0x000000008f500000, 0x000000008f500000| Untracked 
| 246|0x000000008f600000, 0x000000008f600000, 0x000000008f700000|  0%| F|  |TAMS 0x000000008f600000, 0x000000008f600000| Untracked 
| 247|0x000000008f700000, 0x000000008f700000, 0x000000008f800000|  0%| F|  |TAMS 0x000000008f700000, 0x000000008f700000| Untracked 
| 248|0x000000008f800000, 0x000000008f800000, 0x000000008f900000|  0%| F|  |TAMS 0x000000008f800000, 0x000000008f800000| Untracked 
| 249|0x000000008f900000, 0x000000008f900000, 0x000000008fa00000|  0%| F|  |TAMS 0x000000008f900000, 0x000000008f900000| Untracked 
| 250|0x000000008fa00000, 0x000000008fa00000, 0x000000008fb00000|  0%| F|  |TAMS 0x000000008fa00000, 0x000000008fa00000| Untracked 
| 251|0x000000008fb00000, 0x000000008fb00000, 0x000000008fc00000|  0%| F|  |TAMS 0x000000008fb00000, 0x000000008fb00000| Untracked 
| 252|0x000000008fc00000, 0x000000008fc00000, 0x000000008fd00000|  0%| F|  |TAMS 0x000000008fc00000, 0x000000008fc00000| Untracked 
| 253|0x000000008fd00000, 0x000000008fd00000, 0x000000008fe00000|  0%| F|  |TAMS 0x000000008fd00000, 0x000000008fd00000| Untracked 
| 254|0x000000008fe00000, 0x000000008fe00000, 0x000000008ff00000|  0%| F|  |TAMS 0x000000008fe00000, 0x000000008fe00000| Untracked 
| 255|0x000000008ff00000, 0x000000008ff00000, 0x0000000090000000|  0%| F|  |TAMS 0x000000008ff00000, 0x000000008ff00000| Untracked 
| 256|0x0000000090000000, 0x0000000090000000, 0x0000000090100000|  0%| F|  |TAMS 0x0000000090000000, 0x0000000090000000| Untracked 
| 257|0x0000000090100000, 0x0000000090100000, 0x0000000090200000|  0%| F|  |TAMS 0x0000000090100000, 0x0000000090100000| Untracked 
| 258|0x0000000090200000, 0x0000000090200000, 0x0000000090300000|  0%| F|  |TAMS 0x0000000090200000, 0x0000000090200000| Untracked 
| 259|0x0000000090300000, 0x0000000090300000, 0x0000000090400000|  0%| F|  |TAMS 0x0000000090300000, 0x0000000090300000| Untracked 
| 260|0x0000000090400000, 0x0000000090400000, 0x0000000090500000|  0%| F|  |TAMS 0x0000000090400000, 0x0000000090400000| Untracked 
| 261|0x0000000090500000, 0x0000000090500000, 0x0000000090600000|  0%| F|  |TAMS 0x0000000090500000, 0x0000000090500000| Untracked 
| 262|0x0000000090600000, 0x0000000090600000, 0x0000000090700000|  0%| F|  |TAMS 0x0000000090600000, 0x0000000090600000| Untracked 
| 263|0x0000000090700000, 0x0000000090700000, 0x0000000090800000|  0%| F|  |TAMS 0x0000000090700000, 0x0000000090700000| Untracked 
| 264|0x0000000090800000, 0x0000000090800000, 0x0000000090900000|  0%| F|  |TAMS 0x0000000090800000, 0x0000000090800000| Untracked 
| 265|0x0000000090900000, 0x0000000090900000, 0x0000000090a00000|  0%| F|  |TAMS 0x0000000090900000, 0x0000000090900000| Untracked 
| 266|0x0000000090a00000, 0x0000000090a00000, 0x0000000090b00000|  0%| F|  |TAMS 0x0000000090a00000, 0x0000000090a00000| Untracked 
| 267|0x0000000090b00000, 0x0000000090b00000, 0x0000000090c00000|  0%| F|  |TAMS 0x0000000090b00000, 0x0000000090b00000| Untracked 
| 268|0x0000000090c00000, 0x0000000090c00000, 0x0000000090d00000|  0%| F|  |TAMS 0x0000000090c00000, 0x0000000090c00000| Untracked 
| 269|0x0000000090d00000, 0x0000000090d00000, 0x0000000090e00000|  0%| F|  |TAMS 0x0000000090d00000, 0x0000000090d00000| Untracked 
| 270|0x0000000090e00000, 0x0000000090e00000, 0x0000000090f00000|  0%| F|  |TAMS 0x0000000090e00000, 0x0000000090e00000| Untracked 
| 271|0x0000000090f00000, 0x0000000090f00000, 0x0000000091000000|  0%| F|  |TAMS 0x0000000090f00000, 0x0000000090f00000| Untracked 
| 272|0x0000000091000000, 0x0000000091000000, 0x0000000091100000|  0%| F|  |TAMS 0x0000000091000000, 0x0000000091000000| Untracked 
| 273|0x0000000091100000, 0x0000000091100000, 0x0000000091200000|  0%| F|  |TAMS 0x0000000091100000, 0x0000000091100000| Untracked 
| 274|0x0000000091200000, 0x0000000091200000, 0x0000000091300000|  0%| F|  |TAMS 0x0000000091200000, 0x0000000091200000| Untracked 

Card table byte_map: [0x0000020572640000,0x0000020572a40000] _byte_map_base: 0x0000020572240000

Marking Bits (Prev, Next): (CMBitMap*) 0x000002055fdcc350, (CMBitMap*) 0x000002055fdcc390
 Prev Bits: [0x0000020572e40000, 0x0000020574e40000)
 Next Bits: [0x0000020574e40000, 0x0000020576e40000)

Polling page: 0x000002055dc10000

Metaspace:

Usage:
  Non-class:     92.37 MB used.
      Class:     13.81 MB used.
       Both:    106.18 MB used.

Virtual space:
  Non-class space:       96.00 MB reserved,      92.81 MB ( 97%) committed,  12 nodes.
      Class space:        1.00 GB reserved,      14.12 MB (  1%) committed,  1 nodes.
             Both:        1.09 GB reserved,     106.94 MB ( 10%) committed. 

Chunk freelists:
   Non-Class:  2.48 MB
       Class:  1.88 MB
        Both:  4.36 MB

MaxMetaspaceSize: unlimited
CompressedClassSpaceSize: 1.00 GB
Initial GC threshold: 21.00 MB
Current GC threshold: 163.69 MB
CDS: off
MetaspaceReclaimPolicy: balanced
 - commit_granule_bytes: 65536.
 - commit_granule_words: 8192.
 - virtual_space_node_default_size: 1048576.
 - enlarge_chunks_in_place: 1.
 - new_chunks_are_fully_committed: 0.
 - uncommit_free_chunks: 1.
 - use_allocation_guard: 0.
 - handle_deallocations: 1.


Internal statistics:

num_allocs_failed_limit: 6.
num_arena_births: 1430.
num_arena_deaths: 218.
num_vsnodes_births: 13.
num_vsnodes_deaths: 0.
num_space_committed: 1710.
num_space_uncommitted: 0.
num_chunks_returned_to_freelist: 270.
num_chunks_taken_from_freelist: 5608.
num_chunk_merges: 88.
num_chunk_splits: 3601.
num_chunks_enlarged: 2316.
num_purges: 4.
num_inconsistent_stats: 0.

CodeHeap 'non-profiled nmethods': size=120000Kb used=10573Kb max_used=10573Kb free=109426Kb
 bounds [0x000002056ad10000, 0x000002056b770000, 0x0000020572240000]
CodeHeap 'profiled nmethods': size=120000Kb used=29786Kb max_used=29786Kb free=90213Kb
 bounds [0x0000020563240000, 0x0000020564f60000, 0x000002056a770000]
CodeHeap 'non-nmethods': size=5760Kb used=2414Kb max_used=2456Kb free=3345Kb
 bounds [0x000002056a770000, 0x000002056a9e0000, 0x000002056ad10000]
 total_blobs=15739 nmethods=14785 adapters=866
 compilation: enabled
              stopped_count=0, restarted_count=0
 full_count=0

Compilation events (20 events):
Event: 5465.640 Thread 0x0000020579c7a3a0 18032       3       org.gradle.execution.plan.ValuedVfsHierarchy$2::createChild (26 bytes)
Event: 5465.640 Thread 0x0000020579c7a3a0 nmethod 18032 0x0000020564f4cd90 code [0x0000020564f4cfa0, 0x0000020564f4d798]
Event: 5465.640 Thread 0x0000020579c7a3a0 18036       3       org.gradle.internal.file.FilePathUtil::sizeOfCommonPrefix (142 bytes)
Event: 5465.642 Thread 0x0000020579c7a3a0 nmethod 18036 0x0000020564f4da90 code [0x0000020564f4dee0, 0x0000020564f502b8]
Event: 5465.642 Thread 0x0000020579c7a3a0 18033       3       org.gradle.execution.plan.MissingTaskDependencyDetector::collectValidationProblemsForConsumer (44 bytes)
Event: 5465.643 Thread 0x0000020579c7a3a0 nmethod 18033 0x0000020564f51090 code [0x0000020564f51360, 0x0000020564f52458]
Event: 5465.643 Thread 0x0000020579c7a3a0 18034       3       org.gradle.execution.plan.ExecutionNodeAccessHierarchy::visitValues (14 bytes)
Event: 5465.643 Thread 0x000002050345f4d0 nmethod 18028 0x000002056b761e10 code [0x000002056b762000, 0x000002056b762f88]
Event: 5465.643 Thread 0x000002050345f4d0 18030       4       org.gradle.tooling.internal.provider.runner.ClientBuildEventGenerator::started (168 bytes)
Event: 5465.643 Thread 0x0000020579c7a3a0 nmethod 18034 0x0000020564f52a10 code [0x0000020564f52c40, 0x0000020564f533c8]
Event: 5465.643 Thread 0x0000020579c7a3a0 18035       3       org.gradle.execution.plan.ValuedVfsHierarchy::visitValues (27 bytes)
Event: 5465.645 Thread 0x0000020579c7a3a0 nmethod 18035 0x0000020564f53710 code [0x0000020564f53ae0, 0x0000020564f55608]
Event: 5465.648 Thread 0x0000020579c7a3a0 18037       3       com.android.tools.build.apkzlib.zip.ZipField::skip (47 bytes)
Event: 5465.648 Thread 0x0000020579c7a3a0 nmethod 18037 0x0000020564f55e90 code [0x0000020564f56080, 0x0000020564f56548]
Event: 5465.649 Thread 0x0000020579c7a3a0 18038       3       com.google.common.collect.Sets::newHashSetWithExpectedSize (12 bytes)
Event: 5465.650 Thread 0x0000020579c7a3a0 nmethod 18038 0x0000020564f56710 code [0x0000020564f56920, 0x0000020564f56d78]
Event: 5465.650 Thread 0x0000020579c7a3a0 18040       3       com.android.tools.build.apkzlib.zip.ZipField::<init> (74 bytes)
Event: 5465.651 Thread 0x0000020579c7a3a0 nmethod 18040 0x0000020564f56f90 code [0x0000020564f57240, 0x0000020564f57f08]
Event: 5465.651 Thread 0x0000020579c7a3a0 18041       3       com.android.tools.build.apkzlib.zip.ZipField$F4::<init> (9 bytes)
Event: 5465.651 Thread 0x0000020579c7a3a0 nmethod 18041 0x0000020564f58390 code [0x0000020564f58520, 0x0000020564f58668]

GC Heap History (20 events):
Event: 5454.436 GC heap after
{Heap after GC invocations=53 (full 0):
 garbage-first heap   total 281600K, used 63773K [0x0000000080000000, 0x0000000100000000)
  region size 1024K, 1 young (1024K), 1 survivors (1024K)
 Metaspace       used 83910K, committed 84544K, reserved 1122304K
  class space    used 11326K, committed 11648K, reserved 1048576K
}
Event: 5456.654 GC heap before
{Heap before GC invocations=53 (full 0):
 garbage-first heap   total 281600K, used 207133K [0x0000000080000000, 0x0000000100000000)
  region size 1024K, 142 young (145408K), 1 survivors (1024K)
 Metaspace       used 89024K, committed 89664K, reserved 1130496K
  class space    used 11952K, committed 12224K, reserved 1048576K
}
Event: 5456.672 GC heap after
{Heap after GC invocations=54 (full 0):
 garbage-first heap   total 281600K, used 79824K [0x0000000080000000, 0x0000000100000000)
  region size 1024K, 17 young (17408K), 17 survivors (17408K)
 Metaspace       used 89024K, committed 89664K, reserved 1130496K
  class space    used 11952K, committed 12224K, reserved 1048576K
}
Event: 5459.968 GC heap before
{Heap before GC invocations=55 (full 0):
 garbage-first heap   total 281600K, used 207824K [0x0000000080000000, 0x0000000100000000)
  region size 1024K, 132 young (135168K), 17 survivors (17408K)
 Metaspace       used 95211K, committed 95936K, reserved 1138688K
  class space    used 12653K, committed 12992K, reserved 1048576K
}
Event: 5459.996 GC heap after
{Heap after GC invocations=56 (full 0):
 garbage-first heap   total 281600K, used 106664K [0x0000000080000000, 0x0000000100000000)
  region size 1024K, 17 young (17408K), 17 survivors (17408K)
 Metaspace       used 95211K, committed 95936K, reserved 1138688K
  class space    used 12653K, committed 12992K, reserved 1048576K
}
Event: 5460.007 GC heap before
{Heap before GC invocations=56 (full 0):
 garbage-first heap   total 281600K, used 107688K [0x0000000080000000, 0x0000000100000000)
  region size 1024K, 18 young (18432K), 17 survivors (17408K)
 Metaspace       used 95213K, committed 95936K, reserved 1138688K
  class space    used 12653K, committed 12992K, reserved 1048576K
}
Event: 5460.021 GC heap after
{Heap after GC invocations=57 (full 0):
 garbage-first heap   total 281600K, used 107520K [0x0000000080000000, 0x0000000100000000)
  region size 1024K, 2 young (2048K), 2 survivors (2048K)
 Metaspace       used 95213K, committed 95936K, reserved 1138688K
  class space    used 12653K, committed 12992K, reserved 1048576K
}
Event: 5460.035 GC heap before
{Heap before GC invocations=57 (full 0):
 garbage-first heap   total 281600K, used 108544K [0x0000000080000000, 0x0000000100000000)
  region size 1024K, 4 young (4096K), 2 survivors (2048K)
 Metaspace       used 95214K, committed 95936K, reserved 1138688K
  class space    used 12653K, committed 12992K, reserved 1048576K
}
Event: 5460.037 GC heap after
{Heap after GC invocations=58 (full 0):
 garbage-first heap   total 281600K, used 107988K [0x0000000080000000, 0x0000000100000000)
  region size 1024K, 3 young (3072K), 3 survivors (3072K)
 Metaspace       used 95214K, committed 95936K, reserved 1138688K
  class space    used 12653K, committed 12992K, reserved 1048576K
}
Event: 5461.222 GC heap before
{Heap before GC invocations=59 (full 0):
 garbage-first heap   total 281600K, used 202196K [0x0000000080000000, 0x0000000100000000)
  region size 1024K, 81 young (82944K), 3 survivors (3072K)
 Metaspace       used 99097K, committed 99776K, reserved 1138688K
  class space    used 12971K, committed 13312K, reserved 1048576K
}
Event: 5461.235 GC heap after
{Heap after GC invocations=60 (full 0):
 garbage-first heap   total 281600K, used 119710K [0x0000000080000000, 0x0000000100000000)
  region size 1024K, 11 young (11264K), 11 survivors (11264K)
 Metaspace       used 99097K, committed 99776K, reserved 1138688K
  class space    used 12971K, committed 13312K, reserved 1048576K
}
Event: 5461.248 GC heap before
{Heap before GC invocations=60 (full 0):
 garbage-first heap   total 281600K, used 120734K [0x0000000080000000, 0x0000000100000000)
  region size 1024K, 13 young (13312K), 11 survivors (11264K)
 Metaspace       used 99182K, committed 99904K, reserved 1138688K
  class space    used 12979K, committed 13312K, reserved 1048576K
}
Event: 5461.258 GC heap after
{Heap after GC invocations=61 (full 0):
 garbage-first heap   total 281600K, used 120548K [0x0000000080000000, 0x0000000100000000)
  region size 1024K, 2 young (2048K), 2 survivors (2048K)
 Metaspace       used 99182K, committed 99904K, reserved 1138688K
  class space    used 12979K, committed 13312K, reserved 1048576K
}
Event: 5462.066 GC heap before
{Heap before GC invocations=61 (full 0):
 garbage-first heap   total 281600K, used 160484K [0x0000000080000000, 0x0000000100000000)
  region size 1024K, 43 young (44032K), 2 survivors (2048K)
 Metaspace       used 99778K, committed 100544K, reserved 1138688K
  class space    used 13022K, committed 13376K, reserved 1048576K
}
Event: 5462.069 GC heap after
{Heap after GC invocations=62 (full 0):
 garbage-first heap   total 281600K, used 120324K [0x0000000080000000, 0x0000000100000000)
  region size 1024K, 2 young (2048K), 2 survivors (2048K)
 Metaspace       used 99778K, committed 100544K, reserved 1138688K
  class space    used 13022K, committed 13376K, reserved 1048576K
}
Event: 5463.423 GC heap before
{Heap before GC invocations=63 (full 0):
 garbage-first heap   total 281600K, used 193028K [0x0000000080000000, 0x0000000100000000)
  region size 1024K, 83 young (84992K), 2 survivors (2048K)
 Metaspace       used 102266K, committed 103040K, reserved 1146880K
  class space    used 13286K, committed 13632K, reserved 1048576K
}
Event: 5463.430 GC heap after
{Heap after GC invocations=64 (full 0):
 garbage-first heap   total 281600K, used 108887K [0x0000000080000000, 0x0000000100000000)
  region size 1024K, 6 young (6144K), 6 survivors (6144K)
 Metaspace       used 102266K, committed 103040K, reserved 1146880K
  class space    used 13286K, committed 13632K, reserved 1048576K
}
Event: 5463.557 GC heap before
{Heap before GC invocations=64 (full 0):
 garbage-first heap   total 281600K, used 115031K [0x0000000080000000, 0x0000000100000000)
  region size 1024K, 13 young (13312K), 6 survivors (6144K)
 Metaspace       used 102348K, committed 103040K, reserved 1146880K
  class space    used 13294K, committed 13632K, reserved 1048576K
}
Event: 5463.564 GC heap after
{Heap after GC invocations=65 (full 0):
 garbage-first heap   total 281600K, used 99913K [0x0000000080000000, 0x0000000100000000)
  region size 1024K, 2 young (2048K), 2 survivors (2048K)
 Metaspace       used 102348K, committed 103040K, reserved 1146880K
  class space    used 13294K, committed 13632K, reserved 1048576K
}
Event: 5465.652 GC heap before
{Heap before GC invocations=65 (full 0):
 garbage-first heap   total 281600K, used 200265K [0x0000000080000000, 0x0000000100000000)
  region size 1024K, 101 young (103424K), 2 survivors (2048K)
 Metaspace       used 108728K, committed 109504K, reserved 1146880K
  class space    used 14139K, committed 14464K, reserved 1048576K
}

Dll operation events (2 events):
Event: 0.007 Loaded shared library C:\Program Files\Android\Android Studio\jbr\bin\java.dll
Event: 0.474 Loaded shared library C:\Program Files\Android\Android Studio\jbr\bin\verify.dll

Deoptimization events (20 events):
Event: 5465.535 Thread 0x000002057b10cf20 DEOPT PACKING pc=0x000002056b6b94a0 sp=0x00000077dc9fdb50
Event: 5465.535 Thread 0x000002057b10cf20 DEOPT UNPACKING pc=0x000002056a7c69a3 sp=0x00000077dc9fda48 mode 2
Event: 5465.541 Thread 0x00000205007d6e30 DEOPT PACKING pc=0x0000020564b069ec sp=0x00000077da2fddf0
Event: 5465.541 Thread 0x00000205007d6e30 DEOPT UNPACKING pc=0x000002056a7c7143 sp=0x00000077da2fd348 mode 0
Event: 5465.562 Thread 0x000002057b10cf20 Uncommon trap: trap_request=0xffffffde fr.pc=0x000002056b6b94a0 relative=0x00000000000007c0
Event: 5465.562 Thread 0x000002057b10cf20 Uncommon trap: reason=class_check action=maybe_recompile pc=0x000002056b6b94a0 method=com.google.common.collect.Iterables.castOrCopyToCollection(Ljava/lang/Iterable;)Ljava/util/Collection; @ 1 c2
Event: 5465.562 Thread 0x000002057b10cf20 DEOPT PACKING pc=0x000002056b6b94a0 sp=0x00000077dc9fdb50
Event: 5465.562 Thread 0x000002057b10cf20 DEOPT UNPACKING pc=0x000002056a7c69a3 sp=0x00000077dc9fda48 mode 2
Event: 5465.602 Thread 0x000002057b10cf20 Uncommon trap: trap_request=0xffffffde fr.pc=0x000002056b6b94a0 relative=0x00000000000007c0
Event: 5465.602 Thread 0x000002057b10cf20 Uncommon trap: reason=class_check action=maybe_recompile pc=0x000002056b6b94a0 method=com.google.common.collect.Iterables.castOrCopyToCollection(Ljava/lang/Iterable;)Ljava/util/Collection; @ 1 c2
Event: 5465.602 Thread 0x000002057b10cf20 DEOPT PACKING pc=0x000002056b6b94a0 sp=0x00000077dc9fdb50
Event: 5465.602 Thread 0x000002057b10cf20 DEOPT UNPACKING pc=0x000002056a7c69a3 sp=0x00000077dc9fda48 mode 2
Event: 5465.609 Thread 0x00000205029fa0f0 DEOPT PACKING pc=0x0000020564b52d4f sp=0x00000077daafde60
Event: 5465.609 Thread 0x00000205029fa0f0 DEOPT UNPACKING pc=0x000002056a7c7143 sp=0x00000077daafd348 mode 0
Event: 5465.629 Thread 0x000002057e864870 DEOPT PACKING pc=0x0000020564b069ec sp=0x00000077dbcfc330
Event: 5465.629 Thread 0x000002057e864870 DEOPT UNPACKING pc=0x000002056a7c7143 sp=0x00000077dbcfb888 mode 0
Event: 5465.639 Thread 0x000002057b10cf20 Uncommon trap: trap_request=0xffffffde fr.pc=0x000002056b6b94a0 relative=0x00000000000007c0
Event: 5465.639 Thread 0x000002057b10cf20 Uncommon trap: reason=class_check action=maybe_recompile pc=0x000002056b6b94a0 method=com.google.common.collect.Iterables.castOrCopyToCollection(Ljava/lang/Iterable;)Ljava/util/Collection; @ 1 c2
Event: 5465.639 Thread 0x000002057b10cf20 DEOPT PACKING pc=0x000002056b6b94a0 sp=0x00000077dc9fdb50
Event: 5465.639 Thread 0x000002057b10cf20 DEOPT UNPACKING pc=0x000002056a7c69a3 sp=0x00000077dc9fda48 mode 2

Classes unloaded (20 events):
Event: 5453.680 Thread 0x0000020579c03680 Unloading class 0x0000000100a76400 'jdk/internal/reflect/GeneratedSerializationConstructorAccessor45'
Event: 5453.680 Thread 0x0000020579c03680 Unloading class 0x0000000100a76000 'jdk/internal/reflect/GeneratedSerializationConstructorAccessor44'
Event: 5453.680 Thread 0x0000020579c03680 Unloading class 0x0000000100a75c00 'jdk/internal/reflect/GeneratedSerializationConstructorAccessor43'
Event: 5453.680 Thread 0x0000020579c03680 Unloading class 0x0000000100a75800 'jdk/internal/reflect/GeneratedSerializationConstructorAccessor42'
Event: 5453.680 Thread 0x0000020579c03680 Unloading class 0x0000000100a75400 'jdk/internal/reflect/GeneratedSerializationConstructorAccessor41'
Event: 5453.680 Thread 0x0000020579c03680 Unloading class 0x0000000100a75000 'jdk/internal/reflect/GeneratedSerializationConstructorAccessor40'
Event: 5453.680 Thread 0x0000020579c03680 Unloading class 0x0000000100a74c00 'jdk/internal/reflect/GeneratedSerializationConstructorAccessor39'
Event: 5453.680 Thread 0x0000020579c03680 Unloading class 0x0000000100a74800 'jdk/internal/reflect/GeneratedSerializationConstructorAccessor38'
Event: 5453.680 Thread 0x0000020579c03680 Unloading class 0x0000000100a74400 'jdk/internal/reflect/GeneratedSerializationConstructorAccessor37'
Event: 5453.680 Thread 0x0000020579c03680 Unloading class 0x0000000100a74000 'jdk/internal/reflect/GeneratedSerializationConstructorAccessor36'
Event: 5453.680 Thread 0x0000020579c03680 Unloading class 0x0000000100a60c00 'jdk/internal/reflect/GeneratedSerializationConstructorAccessor31'
Event: 5453.680 Thread 0x0000020579c03680 Unloading class 0x0000000100a60800 'jdk/internal/reflect/GeneratedSerializationConstructorAccessor30'
Event: 5453.680 Thread 0x0000020579c03680 Unloading class 0x0000000100a60400 'jdk/internal/reflect/GeneratedSerializationConstructorAccessor29'
Event: 5453.680 Thread 0x0000020579c03680 Unloading class 0x0000000100a54c00 'jdk/internal/reflect/GeneratedSerializationConstructorAccessor28'
Event: 5453.680 Thread 0x0000020579c03680 Unloading class 0x0000000100a54800 'jdk/internal/reflect/GeneratedSerializationConstructorAccessor27'
Event: 5453.680 Thread 0x0000020579c03680 Unloading class 0x0000000100a54400 'jdk/internal/reflect/GeneratedSerializationConstructorAccessor26'
Event: 5453.680 Thread 0x0000020579c03680 Unloading class 0x0000000100a54000 'jdk/internal/reflect/GeneratedSerializationConstructorAccessor25'
Event: 5453.680 Thread 0x0000020579c03680 Unloading class 0x0000000100a34000 'java_lang_Class$isAssignableFrom'
Event: 5453.680 Thread 0x0000020579c03680 Unloading class 0x00000001004f9800 'java/lang/invoke/LambdaForm$MH+0x00000001004f9800'
Event: 5453.680 Thread 0x0000020579c03680 Unloading class 0x00000001000a6000 'java/lang/invoke/LambdaForm$MH+0x00000001000a6000'

Classes redefined (0 events):
No events

Internal exceptions (20 events):
Event: 5463.927 Thread 0x000002057e863060 Exception <a 'sun/nio/fs/WindowsException'{0x000000009037e378}> (0x000000009037e378) 
thrown [s\src\hotspot\share\prims\jni.cpp, line 517]
Event: 5463.928 Thread 0x000002057e863060 Exception <a 'sun/nio/fs/WindowsException'{0x000000009037f220}> (0x000000009037f220) 
thrown [s\src\hotspot\share\prims\jni.cpp, line 517]
Event: 5463.928 Thread 0x000002057e863060 Exception <a 'sun/nio/fs/WindowsException'{0x000000009037f290}> (0x000000009037f290) 
thrown [s\src\hotspot\share\prims\jni.cpp, line 517]
Event: 5463.928 Thread 0x000002057e863060 Exception <a 'sun/nio/fs/WindowsException'{0x000000009037f690}> (0x000000009037f690) 
thrown [s\src\hotspot\share\prims\jni.cpp, line 517]
Event: 5463.928 Thread 0x000002057e863060 Exception <a 'sun/nio/fs/WindowsException'{0x0000000090381488}> (0x0000000090381488) 
thrown [s\src\hotspot\share\prims\jni.cpp, line 517]
Event: 5463.928 Thread 0x000002057e863060 Exception <a 'sun/nio/fs/WindowsException'{0x0000000090382320}> (0x0000000090382320) 
thrown [s\src\hotspot\share\prims\jni.cpp, line 517]
Event: 5463.928 Thread 0x000002057e863060 Exception <a 'sun/nio/fs/WindowsException'{0x0000000090382390}> (0x0000000090382390) 
thrown [s\src\hotspot\share\prims\jni.cpp, line 517]
Event: 5463.929 Thread 0x000002057e863060 Exception <a 'sun/nio/fs/WindowsException'{0x0000000090382750}> (0x0000000090382750) 
thrown [s\src\hotspot\share\prims\jni.cpp, line 517]
Event: 5464.009 Thread 0x000002057e863060 Implicit null exception at 0x000002056b6b45da to 0x000002056b6b4760
Event: 5464.011 Thread 0x000002057e863060 Implicit null exception at 0x000002056b6b40be to 0x000002056b6b4210
Event: 5464.981 Thread 0x000002057e863060 Exception <a 'java/lang/NoSuchMethodError'{0x000000008d575308}: static Lcom/android/ide/common/resources/MergedAssetWriter$AssetWorkAction;.<clinit>()V> (0x000000008d575308) 
thrown [s\src\hotspot\share\prims\jni.cpp, line 1108]
Event: 5464.992 Thread 0x000002057e863060 Exception <a 'sun/nio/fs/WindowsException'{0x000000008d5c3de0}> (0x000000008d5c3de0) 
thrown [s\src\hotspot\share\prims\jni.cpp, line 517]
Event: 5465.001 Thread 0x000002057e863060 Exception <a 'java/lang/NoSuchMethodError'{0x000000008d420650}: 'int java.lang.invoke.DirectMethodHandle$Holder.invokeSpecial(java.lang.Object, java.lang.Object, java.lang.Object, java.lang.Object, java.lang.Object)'> (0x000000008d420650) 
thrown [s\src\hotspot\share\interpreter\linkResolver.cpp, line 771]
Event: 5465.131 Thread 0x000002057e863060 Exception <a 'sun/nio/fs/WindowsException'{0x000000008ce96250}> (0x000000008ce96250) 
thrown [s\src\hotspot\share\prims\jni.cpp, line 517]
Event: 5465.267 Thread 0x000002057e863060 Exception <a 'sun/nio/fs/WindowsException'{0x000000008c5142c8}> (0x000000008c5142c8) 
thrown [s\src\hotspot\share\prims\jni.cpp, line 517]
Event: 5465.268 Thread 0x000002057e863060 Exception <a 'sun/nio/fs/WindowsException'{0x000000008c515158}> (0x000000008c515158) 
thrown [s\src\hotspot\share\prims\jni.cpp, line 517]
Event: 5465.268 Thread 0x000002057e863060 Exception <a 'sun/nio/fs/WindowsException'{0x000000008c5151c8}> (0x000000008c5151c8) 
thrown [s\src\hotspot\share\prims\jni.cpp, line 517]
Event: 5465.268 Thread 0x000002057e863060 Exception <a 'sun/nio/fs/WindowsException'{0x000000008c515588}> (0x000000008c515588) 
thrown [s\src\hotspot\share\prims\jni.cpp, line 517]
Event: 5465.279 Thread 0x000002057b10cf20 Exception <a 'sun/nio/fs/WindowsException'{0x000000008c4345e0}> (0x000000008c4345e0) 
thrown [s\src\hotspot\share\prims\jni.cpp, line 517]
Event: 5465.279 Thread 0x000002057b10cf20 Exception <a 'sun/nio/fs/WindowsException'{0x000000008c4348f0}> (0x000000008c4348f0) 
thrown [s\src\hotspot\share\prims\jni.cpp, line 517]

VM Operations (20 events):
Event: 5464.199 Executing VM operation: HandshakeAllThreads done
Event: 5464.199 Executing VM operation: HandshakeAllThreads
Event: 5464.199 Executing VM operation: HandshakeAllThreads done
Event: 5464.300 Executing VM operation: ICBufferFull
Event: 5464.301 Executing VM operation: ICBufferFull done
Event: 5464.962 Executing VM operation: HandshakeAllThreads
Event: 5464.963 Executing VM operation: HandshakeAllThreads done
Event: 5464.965 Executing VM operation: HandshakeAllThreads
Event: 5464.965 Executing VM operation: HandshakeAllThreads done
Event: 5464.972 Executing VM operation: HandshakeAllThreads
Event: 5464.972 Executing VM operation: HandshakeAllThreads done
Event: 5464.976 Executing VM operation: HandshakeAllThreads
Event: 5464.976 Executing VM operation: HandshakeAllThreads done
Event: 5464.999 Executing VM operation: HandshakeAllThreads
Event: 5464.999 Executing VM operation: HandshakeAllThreads done
Event: 5465.068 Executing VM operation: ICBufferFull
Event: 5465.068 Executing VM operation: ICBufferFull done
Event: 5465.289 Executing VM operation: ICBufferFull
Event: 5465.302 Executing VM operation: ICBufferFull done
Event: 5465.652 Executing VM operation: G1CollectForAllocation

Events (20 events):
Event: 5464.239 loading class java/util/TreeMap$NavigableSubMap$SubMapIterator done
Event: 5464.239 loading class java/util/TreeMap$NavigableSubMap$DescendingSubMapEntryIterator done
Event: 5464.764 loading class java/util/ArrayList$SubList$1
Event: 5464.765 loading class java/util/ArrayList$SubList$1 done
Event: 5464.767 Thread 0x000002050345d670 Thread exited: 0x000002050345d670
Event: 5464.903 Thread 0x000002050345f4d0 Thread added: 0x000002050345f4d0
Event: 5465.333 loading class java/nio/file/PathMatcher
Event: 5465.333 loading class java/nio/file/PathMatcher done
Event: 5465.340 loading class sun/nio/fs/Globs
Event: 5465.340 loading class sun/nio/fs/Globs done
Event: 5465.340 loading class java/util/regex/Pattern$SliceU
Event: 5465.340 loading class java/util/regex/Pattern$SliceU done
Event: 5465.340 loading class sun/nio/fs/WindowsFileSystem$2
Event: 5465.340 loading class sun/nio/fs/WindowsFileSystem$2 done
Event: 5465.470 loading class java/nio/file/TempFileHelper
Event: 5465.470 loading class java/nio/file/TempFileHelper done
Event: 5465.525 loading class java/io/SequenceInputStream
Event: 5465.525 loading class java/io/SequenceInputStream done
Event: 5465.561 loading class sun/nio/cs/US_ASCII$Decoder
Event: 5465.561 loading class sun/nio/cs/US_ASCII$Decoder done


Dynamic libraries:
0x00007ff72dc70000 - 0x00007ff72dc7a000 	C:\Program Files\Android\Android Studio\jbr\bin\java.exe
0x00007ffb7dd70000 - 0x00007ffb7df68000 	C:\WINDOWS\SYSTEM32\ntdll.dll
0x00007ffb7d690000 - 0x00007ffb7d74f000 	C:\WINDOWS\System32\KERNEL32.DLL
0x00007ffb7b980000 - 0x00007ffb7bc76000 	C:\WINDOWS\System32\KERNELBASE.dll
0x00007ffb7b5b0000 - 0x00007ffb7b6b0000 	C:\WINDOWS\System32\ucrtbase.dll
0x00007ffb5ec60000 - 0x00007ffb5ec7b000 	C:\Program Files\Android\Android Studio\jbr\bin\VCRUNTIME140.dll
0x00007ffb5ec80000 - 0x00007ffb5ec97000 	C:\Program Files\Android\Android Studio\jbr\bin\jli.dll
0x00007ffb7bfb0000 - 0x00007ffb7c14d000 	C:\WINDOWS\System32\USER32.dll
0x00007ffb61420000 - 0x00007ffb616ba000 	C:\WINDOWS\WinSxS\amd64_microsoft.windows.common-controls_6595b64144ccf1df_6.0.19041.1110_none_60b5254171f9507e\COMCTL32.dll
0x00007ffb7b800000 - 0x00007ffb7b822000 	C:\WINDOWS\System32\win32u.dll
0x00007ffb7cf30000 - 0x00007ffb7cfce000 	C:\WINDOWS\System32\msvcrt.dll
0x00007ffb7d750000 - 0x00007ffb7d77c000 	C:\WINDOWS\System32\GDI32.dll
0x00007ffb7b860000 - 0x00007ffb7b975000 	C:\WINDOWS\System32\gdi32full.dll
0x00007ffb7b760000 - 0x00007ffb7b7fd000 	C:\WINDOWS\System32\msvcp_win.dll
0x00007ffb7d160000 - 0x00007ffb7d190000 	C:\WINDOWS\System32\IMM32.DLL
0x00007ffb62310000 - 0x00007ffb6231c000 	C:\Program Files\Android\Android Studio\jbr\bin\vcruntime140_1.dll
0x00007ffb51990000 - 0x00007ffb51a1d000 	C:\Program Files\Android\Android Studio\jbr\bin\msvcp140.dll
0x00007ffb49f70000 - 0x00007ffb4abde000 	C:\Program Files\Android\Android Studio\jbr\bin\server\jvm.dll
0x00007ffb7c450000 - 0x00007ffb7c4ff000 	C:\WINDOWS\System32\ADVAPI32.dll
0x00007ffb7d780000 - 0x00007ffb7d81c000 	C:\WINDOWS\System32\sechost.dll
0x00007ffb7be80000 - 0x00007ffb7bfa6000 	C:\WINDOWS\System32\RPCRT4.dll
0x00007ffb61f50000 - 0x00007ffb61f59000 	C:\WINDOWS\SYSTEM32\WSOCK32.dll
0x00007ffb73410000 - 0x00007ffb73437000 	C:\WINDOWS\SYSTEM32\WINMM.dll
0x00007ffb7cfd0000 - 0x00007ffb7d03b000 	C:\WINDOWS\System32\WS2_32.dll
0x00007ffb75ea0000 - 0x00007ffb75eaa000 	C:\WINDOWS\SYSTEM32\VERSION.dll
0x00007ffb79310000 - 0x00007ffb79322000 	C:\WINDOWS\SYSTEM32\kernel.appcore.dll
0x00007ffb76f70000 - 0x00007ffb76f7a000 	C:\Program Files\Android\Android Studio\jbr\bin\jimage.dll
0x00007ffb74c40000 - 0x00007ffb74e24000 	C:\WINDOWS\SYSTEM32\DBGHELP.DLL
0x00007ffb6dd00000 - 0x00007ffb6dd34000 	C:\WINDOWS\SYSTEM32\dbgcore.DLL
0x00007ffb7bcd0000 - 0x00007ffb7bd52000 	C:\WINDOWS\System32\bcryptPrimitives.dll
0x00007ffb5efe0000 - 0x00007ffb5f005000 	C:\Program Files\Android\Android Studio\jbr\bin\java.dll
0x00007ffb76a70000 - 0x00007ffb76a88000 	C:\Program Files\Android\Android Studio\jbr\bin\zip.dll
0x00007ffb7c5d0000 - 0x00007ffb7cd14000 	C:\WINDOWS\System32\SHELL32.dll
0x00007ffb79510000 - 0x00007ffb79ca3000 	C:\WINDOWS\SYSTEM32\windows.storage.dll
0x00007ffb7d940000 - 0x00007ffb7dc94000 	C:\WINDOWS\System32\combase.dll
0x00007ffb7adc0000 - 0x00007ffb7adee000 	C:\WINDOWS\SYSTEM32\Wldp.dll
0x00007ffb7d820000 - 0x00007ffb7d8cd000 	C:\WINDOWS\System32\SHCORE.dll
0x00007ffb7c230000 - 0x00007ffb7c285000 	C:\WINDOWS\System32\shlwapi.dll
0x00007ffb7b380000 - 0x00007ffb7b3a5000 	C:\WINDOWS\SYSTEM32\profapi.dll
0x00007ffb5efc0000 - 0x00007ffb5efd9000 	C:\Program Files\Android\Android Studio\jbr\bin\net.dll
0x00007ffb747d0000 - 0x00007ffb748da000 	C:\WINDOWS\SYSTEM32\WINHTTP.dll
0x00007ffb7ab20000 - 0x00007ffb7ab8a000 	C:\WINDOWS\system32\mswsock.dll
0x00007ffb5ee80000 - 0x00007ffb5ee96000 	C:\Program Files\Android\Android Studio\jbr\bin\nio.dll
0x00007ffb76ad0000 - 0x00007ffb76ae0000 	C:\Program Files\Android\Android Studio\jbr\bin\verify.dll
0x00007ffb6c3d0000 - 0x00007ffb6c3f7000 	C:\Users\Pichau\.gradle\native\68d5fa5c4cc2d200863cafc0d521ce42e7d3e7ee720ec0a83991735586a16f82\windows-amd64\native-platform.dll
0x00007ffb4be00000 - 0x00007ffb4bf44000 	C:\Users\Pichau\.gradle\native\e376f236ea51e6404a007f0833ffe2c6e607c4080706a723a18a27aeea778392\windows-amd64\native-platform-file-events.dll
0x00007ffb6bf20000 - 0x00007ffb6bf29000 	C:\Program Files\Android\Android Studio\jbr\bin\management.dll
0x00007ffb5ecb0000 - 0x00007ffb5ecbb000 	C:\Program Files\Android\Android Studio\jbr\bin\management_ext.dll
0x00007ffb7d190000 - 0x00007ffb7d198000 	C:\WINDOWS\System32\PSAPI.DLL
0x00007ffb7ad10000 - 0x00007ffb7ad28000 	C:\WINDOWS\SYSTEM32\CRYPTSP.dll
0x00007ffb7a430000 - 0x00007ffb7a464000 	C:\WINDOWS\system32\rsaenh.dll
0x00007ffb7b830000 - 0x00007ffb7b857000 	C:\WINDOWS\System32\bcrypt.dll
0x00007ffb7b340000 - 0x00007ffb7b36e000 	C:\WINDOWS\SYSTEM32\USERENV.dll
0x00007ffb7ad30000 - 0x00007ffb7ad3c000 	C:\WINDOWS\SYSTEM32\CRYPTBASE.dll
0x00007ffb7a810000 - 0x00007ffb7a84b000 	C:\WINDOWS\SYSTEM32\IPHLPAPI.DLL
0x00007ffb7d930000 - 0x00007ffb7d938000 	C:\WINDOWS\System32\NSI.dll
0x00007ffb75960000 - 0x00007ffb75977000 	C:\WINDOWS\SYSTEM32\dhcpcsvc6.DLL
0x00007ffb75940000 - 0x00007ffb7595d000 	C:\WINDOWS\SYSTEM32\dhcpcsvc.DLL
0x00007ffb7a850000 - 0x00007ffb7a91a000 	C:\WINDOWS\SYSTEM32\DNSAPI.dll
0x00007ffb5eae0000 - 0x00007ffb5eae7000 	C:\WINDOWS\system32\wshunix.dll
0x00007ffb7a550000 - 0x00007ffb7a583000 	C:\WINDOWS\SYSTEM32\ntmarta.dll

dbghelp: loaded successfully - version: 4.0.5 - missing functions: none
symbol engine: initialized successfully - sym options: 0x614 - pdb path: .;C:\Program Files\Android\Android Studio\jbr\bin;C:\WINDOWS\SYSTEM32;C:\WINDOWS\WinSxS\amd64_microsoft.windows.common-controls_6595b64144ccf1df_6.0.19041.1110_none_60b5254171f9507e;C:\Program Files\Android\Android Studio\jbr\bin\server;C:\Users\Pichau\.gradle\native\68d5fa5c4cc2d200863cafc0d521ce42e7d3e7ee720ec0a83991735586a16f82\windows-amd64;C:\Users\Pichau\.gradle\native\e376f236ea51e6404a007f0833ffe2c6e607c4080706a723a18a27aeea778392\windows-amd64

VM Arguments:
jvm_args: --add-opens=java.base/java.util=ALL-UNNAMED --add-opens=java.base/java.lang=ALL-UNNAMED --add-opens=java.base/java.lang.invoke=ALL-UNNAMED --add-opens=java.prefs/java.util.prefs=ALL-UNNAMED --add-opens=java.base/java.nio.charset=ALL-UNNAMED --add-opens=java.base/java.net=ALL-UNNAMED --add-opens=java.base/java.util.concurrent.atomic=ALL-UNNAMED -Xmx2048m -Dfile.encoding=UTF-8 -Duser.country=BR -Duser.language=pt -Duser.variant 
java_command: org.gradle.launcher.daemon.bootstrap.GradleDaemon 8.0
java_class_path (initial): C:\Users\Pichau\.gradle\wrapper\dists\gradle-8.0-bin\ca5e32bp14vu59qr306oxotwh\gradle-8.0\lib\gradle-launcher-8.0.jar
Launcher Type: SUN_STANDARD

[Global flags]
     intx CICompilerCount                          = 3                                         {product} {ergonomic}
     uint ConcGCThreads                            = 1                                         {product} {ergonomic}
     uint G1ConcRefinementThreads                  = 4                                         {product} {ergonomic}
   size_t G1HeapRegionSize                         = 1048576                                   {product} {ergonomic}
    uintx GCDrainStackTargetSize                   = 64                                        {product} {ergonomic}
   size_t InitialHeapSize                          = 234881024                                 {product} {ergonomic}
   size_t MarkStackSize                            = 4194304                                   {product} {ergonomic}
   size_t MaxHeapSize                              = 2147483648                                {product} {command line}
   size_t MaxNewSize                               = 1287651328                                {product} {ergonomic}
   size_t MinHeapDeltaBytes                        = 1048576                                   {product} {ergonomic}
   size_t MinHeapSize                              = 8388608                                   {product} {ergonomic}
    uintx NonNMethodCodeHeapSize                   = 5832780                                {pd product} {ergonomic}
    uintx NonProfiledCodeHeapSize                  = 122912730                              {pd product} {ergonomic}
    uintx ProfiledCodeHeapSize                     = 122912730                              {pd product} {ergonomic}
    uintx ReservedCodeCacheSize                    = 251658240                              {pd product} {ergonomic}
     bool SegmentedCodeCache                       = true                                      {product} {ergonomic}
   size_t SoftMaxHeapSize                          = 2147483648                             {manageable} {ergonomic}
     bool UseCompressedClassPointers               = true                           {product lp64_product} {ergonomic}
     bool UseCompressedOops                        = true                           {product lp64_product} {ergonomic}
     bool UseG1GC                                  = true                                      {product} {ergonomic}
     bool UseLargePagesIndividualAllocation        = false                                  {pd product} {ergonomic}

Logging:
Log output configuration:
 #0: stdout all=warning uptime,level,tags
 #1: stderr all=off uptime,level,tags

Environment Variables:
PATH=C:\WINDOWS\system32;C:\WINDOWS;C:\WINDOWS\System32\Wbem;C:\WINDOWS\System32\WindowsPowerShell\v1.0\;C:\WINDOWS\System32\OpenSSH\;C:\Program Files\Microsoft SQL Server\150\Tools\Binn\;C:\Program Files\Microsoft SQL Server\Client SDK\ODBC\170\Tools\Binn\;C:\Program Files\dotnet\;C:\Program Files\Microsoft SQL Server\Client SDK\ODBC\110\Tools\Binn\;C:\Program Files (x86)\Microsoft SQL Server\120\Tools\Binn\;C:\Program Files\Microsoft SQL Server\120\Tools\Binn\;C:\Program Files\Microsoft SQL Server\120\DTS\Binn\;C:\Program Files (x86)\Microsoft SQL Server\120\Tools\Binn\ManagementStudio\;C:\Program Files (x86)\Microsoft SQL Server\120\DTS\Binn\;C:\Users\Pichau\AppData\Local\Microsoft\WindowsApps;;C:\Users\Pichau\AppData\Local\Programs\Microsoft VS Code\bin;C:\Users\Pichau\.dotnet\tools
USERNAME=Tho
OS=Windows_NT
PROCESSOR_IDENTIFIER=AMD64 Family 23 Model 17 Stepping 0, AuthenticAMD
TMP=C:\Users\Pichau\AppData\Local\Temp
TEMP=C:\Users\Pichau\AppData\Local\Temp


JNI global refs:
JNI global refs: 25, weak refs: 1

JNI global refs memory usage: 843, weak refs: 841


---------------  S Y S T E M  ---------------

OS:
 Windows 10 , 64 bit Build 19041 (10.0.19041.3155)
OS uptime: 0 days 3:28 hours

CPU: total 4 (initial active 4) (4 cores per cpu, 1 threads per core) family 23 model 17 stepping 0 microcode 0x0, cx8, cmov, fxsr, mmx, 3dnowpref, sse, sse2, sse3, ssse3, sse4a, sse4.1, sse4.2, popcnt, lzcnt, tsc, tscinvbit, avx, avx2, aes, clmul, bmi1, bmi2, adx, sha, fma, vzeroupper, clflush, clflushopt

Memory: 4k page, system-wide physical 14264M (3264M free)
TotalPageFile size 14264M (AvailPageFile size 251M)
current process WorkingSet (physical memory assigned to process): 540M, peak: 541M
current process commit charge ("private bytes"): 597M, peak: 1147M

vm_info: OpenJDK 64-Bit Server VM (17.0.6+0-b2043.56-10027231) for windows-amd64 JRE (17.0.6+0-b2043.56-10027231), built on Apr 28 2023 00:43:19 by "androidbuild" with MS VC++ 16.10 / 16.11 (VS2019)

END.
