#
# There is insufficient memory for the Java Runtime Environment to continue.
# Native memory allocation (malloc) failed to allocate 1344304 bytes for Chunk::new
# Possible reasons:
#   The system is out of physical RAM or swap space
#   The process is running with CompressedOops enabled, and the Java Heap may be blocking the growth of the native heap
# Possible solutions:
#   Reduce memory load on the system
#   Increase physical memory or swap space
#   Check if swap backing store is full
#   Decrease Java heap size (-Xmx/-Xms)
#   Decrease number of Java threads
#   Decrease Java thread stack sizes (-Xss)
#   Set larger code cache with -XX:ReservedCodeCacheSize=
#   JVM is running with Unscaled Compressed Oops mode in which the Java heap is
#     placed in the first 4GB address space. The Java Heap base address is the
#     maximum limit for the native heap growth. Please use -XX:HeapBaseMinAddress
#     to set the Java Heap base and to place the Java Heap above 4GB virtual address.
# This output file may be truncated or incomplete.
#
#  Out of Memory Error (arena.cpp:189), pid=9296, tid=8072
#
# JRE version: OpenJDK Runtime Environment (17.0.6) (build 17.0.6+0-b2043.56-10027231)
# Java VM: OpenJDK 64-Bit Server VM (17.0.6+0-b2043.56-10027231, mixed mode, tiered, compressed oops, compressed class ptrs, g1 gc, windows-amd64)
# No core dump will be written. Minidumps are not enabled by default on client versions of Windows
#

---------------  S U M M A R Y ------------

Command Line: --add-opens=java.base/java.util=ALL-UNNAMED --add-opens=java.base/java.lang=ALL-UNNAMED --add-opens=java.base/java.lang.invoke=ALL-UNNAMED --add-opens=java.prefs/java.util.prefs=ALL-UNNAMED --add-opens=java.base/java.nio.charset=ALL-UNNAMED --add-opens=java.base/java.net=ALL-UNNAMED --add-opens=java.base/java.util.concurrent.atomic=ALL-UNNAMED -Xmx2048m -Dfile.encoding=UTF-8 -Duser.country=BR -Duser.language=pt -Duser.variant org.gradle.launcher.daemon.bootstrap.GradleDaemon 8.0

Host: AMD Ryzen 3 2200G with Radeon Vega Graphics    , 4 cores, 13G,  Windows 10 , 64 bit Build 19041 (10.0.19041.3155)
Time: Tue Sep 12 22:39:07 2023 Hora oficial do Brasil elapsed time: 23.739826 seconds (0d 0h 0m 23s)

---------------  T H R E A D  ---------------

Current thread (0x0000027ce6ac99e0):  JavaThread "C2 CompilerThread1" daemon [_thread_in_native, id=8072, stack(0x000000ae6b700000,0x000000ae6b800000)]


Current CompileTask:
C2:  23739 14725       4       java.lang.String::split (327 bytes)

Stack: [0x000000ae6b700000,0x000000ae6b800000]
Native frames: (J=compiled Java code, j=interpreted, Vv=VM code, C=native code)
V  [jvm.dll+0x683c9a]
V  [jvm.dll+0x8427a4]
V  [jvm.dll+0x843f9e]
V  [jvm.dll+0x844603]
V  [jvm.dll+0x249b75]
V  [jvm.dll+0xabcac]
V  [jvm.dll+0xac27c]
V  [jvm.dll+0x368857]
V  [jvm.dll+0x332f31]
V  [jvm.dll+0x3323da]
V  [jvm.dll+0x21c201]
V  [jvm.dll+0x21b621]
V  [jvm.dll+0x1a4fdd]
V  [jvm.dll+0x22b098]
V  [jvm.dll+0x229159]
V  [jvm.dll+0x7f81ec]
V  [jvm.dll+0x7f274a]
V  [jvm.dll+0x682ad5]
C  [ucrtbase.dll+0x21bb2]
C  [KERNEL32.DLL+0x17614]
C  [ntdll.dll+0x526b1]


---------------  P R O C E S S  ---------------

Threads class SMR info:
_java_thread_list=0x0000027ce9310ea0, length=91, elements={
0x0000027ccbb3a3b0, 0x0000027ce5c0b5b0, 0x0000027ce5c0dc20, 0x0000027ce5c56c00,
0x0000027ce5c575c0, 0x0000027ce5c59290, 0x0000027ce5c5dea0, 0x0000027ce5c3b3b0,
0x0000027ce5c3c380, 0x0000027ce5c40b90, 0x0000027ce5c5d9d0, 0x0000027ce5c5b350,
0x0000027ce5c5d030, 0x0000027ce5c5d500, 0x0000027ce5c5e370, 0x0000027ce5c5ed10,
0x0000027ce5c5b820, 0x0000027ce5c5bcf0, 0x0000027ce5c5c690, 0x0000027ce5c5cb60,
0x0000027ce8410e70, 0x0000027ce840e7f0, 0x0000027ce840ecc0, 0x0000027ce840d4b0,
0x0000027ce840d980, 0x0000027ce840e320, 0x0000027ce84104d0, 0x0000027ce840fb30,
0x0000027ce8410000, 0x0000027ce84109a0, 0x0000027ce921d880, 0x0000027ce921ff00,
0x0000027ce921ad30, 0x0000027ce921fa30, 0x0000027ce9219050, 0x0000027ce921d3b0,
0x0000027ce921c070, 0x0000027ce9218b80, 0x0000027ce921dd50, 0x0000027ce921ebc0,
0x0000027ce921c540, 0x0000027ce921e220, 0x0000027ce921e6f0, 0x0000027ce9219520,
0x0000027ce92203d0, 0x0000027ce92199f0, 0x0000027ce88a10d0, 0x0000027ce889f3f0,
0x0000027ce889d710, 0x0000027ce889d240, 0x0000027ce88a2db0, 0x0000027ce889e580,
0x0000027ce889f8c0, 0x0000027ce889fd90, 0x0000027ce889b560, 0x0000027ce889ba30,
0x0000027ce889cd70, 0x0000027ce88a2410, 0x0000027ce88a0260, 0x0000027ce889ef20,
0x0000027ce889e0b0, 0x0000027ce88a28e0, 0x0000027ce889bf00, 0x0000027ce88a1a70,
0x0000027ce88a0730, 0x0000027ce88a1f40, 0x0000027ce889c3d0, 0x0000027ce889ea50,
0x0000027ce889c8a0, 0x0000027ce88a0c00, 0x0000027ce88a15a0, 0x0000027ce889dbe0,
0x0000027ce8c8aae0, 0x0000027ce8c897a0, 0x0000027ce8c892d0, 0x0000027ce8c87ac0,
0x0000027ce8c89c70, 0x0000027ce8c8a140, 0x0000027ce8c8cc90, 0x0000027ce6ac99e0,
0x0000027ce8c8c7c0, 0x0000027ce8c85440, 0x0000027ce8c88e00, 0x0000027ce8c87120,
0x0000027ce8c85910, 0x0000027ce8c862b0, 0x0000027ce8c87f90, 0x0000027ce5c5c1c0,
0x0000027ce93eb6f0, 0x0000027ce93ea3b0, 0x0000027ce93e7d30
}

Java Threads: ( => current thread )
  0x0000027ccbb3a3b0 JavaThread "main" [_thread_blocked, id=8144, stack(0x000000ae65e00000,0x000000ae65f00000)]
  0x0000027ce5c0b5b0 JavaThread "Reference Handler" daemon [_thread_blocked, id=10284, stack(0x000000ae66500000,0x000000ae66600000)]
  0x0000027ce5c0dc20 JavaThread "Finalizer" daemon [_thread_blocked, id=6544, stack(0x000000ae66600000,0x000000ae66700000)]
  0x0000027ce5c56c00 JavaThread "Signal Dispatcher" daemon [_thread_blocked, id=10744, stack(0x000000ae66700000,0x000000ae66800000)]
  0x0000027ce5c575c0 JavaThread "Attach Listener" daemon [_thread_blocked, id=244, stack(0x000000ae66800000,0x000000ae66900000)]
  0x0000027ce5c59290 JavaThread "Service Thread" daemon [_thread_blocked, id=5432, stack(0x000000ae66900000,0x000000ae66a00000)]
  0x0000027ce5c5dea0 JavaThread "Monitor Deflation Thread" daemon [_thread_blocked, id=6348, stack(0x000000ae66a00000,0x000000ae66b00000)]
  0x0000027ce5c3b3b0 JavaThread "C2 CompilerThread0" daemon [_thread_in_native, id=9736, stack(0x000000ae66b00000,0x000000ae66c00000)]
  0x0000027ce5c3c380 JavaThread "C1 CompilerThread0" daemon [_thread_blocked, id=7084, stack(0x000000ae66c00000,0x000000ae66d00000)]
  0x0000027ce5c40b90 JavaThread "Sweeper thread" daemon [_thread_blocked, id=6892, stack(0x000000ae66d00000,0x000000ae66e00000)]
  0x0000027ce5c5d9d0 JavaThread "Common-Cleaner" daemon [_thread_blocked, id=7136, stack(0x000000ae66e00000,0x000000ae66f00000)]
  0x0000027ce5c5b350 JavaThread "Notification Thread" daemon [_thread_blocked, id=7608, stack(0x000000ae66f00000,0x000000ae67000000)]
  0x0000027ce5c5d030 JavaThread "Daemon health stats" [_thread_blocked, id=9096, stack(0x000000ae67500000,0x000000ae67600000)]
  0x0000027ce5c5d500 JavaThread "Incoming local TCP Connector on port 52605" [_thread_in_native, id=10624, stack(0x000000ae67600000,0x000000ae67700000)]
  0x0000027ce5c5e370 JavaThread "Daemon periodic checks" [_thread_blocked, id=10132, stack(0x000000ae67700000,0x000000ae67800000)]
  0x0000027ce5c5ed10 JavaThread "Daemon" [_thread_blocked, id=7624, stack(0x000000ae67800000,0x000000ae67900000)]
  0x0000027ce5c5b820 JavaThread "Handler for socket connection from /127.0.0.1:52605 to /127.0.0.1:52606" [_thread_in_native, id=10668, stack(0x000000ae67900000,0x000000ae67a00000)]
  0x0000027ce5c5bcf0 JavaThread "Cancel handler" [_thread_blocked, id=3428, stack(0x000000ae67a00000,0x000000ae67b00000)]
  0x0000027ce5c5c690 JavaThread "Daemon worker" [_thread_blocked, id=3492, stack(0x000000ae67b00000,0x000000ae67c00000)]
  0x0000027ce5c5cb60 JavaThread "Asynchronous log dispatcher for DefaultDaemonConnection: socket connection from /127.0.0.1:52605 to /127.0.0.1:52606" [_thread_blocked, id=9648, stack(0x000000ae67c00000,0x000000ae67d00000)]
  0x0000027ce8410e70 JavaThread "Stdin handler" [_thread_blocked, id=2732, stack(0x000000ae67d00000,0x000000ae67e00000)]
  0x0000027ce840e7f0 JavaThread "Daemon client event forwarder" [_thread_blocked, id=2916, stack(0x000000ae67e00000,0x000000ae67f00000)]
  0x0000027ce840ecc0 JavaThread "Cache worker for journal cache (C:\Users\Pichau\.gradle\caches\journal-1)" [_thread_blocked, id=3872, stack(0x000000ae67100000,0x000000ae67200000)]
  0x0000027ce840d4b0 JavaThread "File lock request listener" [_thread_in_native, id=3284, stack(0x000000ae67f00000,0x000000ae68000000)]
  0x0000027ce840d980 JavaThread "Cache worker for file hash cache (C:\Users\Pichau\.gradle\caches\8.0\fileHashes)" [_thread_blocked, id=7596, stack(0x000000ae68100000,0x000000ae68200000)]
  0x0000027ce840e320 JavaThread "File watcher server" daemon [_thread_in_native, id=8176, stack(0x000000ae68200000,0x000000ae68300000)]
  0x0000027ce84104d0 JavaThread "File watcher consumer" daemon [_thread_blocked, id=7764, stack(0x000000ae68300000,0x000000ae68400000)]
  0x0000027ce840fb30 JavaThread "Cache worker for checksums cache (C:\Users\Pichau\AndroidStudioProjects\Tcc_funcionario\.gradle\8.0\checksums)" [_thread_blocked, id=11192, stack(0x000000ae68400000,0x000000ae68500000)]
  0x0000027ce8410000 JavaThread "Cache worker for cache directory md-rule (C:\Users\Pichau\.gradle\caches\8.0\md-rule)" [_thread_blocked, id=9628, stack(0x000000ae68500000,0x000000ae68600000)]
  0x0000027ce84109a0 JavaThread "Cache worker for file content cache (C:\Users\Pichau\.gradle\caches\8.0\fileContent)" [_thread_blocked, id=7124, stack(0x000000ae68600000,0x000000ae68700000)]
  0x0000027ce921d880 JavaThread "Cache worker for file hash cache (C:\Users\Pichau\AndroidStudioProjects\Tcc_funcionario\.gradle\8.0\fileHashes)" [_thread_blocked, id=376, stack(0x000000ae68700000,0x000000ae68800000)]
  0x0000027ce921ff00 JavaThread "Cache worker for cache directory md-supplier (C:\Users\Pichau\.gradle\caches\8.0\md-supplier)" [_thread_blocked, id=3056, stack(0x000000ae68800000,0x000000ae68900000)]
  0x0000027ce921ad30 JavaThread "Cache worker for execution history cache (C:\Users\Pichau\.gradle\caches\8.0\executionHistory)" [_thread_blocked, id=3212, stack(0x000000ae68900000,0x000000ae68a00000)]
  0x0000027ce921fa30 JavaThread "jar transforms" [_thread_blocked, id=7128, stack(0x000000ae68a00000,0x000000ae68b00000)]
  0x0000027ce9219050 JavaThread "jar transforms Thread 2" [_thread_blocked, id=8980, stack(0x000000ae68b00000,0x000000ae68c00000)]
  0x0000027ce921d3b0 JavaThread "jar transforms Thread 3" [_thread_blocked, id=11004, stack(0x000000ae68c00000,0x000000ae68d00000)]
  0x0000027ce921c070 JavaThread "jar transforms Thread 4" [_thread_blocked, id=9260, stack(0x000000ae68d00000,0x000000ae68e00000)]
  0x0000027ce9218b80 JavaThread "Cache worker for dependencies-accessors (C:\Users\Pichau\AndroidStudioProjects\Tcc_funcionario\.gradle\8.0\dependencies-accessors)" [_thread_blocked, id=9196, stack(0x000000ae68e00000,0x000000ae68f00000)]
  0x0000027ce921dd50 JavaThread "Cache worker for Build Output Cleanup Cache (C:\Users\Pichau\AndroidStudioProjects\Tcc_funcionario\.gradle\buildOutputCleanup)" [_thread_blocked, id=2384, stack(0x000000ae68f00000,0x000000ae69000000)]
  0x0000027ce921ebc0 JavaThread "Unconstrained build operations" [_thread_blocked, id=10512, stack(0x000000ae68000000,0x000000ae68100000)]
  0x0000027ce921c540 JavaThread "Unconstrained build operations Thread 2" [_thread_blocked, id=2888, stack(0x000000ae69000000,0x000000ae69100000)]
  0x0000027ce921e220 JavaThread "Unconstrained build operations Thread 3" [_thread_blocked, id=8468, stack(0x000000ae69100000,0x000000ae69200000)]
  0x0000027ce921e6f0 JavaThread "Unconstrained build operations Thread 4" [_thread_blocked, id=8988, stack(0x000000ae69200000,0x000000ae69300000)]
  0x0000027ce9219520 JavaThread "Unconstrained build operations Thread 5" [_thread_blocked, id=10400, stack(0x000000ae69300000,0x000000ae69400000)]
  0x0000027ce92203d0 JavaThread "Unconstrained build operations Thread 6" [_thread_blocked, id=4240, stack(0x000000ae69400000,0x000000ae69500000)]
  0x0000027ce92199f0 JavaThread "Unconstrained build operations Thread 7" [_thread_blocked, id=10984, stack(0x000000ae69500000,0x000000ae69600000)]
  0x0000027ce88a10d0 JavaThread "Unconstrained build operations Thread 8" [_thread_blocked, id=7532, stack(0x000000ae69600000,0x000000ae69700000)]
  0x0000027ce889f3f0 JavaThread "Unconstrained build operations Thread 9" [_thread_blocked, id=7688, stack(0x000000ae69700000,0x000000ae69800000)]
  0x0000027ce889d710 JavaThread "Unconstrained build operations Thread 10" [_thread_blocked, id=5100, stack(0x000000ae69800000,0x000000ae69900000)]
  0x0000027ce889d240 JavaThread "Unconstrained build operations Thread 11" [_thread_blocked, id=8896, stack(0x000000ae69900000,0x000000ae69a00000)]
  0x0000027ce88a2db0 JavaThread "Unconstrained build operations Thread 12" [_thread_blocked, id=10148, stack(0x000000ae69a00000,0x000000ae69b00000)]
  0x0000027ce889e580 JavaThread "Unconstrained build operations Thread 13" [_thread_blocked, id=8788, stack(0x000000ae69b00000,0x000000ae69c00000)]
  0x0000027ce889f8c0 JavaThread "Unconstrained build operations Thread 14" [_thread_blocked, id=3096, stack(0x000000ae69c00000,0x000000ae69d00000)]
  0x0000027ce889fd90 JavaThread "Unconstrained build operations Thread 15" [_thread_blocked, id=8220, stack(0x000000ae69d00000,0x000000ae69e00000)]
  0x0000027ce889b560 JavaThread "Unconstrained build operations Thread 16" [_thread_blocked, id=5472, stack(0x000000ae69e00000,0x000000ae69f00000)]
  0x0000027ce889ba30 JavaThread "Unconstrained build operations Thread 17" [_thread_blocked, id=7092, stack(0x000000ae69f00000,0x000000ae6a000000)]
  0x0000027ce889cd70 JavaThread "Unconstrained build operations Thread 18" [_thread_blocked, id=10500, stack(0x000000ae6a000000,0x000000ae6a100000)]
  0x0000027ce88a2410 JavaThread "Unconstrained build operations Thread 19" [_thread_blocked, id=2044, stack(0x000000ae6a100000,0x000000ae6a200000)]
  0x0000027ce88a0260 JavaThread "Unconstrained build operations Thread 20" [_thread_blocked, id=4056, stack(0x000000ae6a200000,0x000000ae6a300000)]
  0x0000027ce889ef20 JavaThread "Unconstrained build operations Thread 21" [_thread_blocked, id=3044, stack(0x000000ae6a300000,0x000000ae6a400000)]
  0x0000027ce889e0b0 JavaThread "Unconstrained build operations Thread 22" [_thread_blocked, id=8916, stack(0x000000ae6a400000,0x000000ae6a500000)]
  0x0000027ce88a28e0 JavaThread "Unconstrained build operations Thread 23" [_thread_blocked, id=9908, stack(0x000000ae6a500000,0x000000ae6a600000)]
  0x0000027ce889bf00 JavaThread "Unconstrained build operations Thread 24" [_thread_blocked, id=7476, stack(0x000000ae6a600000,0x000000ae6a700000)]
  0x0000027ce88a1a70 JavaThread "Unconstrained build operations Thread 25" [_thread_blocked, id=1628, stack(0x000000ae6a700000,0x000000ae6a800000)]
  0x0000027ce88a0730 JavaThread "Unconstrained build operations Thread 26" [_thread_blocked, id=5812, stack(0x000000ae6a800000,0x000000ae6a900000)]
  0x0000027ce88a1f40 JavaThread "Unconstrained build operations Thread 27" [_thread_blocked, id=540, stack(0x000000ae6a900000,0x000000ae6aa00000)]
  0x0000027ce889c3d0 JavaThread "Unconstrained build operations Thread 28" [_thread_blocked, id=4804, stack(0x000000ae6aa00000,0x000000ae6ab00000)]
  0x0000027ce889ea50 JavaThread "Unconstrained build operations Thread 29" [_thread_blocked, id=524, stack(0x000000ae6ab00000,0x000000ae6ac00000)]
  0x0000027ce889c8a0 JavaThread "Unconstrained build operations Thread 30" [_thread_blocked, id=1500, stack(0x000000ae6ac00000,0x000000ae6ad00000)]
  0x0000027ce88a0c00 JavaThread "Unconstrained build operations Thread 31" [_thread_blocked, id=224, stack(0x000000ae6ad00000,0x000000ae6ae00000)]
  0x0000027ce88a15a0 JavaThread "Unconstrained build operations Thread 32" [_thread_blocked, id=11260, stack(0x000000ae6ae00000,0x000000ae6af00000)]
  0x0000027ce889dbe0 JavaThread "Unconstrained build operations Thread 33" [_thread_blocked, id=4188, stack(0x000000ae6af00000,0x000000ae6b000000)]
  0x0000027ce8c8aae0 JavaThread "Unconstrained build operations Thread 34" [_thread_blocked, id=9488, stack(0x000000ae6b000000,0x000000ae6b100000)]
  0x0000027ce8c897a0 JavaThread "Unconstrained build operations Thread 35" [_thread_blocked, id=8496, stack(0x000000ae6b100000,0x000000ae6b200000)]
  0x0000027ce8c892d0 JavaThread "Unconstrained build operations Thread 36" [_thread_blocked, id=6916, stack(0x000000ae6b200000,0x000000ae6b300000)]
  0x0000027ce8c87ac0 JavaThread "Unconstrained build operations Thread 37" [_thread_blocked, id=3008, stack(0x000000ae6b300000,0x000000ae6b400000)]
  0x0000027ce8c89c70 JavaThread "Unconstrained build operations Thread 38" [_thread_blocked, id=6140, stack(0x000000ae6b400000,0x000000ae6b500000)]
  0x0000027ce8c8a140 JavaThread "Unconstrained build operations Thread 39" [_thread_blocked, id=7132, stack(0x000000ae6b500000,0x000000ae6b600000)]
  0x0000027ce8c8cc90 JavaThread "Unconstrained build operations Thread 40" [_thread_blocked, id=8360, stack(0x000000ae6b600000,0x000000ae6b700000)]
=>0x0000027ce6ac99e0 JavaThread "C2 CompilerThread1" daemon [_thread_in_native, id=8072, stack(0x000000ae6b700000,0x000000ae6b800000)]
  0x0000027ce8c8c7c0 JavaThread "build event listener" [_thread_blocked, id=6800, stack(0x000000ae6b800000,0x000000ae6b900000)]
  0x0000027ce8c85440 JavaThread "Memory manager" [_thread_blocked, id=1980, stack(0x000000ae6b900000,0x000000ae6ba00000)]
  0x0000027ce8c88e00 JavaThread "included builds" [_thread_blocked, id=5660, stack(0x000000ae6ba00000,0x000000ae6bb00000)]
  0x0000027ce8c87120 JavaThread "Execution worker" [_thread_in_Java, id=2900, stack(0x000000ae6bb00000,0x000000ae6bc00000)]
  0x0000027ce8c85910 JavaThread "Execution worker Thread 2" [_thread_blocked, id=4596, stack(0x000000ae6bc00000,0x000000ae6bd00000)]
  0x0000027ce8c862b0 JavaThread "Execution worker Thread 3" [_thread_blocked, id=10868, stack(0x000000ae6bd00000,0x000000ae6be00000)]
  0x0000027ce8c87f90 JavaThread "Cache worker for execution history cache (C:\Users\Pichau\AndroidStudioProjects\Tcc_funcionario\.gradle\8.0\executionHistory)" [_thread_blocked, id=1380, stack(0x000000ae6be00000,0x000000ae6bf00000)]
  0x0000027ce5c5c1c0 JavaThread "WorkerExecutor Queue" [_thread_blocked, id=6640, stack(0x000000ae6bf00000,0x000000ae6c000000)]
  0x0000027ce93eb6f0 JavaThread "WorkerExecutor Queue Thread 2" [_thread_blocked, id=10740, stack(0x000000ae6c000000,0x000000ae6c100000)]
  0x0000027ce93ea3b0 JavaThread "WorkerExecutor Queue Thread 3" [_thread_blocked, id=1312, stack(0x000000ae6c200000,0x000000ae6c300000)]
  0x0000027ce93e7d30 JavaThread "WorkerExecutor Queue Thread 4" [_thread_blocked, id=7896, stack(0x000000ae6c300000,0x000000ae6c400000)]

Other Threads:
  0x0000027ce5c02680 VMThread "VM Thread" [stack: 0x000000ae66400000,0x000000ae66500000] [id=9600]
  0x0000027ce5e0d930 WatcherThread [stack: 0x000000ae67000000,0x000000ae67100000] [id=10736]
  0x0000027ccbb96890 GCTaskThread "GC Thread#0" [stack: 0x000000ae65f00000,0x000000ae66000000] [id=3004]
  0x0000027ce6038fa0 GCTaskThread "GC Thread#1" [stack: 0x000000ae67200000,0x000000ae67300000] [id=6184]
  0x0000027ce647e130 GCTaskThread "GC Thread#2" [stack: 0x000000ae67300000,0x000000ae67400000] [id=1336]
  0x0000027ce647e3e0 GCTaskThread "GC Thread#3" [stack: 0x000000ae67400000,0x000000ae67500000] [id=1764]
  0x0000027ccbba76e0 ConcurrentGCThread "G1 Main Marker" [stack: 0x000000ae66000000,0x000000ae66100000] [id=7752]
  0x0000027ccbba87a0 ConcurrentGCThread "G1 Conc#0" [stack: 0x000000ae66100000,0x000000ae66200000] [id=6020]
  0x0000027ccbc0e790 ConcurrentGCThread "G1 Refine#0" [stack: 0x000000ae66200000,0x000000ae66300000] [id=8652]
  0x0000027cefed8380 ConcurrentGCThread "G1 Refine#1" [stack: 0x000000ae6c100000,0x000000ae6c200000] [id=2604]
  0x0000027ce4f912b0 ConcurrentGCThread "G1 Service" [stack: 0x000000ae66300000,0x000000ae66400000] [id=6424]

Threads with active compile tasks:
C2 CompilerThread0    23758 14646 % !   4       org.apache.xerces.impl.XMLDocumentFragmentScannerImpl$FragmentContentDispatcher::dispatch @ 0 (1128 bytes)
C2 CompilerThread1    23758 14725       4       java.lang.String::split (327 bytes)

VM state: not at safepoint (normal execution)

VM Mutex/Monitor currently owned by a thread: None

Heap address: 0x0000000080000000, size: 2048 MB, Compressed Oops mode: 32-bit

CDS archive(s) not mapped
Compressed class space mapped at: 0x0000000100000000-0x0000000140000000, reserved size: 1073741824
Narrow klass base: 0x0000000000000000, Narrow klass shift: 3, Narrow klass range: 0x140000000

GC Precious Log:
 CPUs: 4 total, 4 available
 Memory: 14264M
 Large Page Support: Disabled
 NUMA Support: Disabled
 Compressed Oops: Enabled (32-bit)
 Heap Region Size: 1M
 Heap Min Capacity: 8M
 Heap Initial Capacity: 224M
 Heap Max Capacity: 2G
 Pre-touch: Disabled
 Parallel Workers: 4
 Concurrent Workers: 1
 Concurrent Refinement Workers: 4
 Periodic GC: Disabled

Heap:
 garbage-first heap   total 347136K, used 183276K [0x0000000080000000, 0x0000000100000000)
  region size 1024K, 77 young (78848K), 2 survivors (2048K)
 Metaspace       used 100801K, committed 101504K, reserved 1138688K
  class space    used 13208K, committed 13568K, reserved 1048576K

Heap Regions: E=young(eden), S=young(survivor), O=old, HS=humongous(starts), HC=humongous(continues), CS=collection set, F=free, OA=open archive, CA=closed archive, TAMS=top-at-mark-start (previous, next)
|   0|0x0000000080000000, 0x0000000080100000, 0x0000000080100000|100%| O|  |TAMS 0x0000000080100000, 0x0000000080000000| Untracked 
|   1|0x0000000080100000, 0x0000000080200000, 0x0000000080200000|100%| O|  |TAMS 0x0000000080200000, 0x0000000080100000| Untracked 
|   2|0x0000000080200000, 0x0000000080300000, 0x0000000080300000|100%|HS|  |TAMS 0x0000000080300000, 0x0000000080200000| Complete 
|   3|0x0000000080300000, 0x0000000080400000, 0x0000000080400000|100%|HC|  |TAMS 0x0000000080400000, 0x0000000080300000| Complete 
|   4|0x0000000080400000, 0x0000000080500000, 0x0000000080500000|100%|HC|  |TAMS 0x0000000080500000, 0x0000000080400000| Complete 
|   5|0x0000000080500000, 0x0000000080600000, 0x0000000080600000|100%|HC|  |TAMS 0x0000000080600000, 0x0000000080500000| Complete 
|   6|0x0000000080600000, 0x0000000080700000, 0x0000000080700000|100%| O|  |TAMS 0x0000000080700000, 0x0000000080600000| Untracked 
|   7|0x0000000080700000, 0x0000000080800000, 0x0000000080800000|100%| O|  |TAMS 0x0000000080800000, 0x0000000080700000| Untracked 
|   8|0x0000000080800000, 0x0000000080900000, 0x0000000080900000|100%| O|  |TAMS 0x0000000080900000, 0x0000000080800000| Untracked 
|   9|0x0000000080900000, 0x0000000080a00000, 0x0000000080a00000|100%| O|  |TAMS 0x0000000080a00000, 0x0000000080900000| Untracked 
|  10|0x0000000080a00000, 0x0000000080b00000, 0x0000000080b00000|100%| O|  |TAMS 0x0000000080b00000, 0x0000000080a00000| Untracked 
|  11|0x0000000080b00000, 0x0000000080c00000, 0x0000000080c00000|100%| O|  |TAMS 0x0000000080c00000, 0x0000000080b00000| Untracked 
|  12|0x0000000080c00000, 0x0000000080d00000, 0x0000000080d00000|100%| O|  |TAMS 0x0000000080d00000, 0x0000000080c00000| Untracked 
|  13|0x0000000080d00000, 0x0000000080e00000, 0x0000000080e00000|100%| O|  |TAMS 0x0000000080e00000, 0x0000000080d00000| Untracked 
|  14|0x0000000080e00000, 0x0000000080f00000, 0x0000000080f00000|100%| O|  |TAMS 0x0000000080f00000, 0x0000000080e00000| Untracked 
|  15|0x0000000080f00000, 0x0000000081000000, 0x0000000081000000|100%| O|  |TAMS 0x0000000081000000, 0x0000000080f00000| Untracked 
|  16|0x0000000081000000, 0x0000000081100000, 0x0000000081100000|100%| O|  |TAMS 0x0000000081100000, 0x0000000081000000| Untracked 
|  17|0x0000000081100000, 0x0000000081200000, 0x0000000081200000|100%| O|  |TAMS 0x0000000081200000, 0x0000000081100000| Untracked 
|  18|0x0000000081200000, 0x0000000081300000, 0x0000000081300000|100%| O|  |TAMS 0x0000000081300000, 0x0000000081200000| Untracked 
|  19|0x0000000081300000, 0x0000000081400000, 0x0000000081400000|100%| O|  |TAMS 0x0000000081400000, 0x0000000081300000| Untracked 
|  20|0x0000000081400000, 0x0000000081500000, 0x0000000081500000|100%| O|  |TAMS 0x0000000081500000, 0x0000000081400000| Untracked 
|  21|0x0000000081500000, 0x0000000081600000, 0x0000000081600000|100%| O|  |TAMS 0x0000000081600000, 0x0000000081500000| Untracked 
|  22|0x0000000081600000, 0x0000000081700000, 0x0000000081700000|100%| O|  |TAMS 0x0000000081700000, 0x0000000081600000| Untracked 
|  23|0x0000000081700000, 0x0000000081800000, 0x0000000081800000|100%| O|  |TAMS 0x0000000081800000, 0x0000000081700000| Untracked 
|  24|0x0000000081800000, 0x0000000081900000, 0x0000000081900000|100%| O|  |TAMS 0x0000000081900000, 0x0000000081800000| Untracked 
|  25|0x0000000081900000, 0x0000000081a00000, 0x0000000081a00000|100%| O|  |TAMS 0x0000000081a00000, 0x0000000081900000| Untracked 
|  26|0x0000000081a00000, 0x0000000081b00000, 0x0000000081b00000|100%| O|  |TAMS 0x0000000081b00000, 0x0000000081a00000| Untracked 
|  27|0x0000000081b00000, 0x0000000081c00000, 0x0000000081c00000|100%| O|  |TAMS 0x0000000081c00000, 0x0000000081b00000| Untracked 
|  28|0x0000000081c00000, 0x0000000081d00000, 0x0000000081d00000|100%| O|  |TAMS 0x0000000081d00000, 0x0000000081c00000| Untracked 
|  29|0x0000000081d00000, 0x0000000081e00000, 0x0000000081e00000|100%| O|  |TAMS 0x0000000081e00000, 0x0000000081d00000| Untracked 
|  30|0x0000000081e00000, 0x0000000081f00000, 0x0000000081f00000|100%| O|  |TAMS 0x0000000081f00000, 0x0000000081e00000| Untracked 
|  31|0x0000000081f00000, 0x0000000082000000, 0x0000000082000000|100%| O|  |TAMS 0x0000000082000000, 0x0000000081f00000| Untracked 
|  32|0x0000000082000000, 0x0000000082100000, 0x0000000082100000|100%| O|  |TAMS 0x0000000082100000, 0x0000000082000000| Untracked 
|  33|0x0000000082100000, 0x0000000082100000, 0x0000000082200000|  0%| F|  |TAMS 0x0000000082100000, 0x0000000082100000| Untracked 
|  34|0x0000000082200000, 0x0000000082300000, 0x0000000082300000|100%| O|  |TAMS 0x0000000082200000, 0x0000000082200000| Untracked 
|  35|0x0000000082300000, 0x0000000082400000, 0x0000000082400000|100%|HS|  |TAMS 0x0000000082400000, 0x0000000082300000| Complete 
|  36|0x0000000082400000, 0x0000000082500000, 0x0000000082500000|100%|HS|  |TAMS 0x0000000082500000, 0x0000000082400000| Complete 
|  37|0x0000000082500000, 0x0000000082600000, 0x0000000082600000|100%| O|  |TAMS 0x0000000082600000, 0x0000000082500000| Untracked 
|  38|0x0000000082600000, 0x0000000082700000, 0x0000000082700000|100%| O|  |TAMS 0x0000000082700000, 0x0000000082600000| Untracked 
|  39|0x0000000082700000, 0x0000000082800000, 0x0000000082800000|100%| O|  |TAMS 0x0000000082800000, 0x0000000082700000| Untracked 
|  40|0x0000000082800000, 0x0000000082900000, 0x0000000082900000|100%| O|  |TAMS 0x0000000082900000, 0x0000000082800000| Untracked 
|  41|0x0000000082900000, 0x0000000082a00000, 0x0000000082a00000|100%| O|  |TAMS 0x0000000082a00000, 0x0000000082900000| Untracked 
|  42|0x0000000082a00000, 0x0000000082b00000, 0x0000000082b00000|100%| O|  |TAMS 0x0000000082b00000, 0x0000000082a00000| Untracked 
|  43|0x0000000082b00000, 0x0000000082c00000, 0x0000000082c00000|100%| O|  |TAMS 0x0000000082c00000, 0x0000000082b00000| Untracked 
|  44|0x0000000082c00000, 0x0000000082d00000, 0x0000000082d00000|100%| O|  |TAMS 0x0000000082d00000, 0x0000000082c00000| Untracked 
|  45|0x0000000082d00000, 0x0000000082e00000, 0x0000000082e00000|100%| O|  |TAMS 0x0000000082e00000, 0x0000000082d00000| Untracked 
|  46|0x0000000082e00000, 0x0000000082f00000, 0x0000000082f00000|100%| O|  |TAMS 0x0000000082f00000, 0x0000000082e00000| Untracked 
|  47|0x0000000082f00000, 0x0000000083000000, 0x0000000083000000|100%| O|  |TAMS 0x0000000083000000, 0x0000000082f00000| Untracked 
|  48|0x0000000083000000, 0x0000000083100000, 0x0000000083100000|100%| O|  |TAMS 0x0000000083100000, 0x0000000083000000| Untracked 
|  49|0x0000000083100000, 0x0000000083200000, 0x0000000083200000|100%| O|  |TAMS 0x0000000083200000, 0x0000000083100000| Untracked 
|  50|0x0000000083200000, 0x0000000083300000, 0x0000000083300000|100%| O|  |TAMS 0x0000000083300000, 0x0000000083200000| Untracked 
|  51|0x0000000083300000, 0x0000000083400000, 0x0000000083400000|100%| O|  |TAMS 0x0000000083400000, 0x0000000083300000| Untracked 
|  52|0x0000000083400000, 0x0000000083500000, 0x0000000083500000|100%| O|  |TAMS 0x0000000083500000, 0x0000000083400000| Untracked 
|  53|0x0000000083500000, 0x0000000083600000, 0x0000000083600000|100%| O|  |TAMS 0x0000000083600000, 0x0000000083500000| Untracked 
|  54|0x0000000083600000, 0x0000000083700000, 0x0000000083700000|100%| O|  |TAMS 0x0000000083700000, 0x0000000083600000| Untracked 
|  55|0x0000000083700000, 0x0000000083800000, 0x0000000083800000|100%| O|  |TAMS 0x0000000083800000, 0x0000000083700000| Untracked 
|  56|0x0000000083800000, 0x0000000083900000, 0x0000000083900000|100%| O|  |TAMS 0x0000000083900000, 0x0000000083800000| Untracked 
|  57|0x0000000083900000, 0x0000000083a00000, 0x0000000083a00000|100%| O|  |TAMS 0x0000000083a00000, 0x0000000083900000| Untracked 
|  58|0x0000000083a00000, 0x0000000083b00000, 0x0000000083b00000|100%| O|  |TAMS 0x0000000083b00000, 0x0000000083a00000| Untracked 
|  59|0x0000000083b00000, 0x0000000083c00000, 0x0000000083c00000|100%| O|  |TAMS 0x0000000083c00000, 0x0000000083b00000| Untracked 
|  60|0x0000000083c00000, 0x0000000083d00000, 0x0000000083d00000|100%| O|  |TAMS 0x0000000083d00000, 0x0000000083c00000| Untracked 
|  61|0x0000000083d00000, 0x0000000083e00000, 0x0000000083e00000|100%| O|  |TAMS 0x0000000083e00000, 0x0000000083d00000| Untracked 
|  62|0x0000000083e00000, 0x0000000083f00000, 0x0000000083f00000|100%| O|  |TAMS 0x0000000083f00000, 0x0000000083e00000| Untracked 
|  63|0x0000000083f00000, 0x0000000084000000, 0x0000000084000000|100%| O|  |TAMS 0x0000000084000000, 0x0000000083f00000| Untracked 
|  64|0x0000000084000000, 0x0000000084100000, 0x0000000084100000|100%| O|  |TAMS 0x0000000084100000, 0x0000000084000000| Untracked 
|  65|0x0000000084100000, 0x0000000084200000, 0x0000000084200000|100%| O|  |TAMS 0x0000000084200000, 0x0000000084100000| Untracked 
|  66|0x0000000084200000, 0x0000000084300000, 0x0000000084300000|100%| O|  |TAMS 0x0000000084300000, 0x0000000084200000| Untracked 
|  67|0x0000000084300000, 0x0000000084400000, 0x0000000084400000|100%| O|  |TAMS 0x0000000084400000, 0x0000000084300000| Untracked 
|  68|0x0000000084400000, 0x0000000084500000, 0x0000000084500000|100%| O|  |TAMS 0x0000000084500000, 0x0000000084400000| Untracked 
|  69|0x0000000084500000, 0x0000000084600000, 0x0000000084600000|100%| O|  |TAMS 0x0000000084600000, 0x0000000084500000| Untracked 
|  70|0x0000000084600000, 0x0000000084700000, 0x0000000084700000|100%| O|  |TAMS 0x0000000084700000, 0x0000000084600000| Untracked 
|  71|0x0000000084700000, 0x0000000084800000, 0x0000000084800000|100%| O|  |TAMS 0x0000000084800000, 0x0000000084700000| Untracked 
|  72|0x0000000084800000, 0x0000000084900000, 0x0000000084900000|100%| O|  |TAMS 0x0000000084900000, 0x0000000084800000| Untracked 
|  73|0x0000000084900000, 0x0000000084a00000, 0x0000000084a00000|100%| O|  |TAMS 0x0000000084a00000, 0x0000000084900000| Untracked 
|  74|0x0000000084a00000, 0x0000000084b00000, 0x0000000084b00000|100%| O|  |TAMS 0x0000000084b00000, 0x0000000084a00000| Untracked 
|  75|0x0000000084b00000, 0x0000000084c00000, 0x0000000084c00000|100%| O|  |TAMS 0x0000000084b00000, 0x0000000084b00000| Untracked 
|  76|0x0000000084c00000, 0x0000000084d00000, 0x0000000084d00000|100%| O|  |TAMS 0x0000000084d00000, 0x0000000084c00000| Untracked 
|  77|0x0000000084d00000, 0x0000000084e00000, 0x0000000084e00000|100%| O|  |TAMS 0x0000000084e00000, 0x0000000084d00000| Untracked 
|  78|0x0000000084e00000, 0x0000000084f00000, 0x0000000084f00000|100%| O|  |TAMS 0x0000000084f00000, 0x0000000084e00000| Untracked 
|  79|0x0000000084f00000, 0x0000000085000000, 0x0000000085000000|100%|HS|  |TAMS 0x0000000085000000, 0x0000000084f00000| Complete 
|  80|0x0000000085000000, 0x0000000085100000, 0x0000000085100000|100%| O|  |TAMS 0x0000000085100000, 0x0000000085000000| Untracked 
|  81|0x0000000085100000, 0x0000000085200000, 0x0000000085200000|100%| O|  |TAMS 0x0000000085200000, 0x0000000085100000| Untracked 
|  82|0x0000000085200000, 0x0000000085300000, 0x0000000085300000|100%| O|  |TAMS 0x0000000085300000, 0x0000000085200000| Untracked 
|  83|0x0000000085300000, 0x0000000085400000, 0x0000000085400000|100%| O|  |TAMS 0x0000000085400000, 0x0000000085300000| Untracked 
|  84|0x0000000085400000, 0x0000000085500000, 0x0000000085500000|100%| O|  |TAMS 0x0000000085500000, 0x0000000085400000| Untracked 
|  85|0x0000000085500000, 0x0000000085600000, 0x0000000085600000|100%| O|  |TAMS 0x0000000085600000, 0x0000000085500000| Untracked 
|  86|0x0000000085600000, 0x0000000085700000, 0x0000000085700000|100%| O|  |TAMS 0x0000000085700000, 0x0000000085600000| Untracked 
|  87|0x0000000085700000, 0x0000000085800000, 0x0000000085800000|100%| O|  |TAMS 0x0000000085800000, 0x0000000085700000| Untracked 
|  88|0x0000000085800000, 0x0000000085900000, 0x0000000085900000|100%| O|  |TAMS 0x0000000085900000, 0x0000000085800000| Untracked 
|  89|0x0000000085900000, 0x0000000085a00000, 0x0000000085a00000|100%| O|  |TAMS 0x0000000085a00000, 0x0000000085900000| Untracked 
|  90|0x0000000085a00000, 0x0000000085b00000, 0x0000000085b00000|100%| O|  |TAMS 0x0000000085b00000, 0x0000000085a00000| Untracked 
|  91|0x0000000085b00000, 0x0000000085c00000, 0x0000000085c00000|100%| O|  |TAMS 0x0000000085c00000, 0x0000000085b00000| Untracked 
|  92|0x0000000085c00000, 0x0000000085d00000, 0x0000000085d00000|100%| O|  |TAMS 0x0000000085d00000, 0x0000000085c00000| Untracked 
|  93|0x0000000085d00000, 0x0000000085e00000, 0x0000000085e00000|100%| O|  |TAMS 0x0000000085e00000, 0x0000000085d00000| Untracked 
|  94|0x0000000085e00000, 0x0000000085f00000, 0x0000000085f00000|100%| O|  |TAMS 0x0000000085f00000, 0x0000000085e00000| Untracked 
|  95|0x0000000085f00000, 0x0000000086000000, 0x0000000086000000|100%| O|  |TAMS 0x0000000086000000, 0x0000000085f00000| Untracked 
|  96|0x0000000086000000, 0x0000000086100000, 0x0000000086100000|100%| O|  |TAMS 0x0000000086100000, 0x0000000086000000| Untracked 
|  97|0x0000000086100000, 0x0000000086200000, 0x0000000086200000|100%| O|  |TAMS 0x0000000086200000, 0x0000000086100000| Untracked 
|  98|0x0000000086200000, 0x0000000086300000, 0x0000000086300000|100%| O|  |TAMS 0x0000000086300000, 0x0000000086200000| Untracked 
|  99|0x0000000086300000, 0x0000000086400000, 0x0000000086400000|100%| O|  |TAMS 0x0000000086400000, 0x0000000086300000| Untracked 
| 100|0x0000000086400000, 0x0000000086500000, 0x0000000086500000|100%| O|  |TAMS 0x0000000086500000, 0x0000000086400000| Untracked 
| 101|0x0000000086500000, 0x0000000086500000, 0x0000000086600000|  0%| F|  |TAMS 0x0000000086500000, 0x0000000086500000| Untracked 
| 102|0x0000000086600000, 0x0000000086700000, 0x0000000086700000|100%| O|  |TAMS 0x0000000086600000, 0x0000000086600000| Untracked 
| 103|0x0000000086700000, 0x0000000086800000, 0x0000000086800000|100%| O|  |TAMS 0x0000000086700000, 0x0000000086700000| Untracked 
| 104|0x0000000086800000, 0x0000000086900000, 0x0000000086900000|100%| O|  |TAMS 0x0000000086800000, 0x0000000086800000| Untracked 
| 105|0x0000000086900000, 0x00000000869fec00, 0x0000000086a00000| 99%| O|  |TAMS 0x0000000086900000, 0x0000000086900000| Untracked 
| 106|0x0000000086a00000, 0x0000000086a00000, 0x0000000086b00000|  0%| F|  |TAMS 0x0000000086a00000, 0x0000000086a00000| Untracked 
| 107|0x0000000086b00000, 0x0000000086b00000, 0x0000000086c00000|  0%| F|  |TAMS 0x0000000086b00000, 0x0000000086b00000| Untracked 
| 108|0x0000000086c00000, 0x0000000086c00000, 0x0000000086d00000|  0%| F|  |TAMS 0x0000000086c00000, 0x0000000086c00000| Untracked 
| 109|0x0000000086d00000, 0x0000000086d00000, 0x0000000086e00000|  0%| F|  |TAMS 0x0000000086d00000, 0x0000000086d00000| Untracked 
| 110|0x0000000086e00000, 0x0000000086e00000, 0x0000000086f00000|  0%| F|  |TAMS 0x0000000086e00000, 0x0000000086e00000| Untracked 
| 111|0x0000000086f00000, 0x0000000086f00000, 0x0000000087000000|  0%| F|  |TAMS 0x0000000086f00000, 0x0000000086f00000| Untracked 
| 112|0x0000000087000000, 0x0000000087000000, 0x0000000087100000|  0%| F|  |TAMS 0x0000000087000000, 0x0000000087000000| Untracked 
| 113|0x0000000087100000, 0x0000000087100000, 0x0000000087200000|  0%| F|  |TAMS 0x0000000087100000, 0x0000000087100000| Untracked 
| 114|0x0000000087200000, 0x0000000087200000, 0x0000000087300000|  0%| F|  |TAMS 0x0000000087200000, 0x0000000087200000| Untracked 
| 115|0x0000000087300000, 0x0000000087300000, 0x0000000087400000|  0%| F|  |TAMS 0x0000000087300000, 0x0000000087300000| Untracked 
| 116|0x0000000087400000, 0x0000000087400000, 0x0000000087500000|  0%| F|  |TAMS 0x0000000087400000, 0x0000000087400000| Untracked 
| 117|0x0000000087500000, 0x0000000087500000, 0x0000000087600000|  0%| F|  |TAMS 0x0000000087500000, 0x0000000087500000| Untracked 
| 118|0x0000000087600000, 0x0000000087600000, 0x0000000087700000|  0%| F|  |TAMS 0x0000000087600000, 0x0000000087600000| Untracked 
| 119|0x0000000087700000, 0x0000000087700000, 0x0000000087800000|  0%| F|  |TAMS 0x0000000087700000, 0x0000000087700000| Untracked 
| 120|0x0000000087800000, 0x0000000087800000, 0x0000000087900000|  0%| F|  |TAMS 0x0000000087800000, 0x0000000087800000| Untracked 
| 121|0x0000000087900000, 0x0000000087900000, 0x0000000087a00000|  0%| F|  |TAMS 0x0000000087900000, 0x0000000087900000| Untracked 
| 122|0x0000000087a00000, 0x0000000087a00000, 0x0000000087b00000|  0%| F|  |TAMS 0x0000000087a00000, 0x0000000087a00000| Untracked 
| 123|0x0000000087b00000, 0x0000000087b00000, 0x0000000087c00000|  0%| F|  |TAMS 0x0000000087b00000, 0x0000000087b00000| Untracked 
| 124|0x0000000087c00000, 0x0000000087c00000, 0x0000000087d00000|  0%| F|  |TAMS 0x0000000087c00000, 0x0000000087c00000| Untracked 
| 125|0x0000000087d00000, 0x0000000087d00000, 0x0000000087e00000|  0%| F|  |TAMS 0x0000000087d00000, 0x0000000087d00000| Untracked 
| 126|0x0000000087e00000, 0x0000000087e00000, 0x0000000087f00000|  0%| F|  |TAMS 0x0000000087e00000, 0x0000000087e00000| Untracked 
| 127|0x0000000087f00000, 0x0000000087f00000, 0x0000000088000000|  0%| F|  |TAMS 0x0000000087f00000, 0x0000000087f00000| Untracked 
| 128|0x0000000088000000, 0x0000000088000000, 0x0000000088100000|  0%| F|  |TAMS 0x0000000088000000, 0x0000000088000000| Untracked 
| 129|0x0000000088100000, 0x0000000088100000, 0x0000000088200000|  0%| F|  |TAMS 0x0000000088100000, 0x0000000088100000| Untracked 
| 130|0x0000000088200000, 0x0000000088200000, 0x0000000088300000|  0%| F|  |TAMS 0x0000000088200000, 0x0000000088200000| Untracked 
| 131|0x0000000088300000, 0x0000000088300000, 0x0000000088400000|  0%| F|  |TAMS 0x0000000088300000, 0x0000000088300000| Untracked 
| 132|0x0000000088400000, 0x0000000088400000, 0x0000000088500000|  0%| F|  |TAMS 0x0000000088400000, 0x0000000088400000| Untracked 
| 133|0x0000000088500000, 0x0000000088500000, 0x0000000088600000|  0%| F|  |TAMS 0x0000000088500000, 0x0000000088500000| Untracked 
| 134|0x0000000088600000, 0x0000000088600000, 0x0000000088700000|  0%| F|  |TAMS 0x0000000088600000, 0x0000000088600000| Untracked 
| 135|0x0000000088700000, 0x0000000088700000, 0x0000000088800000|  0%| F|  |TAMS 0x0000000088700000, 0x0000000088700000| Untracked 
| 136|0x0000000088800000, 0x0000000088800000, 0x0000000088900000|  0%| F|  |TAMS 0x0000000088800000, 0x0000000088800000| Untracked 
| 137|0x0000000088900000, 0x0000000088900000, 0x0000000088a00000|  0%| F|  |TAMS 0x0000000088900000, 0x0000000088900000| Untracked 
| 138|0x0000000088a00000, 0x0000000088a00000, 0x0000000088b00000|  0%| F|  |TAMS 0x0000000088a00000, 0x0000000088a00000| Untracked 
| 139|0x0000000088b00000, 0x0000000088b00000, 0x0000000088c00000|  0%| F|  |TAMS 0x0000000088b00000, 0x0000000088b00000| Untracked 
| 140|0x0000000088c00000, 0x0000000088c00000, 0x0000000088d00000|  0%| F|  |TAMS 0x0000000088c00000, 0x0000000088c00000| Untracked 
| 141|0x0000000088d00000, 0x0000000088d00000, 0x0000000088e00000|  0%| F|  |TAMS 0x0000000088d00000, 0x0000000088d00000| Untracked 
| 142|0x0000000088e00000, 0x0000000088e00000, 0x0000000088f00000|  0%| F|  |TAMS 0x0000000088e00000, 0x0000000088e00000| Untracked 
| 143|0x0000000088f00000, 0x0000000088f00000, 0x0000000089000000|  0%| F|  |TAMS 0x0000000088f00000, 0x0000000088f00000| Untracked 
| 144|0x0000000089000000, 0x0000000089000000, 0x0000000089100000|  0%| F|  |TAMS 0x0000000089000000, 0x0000000089000000| Untracked 
| 145|0x0000000089100000, 0x0000000089100000, 0x0000000089200000|  0%| F|  |TAMS 0x0000000089100000, 0x0000000089100000| Untracked 
| 146|0x0000000089200000, 0x0000000089200000, 0x0000000089300000|  0%| F|  |TAMS 0x0000000089200000, 0x0000000089200000| Untracked 
| 147|0x0000000089300000, 0x0000000089300000, 0x0000000089400000|  0%| F|  |TAMS 0x0000000089300000, 0x0000000089300000| Untracked 
| 148|0x0000000089400000, 0x0000000089400000, 0x0000000089500000|  0%| F|  |TAMS 0x0000000089400000, 0x0000000089400000| Untracked 
| 149|0x0000000089500000, 0x0000000089500000, 0x0000000089600000|  0%| F|  |TAMS 0x0000000089500000, 0x0000000089500000| Untracked 
| 150|0x0000000089600000, 0x0000000089600000, 0x0000000089700000|  0%| F|  |TAMS 0x0000000089600000, 0x0000000089600000| Untracked 
| 151|0x0000000089700000, 0x0000000089700000, 0x0000000089800000|  0%| F|  |TAMS 0x0000000089700000, 0x0000000089700000| Untracked 
| 152|0x0000000089800000, 0x0000000089800000, 0x0000000089900000|  0%| F|  |TAMS 0x0000000089800000, 0x0000000089800000| Untracked 
| 153|0x0000000089900000, 0x0000000089900000, 0x0000000089a00000|  0%| F|  |TAMS 0x0000000089900000, 0x0000000089900000| Untracked 
| 154|0x0000000089a00000, 0x0000000089a00000, 0x0000000089b00000|  0%| F|  |TAMS 0x0000000089a00000, 0x0000000089a00000| Untracked 
| 155|0x0000000089b00000, 0x0000000089b00000, 0x0000000089c00000|  0%| F|  |TAMS 0x0000000089b00000, 0x0000000089b00000| Untracked 
| 156|0x0000000089c00000, 0x0000000089c00000, 0x0000000089d00000|  0%| F|  |TAMS 0x0000000089c00000, 0x0000000089c00000| Untracked 
| 157|0x0000000089d00000, 0x0000000089d00000, 0x0000000089e00000|  0%| F|  |TAMS 0x0000000089d00000, 0x0000000089d00000| Untracked 
| 158|0x0000000089e00000, 0x0000000089e00000, 0x0000000089f00000|  0%| F|  |TAMS 0x0000000089e00000, 0x0000000089e00000| Untracked 
| 159|0x0000000089f00000, 0x0000000089f00000, 0x000000008a000000|  0%| F|  |TAMS 0x0000000089f00000, 0x0000000089f00000| Untracked 
| 160|0x000000008a000000, 0x000000008a000000, 0x000000008a100000|  0%| F|  |TAMS 0x000000008a000000, 0x000000008a000000| Untracked 
| 161|0x000000008a100000, 0x000000008a100000, 0x000000008a200000|  0%| F|  |TAMS 0x000000008a100000, 0x000000008a100000| Untracked 
| 162|0x000000008a200000, 0x000000008a200000, 0x000000008a300000|  0%| F|  |TAMS 0x000000008a200000, 0x000000008a200000| Untracked 
| 163|0x000000008a300000, 0x000000008a300000, 0x000000008a400000|  0%| F|  |TAMS 0x000000008a300000, 0x000000008a300000| Untracked 
| 164|0x000000008a400000, 0x000000008a400000, 0x000000008a500000|  0%| F|  |TAMS 0x000000008a400000, 0x000000008a400000| Untracked 
| 165|0x000000008a500000, 0x000000008a500000, 0x000000008a600000|  0%| F|  |TAMS 0x000000008a500000, 0x000000008a500000| Untracked 
| 166|0x000000008a600000, 0x000000008a600000, 0x000000008a700000|  0%| F|  |TAMS 0x000000008a600000, 0x000000008a600000| Untracked 
| 167|0x000000008a700000, 0x000000008a700000, 0x000000008a800000|  0%| F|  |TAMS 0x000000008a700000, 0x000000008a700000| Untracked 
| 168|0x000000008a800000, 0x000000008a800000, 0x000000008a900000|  0%| F|  |TAMS 0x000000008a800000, 0x000000008a800000| Untracked 
| 169|0x000000008a900000, 0x000000008a900000, 0x000000008aa00000|  0%| F|  |TAMS 0x000000008a900000, 0x000000008a900000| Untracked 
| 170|0x000000008aa00000, 0x000000008aa00000, 0x000000008ab00000|  0%| F|  |TAMS 0x000000008aa00000, 0x000000008aa00000| Untracked 
| 171|0x000000008ab00000, 0x000000008ab00000, 0x000000008ac00000|  0%| F|  |TAMS 0x000000008ab00000, 0x000000008ab00000| Untracked 
| 172|0x000000008ac00000, 0x000000008ac00000, 0x000000008ad00000|  0%| F|  |TAMS 0x000000008ac00000, 0x000000008ac00000| Untracked 
| 173|0x000000008ad00000, 0x000000008ad00000, 0x000000008ae00000|  0%| F|  |TAMS 0x000000008ad00000, 0x000000008ad00000| Untracked 
| 174|0x000000008ae00000, 0x000000008ae00000, 0x000000008af00000|  0%| F|  |TAMS 0x000000008ae00000, 0x000000008ae00000| Untracked 
| 175|0x000000008af00000, 0x000000008af00000, 0x000000008b000000|  0%| F|  |TAMS 0x000000008af00000, 0x000000008af00000| Untracked 
| 176|0x000000008b000000, 0x000000008b000000, 0x000000008b100000|  0%| F|  |TAMS 0x000000008b000000, 0x000000008b000000| Untracked 
| 177|0x000000008b100000, 0x000000008b100000, 0x000000008b200000|  0%| F|  |TAMS 0x000000008b100000, 0x000000008b100000| Untracked 
| 178|0x000000008b200000, 0x000000008b200000, 0x000000008b300000|  0%| F|  |TAMS 0x000000008b200000, 0x000000008b200000| Untracked 
| 179|0x000000008b300000, 0x000000008b300000, 0x000000008b400000|  0%| F|  |TAMS 0x000000008b300000, 0x000000008b300000| Untracked 
| 180|0x000000008b400000, 0x000000008b400000, 0x000000008b500000|  0%| F|  |TAMS 0x000000008b400000, 0x000000008b400000| Untracked 
| 181|0x000000008b500000, 0x000000008b500000, 0x000000008b600000|  0%| F|  |TAMS 0x000000008b500000, 0x000000008b500000| Untracked 
| 182|0x000000008b600000, 0x000000008b600000, 0x000000008b700000|  0%| F|  |TAMS 0x000000008b600000, 0x000000008b600000| Untracked 
| 183|0x000000008b700000, 0x000000008b700000, 0x000000008b800000|  0%| F|  |TAMS 0x000000008b700000, 0x000000008b700000| Untracked 
| 184|0x000000008b800000, 0x000000008b800000, 0x000000008b900000|  0%| F|  |TAMS 0x000000008b800000, 0x000000008b800000| Untracked 
| 185|0x000000008b900000, 0x000000008b900000, 0x000000008ba00000|  0%| F|  |TAMS 0x000000008b900000, 0x000000008b900000| Untracked 
| 186|0x000000008ba00000, 0x000000008ba00000, 0x000000008bb00000|  0%| F|  |TAMS 0x000000008ba00000, 0x000000008ba00000| Untracked 
| 187|0x000000008bb00000, 0x000000008bb00000, 0x000000008bc00000|  0%| F|  |TAMS 0x000000008bb00000, 0x000000008bb00000| Untracked 
| 188|0x000000008bc00000, 0x000000008bc00000, 0x000000008bd00000|  0%| F|  |TAMS 0x000000008bc00000, 0x000000008bc00000| Untracked 
| 189|0x000000008bd00000, 0x000000008bd00000, 0x000000008be00000|  0%| F|  |TAMS 0x000000008bd00000, 0x000000008bd00000| Untracked 
| 190|0x000000008be00000, 0x000000008be00000, 0x000000008bf00000|  0%| F|  |TAMS 0x000000008be00000, 0x000000008be00000| Untracked 
| 191|0x000000008bf00000, 0x000000008bffc540, 0x000000008c000000| 98%| S|CS|TAMS 0x000000008bf00000, 0x000000008bf00000| Complete 
| 192|0x000000008c000000, 0x000000008c100000, 0x000000008c100000|100%| S|CS|TAMS 0x000000008c000000, 0x000000008c000000| Complete 
| 193|0x000000008c100000, 0x000000008c100000, 0x000000008c200000|  0%| F|  |TAMS 0x000000008c100000, 0x000000008c100000| Untracked 
| 194|0x000000008c200000, 0x000000008c200000, 0x000000008c300000|  0%| F|  |TAMS 0x000000008c200000, 0x000000008c200000| Untracked 
| 195|0x000000008c300000, 0x000000008c300000, 0x000000008c400000|  0%| F|  |TAMS 0x000000008c300000, 0x000000008c300000| Untracked 
| 196|0x000000008c400000, 0x000000008c400000, 0x000000008c500000|  0%| F|  |TAMS 0x000000008c400000, 0x000000008c400000| Untracked 
| 197|0x000000008c500000, 0x000000008c500000, 0x000000008c600000|  0%| F|  |TAMS 0x000000008c500000, 0x000000008c500000| Untracked 
| 198|0x000000008c600000, 0x000000008c600000, 0x000000008c700000|  0%| F|  |TAMS 0x000000008c600000, 0x000000008c600000| Untracked 
| 199|0x000000008c700000, 0x000000008c700000, 0x000000008c800000|  0%| F|  |TAMS 0x000000008c700000, 0x000000008c700000| Untracked 
| 200|0x000000008c800000, 0x000000008c800000, 0x000000008c900000|  0%| F|  |TAMS 0x000000008c800000, 0x000000008c800000| Untracked 
| 201|0x000000008c900000, 0x000000008c900000, 0x000000008ca00000|  0%| F|  |TAMS 0x000000008c900000, 0x000000008c900000| Untracked 
| 202|0x000000008ca00000, 0x000000008ca00000, 0x000000008cb00000|  0%| F|  |TAMS 0x000000008ca00000, 0x000000008ca00000| Untracked 
| 203|0x000000008cb00000, 0x000000008cb00000, 0x000000008cc00000|  0%| F|  |TAMS 0x000000008cb00000, 0x000000008cb00000| Untracked 
| 204|0x000000008cc00000, 0x000000008cc00000, 0x000000008cd00000|  0%| F|  |TAMS 0x000000008cc00000, 0x000000008cc00000| Untracked 
| 205|0x000000008cd00000, 0x000000008cd00000, 0x000000008ce00000|  0%| F|  |TAMS 0x000000008cd00000, 0x000000008cd00000| Untracked 
| 206|0x000000008ce00000, 0x000000008ce00000, 0x000000008cf00000|  0%| F|  |TAMS 0x000000008ce00000, 0x000000008ce00000| Untracked 
| 207|0x000000008cf00000, 0x000000008cf00000, 0x000000008d000000|  0%| F|  |TAMS 0x000000008cf00000, 0x000000008cf00000| Untracked 
| 208|0x000000008d000000, 0x000000008d000000, 0x000000008d100000|  0%| F|  |TAMS 0x000000008d000000, 0x000000008d000000| Untracked 
| 209|0x000000008d100000, 0x000000008d100000, 0x000000008d200000|  0%| F|  |TAMS 0x000000008d100000, 0x000000008d100000| Untracked 
| 210|0x000000008d200000, 0x000000008d200000, 0x000000008d300000|  0%| F|  |TAMS 0x000000008d200000, 0x000000008d200000| Untracked 
| 211|0x000000008d300000, 0x000000008d300000, 0x000000008d400000|  0%| F|  |TAMS 0x000000008d300000, 0x000000008d300000| Untracked 
| 212|0x000000008d400000, 0x000000008d400000, 0x000000008d500000|  0%| F|  |TAMS 0x000000008d400000, 0x000000008d400000| Untracked 
| 213|0x000000008d500000, 0x000000008d500000, 0x000000008d600000|  0%| F|  |TAMS 0x000000008d500000, 0x000000008d500000| Untracked 
| 214|0x000000008d600000, 0x000000008d600000, 0x000000008d700000|  0%| F|  |TAMS 0x000000008d600000, 0x000000008d600000| Untracked 
| 215|0x000000008d700000, 0x000000008d700000, 0x000000008d800000|  0%| F|  |TAMS 0x000000008d700000, 0x000000008d700000| Untracked 
| 216|0x000000008d800000, 0x000000008d800000, 0x000000008d900000|  0%| F|  |TAMS 0x000000008d800000, 0x000000008d800000| Untracked 
| 217|0x000000008d900000, 0x000000008d900000, 0x000000008da00000|  0%| F|  |TAMS 0x000000008d900000, 0x000000008d900000| Untracked 
| 218|0x000000008da00000, 0x000000008da00000, 0x000000008db00000|  0%| F|  |TAMS 0x000000008da00000, 0x000000008da00000| Untracked 
| 219|0x000000008db00000, 0x000000008db00000, 0x000000008dc00000|  0%| F|  |TAMS 0x000000008db00000, 0x000000008db00000| Untracked 
| 220|0x000000008dc00000, 0x000000008dc00000, 0x000000008dd00000|  0%| F|  |TAMS 0x000000008dc00000, 0x000000008dc00000| Untracked 
| 221|0x000000008dd00000, 0x000000008dd00000, 0x000000008de00000|  0%| F|  |TAMS 0x000000008dd00000, 0x000000008dd00000| Untracked 
| 222|0x000000008de00000, 0x000000008de00000, 0x000000008df00000|  0%| F|  |TAMS 0x000000008de00000, 0x000000008de00000| Untracked 
| 223|0x000000008df00000, 0x000000008df00000, 0x000000008e000000|  0%| F|  |TAMS 0x000000008df00000, 0x000000008df00000| Untracked 
| 224|0x000000008e000000, 0x000000008e000000, 0x000000008e100000|  0%| F|  |TAMS 0x000000008e000000, 0x000000008e000000| Untracked 
| 225|0x000000008e100000, 0x000000008e100000, 0x000000008e200000|  0%| F|  |TAMS 0x000000008e100000, 0x000000008e100000| Untracked 
| 226|0x000000008e200000, 0x000000008e200000, 0x000000008e300000|  0%| F|  |TAMS 0x000000008e200000, 0x000000008e200000| Untracked 
| 227|0x000000008e300000, 0x000000008e300000, 0x000000008e400000|  0%| F|  |TAMS 0x000000008e300000, 0x000000008e300000| Untracked 
| 228|0x000000008e400000, 0x000000008e400000, 0x000000008e500000|  0%| F|  |TAMS 0x000000008e400000, 0x000000008e400000| Untracked 
| 229|0x000000008e500000, 0x000000008e500000, 0x000000008e600000|  0%| F|  |TAMS 0x000000008e500000, 0x000000008e500000| Untracked 
| 230|0x000000008e600000, 0x000000008e600000, 0x000000008e700000|  0%| F|  |TAMS 0x000000008e600000, 0x000000008e600000| Untracked 
| 231|0x000000008e700000, 0x000000008e700000, 0x000000008e800000|  0%| F|  |TAMS 0x000000008e700000, 0x000000008e700000| Untracked 
| 232|0x000000008e800000, 0x000000008e800000, 0x000000008e900000|  0%| F|  |TAMS 0x000000008e800000, 0x000000008e800000| Untracked 
| 233|0x000000008e900000, 0x000000008e900000, 0x000000008ea00000|  0%| F|  |TAMS 0x000000008e900000, 0x000000008e900000| Untracked 
| 234|0x000000008ea00000, 0x000000008ea00000, 0x000000008eb00000|  0%| F|  |TAMS 0x000000008ea00000, 0x000000008ea00000| Untracked 
| 235|0x000000008eb00000, 0x000000008eb00000, 0x000000008ec00000|  0%| F|  |TAMS 0x000000008eb00000, 0x000000008eb00000| Untracked 
| 236|0x000000008ec00000, 0x000000008ec00000, 0x000000008ed00000|  0%| F|  |TAMS 0x000000008ec00000, 0x000000008ec00000| Untracked 
| 237|0x000000008ed00000, 0x000000008ed00000, 0x000000008ee00000|  0%| F|  |TAMS 0x000000008ed00000, 0x000000008ed00000| Untracked 
| 238|0x000000008ee00000, 0x000000008ee00000, 0x000000008ef00000|  0%| F|  |TAMS 0x000000008ee00000, 0x000000008ee00000| Untracked 
| 239|0x000000008ef00000, 0x000000008ef00000, 0x000000008f000000|  0%| F|  |TAMS 0x000000008ef00000, 0x000000008ef00000| Untracked 
| 240|0x000000008f000000, 0x000000008f000000, 0x000000008f100000|  0%| F|  |TAMS 0x000000008f000000, 0x000000008f000000| Untracked 
| 241|0x000000008f100000, 0x000000008f100000, 0x000000008f200000|  0%| F|  |TAMS 0x000000008f100000, 0x000000008f100000| Untracked 
| 242|0x000000008f200000, 0x000000008f200000, 0x000000008f300000|  0%| F|  |TAMS 0x000000008f200000, 0x000000008f200000| Untracked 
| 243|0x000000008f300000, 0x000000008f300000, 0x000000008f400000|  0%| F|  |TAMS 0x000000008f300000, 0x000000008f300000| Untracked 
| 244|0x000000008f400000, 0x000000008f400000, 0x000000008f500000|  0%| F|  |TAMS 0x000000008f400000, 0x000000008f400000| Untracked 
| 245|0x000000008f500000, 0x000000008f500000, 0x000000008f600000|  0%| F|  |TAMS 0x000000008f500000, 0x000000008f500000| Untracked 
| 246|0x000000008f600000, 0x000000008f600000, 0x000000008f700000|  0%| F|  |TAMS 0x000000008f600000, 0x000000008f600000| Untracked 
| 247|0x000000008f700000, 0x000000008f700000, 0x000000008f800000|  0%| F|  |TAMS 0x000000008f700000, 0x000000008f700000| Untracked 
| 248|0x000000008f800000, 0x000000008f800000, 0x000000008f900000|  0%| F|  |TAMS 0x000000008f800000, 0x000000008f800000| Untracked 
| 249|0x000000008f900000, 0x000000008f900000, 0x000000008fa00000|  0%| F|  |TAMS 0x000000008f900000, 0x000000008f900000| Untracked 
| 250|0x000000008fa00000, 0x000000008fa00000, 0x000000008fb00000|  0%| F|  |TAMS 0x000000008fa00000, 0x000000008fa00000| Untracked 
| 251|0x000000008fb00000, 0x000000008fb00000, 0x000000008fc00000|  0%| F|  |TAMS 0x000000008fb00000, 0x000000008fb00000| Untracked 
| 252|0x000000008fc00000, 0x000000008fc00000, 0x000000008fd00000|  0%| F|  |TAMS 0x000000008fc00000, 0x000000008fc00000| Untracked 
| 253|0x000000008fd00000, 0x000000008fd00000, 0x000000008fe00000|  0%| F|  |TAMS 0x000000008fd00000, 0x000000008fd00000| Untracked 
| 254|0x000000008fe00000, 0x000000008fe00000, 0x000000008ff00000|  0%| F|  |TAMS 0x000000008fe00000, 0x000000008fe00000| Untracked 
| 255|0x000000008ff00000, 0x000000008ff00000, 0x0000000090000000|  0%| F|  |TAMS 0x000000008ff00000, 0x000000008ff00000| Untracked 
| 256|0x0000000090000000, 0x0000000090000000, 0x0000000090100000|  0%| F|  |TAMS 0x0000000090000000, 0x0000000090000000| Untracked 
| 257|0x0000000090100000, 0x0000000090100000, 0x0000000090200000|  0%| F|  |TAMS 0x0000000090100000, 0x0000000090100000| Untracked 
| 258|0x0000000090200000, 0x0000000090200000, 0x0000000090300000|  0%| F|  |TAMS 0x0000000090200000, 0x0000000090200000| Untracked 
| 259|0x0000000090300000, 0x0000000090300000, 0x0000000090400000|  0%| F|  |TAMS 0x0000000090300000, 0x0000000090300000| Untracked 
| 260|0x0000000090400000, 0x0000000090400000, 0x0000000090500000|  0%| F|  |TAMS 0x0000000090400000, 0x0000000090400000| Untracked 
| 261|0x0000000090500000, 0x0000000090500000, 0x0000000090600000|  0%| F|  |TAMS 0x0000000090500000, 0x0000000090500000| Untracked 
| 262|0x0000000090600000, 0x0000000090600000, 0x0000000090700000|  0%| F|  |TAMS 0x0000000090600000, 0x0000000090600000| Untracked 
| 263|0x0000000090700000, 0x0000000090791528, 0x0000000090800000| 56%| E|  |TAMS 0x0000000090700000, 0x0000000090700000| Complete 
| 264|0x0000000090800000, 0x0000000090900000, 0x0000000090900000|100%| E|CS|TAMS 0x0000000090800000, 0x0000000090800000| Complete 
| 265|0x0000000090900000, 0x0000000090a00000, 0x0000000090a00000|100%| E|CS|TAMS 0x0000000090900000, 0x0000000090900000| Complete 
| 266|0x0000000090a00000, 0x0000000090b00000, 0x0000000090b00000|100%| E|CS|TAMS 0x0000000090a00000, 0x0000000090a00000| Complete 
| 267|0x0000000090b00000, 0x0000000090c00000, 0x0000000090c00000|100%| E|CS|TAMS 0x0000000090b00000, 0x0000000090b00000| Complete 
| 268|0x0000000090c00000, 0x0000000090d00000, 0x0000000090d00000|100%| E|CS|TAMS 0x0000000090c00000, 0x0000000090c00000| Complete 
| 269|0x0000000090d00000, 0x0000000090e00000, 0x0000000090e00000|100%| E|  |TAMS 0x0000000090d00000, 0x0000000090d00000| Complete 
| 270|0x0000000090e00000, 0x0000000090f00000, 0x0000000090f00000|100%| E|CS|TAMS 0x0000000090e00000, 0x0000000090e00000| Complete 
| 271|0x0000000090f00000, 0x0000000091000000, 0x0000000091000000|100%| E|CS|TAMS 0x0000000090f00000, 0x0000000090f00000| Complete 
| 272|0x0000000091000000, 0x0000000091100000, 0x0000000091100000|100%| E|CS|TAMS 0x0000000091000000, 0x0000000091000000| Complete 
| 273|0x0000000091100000, 0x0000000091200000, 0x0000000091200000|100%| E|CS|TAMS 0x0000000091100000, 0x0000000091100000| Complete 
| 274|0x0000000091200000, 0x0000000091300000, 0x0000000091300000|100%| E|CS|TAMS 0x0000000091200000, 0x0000000091200000| Complete 
| 275|0x0000000091300000, 0x0000000091400000, 0x0000000091400000|100%| E|CS|TAMS 0x0000000091300000, 0x0000000091300000| Complete 
| 276|0x0000000091400000, 0x0000000091500000, 0x0000000091500000|100%| E|CS|TAMS 0x0000000091400000, 0x0000000091400000| Complete 
| 277|0x0000000091500000, 0x0000000091600000, 0x0000000091600000|100%| E|CS|TAMS 0x0000000091500000, 0x0000000091500000| Complete 
| 278|0x0000000091600000, 0x0000000091700000, 0x0000000091700000|100%| E|CS|TAMS 0x0000000091600000, 0x0000000091600000| Complete 
| 279|0x0000000091700000, 0x0000000091800000, 0x0000000091800000|100%| E|CS|TAMS 0x0000000091700000, 0x0000000091700000| Complete 
| 280|0x0000000091800000, 0x0000000091900000, 0x0000000091900000|100%| E|CS|TAMS 0x0000000091800000, 0x0000000091800000| Complete 
| 281|0x0000000091900000, 0x0000000091a00000, 0x0000000091a00000|100%| E|CS|TAMS 0x0000000091900000, 0x0000000091900000| Complete 
| 282|0x0000000091a00000, 0x0000000091b00000, 0x0000000091b00000|100%| E|CS|TAMS 0x0000000091a00000, 0x0000000091a00000| Complete 
| 283|0x0000000091b00000, 0x0000000091c00000, 0x0000000091c00000|100%| E|CS|TAMS 0x0000000091b00000, 0x0000000091b00000| Complete 
| 284|0x0000000091c00000, 0x0000000091d00000, 0x0000000091d00000|100%| E|CS|TAMS 0x0000000091c00000, 0x0000000091c00000| Complete 
| 285|0x0000000091d00000, 0x0000000091e00000, 0x0000000091e00000|100%| E|CS|TAMS 0x0000000091d00000, 0x0000000091d00000| Complete 
| 286|0x0000000091e00000, 0x0000000091f00000, 0x0000000091f00000|100%| E|CS|TAMS 0x0000000091e00000, 0x0000000091e00000| Complete 
| 287|0x0000000091f00000, 0x0000000092000000, 0x0000000092000000|100%| E|CS|TAMS 0x0000000091f00000, 0x0000000091f00000| Complete 
| 288|0x0000000092000000, 0x0000000092100000, 0x0000000092100000|100%| E|CS|TAMS 0x0000000092000000, 0x0000000092000000| Complete 
| 289|0x0000000092100000, 0x0000000092200000, 0x0000000092200000|100%| E|CS|TAMS 0x0000000092100000, 0x0000000092100000| Complete 
| 290|0x0000000092200000, 0x0000000092300000, 0x0000000092300000|100%| E|CS|TAMS 0x0000000092200000, 0x0000000092200000| Complete 
| 291|0x0000000092300000, 0x0000000092400000, 0x0000000092400000|100%| E|CS|TAMS 0x0000000092300000, 0x0000000092300000| Complete 
| 292|0x0000000092400000, 0x0000000092500000, 0x0000000092500000|100%| E|CS|TAMS 0x0000000092400000, 0x0000000092400000| Complete 
| 293|0x0000000092500000, 0x0000000092600000, 0x0000000092600000|100%| E|CS|TAMS 0x0000000092500000, 0x0000000092500000| Complete 
| 294|0x0000000092600000, 0x0000000092700000, 0x0000000092700000|100%| E|CS|TAMS 0x0000000092600000, 0x0000000092600000| Complete 
| 295|0x0000000092700000, 0x0000000092800000, 0x0000000092800000|100%| E|CS|TAMS 0x0000000092700000, 0x0000000092700000| Complete 
| 296|0x0000000092800000, 0x0000000092900000, 0x0000000092900000|100%| E|CS|TAMS 0x0000000092800000, 0x0000000092800000| Complete 
| 297|0x0000000092900000, 0x0000000092a00000, 0x0000000092a00000|100%| E|CS|TAMS 0x0000000092900000, 0x0000000092900000| Complete 
| 298|0x0000000092a00000, 0x0000000092b00000, 0x0000000092b00000|100%| E|CS|TAMS 0x0000000092a00000, 0x0000000092a00000| Complete 
| 299|0x0000000092b00000, 0x0000000092c00000, 0x0000000092c00000|100%| E|CS|TAMS 0x0000000092b00000, 0x0000000092b00000| Complete 
| 300|0x0000000092c00000, 0x0000000092d00000, 0x0000000092d00000|100%| E|CS|TAMS 0x0000000092c00000, 0x0000000092c00000| Complete 
| 301|0x0000000092d00000, 0x0000000092e00000, 0x0000000092e00000|100%| E|CS|TAMS 0x0000000092d00000, 0x0000000092d00000| Complete 
| 302|0x0000000092e00000, 0x0000000092f00000, 0x0000000092f00000|100%| E|CS|TAMS 0x0000000092e00000, 0x0000000092e00000| Complete 
| 303|0x0000000092f00000, 0x0000000093000000, 0x0000000093000000|100%| E|CS|TAMS 0x0000000092f00000, 0x0000000092f00000| Complete 
| 304|0x0000000093000000, 0x0000000093100000, 0x0000000093100000|100%| E|CS|TAMS 0x0000000093000000, 0x0000000093000000| Complete 
| 305|0x0000000093100000, 0x0000000093200000, 0x0000000093200000|100%| E|CS|TAMS 0x0000000093100000, 0x0000000093100000| Complete 
| 306|0x0000000093200000, 0x0000000093300000, 0x0000000093300000|100%| E|CS|TAMS 0x0000000093200000, 0x0000000093200000| Complete 
| 307|0x0000000093300000, 0x0000000093400000, 0x0000000093400000|100%| E|CS|TAMS 0x0000000093300000, 0x0000000093300000| Complete 
| 308|0x0000000093400000, 0x0000000093500000, 0x0000000093500000|100%| E|CS|TAMS 0x0000000093400000, 0x0000000093400000| Complete 
| 309|0x0000000093500000, 0x0000000093600000, 0x0000000093600000|100%| E|CS|TAMS 0x0000000093500000, 0x0000000093500000| Complete 
| 310|0x0000000093600000, 0x0000000093700000, 0x0000000093700000|100%| E|CS|TAMS 0x0000000093600000, 0x0000000093600000| Complete 
| 311|0x0000000093700000, 0x0000000093800000, 0x0000000093800000|100%| E|CS|TAMS 0x0000000093700000, 0x0000000093700000| Complete 
| 312|0x0000000093800000, 0x0000000093900000, 0x0000000093900000|100%| E|CS|TAMS 0x0000000093800000, 0x0000000093800000| Complete 
| 313|0x0000000093900000, 0x0000000093a00000, 0x0000000093a00000|100%| E|CS|TAMS 0x0000000093900000, 0x0000000093900000| Complete 
| 314|0x0000000093a00000, 0x0000000093b00000, 0x0000000093b00000|100%| E|CS|TAMS 0x0000000093a00000, 0x0000000093a00000| Complete 
| 315|0x0000000093b00000, 0x0000000093c00000, 0x0000000093c00000|100%| E|CS|TAMS 0x0000000093b00000, 0x0000000093b00000| Complete 
| 316|0x0000000093c00000, 0x0000000093d00000, 0x0000000093d00000|100%| E|CS|TAMS 0x0000000093c00000, 0x0000000093c00000| Complete 
| 317|0x0000000093d00000, 0x0000000093e00000, 0x0000000093e00000|100%| E|CS|TAMS 0x0000000093d00000, 0x0000000093d00000| Complete 
| 318|0x0000000093e00000, 0x0000000093f00000, 0x0000000093f00000|100%| E|CS|TAMS 0x0000000093e00000, 0x0000000093e00000| Complete 
| 319|0x0000000093f00000, 0x0000000094000000, 0x0000000094000000|100%| E|CS|TAMS 0x0000000093f00000, 0x0000000093f00000| Complete 
| 320|0x0000000094000000, 0x0000000094100000, 0x0000000094100000|100%| E|CS|TAMS 0x0000000094000000, 0x0000000094000000| Complete 
| 321|0x0000000094100000, 0x0000000094200000, 0x0000000094200000|100%| E|CS|TAMS 0x0000000094100000, 0x0000000094100000| Complete 
| 322|0x0000000094200000, 0x0000000094300000, 0x0000000094300000|100%| E|CS|TAMS 0x0000000094200000, 0x0000000094200000| Complete 
| 323|0x0000000094300000, 0x0000000094400000, 0x0000000094400000|100%| E|CS|TAMS 0x0000000094300000, 0x0000000094300000| Complete 
| 324|0x0000000094400000, 0x0000000094500000, 0x0000000094500000|100%| E|CS|TAMS 0x0000000094400000, 0x0000000094400000| Complete 
| 325|0x0000000094500000, 0x0000000094600000, 0x0000000094600000|100%| E|CS|TAMS 0x0000000094500000, 0x0000000094500000| Complete 
| 326|0x0000000094600000, 0x0000000094700000, 0x0000000094700000|100%| E|CS|TAMS 0x0000000094600000, 0x0000000094600000| Complete 
| 327|0x0000000094700000, 0x0000000094800000, 0x0000000094800000|100%| E|CS|TAMS 0x0000000094700000, 0x0000000094700000| Complete 
| 328|0x0000000094800000, 0x0000000094900000, 0x0000000094900000|100%| E|CS|TAMS 0x0000000094800000, 0x0000000094800000| Complete 
| 329|0x0000000094900000, 0x0000000094a00000, 0x0000000094a00000|100%| E|CS|TAMS 0x0000000094900000, 0x0000000094900000| Complete 
| 330|0x0000000094a00000, 0x0000000094b00000, 0x0000000094b00000|100%| E|CS|TAMS 0x0000000094a00000, 0x0000000094a00000| Complete 
| 331|0x0000000094b00000, 0x0000000094c00000, 0x0000000094c00000|100%| E|CS|TAMS 0x0000000094b00000, 0x0000000094b00000| Complete 
| 332|0x0000000094c00000, 0x0000000094d00000, 0x0000000094d00000|100%| E|CS|TAMS 0x0000000094c00000, 0x0000000094c00000| Complete 
| 333|0x0000000094d00000, 0x0000000094e00000, 0x0000000094e00000|100%| E|CS|TAMS 0x0000000094d00000, 0x0000000094d00000| Complete 
| 334|0x0000000094e00000, 0x0000000094f00000, 0x0000000094f00000|100%| E|CS|TAMS 0x0000000094e00000, 0x0000000094e00000| Complete 
| 335|0x0000000094f00000, 0x0000000095000000, 0x0000000095000000|100%| E|CS|TAMS 0x0000000094f00000, 0x0000000094f00000| Complete 
| 336|0x0000000095000000, 0x0000000095100000, 0x0000000095100000|100%| E|CS|TAMS 0x0000000095000000, 0x0000000095000000| Complete 
| 337|0x0000000095100000, 0x0000000095200000, 0x0000000095200000|100%| E|CS|TAMS 0x0000000095100000, 0x0000000095100000| Complete 
| 338|0x0000000095200000, 0x0000000095300000, 0x0000000095300000|100%| E|CS|TAMS 0x0000000095200000, 0x0000000095200000| Complete 

Card table byte_map: [0x0000027cde410000,0x0000027cde810000] _byte_map_base: 0x0000027cde010000

Marking Bits (Prev, Next): (CMBitMap*) 0x0000027ccbb96df0, (CMBitMap*) 0x0000027ccbb96db0
 Prev Bits: [0x0000027ce0c10000, 0x0000027ce2c10000)
 Next Bits: [0x0000027cdec10000, 0x0000027ce0c10000)

Polling page: 0x0000027ccb310000

Metaspace:

Usage:
  Non-class:     85.54 MB used.
      Class:     12.90 MB used.
       Both:     98.44 MB used.

Virtual space:
  Non-class space:       88.00 MB reserved,      85.88 MB ( 98%) committed,  11 nodes.
      Class space:        1.00 GB reserved,      13.25 MB (  1%) committed,  1 nodes.
             Both:        1.09 GB reserved,      99.12 MB (  9%) committed. 

Chunk freelists:
   Non-Class:  1.51 MB
       Class:  2.79 MB
        Both:  4.29 MB

MaxMetaspaceSize: unlimited
CompressedClassSpaceSize: 1.00 GB
Initial GC threshold: 21.00 MB
Current GC threshold: 148.75 MB
CDS: off
MetaspaceReclaimPolicy: balanced
 - commit_granule_bytes: 65536.
 - commit_granule_words: 8192.
 - virtual_space_node_default_size: 1048576.
 - enlarge_chunks_in_place: 1.
 - new_chunks_are_fully_committed: 0.
 - uncommit_free_chunks: 1.
 - use_allocation_guard: 0.
 - handle_deallocations: 1.


Internal statistics:

num_allocs_failed_limit: 6.
num_arena_births: 1094.
num_arena_deaths: 0.
num_vsnodes_births: 12.
num_vsnodes_deaths: 0.
num_space_committed: 1585.
num_space_uncommitted: 0.
num_chunks_returned_to_freelist: 6.
num_chunks_taken_from_freelist: 4800.
num_chunk_merges: 6.
num_chunk_splits: 3172.
num_chunks_enlarged: 2095.
num_purges: 0.
num_inconsistent_stats: 0.

CodeHeap 'non-profiled nmethods': size=120000Kb used=8715Kb max_used=8715Kb free=111285Kb
 bounds [0x0000027cd6ae0000, 0x0000027cd7370000, 0x0000027cde010000]
CodeHeap 'profiled nmethods': size=120000Kb used=25039Kb max_used=25039Kb free=94960Kb
 bounds [0x0000027ccf010000, 0x0000027cd0890000, 0x0000027cd6540000]
CodeHeap 'non-nmethods': size=5760Kb used=2393Kb max_used=2449Kb free=3366Kb
 bounds [0x0000027cd6540000, 0x0000027cd67b0000, 0x0000027cd6ae0000]
 total_blobs=13341 nmethods=12411 adapters=842
 compilation: enabled
              stopped_count=0, restarted_count=0
 full_count=0

Compilation events (20 events):
Event: 23.731 Thread 0x0000027ce5c3c380 nmethod 14785 0x0000027cd0869b10 code [0x0000027cd0869cc0, 0x0000027cd0869e08]
Event: 23.732 Thread 0x0000027ce5c3c380 14786       3       com.squareup.javapoet.CodeWriter::emitAnnotations (54 bytes)
Event: 23.732 Thread 0x0000027ce5c3c380 nmethod 14786 0x0000027cd0869e90 code [0x0000027cd086a0a0, 0x0000027cd086a6c8]
Event: 23.732 Thread 0x0000027ce5c3c380 14787       3       com.squareup.javapoet.CodeWriter::emitModifiers (79 bytes)
Event: 23.733 Thread 0x0000027ce5c3c380 nmethod 14787 0x0000027cd086a910 code [0x0000027cd086aba0, 0x0000027cd086b738]
Event: 23.733 Thread 0x0000027ce5c3c380 14788       3       com.squareup.javapoet.CodeWriter::importableType (56 bytes)
Event: 23.733 Thread 0x0000027ce5c3c380 nmethod 14788 0x0000027cd086bb90 code [0x0000027cd086bde0, 0x0000027cd086c818]
Event: 23.733 Thread 0x0000027ce5c3c380 14790       3       java.util.Collections$UnmodifiableMap::isEmpty (10 bytes)
Event: 23.733 Thread 0x0000027ce5c3c380 nmethod 14790 0x0000027cd086cb90 code [0x0000027cd086cd40, 0x0000027cd086cf08]
Event: 23.734 Thread 0x0000027ce5c3c380 14791       3       java.lang.AbstractStringBuilder::shift (37 bytes)
Event: 23.735 Thread 0x0000027ce5c3c380 nmethod 14791 0x0000027cd086d010 code [0x0000027cd086d1c0, 0x0000027cd086d3a8]
Event: 23.735 Thread 0x0000027ce5c3c380 14792       3       java.lang.StringBuilder::delete (9 bytes)
Event: 23.735 Thread 0x0000027ce5c3c380 nmethod 14792 0x0000027cd086d490 code [0x0000027cd086d620, 0x0000027cd086d768]
Event: 23.735 Thread 0x0000027ce5c3c380 14793       3       com.squareup.javapoet.ClassName::compareTo (9 bytes)
Event: 23.735 Thread 0x0000027ce5c3c380 nmethod 14793 0x0000027cd086d810 code [0x0000027cd086d9c0, 0x0000027cd086dc48]
Event: 23.735 Thread 0x0000027ce5c3c380 14794       3       java.util.EnumSet::typeCheck (59 bytes)
Event: 23.736 Thread 0x0000027ce5c3c380 nmethod 14794 0x0000027cd086dd90 code [0x0000027cd086e040, 0x0000027cd086eaf8]
Event: 23.736 Thread 0x0000027ce5c3c380 14795       3       java.util.ArrayList$SubList::<init> (43 bytes)
Event: 23.736 Thread 0x0000027ce5c3c380 nmethod 14795 0x0000027cd086ef10 code [0x0000027cd086f0c0, 0x0000027cd086f3b8]
Event: 23.737 Thread 0x0000027ce5c3c380 14796       3       com.squareup.javapoet.AnnotationSpec::emit (304 bytes)

GC Heap History (20 events):
Event: 14.476 GC heap before
{Heap before GC invocations=47 (full 0):
 garbage-first heap   total 121856K, used 98289K [0x0000000080000000, 0x0000000100000000)
  region size 1024K, 31 young (31744K), 5 survivors (5120K)
 Metaspace       used 85682K, committed 86272K, reserved 1130496K
  class space    used 11685K, committed 11968K, reserved 1048576K
}
Event: 14.483 GC heap after
{Heap after GC invocations=48 (full 0):
 garbage-first heap   total 121856K, used 75941K [0x0000000080000000, 0x0000000100000000)
  region size 1024K, 3 young (3072K), 3 survivors (3072K)
 Metaspace       used 85682K, committed 86272K, reserved 1130496K
  class space    used 11685K, committed 11968K, reserved 1048576K
}
Event: 14.921 GC heap before
{Heap before GC invocations=49 (full 0):
 garbage-first heap   total 133120K, used 98469K [0x0000000080000000, 0x0000000100000000)
  region size 1024K, 26 young (26624K), 3 survivors (3072K)
 Metaspace       used 86341K, committed 86912K, reserved 1130496K
  class space    used 11773K, committed 12032K, reserved 1048576K
}
Event: 14.928 GC heap after
{Heap after GC invocations=50 (full 0):
 garbage-first heap   total 133120K, used 79814K [0x0000000080000000, 0x0000000100000000)
  region size 1024K, 4 young (4096K), 4 survivors (4096K)
 Metaspace       used 86341K, committed 86912K, reserved 1130496K
  class space    used 11773K, committed 12032K, reserved 1048576K
}
Event: 14.958 GC heap before
{Heap before GC invocations=50 (full 0):
 garbage-first heap   total 133120K, used 81862K [0x0000000080000000, 0x0000000100000000)
  region size 1024K, 6 young (6144K), 4 survivors (4096K)
 Metaspace       used 86351K, committed 86976K, reserved 1130496K
  class space    used 11773K, committed 12032K, reserved 1048576K
}
Event: 14.963 GC heap after
{Heap after GC invocations=51 (full 0):
 garbage-first heap   total 159744K, used 79373K [0x0000000080000000, 0x0000000100000000)
  region size 1024K, 1 young (1024K), 1 survivors (1024K)
 Metaspace       used 86351K, committed 86976K, reserved 1130496K
  class space    used 11773K, committed 12032K, reserved 1048576K
}
Event: 15.854 GC heap before
{Heap before GC invocations=51 (full 0):
 garbage-first heap   total 159744K, used 126477K [0x0000000080000000, 0x0000000100000000)
  region size 1024K, 47 young (48128K), 1 survivors (1024K)
 Metaspace       used 89279K, committed 89920K, reserved 1130496K
  class space    used 12125K, committed 12416K, reserved 1048576K
}
Event: 15.860 GC heap after
{Heap after GC invocations=52 (full 0):
 garbage-first heap   total 159744K, used 83737K [0x0000000080000000, 0x0000000100000000)
  region size 1024K, 5 young (5120K), 5 survivors (5120K)
 Metaspace       used 89279K, committed 89920K, reserved 1130496K
  class space    used 12125K, committed 12416K, reserved 1048576K
}
Event: 16.830 GC heap before
{Heap before GC invocations=53 (full 0):
 garbage-first heap   total 159744K, used 129817K [0x0000000080000000, 0x0000000100000000)
  region size 1024K, 48 young (49152K), 5 survivors (5120K)
 Metaspace       used 89671K, committed 90304K, reserved 1130496K
  class space    used 12125K, committed 12416K, reserved 1048576K
}
Event: 16.845 GC heap after
{Heap after GC invocations=54 (full 0):
 garbage-first heap   total 159744K, used 103095K [0x0000000080000000, 0x0000000100000000)
  region size 1024K, 6 young (6144K), 6 survivors (6144K)
 Metaspace       used 89671K, committed 90304K, reserved 1130496K
  class space    used 12125K, committed 12416K, reserved 1048576K
}
Event: 16.893 GC heap before
{Heap before GC invocations=54 (full 0):
 garbage-first heap   total 159744K, used 104119K [0x0000000080000000, 0x0000000100000000)
  region size 1024K, 7 young (7168K), 6 survivors (6144K)
 Metaspace       used 89869K, committed 90560K, reserved 1130496K
  class space    used 12144K, committed 12480K, reserved 1048576K
}
Event: 16.901 GC heap after
{Heap after GC invocations=55 (full 0):
 garbage-first heap   total 159744K, used 103199K [0x0000000080000000, 0x0000000100000000)
  region size 1024K, 1 young (1024K), 1 survivors (1024K)
 Metaspace       used 89869K, committed 90560K, reserved 1130496K
  class space    used 12144K, committed 12480K, reserved 1048576K
}
Event: 17.830 GC heap before
{Heap before GC invocations=55 (full 0):
 garbage-first heap   total 159744K, used 132895K [0x0000000080000000, 0x0000000100000000)
  region size 1024K, 23 young (23552K), 1 survivors (1024K)
 Metaspace       used 90678K, committed 91392K, reserved 1130496K
  class space    used 12224K, committed 12544K, reserved 1048576K
}
Event: 17.836 GC heap after
{Heap after GC invocations=56 (full 0):
 garbage-first heap   total 159744K, used 105381K [0x0000000080000000, 0x0000000100000000)
  region size 1024K, 3 young (3072K), 3 survivors (3072K)
 Metaspace       used 90678K, committed 91392K, reserved 1130496K
  class space    used 12224K, committed 12544K, reserved 1048576K
}
Event: 18.402 GC heap before
{Heap before GC invocations=57 (full 0):
 garbage-first heap   total 184320K, used 126885K [0x0000000080000000, 0x0000000100000000)
  region size 1024K, 24 young (24576K), 3 survivors (3072K)
 Metaspace       used 93415K, committed 94144K, reserved 1130496K
  class space    used 12562K, committed 12928K, reserved 1048576K
}
Event: 18.409 GC heap after
{Heap after GC invocations=58 (full 0):
 garbage-first heap   total 184320K, used 107789K [0x0000000080000000, 0x0000000100000000)
  region size 1024K, 3 young (3072K), 3 survivors (3072K)
 Metaspace       used 93415K, committed 94144K, reserved 1130496K
  class space    used 12562K, committed 12928K, reserved 1048576K
}
Event: 18.568 GC heap before
{Heap before GC invocations=58 (full 0):
 garbage-first heap   total 184320K, used 112909K [0x0000000080000000, 0x0000000100000000)
  region size 1024K, 9 young (9216K), 3 survivors (3072K)
 Metaspace       used 93507K, committed 94208K, reserved 1130496K
  class space    used 12569K, committed 12928K, reserved 1048576K
}
Event: 18.574 GC heap after
{Heap after GC invocations=59 (full 0):
 garbage-first heap   total 347136K, used 106946K [0x0000000080000000, 0x0000000100000000)
  region size 1024K, 1 young (1024K), 1 survivors (1024K)
 Metaspace       used 93507K, committed 94208K, reserved 1130496K
  class space    used 12569K, committed 12928K, reserved 1048576K
}
Event: 22.139 GC heap before
{Heap before GC invocations=59 (full 0):
 garbage-first heap   total 347136K, used 278978K [0x0000000080000000, 0x0000000100000000)
  region size 1024K, 147 young (150528K), 1 survivors (1024K)
 Metaspace       used 98302K, committed 98944K, reserved 1138688K
  class space    used 12947K, committed 13248K, reserved 1048576K
}
Event: 22.143 GC heap after
{Heap after GC invocations=60 (full 0):
 garbage-first heap   total 347136K, used 108524K [0x0000000080000000, 0x0000000100000000)
  region size 1024K, 2 young (2048K), 2 survivors (2048K)
 Metaspace       used 98302K, committed 98944K, reserved 1138688K
  class space    used 12947K, committed 13248K, reserved 1048576K
}

Dll operation events (2 events):
Event: 0.006 Loaded shared library C:\Program Files\Android\Android Studio\jbr\bin\java.dll
Event: 0.455 Loaded shared library C:\Program Files\Android\Android Studio\jbr\bin\verify.dll

Deoptimization events (20 events):
Event: 23.573 Thread 0x0000027ce8c87120 Uncommon trap: trap_request=0xffffffde fr.pc=0x0000027cd6f6f59c relative=0x00000000000004dc
Event: 23.573 Thread 0x0000027ce8c87120 Uncommon trap: reason=class_check action=maybe_recompile pc=0x0000027cd6f6f59c method=java.util.regex.Matcher.search(I)Z @ 121 c2
Event: 23.573 Thread 0x0000027ce8c87120 DEOPT PACKING pc=0x0000027cd6f6f59c sp=0x000000ae6bbfa2e0
Event: 23.573 Thread 0x0000027ce8c87120 DEOPT UNPACKING pc=0x0000027cd65969a3 sp=0x000000ae6bbfa238 mode 2
Event: 23.574 Thread 0x0000027ce8c87120 Uncommon trap: trap_request=0xffffffde fr.pc=0x0000027cd6f6f59c relative=0x00000000000004dc
Event: 23.574 Thread 0x0000027ce8c87120 Uncommon trap: reason=class_check action=maybe_recompile pc=0x0000027cd6f6f59c method=java.util.regex.Matcher.search(I)Z @ 121 c2
Event: 23.574 Thread 0x0000027ce8c87120 DEOPT PACKING pc=0x0000027cd6f6f59c sp=0x000000ae6bbfa2e0
Event: 23.574 Thread 0x0000027ce8c87120 DEOPT UNPACKING pc=0x0000027cd65969a3 sp=0x000000ae6bbfa238 mode 2
Event: 23.576 Thread 0x0000027ce8c87120 Uncommon trap: trap_request=0xffffff45 fr.pc=0x0000027cd7347518 relative=0x0000000000000898
Event: 23.576 Thread 0x0000027ce8c87120 Uncommon trap: reason=unstable_if action=reinterpret pc=0x0000027cd7347518 method=com.google.common.collect.ImmutableMap.copyOf(Ljava/util/Map;)Lcom/google/common/collect/ImmutableMap; @ 4 c2
Event: 23.576 Thread 0x0000027ce8c87120 DEOPT PACKING pc=0x0000027cd7347518 sp=0x000000ae6bbfa3f0
Event: 23.576 Thread 0x0000027ce8c87120 DEOPT UNPACKING pc=0x0000027cd65969a3 sp=0x000000ae6bbfa3c8 mode 2
Event: 23.628 Thread 0x0000027ce8c87120 Uncommon trap: trap_request=0xffffffde fr.pc=0x0000027cd6f6f59c relative=0x00000000000004dc
Event: 23.628 Thread 0x0000027ce8c87120 Uncommon trap: reason=class_check action=maybe_recompile pc=0x0000027cd6f6f59c method=java.util.regex.Matcher.search(I)Z @ 121 c2
Event: 23.628 Thread 0x0000027ce8c87120 DEOPT PACKING pc=0x0000027cd6f6f59c sp=0x000000ae6bbfa2e0
Event: 23.628 Thread 0x0000027ce8c87120 DEOPT UNPACKING pc=0x0000027cd65969a3 sp=0x000000ae6bbfa238 mode 2
Event: 23.633 Thread 0x0000027ce8c87120 Uncommon trap: trap_request=0xffffffde fr.pc=0x0000027cd6b23400 relative=0x0000000000000520
Event: 23.633 Thread 0x0000027ce8c87120 Uncommon trap: reason=class_check action=maybe_recompile pc=0x0000027cd6b23400 method=java.util.regex.Matcher.search(I)Z @ 121 c2
Event: 23.633 Thread 0x0000027ce8c87120 DEOPT PACKING pc=0x0000027cd6b23400 sp=0x000000ae6bbfa270
Event: 23.633 Thread 0x0000027ce8c87120 DEOPT UNPACKING pc=0x0000027cd65969a3 sp=0x000000ae6bbfa230 mode 2

Classes unloaded (0 events):
No events

Classes redefined (0 events):
No events

Internal exceptions (20 events):
Event: 22.399 Thread 0x0000027ce8c85910 Exception <a 'sun/nio/fs/WindowsException'{0x0000000094b17020}> (0x0000000094b17020) 
thrown [s\src\hotspot\share\prims\jni.cpp, line 517]
Event: 22.409 Thread 0x0000027ce8c85910 Exception <a 'sun/nio/fs/WindowsException'{0x0000000094b183c8}> (0x0000000094b183c8) 
thrown [s\src\hotspot\share\prims\jni.cpp, line 517]
Event: 22.424 Thread 0x0000027ce8c85910 Exception <a 'sun/nio/fs/WindowsException'{0x0000000094b19700}> (0x0000000094b19700) 
thrown [s\src\hotspot\share\prims\jni.cpp, line 517]
Event: 22.706 Thread 0x0000027ce8c85910 Exception <a 'sun/nio/fs/WindowsException'{0x0000000093b1af08}> (0x0000000093b1af08) 
thrown [s\src\hotspot\share\prims\jni.cpp, line 517]
Event: 22.707 Thread 0x0000027ce8c85910 Exception <a 'sun/nio/fs/WindowsException'{0x0000000093b1bda8}> (0x0000000093b1bda8) 
thrown [s\src\hotspot\share\prims\jni.cpp, line 517]
Event: 22.707 Thread 0x0000027ce8c85910 Exception <a 'sun/nio/fs/WindowsException'{0x0000000093b1be18}> (0x0000000093b1be18) 
thrown [s\src\hotspot\share\prims\jni.cpp, line 517]
Event: 22.707 Thread 0x0000027ce8c85910 Exception <a 'sun/nio/fs/WindowsException'{0x0000000093b1c208}> (0x0000000093b1c208) 
thrown [s\src\hotspot\share\prims\jni.cpp, line 517]
Event: 22.739 Thread 0x0000027ce8c87120 Exception <a 'sun/nio/fs/WindowsException'{0x000000009397f790}> (0x000000009397f790) 
thrown [s\src\hotspot\share\prims\jni.cpp, line 517]
Event: 22.739 Thread 0x0000027ce8c87120 Exception <a 'sun/nio/fs/WindowsException'{0x0000000093980678}> (0x0000000093980678) 
thrown [s\src\hotspot\share\prims\jni.cpp, line 517]
Event: 22.739 Thread 0x0000027ce8c87120 Exception <a 'sun/nio/fs/WindowsException'{0x00000000939806e8}> (0x00000000939806e8) 
thrown [s\src\hotspot\share\prims\jni.cpp, line 517]
Event: 22.739 Thread 0x0000027ce8c87120 Exception <a 'sun/nio/fs/WindowsException'{0x0000000093980b48}> (0x0000000093980b48) 
thrown [s\src\hotspot\share\prims\jni.cpp, line 517]
Event: 22.779 Thread 0x0000027ce5c5c1c0 Exception <a 'sun/nio/fs/WindowsException'{0x0000000093870de8}> (0x0000000093870de8) 
thrown [s\src\hotspot\share\prims\jni.cpp, line 517]
Event: 23.099 Thread 0x0000027ce8c88e00 Exception <a 'java/lang/NoSuchMethodError'{0x0000000092a7bf80}: static Lcom/android/build/gradle/internal/tasks/AarMetadataArtifact;.<clinit>()V> (0x0000000092a7bf80) 
thrown [s\src\hotspot\share\prims\jni.cpp, line 1108]
Event: 23.129 Thread 0x0000027ce93eb6f0 Exception <a 'java/lang/NoSuchMethodError'{0x00000000929c8b40}: 'java.lang.Object java.lang.invoke.DirectMethodHandle$Holder.invokeSpecial(java.lang.Object, java.lang.Object, long, java.lang.Object, java.lang.Object, java.lang.Object, java.lang.Object, java.lang.Object, java.lang.Object, java.lang.Object, java.lang.Object, java.lang.Object)'> (0x00000000929c8b40) 
thrown [s\src\hotspot\share\interpreter\linkResolver.cpp, line 771]
Event: 23.129 Thread 0x0000027ce93eb6f0 Exception <a 'java/lang/NoSuchMethodError'{0x00000000929cd2e8}: 'java.lang.Object java.lang.invoke.DelegatingMethodHandle$Holder.reinvoke_L(java.lang.Object, long, java.lang.Object, java.lang.Object, java.lang.Object, java.lang.Object, java.lang.Object, java.lang.Object, java.lang.Object, java.lang.Object, java.lang.Object)'> (0x00000000929cd2e8) 
thrown [s\src\hotspot\share\interpreter\linkResolver.cpp, line 771]
Event: 23.133 Thread 0x0000027ce93eb6f0 Exception <a 'java/lang/NoSuchMethodError'{0x00000000929fa6c0}: 'java.lang.Object java.lang.invoke.Invokers$Holder.linkToTargetMethod(java.lang.Object, java.lang.Object, java.lang.Object, java.lang.Object, java.lang.Object, java.lang.Object, java.lang.Object, java.lang.Object, java.lang.Object, java.lang.Object)'> (0x00000000929fa6c0) 
thrown [s\src\hotspot\share\interpreter\linkResolver.cpp, line 771]
Event: 23.135 Thread 0x0000027ce8c87120 Exception <a 'sun/nio/fs/WindowsException'{0x00000000928b1a40}> (0x00000000928b1a40) 
thrown [s\src\hotspot\share\prims\jni.cpp, line 517]
Event: 23.135 Thread 0x0000027ce8c87120 Exception <a 'sun/nio/fs/WindowsException'{0x00000000928b28e0}> (0x00000000928b28e0) 
thrown [s\src\hotspot\share\prims\jni.cpp, line 517]
Event: 23.135 Thread 0x0000027ce8c87120 Exception <a 'sun/nio/fs/WindowsException'{0x00000000928b2950}> (0x00000000928b2950) 
thrown [s\src\hotspot\share\prims\jni.cpp, line 517]
Event: 23.135 Thread 0x0000027ce8c87120 Exception <a 'sun/nio/fs/WindowsException'{0x00000000928b2d40}> (0x00000000928b2d40) 
thrown [s\src\hotspot\share\prims\jni.cpp, line 517]

VM Operations (20 events):
Event: 20.785 Executing VM operation: ICBufferFull
Event: 20.786 Executing VM operation: ICBufferFull done
Event: 21.334 Executing VM operation: HandshakeAllThreads
Event: 21.334 Executing VM operation: HandshakeAllThreads done
Event: 22.139 Executing VM operation: G1CollectForAllocation
Event: 22.143 Executing VM operation: G1CollectForAllocation done
Event: 22.272 Executing VM operation: HandshakeAllThreads
Event: 22.272 Executing VM operation: HandshakeAllThreads done
Event: 22.730 Executing VM operation: ICBufferFull
Event: 22.730 Executing VM operation: ICBufferFull done
Event: 22.919 Executing VM operation: HandshakeAllThreads
Event: 22.925 Executing VM operation: HandshakeAllThreads done
Event: 23.007 Executing VM operation: HandshakeAllThreads
Event: 23.007 Executing VM operation: HandshakeAllThreads done
Event: 23.100 Executing VM operation: ICBufferFull
Event: 23.101 Executing VM operation: ICBufferFull done
Event: 23.361 Executing VM operation: HandshakeAllThreads
Event: 23.361 Executing VM operation: HandshakeAllThreads done
Event: 23.405 Executing VM operation: ICBufferFull
Event: 23.406 Executing VM operation: ICBufferFull done

Events (20 events):
Event: 22.288 Thread 0x0000027ce5c40b90 flushing nmethod 0x0000027cd0631190
Event: 22.288 Thread 0x0000027ce5c40b90 flushing nmethod 0x0000027cd067a310
Event: 22.726 loading class java/util/zip/ZipInputStream
Event: 22.726 loading class java/util/zip/ZipInputStream done
Event: 22.736 loading class java/nio/file/FileChannelLinesSpliterator
Event: 22.736 loading class java/nio/file/FileChannelLinesSpliterator done
Event: 22.737 loading class java/util/stream/Streams$1
Event: 22.737 loading class java/util/stream/Streams$1 done
Event: 22.746 loading class java/nio/file/FileChannelLinesSpliterator$1
Event: 22.746 loading class java/nio/file/FileChannelLinesSpliterator$1 done
Event: 23.092 loading class java/nio/channels/Channels$1
Event: 23.093 loading class java/nio/channels/Channels$1 done
Event: 23.497 loading class java/lang/AbstractMethodError
Event: 23.497 loading class java/lang/AbstractMethodError done
Event: 23.497 loading class javax/xml/xpath/XPathFactoryConfigurationException
Event: 23.497 loading class javax/xml/xpath/XPathFactoryConfigurationException done
Event: 23.600 loading class java/lang/Override
Event: 23.600 loading class java/lang/Override done
Event: 23.617 loading class java/util/Collections$UnmodifiableList$1
Event: 23.617 loading class java/util/Collections$UnmodifiableList$1 done


Dynamic libraries:
0x00007ff603790000 - 0x00007ff60379a000 	C:\Program Files\Android\Android Studio\jbr\bin\java.exe
0x00007ffffdf50000 - 0x00007ffffe148000 	C:\WINDOWS\SYSTEM32\ntdll.dll
0x00007ffffc010000 - 0x00007ffffc0cf000 	C:\WINDOWS\System32\KERNEL32.DLL
0x00007ffffbc00000 - 0x00007ffffbef6000 	C:\WINDOWS\System32\KERNELBASE.dll
0x00007ffffbb00000 - 0x00007ffffbc00000 	C:\WINDOWS\System32\ucrtbase.dll
0x00007fffdbf80000 - 0x00007fffdbf97000 	C:\Program Files\Android\Android Studio\jbr\bin\jli.dll
0x00007fffd75a0000 - 0x00007fffd75bb000 	C:\Program Files\Android\Android Studio\jbr\bin\VCRUNTIME140.dll
0x00007fffe16e0000 - 0x00007fffe197a000 	C:\WINDOWS\WinSxS\amd64_microsoft.windows.common-controls_6595b64144ccf1df_6.0.19041.1110_none_60b5254171f9507e\COMCTL32.dll
0x00007ffffc9e0000 - 0x00007ffffcb7d000 	C:\WINDOWS\System32\USER32.dll
0x00007ffffbad0000 - 0x00007ffffbaf2000 	C:\WINDOWS\System32\win32u.dll
0x00007ffffd500000 - 0x00007ffffd59e000 	C:\WINDOWS\System32\msvcrt.dll
0x00007ffffda10000 - 0x00007ffffda3c000 	C:\WINDOWS\System32\GDI32.dll
0x00007ffffb630000 - 0x00007ffffb745000 	C:\WINDOWS\System32\gdi32full.dll
0x00007ffffb7f0000 - 0x00007ffffb88d000 	C:\WINDOWS\System32\msvcp_win.dll
0x00007ffffcfe0000 - 0x00007ffffd010000 	C:\WINDOWS\System32\IMM32.DLL
0x00007fffdf010000 - 0x00007fffdf01c000 	C:\Program Files\Android\Android Studio\jbr\bin\vcruntime140_1.dll
0x00007fffcf590000 - 0x00007fffcf61d000 	C:\Program Files\Android\Android Studio\jbr\bin\msvcp140.dll
0x00007fffca120000 - 0x00007fffcad8e000 	C:\Program Files\Android\Android Studio\jbr\bin\server\jvm.dll
0x00007ffffd320000 - 0x00007ffffd3cf000 	C:\WINDOWS\System32\ADVAPI32.dll
0x00007ffffd7f0000 - 0x00007ffffd88c000 	C:\WINDOWS\System32\sechost.dll
0x00007ffffd5a0000 - 0x00007ffffd6c6000 	C:\WINDOWS\System32\RPCRT4.dll
0x00007fffd2fe0000 - 0x00007fffd2fe9000 	C:\WINDOWS\SYSTEM32\WSOCK32.dll
0x00007ffff3800000 - 0x00007ffff3827000 	C:\WINDOWS\SYSTEM32\WINMM.dll
0x00007ffff3830000 - 0x00007ffff383a000 	C:\WINDOWS\SYSTEM32\VERSION.dll
0x00007ffffd2b0000 - 0x00007ffffd31b000 	C:\WINDOWS\System32\WS2_32.dll
0x00007ffff94f0000 - 0x00007ffff9502000 	C:\WINDOWS\SYSTEM32\kernel.appcore.dll
0x00007fffe04d0000 - 0x00007fffe04da000 	C:\Program Files\Android\Android Studio\jbr\bin\jimage.dll
0x00007ffff4ac0000 - 0x00007ffff4ca4000 	C:\WINDOWS\SYSTEM32\DBGHELP.DLL
0x00007fffef2b0000 - 0x00007fffef2e4000 	C:\WINDOWS\SYSTEM32\dbgcore.DLL
0x00007ffffb890000 - 0x00007ffffb912000 	C:\WINDOWS\System32\bcryptPrimitives.dll
0x00007fffe04a0000 - 0x00007fffe04c5000 	C:\Program Files\Android\Android Studio\jbr\bin\java.dll
0x00007fffe0480000 - 0x00007fffe0498000 	C:\Program Files\Android\Android Studio\jbr\bin\zip.dll
0x00007ffffc1e0000 - 0x00007ffffc924000 	C:\WINDOWS\System32\SHELL32.dll
0x00007ffff96f0000 - 0x00007ffff9e83000 	C:\WINDOWS\SYSTEM32\windows.storage.dll
0x00007ffffcb80000 - 0x00007ffffced4000 	C:\WINDOWS\System32\combase.dll
0x00007ffffafa0000 - 0x00007ffffafce000 	C:\WINDOWS\SYSTEM32\Wldp.dll
0x00007ffffc130000 - 0x00007ffffc1dd000 	C:\WINDOWS\System32\SHCORE.dll
0x00007ffffbfb0000 - 0x00007ffffc005000 	C:\WINDOWS\System32\shlwapi.dll
0x00007ffffb560000 - 0x00007ffffb585000 	C:\WINDOWS\SYSTEM32\profapi.dll
0x00007fffe0460000 - 0x00007fffe0479000 	C:\Program Files\Android\Android Studio\jbr\bin\net.dll
0x00007ffff49b0000 - 0x00007ffff4aba000 	C:\WINDOWS\SYSTEM32\WINHTTP.dll
0x00007ffffad00000 - 0x00007ffffad6a000 	C:\WINDOWS\system32\mswsock.dll
0x00007fffe03e0000 - 0x00007fffe03f6000 	C:\Program Files\Android\Android Studio\jbr\bin\nio.dll
0x00007fffe0450000 - 0x00007fffe0460000 	C:\Program Files\Android\Android Studio\jbr\bin\verify.dll
0x00007fffd4870000 - 0x00007fffd4897000 	C:\Users\Pichau\.gradle\native\68d5fa5c4cc2d200863cafc0d521ce42e7d3e7ee720ec0a83991735586a16f82\windows-amd64\native-platform.dll
0x00007fffc0c50000 - 0x00007fffc0d94000 	C:\Users\Pichau\.gradle\native\e376f236ea51e6404a007f0833ffe2c6e607c4080706a723a18a27aeea778392\windows-amd64\native-platform-file-events.dll
0x00007fffe03d0000 - 0x00007fffe03d9000 	C:\Program Files\Android\Android Studio\jbr\bin\management.dll
0x00007fffe03c0000 - 0x00007fffe03cb000 	C:\Program Files\Android\Android Studio\jbr\bin\management_ext.dll
0x00007ffffd920000 - 0x00007ffffd928000 	C:\WINDOWS\System32\PSAPI.DLL
0x00007ffffaef0000 - 0x00007ffffaf08000 	C:\WINDOWS\SYSTEM32\CRYPTSP.dll
0x00007ffffa610000 - 0x00007ffffa644000 	C:\WINDOWS\system32\rsaenh.dll
0x00007ffffb750000 - 0x00007ffffb777000 	C:\WINDOWS\System32\bcrypt.dll
0x00007ffffb520000 - 0x00007ffffb54e000 	C:\WINDOWS\SYSTEM32\USERENV.dll
0x00007ffffaf10000 - 0x00007ffffaf1c000 	C:\WINDOWS\SYSTEM32\CRYPTBASE.dll
0x00007ffffa9f0000 - 0x00007ffffaa2b000 	C:\WINDOWS\SYSTEM32\IPHLPAPI.DLL
0x00007ffffda00000 - 0x00007ffffda08000 	C:\WINDOWS\System32\NSI.dll
0x00007ffff61f0000 - 0x00007ffff6207000 	C:\WINDOWS\SYSTEM32\dhcpcsvc6.DLL
0x00007ffff61d0000 - 0x00007ffff61ed000 	C:\WINDOWS\SYSTEM32\dhcpcsvc.DLL
0x00007ffffaa30000 - 0x00007ffffaafa000 	C:\WINDOWS\SYSTEM32\DNSAPI.dll
0x00007fffe03b0000 - 0x00007fffe03b7000 	C:\WINDOWS\system32\wshunix.dll
0x00007ffffa730000 - 0x00007ffffa763000 	C:\WINDOWS\SYSTEM32\ntmarta.dll

dbghelp: loaded successfully - version: 4.0.5 - missing functions: none
symbol engine: initialized successfully - sym options: 0x614 - pdb path: .;C:\Program Files\Android\Android Studio\jbr\bin;C:\WINDOWS\SYSTEM32;C:\WINDOWS\WinSxS\amd64_microsoft.windows.common-controls_6595b64144ccf1df_6.0.19041.1110_none_60b5254171f9507e;C:\Program Files\Android\Android Studio\jbr\bin\server;C:\Users\Pichau\.gradle\native\68d5fa5c4cc2d200863cafc0d521ce42e7d3e7ee720ec0a83991735586a16f82\windows-amd64;C:\Users\Pichau\.gradle\native\e376f236ea51e6404a007f0833ffe2c6e607c4080706a723a18a27aeea778392\windows-amd64

VM Arguments:
jvm_args: --add-opens=java.base/java.util=ALL-UNNAMED --add-opens=java.base/java.lang=ALL-UNNAMED --add-opens=java.base/java.lang.invoke=ALL-UNNAMED --add-opens=java.prefs/java.util.prefs=ALL-UNNAMED --add-opens=java.base/java.nio.charset=ALL-UNNAMED --add-opens=java.base/java.net=ALL-UNNAMED --add-opens=java.base/java.util.concurrent.atomic=ALL-UNNAMED -Xmx2048m -Dfile.encoding=UTF-8 -Duser.country=BR -Duser.language=pt -Duser.variant 
java_command: org.gradle.launcher.daemon.bootstrap.GradleDaemon 8.0
java_class_path (initial): C:\Users\Pichau\.gradle\wrapper\dists\gradle-8.0-bin\ca5e32bp14vu59qr306oxotwh\gradle-8.0\lib\gradle-launcher-8.0.jar
Launcher Type: SUN_STANDARD

[Global flags]
     intx CICompilerCount                          = 3                                         {product} {ergonomic}
     uint ConcGCThreads                            = 1                                         {product} {ergonomic}
     uint G1ConcRefinementThreads                  = 4                                         {product} {ergonomic}
   size_t G1HeapRegionSize                         = 1048576                                   {product} {ergonomic}
    uintx GCDrainStackTargetSize                   = 64                                        {product} {ergonomic}
   size_t InitialHeapSize                          = 234881024                                 {product} {ergonomic}
   size_t MarkStackSize                            = 4194304                                   {product} {ergonomic}
   size_t MaxHeapSize                              = 2147483648                                {product} {command line}
   size_t MaxNewSize                               = 1287651328                                {product} {ergonomic}
   size_t MinHeapDeltaBytes                        = 1048576                                   {product} {ergonomic}
   size_t MinHeapSize                              = 8388608                                   {product} {ergonomic}
    uintx NonNMethodCodeHeapSize                   = 5832780                                {pd product} {ergonomic}
    uintx NonProfiledCodeHeapSize                  = 122912730                              {pd product} {ergonomic}
    uintx ProfiledCodeHeapSize                     = 122912730                              {pd product} {ergonomic}
    uintx ReservedCodeCacheSize                    = 251658240                              {pd product} {ergonomic}
     bool SegmentedCodeCache                       = true                                      {product} {ergonomic}
   size_t SoftMaxHeapSize                          = 2147483648                             {manageable} {ergonomic}
     bool UseCompressedClassPointers               = true                           {product lp64_product} {ergonomic}
     bool UseCompressedOops                        = true                           {product lp64_product} {ergonomic}
     bool UseG1GC                                  = true                                      {product} {ergonomic}
     bool UseLargePagesIndividualAllocation        = false                                  {pd product} {ergonomic}

Logging:
Log output configuration:
 #0: stdout all=warning uptime,level,tags
 #1: stderr all=off uptime,level,tags

Environment Variables:
PATH=C:\WINDOWS\system32;C:\WINDOWS;C:\WINDOWS\System32\Wbem;C:\WINDOWS\System32\WindowsPowerShell\v1.0\;C:\WINDOWS\System32\OpenSSH\;C:\Program Files\Microsoft SQL Server\150\Tools\Binn\;C:\Program Files\Microsoft SQL Server\Client SDK\ODBC\170\Tools\Binn\;C:\Program Files\dotnet\;C:\Program Files\Microsoft SQL Server\Client SDK\ODBC\110\Tools\Binn\;C:\Program Files (x86)\Microsoft SQL Server\120\Tools\Binn\;C:\Program Files\Microsoft SQL Server\120\Tools\Binn\;C:\Program Files\Microsoft SQL Server\120\DTS\Binn\;C:\Program Files (x86)\Microsoft SQL Server\120\Tools\Binn\ManagementStudio\;C:\Program Files (x86)\Microsoft SQL Server\120\DTS\Binn\;C:\Users\Pichau\AppData\Local\Microsoft\WindowsApps;;C:\Users\Pichau\AppData\Local\Programs\Microsoft VS Code\bin;C:\Users\Pichau\.dotnet\tools
USERNAME=Tho
OS=Windows_NT
PROCESSOR_IDENTIFIER=AMD64 Family 23 Model 17 Stepping 0, AuthenticAMD
TMP=C:\Users\Pichau\AppData\Local\Temp
TEMP=C:\Users\Pichau\AppData\Local\Temp


JNI global refs:
JNI global refs: 25, weak refs: 4

JNI global refs memory usage: 843, weak refs: 841


---------------  S Y S T E M  ---------------

OS:
 Windows 10 , 64 bit Build 19041 (10.0.19041.3155)
OS uptime: 0 days 3:42 hours

CPU: total 4 (initial active 4) (4 cores per cpu, 1 threads per core) family 23 model 17 stepping 0 microcode 0x0, cx8, cmov, fxsr, mmx, 3dnowpref, sse, sse2, sse3, ssse3, sse4a, sse4.1, sse4.2, popcnt, lzcnt, tsc, tscinvbit, avx, avx2, aes, clmul, bmi1, bmi2, adx, sha, fma, vzeroupper, clflush, clflushopt

Memory: 4k page, system-wide physical 14264M (3403M free)
TotalPageFile size 14264M (AvailPageFile size 8M)
current process WorkingSet (physical memory assigned to process): 589M, peak: 592M
current process commit charge ("private bytes"): 645M, peak: 648M

vm_info: OpenJDK 64-Bit Server VM (17.0.6+0-b2043.56-10027231) for windows-amd64 JRE (17.0.6+0-b2043.56-10027231), built on Apr 28 2023 00:43:19 by "androidbuild" with MS VC++ 16.10 / 16.11 (VS2019)

END.
