#
# There is insufficient memory for the Java Runtime Environment to continue.
# Native memory allocation (mmap) failed to map 394264576 bytes for G1 virtual space
# Possible reasons:
#   The system is out of physical RAM or swap space
#   The process is running with CompressedOops enabled, and the Java Heap may be blocking the growth of the native heap
# Possible solutions:
#   Reduce memory load on the system
#   Increase physical memory or swap space
#   Check if swap backing store is full
#   Decrease Java heap size (-Xmx/-Xms)
#   Decrease number of Java threads
#   Decrease Java thread stack sizes (-Xss)
#   Set larger code cache with -XX:ReservedCodeCacheSize=
#   JVM is running with Unscaled Compressed Oops mode in which the Java heap is
#     placed in the first 4GB address space. The Java Heap base address is the
#     maximum limit for the native heap growth. Please use -XX:HeapBaseMinAddress
#     to set the Java Heap base and to place the Java Heap above 4GB virtual address.
# This output file may be truncated or incomplete.
#
#  Out of Memory Error (os_windows.cpp:3769), pid=10860, tid=11108
#
# JRE version: OpenJDK Runtime Environment (17.0.6) (build 17.0.6+0-b2043.56-10027231)
# Java VM: OpenJDK 64-Bit Server VM (17.0.6+0-b2043.56-10027231, mixed mode, tiered, compressed oops, compressed class ptrs, g1 gc, windows-amd64)
# No core dump will be written. Minidumps are not enabled by default on client versions of Windows
#

---------------  S U M M A R Y ------------

Command Line: --add-opens=java.base/java.util=ALL-UNNAMED --add-opens=java.base/java.lang=ALL-UNNAMED --add-opens=java.base/java.lang.invoke=ALL-UNNAMED --add-opens=java.prefs/java.util.prefs=ALL-UNNAMED --add-opens=java.base/java.nio.charset=ALL-UNNAMED --add-opens=java.base/java.net=ALL-UNNAMED --add-opens=java.base/java.util.concurrent.atomic=ALL-UNNAMED -Xmx2048m -Dfile.encoding=UTF-8 -Duser.country=BR -Duser.language=pt -Duser.variant org.gradle.launcher.daemon.bootstrap.GradleDaemon 8.0

Host: AMD Ryzen 3 2200G with Radeon Vega Graphics    , 4 cores, 13G,  Windows 10 , 64 bit Build 19041 (10.0.19041.3155)
Time: Mon Aug 28 20:42:12 2023 Hora oficial do Brasil elapsed time: 17.305782 seconds (0d 0h 0m 17s)

---------------  T H R E A D  ---------------

Current thread (0x00000200b6976e70):  VMThread "VM Thread" [stack: 0x000000cf41c00000,0x000000cf41d00000] [id=11108]

Stack: [0x000000cf41c00000,0x000000cf41d00000]
Native frames: (J=compiled Java code, j=interpreted, Vv=VM code, C=native code)
V  [jvm.dll+0x683c9a]
V  [jvm.dll+0x8427a4]
V  [jvm.dll+0x843f9e]
V  [jvm.dll+0x844603]
V  [jvm.dll+0x249b75]
V  [jvm.dll+0x680b69]
V  [jvm.dll+0x67505a]
V  [jvm.dll+0x309acb]
V  [jvm.dll+0x310f86]
V  [jvm.dll+0x3608ee]
V  [jvm.dll+0x360b1f]
V  [jvm.dll+0x2dfbf8]
V  [jvm.dll+0x2ddec4]
V  [jvm.dll+0x2dd4cc]
V  [jvm.dll+0x321f3b]
V  [jvm.dll+0x848ccb]
V  [jvm.dll+0x849a04]
V  [jvm.dll+0x849f1d]
V  [jvm.dll+0x84a2f4]
V  [jvm.dll+0x84a3c0]
V  [jvm.dll+0x7f274a]
V  [jvm.dll+0x682ad5]
C  [ucrtbase.dll+0x21bb2]
C  [KERNEL32.DLL+0x17614]
C  [ntdll.dll+0x526b1]

VM_Operation (0x000000cf477fcf80): G1CollectForAllocation, mode: safepoint, requested by thread 0x00000200bfbad860


---------------  P R O C E S S  ---------------

Threads class SMR info:
_java_thread_list=0x00000200c1c8ce10, length=93, elements={
0x000002009d380a40, 0x00000200b6977a70, 0x00000200b6979800, 0x00000200b74603c0,
0x00000200b7462d90, 0x00000200b7463650, 0x00000200b7465320, 0x00000200b7471080,
0x00000200b747c270, 0x00000200b747d790, 0x00000200b75da890, 0x00000200b75fb630,
0x00000200b87ab920, 0x00000200b9fb1bb0, 0x00000200b8c94e60, 0x00000200b8cbd290,
0x00000200b8798100, 0x00000200ba481530, 0x00000200b9ebc280, 0x00000200b8d582f0,
0x00000200b8d57480, 0x00000200b8d57950, 0x00000200b8d55c70, 0x00000200b8d56140,
0x00000200b8d587c0, 0x00000200b8d557a0, 0x00000200b8d54e00, 0x00000200b8d56ae0,
0x00000200b8d56610, 0x00000200b8d57e20, 0x00000200b8d56fb0, 0x00000200b8d552d0,
0x00000200bb8736e0, 0x00000200bb8753c0, 0x00000200bb875890, 0x00000200bb8788b0,
0x00000200bb872d40, 0x00000200bb874080, 0x00000200bb874550, 0x00000200bb871530,
0x00000200bb8723a0, 0x00000200bb876700, 0x00000200bb877a40, 0x00000200bb877f10,
0x00000200bb873210, 0x00000200bb876230, 0x00000200bb871a00, 0x00000200bb874ef0,
0x00000200bb876bd0, 0x00000200bb8783e0, 0x00000200bb877570, 0x00000200bb872870,
0x00000200bd2a7200, 0x00000200bd2a8070, 0x00000200bd2a4b80, 0x00000200bd2a9d50,
0x00000200bd2aabc0, 0x00000200bd2a5050, 0x00000200bd2a3d10, 0x00000200bd2aa220,
0x00000200bd2a3370, 0x00000200bd2a6d30, 0x00000200bd2a76d0, 0x00000200bd2a6860,
0x00000200bd2a9880, 0x00000200bd2a8a10, 0x00000200bd2a93b0, 0x00000200bd2a7ba0,
0x00000200bd2a3840, 0x00000200bd2a8ee0, 0x00000200bd2a41e0, 0x00000200bd2a8540,
0x00000200bd2aa6f0, 0x00000200bd2a5ec0, 0x00000200bd2a46b0, 0x00000200bd2a5520,
0x00000200bd2a59f0, 0x00000200bd2a6390, 0x00000200bcb5dab0, 0x00000200bcb57a70,
0x00000200bcb5e450, 0x00000200bcb5b900, 0x00000200bcb5c2a0, 0x00000200bcb5bdd0,
0x00000200bcb58410, 0x00000200bcb59280, 0x00000200b7ff7220, 0x00000200bfbad860,
0x00000200bcb5c770, 0x00000200bfc93340, 0x00000200bf508250, 0x00000200bfc93810,
0x00000200bfbadd30
}

Java Threads: ( => current thread )
  0x000002009d380a40 JavaThread "main" [_thread_blocked, id=6980, stack(0x000000cf41600000,0x000000cf41700000)]
  0x00000200b6977a70 JavaThread "Reference Handler" daemon [_thread_blocked, id=7048, stack(0x000000cf41d00000,0x000000cf41e00000)]
  0x00000200b6979800 JavaThread "Finalizer" daemon [_thread_blocked, id=9344, stack(0x000000cf41e00000,0x000000cf41f00000)]
  0x00000200b74603c0 JavaThread "Signal Dispatcher" daemon [_thread_blocked, id=1504, stack(0x000000cf41f00000,0x000000cf42000000)]
  0x00000200b7462d90 JavaThread "Attach Listener" daemon [_thread_blocked, id=11740, stack(0x000000cf42000000,0x000000cf42100000)]
  0x00000200b7463650 JavaThread "Service Thread" daemon [_thread_blocked, id=5508, stack(0x000000cf42100000,0x000000cf42200000)]
  0x00000200b7465320 JavaThread "Monitor Deflation Thread" daemon [_thread_blocked, id=6300, stack(0x000000cf42200000,0x000000cf42300000)]
  0x00000200b7471080 JavaThread "C2 CompilerThread0" daemon [_thread_in_native, id=11940, stack(0x000000cf42300000,0x000000cf42400000)]
  0x00000200b747c270 JavaThread "C1 CompilerThread0" daemon [_thread_blocked, id=3084, stack(0x000000cf42400000,0x000000cf42500000)]
  0x00000200b747d790 JavaThread "Sweeper thread" daemon [_thread_blocked, id=3704, stack(0x000000cf42500000,0x000000cf42600000)]
  0x00000200b75da890 JavaThread "Common-Cleaner" daemon [_thread_blocked, id=1296, stack(0x000000cf42600000,0x000000cf42700000)]
  0x00000200b75fb630 JavaThread "Notification Thread" daemon [_thread_blocked, id=8636, stack(0x000000cf42700000,0x000000cf42800000)]
  0x00000200b87ab920 JavaThread "Daemon health stats" [_thread_blocked, id=2284, stack(0x000000cf42d00000,0x000000cf42e00000)]
  0x00000200b9fb1bb0 JavaThread "Incoming local TCP Connector on port 53016" [_thread_in_native, id=5848, stack(0x000000cf42e00000,0x000000cf42f00000)]
  0x00000200b8c94e60 JavaThread "Daemon periodic checks" [_thread_blocked, id=5568, stack(0x000000cf42f00000,0x000000cf43000000)]
  0x00000200b8cbd290 JavaThread "Daemon" [_thread_blocked, id=11328, stack(0x000000cf43000000,0x000000cf43100000)]
  0x00000200b8798100 JavaThread "Handler for socket connection from /127.0.0.1:53016 to /127.0.0.1:53017" [_thread_in_native, id=3872, stack(0x000000cf43100000,0x000000cf43200000)]
  0x00000200ba481530 JavaThread "Cancel handler" [_thread_blocked, id=1896, stack(0x000000cf43200000,0x000000cf43300000)]
  0x00000200b9ebc280 JavaThread "Daemon worker" [_thread_blocked, id=9080, stack(0x000000cf43300000,0x000000cf43400000)]
  0x00000200b8d582f0 JavaThread "Asynchronous log dispatcher for DefaultDaemonConnection: socket connection from /127.0.0.1:53016 to /127.0.0.1:53017" [_thread_blocked, id=11500, stack(0x000000cf43400000,0x000000cf43500000)]
  0x00000200b8d57480 JavaThread "Stdin handler" [_thread_blocked, id=1648, stack(0x000000cf43500000,0x000000cf43600000)]
  0x00000200b8d57950 JavaThread "Daemon client event forwarder" [_thread_blocked, id=5572, stack(0x000000cf43600000,0x000000cf43700000)]
  0x00000200b8d55c70 JavaThread "Cache worker for journal cache (C:\Users\Pichau\.gradle\caches\journal-1)" [_thread_blocked, id=9852, stack(0x000000cf43700000,0x000000cf43800000)]
  0x00000200b8d56140 JavaThread "File lock request listener" [_thread_in_native, id=1324, stack(0x000000cf43800000,0x000000cf43900000)]
  0x00000200b8d587c0 JavaThread "Cache worker for file hash cache (C:\Users\Pichau\.gradle\caches\8.0\fileHashes)" [_thread_blocked, id=4192, stack(0x000000cf43900000,0x000000cf43a00000)]
  0x00000200b8d557a0 JavaThread "File watcher server" daemon [_thread_blocked, id=5344, stack(0x000000cf43a00000,0x000000cf43b00000)]
  0x00000200b8d54e00 JavaThread "File watcher consumer" daemon [_thread_blocked, id=4456, stack(0x000000cf43b00000,0x000000cf43c00000)]
  0x00000200b8d56ae0 JavaThread "Cache worker for checksums cache (C:\Users\Pichau\AndroidStudioProjects\Tcc_funcionario\.gradle\8.0\checksums)" [_thread_blocked, id=6940, stack(0x000000cf43c00000,0x000000cf43d00000)]
  0x00000200b8d56610 JavaThread "Cache worker for cache directory md-rule (C:\Users\Pichau\.gradle\caches\8.0\md-rule)" [_thread_blocked, id=5060, stack(0x000000cf43d00000,0x000000cf43e00000)]
  0x00000200b8d57e20 JavaThread "Cache worker for file content cache (C:\Users\Pichau\.gradle\caches\8.0\fileContent)" [_thread_blocked, id=224, stack(0x000000cf43e00000,0x000000cf43f00000)]
  0x00000200b8d56fb0 JavaThread "Cache worker for file hash cache (C:\Users\Pichau\AndroidStudioProjects\Tcc_funcionario\.gradle\8.0\fileHashes)" [_thread_blocked, id=1368, stack(0x000000cf43f00000,0x000000cf44000000)]
  0x00000200b8d552d0 JavaThread "Cache worker for cache directory md-supplier (C:\Users\Pichau\.gradle\caches\8.0\md-supplier)" [_thread_blocked, id=2888, stack(0x000000cf44000000,0x000000cf44100000)]
  0x00000200bb8736e0 JavaThread "Cache worker for execution history cache (C:\Users\Pichau\.gradle\caches\8.0\executionHistory)" [_thread_blocked, id=3976, stack(0x000000cf44100000,0x000000cf44200000)]
  0x00000200bb8753c0 JavaThread "jar transforms" [_thread_blocked, id=2660, stack(0x000000cf44200000,0x000000cf44300000)]
  0x00000200bb875890 JavaThread "jar transforms Thread 2" [_thread_blocked, id=656, stack(0x000000cf44300000,0x000000cf44400000)]
  0x00000200bb8788b0 JavaThread "jar transforms Thread 3" [_thread_blocked, id=2436, stack(0x000000cf44400000,0x000000cf44500000)]
  0x00000200bb872d40 JavaThread "jar transforms Thread 4" [_thread_blocked, id=10496, stack(0x000000cf44500000,0x000000cf44600000)]
  0x00000200bb874080 JavaThread "Cache worker for dependencies-accessors (C:\Users\Pichau\AndroidStudioProjects\Tcc_funcionario\.gradle\8.0\dependencies-accessors)" [_thread_blocked, id=3388, stack(0x000000cf44600000,0x000000cf44700000)]
  0x00000200bb874550 JavaThread "Cache worker for Build Output Cleanup Cache (C:\Users\Pichau\AndroidStudioProjects\Tcc_funcionario\.gradle\buildOutputCleanup)" [_thread_blocked, id=12120, stack(0x000000cf44700000,0x000000cf44800000)]
  0x00000200bb871530 JavaThread "Unconstrained build operations" [_thread_blocked, id=3288, stack(0x000000cf44800000,0x000000cf44900000)]
  0x00000200bb8723a0 JavaThread "Unconstrained build operations Thread 2" [_thread_blocked, id=1560, stack(0x000000cf44900000,0x000000cf44a00000)]
  0x00000200bb876700 JavaThread "Unconstrained build operations Thread 3" [_thread_blocked, id=7300, stack(0x000000cf44a00000,0x000000cf44b00000)]
  0x00000200bb877a40 JavaThread "Unconstrained build operations Thread 4" [_thread_blocked, id=828, stack(0x000000cf44b00000,0x000000cf44c00000)]
  0x00000200bb877f10 JavaThread "Unconstrained build operations Thread 5" [_thread_blocked, id=9832, stack(0x000000cf44c00000,0x000000cf44d00000)]
  0x00000200bb873210 JavaThread "Unconstrained build operations Thread 6" [_thread_blocked, id=9424, stack(0x000000cf44d00000,0x000000cf44e00000)]
  0x00000200bb876230 JavaThread "Unconstrained build operations Thread 7" [_thread_blocked, id=7456, stack(0x000000cf44e00000,0x000000cf44f00000)]
  0x00000200bb871a00 JavaThread "Unconstrained build operations Thread 8" [_thread_blocked, id=3560, stack(0x000000cf44f00000,0x000000cf45000000)]
  0x00000200bb874ef0 JavaThread "Unconstrained build operations Thread 9" [_thread_blocked, id=1096, stack(0x000000cf45000000,0x000000cf45100000)]
  0x00000200bb876bd0 JavaThread "Unconstrained build operations Thread 10" [_thread_blocked, id=9444, stack(0x000000cf45100000,0x000000cf45200000)]
  0x00000200bb8783e0 JavaThread "Unconstrained build operations Thread 11" [_thread_blocked, id=6600, stack(0x000000cf45200000,0x000000cf45300000)]
  0x00000200bb877570 JavaThread "Unconstrained build operations Thread 12" [_thread_blocked, id=3468, stack(0x000000cf45300000,0x000000cf45400000)]
  0x00000200bb872870 JavaThread "Unconstrained build operations Thread 13" [_thread_blocked, id=3060, stack(0x000000cf45400000,0x000000cf45500000)]
  0x00000200bd2a7200 JavaThread "Unconstrained build operations Thread 14" [_thread_blocked, id=6904, stack(0x000000cf45500000,0x000000cf45600000)]
  0x00000200bd2a8070 JavaThread "Unconstrained build operations Thread 15" [_thread_blocked, id=10188, stack(0x000000cf45600000,0x000000cf45700000)]
  0x00000200bd2a4b80 JavaThread "Unconstrained build operations Thread 16" [_thread_blocked, id=1196, stack(0x000000cf45700000,0x000000cf45800000)]
  0x00000200bd2a9d50 JavaThread "Unconstrained build operations Thread 17" [_thread_blocked, id=4352, stack(0x000000cf45800000,0x000000cf45900000)]
  0x00000200bd2aabc0 JavaThread "Unconstrained build operations Thread 18" [_thread_blocked, id=12240, stack(0x000000cf45900000,0x000000cf45a00000)]
  0x00000200bd2a5050 JavaThread "Unconstrained build operations Thread 19" [_thread_blocked, id=3008, stack(0x000000cf45a00000,0x000000cf45b00000)]
  0x00000200bd2a3d10 JavaThread "Unconstrained build operations Thread 20" [_thread_blocked, id=1380, stack(0x000000cf45b00000,0x000000cf45c00000)]
  0x00000200bd2aa220 JavaThread "Unconstrained build operations Thread 21" [_thread_blocked, id=6816, stack(0x000000cf45c00000,0x000000cf45d00000)]
  0x00000200bd2a3370 JavaThread "Unconstrained build operations Thread 22" [_thread_blocked, id=4288, stack(0x000000cf45d00000,0x000000cf45e00000)]
  0x00000200bd2a6d30 JavaThread "Unconstrained build operations Thread 23" [_thread_blocked, id=11240, stack(0x000000cf45e00000,0x000000cf45f00000)]
  0x00000200bd2a76d0 JavaThread "Unconstrained build operations Thread 24" [_thread_blocked, id=4276, stack(0x000000cf45f00000,0x000000cf46000000)]
  0x00000200bd2a6860 JavaThread "Unconstrained build operations Thread 25" [_thread_blocked, id=1428, stack(0x000000cf46000000,0x000000cf46100000)]
  0x00000200bd2a9880 JavaThread "Unconstrained build operations Thread 26" [_thread_blocked, id=6964, stack(0x000000cf46100000,0x000000cf46200000)]
  0x00000200bd2a8a10 JavaThread "Unconstrained build operations Thread 27" [_thread_blocked, id=4868, stack(0x000000cf46200000,0x000000cf46300000)]
  0x00000200bd2a93b0 JavaThread "Unconstrained build operations Thread 28" [_thread_blocked, id=7852, stack(0x000000cf46300000,0x000000cf46400000)]
  0x00000200bd2a7ba0 JavaThread "Unconstrained build operations Thread 29" [_thread_blocked, id=5996, stack(0x000000cf46400000,0x000000cf46500000)]
  0x00000200bd2a3840 JavaThread "Unconstrained build operations Thread 30" [_thread_blocked, id=9140, stack(0x000000cf46500000,0x000000cf46600000)]
  0x00000200bd2a8ee0 JavaThread "Unconstrained build operations Thread 31" [_thread_blocked, id=7108, stack(0x000000cf46600000,0x000000cf46700000)]
  0x00000200bd2a41e0 JavaThread "Unconstrained build operations Thread 32" [_thread_blocked, id=7224, stack(0x000000cf46700000,0x000000cf46800000)]
  0x00000200bd2a8540 JavaThread "Unconstrained build operations Thread 33" [_thread_blocked, id=2712, stack(0x000000cf46800000,0x000000cf46900000)]
  0x00000200bd2aa6f0 JavaThread "Unconstrained build operations Thread 34" [_thread_blocked, id=7660, stack(0x000000cf46900000,0x000000cf46a00000)]
  0x00000200bd2a5ec0 JavaThread "Unconstrained build operations Thread 35" [_thread_blocked, id=3852, stack(0x000000cf46a00000,0x000000cf46b00000)]
  0x00000200bd2a46b0 JavaThread "Unconstrained build operations Thread 36" [_thread_blocked, id=8288, stack(0x000000cf46b00000,0x000000cf46c00000)]
  0x00000200bd2a5520 JavaThread "Unconstrained build operations Thread 37" [_thread_blocked, id=1004, stack(0x000000cf46c00000,0x000000cf46d00000)]
  0x00000200bd2a59f0 JavaThread "Unconstrained build operations Thread 38" [_thread_blocked, id=2636, stack(0x000000cf46d00000,0x000000cf46e00000)]
  0x00000200bd2a6390 JavaThread "Unconstrained build operations Thread 39" [_thread_blocked, id=5708, stack(0x000000cf46e00000,0x000000cf46f00000)]
  0x00000200bcb5dab0 JavaThread "Unconstrained build operations Thread 40" [_thread_blocked, id=4488, stack(0x000000cf46f00000,0x000000cf47000000)]
  0x00000200bcb57a70 JavaThread "build event listener" [_thread_blocked, id=6352, stack(0x000000cf47000000,0x000000cf47100000)]
  0x00000200bcb5e450 JavaThread "Memory manager" [_thread_blocked, id=11160, stack(0x000000cf47100000,0x000000cf47200000)]
  0x00000200bcb5b900 JavaThread "included builds" [_thread_blocked, id=9192, stack(0x000000cf47200000,0x000000cf47300000)]
  0x00000200bcb5c2a0 JavaThread "Execution worker" [_thread_blocked, id=884, stack(0x000000cf47300000,0x000000cf47400000)]
  0x00000200bcb5bdd0 JavaThread "Execution worker Thread 2" [_thread_blocked, id=9248, stack(0x000000cf47400000,0x000000cf47500000)]
  0x00000200bcb58410 JavaThread "Execution worker Thread 3" [_thread_blocked, id=9908, stack(0x000000cf47500000,0x000000cf47600000)]
  0x00000200bcb59280 JavaThread "Cache worker for execution history cache (C:\Users\Pichau\AndroidStudioProjects\Tcc_funcionario\.gradle\8.0\executionHistory)" [_thread_blocked, id=11828, stack(0x000000cf47600000,0x000000cf47700000)]
  0x00000200b7ff7220 JavaThread "C2 CompilerThread1" daemon [_thread_in_native, id=9736, stack(0x000000cf42900000,0x000000cf42a00000)]
  0x00000200bfbad860 JavaThread "WorkerExecutor Queue" [_thread_blocked, id=9076, stack(0x000000cf47700000,0x000000cf47800000)]
  0x00000200bcb5c770 JavaThread "WorkerExecutor Queue Thread 2" [_thread_blocked, id=10528, stack(0x000000cf47800000,0x000000cf47900000)]
  0x00000200bfc93340 JavaThread "WorkerExecutor Queue Thread 3" [_thread_blocked, id=6696, stack(0x000000cf47900000,0x000000cf47a00000)]
  0x00000200bf508250 JavaThread "WorkerExecutor Queue Thread 4" [_thread_blocked, id=12232, stack(0x000000cf47a00000,0x000000cf47b00000)]
  0x00000200bfc93810 JavaThread "WorkerExecutor Queue Thread 5" [_thread_blocked, id=4624, stack(0x000000cf47b00000,0x000000cf47c00000)]
  0x00000200bfbadd30 JavaThread "pool-3-thread-1" [_thread_blocked, id=7864, stack(0x000000cf47c00000,0x000000cf47d00000)]

Other Threads:
=>0x00000200b6976e70 VMThread "VM Thread" [stack: 0x000000cf41c00000,0x000000cf41d00000] [id=11108]
  0x00000200b75fbb00 WatcherThread [stack: 0x000000cf42800000,0x000000cf42900000] [id=3192]
  0x000002009d3ddcf0 GCTaskThread "GC Thread#0" [stack: 0x000000cf41700000,0x000000cf41800000] [id=10804]
  0x00000200b7b92000 GCTaskThread "GC Thread#1" [stack: 0x000000cf42a00000,0x000000cf42b00000] [id=9456]
  0x00000200b7b922b0 GCTaskThread "GC Thread#2" [stack: 0x000000cf42b00000,0x000000cf42c00000] [id=7480]
  0x00000200b7b77170 GCTaskThread "GC Thread#3" [stack: 0x000000cf42c00000,0x000000cf42d00000] [id=12020]
  0x000002009d3eeb40 ConcurrentGCThread "G1 Main Marker" [stack: 0x000000cf41800000,0x000000cf41900000] [id=372]
  0x000002009d3efc00 ConcurrentGCThread "G1 Conc#0" [stack: 0x000000cf41900000,0x000000cf41a00000] [id=2440]
  0x000002009d44e840 ConcurrentGCThread "G1 Refine#0" [stack: 0x000000cf41a00000,0x000000cf41b00000] [id=2412]
  0x00000200b67d3350 ConcurrentGCThread "G1 Service" [stack: 0x000000cf41b00000,0x000000cf41c00000] [id=5084]

Threads with active compile tasks:
C2 CompilerThread0    17326 12382 %     4       com.android.tools.r8.internal.Y9::a @ 5857 (6329 bytes)
C2 CompilerThread1    17326 12385       4       com.android.tools.r8.graph.h4::a (956 bytes)

VM state: at safepoint (normal execution)

VM Mutex/Monitor currently owned by a thread:  ([mutex/lock_event])
[0x000002009d37de60] Threads_lock - owner thread: 0x00000200b6976e70
[0x000002009d37e760] Heap_lock - owner thread: 0x00000200bfbad860

Heap address: 0x0000000080000000, size: 2048 MB, Compressed Oops mode: 32-bit

CDS archive(s) not mapped
Compressed class space mapped at: 0x0000000100000000-0x0000000140000000, reserved size: 1073741824
Narrow klass base: 0x0000000000000000, Narrow klass shift: 3, Narrow klass range: 0x140000000

GC Precious Log:
 CPUs: 4 total, 4 available
 Memory: 14264M
 Large Page Support: Disabled
 NUMA Support: Disabled
 Compressed Oops: Enabled (32-bit)
 Heap Region Size: 1M
 Heap Min Capacity: 8M
 Heap Initial Capacity: 224M
 Heap Max Capacity: 2G
 Pre-touch: Disabled
 Parallel Workers: 4
 Concurrent Workers: 1
 Concurrent Refinement Workers: 4
 Periodic GC: Disabled

Heap:
 garbage-first heap   total 229376K, used 104658K [0x0000000080000000, 0x0000000100000000)
  region size 1024K, 9 young (9216K), 9 survivors (9216K)
 Metaspace       used 101523K, committed 102272K, reserved 1138688K
  class space    used 13792K, committed 14144K, reserved 1048576K

Heap Regions: E=young(eden), S=young(survivor), O=old, HS=humongous(starts), HC=humongous(continues), CS=collection set, F=free, OA=open archive, CA=closed archive, TAMS=top-at-mark-start (previous, next)
|   0|0x0000000080000000, 0x0000000080100000, 0x0000000080100000|100%| O|  |TAMS 0x0000000080100000, 0x0000000080100000| Untracked 
|   1|0x0000000080100000, 0x0000000080200000, 0x0000000080200000|100%| O|  |TAMS 0x0000000080200000, 0x0000000080200000| Untracked 
|   2|0x0000000080200000, 0x0000000080300000, 0x0000000080300000|100%|HS|  |TAMS 0x0000000080300000, 0x0000000080300000| Complete 
|   3|0x0000000080300000, 0x0000000080400000, 0x0000000080400000|100%|HC|  |TAMS 0x0000000080400000, 0x0000000080400000| Complete 
|   4|0x0000000080400000, 0x0000000080500000, 0x0000000080500000|100%|HC|  |TAMS 0x0000000080500000, 0x0000000080500000| Complete 
|   5|0x0000000080500000, 0x0000000080600000, 0x0000000080600000|100%|HC|  |TAMS 0x0000000080600000, 0x0000000080600000| Complete 
|   6|0x0000000080600000, 0x0000000080700000, 0x0000000080700000|100%| O|  |TAMS 0x0000000080700000, 0x0000000080700000| Untracked 
|   7|0x0000000080700000, 0x0000000080800000, 0x0000000080800000|100%| O|  |TAMS 0x0000000080800000, 0x0000000080800000| Untracked 
|   8|0x0000000080800000, 0x0000000080900000, 0x0000000080900000|100%| O|  |TAMS 0x0000000080900000, 0x0000000080900000| Untracked 
|   9|0x0000000080900000, 0x0000000080a00000, 0x0000000080a00000|100%| O|  |TAMS 0x0000000080a00000, 0x0000000080a00000| Untracked 
|  10|0x0000000080a00000, 0x0000000080b00000, 0x0000000080b00000|100%| O|  |TAMS 0x0000000080b00000, 0x0000000080b00000| Untracked 
|  11|0x0000000080b00000, 0x0000000080c00000, 0x0000000080c00000|100%| O|  |TAMS 0x0000000080c00000, 0x0000000080c00000| Untracked 
|  12|0x0000000080c00000, 0x0000000080d00000, 0x0000000080d00000|100%| O|  |TAMS 0x0000000080d00000, 0x0000000080d00000| Untracked 
|  13|0x0000000080d00000, 0x0000000080e00000, 0x0000000080e00000|100%| O|  |TAMS 0x0000000080e00000, 0x0000000080e00000| Untracked 
|  14|0x0000000080e00000, 0x0000000080f00000, 0x0000000080f00000|100%| O|  |TAMS 0x0000000080f00000, 0x0000000080f00000| Untracked 
|  15|0x0000000080f00000, 0x0000000081000000, 0x0000000081000000|100%| O|  |TAMS 0x0000000081000000, 0x0000000081000000| Untracked 
|  16|0x0000000081000000, 0x0000000081100000, 0x0000000081100000|100%| O|  |TAMS 0x0000000081100000, 0x0000000081100000| Untracked 
|  17|0x0000000081100000, 0x0000000081200000, 0x0000000081200000|100%| O|  |TAMS 0x0000000081200000, 0x0000000081200000| Untracked 
|  18|0x0000000081200000, 0x0000000081300000, 0x0000000081300000|100%| O|  |TAMS 0x0000000081300000, 0x0000000081300000| Untracked 
|  19|0x0000000081300000, 0x0000000081400000, 0x0000000081400000|100%| O|  |TAMS 0x0000000081400000, 0x0000000081400000| Untracked 
|  20|0x0000000081400000, 0x0000000081500000, 0x0000000081500000|100%| O|  |TAMS 0x0000000081500000, 0x0000000081500000| Untracked 
|  21|0x0000000081500000, 0x0000000081600000, 0x0000000081600000|100%| O|  |TAMS 0x0000000081600000, 0x0000000081600000| Untracked 
|  22|0x0000000081600000, 0x0000000081700000, 0x0000000081700000|100%| O|  |TAMS 0x0000000081700000, 0x0000000081700000| Untracked 
|  23|0x0000000081700000, 0x0000000081800000, 0x0000000081800000|100%| O|  |TAMS 0x0000000081800000, 0x0000000081800000| Untracked 
|  24|0x0000000081800000, 0x0000000081900000, 0x0000000081900000|100%| O|  |TAMS 0x0000000081900000, 0x0000000081900000| Untracked 
|  25|0x0000000081900000, 0x0000000081a00000, 0x0000000081a00000|100%| O|  |TAMS 0x0000000081a00000, 0x0000000081a00000| Untracked 
|  26|0x0000000081a00000, 0x0000000081b00000, 0x0000000081b00000|100%| O|  |TAMS 0x0000000081b00000, 0x0000000081b00000| Untracked 
|  27|0x0000000081b00000, 0x0000000081c00000, 0x0000000081c00000|100%| O|  |TAMS 0x0000000081c00000, 0x0000000081c00000| Untracked 
|  28|0x0000000081c00000, 0x0000000081d00000, 0x0000000081d00000|100%| O|  |TAMS 0x0000000081c00000, 0x0000000081d00000| Untracked 
|  29|0x0000000081d00000, 0x0000000081e00000, 0x0000000081e00000|100%| O|  |TAMS 0x0000000081e00000, 0x0000000081e00000| Untracked 
|  30|0x0000000081e00000, 0x0000000081f00000, 0x0000000081f00000|100%| O|  |TAMS 0x0000000081f00000, 0x0000000081f00000| Untracked 
|  31|0x0000000081f00000, 0x0000000082000000, 0x0000000082000000|100%| O|  |TAMS 0x0000000082000000, 0x0000000082000000| Untracked 
|  32|0x0000000082000000, 0x0000000082100000, 0x0000000082100000|100%| O|  |TAMS 0x0000000082100000, 0x0000000082100000| Untracked 
|  33|0x0000000082100000, 0x0000000082200000, 0x0000000082200000|100%| O|  |TAMS 0x0000000082200000, 0x0000000082200000| Untracked 
|  34|0x0000000082200000, 0x0000000082200000, 0x0000000082300000|  0%| F|  |TAMS 0x0000000082200000, 0x0000000082200000| Untracked 
|  35|0x0000000082300000, 0x0000000082300000, 0x0000000082400000|  0%| F|  |TAMS 0x0000000082300000, 0x0000000082300000| Untracked 
|  36|0x0000000082400000, 0x0000000082500000, 0x0000000082500000|100%|HS|  |TAMS 0x0000000082500000, 0x0000000082500000| Complete 
|  37|0x0000000082500000, 0x0000000082600000, 0x0000000082600000|100%|HS|  |TAMS 0x0000000082600000, 0x0000000082600000| Complete 
|  38|0x0000000082600000, 0x0000000082700000, 0x0000000082700000|100%| O|  |TAMS 0x0000000082700000, 0x0000000082700000| Untracked 
|  39|0x0000000082700000, 0x0000000082800000, 0x0000000082800000|100%| O|  |TAMS 0x0000000082800000, 0x0000000082800000| Untracked 
|  40|0x0000000082800000, 0x0000000082900000, 0x0000000082900000|100%| O|  |TAMS 0x0000000082900000, 0x0000000082900000| Untracked 
|  41|0x0000000082900000, 0x0000000082a00000, 0x0000000082a00000|100%| O|  |TAMS 0x0000000082a00000, 0x0000000082a00000| Untracked 
|  42|0x0000000082a00000, 0x0000000082b00000, 0x0000000082b00000|100%| O|  |TAMS 0x0000000082b00000, 0x0000000082b00000| Untracked 
|  43|0x0000000082b00000, 0x0000000082c00000, 0x0000000082c00000|100%| O|  |TAMS 0x0000000082c00000, 0x0000000082c00000| Untracked 
|  44|0x0000000082c00000, 0x0000000082d00000, 0x0000000082d00000|100%| O|  |TAMS 0x0000000082d00000, 0x0000000082d00000| Untracked 
|  45|0x0000000082d00000, 0x0000000082e00000, 0x0000000082e00000|100%| O|  |TAMS 0x0000000082e00000, 0x0000000082e00000| Untracked 
|  46|0x0000000082e00000, 0x0000000082f00000, 0x0000000082f00000|100%| O|  |TAMS 0x0000000082f00000, 0x0000000082f00000| Untracked 
|  47|0x0000000082f00000, 0x0000000083000000, 0x0000000083000000|100%| O|  |TAMS 0x0000000083000000, 0x0000000083000000| Untracked 
|  48|0x0000000083000000, 0x0000000083100000, 0x0000000083100000|100%| O|  |TAMS 0x0000000083100000, 0x0000000083100000| Untracked 
|  49|0x0000000083100000, 0x0000000083200000, 0x0000000083200000|100%| O|  |TAMS 0x0000000083200000, 0x0000000083200000| Untracked 
|  50|0x0000000083200000, 0x0000000083300000, 0x0000000083300000|100%| O|  |TAMS 0x0000000083300000, 0x0000000083300000| Untracked 
|  51|0x0000000083300000, 0x0000000083400000, 0x0000000083400000|100%| O|  |TAMS 0x0000000083400000, 0x0000000083400000| Untracked 
|  52|0x0000000083400000, 0x0000000083500000, 0x0000000083500000|100%| O|  |TAMS 0x0000000083500000, 0x0000000083500000| Untracked 
|  53|0x0000000083500000, 0x0000000083600000, 0x0000000083600000|100%| O|  |TAMS 0x0000000083600000, 0x0000000083600000| Untracked 
|  54|0x0000000083600000, 0x0000000083700000, 0x0000000083700000|100%| O|  |TAMS 0x0000000083700000, 0x0000000083700000| Untracked 
|  55|0x0000000083700000, 0x0000000083800000, 0x0000000083800000|100%| O|  |TAMS 0x0000000083800000, 0x0000000083800000| Untracked 
|  56|0x0000000083800000, 0x0000000083900000, 0x0000000083900000|100%| O|  |TAMS 0x0000000083900000, 0x0000000083900000| Untracked 
|  57|0x0000000083900000, 0x0000000083a00000, 0x0000000083a00000|100%| O|  |TAMS 0x0000000083a00000, 0x0000000083a00000| Untracked 
|  58|0x0000000083a00000, 0x0000000083b00000, 0x0000000083b00000|100%| O|  |TAMS 0x0000000083b00000, 0x0000000083b00000| Untracked 
|  59|0x0000000083b00000, 0x0000000083c00000, 0x0000000083c00000|100%| O|  |TAMS 0x0000000083c00000, 0x0000000083c00000| Untracked 
|  60|0x0000000083c00000, 0x0000000083d00000, 0x0000000083d00000|100%| O|  |TAMS 0x0000000083d00000, 0x0000000083d00000| Untracked 
|  61|0x0000000083d00000, 0x0000000083e00000, 0x0000000083e00000|100%| O|  |TAMS 0x0000000083e00000, 0x0000000083e00000| Untracked 
|  62|0x0000000083e00000, 0x0000000083f00000, 0x0000000083f00000|100%| O|  |TAMS 0x0000000083f00000, 0x0000000083f00000| Untracked 
|  63|0x0000000083f00000, 0x0000000084000000, 0x0000000084000000|100%| O|  |TAMS 0x0000000084000000, 0x0000000084000000| Untracked 
|  64|0x0000000084000000, 0x0000000084100000, 0x0000000084100000|100%| O|  |TAMS 0x0000000084100000, 0x0000000084100000| Untracked 
|  65|0x0000000084100000, 0x0000000084200000, 0x0000000084200000|100%| O|  |TAMS 0x0000000084200000, 0x0000000084200000| Untracked 
|  66|0x0000000084200000, 0x0000000084300000, 0x0000000084300000|100%| O|  |TAMS 0x0000000084300000, 0x0000000084300000| Untracked 
|  67|0x0000000084300000, 0x0000000084400000, 0x0000000084400000|100%| O|  |TAMS 0x0000000084400000, 0x0000000084400000| Untracked 
|  68|0x0000000084400000, 0x0000000084500000, 0x0000000084500000|100%| O|  |TAMS 0x0000000084500000, 0x0000000084500000| Untracked 
|  69|0x0000000084500000, 0x0000000084600000, 0x0000000084600000|100%| O|  |TAMS 0x0000000084600000, 0x0000000084600000| Untracked 
|  70|0x0000000084600000, 0x0000000084700000, 0x0000000084700000|100%| O|  |TAMS 0x0000000084700000, 0x0000000084700000| Untracked 
|  71|0x0000000084700000, 0x0000000084800000, 0x0000000084800000|100%| O|  |TAMS 0x0000000084800000, 0x0000000084800000| Untracked 
|  72|0x0000000084800000, 0x0000000084900000, 0x0000000084900000|100%| O|  |TAMS 0x0000000084900000, 0x0000000084900000| Untracked 
|  73|0x0000000084900000, 0x0000000084a00000, 0x0000000084a00000|100%| O|  |TAMS 0x0000000084a00000, 0x0000000084a00000| Untracked 
|  74|0x0000000084a00000, 0x0000000084b00000, 0x0000000084b00000|100%| O|  |TAMS 0x0000000084b00000, 0x0000000084b00000| Untracked 
|  75|0x0000000084b00000, 0x0000000084c00000, 0x0000000084c00000|100%| O|  |TAMS 0x0000000084c00000, 0x0000000084c00000| Untracked 
|  76|0x0000000084c00000, 0x0000000084d00000, 0x0000000084d00000|100%| O|  |TAMS 0x0000000084d00000, 0x0000000084d00000| Untracked 
|  77|0x0000000084d00000, 0x0000000084e00000, 0x0000000084e00000|100%| O|  |TAMS 0x0000000084e00000, 0x0000000084e00000| Untracked 
|  78|0x0000000084e00000, 0x0000000084f00000, 0x0000000084f00000|100%| O|  |TAMS 0x0000000084f00000, 0x0000000084f00000| Untracked 
|  79|0x0000000084f00000, 0x0000000085000000, 0x0000000085000000|100%| O|  |TAMS 0x0000000085000000, 0x0000000085000000| Untracked 
|  80|0x0000000085000000, 0x0000000085100000, 0x0000000085100000|100%| O|  |TAMS 0x0000000085100000, 0x0000000085100000| Untracked 
|  81|0x0000000085100000, 0x0000000085200000, 0x0000000085200000|100%| O|  |TAMS 0x00000000851d2200, 0x0000000085200000| Untracked 
|  82|0x0000000085200000, 0x0000000085300000, 0x0000000085300000|100%| O|  |TAMS 0x0000000085200000, 0x0000000085300000| Untracked 
|  83|0x0000000085300000, 0x0000000085400000, 0x0000000085400000|100%| O|  |TAMS 0x0000000085300000, 0x0000000085400000| Untracked 
|  84|0x0000000085400000, 0x0000000085500000, 0x0000000085500000|100%| O|  |TAMS 0x0000000085400000, 0x0000000085500000| Untracked 
|  85|0x0000000085500000, 0x0000000085600000, 0x0000000085600000|100%| O|  |TAMS 0x0000000085500000, 0x0000000085600000| Untracked 
|  86|0x0000000085600000, 0x0000000085700000, 0x0000000085700000|100%| O|  |TAMS 0x0000000085600000, 0x0000000085700000| Untracked 
|  87|0x0000000085700000, 0x0000000085800000, 0x0000000085800000|100%| O|  |TAMS 0x0000000085700000, 0x0000000085800000| Untracked 
|  88|0x0000000085800000, 0x0000000085900000, 0x0000000085900000|100%| O|  |TAMS 0x0000000085800000, 0x0000000085900000| Untracked 
|  89|0x0000000085900000, 0x0000000085a00000, 0x0000000085a00000|100%| O|  |TAMS 0x0000000085900000, 0x0000000085a00000| Untracked 
|  90|0x0000000085a00000, 0x0000000085b00000, 0x0000000085b00000|100%| O|  |TAMS 0x0000000085a00000, 0x0000000085b00000| Untracked 
|  91|0x0000000085b00000, 0x0000000085c00000, 0x0000000085c00000|100%| O|  |TAMS 0x0000000085b00000, 0x0000000085c00000| Untracked 
|  92|0x0000000085c00000, 0x0000000085d00000, 0x0000000085d00000|100%| O|  |TAMS 0x0000000085c00000, 0x0000000085d00000| Untracked 
|  93|0x0000000085d00000, 0x0000000085e00000, 0x0000000085e00000|100%| O|  |TAMS 0x0000000085d00000, 0x0000000085e00000| Untracked 
|  94|0x0000000085e00000, 0x0000000085f00000, 0x0000000085f00000|100%| O|  |TAMS 0x0000000085e00000, 0x0000000085f00000| Untracked 
|  95|0x0000000085f00000, 0x0000000085f3c600, 0x0000000086000000| 23%| O|  |TAMS 0x0000000085f00000, 0x0000000085f3c600| Untracked 
|  96|0x0000000086000000, 0x0000000086000000, 0x0000000086100000|  0%| F|  |TAMS 0x0000000086000000, 0x0000000086000000| Untracked 
|  97|0x0000000086100000, 0x0000000086100000, 0x0000000086200000|  0%| F|  |TAMS 0x0000000086100000, 0x0000000086100000| Untracked 
|  98|0x0000000086200000, 0x0000000086200000, 0x0000000086300000|  0%| F|  |TAMS 0x0000000086200000, 0x0000000086200000| Untracked 
|  99|0x0000000086300000, 0x0000000086300000, 0x0000000086400000|  0%| F|  |TAMS 0x0000000086300000, 0x0000000086300000| Untracked 
| 100|0x0000000086400000, 0x0000000086400000, 0x0000000086500000|  0%| F|  |TAMS 0x0000000086400000, 0x0000000086400000| Untracked 
| 101|0x0000000086500000, 0x0000000086500000, 0x0000000086600000|  0%| F|  |TAMS 0x0000000086500000, 0x0000000086500000| Untracked 
| 102|0x0000000086600000, 0x0000000086600000, 0x0000000086700000|  0%| F|  |TAMS 0x0000000086600000, 0x0000000086600000| Untracked 
| 103|0x0000000086700000, 0x0000000086700000, 0x0000000086800000|  0%| F|  |TAMS 0x0000000086700000, 0x0000000086700000| Untracked 
| 104|0x0000000086800000, 0x0000000086800000, 0x0000000086900000|  0%| F|  |TAMS 0x0000000086800000, 0x0000000086800000| Untracked 
| 105|0x0000000086900000, 0x0000000086900000, 0x0000000086a00000|  0%| F|  |TAMS 0x0000000086900000, 0x0000000086900000| Untracked 
| 106|0x0000000086a00000, 0x0000000086a00000, 0x0000000086b00000|  0%| F|  |TAMS 0x0000000086a00000, 0x0000000086a00000| Untracked 
| 107|0x0000000086b00000, 0x0000000086b00000, 0x0000000086c00000|  0%| F|  |TAMS 0x0000000086b00000, 0x0000000086b00000| Untracked 
| 108|0x0000000086c00000, 0x0000000086c00000, 0x0000000086d00000|  0%| F|  |TAMS 0x0000000086c00000, 0x0000000086c00000| Untracked 
| 109|0x0000000086d00000, 0x0000000086d00000, 0x0000000086e00000|  0%| F|  |TAMS 0x0000000086d00000, 0x0000000086d00000| Untracked 
| 110|0x0000000086e00000, 0x0000000086e00000, 0x0000000086f00000|  0%| F|  |TAMS 0x0000000086e00000, 0x0000000086e00000| Untracked 
| 111|0x0000000086f00000, 0x0000000086f00000, 0x0000000087000000|  0%| F|  |TAMS 0x0000000086f00000, 0x0000000086f00000| Untracked 
| 112|0x0000000087000000, 0x0000000087000000, 0x0000000087100000|  0%| F|  |TAMS 0x0000000087000000, 0x0000000087000000| Untracked 
| 113|0x0000000087100000, 0x0000000087100000, 0x0000000087200000|  0%| F|  |TAMS 0x0000000087100000, 0x0000000087100000| Untracked 
| 114|0x0000000087200000, 0x0000000087200000, 0x0000000087300000|  0%| F|  |TAMS 0x0000000087200000, 0x0000000087200000| Untracked 
| 115|0x0000000087300000, 0x0000000087300000, 0x0000000087400000|  0%| F|  |TAMS 0x0000000087300000, 0x0000000087300000| Untracked 
| 116|0x0000000087400000, 0x0000000087400000, 0x0000000087500000|  0%| F|  |TAMS 0x0000000087400000, 0x0000000087400000| Untracked 
| 117|0x0000000087500000, 0x0000000087500000, 0x0000000087600000|  0%| F|  |TAMS 0x0000000087500000, 0x0000000087500000| Untracked 
| 118|0x0000000087600000, 0x0000000087600000, 0x0000000087700000|  0%| F|  |TAMS 0x0000000087600000, 0x0000000087600000| Untracked 
| 119|0x0000000087700000, 0x0000000087700000, 0x0000000087800000|  0%| F|  |TAMS 0x0000000087700000, 0x0000000087700000| Untracked 
| 120|0x0000000087800000, 0x0000000087800000, 0x0000000087900000|  0%| F|  |TAMS 0x0000000087800000, 0x0000000087800000| Untracked 
| 121|0x0000000087900000, 0x0000000087900000, 0x0000000087a00000|  0%| F|  |TAMS 0x0000000087900000, 0x0000000087900000| Untracked 
| 122|0x0000000087a00000, 0x0000000087a00000, 0x0000000087b00000|  0%| F|  |TAMS 0x0000000087a00000, 0x0000000087a00000| Untracked 
| 123|0x0000000087b00000, 0x0000000087b00000, 0x0000000087c00000|  0%| F|  |TAMS 0x0000000087b00000, 0x0000000087b00000| Untracked 
| 124|0x0000000087c00000, 0x0000000087c00000, 0x0000000087d00000|  0%| F|  |TAMS 0x0000000087c00000, 0x0000000087c00000| Untracked 
| 125|0x0000000087d00000, 0x0000000087df8430, 0x0000000087e00000| 96%| S|CS|TAMS 0x0000000087d00000, 0x0000000087d00000| Complete 
| 126|0x0000000087e00000, 0x0000000087f00000, 0x0000000087f00000|100%| S|CS|TAMS 0x0000000087e00000, 0x0000000087e00000| Complete 
| 127|0x0000000087f00000, 0x0000000088000000, 0x0000000088000000|100%| S|CS|TAMS 0x0000000087f00000, 0x0000000087f00000| Complete 
| 128|0x0000000088000000, 0x0000000088100000, 0x0000000088100000|100%| S|CS|TAMS 0x0000000088000000, 0x0000000088000000| Complete 
| 129|0x0000000088100000, 0x0000000088200000, 0x0000000088200000|100%| S|CS|TAMS 0x0000000088100000, 0x0000000088100000| Complete 
| 130|0x0000000088200000, 0x0000000088300000, 0x0000000088300000|100%| S|CS|TAMS 0x0000000088200000, 0x0000000088200000| Complete 
| 131|0x0000000088300000, 0x0000000088400000, 0x0000000088400000|100%| S|CS|TAMS 0x0000000088300000, 0x0000000088300000| Complete 
| 132|0x0000000088400000, 0x0000000088500000, 0x0000000088500000|100%| S|CS|TAMS 0x0000000088400000, 0x0000000088400000| Complete 
| 133|0x0000000088500000, 0x0000000088600000, 0x0000000088600000|100%| S|CS|TAMS 0x0000000088500000, 0x0000000088500000| Complete 
| 134|0x0000000088600000, 0x0000000088600000, 0x0000000088700000|  0%| F|  |TAMS 0x0000000088600000, 0x0000000088600000| Untracked 
| 135|0x0000000088700000, 0x0000000088700000, 0x0000000088800000|  0%| F|  |TAMS 0x0000000088700000, 0x0000000088700000| Untracked 
| 136|0x0000000088800000, 0x0000000088800000, 0x0000000088900000|  0%| F|  |TAMS 0x0000000088800000, 0x0000000088800000| Untracked 
| 137|0x0000000088900000, 0x0000000088900000, 0x0000000088a00000|  0%| F|  |TAMS 0x0000000088900000, 0x0000000088900000| Untracked 
| 138|0x0000000088a00000, 0x0000000088a00000, 0x0000000088b00000|  0%| F|  |TAMS 0x0000000088a00000, 0x0000000088a00000| Untracked 
| 139|0x0000000088b00000, 0x0000000088b00000, 0x0000000088c00000|  0%| F|  |TAMS 0x0000000088b00000, 0x0000000088b00000| Untracked 
| 140|0x0000000088c00000, 0x0000000088c00000, 0x0000000088d00000|  0%| F|  |TAMS 0x0000000088c00000, 0x0000000088c00000| Untracked 
| 141|0x0000000088d00000, 0x0000000088d00000, 0x0000000088e00000|  0%| F|  |TAMS 0x0000000088d00000, 0x0000000088d00000| Untracked 
| 142|0x0000000088e00000, 0x0000000088e00000, 0x0000000088f00000|  0%| F|  |TAMS 0x0000000088e00000, 0x0000000088e00000| Untracked 
| 143|0x0000000088f00000, 0x0000000088f00000, 0x0000000089000000|  0%| F|  |TAMS 0x0000000088f00000, 0x0000000088f00000| Untracked 
| 144|0x0000000089000000, 0x0000000089000000, 0x0000000089100000|  0%| F|  |TAMS 0x0000000089000000, 0x0000000089000000| Untracked 
| 145|0x0000000089100000, 0x0000000089100000, 0x0000000089200000|  0%| F|  |TAMS 0x0000000089100000, 0x0000000089100000| Untracked 
| 146|0x0000000089200000, 0x0000000089200000, 0x0000000089300000|  0%| F|  |TAMS 0x0000000089200000, 0x0000000089200000| Untracked 
| 147|0x0000000089300000, 0x0000000089300000, 0x0000000089400000|  0%| F|  |TAMS 0x0000000089300000, 0x0000000089300000| Untracked 
| 148|0x0000000089400000, 0x0000000089400000, 0x0000000089500000|  0%| F|  |TAMS 0x0000000089400000, 0x0000000089400000| Untracked 
| 149|0x0000000089500000, 0x0000000089500000, 0x0000000089600000|  0%| F|  |TAMS 0x0000000089500000, 0x0000000089500000| Untracked 
| 150|0x0000000089600000, 0x0000000089600000, 0x0000000089700000|  0%| F|  |TAMS 0x0000000089600000, 0x0000000089600000| Untracked 
| 151|0x0000000089700000, 0x0000000089700000, 0x0000000089800000|  0%| F|  |TAMS 0x0000000089700000, 0x0000000089700000| Untracked 
| 152|0x0000000089800000, 0x0000000089800000, 0x0000000089900000|  0%| F|  |TAMS 0x0000000089800000, 0x0000000089800000| Untracked 
| 153|0x0000000089900000, 0x0000000089900000, 0x0000000089a00000|  0%| F|  |TAMS 0x0000000089900000, 0x0000000089900000| Untracked 
| 154|0x0000000089a00000, 0x0000000089a00000, 0x0000000089b00000|  0%| F|  |TAMS 0x0000000089a00000, 0x0000000089a00000| Untracked 
| 155|0x0000000089b00000, 0x0000000089b00000, 0x0000000089c00000|  0%| F|  |TAMS 0x0000000089b00000, 0x0000000089b00000| Untracked 
| 156|0x0000000089c00000, 0x0000000089c00000, 0x0000000089d00000|  0%| F|  |TAMS 0x0000000089c00000, 0x0000000089c00000| Untracked 
| 157|0x0000000089d00000, 0x0000000089d00000, 0x0000000089e00000|  0%| F|  |TAMS 0x0000000089d00000, 0x0000000089d00000| Untracked 
| 158|0x0000000089e00000, 0x0000000089e00000, 0x0000000089f00000|  0%| F|  |TAMS 0x0000000089e00000, 0x0000000089e00000| Untracked 
| 159|0x0000000089f00000, 0x0000000089f00000, 0x000000008a000000|  0%| F|  |TAMS 0x0000000089f00000, 0x0000000089f00000| Untracked 
| 160|0x000000008a000000, 0x000000008a000000, 0x000000008a100000|  0%| F|  |TAMS 0x000000008a000000, 0x000000008a000000| Untracked 
| 161|0x000000008a100000, 0x000000008a100000, 0x000000008a200000|  0%| F|  |TAMS 0x000000008a100000, 0x000000008a100000| Untracked 
| 162|0x000000008a200000, 0x000000008a200000, 0x000000008a300000|  0%| F|  |TAMS 0x000000008a200000, 0x000000008a200000| Untracked 
| 163|0x000000008a300000, 0x000000008a300000, 0x000000008a400000|  0%| F|  |TAMS 0x000000008a300000, 0x000000008a300000| Untracked 
| 164|0x000000008a400000, 0x000000008a400000, 0x000000008a500000|  0%| F|  |TAMS 0x000000008a400000, 0x000000008a400000| Untracked 
| 165|0x000000008a500000, 0x000000008a500000, 0x000000008a600000|  0%| F|  |TAMS 0x000000008a500000, 0x000000008a500000| Untracked 
| 166|0x000000008a600000, 0x000000008a600000, 0x000000008a700000|  0%| F|  |TAMS 0x000000008a600000, 0x000000008a600000| Untracked 
| 167|0x000000008a700000, 0x000000008a700000, 0x000000008a800000|  0%| F|  |TAMS 0x000000008a700000, 0x000000008a700000| Untracked 
| 168|0x000000008a800000, 0x000000008a800000, 0x000000008a900000|  0%| F|  |TAMS 0x000000008a800000, 0x000000008a800000| Untracked 
| 169|0x000000008a900000, 0x000000008a900000, 0x000000008aa00000|  0%| F|  |TAMS 0x000000008a900000, 0x000000008a900000| Untracked 
| 170|0x000000008aa00000, 0x000000008aa00000, 0x000000008ab00000|  0%| F|  |TAMS 0x000000008aa00000, 0x000000008aa00000| Untracked 
| 171|0x000000008ab00000, 0x000000008ab00000, 0x000000008ac00000|  0%| F|  |TAMS 0x000000008ab00000, 0x000000008ab00000| Untracked 
| 172|0x000000008ac00000, 0x000000008ac00000, 0x000000008ad00000|  0%| F|  |TAMS 0x000000008ac00000, 0x000000008ac00000| Untracked 
| 173|0x000000008ad00000, 0x000000008ad00000, 0x000000008ae00000|  0%| F|  |TAMS 0x000000008ad00000, 0x000000008ad00000| Untracked 
| 174|0x000000008ae00000, 0x000000008ae00000, 0x000000008af00000|  0%| F|  |TAMS 0x000000008ae00000, 0x000000008ae00000| Untracked 
| 175|0x000000008af00000, 0x000000008af00000, 0x000000008b000000|  0%| F|  |TAMS 0x000000008af00000, 0x000000008af00000| Untracked 
| 176|0x000000008b000000, 0x000000008b000000, 0x000000008b100000|  0%| F|  |TAMS 0x000000008b000000, 0x000000008b000000| Untracked 
| 177|0x000000008b100000, 0x000000008b100000, 0x000000008b200000|  0%| F|  |TAMS 0x000000008b100000, 0x000000008b100000| Untracked 
| 178|0x000000008b200000, 0x000000008b200000, 0x000000008b300000|  0%| F|  |TAMS 0x000000008b200000, 0x000000008b200000| Untracked 
| 179|0x000000008b300000, 0x000000008b300000, 0x000000008b400000|  0%| F|  |TAMS 0x000000008b300000, 0x000000008b300000| Untracked 
| 180|0x000000008b400000, 0x000000008b400000, 0x000000008b500000|  0%| F|  |TAMS 0x000000008b400000, 0x000000008b400000| Untracked 
| 181|0x000000008b500000, 0x000000008b500000, 0x000000008b600000|  0%| F|  |TAMS 0x000000008b500000, 0x000000008b500000| Untracked 
| 182|0x000000008b600000, 0x000000008b600000, 0x000000008b700000|  0%| F|  |TAMS 0x000000008b600000, 0x000000008b600000| Untracked 
| 183|0x000000008b700000, 0x000000008b700000, 0x000000008b800000|  0%| F|  |TAMS 0x000000008b700000, 0x000000008b700000| Untracked 
| 184|0x000000008b800000, 0x000000008b800000, 0x000000008b900000|  0%| F|  |TAMS 0x000000008b800000, 0x000000008b800000| Untracked 
| 185|0x000000008b900000, 0x000000008b900000, 0x000000008ba00000|  0%| F|  |TAMS 0x000000008b900000, 0x000000008b900000| Untracked 
| 186|0x000000008ba00000, 0x000000008ba00000, 0x000000008bb00000|  0%| F|  |TAMS 0x000000008ba00000, 0x000000008ba00000| Untracked 
| 187|0x000000008bb00000, 0x000000008bb00000, 0x000000008bc00000|  0%| F|  |TAMS 0x000000008bb00000, 0x000000008bb00000| Untracked 
| 188|0x000000008bc00000, 0x000000008bc00000, 0x000000008bd00000|  0%| F|  |TAMS 0x000000008bc00000, 0x000000008bc00000| Untracked 
| 189|0x000000008bd00000, 0x000000008bd00000, 0x000000008be00000|  0%| F|  |TAMS 0x000000008bd00000, 0x000000008bd00000| Untracked 
| 190|0x000000008be00000, 0x000000008be00000, 0x000000008bf00000|  0%| F|  |TAMS 0x000000008be00000, 0x000000008be00000| Untracked 
| 191|0x000000008bf00000, 0x000000008bf00000, 0x000000008c000000|  0%| F|  |TAMS 0x000000008bf00000, 0x000000008bf00000| Untracked 
| 192|0x000000008c000000, 0x000000008c000000, 0x000000008c100000|  0%| F|  |TAMS 0x000000008c000000, 0x000000008c000000| Untracked 
| 193|0x000000008c100000, 0x000000008c100000, 0x000000008c200000|  0%| F|  |TAMS 0x000000008c100000, 0x000000008c100000| Untracked 
| 194|0x000000008c200000, 0x000000008c200000, 0x000000008c300000|  0%| F|  |TAMS 0x000000008c200000, 0x000000008c200000| Untracked 
| 195|0x000000008c300000, 0x000000008c300000, 0x000000008c400000|  0%| F|  |TAMS 0x000000008c300000, 0x000000008c300000| Untracked 
| 196|0x000000008c400000, 0x000000008c400000, 0x000000008c500000|  0%| F|  |TAMS 0x000000008c400000, 0x000000008c400000| Untracked 
| 197|0x000000008c500000, 0x000000008c500000, 0x000000008c600000|  0%| F|  |TAMS 0x000000008c500000, 0x000000008c500000| Untracked 
| 198|0x000000008c600000, 0x000000008c600000, 0x000000008c700000|  0%| F|  |TAMS 0x000000008c600000, 0x000000008c600000| Untracked 
| 199|0x000000008c700000, 0x000000008c700000, 0x000000008c800000|  0%| F|  |TAMS 0x000000008c700000, 0x000000008c700000| Untracked 
| 200|0x000000008c800000, 0x000000008c800000, 0x000000008c900000|  0%| F|  |TAMS 0x000000008c800000, 0x000000008c800000| Untracked 
| 201|0x000000008c900000, 0x000000008c900000, 0x000000008ca00000|  0%| F|  |TAMS 0x000000008c900000, 0x000000008c900000| Untracked 
| 202|0x000000008ca00000, 0x000000008ca00000, 0x000000008cb00000|  0%| F|  |TAMS 0x000000008ca00000, 0x000000008ca00000| Untracked 
| 203|0x000000008cb00000, 0x000000008cb00000, 0x000000008cc00000|  0%| F|  |TAMS 0x000000008cb00000, 0x000000008cb00000| Untracked 
| 204|0x000000008cc00000, 0x000000008cc00000, 0x000000008cd00000|  0%| F|  |TAMS 0x000000008cc00000, 0x000000008cc00000| Untracked 
| 205|0x000000008cd00000, 0x000000008cd00000, 0x000000008ce00000|  0%| F|  |TAMS 0x000000008cd00000, 0x000000008cd00000| Untracked 
| 206|0x000000008ce00000, 0x000000008ce00000, 0x000000008cf00000|  0%| F|  |TAMS 0x000000008ce00000, 0x000000008ce00000| Untracked 
| 207|0x000000008cf00000, 0x000000008cf00000, 0x000000008d000000|  0%| F|  |TAMS 0x000000008cf00000, 0x000000008cf00000| Untracked 
| 208|0x000000008d000000, 0x000000008d000000, 0x000000008d100000|  0%| F|  |TAMS 0x000000008d000000, 0x000000008d000000| Untracked 
| 209|0x000000008d100000, 0x000000008d100000, 0x000000008d200000|  0%| F|  |TAMS 0x000000008d100000, 0x000000008d100000| Untracked 
| 210|0x000000008d200000, 0x000000008d200000, 0x000000008d300000|  0%| F|  |TAMS 0x000000008d200000, 0x000000008d200000| Untracked 
| 211|0x000000008d300000, 0x000000008d300000, 0x000000008d400000|  0%| F|  |TAMS 0x000000008d300000, 0x000000008d300000| Untracked 
| 212|0x000000008d400000, 0x000000008d400000, 0x000000008d500000|  0%| F|  |TAMS 0x000000008d400000, 0x000000008d400000| Untracked 
| 213|0x000000008d500000, 0x000000008d500000, 0x000000008d600000|  0%| F|  |TAMS 0x000000008d500000, 0x000000008d500000| Untracked 
| 214|0x000000008d600000, 0x000000008d600000, 0x000000008d700000|  0%| F|  |TAMS 0x000000008d600000, 0x000000008d600000| Untracked 
| 215|0x000000008d700000, 0x000000008d700000, 0x000000008d800000|  0%| F|  |TAMS 0x000000008d700000, 0x000000008d700000| Untracked 
| 216|0x000000008d800000, 0x000000008d800000, 0x000000008d900000|  0%| F|  |TAMS 0x000000008d800000, 0x000000008d800000| Untracked 
| 217|0x000000008d900000, 0x000000008d900000, 0x000000008da00000|  0%| F|  |TAMS 0x000000008d900000, 0x000000008d900000| Untracked 
| 218|0x000000008da00000, 0x000000008da00000, 0x000000008db00000|  0%| F|  |TAMS 0x000000008da00000, 0x000000008da00000| Untracked 
| 219|0x000000008db00000, 0x000000008db00000, 0x000000008dc00000|  0%| F|  |TAMS 0x000000008db00000, 0x000000008db00000| Untracked 
| 220|0x000000008dc00000, 0x000000008dc00000, 0x000000008dd00000|  0%| F|  |TAMS 0x000000008dc00000, 0x000000008dc00000| Untracked 
| 221|0x000000008dd00000, 0x000000008dd00000, 0x000000008de00000|  0%| F|  |TAMS 0x000000008dd00000, 0x000000008dd00000| Untracked 
| 222|0x000000008de00000, 0x000000008de00000, 0x000000008df00000|  0%| F|  |TAMS 0x000000008de00000, 0x000000008de00000| Untracked 
| 223|0x000000008df00000, 0x000000008df00000, 0x000000008e000000|  0%| F|  |TAMS 0x000000008df00000, 0x000000008df00000| Untracked 

Card table byte_map: [0x00000200afc50000,0x00000200b0050000] _byte_map_base: 0x00000200af850000

Marking Bits (Prev, Next): (CMBitMap*) 0x000002009d3de250, (CMBitMap*) 0x000002009d3de210
 Prev Bits: [0x00000200b2450000, 0x00000200b4450000)
 Next Bits: [0x00000200b0450000, 0x00000200b2450000)

Polling page: 0x000002009cb50000

Metaspace:

Usage:
  Non-class:     85.68 MB used.
      Class:     13.47 MB used.
       Both:     99.14 MB used.

Virtual space:
  Non-class space:       88.00 MB reserved,      86.06 MB ( 98%) committed,  11 nodes.
      Class space:        1.00 GB reserved,      13.81 MB (  1%) committed,  1 nodes.
             Both:        1.09 GB reserved,      99.88 MB (  9%) committed. 

Chunk freelists:
   Non-Class:  1.64 MB
       Class:  2.20 MB
        Both:  3.84 MB

MaxMetaspaceSize: unlimited
CompressedClassSpaceSize: 1.00 GB
Initial GC threshold: 21.00 MB
Current GC threshold: 152.31 MB
CDS: off
MetaspaceReclaimPolicy: balanced
 - commit_granule_bytes: 65536.
 - commit_granule_words: 8192.
 - virtual_space_node_default_size: 1048576.
 - enlarge_chunks_in_place: 1.
 - new_chunks_are_fully_committed: 0.
 - uncommit_free_chunks: 1.
 - use_allocation_guard: 0.
 - handle_deallocations: 1.


Internal statistics:

num_allocs_failed_limit: 6.
num_arena_births: 970.
num_arena_deaths: 4.
num_vsnodes_births: 12.
num_vsnodes_deaths: 0.
num_space_committed: 1598.
num_space_uncommitted: 0.
num_chunks_returned_to_freelist: 12.
num_chunks_taken_from_freelist: 4730.
num_chunk_merges: 7.
num_chunk_splits: 3161.
num_chunks_enlarged: 2142.
num_purges: 2.
num_inconsistent_stats: 0.

CodeHeap 'non-profiled nmethods': size=120000Kb used=6689Kb max_used=6689Kb free=113310Kb
 bounds [0x00000200a8320000, 0x00000200a89b0000, 0x00000200af850000]
CodeHeap 'profiled nmethods': size=120000Kb used=21557Kb max_used=21557Kb free=98442Kb
 bounds [0x00000200a0850000, 0x00000200a1d60000, 0x00000200a7d80000]
CodeHeap 'non-nmethods': size=5760Kb used=2402Kb max_used=2443Kb free=3357Kb
 bounds [0x00000200a7d80000, 0x00000200a7ff0000, 0x00000200a8320000]
 total_blobs=11704 nmethods=10766 adapters=850
 compilation: enabled
              stopped_count=0, restarted_count=0
 full_count=0

Compilation events (20 events):
Event: 17.218 Thread 0x00000200b7ff7220 nmethod 12388 0x00000200a89a6e10 code [0x00000200a89a6fa0, 0x00000200a89a7258]
Event: 17.218 Thread 0x00000200b7ff7220 12383       4       com.android.tools.r8.graph.m2::h (62 bytes)
Event: 17.223 Thread 0x00000200b7ff7220 nmethod 12383 0x00000200a89a7390 code [0x00000200a89a7540, 0x00000200a89a7b98]
Event: 17.223 Thread 0x00000200b7ff7220 12384       4       com.android.tools.r8.graph.r2::equals (37 bytes)
Event: 17.226 Thread 0x00000200b7ff7220 nmethod 12384 0x00000200a89a7f90 code [0x00000200a89a8120, 0x00000200a89a8458]
Event: 17.226 Thread 0x00000200b7ff7220 12385       4       com.android.tools.r8.graph.h4::a (956 bytes)
Event: 17.239 Thread 0x00000200b747c270 12394       3       com.google.common.io.Closer::register (16 bytes)
Event: 17.239 Thread 0x00000200b747c270 nmethod 12394 0x00000200a1d5ad10 code [0x00000200a1d5aec0, 0x00000200a1d5b0e8]
Event: 17.241 Thread 0x00000200b747c270 12396       3       com.android.tools.build.apkzlib.zip.ZFile::openReadOnlyIfClosed (37 bytes)
Event: 17.241 Thread 0x00000200b747c270 nmethod 12396 0x00000200a1d5b210 code [0x00000200a1d5b3e0, 0x00000200a1d5b748]
Event: 17.247 Thread 0x00000200b747c270 12397       3       java.io.SequenceInputStream::peekNextStream (49 bytes)
Event: 17.248 Thread 0x00000200b747c270 nmethod 12397 0x00000200a1d5b890 code [0x00000200a1d5ba60, 0x00000200a1d5bfa8]
Event: 17.248 Thread 0x00000200b747c270 12398       3       java.util.Vector$1::hasMoreElements (20 bytes)
Event: 17.248 Thread 0x00000200b747c270 nmethod 12398 0x00000200a1d5c110 code [0x00000200a1d5c2a0, 0x00000200a1d5c418]
Event: 17.249 Thread 0x00000200b747c270 12399       3       java.util.Vector::add (23 bytes)
Event: 17.249 Thread 0x00000200b747c270 nmethod 12399 0x00000200a1d5c510 code [0x00000200a1d5c6e0, 0x00000200a1d5ca88]
Event: 17.251 Thread 0x00000200b747c270 12400       2       java.util.zip.ZipFile$InflaterCleanupAction::run (12 bytes)
Event: 17.251 Thread 0x00000200b747c270 nmethod 12400 0x00000200a1d5cc10 code [0x00000200a1d5cda0, 0x00000200a1d5cec8]
Event: 17.251 Thread 0x00000200b747c270 12401   !   2       java.util.zip.ZipFile$CleanableResource::releaseInflater (53 bytes)
Event: 17.251 Thread 0x00000200b747c270 nmethod 12401 0x00000200a1d5cf90 code [0x00000200a1d5d160, 0x00000200a1d5d448]

GC Heap History (20 events):
Event: 9.838 GC heap after
{Heap after GC invocations=37 (full 0):
 garbage-first heap   total 111616K, used 56288K [0x0000000080000000, 0x0000000100000000)
  region size 1024K, 1 young (1024K), 1 survivors (1024K)
 Metaspace       used 67625K, committed 68160K, reserved 1114112K
  class space    used 8921K, committed 9152K, reserved 1048576K
}
Event: 10.255 GC heap before
{Heap before GC invocations=37 (full 0):
 garbage-first heap   total 111616K, used 85984K [0x0000000080000000, 0x0000000100000000)
  region size 1024K, 30 young (30720K), 1 survivors (1024K)
 Metaspace       used 69861K, committed 70400K, reserved 1114112K
  class space    used 9266K, committed 9536K, reserved 1048576K
}
Event: 10.260 GC heap after
{Heap after GC invocations=38 (full 0):
 garbage-first heap   total 208896K, used 58234K [0x0000000080000000, 0x0000000100000000)
  region size 1024K, 3 young (3072K), 3 survivors (3072K)
 Metaspace       used 69861K, committed 70400K, reserved 1114112K
  class space    used 9266K, committed 9536K, reserved 1048576K
}
Event: 12.309 GC heap before
{Heap before GC invocations=39 (full 0):
 garbage-first heap   total 204800K, used 148346K [0x0000000080000000, 0x0000000100000000)
  region size 1024K, 91 young (93184K), 3 survivors (3072K)
 Metaspace       used 80645K, committed 81280K, reserved 1122304K
  class space    used 10966K, committed 11264K, reserved 1048576K
}
Event: 12.320 GC heap after
{Heap after GC invocations=40 (full 0):
 garbage-first heap   total 204800K, used 64693K [0x0000000080000000, 0x0000000100000000)
  region size 1024K, 9 young (9216K), 9 survivors (9216K)
 Metaspace       used 80645K, committed 81280K, reserved 1122304K
  class space    used 10966K, committed 11264K, reserved 1048576K
}
Event: 12.332 GC heap before
{Heap before GC invocations=40 (full 0):
 garbage-first heap   total 204800K, used 65717K [0x0000000080000000, 0x0000000100000000)
  region size 1024K, 10 young (10240K), 9 survivors (9216K)
 Metaspace       used 80674K, committed 81344K, reserved 1122304K
  class space    used 10969K, committed 11264K, reserved 1048576K
}
Event: 12.339 GC heap after
{Heap after GC invocations=41 (full 0):
 garbage-first heap   total 204800K, used 65852K [0x0000000080000000, 0x0000000100000000)
  region size 1024K, 2 young (2048K), 2 survivors (2048K)
 Metaspace       used 80674K, committed 81344K, reserved 1122304K
  class space    used 10969K, committed 11264K, reserved 1048576K
}
Event: 13.382 GC heap before
{Heap before GC invocations=41 (full 0):
 garbage-first heap   total 204800K, used 153916K [0x0000000080000000, 0x0000000100000000)
  region size 1024K, 88 young (90112K), 2 survivors (2048K)
 Metaspace       used 84286K, committed 84864K, reserved 1130496K
  class space    used 11582K, committed 11840K, reserved 1048576K
}
Event: 13.393 GC heap after
{Heap after GC invocations=42 (full 0):
 garbage-first heap   total 204800K, used 75533K [0x0000000080000000, 0x0000000100000000)
  region size 1024K, 11 young (11264K), 11 survivors (11264K)
 Metaspace       used 84286K, committed 84864K, reserved 1130496K
  class space    used 11582K, committed 11840K, reserved 1048576K
}
Event: 14.477 GC heap before
{Heap before GC invocations=43 (full 0):
 garbage-first heap   total 204800K, used 153357K [0x0000000080000000, 0x0000000100000000)
  region size 1024K, 88 young (90112K), 11 survivors (11264K)
 Metaspace       used 85189K, committed 85824K, reserved 1130496K
  class space    used 11639K, committed 11904K, reserved 1048576K
}
Event: 14.491 GC heap after
{Heap after GC invocations=44 (full 0):
 garbage-first heap   total 204800K, used 82935K [0x0000000080000000, 0x0000000100000000)
  region size 1024K, 8 young (8192K), 8 survivors (8192K)
 Metaspace       used 85189K, committed 85824K, reserved 1130496K
  class space    used 11639K, committed 11904K, reserved 1048576K
}
Event: 14.515 GC heap before
{Heap before GC invocations=44 (full 0):
 garbage-first heap   total 204800K, used 83959K [0x0000000080000000, 0x0000000100000000)
  region size 1024K, 10 young (10240K), 8 survivors (8192K)
 Metaspace       used 85195K, committed 85824K, reserved 1130496K
  class space    used 11639K, committed 11904K, reserved 1048576K
}
Event: 14.521 GC heap after
{Heap after GC invocations=45 (full 0):
 garbage-first heap   total 204800K, used 84157K [0x0000000080000000, 0x0000000100000000)
  region size 1024K, 2 young (2048K), 2 survivors (2048K)
 Metaspace       used 85195K, committed 85824K, reserved 1130496K
  class space    used 11639K, committed 11904K, reserved 1048576K
}
Event: 15.758 GC heap before
{Heap before GC invocations=45 (full 0):
 garbage-first heap   total 204800K, used 157885K [0x0000000080000000, 0x0000000100000000)
  region size 1024K, 75 young (76800K), 2 survivors (2048K)
 Metaspace       used 92468K, committed 93120K, reserved 1130496K
  class space    used 12557K, committed 12864K, reserved 1048576K
}
Event: 15.768 GC heap after
{Heap after GC invocations=46 (full 0):
 garbage-first heap   total 204800K, used 89597K [0x0000000080000000, 0x0000000100000000)
  region size 1024K, 7 young (7168K), 7 survivors (7168K)
 Metaspace       used 92468K, committed 93120K, reserved 1130496K
  class space    used 12557K, committed 12864K, reserved 1048576K
}
Event: 16.577 GC heap before
{Heap before GC invocations=47 (full 0):
 garbage-first heap   total 204800K, used 161277K [0x0000000080000000, 0x0000000100000000)
  region size 1024K, 78 young (79872K), 7 survivors (7168K)
 Metaspace       used 97442K, committed 98112K, reserved 1138688K
  class space    used 13231K, committed 13568K, reserved 1048576K
}
Event: 16.589 GC heap after
{Heap after GC invocations=48 (full 0):
 garbage-first heap   total 204800K, used 97598K [0x0000000080000000, 0x0000000100000000)
  region size 1024K, 9 young (9216K), 9 survivors (9216K)
 Metaspace       used 97442K, committed 98112K, reserved 1138688K
  class space    used 13231K, committed 13568K, reserved 1048576K
}
Event: 16.594 GC heap before
{Heap before GC invocations=48 (full 0):
 garbage-first heap   total 204800K, used 98622K [0x0000000080000000, 0x0000000100000000)
  region size 1024K, 10 young (10240K), 9 survivors (9216K)
 Metaspace       used 97471K, committed 98112K, reserved 1138688K
  class space    used 13239K, committed 13568K, reserved 1048576K
}
Event: 16.604 GC heap after
{Heap after GC invocations=49 (full 0):
 garbage-first heap   total 204800K, used 96867K [0x0000000080000000, 0x0000000100000000)
  region size 1024K, 2 young (2048K), 2 survivors (2048K)
 Metaspace       used 97471K, committed 98112K, reserved 1138688K
  class space    used 13239K, committed 13568K, reserved 1048576K
}
Event: 17.292 GC heap before
{Heap before GC invocations=49 (full 0):
 garbage-first heap   total 204800K, used 161379K [0x0000000080000000, 0x0000000100000000)
  region size 1024K, 66 young (67584K), 2 survivors (2048K)
 Metaspace       used 101523K, committed 102272K, reserved 1138688K
  class space    used 13792K, committed 14144K, reserved 1048576K
}

Dll operation events (2 events):
Event: 0.007 Loaded shared library C:\Program Files\Android\Android Studio\jbr\bin\java.dll
Event: 0.443 Loaded shared library C:\Program Files\Android\Android Studio\jbr\bin\verify.dll

Deoptimization events (20 events):
Event: 16.828 Thread 0x00000200bfc93340 Uncommon trap: trap_request=0xffffffde fr.pc=0x00000200a87a1058 relative=0x0000000000000298
Event: 16.828 Thread 0x00000200bfc93340 Uncommon trap: reason=class_check action=maybe_recompile pc=0x00000200a87a1058 method=com.google.common.collect.ComparatorOrdering.compare(Ljava/lang/Object;Ljava/lang/Object;)I @ 6 c2
Event: 16.828 Thread 0x00000200bfc93340 DEOPT PACKING pc=0x00000200a87a1058 sp=0x000000cf479fcf40
Event: 16.828 Thread 0x00000200bfc93340 DEOPT UNPACKING pc=0x00000200a7dd69a3 sp=0x000000cf479fceb8 mode 2
Event: 16.958 Thread 0x00000200bcb5bdd0 DEOPT PACKING pc=0x00000200a12a6a6c sp=0x000000cf474f9520
Event: 16.958 Thread 0x00000200bcb5bdd0 DEOPT UNPACKING pc=0x00000200a7dd7143 sp=0x000000cf474f8a78 mode 0
Event: 17.103 Thread 0x00000200bd2a8ee0 DEOPT PACKING pc=0x00000200a12a6a6c sp=0x000000cf466fdbb0
Event: 17.103 Thread 0x00000200bd2a8ee0 DEOPT UNPACKING pc=0x00000200a7dd7143 sp=0x000000cf466fd108 mode 0
Event: 17.183 Thread 0x00000200bcb5c770 Uncommon trap: trap_request=0xffffff45 fr.pc=0x00000200a899afb0 relative=0x0000000000001c30
Event: 17.183 Thread 0x00000200bcb5c770 Uncommon trap: reason=unstable_if action=reinterpret pc=0x00000200a899afb0 method=com.android.tools.r8.graph.h4.a(Ljava/lang/Object;Lcom/android/tools/r8/internal/E6$a;)Lcom/android/tools/r8/internal/Wh; @ 4 c2
Event: 17.183 Thread 0x00000200bcb5c770 DEOPT PACKING pc=0x00000200a899afb0 sp=0x000000cf478fc050
Event: 17.183 Thread 0x00000200bcb5c770 DEOPT UNPACKING pc=0x00000200a7dd69a3 sp=0x000000cf478fc038 mode 2
Event: 17.210 Thread 0x00000200bcb5bdd0 Uncommon trap: trap_request=0xffffffc6 fr.pc=0x00000200a88e2440 relative=0x0000000000000d00
Event: 17.210 Thread 0x00000200bcb5bdd0 Uncommon trap: reason=bimorphic_or_optimized_type_check action=maybe_recompile pc=0x00000200a88e2440 method=org.gradle.internal.snapshot.LargeChildMap.withNode(Lorg/gradle/internal/snapshot/VfsRelativePath;Lorg/gradle/internal/snapshot/CaseSensitivity;Lor
Event: 17.210 Thread 0x00000200bcb5bdd0 DEOPT PACKING pc=0x00000200a88e2440 sp=0x000000cf474fc180
Event: 17.210 Thread 0x00000200bcb5bdd0 DEOPT UNPACKING pc=0x00000200a7dd69a3 sp=0x000000cf474fc160 mode 2
Event: 17.211 Thread 0x00000200bcb5bdd0 Uncommon trap: trap_request=0xffffffc6 fr.pc=0x00000200a88e2440 relative=0x0000000000000d00
Event: 17.211 Thread 0x00000200bcb5bdd0 Uncommon trap: reason=bimorphic_or_optimized_type_check action=maybe_recompile pc=0x00000200a88e2440 method=org.gradle.internal.snapshot.LargeChildMap.withNode(Lorg/gradle/internal/snapshot/VfsRelativePath;Lorg/gradle/internal/snapshot/CaseSensitivity;Lor
Event: 17.211 Thread 0x00000200bcb5bdd0 DEOPT PACKING pc=0x00000200a88e2440 sp=0x000000cf474fbe90
Event: 17.211 Thread 0x00000200bcb5bdd0 DEOPT UNPACKING pc=0x00000200a7dd69a3 sp=0x000000cf474fbe70 mode 2

Classes unloaded (2 events):
Event: 15.893 Thread 0x00000200b6976e70 Unloading class 0x0000000100b9c400 'java/lang/invoke/LambdaForm$DMH+0x0000000100b9c400'
Event: 15.893 Thread 0x00000200b6976e70 Unloading class 0x0000000100b9c800 'java/lang/invoke/LambdaForm$DMH+0x0000000100b9c800'

Classes redefined (0 events):
No events

Internal exceptions (20 events):
Event: 16.742 Thread 0x00000200bcb5b900 Exception <a 'sun/nio/fs/WindowsException'{0x000000008df39328}> (0x000000008df39328) 
thrown [s\src\hotspot\share\prims\jni.cpp, line 517]
Event: 16.742 Thread 0x00000200bcb5b900 Exception <a 'sun/nio/fs/WindowsException'{0x000000008df39738}> (0x000000008df39738) 
thrown [s\src\hotspot\share\prims\jni.cpp, line 517]
Event: 16.742 Thread 0x00000200bcb5b900 Exception <a 'sun/nio/fs/WindowsException'{0x000000008df3bae0}> (0x000000008df3bae0) 
thrown [s\src\hotspot\share\prims\jni.cpp, line 517]
Event: 16.742 Thread 0x00000200bcb5b900 Exception <a 'sun/nio/fs/WindowsException'{0x000000008df3cc50}> (0x000000008df3cc50) 
thrown [s\src\hotspot\share\prims\jni.cpp, line 517]
Event: 16.743 Thread 0x00000200bcb5b900 Exception <a 'sun/nio/fs/WindowsException'{0x000000008df3ccc0}> (0x000000008df3ccc0) 
thrown [s\src\hotspot\share\prims\jni.cpp, line 517]
Event: 16.743 Thread 0x00000200bcb5b900 Exception <a 'sun/nio/fs/WindowsException'{0x000000008df3d110}> (0x000000008df3d110) 
thrown [s\src\hotspot\share\prims\jni.cpp, line 517]
Event: 16.743 Thread 0x00000200bcb5b900 Exception <a 'sun/nio/fs/WindowsException'{0x000000008df3f458}> (0x000000008df3f458) 
thrown [s\src\hotspot\share\prims\jni.cpp, line 517]
Event: 16.743 Thread 0x00000200bcb5b900 Exception <a 'sun/nio/fs/WindowsException'{0x000000008df40598}> (0x000000008df40598) 
thrown [s\src\hotspot\share\prims\jni.cpp, line 517]
Event: 16.743 Thread 0x00000200bcb5b900 Exception <a 'sun/nio/fs/WindowsException'{0x000000008df40608}> (0x000000008df40608) 
thrown [s\src\hotspot\share\prims\jni.cpp, line 517]
Event: 16.743 Thread 0x00000200bcb5b900 Exception <a 'sun/nio/fs/WindowsException'{0x000000008df409c8}> (0x000000008df409c8) 
thrown [s\src\hotspot\share\prims\jni.cpp, line 517]
Event: 16.745 Thread 0x00000200bcb5b900 Exception <a 'sun/nio/fs/WindowsException'{0x000000008df42d28}> (0x000000008df42d28) 
thrown [s\src\hotspot\share\prims\jni.cpp, line 517]
Event: 16.767 Thread 0x00000200bcb5b900 Exception <a 'java/lang/NoSuchMethodError'{0x000000008b966d10}: static Lcom/android/builder/internal/aapt/AaptOptions;.<clinit>()V> (0x000000008b966d10) 
thrown [s\src\hotspot\share\prims\jni.cpp, line 1108]
Event: 16.769 Thread 0x00000200bcb5b900 Exception <a 'java/lang/NoSuchMethodError'{0x000000008b97ba10}: static Ljava/lang/Object;.<clinit>()V> (0x000000008b97ba10) 
thrown [s\src\hotspot\share\prims\jni.cpp, line 1108]
Event: 16.776 Thread 0x00000200bcb5b900 Exception <a 'java/lang/NoSuchMethodError'{0x000000008b9c31c8}: static Lcom/android/build/api/variant/impl/VariantOutputImpl$SerializedForm;.<clinit>()V> (0x000000008b9c31c8) 
thrown [s\src\hotspot\share\prims\jni.cpp, line 1108]
Event: 16.780 Thread 0x00000200bcb5b900 Exception <a 'java/lang/NoSuchMethodError'{0x000000008b9d6fa0}: static Lcom/android/build/api/variant/impl/VariantOutputConfigurationImpl;.<clinit>()V> (0x000000008b9d6fa0) 
thrown [s\src\hotspot\share\prims\jni.cpp, line 1108]
Event: 16.849 Thread 0x00000200bcb5c770 Exception <a 'java/lang/NoSuchMethodError'{0x000000008b397868}: 'void java.lang.invoke.DirectMethodHandle$Holder.invokeStatic(java.lang.Object, java.lang.Object, java.lang.Object, int)'> (0x000000008b397868) 
thrown [s\src\hotspot\share\interpreter\linkResolver.cpp, line 771]
Event: 16.849 Thread 0x00000200bcb5c770 Exception <a 'java/lang/IncompatibleClassChangeError'{0x000000008b3a0770}: Found class java.lang.Object, but interface was expected> (0x000000008b3a0770) 
thrown [s\src\hotspot\share\interpreter\linkResolver.cpp, line 838]
Event: 16.892 Thread 0x00000200bcb5bdd0 Exception <a 'java/lang/NoSuchMethodError'{0x000000008b1590a0}: static Lcom/android/ide/common/resources/MergedAssetWriter$AssetWorkAction;.<clinit>()V> (0x000000008b1590a0) 
thrown [s\src\hotspot\share\prims\jni.cpp, line 1108]
Event: 16.930 Thread 0x00000200bcb5bdd0 Exception <a 'sun/nio/fs/WindowsException'{0x000000008af7c7d8}> (0x000000008af7c7d8) 
thrown [s\src\hotspot\share\prims\jni.cpp, line 517]
Event: 17.210 Thread 0x00000200bcb5bdd0 Exception <a 'sun/nio/fs/WindowsException'{0x000000008935ffe8}> (0x000000008935ffe8) 
thrown [s\src\hotspot\share\prims\jni.cpp, line 517]

VM Operations (20 events):
Event: 16.256 Executing VM operation: HandshakeAllThreads done
Event: 16.258 Executing VM operation: ICBufferFull
Event: 16.258 Executing VM operation: ICBufferFull done
Event: 16.261 Executing VM operation: ICBufferFull
Event: 16.261 Executing VM operation: ICBufferFull done
Event: 16.448 Executing VM operation: HandshakeAllThreads
Event: 16.448 Executing VM operation: HandshakeAllThreads done
Event: 16.577 Executing VM operation: G1CollectForAllocation
Event: 16.590 Executing VM operation: G1CollectForAllocation done
Event: 16.593 Executing VM operation: G1CollectForAllocation
Event: 16.606 Executing VM operation: G1CollectForAllocation done
Event: 16.961 Executing VM operation: HandshakeAllThreads
Event: 16.962 Executing VM operation: HandshakeAllThreads done
Event: 16.963 Executing VM operation: HandshakeAllThreads
Event: 16.963 Executing VM operation: HandshakeAllThreads done
Event: 17.079 Executing VM operation: HandshakeAllThreads
Event: 17.080 Executing VM operation: HandshakeAllThreads done
Event: 17.167 Executing VM operation: ICBufferFull
Event: 17.167 Executing VM operation: ICBufferFull done
Event: 17.282 Executing VM operation: G1CollectForAllocation

Events (20 events):
Event: 16.216 loading class jdk/internal/misc/ScopedMemoryAccess$Scope$Handle
Event: 16.216 loading class jdk/internal/misc/ScopedMemoryAccess$Scope$Handle done
Event: 16.259 Thread 0x00000200b747d790 flushing nmethod 0x00000200a08c5810
Event: 16.269 Thread 0x00000200b747d790 flushing nmethod 0x00000200a191c210
Event: 16.345 loading class java/util/concurrent/RejectedExecutionException
Event: 16.345 loading class java/util/concurrent/RejectedExecutionException done
Event: 16.406 Thread 0x00000200bfc93810 Thread added: 0x00000200bfc93810
Event: 16.464 loading class java/lang/reflect/GenericSignatureFormatError
Event: 16.464 loading class java/lang/reflect/GenericSignatureFormatError done
Event: 16.652 loading class java/util/Vector$1
Event: 16.652 loading class java/util/Vector$1 done
Event: 16.728 loading class java/util/concurrent/ConcurrentLinkedQueue$Itr
Event: 16.728 loading class java/util/concurrent/ConcurrentLinkedQueue$Itr done
Event: 16.841 loading class java/util/concurrent/Executors$DelegatedScheduledExecutorService
Event: 16.841 loading class java/util/concurrent/Executors$DelegatedExecutorService
Event: 16.841 loading class java/util/concurrent/Executors$DelegatedExecutorService done
Event: 16.841 loading class java/util/concurrent/Executors$DelegatedScheduledExecutorService done
Event: 16.842 Thread 0x00000200bfbadd30 Thread added: 0x00000200bfbadd30
Event: 16.844 loading class java/lang/ProcessImpl
Event: 16.844 loading class java/lang/ProcessImpl done


Dynamic libraries:
0x00007ff72dc70000 - 0x00007ff72dc7a000 	C:\Program Files\Android\Android Studio\jbr\bin\java.exe
0x00007ffb7dd70000 - 0x00007ffb7df68000 	C:\WINDOWS\SYSTEM32\ntdll.dll
0x00007ffb7d690000 - 0x00007ffb7d74f000 	C:\WINDOWS\System32\KERNEL32.DLL
0x00007ffb7b980000 - 0x00007ffb7bc76000 	C:\WINDOWS\System32\KERNELBASE.dll
0x00007ffb7b5b0000 - 0x00007ffb7b6b0000 	C:\WINDOWS\System32\ucrtbase.dll
0x00007ffb5ec80000 - 0x00007ffb5ec97000 	C:\Program Files\Android\Android Studio\jbr\bin\jli.dll
0x00007ffb5ec60000 - 0x00007ffb5ec7b000 	C:\Program Files\Android\Android Studio\jbr\bin\VCRUNTIME140.dll
0x00007ffb7bfb0000 - 0x00007ffb7c14d000 	C:\WINDOWS\System32\USER32.dll
0x00007ffb7b800000 - 0x00007ffb7b822000 	C:\WINDOWS\System32\win32u.dll
0x00007ffb7d750000 - 0x00007ffb7d77c000 	C:\WINDOWS\System32\GDI32.dll
0x00007ffb7b860000 - 0x00007ffb7b975000 	C:\WINDOWS\System32\gdi32full.dll
0x00007ffb61420000 - 0x00007ffb616ba000 	C:\WINDOWS\WinSxS\amd64_microsoft.windows.common-controls_6595b64144ccf1df_6.0.19041.1110_none_60b5254171f9507e\COMCTL32.dll
0x00007ffb7b760000 - 0x00007ffb7b7fd000 	C:\WINDOWS\System32\msvcp_win.dll
0x00007ffb7cf30000 - 0x00007ffb7cfce000 	C:\WINDOWS\System32\msvcrt.dll
0x00007ffb7d160000 - 0x00007ffb7d190000 	C:\WINDOWS\System32\IMM32.DLL
0x00007ffb62310000 - 0x00007ffb6231c000 	C:\Program Files\Android\Android Studio\jbr\bin\vcruntime140_1.dll
0x00007ffb51990000 - 0x00007ffb51a1d000 	C:\Program Files\Android\Android Studio\jbr\bin\msvcp140.dll
0x00007ffb49f70000 - 0x00007ffb4abde000 	C:\Program Files\Android\Android Studio\jbr\bin\server\jvm.dll
0x00007ffb7c450000 - 0x00007ffb7c4ff000 	C:\WINDOWS\System32\ADVAPI32.dll
0x00007ffb7d780000 - 0x00007ffb7d81c000 	C:\WINDOWS\System32\sechost.dll
0x00007ffb7be80000 - 0x00007ffb7bfa6000 	C:\WINDOWS\System32\RPCRT4.dll
0x00007ffb61f50000 - 0x00007ffb61f59000 	C:\WINDOWS\SYSTEM32\WSOCK32.dll
0x00007ffb75ea0000 - 0x00007ffb75eaa000 	C:\WINDOWS\SYSTEM32\VERSION.dll
0x00007ffb7cfd0000 - 0x00007ffb7d03b000 	C:\WINDOWS\System32\WS2_32.dll
0x00007ffb73410000 - 0x00007ffb73437000 	C:\WINDOWS\SYSTEM32\WINMM.dll
0x00007ffb79310000 - 0x00007ffb79322000 	C:\WINDOWS\SYSTEM32\kernel.appcore.dll
0x00007ffb76f70000 - 0x00007ffb76f7a000 	C:\Program Files\Android\Android Studio\jbr\bin\jimage.dll
0x00007ffb74c40000 - 0x00007ffb74e24000 	C:\WINDOWS\SYSTEM32\DBGHELP.DLL
0x00007ffb6dd00000 - 0x00007ffb6dd34000 	C:\WINDOWS\SYSTEM32\dbgcore.DLL
0x00007ffb7bcd0000 - 0x00007ffb7bd52000 	C:\WINDOWS\System32\bcryptPrimitives.dll
0x00007ffb5efe0000 - 0x00007ffb5f005000 	C:\Program Files\Android\Android Studio\jbr\bin\java.dll
0x00007ffb76a70000 - 0x00007ffb76a88000 	C:\Program Files\Android\Android Studio\jbr\bin\zip.dll
0x00007ffb7c5d0000 - 0x00007ffb7cd14000 	C:\WINDOWS\System32\SHELL32.dll
0x00007ffb79510000 - 0x00007ffb79ca3000 	C:\WINDOWS\SYSTEM32\windows.storage.dll
0x00007ffb7d940000 - 0x00007ffb7dc94000 	C:\WINDOWS\System32\combase.dll
0x00007ffb7adc0000 - 0x00007ffb7adee000 	C:\WINDOWS\SYSTEM32\Wldp.dll
0x00007ffb7d820000 - 0x00007ffb7d8cd000 	C:\WINDOWS\System32\SHCORE.dll
0x00007ffb7c230000 - 0x00007ffb7c285000 	C:\WINDOWS\System32\shlwapi.dll
0x00007ffb7b380000 - 0x00007ffb7b3a5000 	C:\WINDOWS\SYSTEM32\profapi.dll
0x00007ffb5efc0000 - 0x00007ffb5efd9000 	C:\Program Files\Android\Android Studio\jbr\bin\net.dll
0x00007ffb747d0000 - 0x00007ffb748da000 	C:\WINDOWS\SYSTEM32\WINHTTP.dll
0x00007ffb7ab20000 - 0x00007ffb7ab8a000 	C:\WINDOWS\system32\mswsock.dll
0x00007ffb5ee80000 - 0x00007ffb5ee96000 	C:\Program Files\Android\Android Studio\jbr\bin\nio.dll
0x00007ffb76ad0000 - 0x00007ffb76ae0000 	C:\Program Files\Android\Android Studio\jbr\bin\verify.dll
0x00007ffb6c3d0000 - 0x00007ffb6c3f7000 	C:\Users\Pichau\.gradle\native\68d5fa5c4cc2d200863cafc0d521ce42e7d3e7ee720ec0a83991735586a16f82\windows-amd64\native-platform.dll
0x00007ffb4be00000 - 0x00007ffb4bf44000 	C:\Users\Pichau\.gradle\native\e376f236ea51e6404a007f0833ffe2c6e607c4080706a723a18a27aeea778392\windows-amd64\native-platform-file-events.dll
0x00007ffb6bf20000 - 0x00007ffb6bf29000 	C:\Program Files\Android\Android Studio\jbr\bin\management.dll
0x00007ffb5ecb0000 - 0x00007ffb5ecbb000 	C:\Program Files\Android\Android Studio\jbr\bin\management_ext.dll
0x00007ffb7d190000 - 0x00007ffb7d198000 	C:\WINDOWS\System32\PSAPI.DLL
0x00007ffb7ad10000 - 0x00007ffb7ad28000 	C:\WINDOWS\SYSTEM32\CRYPTSP.dll
0x00007ffb7a430000 - 0x00007ffb7a464000 	C:\WINDOWS\system32\rsaenh.dll
0x00007ffb7b830000 - 0x00007ffb7b857000 	C:\WINDOWS\System32\bcrypt.dll
0x00007ffb7b340000 - 0x00007ffb7b36e000 	C:\WINDOWS\SYSTEM32\USERENV.dll
0x00007ffb7ad30000 - 0x00007ffb7ad3c000 	C:\WINDOWS\SYSTEM32\CRYPTBASE.dll
0x00007ffb7a810000 - 0x00007ffb7a84b000 	C:\WINDOWS\SYSTEM32\IPHLPAPI.DLL
0x00007ffb7d930000 - 0x00007ffb7d938000 	C:\WINDOWS\System32\NSI.dll
0x00007ffb75960000 - 0x00007ffb75977000 	C:\WINDOWS\SYSTEM32\dhcpcsvc6.DLL
0x00007ffb75940000 - 0x00007ffb7595d000 	C:\WINDOWS\SYSTEM32\dhcpcsvc.DLL
0x00007ffb7a850000 - 0x00007ffb7a91a000 	C:\WINDOWS\SYSTEM32\DNSAPI.dll
0x00007ffb5eae0000 - 0x00007ffb5eae7000 	C:\WINDOWS\system32\wshunix.dll

dbghelp: loaded successfully - version: 4.0.5 - missing functions: none
symbol engine: initialized successfully - sym options: 0x614 - pdb path: .;C:\Program Files\Android\Android Studio\jbr\bin;C:\WINDOWS\SYSTEM32;C:\WINDOWS\WinSxS\amd64_microsoft.windows.common-controls_6595b64144ccf1df_6.0.19041.1110_none_60b5254171f9507e;C:\Program Files\Android\Android Studio\jbr\bin\server;C:\Users\Pichau\.gradle\native\68d5fa5c4cc2d200863cafc0d521ce42e7d3e7ee720ec0a83991735586a16f82\windows-amd64;C:\Users\Pichau\.gradle\native\e376f236ea51e6404a007f0833ffe2c6e607c4080706a723a18a27aeea778392\windows-amd64

VM Arguments:
jvm_args: --add-opens=java.base/java.util=ALL-UNNAMED --add-opens=java.base/java.lang=ALL-UNNAMED --add-opens=java.base/java.lang.invoke=ALL-UNNAMED --add-opens=java.prefs/java.util.prefs=ALL-UNNAMED --add-opens=java.base/java.nio.charset=ALL-UNNAMED --add-opens=java.base/java.net=ALL-UNNAMED --add-opens=java.base/java.util.concurrent.atomic=ALL-UNNAMED -Xmx2048m -Dfile.encoding=UTF-8 -Duser.country=BR -Duser.language=pt -Duser.variant 
java_command: org.gradle.launcher.daemon.bootstrap.GradleDaemon 8.0
java_class_path (initial): C:\Users\Pichau\.gradle\wrapper\dists\gradle-8.0-bin\ca5e32bp14vu59qr306oxotwh\gradle-8.0\lib\gradle-launcher-8.0.jar
Launcher Type: SUN_STANDARD

[Global flags]
     intx CICompilerCount                          = 3                                         {product} {ergonomic}
     uint ConcGCThreads                            = 1                                         {product} {ergonomic}
     uint G1ConcRefinementThreads                  = 4                                         {product} {ergonomic}
   size_t G1HeapRegionSize                         = 1048576                                   {product} {ergonomic}
    uintx GCDrainStackTargetSize                   = 64                                        {product} {ergonomic}
   size_t InitialHeapSize                          = 234881024                                 {product} {ergonomic}
   size_t MarkStackSize                            = 4194304                                   {product} {ergonomic}
   size_t MaxHeapSize                              = 2147483648                                {product} {command line}
   size_t MaxNewSize                               = 1287651328                                {product} {ergonomic}
   size_t MinHeapDeltaBytes                        = 1048576                                   {product} {ergonomic}
   size_t MinHeapSize                              = 8388608                                   {product} {ergonomic}
    uintx NonNMethodCodeHeapSize                   = 5832780                                {pd product} {ergonomic}
    uintx NonProfiledCodeHeapSize                  = 122912730                              {pd product} {ergonomic}
    uintx ProfiledCodeHeapSize                     = 122912730                              {pd product} {ergonomic}
    uintx ReservedCodeCacheSize                    = 251658240                              {pd product} {ergonomic}
     bool SegmentedCodeCache                       = true                                      {product} {ergonomic}
   size_t SoftMaxHeapSize                          = 2147483648                             {manageable} {ergonomic}
     bool UseCompressedClassPointers               = true                           {product lp64_product} {ergonomic}
     bool UseCompressedOops                        = true                           {product lp64_product} {ergonomic}
     bool UseG1GC                                  = true                                      {product} {ergonomic}
     bool UseLargePagesIndividualAllocation        = false                                  {pd product} {ergonomic}

Logging:
Log output configuration:
 #0: stdout all=warning uptime,level,tags
 #1: stderr all=off uptime,level,tags

Environment Variables:
PATH=C:\WINDOWS\system32;C:\WINDOWS;C:\WINDOWS\System32\Wbem;C:\WINDOWS\System32\WindowsPowerShell\v1.0\;C:\WINDOWS\System32\OpenSSH\;C:\Program Files\Microsoft SQL Server\150\Tools\Binn\;C:\Program Files\Microsoft SQL Server\Client SDK\ODBC\170\Tools\Binn\;C:\Program Files\dotnet\;C:\Program Files\Microsoft SQL Server\Client SDK\ODBC\110\Tools\Binn\;C:\Program Files (x86)\Microsoft SQL Server\120\Tools\Binn\;C:\Program Files\Microsoft SQL Server\120\Tools\Binn\;C:\Program Files\Microsoft SQL Server\120\DTS\Binn\;C:\Program Files (x86)\Microsoft SQL Server\120\Tools\Binn\ManagementStudio\;C:\Program Files (x86)\Microsoft SQL Server\120\DTS\Binn\;C:\Users\Pichau\AppData\Local\Microsoft\WindowsApps;;C:\Users\Pichau\AppData\Local\Programs\Microsoft VS Code\bin;C:\Users\Pichau\.dotnet\tools
USERNAME=Tho
OS=Windows_NT
PROCESSOR_IDENTIFIER=AMD64 Family 23 Model 17 Stepping 0, AuthenticAMD
TMP=C:\Users\Pichau\AppData\Local\Temp
TEMP=C:\Users\Pichau\AppData\Local\Temp


JNI global refs:
JNI global refs: 26, weak refs: 2

JNI global refs memory usage: 843, weak refs: 841


---------------  S Y S T E M  ---------------

OS:
 Windows 10 , 64 bit Build 19041 (10.0.19041.3155)
OS uptime: 0 days 3:28 hours

CPU: total 4 (initial active 4) (4 cores per cpu, 1 threads per core) family 23 model 17 stepping 0 microcode 0x0, cx8, cmov, fxsr, mmx, 3dnowpref, sse, sse2, sse3, ssse3, sse4a, sse4.1, sse4.2, popcnt, lzcnt, tsc, tscinvbit, avx, avx2, aes, clmul, bmi1, bmi2, adx, sha, fma, vzeroupper, clflush, clflushopt

Memory: 4k page, system-wide physical 14264M (3350M free)
TotalPageFile size 14264M (AvailPageFile size 343M)
current process WorkingSet (physical memory assigned to process): 463M, peak: 466M
current process commit charge ("private bytes"): 516M, peak: 894M

vm_info: OpenJDK 64-Bit Server VM (17.0.6+0-b2043.56-10027231) for windows-amd64 JRE (17.0.6+0-b2043.56-10027231), built on Apr 28 2023 00:43:19 by "androidbuild" with MS VC++ 16.10 / 16.11 (VS2019)

END.
